A91C : LDA 2E         : A=03 X=29 Y=FF SP=?? N=0 V=0 D=0 I=0 Z=0 C=1 : FWA 03-7D:83FDDF01:00:00 = +6.44490645E-02 : FWB ??-??:????????:??:?? = ???????????????
A91E : PHA            : A=03 X=29 Y=FF SP=?? N=0 V=0 D=0 I=0 Z=0 C=1 : FWA 03-7D:83FDDF01:00:00 = +6.44490645E-02 : FWB ??-??:????????:??:?? = ???????????????
A91F : STZ 2E         : A=03 X=29 Y=FF SP=?? N=0 V=0 D=0 I=0 Z=0 C=1 : FWA 00-7D:83FDDF01:00:00 = +6.44490645E-02 : FWB ??-??:????????:??:?? = ???????????????
A921 : LDA #C7        : A=C7 X=29 Y=FF SP=?? N=1 V=0 D=0 I=0 Z=0 C=1 : FWA 00-7D:83FDDF01:00:00 = +6.44490645E-02 : FWB ??-??:????????:??:?? = ???????????????
A923 : JSR AA55       : A=C7 X=29 Y=FF SP=?? N=1 V=0 D=0 I=0 Z=0 C=1 : FWA 00-7D:83FDDF01:00:00 = +6.44490645E-02 : FWB ??-??:????????:??:?? = ???????????????
AA55 : PHX            : A=C7 X=29 Y=FF SP=?? N=1 V=0 D=0 I=0 Z=0 C=1 : FWA 00-7D:83FDDF01:00:00 = +6.44490645E-02 : FWB ??-??:????????:??:?? = ???????????????
AA56 : TAX            : A=C7 X=C7 Y=FF SP=?? N=1 V=0 D=0 I=0 Z=0 C=1 : FWA 00-7D:83FDDF01:00:00 = +6.44490645E-02 : FWB ??-??:????????:??:?? = ???????????????
AA57 : LDY #01        : A=C7 X=C7 Y=01 SP=?? N=0 V=0 D=0 I=0 Z=0 C=1 : FWA 00-7D:83FDDF01:00:00 = +6.44490645E-02 : FWB ??-??:????????:??:?? = ???????????????
AA59 : DEX            : A=C7 X=C6 Y=01 SP=?? N=1 V=0 D=0 I=0 Z=0 C=1 : FWA 00-7D:83FDDF01:00:00 = +6.44490645E-02 : FWB ??-??:????????:??:?? = ???????????????
AA5A : LDA BF00,X     : A=7F X=C6 Y=01 SP=?? N=0 V=0 D=0 I=0 Z=0 C=1 : FWA 00-7D:83FDDF01:00:00 = +6.44490645E-02 : FWB ??-??:????????:??:?? = ???????????????
AA5D : CMP 30         : A=7F X=C6 Y=01 SP=?? N=0 V=0 D=0 I=0 Z=0 C=1 : FWA 00-7D:83FDDF01:00:00 = +6.44490645E-02 : FWB ??-??:????????:??:?? = ???????????????
AA5F : BNE AA66       : A=7F X=C6 Y=01 SP=?? N=0 V=0 D=0 I=0 Z=0 C=1 : FWA 00-7D:83FDDF01:00:00 = +6.44490645E-02 : FWB ??-??:????????:??:?? = ???????????????
AA66 : BCS AA6B       : A=7F X=C6 Y=01 SP=?? N=0 V=0 D=0 I=0 Z=0 C=1 : FWA 00-7D:83FDDF01:00:00 = +6.44490645E-02 : FWB ??-??:????????:??:?? = ???????????????
AA6B : PLX            : A=7F X=29 Y=01 SP=?? N=0 V=0 D=0 I=0 Z=0 C=1 : FWA 00-7D:83FDDF01:00:00 = +6.44490645E-02 : FWB ??-??:????????:??:?? = ???????????????
AA6C : TYA            : A=01 X=29 Y=01 SP=?? N=0 V=0 D=0 I=0 Z=0 C=1 : FWA 00-7D:83FDDF01:00:00 = +6.44490645E-02 : FWB ??-??:????????:??:?? = ???????????????
AA6D : RTS            : A=01 X=29 Y=01 SP=?? N=0 V=0 D=0 I=0 Z=0 C=1 : FWA 00-7D:83FDDF01:00:00 = +6.44490645E-02 : FWB ??-??:????????:??:?? = ???????????????
A926 : PHP            : A=01 X=29 Y=01 SP=?? N=0 V=0 D=0 I=0 Z=0 C=1 : FWA 00-7D:83FDDF01:00:00 = +6.44490645E-02 : FWB ??-??:????????:??:?? = ???????????????
A927 : BNE A92D       : A=01 X=29 Y=01 SP=?? N=0 V=0 D=0 I=0 Z=0 C=1 : FWA 00-7D:83FDDF01:00:00 = +6.44490645E-02 : FWB ??-??:????????:??:?? = ???????????????
A92D : BCS A932       : A=01 X=29 Y=01 SP=?? N=0 V=0 D=0 I=0 Z=0 C=1 : FWA 00-7D:83FDDF01:00:00 = +6.44490645E-02 : FWB ??-??:????????:??:?? = ???????????????
A932 : LDA 30         : A=7D X=29 Y=01 SP=?? N=0 V=0 D=0 I=0 Z=0 C=1 : FWA 00-7D:83FDDF01:00:00 = +6.44490645E-02 : FWB ??-??:????????:??:?? = ???????????????
A934 : CMP #6D        : A=7D X=29 Y=01 SP=?? N=0 V=0 D=0 I=0 Z=0 C=1 : FWA 00-7D:83FDDF01:00:00 = +6.44490645E-02 : FWB ??-??:????????:??:?? = ???????????????
A936 : BCC A93B       : A=7D X=29 Y=01 SP=?? N=0 V=0 D=0 I=0 Z=0 C=1 : FWA 00-7D:83FDDF01:00:00 = +6.44490645E-02 : FWB ??-??:????????:??:?? = ???????????????
A938 : JSR A8B9       : A=7D X=29 Y=01 SP=?? N=0 V=0 D=0 I=0 Z=0 C=1 : FWA 00-7D:83FDDF01:00:00 = +6.44490645E-02 : FWB ??-??:????????:??:?? = ???????????????
A8B9 : LDX #E7        : A=7D X=E7 Y=01 SP=?? N=1 V=0 D=0 I=0 Z=0 C=1 : FWA 00-7D:83FDDF01:00:00 = +6.44490645E-02 : FWB ??-??:????????:??:?? = ???????????????
A8BB : PHP            : A=7D X=E7 Y=01 SP=?? N=1 V=0 D=0 I=0 Z=0 C=1 : FWA 00-7D:83FDDF01:00:00 = +6.44490645E-02 : FWB ??-??:????????:??:?? = ???????????????
A8BC : JSR A6CB       : A=7D X=E7 Y=01 SP=?? N=1 V=0 D=0 I=0 Z=0 C=1 : FWA 00-7D:83FDDF01:00:00 = +6.44490645E-02 : FWB ??-??:????????:??:?? = ???????????????
A6CB : JSR A545       : A=7D X=E7 Y=01 SP=?? N=1 V=0 D=0 I=0 Z=0 C=1 : FWA 00-7D:83FDDF01:00:00 = +6.44490645E-02 : FWB ??-??:????????:??:?? = ???????????????
A545 : LDA #6C        : A=6C X=E7 Y=01 SP=?? N=0 V=0 D=0 I=0 Z=0 C=1 : FWA 00-7D:83FDDF01:00:00 = +6.44490645E-02 : FWB ??-??:????????:??:?? = ???????????????
A547 : STA 4A         : A=6C X=E7 Y=01 SP=?? N=0 V=0 D=0 I=0 Z=0 C=1 : FWA 00-7D:83FDDF01:00:00 = +6.44490645E-02 : FWB ??-??:????????:??:?? = ???????????????
A549 : LDA #04        : A=04 X=E7 Y=01 SP=?? N=0 V=0 D=0 I=0 Z=0 C=1 : FWA 00-7D:83FDDF01:00:00 = +6.44490645E-02 : FWB ??-??:????????:??:?? = ???????????????
A54B : STA 4B         : A=04 X=E7 Y=01 SP=?? N=0 V=0 D=0 I=0 Z=0 C=1 : FWA 00-7D:83FDDF01:00:00 = +6.44490645E-02 : FWB ??-??:????????:??:?? = ???????????????
A54D : LDA 30         : A=7D X=E7 Y=01 SP=?? N=0 V=0 D=0 I=0 Z=0 C=1 : FWA 00-7D:83FDDF01:00:00 = +6.44490645E-02 : FWB ??-??:????????:??:?? = ???????????????
A54F : STA (4A)       : A=7D X=E7 Y=01 SP=?? N=0 V=0 D=0 I=0 Z=0 C=1 : FWA 00-7D:83FDDF01:00:00 = +6.44490645E-02 : FWB ??-??:????????:??:?? = ???????????????
A551 : LDY #01        : A=7D X=E7 Y=01 SP=?? N=0 V=0 D=0 I=0 Z=0 C=1 : FWA 00-7D:83FDDF01:00:00 = +6.44490645E-02 : FWB ??-??:????????:??:?? = ???????????????
A553 : LDA 2E         : A=00 X=E7 Y=01 SP=?? N=0 V=0 D=0 I=0 Z=1 C=1 : FWA 00-7D:83FDDF01:00:00 = +6.44490645E-02 : FWB ??-??:????????:??:?? = ???????????????
A555 : EOR 31         : A=83 X=E7 Y=01 SP=?? N=1 V=0 D=0 I=0 Z=0 C=1 : FWA 00-7D:83FDDF01:00:00 = +6.44490645E-02 : FWB ??-??:????????:??:?? = ???????????????
A557 : AND #80        : A=80 X=E7 Y=01 SP=?? N=1 V=0 D=0 I=0 Z=0 C=1 : FWA 00-7D:83FDDF01:00:00 = +6.44490645E-02 : FWB ??-??:????????:??:?? = ???????????????
A559 : EOR 31         : A=03 X=E7 Y=01 SP=?? N=0 V=0 D=0 I=0 Z=0 C=1 : FWA 00-7D:83FDDF01:00:00 = +6.44490645E-02 : FWB ??-??:????????:??:?? = ???????????????
A55B : STA (4A),Y     : A=03 X=E7 Y=01 SP=?? N=0 V=0 D=0 I=0 Z=0 C=1 : FWA 00-7D:83FDDF01:00:00 = +6.44490645E-02 : FWB ??-??:????????:??:?? = ???????????????
A55D : LDA 32         : A=FD X=E7 Y=01 SP=?? N=1 V=0 D=0 I=0 Z=0 C=1 : FWA 00-7D:83FDDF01:00:00 = +6.44490645E-02 : FWB ??-??:????????:??:?? = ???????????????
A55F : INY            : A=FD X=E7 Y=02 SP=?? N=0 V=0 D=0 I=0 Z=0 C=1 : FWA 00-7D:83FDDF01:00:00 = +6.44490645E-02 : FWB ??-??:????????:??:?? = ???????????????
A560 : STA (4A),Y     : A=FD X=E7 Y=02 SP=?? N=0 V=0 D=0 I=0 Z=0 C=1 : FWA 00-7D:83FDDF01:00:00 = +6.44490645E-02 : FWB ??-??:????????:??:?? = ???????????????
A562 : LDA 33         : A=DF X=E7 Y=02 SP=?? N=1 V=0 D=0 I=0 Z=0 C=1 : FWA 00-7D:83FDDF01:00:00 = +6.44490645E-02 : FWB ??-??:????????:??:?? = ???????????????
A564 : INY            : A=DF X=E7 Y=03 SP=?? N=0 V=0 D=0 I=0 Z=0 C=1 : FWA 00-7D:83FDDF01:00:00 = +6.44490645E-02 : FWB ??-??:????????:??:?? = ???????????????
A565 : STA (4A),Y     : A=DF X=E7 Y=03 SP=?? N=0 V=0 D=0 I=0 Z=0 C=1 : FWA 00-7D:83FDDF01:00:00 = +6.44490645E-02 : FWB ??-??:????????:??:?? = ???????????????
A567 : LDA 34         : A=01 X=E7 Y=03 SP=?? N=0 V=0 D=0 I=0 Z=0 C=1 : FWA 00-7D:83FDDF01:00:00 = +6.44490645E-02 : FWB ??-??:????????:??:?? = ???????????????
A569 : INY            : A=01 X=E7 Y=04 SP=?? N=0 V=0 D=0 I=0 Z=0 C=1 : FWA 00-7D:83FDDF01:00:00 = +6.44490645E-02 : FWB ??-??:????????:??:?? = ???????????????
A56A : STA (4A),Y     : A=01 X=E7 Y=04 SP=?? N=0 V=0 D=0 I=0 Z=0 C=1 : FWA 00-7D:83FDDF01:00:00 = +6.44490645E-02 : FWB ??-??:????????:??:?? = ???????????????
A56C : RTS            : A=01 X=E7 Y=04 SP=?? N=0 V=0 D=0 I=0 Z=0 C=1 : FWA 00-7D:83FDDF01:00:00 = +6.44490645E-02 : FWB ??-??:????????:??:?? = ???????????????
A6CE : JSR A3ED       : A=01 X=E7 Y=04 SP=?? N=0 V=0 D=0 I=0 Z=0 C=1 : FWA 00-7D:83FDDF01:00:00 = +6.44490645E-02 : FWB ??-??:????????:??:?? = ???????????????
A3ED : LDA 2E         : A=00 X=E7 Y=04 SP=?? N=0 V=0 D=0 I=0 Z=1 C=1 : FWA 00-7D:83FDDF01:00:00 = +6.44490645E-02 : FWB ??-??:????????:??:?? = ???????????????
A3EF : STA 3B         : A=00 X=E7 Y=04 SP=?? N=0 V=0 D=0 I=0 Z=1 C=1 : FWA 00-7D:83FDDF01:00:00 = +6.44490645E-02 : FWB 00-??:????????:??:?? = ???????????????
A3F1 : LDA 30         : A=7D X=E7 Y=04 SP=?? N=0 V=0 D=0 I=0 Z=0 C=1 : FWA 00-7D:83FDDF01:00:00 = +6.44490645E-02 : FWB 00-??:????????:??:?? = ???????????????
A3F3 : STA 3C         : A=7D X=E7 Y=04 SP=?? N=0 V=0 D=0 I=0 Z=0 C=1 : FWA 00-7D:83FDDF01:00:00 = +6.44490645E-02 : FWB 00-7D:????????:??:?? = ???????????????
A3F5 : LDA 31         : A=83 X=E7 Y=04 SP=?? N=1 V=0 D=0 I=0 Z=0 C=1 : FWA 00-7D:83FDDF01:00:00 = +6.44490645E-02 : FWB 00-7D:????????:??:?? = ???????????????
A3F7 : STA 3D         : A=83 X=E7 Y=04 SP=?? N=1 V=0 D=0 I=0 Z=0 C=1 : FWA 00-7D:83FDDF01:00:00 = +6.44490645E-02 : FWB 00-7D:83??????:??:?? = ???????????????
A3F9 : LDA 32         : A=FD X=E7 Y=04 SP=?? N=1 V=0 D=0 I=0 Z=0 C=1 : FWA 00-7D:83FDDF01:00:00 = +6.44490645E-02 : FWB 00-7D:83??????:??:?? = ???????????????
A3FB : STA 3E         : A=FD X=E7 Y=04 SP=?? N=1 V=0 D=0 I=0 Z=0 C=1 : FWA 00-7D:83FDDF01:00:00 = +6.44490645E-02 : FWB 00-7D:83FD????:??:?? = ???????????????
A3FD : LDA 33         : A=DF X=E7 Y=04 SP=?? N=1 V=0 D=0 I=0 Z=0 C=1 : FWA 00-7D:83FDDF01:00:00 = +6.44490645E-02 : FWB 00-7D:83FD????:??:?? = ???????????????
A3FF : STA 3F         : A=DF X=E7 Y=04 SP=?? N=1 V=0 D=0 I=0 Z=0 C=1 : FWA 00-7D:83FDDF01:00:00 = +6.44490645E-02 : FWB 00-7D:83FDDF??:??:?? = ???????????????
A401 : LDA 34         : A=01 X=E7 Y=04 SP=?? N=0 V=0 D=0 I=0 Z=0 C=1 : FWA 00-7D:83FDDF01:00:00 = +6.44490645E-02 : FWB 00-7D:83FDDF??:??:?? = ???????????????
A403 : STA 40         : A=01 X=E7 Y=04 SP=?? N=0 V=0 D=0 I=0 Z=0 C=1 : FWA 00-7D:83FDDF01:00:00 = +6.44490645E-02 : FWB 00-7D:83FDDF01:??:?? = ???????????????
A405 : LDA 35         : A=00 X=E7 Y=04 SP=?? N=0 V=0 D=0 I=0 Z=1 C=1 : FWA 00-7D:83FDDF01:00:00 = +6.44490645E-02 : FWB 00-7D:83FDDF01:??:?? = ???????????????
A407 : STA 41         : A=00 X=E7 Y=04 SP=?? N=0 V=0 D=0 I=0 Z=1 C=1 : FWA 00-7D:83FDDF01:00:00 = +6.44490645E-02 : FWB 00-7D:83FDDF01:00:?? = +6.44490645E-02
A409 : RTS            : A=00 X=E7 Y=04 SP=?? N=0 V=0 D=0 I=0 Z=1 C=1 : FWA 00-7D:83FDDF01:00:00 = +6.44490645E-02 : FWB 00-7D:83FDDF01:00:?? = +6.44490645E-02
A6D1 : LDA 30         : A=7D X=E7 Y=04 SP=?? N=0 V=0 D=0 I=0 Z=0 C=1 : FWA 00-7D:83FDDF01:00:00 = +6.44490645E-02 : FWB 00-7D:83FDDF01:00:?? = +6.44490645E-02
A6D3 : BEQ A72B       : A=7D X=E7 Y=04 SP=?? N=0 V=0 D=0 I=0 Z=0 C=1 : FWA 00-7D:83FDDF01:00:00 = +6.44490645E-02 : FWB 00-7D:83FDDF01:00:?? = +6.44490645E-02
A6D5 : STZ 34         : A=7D X=E7 Y=04 SP=?? N=0 V=0 D=0 I=0 Z=0 C=1 : FWA 00-7D:83FDDF00:00:00 = +6.44490644E-02 : FWB 00-7D:83FDDF01:00:?? = +6.44490645E-02
A6D7 : ASL 40         : A=7D X=E7 Y=04 SP=?? N=0 V=0 D=0 I=0 Z=0 C=0 : FWA 00-7D:83FDDF00:00:00 = +6.44490644E-02 : FWB 00-7D:83FDDF02:00:?? = +6.44490645E-02
A6D9 : BCC A6ED       : A=7D X=E7 Y=04 SP=?? N=0 V=0 D=0 I=0 Z=0 C=0 : FWA 00-7D:83FDDF00:00:00 = +6.44490644E-02 : FWB 00-7D:83FDDF02:00:?? = +6.44490645E-02
A6ED : JSR A73E       : A=7D X=E7 Y=04 SP=?? N=0 V=0 D=0 I=0 Z=0 C=0 : FWA 00-7D:83FDDF00:00:00 = +6.44490644E-02 : FWB 00-7D:83FDDF02:00:?? = +6.44490645E-02
A73E : CLC            : A=7D X=E7 Y=04 SP=?? N=0 V=0 D=0 I=0 Z=0 C=0 : FWA 00-7D:83FDDF00:00:00 = +6.44490644E-02 : FWB 00-7D:83FDDF02:00:?? = +6.44490645E-02
A73F : LDA 30         : A=7D X=E7 Y=04 SP=?? N=0 V=0 D=0 I=0 Z=0 C=0 : FWA 00-7D:83FDDF00:00:00 = +6.44490644E-02 : FWB 00-7D:83FDDF02:00:?? = +6.44490645E-02
A741 : ADC 3C         : A=FA X=E7 Y=04 SP=?? N=1 V=1 D=0 I=0 Z=0 C=0 : FWA 00-7D:83FDDF00:00:00 = +6.44490644E-02 : FWB 00-7D:83FDDF02:00:?? = +6.44490645E-02
A743 : ROL 2F         : A=FA X=E7 Y=04 SP=?? N=0 V=1 D=0 I=0 Z=1 C=0 : FWA 00-7D:83FDDF00:00:00 = +6.44490644E-02 : FWB 00-7D:83FDDF02:00:?? = +6.44490645E-02
A745 : SBC #7F        : A=7A X=E7 Y=04 SP=?? N=0 V=1 D=0 I=0 Z=0 C=1 : FWA 00-7D:83FDDF00:00:00 = +6.44490644E-02 : FWB 00-7D:83FDDF02:00:?? = +6.44490645E-02
A747 : STA 30         : A=7A X=E7 Y=04 SP=?? N=0 V=1 D=0 I=0 Z=0 C=1 : FWA 00-7A:83FDDF00:00:00 = +8.05613305E-03 : FWB 00-7D:83FDDF02:00:?? = +6.44490645E-02
A749 : BCS A74D       : A=7A X=E7 Y=04 SP=?? N=0 V=1 D=0 I=0 Z=0 C=1 : FWA 00-7A:83FDDF00:00:00 = +8.05613305E-03 : FWB 00-7D:83FDDF02:00:?? = +6.44490645E-02
A74D : LDA 2E         : A=00 X=E7 Y=04 SP=?? N=0 V=1 D=0 I=0 Z=1 C=1 : FWA 00-7A:83FDDF00:00:00 = +8.05613305E-03 : FWB 00-7D:83FDDF02:00:?? = +6.44490645E-02
A74F : EOR 3B         : A=00 X=E7 Y=04 SP=?? N=0 V=1 D=0 I=0 Z=1 C=1 : FWA 00-7A:83FDDF00:00:00 = +8.05613305E-03 : FWB 00-7D:83FDDF02:00:?? = +6.44490645E-02
A751 : STA 2E         : A=00 X=E7 Y=04 SP=?? N=0 V=1 D=0 I=0 Z=1 C=1 : FWA 00-7A:83FDDF00:00:00 = +8.05613305E-03 : FWB 00-7D:83FDDF02:00:?? = +6.44490645E-02
A753 : PHX            : A=00 X=E7 Y=04 SP=?? N=0 V=1 D=0 I=0 Z=1 C=1 : FWA 00-7A:83FDDF00:00:00 = +8.05613305E-03 : FWB 00-7D:83FDDF02:00:?? = +6.44490645E-02
A754 : LDX #F8        : A=00 X=F8 Y=04 SP=?? N=1 V=1 D=0 I=0 Z=0 C=1 : FWA 00-7A:83FDDF00:00:00 = +8.05613305E-03 : FWB 00-7D:83FDDF02:00:?? = +6.44490645E-02
A756 : LDY #04        : A=00 X=F8 Y=04 SP=?? N=0 V=1 D=0 I=0 Z=0 C=1 : FWA 00-7A:83FDDF00:00:00 = +8.05613305E-03 : FWB 00-7D:83FDDF02:00:?? = +6.44490645E-02
A758 : LDA 39,X       : A=83 X=F8 Y=04 SP=?? N=1 V=1 D=0 I=0 Z=0 C=1 : FWA 00-7A:83FDDF00:00:00 = +8.05613305E-03 : FWB 00-7D:83FDDF02:00:?? = +6.44490645E-02
A75A : STZ 39,X       : A=83 X=F8 Y=04 SP=?? N=1 V=1 D=0 I=0 Z=0 C=1 : FWA 00-7A:00FDDF00:00:00 = +6.05275854E-05 : FWB 00-7D:83FDDF02:00:?? = +6.44490645E-02
A75C : STA 0041,Y     : A=83 X=F8 Y=04 SP=?? N=1 V=1 D=0 I=0 Z=0 C=1 : FWA 00-7A:00FDDF00:00:00 = +6.05275854E-05 : FWB 00-7D:83FDDF02:00:?? = +6.44490645E-02
A75F : INX            : A=83 X=F9 Y=04 SP=?? N=1 V=1 D=0 I=0 Z=0 C=1 : FWA 00-7A:00FDDF00:00:00 = +6.05275854E-05 : FWB 00-7D:83FDDF02:00:?? = +6.44490645E-02
A760 : DEY            : A=83 X=F9 Y=03 SP=?? N=0 V=1 D=0 I=0 Z=0 C=1 : FWA 00-7A:00FDDF00:00:00 = +6.05275854E-05 : FWB 00-7D:83FDDF02:00:?? = +6.44490645E-02
A761 : BNE A758       : A=83 X=F9 Y=03 SP=?? N=0 V=1 D=0 I=0 Z=0 C=1 : FWA 00-7A:00FDDF00:00:00 = +6.05275854E-05 : FWB 00-7D:83FDDF02:00:?? = +6.44490645E-02
A758 : LDA 39,X       : A=FD X=F9 Y=03 SP=?? N=1 V=1 D=0 I=0 Z=0 C=1 : FWA 00-7A:00FDDF00:00:00 = +6.05275854E-05 : FWB 00-7D:83FDDF02:00:?? = +6.44490645E-02
A75A : STZ 39,X       : A=FD X=F9 Y=03 SP=?? N=1 V=1 D=0 I=0 Z=0 C=1 : FWA 00-7A:0000DF00:00:00 = +2.07684934E-07 : FWB 00-7D:83FDDF02:00:?? = +6.44490645E-02
A75C : STA 0041,Y     : A=FD X=F9 Y=03 SP=?? N=1 V=1 D=0 I=0 Z=0 C=1 : FWA 00-7A:0000DF00:00:00 = +2.07684934E-07 : FWB 00-7D:83FDDF02:00:?? = +6.44490645E-02
A75F : INX            : A=FD X=FA Y=03 SP=?? N=1 V=1 D=0 I=0 Z=0 C=1 : FWA 00-7A:0000DF00:00:00 = +2.07684934E-07 : FWB 00-7D:83FDDF02:00:?? = +6.44490645E-02
A760 : DEY            : A=FD X=FA Y=02 SP=?? N=0 V=1 D=0 I=0 Z=0 C=1 : FWA 00-7A:0000DF00:00:00 = +2.07684934E-07 : FWB 00-7D:83FDDF02:00:?? = +6.44490645E-02
A761 : BNE A758       : A=FD X=FA Y=02 SP=?? N=0 V=1 D=0 I=0 Z=0 C=1 : FWA 00-7A:0000DF00:00:00 = +2.07684934E-07 : FWB 00-7D:83FDDF02:00:?? = +6.44490645E-02
A758 : LDA 39,X       : A=DF X=FA Y=02 SP=?? N=1 V=1 D=0 I=0 Z=0 C=1 : FWA 00-7A:0000DF00:00:00 = +2.07684934E-07 : FWB 00-7D:83FDDF02:00:?? = +6.44490645E-02
A75A : STZ 39,X       : A=DF X=FA Y=02 SP=?? N=1 V=1 D=0 I=0 Z=0 C=1 : FWA 00-7A:00000000:00:00 = +0.00000000E+00 : FWB 00-7D:83FDDF02:00:?? = +6.44490645E-02
A75C : STA 0041,Y     : A=DF X=FA Y=02 SP=?? N=1 V=1 D=0 I=0 Z=0 C=1 : FWA 00-7A:00000000:00:00 = +0.00000000E+00 : FWB 00-7D:83FDDF02:00:?? = +6.44490645E-02
A75F : INX            : A=DF X=FB Y=02 SP=?? N=1 V=1 D=0 I=0 Z=0 C=1 : FWA 00-7A:00000000:00:00 = +0.00000000E+00 : FWB 00-7D:83FDDF02:00:?? = +6.44490645E-02
A760 : DEY            : A=DF X=FB Y=01 SP=?? N=0 V=1 D=0 I=0 Z=0 C=1 : FWA 00-7A:00000000:00:00 = +0.00000000E+00 : FWB 00-7D:83FDDF02:00:?? = +6.44490645E-02
A761 : BNE A758       : A=DF X=FB Y=01 SP=?? N=0 V=1 D=0 I=0 Z=0 C=1 : FWA 00-7A:00000000:00:00 = +0.00000000E+00 : FWB 00-7D:83FDDF02:00:?? = +6.44490645E-02
A758 : LDA 39,X       : A=00 X=FB Y=01 SP=?? N=0 V=1 D=0 I=0 Z=1 C=1 : FWA 00-7A:00000000:00:00 = +0.00000000E+00 : FWB 00-7D:83FDDF02:00:?? = +6.44490645E-02
A75A : STZ 39,X       : A=00 X=FB Y=01 SP=?? N=0 V=1 D=0 I=0 Z=1 C=1 : FWA 00-7A:00000000:00:00 = +0.00000000E+00 : FWB 00-7D:83FDDF02:00:?? = +6.44490645E-02
A75C : STA 0041,Y     : A=00 X=FB Y=01 SP=?? N=0 V=1 D=0 I=0 Z=1 C=1 : FWA 00-7A:00000000:00:00 = +0.00000000E+00 : FWB 00-7D:83FDDF02:00:?? = +6.44490645E-02
A75F : INX            : A=00 X=FC Y=01 SP=?? N=1 V=1 D=0 I=0 Z=0 C=1 : FWA 00-7A:00000000:00:00 = +0.00000000E+00 : FWB 00-7D:83FDDF02:00:?? = +6.44490645E-02
A760 : DEY            : A=00 X=FC Y=00 SP=?? N=0 V=1 D=0 I=0 Z=1 C=1 : FWA 00-7A:00000000:00:00 = +0.00000000E+00 : FWB 00-7D:83FDDF02:00:?? = +6.44490645E-02
A761 : BNE A758       : A=00 X=FC Y=00 SP=?? N=0 V=1 D=0 I=0 Z=1 C=1 : FWA 00-7A:00000000:00:00 = +0.00000000E+00 : FWB 00-7D:83FDDF02:00:?? = +6.44490645E-02
A763 : STZ 3C         : A=00 X=FC Y=00 SP=?? N=0 V=1 D=0 I=0 Z=1 C=1 : FWA 00-7A:00000000:00:00 = +0.00000000E+00 : FWB 00-00:83FDDF02:00:?? = +1.51519022E-39
A765 : STZ 3B         : A=00 X=FC Y=00 SP=?? N=0 V=1 D=0 I=0 Z=1 C=1 : FWA 00-7A:00000000:00:00 = +0.00000000E+00 : FWB 00-00:83FDDF02:00:?? = +1.51519022E-39
A767 : STZ 3A         : A=00 X=FC Y=00 SP=?? N=0 V=1 D=0 I=0 Z=1 C=1 : FWA 00-7A:00000000:00:00 = +0.00000000E+00 : FWB 00-00:83FDDF02:00:?? = +1.51519022E-39
A769 : BRA A79B       : A=00 X=FC Y=00 SP=?? N=0 V=1 D=0 I=0 Z=1 C=1 : FWA 00-7A:00000000:00:00 = +0.00000000E+00 : FWB 00-00:83FDDF02:00:?? = +1.51519022E-39
A79B : LDA 46,X       : A=00 X=FC Y=00 SP=?? N=0 V=1 D=0 I=0 Z=1 C=1 : FWA 00-7A:00000000:00:00 = +0.00000000E+00 : FWB 00-00:83FDDF02:00:?? = +1.51519022E-39
A79D : BNE A76B       : A=00 X=FC Y=00 SP=?? N=0 V=1 D=0 I=0 Z=1 C=1 : FWA 00-7A:00000000:00:00 = +0.00000000E+00 : FWB 00-00:83FDDF02:00:?? = +1.51519022E-39
A79F : INX            : A=00 X=FD Y=00 SP=?? N=1 V=1 D=0 I=0 Z=0 C=1 : FWA 00-7A:00000000:00:00 = +0.00000000E+00 : FWB 00-00:83FDDF02:00:?? = +1.51519022E-39
A7A0 : BMI A79B       : A=00 X=FD Y=00 SP=?? N=1 V=1 D=0 I=0 Z=0 C=1 : FWA 00-7A:00000000:00:00 = +0.00000000E+00 : FWB 00-00:83FDDF02:00:?? = +1.51519022E-39
A79B : LDA 46,X       : A=DF X=FD Y=00 SP=?? N=1 V=1 D=0 I=0 Z=0 C=1 : FWA 00-7A:00000000:00:00 = +0.00000000E+00 : FWB 00-00:83FDDF02:00:?? = +1.51519022E-39
A79D : BNE A76B       : A=DF X=FD Y=00 SP=?? N=1 V=1 D=0 I=0 Z=0 C=1 : FWA 00-7A:00000000:00:00 = +0.00000000E+00 : FWB 00-00:83FDDF02:00:?? = +1.51519022E-39
A76B : PHX            : A=DF X=FD Y=00 SP=?? N=1 V=1 D=0 I=0 Z=0 C=1 : FWA 00-7A:00000000:00:00 = +0.00000000E+00 : FWB 00-00:83FDDF02:00:?? = +1.51519022E-39
A76C : LSR 3D         : A=DF X=FD Y=00 SP=?? N=0 V=1 D=0 I=0 Z=0 C=1 : FWA 00-7A:00000000:00:00 = +0.00000000E+00 : FWB 00-00:41FDDF02:00:?? = +7.57547381E-40
A76E : ROR 3E         : A=DF X=FD Y=00 SP=?? N=1 V=1 D=0 I=0 Z=0 C=1 : FWA 00-7A:00000000:00:00 = +0.00000000E+00 : FWB 00-00:41FEDF02:00:?? = +7.57592223E-40
A770 : ROR 3F         : A=DF X=FD Y=00 SP=?? N=1 V=1 D=0 I=0 Z=0 C=1 : FWA 00-7A:00000000:00:00 = +0.00000000E+00 : FWB 00-00:41FEEF02:00:?? = +7.57595025E-40
A772 : ROR 40         : A=DF X=FD Y=00 SP=?? N=1 V=1 D=0 I=0 Z=0 C=0 : FWA 00-7A:00000000:00:00 = +0.00000000E+00 : FWB 00-00:41FEEF81:00:?? = +7.57595112E-40
A774 : ROR 41         : A=DF X=FD Y=00 SP=?? N=0 V=1 D=0 I=0 Z=1 C=0 : FWA 00-7A:00000000:00:00 = +0.00000000E+00 : FWB 00-00:41FEEF81:00:?? = +7.57595112E-40
A776 : ASL 46,X       : A=DF X=FD Y=00 SP=?? N=1 V=1 D=0 I=0 Z=0 C=1 : FWA 00-7A:00000000:00:00 = +0.00000000E+00 : FWB 00-00:41FEEF81:00:?? = +7.57595112E-40
A778 : BCC A797       : A=DF X=FD Y=00 SP=?? N=1 V=1 D=0 I=0 Z=0 C=1 : FWA 00-7A:00000000:00:00 = +0.00000000E+00 : FWB 00-00:41FEEF81:00:?? = +7.57595112E-40
A77A : CLC            : A=DF X=FD Y=00 SP=?? N=1 V=1 D=0 I=0 Z=0 C=0 : FWA 00-7A:00000000:00:00 = +0.00000000E+00 : FWB 00-00:41FEEF81:00:?? = +7.57595112E-40
A77B : TYA            : A=00 X=FD Y=00 SP=?? N=0 V=1 D=0 I=0 Z=1 C=0 : FWA 00-7A:00000000:00:00 = +0.00000000E+00 : FWB 00-00:41FEEF81:00:?? = +7.57595112E-40
A77C : ADC 42,X       : A=EF X=FD Y=00 SP=?? N=1 V=0 D=0 I=0 Z=0 C=0 : FWA 00-7A:00000000:00:00 = +0.00000000E+00 : FWB 00-00:41FEEF81:00:?? = +7.57595112E-40
A77E : TAY            : A=EF X=FD Y=EF SP=?? N=1 V=0 D=0 I=0 Z=0 C=0 : FWA 00-7A:00000000:00:00 = +0.00000000E+00 : FWB 00-00:41FEEF81:00:?? = +7.57595112E-40
A77F : LDA 34         : A=00 X=FD Y=EF SP=?? N=0 V=0 D=0 I=0 Z=1 C=0 : FWA 00-7A:00000000:00:00 = +0.00000000E+00 : FWB 00-00:41FEEF81:00:?? = +7.57595112E-40
A781 : ADC 41,X       : A=FE X=FD Y=EF SP=?? N=1 V=0 D=0 I=0 Z=0 C=0 : FWA 00-7A:00000000:00:00 = +0.00000000E+00 : FWB 00-00:41FEEF81:00:?? = +7.57595112E-40
A783 : STA 34         : A=FE X=FD Y=EF SP=?? N=1 V=0 D=0 I=0 Z=0 C=0 : FWA 00-7A:000000FE:00:00 = +9.24046617E-10 : FWB 00-00:41FEEF81:00:?? = +7.57595112E-40
A785 : LDA 33         : A=00 X=FD Y=EF SP=?? N=0 V=0 D=0 I=0 Z=1 C=0 : FWA 00-7A:000000FE:00:00 = +9.24046617E-10 : FWB 00-00:41FEEF81:00:?? = +7.57595112E-40
A787 : ADC 40,X       : A=41 X=FD Y=EF SP=?? N=0 V=0 D=0 I=0 Z=0 C=0 : FWA 00-7A:000000FE:00:00 = +9.24046617E-10 : FWB 00-00:41FEEF81:00:?? = +7.57595112E-40
A789 : STA 33         : A=41 X=FD Y=EF SP=?? N=0 V=0 D=0 I=0 Z=0 C=0 : FWA 00-7A:000041FE:00:00 = +6.14600140E-08 : FWB 00-00:41FEEF81:00:?? = +7.57595112E-40
A78B : LDA 32         : A=00 X=FD Y=EF SP=?? N=0 V=0 D=0 I=0 Z=1 C=0 : FWA 00-7A:000041FE:00:00 = +6.14600140E-08 : FWB 00-00:41FEEF81:00:?? = +7.57595112E-40
A78D : ADC 3F,X       : A=00 X=FD Y=EF SP=?? N=0 V=0 D=0 I=0 Z=1 C=0 : FWA 00-7A:000041FE:00:00 = +6.14600140E-08 : FWB 00-00:41FEEF81:00:?? = +7.57595112E-40
A78F : STA 32         : A=00 X=FD Y=EF SP=?? N=0 V=0 D=0 I=0 Z=1 C=0 : FWA 00-7A:000041FE:00:00 = +6.14600140E-08 : FWB 00-00:41FEEF81:00:?? = +7.57595112E-40
A791 : LDA 31         : A=00 X=FD Y=EF SP=?? N=0 V=0 D=0 I=0 Z=1 C=0 : FWA 00-7A:000041FE:00:00 = +6.14600140E-08 : FWB 00-00:41FEEF81:00:?? = +7.57595112E-40
A793 : ADC 3E,X       : A=00 X=FD Y=EF SP=?? N=0 V=0 D=0 I=0 Z=1 C=0 : FWA 00-7A:000041FE:00:00 = +6.14600140E-08 : FWB 00-00:41FEEF81:00:?? = +7.57595112E-40
A795 : STA 31         : A=00 X=FD Y=EF SP=?? N=0 V=0 D=0 I=0 Z=1 C=0 : FWA 00-7A:000041FE:00:00 = +6.14600140E-08 : FWB 00-00:41FEEF81:00:?? = +7.57595112E-40
A797 : INX            : A=00 X=FE Y=EF SP=?? N=1 V=0 D=0 I=0 Z=0 C=0 : FWA 00-7A:000041FE:00:00 = +6.14600140E-08 : FWB 00-00:41FEEF81:00:?? = +7.57595112E-40
A798 : BMI A776       : A=00 X=FE Y=EF SP=?? N=1 V=0 D=0 I=0 Z=0 C=0 : FWA 00-7A:000041FE:00:00 = +6.14600140E-08 : FWB 00-00:41FEEF81:00:?? = +7.57595112E-40
A776 : ASL 46,X       : A=00 X=FE Y=EF SP=?? N=1 V=0 D=0 I=0 Z=0 C=1 : FWA 00-7A:000041FE:00:00 = +6.14600140E-08 : FWB 00-00:41FEEF81:00:?? = +7.57595112E-40
A778 : BCC A797       : A=00 X=FE Y=EF SP=?? N=1 V=0 D=0 I=0 Z=0 C=1 : FWA 00-7A:000041FE:00:00 = +6.14600140E-08 : FWB 00-00:41FEEF81:00:?? = +7.57595112E-40
A77A : CLC            : A=00 X=FE Y=EF SP=?? N=1 V=0 D=0 I=0 Z=0 C=0 : FWA 00-7A:000041FE:00:00 = +6.14600140E-08 : FWB 00-00:41FEEF81:00:?? = +7.57595112E-40
A77B : TYA            : A=EF X=FE Y=EF SP=?? N=1 V=0 D=0 I=0 Z=0 C=0 : FWA 00-7A:000041FE:00:00 = +6.14600140E-08 : FWB 00-00:41FEEF81:00:?? = +7.57595112E-40
A77C : ADC 42,X       : A=70 X=FE Y=EF SP=?? N=0 V=1 D=0 I=0 Z=0 C=1 : FWA 00-7A:000041FE:00:00 = +6.14600140E-08 : FWB 00-00:41FEEF81:00:?? = +7.57595112E-40
A77E : TAY            : A=70 X=FE Y=70 SP=?? N=0 V=1 D=0 I=0 Z=0 C=1 : FWA 00-7A:000041FE:00:00 = +6.14600140E-08 : FWB 00-00:41FEEF81:00:?? = +7.57595112E-40
A77F : LDA 34         : A=FE X=FE Y=70 SP=?? N=1 V=1 D=0 I=0 Z=0 C=1 : FWA 00-7A:000041FE:00:00 = +6.14600140E-08 : FWB 00-00:41FEEF81:00:?? = +7.57595112E-40
A781 : ADC 41,X       : A=EE X=FE Y=70 SP=?? N=1 V=0 D=0 I=0 Z=0 C=1 : FWA 00-7A:000041FE:00:00 = +6.14600140E-08 : FWB 00-00:41FEEF81:00:?? = +7.57595112E-40
A783 : STA 34         : A=EE X=FE Y=70 SP=?? N=1 V=0 D=0 I=0 Z=0 C=1 : FWA 00-7A:000041EE:00:00 = +6.14018063E-08 : FWB 00-00:41FEEF81:00:?? = +7.57595112E-40
A785 : LDA 33         : A=41 X=FE Y=70 SP=?? N=0 V=0 D=0 I=0 Z=0 C=1 : FWA 00-7A:000041EE:00:00 = +6.14018063E-08 : FWB 00-00:41FEEF81:00:?? = +7.57595112E-40
A787 : ADC 40,X       : A=40 X=FE Y=70 SP=?? N=0 V=0 D=0 I=0 Z=0 C=1 : FWA 00-7A:000041EE:00:00 = +6.14018063E-08 : FWB 00-00:41FEEF81:00:?? = +7.57595112E-40
A789 : STA 33         : A=40 X=FE Y=70 SP=?? N=0 V=0 D=0 I=0 Z=0 C=1 : FWA 00-7A:000040EE:00:00 = +6.04704837E-08 : FWB 00-00:41FEEF81:00:?? = +7.57595112E-40
A78B : LDA 32         : A=00 X=FE Y=70 SP=?? N=0 V=0 D=0 I=0 Z=1 C=1 : FWA 00-7A:000040EE:00:00 = +6.04704837E-08 : FWB 00-00:41FEEF81:00:?? = +7.57595112E-40
A78D : ADC 3F,X       : A=42 X=FE Y=70 SP=?? N=0 V=0 D=0 I=0 Z=0 C=0 : FWA 00-7A:000040EE:00:00 = +6.04704837E-08 : FWB 00-00:41FEEF81:00:?? = +7.57595112E-40
A78F : STA 32         : A=42 X=FE Y=70 SP=?? N=0 V=0 D=0 I=0 Z=0 C=0 : FWA 00-7A:004240EE:00:00 = +1.57960967E-05 : FWB 00-00:41FEEF81:00:?? = +7.57595112E-40
A791 : LDA 31         : A=00 X=FE Y=70 SP=?? N=0 V=0 D=0 I=0 Z=1 C=0 : FWA 00-7A:004240EE:00:00 = +1.57960967E-05 : FWB 00-00:41FEEF81:00:?? = +7.57595112E-40
A793 : ADC 3E,X       : A=00 X=FE Y=70 SP=?? N=0 V=0 D=0 I=0 Z=1 C=0 : FWA 00-7A:004240EE:00:00 = +1.57960967E-05 : FWB 00-00:41FEEF81:00:?? = +7.57595112E-40
A795 : STA 31         : A=00 X=FE Y=70 SP=?? N=0 V=0 D=0 I=0 Z=1 C=0 : FWA 00-7A:004240EE:00:00 = +1.57960967E-05 : FWB 00-00:41FEEF81:00:?? = +7.57595112E-40
A797 : INX            : A=00 X=FF Y=70 SP=?? N=1 V=0 D=0 I=0 Z=0 C=0 : FWA 00-7A:004240EE:00:00 = +1.57960967E-05 : FWB 00-00:41FEEF81:00:?? = +7.57595112E-40
A798 : BMI A776       : A=00 X=FF Y=70 SP=?? N=1 V=0 D=0 I=0 Z=0 C=0 : FWA 00-7A:004240EE:00:00 = +1.57960967E-05 : FWB 00-00:41FEEF81:00:?? = +7.57595112E-40
A776 : ASL 46,X       : A=00 X=FF Y=70 SP=?? N=0 V=0 D=0 I=0 Z=0 C=1 : FWA 00-7A:004240EE:00:00 = +1.57960967E-05 : FWB 00-00:41FEEF81:00:?? = +7.57595112E-40
A778 : BCC A797       : A=00 X=FF Y=70 SP=?? N=0 V=0 D=0 I=0 Z=0 C=1 : FWA 00-7A:004240EE:00:00 = +1.57960967E-05 : FWB 00-00:41FEEF81:00:?? = +7.57595112E-40
A77A : CLC            : A=00 X=FF Y=70 SP=?? N=0 V=0 D=0 I=0 Z=0 C=0 : FWA 00-7A:004240EE:00:00 = +1.57960967E-05 : FWB 00-00:41FEEF81:00:?? = +7.57595112E-40
A77B : TYA            : A=70 X=FF Y=70 SP=?? N=0 V=0 D=0 I=0 Z=0 C=0 : FWA 00-7A:004240EE:00:00 = +1.57960967E-05 : FWB 00-00:41FEEF81:00:?? = +7.57595112E-40
A77C : ADC 42,X       : A=70 X=FF Y=70 SP=?? N=0 V=0 D=0 I=0 Z=0 C=0 : FWA 00-7A:004240EE:00:00 = +1.57960967E-05 : FWB 00-00:41FEEF81:00:?? = +7.57595112E-40
A77E : TAY            : A=70 X=FF Y=70 SP=?? N=0 V=0 D=0 I=0 Z=0 C=0 : FWA 00-7A:004240EE:00:00 = +1.57960967E-05 : FWB 00-00:41FEEF81:00:?? = +7.57595112E-40
A77F : LDA 34         : A=EE X=FF Y=70 SP=?? N=1 V=0 D=0 I=0 Z=0 C=0 : FWA 00-7A:004240EE:00:00 = +1.57960967E-05 : FWB 00-00:41FEEF81:00:?? = +7.57595112E-40
A781 : ADC 41,X       : A=6F X=FF Y=70 SP=?? N=0 V=1 D=0 I=0 Z=0 C=1 : FWA 00-7A:004240EE:00:00 = +1.57960967E-05 : FWB 00-00:41FEEF81:00:?? = +7.57595112E-40
A783 : STA 34         : A=6F X=FF Y=70 SP=?? N=0 V=1 D=0 I=0 Z=0 C=1 : FWA 00-7A:0042406F:00:00 = +1.57956347E-05 : FWB 00-00:41FEEF81:00:?? = +7.57595112E-40
A785 : LDA 33         : A=40 X=FF Y=70 SP=?? N=0 V=1 D=0 I=0 Z=0 C=1 : FWA 00-7A:0042406F:00:00 = +1.57956347E-05 : FWB 00-00:41FEEF81:00:?? = +7.57595112E-40
A787 : ADC 40,X       : A=30 X=FF Y=70 SP=?? N=0 V=0 D=0 I=0 Z=0 C=1 : FWA 00-7A:0042406F:00:00 = +1.57956347E-05 : FWB 00-00:41FEEF81:00:?? = +7.57595112E-40
A789 : STA 33         : A=30 X=FF Y=70 SP=?? N=0 V=0 D=0 I=0 Z=0 C=1 : FWA 00-7A:0042306F:00:00 = +1.57807335E-05 : FWB 00-00:41FEEF81:00:?? = +7.57595112E-40
A78B : LDA 32         : A=42 X=FF Y=70 SP=?? N=0 V=0 D=0 I=0 Z=0 C=1 : FWA 00-7A:0042306F:00:00 = +1.57807335E-05 : FWB 00-00:41FEEF81:00:?? = +7.57595112E-40
A78D : ADC 3F,X       : A=41 X=FF Y=70 SP=?? N=0 V=0 D=0 I=0 Z=0 C=1 : FWA 00-7A:0042306F:00:00 = +1.57807335E-05 : FWB 00-00:41FEEF81:00:?? = +7.57595112E-40
A78F : STA 32         : A=41 X=FF Y=70 SP=?? N=0 V=0 D=0 I=0 Z=0 C=1 : FWA 00-7A:0041306F:00:00 = +1.55423149E-05 : FWB 00-00:41FEEF81:00:?? = +7.57595112E-40
A791 : LDA 31         : A=00 X=FF Y=70 SP=?? N=0 V=0 D=0 I=0 Z=1 C=1 : FWA 00-7A:0041306F:00:00 = +1.55423149E-05 : FWB 00-00:41FEEF81:00:?? = +7.57595112E-40
A793 : ADC 3E,X       : A=42 X=FF Y=70 SP=?? N=0 V=0 D=0 I=0 Z=0 C=0 : FWA 00-7A:0041306F:00:00 = +1.55423149E-05 : FWB 00-00:41FEEF81:00:?? = +7.57595112E-40
A795 : STA 31         : A=42 X=FF Y=70 SP=?? N=0 V=0 D=0 I=0 Z=0 C=0 : FWA 00-7A:4241306F:00:00 = +4.04386263E-03 : FWB 00-00:41FEEF81:00:?? = +7.57595112E-40
A797 : INX            : A=42 X=00 Y=70 SP=?? N=0 V=0 D=0 I=0 Z=1 C=0 : FWA 00-7A:4241306F:00:00 = +4.04386263E-03 : FWB 00-00:41FEEF81:00:?? = +7.57595112E-40
A798 : BMI A776       : A=42 X=00 Y=70 SP=?? N=0 V=0 D=0 I=0 Z=1 C=0 : FWA 00-7A:4241306F:00:00 = +4.04386263E-03 : FWB 00-00:41FEEF81:00:?? = +7.57595112E-40
A79A : PLX            : A=42 X=FD Y=70 SP=?? N=1 V=0 D=0 I=0 Z=0 C=0 : FWA 00-7A:4241306F:00:00 = +4.04386263E-03 : FWB 00-00:41FEEF81:00:?? = +7.57595112E-40
A79B : LDA 46,X       : A=BE X=FD Y=70 SP=?? N=1 V=0 D=0 I=0 Z=0 C=0 : FWA 00-7A:4241306F:00:00 = +4.04386263E-03 : FWB 00-00:41FEEF81:00:?? = +7.57595112E-40
A79D : BNE A76B       : A=BE X=FD Y=70 SP=?? N=1 V=0 D=0 I=0 Z=0 C=0 : FWA 00-7A:4241306F:00:00 = +4.04386263E-03 : FWB 00-00:41FEEF81:00:?? = +7.57595112E-40
A76B : PHX            : A=BE X=FD Y=70 SP=?? N=1 V=0 D=0 I=0 Z=0 C=0 : FWA 00-7A:4241306F:00:00 = +4.04386263E-03 : FWB 00-00:41FEEF81:00:?? = +7.57595112E-40
A76C : LSR 3D         : A=BE X=FD Y=70 SP=?? N=0 V=0 D=0 I=0 Z=0 C=1 : FWA 00-7A:4241306F:00:00 = +4.04386263E-03 : FWB 00-00:20FEEF81:00:?? = +3.78773691E-40
A76E : ROR 3E         : A=BE X=FD Y=70 SP=?? N=1 V=0 D=0 I=0 Z=0 C=0 : FWA 00-7A:4241306F:00:00 = +4.04386263E-03 : FWB 00-00:20FFEF81:00:?? = +3.78818532E-40
A770 : ROR 3F         : A=BE X=FD Y=70 SP=?? N=0 V=0 D=0 I=0 Z=0 C=1 : FWA 00-7A:4241306F:00:00 = +4.04386263E-03 : FWB 00-00:20FF7781:00:?? = +3.78797513E-40
A772 : ROR 40         : A=BE X=FD Y=70 SP=?? N=1 V=0 D=0 I=0 Z=0 C=1 : FWA 00-7A:4241306F:00:00 = +4.04386263E-03 : FWB 00-00:20FF77C0:00:?? = +3.78797556E-40
A774 : ROR 41         : A=BE X=FD Y=70 SP=?? N=1 V=0 D=0 I=0 Z=0 C=0 : FWA 00-7A:4241306F:00:00 = +4.04386263E-03 : FWB 00-00:20FF77C0:80:?? = +3.78797556E-40
A776 : ASL 46,X       : A=BE X=FD Y=70 SP=?? N=0 V=0 D=0 I=0 Z=0 C=1 : FWA 00-7A:4241306F:00:00 = +4.04386263E-03 : FWB 00-00:20FF77C0:80:?? = +3.78797556E-40
A778 : BCC A797       : A=BE X=FD Y=70 SP=?? N=0 V=0 D=0 I=0 Z=0 C=1 : FWA 00-7A:4241306F:00:00 = +4.04386263E-03 : FWB 00-00:20FF77C0:80:?? = +3.78797556E-40
A77A : CLC            : A=BE X=FD Y=70 SP=?? N=0 V=0 D=0 I=0 Z=0 C=0 : FWA 00-7A:4241306F:00:00 = +4.04386263E-03 : FWB 00-00:20FF77C0:80:?? = +3.78797556E-40
A77B : TYA            : A=70 X=FD Y=70 SP=?? N=0 V=0 D=0 I=0 Z=0 C=0 : FWA 00-7A:4241306F:00:00 = +4.04386263E-03 : FWB 00-00:20FF77C0:80:?? = +3.78797556E-40
A77C : ADC 42,X       : A=E7 X=FD Y=70 SP=?? N=1 V=1 D=0 I=0 Z=0 C=0 : FWA 00-7A:4241306F:00:00 = +4.04386263E-03 : FWB 00-00:20FF77C0:80:?? = +3.78797556E-40
A77E : TAY            : A=E7 X=FD Y=E7 SP=?? N=1 V=1 D=0 I=0 Z=0 C=0 : FWA 00-7A:4241306F:00:00 = +4.04386263E-03 : FWB 00-00:20FF77C0:80:?? = +3.78797556E-40
A77F : LDA 34         : A=6F X=FD Y=E7 SP=?? N=0 V=1 D=0 I=0 Z=0 C=0 : FWA 00-7A:4241306F:00:00 = +4.04386263E-03 : FWB 00-00:20FF77C0:80:?? = +3.78797556E-40
A781 : ADC 41,X       : A=6E X=FD Y=E7 SP=?? N=0 V=0 D=0 I=0 Z=0 C=1 : FWA 00-7A:4241306F:00:00 = +4.04386263E-03 : FWB 00-00:20FF77C0:80:?? = +3.78797556E-40
A783 : STA 34         : A=6E X=FD Y=E7 SP=?? N=0 V=0 D=0 I=0 Z=0 C=1 : FWA 00-7A:4241306E:00:00 = +4.04386262E-03 : FWB 00-00:20FF77C0:80:?? = +3.78797556E-40
A785 : LDA 33         : A=30 X=FD Y=E7 SP=?? N=0 V=0 D=0 I=0 Z=0 C=1 : FWA 00-7A:4241306E:00:00 = +4.04386262E-03 : FWB 00-00:20FF77C0:80:?? = +3.78797556E-40
A787 : ADC 40,X       : A=51 X=FD Y=E7 SP=?? N=0 V=0 D=0 I=0 Z=0 C=0 : FWA 00-7A:4241306E:00:00 = +4.04386262E-03 : FWB 00-00:20FF77C0:80:?? = +3.78797556E-40
A789 : STA 33         : A=51 X=FD Y=E7 SP=?? N=0 V=0 D=0 I=0 Z=0 C=0 : FWA 00-7A:4241516E:00:00 = +4.04389336E-03 : FWB 00-00:20FF77C0:80:?? = +3.78797556E-40
A78B : LDA 32         : A=41 X=FD Y=E7 SP=?? N=0 V=0 D=0 I=0 Z=0 C=0 : FWA 00-7A:4241516E:00:00 = +4.04389336E-03 : FWB 00-00:20FF77C0:80:?? = +3.78797556E-40
A78D : ADC 3F,X       : A=41 X=FD Y=E7 SP=?? N=0 V=0 D=0 I=0 Z=0 C=0 : FWA 00-7A:4241516E:00:00 = +4.04389336E-03 : FWB 00-00:20FF77C0:80:?? = +3.78797556E-40
A78F : STA 32         : A=41 X=FD Y=E7 SP=?? N=0 V=0 D=0 I=0 Z=0 C=0 : FWA 00-7A:4241516E:00:00 = +4.04389336E-03 : FWB 00-00:20FF77C0:80:?? = +3.78797556E-40
A791 : LDA 31         : A=42 X=FD Y=E7 SP=?? N=0 V=0 D=0 I=0 Z=0 C=0 : FWA 00-7A:4241516E:00:00 = +4.04389336E-03 : FWB 00-00:20FF77C0:80:?? = +3.78797556E-40
A793 : ADC 3E,X       : A=42 X=FD Y=E7 SP=?? N=0 V=0 D=0 I=0 Z=0 C=0 : FWA 00-7A:4241516E:00:00 = +4.04389336E-03 : FWB 00-00:20FF77C0:80:?? = +3.78797556E-40
A795 : STA 31         : A=42 X=FD Y=E7 SP=?? N=0 V=0 D=0 I=0 Z=0 C=0 : FWA 00-7A:4241516E:00:00 = +4.04389336E-03 : FWB 00-00:20FF77C0:80:?? = +3.78797556E-40
A797 : INX            : A=42 X=FE Y=E7 SP=?? N=1 V=0 D=0 I=0 Z=0 C=0 : FWA 00-7A:4241516E:00:00 = +4.04389336E-03 : FWB 00-00:20FF77C0:80:?? = +3.78797556E-40
A798 : BMI A776       : A=42 X=FE Y=E7 SP=?? N=1 V=0 D=0 I=0 Z=0 C=0 : FWA 00-7A:4241516E:00:00 = +4.04389336E-03 : FWB 00-00:20FF77C0:80:?? = +3.78797556E-40
A776 : ASL 46,X       : A=42 X=FE Y=E7 SP=?? N=1 V=0 D=0 I=0 Z=0 C=1 : FWA 00-7A:4241516E:00:00 = +4.04389336E-03 : FWB 00-00:20FF77C0:80:?? = +3.78797556E-40
A778 : BCC A797       : A=42 X=FE Y=E7 SP=?? N=1 V=0 D=0 I=0 Z=0 C=1 : FWA 00-7A:4241516E:00:00 = +4.04389336E-03 : FWB 00-00:20FF77C0:80:?? = +3.78797556E-40
A77A : CLC            : A=42 X=FE Y=E7 SP=?? N=1 V=0 D=0 I=0 Z=0 C=0 : FWA 00-7A:4241516E:00:00 = +4.04389336E-03 : FWB 00-00:20FF77C0:80:?? = +3.78797556E-40
A77B : TYA            : A=E7 X=FE Y=E7 SP=?? N=1 V=0 D=0 I=0 Z=0 C=0 : FWA 00-7A:4241516E:00:00 = +4.04389336E-03 : FWB 00-00:20FF77C0:80:?? = +3.78797556E-40
A77C : ADC 42,X       : A=A7 X=FE Y=E7 SP=?? N=1 V=0 D=0 I=0 Z=0 C=1 : FWA 00-7A:4241516E:00:00 = +4.04389336E-03 : FWB 00-00:20FF77C0:80:?? = +3.78797556E-40
A77E : TAY            : A=A7 X=FE Y=A7 SP=?? N=1 V=0 D=0 I=0 Z=0 C=1 : FWA 00-7A:4241516E:00:00 = +4.04389336E-03 : FWB 00-00:20FF77C0:80:?? = +3.78797556E-40
A77F : LDA 34         : A=6E X=FE Y=A7 SP=?? N=0 V=0 D=0 I=0 Z=0 C=1 : FWA 00-7A:4241516E:00:00 = +4.04389336E-03 : FWB 00-00:20FF77C0:80:?? = +3.78797556E-40
A781 : ADC 41,X       : A=E6 X=FE Y=A7 SP=?? N=1 V=1 D=0 I=0 Z=0 C=0 : FWA 00-7A:4241516E:00:00 = +4.04389336E-03 : FWB 00-00:20FF77C0:80:?? = +3.78797556E-40
A783 : STA 34         : A=E6 X=FE Y=A7 SP=?? N=1 V=1 D=0 I=0 Z=0 C=0 : FWA 00-7A:424151E6:00:00 = +4.04389379E-03 : FWB 00-00:20FF77C0:80:?? = +3.78797556E-40
A785 : LDA 33         : A=51 X=FE Y=A7 SP=?? N=0 V=1 D=0 I=0 Z=0 C=0 : FWA 00-7A:424151E6:00:00 = +4.04389379E-03 : FWB 00-00:20FF77C0:80:?? = +3.78797556E-40
A787 : ADC 40,X       : A=50 X=FE Y=A7 SP=?? N=0 V=0 D=0 I=0 Z=0 C=1 : FWA 00-7A:424151E6:00:00 = +4.04389379E-03 : FWB 00-00:20FF77C0:80:?? = +3.78797556E-40
A789 : STA 33         : A=50 X=FE Y=A7 SP=?? N=0 V=0 D=0 I=0 Z=0 C=1 : FWA 00-7A:424150E6:00:00 = +4.04389286E-03 : FWB 00-00:20FF77C0:80:?? = +3.78797556E-40
A78B : LDA 32         : A=41 X=FE Y=A7 SP=?? N=0 V=0 D=0 I=0 Z=0 C=1 : FWA 00-7A:424150E6:00:00 = +4.04389286E-03 : FWB 00-00:20FF77C0:80:?? = +3.78797556E-40
A78D : ADC 3F,X       : A=62 X=FE Y=A7 SP=?? N=0 V=0 D=0 I=0 Z=0 C=0 : FWA 00-7A:424150E6:00:00 = +4.04389286E-03 : FWB 00-00:20FF77C0:80:?? = +3.78797556E-40
A78F : STA 32         : A=62 X=FE Y=A7 SP=?? N=0 V=0 D=0 I=0 Z=0 C=0 : FWA 00-7A:426250E6:00:00 = +4.05176068E-03 : FWB 00-00:20FF77C0:80:?? = +3.78797556E-40
A791 : LDA 31         : A=42 X=FE Y=A7 SP=?? N=0 V=0 D=0 I=0 Z=0 C=0 : FWA 00-7A:426250E6:00:00 = +4.05176068E-03 : FWB 00-00:20FF77C0:80:?? = +3.78797556E-40
A793 : ADC 3E,X       : A=42 X=FE Y=A7 SP=?? N=0 V=0 D=0 I=0 Z=0 C=0 : FWA 00-7A:426250E6:00:00 = +4.05176068E-03 : FWB 00-00:20FF77C0:80:?? = +3.78797556E-40
A795 : STA 31         : A=42 X=FE Y=A7 SP=?? N=0 V=0 D=0 I=0 Z=0 C=0 : FWA 00-7A:426250E6:00:00 = +4.05176068E-03 : FWB 00-00:20FF77C0:80:?? = +3.78797556E-40
A797 : INX            : A=42 X=FF Y=A7 SP=?? N=1 V=0 D=0 I=0 Z=0 C=0 : FWA 00-7A:426250E6:00:00 = +4.05176068E-03 : FWB 00-00:20FF77C0:80:?? = +3.78797556E-40
A798 : BMI A776       : A=42 X=FF Y=A7 SP=?? N=1 V=0 D=0 I=0 Z=0 C=0 : FWA 00-7A:426250E6:00:00 = +4.05176068E-03 : FWB 00-00:20FF77C0:80:?? = +3.78797556E-40
A776 : ASL 46,X       : A=42 X=FF Y=A7 SP=?? N=0 V=0 D=0 I=0 Z=0 C=0 : FWA 00-7A:426250E6:00:00 = +4.05176068E-03 : FWB 00-00:20FF77C0:80:?? = +3.78797556E-40
A778 : BCC A797       : A=42 X=FF Y=A7 SP=?? N=0 V=0 D=0 I=0 Z=0 C=0 : FWA 00-7A:426250E6:00:00 = +4.05176068E-03 : FWB 00-00:20FF77C0:80:?? = +3.78797556E-40
A797 : INX            : A=42 X=00 Y=A7 SP=?? N=0 V=0 D=0 I=0 Z=1 C=0 : FWA 00-7A:426250E6:00:00 = +4.05176068E-03 : FWB 00-00:20FF77C0:80:?? = +3.78797556E-40
A798 : BMI A776       : A=42 X=00 Y=A7 SP=?? N=0 V=0 D=0 I=0 Z=1 C=0 : FWA 00-7A:426250E6:00:00 = +4.05176068E-03 : FWB 00-00:20FF77C0:80:?? = +3.78797556E-40
A79A : PLX            : A=42 X=FD Y=A7 SP=?? N=1 V=0 D=0 I=0 Z=0 C=0 : FWA 00-7A:426250E6:00:00 = +4.05176068E-03 : FWB 00-00:20FF77C0:80:?? = +3.78797556E-40
A79B : LDA 46,X       : A=7C X=FD Y=A7 SP=?? N=0 V=0 D=0 I=0 Z=0 C=0 : FWA 00-7A:426250E6:00:00 = +4.05176068E-03 : FWB 00-00:20FF77C0:80:?? = +3.78797556E-40
A79D : BNE A76B       : A=7C X=FD Y=A7 SP=?? N=0 V=0 D=0 I=0 Z=0 C=0 : FWA 00-7A:426250E6:00:00 = +4.05176068E-03 : FWB 00-00:20FF77C0:80:?? = +3.78797556E-40
A76B : PHX            : A=7C X=FD Y=A7 SP=?? N=0 V=0 D=0 I=0 Z=0 C=0 : FWA 00-7A:426250E6:00:00 = +4.05176068E-03 : FWB 00-00:20FF77C0:80:?? = +3.78797556E-40
A76C : LSR 3D         : A=7C X=FD Y=A7 SP=?? N=0 V=0 D=0 I=0 Z=0 C=0 : FWA 00-7A:426250E6:00:00 = +4.05176068E-03 : FWB 00-00:10FF77C0:80:?? = +1.95126564E-40
A76E : ROR 3E         : A=7C X=FD Y=A7 SP=?? N=0 V=0 D=0 I=0 Z=0 C=1 : FWA 00-7A:426250E6:00:00 = +4.05176068E-03 : FWB 00-00:107F77C0:80:?? = +1.89386845E-40
A770 : ROR 3F         : A=7C X=FD Y=A7 SP=?? N=1 V=0 D=0 I=0 Z=0 C=1 : FWA 00-7A:426250E6:00:00 = +4.05176068E-03 : FWB 00-00:107FBBC0:80:?? = +1.89398756E-40
A772 : ROR 40         : A=7C X=FD Y=A7 SP=?? N=1 V=0 D=0 I=0 Z=0 C=0 : FWA 00-7A:426250E6:00:00 = +4.05176068E-03 : FWB 00-00:107FBBE0:80:?? = +1.89398778E-40
A774 : ROR 41         : A=7C X=FD Y=A7 SP=?? N=0 V=0 D=0 I=0 Z=0 C=0 : FWA 00-7A:426250E6:00:00 = +4.05176068E-03 : FWB 00-00:107FBBE0:40:?? = +1.89398778E-40
A776 : ASL 46,X       : A=7C X=FD Y=A7 SP=?? N=1 V=0 D=0 I=0 Z=0 C=0 : FWA 00-7A:426250E6:00:00 = +4.05176068E-03 : FWB 00-00:107FBBE0:40:?? = +1.89398778E-40
A778 : BCC A797       : A=7C X=FD Y=A7 SP=?? N=1 V=0 D=0 I=0 Z=0 C=0 : FWA 00-7A:426250E6:00:00 = +4.05176068E-03 : FWB 00-00:107FBBE0:40:?? = +1.89398778E-40
A797 : INX            : A=7C X=FE Y=A7 SP=?? N=1 V=0 D=0 I=0 Z=0 C=0 : FWA 00-7A:426250E6:00:00 = +4.05176068E-03 : FWB 00-00:107FBBE0:40:?? = +1.89398778E-40
A798 : BMI A776       : A=7C X=FE Y=A7 SP=?? N=1 V=0 D=0 I=0 Z=0 C=0 : FWA 00-7A:426250E6:00:00 = +4.05176068E-03 : FWB 00-00:107FBBE0:40:?? = +1.89398778E-40
A776 : ASL 46,X       : A=7C X=FE Y=A7 SP=?? N=1 V=0 D=0 I=0 Z=0 C=1 : FWA 00-7A:426250E6:00:00 = +4.05176068E-03 : FWB 00-00:107FBBE0:40:?? = +1.89398778E-40
A778 : BCC A797       : A=7C X=FE Y=A7 SP=?? N=1 V=0 D=0 I=0 Z=0 C=1 : FWA 00-7A:426250E6:00:00 = +4.05176068E-03 : FWB 00-00:107FBBE0:40:?? = +1.89398778E-40
A77A : CLC            : A=7C X=FE Y=A7 SP=?? N=1 V=0 D=0 I=0 Z=0 C=0 : FWA 00-7A:426250E6:00:00 = +4.05176068E-03 : FWB 00-00:107FBBE0:40:?? = +1.89398778E-40
A77B : TYA            : A=A7 X=FE Y=A7 SP=?? N=1 V=0 D=0 I=0 Z=0 C=0 : FWA 00-7A:426250E6:00:00 = +4.05176068E-03 : FWB 00-00:107FBBE0:40:?? = +1.89398778E-40
A77C : ADC 42,X       : A=87 X=FE Y=A7 SP=?? N=1 V=0 D=0 I=0 Z=0 C=1 : FWA 00-7A:426250E6:00:00 = +4.05176068E-03 : FWB 00-00:107FBBE0:40:?? = +1.89398778E-40
A77E : TAY            : A=87 X=FE Y=87 SP=?? N=1 V=0 D=0 I=0 Z=0 C=1 : FWA 00-7A:426250E6:00:00 = +4.05176068E-03 : FWB 00-00:107FBBE0:40:?? = +1.89398778E-40
A77F : LDA 34         : A=E6 X=FE Y=87 SP=?? N=1 V=0 D=0 I=0 Z=0 C=1 : FWA 00-7A:426250E6:00:00 = +4.05176068E-03 : FWB 00-00:107FBBE0:40:?? = +1.89398778E-40
A781 : ADC 41,X       : A=A2 X=FE Y=87 SP=?? N=1 V=0 D=0 I=0 Z=0 C=1 : FWA 00-7A:426250E6:00:00 = +4.05176068E-03 : FWB 00-00:107FBBE0:40:?? = +1.89398778E-40
A783 : STA 34         : A=A2 X=FE Y=87 SP=?? N=1 V=0 D=0 I=0 Z=0 C=1 : FWA 00-7A:426250A2:00:00 = +4.05176043E-03 : FWB 00-00:107FBBE0:40:?? = +1.89398778E-40
A785 : LDA 33         : A=50 X=FE Y=87 SP=?? N=0 V=0 D=0 I=0 Z=0 C=1 : FWA 00-7A:426250A2:00:00 = +4.05176043E-03 : FWB 00-00:107FBBE0:40:?? = +1.89398778E-40
A787 : ADC 40,X       : A=D0 X=FE Y=87 SP=?? N=1 V=1 D=0 I=0 Z=0 C=0 : FWA 00-7A:426250A2:00:00 = +4.05176043E-03 : FWB 00-00:107FBBE0:40:?? = +1.89398778E-40
A789 : STA 33         : A=D0 X=FE Y=87 SP=?? N=1 V=1 D=0 I=0 Z=0 C=0 : FWA 00-7A:4262D0A2:00:00 = +4.05187964E-03 : FWB 00-00:107FBBE0:40:?? = +1.89398778E-40
A78B : LDA 32         : A=62 X=FE Y=87 SP=?? N=0 V=1 D=0 I=0 Z=0 C=0 : FWA 00-7A:4262D0A2:00:00 = +4.05187964E-03 : FWB 00-00:107FBBE0:40:?? = +1.89398778E-40
A78D : ADC 3F,X       : A=72 X=FE Y=87 SP=?? N=0 V=0 D=0 I=0 Z=0 C=0 : FWA 00-7A:4262D0A2:00:00 = +4.05187964E-03 : FWB 00-00:107FBBE0:40:?? = +1.89398778E-40
A78F : STA 32         : A=72 X=FE Y=87 SP=?? N=0 V=0 D=0 I=0 Z=0 C=0 : FWA 00-7A:4272D0A2:00:00 = +4.05569433E-03 : FWB 00-00:107FBBE0:40:?? = +1.89398778E-40
A791 : LDA 31         : A=42 X=FE Y=87 SP=?? N=0 V=0 D=0 I=0 Z=0 C=0 : FWA 00-7A:4272D0A2:00:00 = +4.05569433E-03 : FWB 00-00:107FBBE0:40:?? = +1.89398778E-40
A793 : ADC 3E,X       : A=42 X=FE Y=87 SP=?? N=0 V=0 D=0 I=0 Z=0 C=0 : FWA 00-7A:4272D0A2:00:00 = +4.05569433E-03 : FWB 00-00:107FBBE0:40:?? = +1.89398778E-40
A795 : STA 31         : A=42 X=FE Y=87 SP=?? N=0 V=0 D=0 I=0 Z=0 C=0 : FWA 00-7A:4272D0A2:00:00 = +4.05569433E-03 : FWB 00-00:107FBBE0:40:?? = +1.89398778E-40
A797 : INX            : A=42 X=FF Y=87 SP=?? N=1 V=0 D=0 I=0 Z=0 C=0 : FWA 00-7A:4272D0A2:00:00 = +4.05569433E-03 : FWB 00-00:107FBBE0:40:?? = +1.89398778E-40
A798 : BMI A776       : A=42 X=FF Y=87 SP=?? N=1 V=0 D=0 I=0 Z=0 C=0 : FWA 00-7A:4272D0A2:00:00 = +4.05569433E-03 : FWB 00-00:107FBBE0:40:?? = +1.89398778E-40
A776 : ASL 46,X       : A=42 X=FF Y=87 SP=?? N=0 V=0 D=0 I=0 Z=0 C=0 : FWA 00-7A:4272D0A2:00:00 = +4.05569433E-03 : FWB 00-00:107FBBE0:40:?? = +1.89398778E-40
A778 : BCC A797       : A=42 X=FF Y=87 SP=?? N=0 V=0 D=0 I=0 Z=0 C=0 : FWA 00-7A:4272D0A2:00:00 = +4.05569433E-03 : FWB 00-00:107FBBE0:40:?? = +1.89398778E-40
A797 : INX            : A=42 X=00 Y=87 SP=?? N=0 V=0 D=0 I=0 Z=1 C=0 : FWA 00-7A:4272D0A2:00:00 = +4.05569433E-03 : FWB 00-00:107FBBE0:40:?? = +1.89398778E-40
A798 : BMI A776       : A=42 X=00 Y=87 SP=?? N=0 V=0 D=0 I=0 Z=1 C=0 : FWA 00-7A:4272D0A2:00:00 = +4.05569433E-03 : FWB 00-00:107FBBE0:40:?? = +1.89398778E-40
A79A : PLX            : A=42 X=FD Y=87 SP=?? N=1 V=0 D=0 I=0 Z=0 C=0 : FWA 00-7A:4272D0A2:00:00 = +4.05569433E-03 : FWB 00-00:107FBBE0:40:?? = +1.89398778E-40
A79B : LDA 46,X       : A=F8 X=FD Y=87 SP=?? N=1 V=0 D=0 I=0 Z=0 C=0 : FWA 00-7A:4272D0A2:00:00 = +4.05569433E-03 : FWB 00-00:107FBBE0:40:?? = +1.89398778E-40
A79D : BNE A76B       : A=F8 X=FD Y=87 SP=?? N=1 V=0 D=0 I=0 Z=0 C=0 : FWA 00-7A:4272D0A2:00:00 = +4.05569433E-03 : FWB 00-00:107FBBE0:40:?? = +1.89398778E-40
A76B : PHX            : A=F8 X=FD Y=87 SP=?? N=1 V=0 D=0 I=0 Z=0 C=0 : FWA 00-7A:4272D0A2:00:00 = +4.05569433E-03 : FWB 00-00:107FBBE0:40:?? = +1.89398778E-40
A76C : LSR 3D         : A=F8 X=FD Y=87 SP=?? N=0 V=0 D=0 I=0 Z=0 C=0 : FWA 00-7A:4272D0A2:00:00 = +4.05569433E-03 : FWB 00-00:087FBBE0:40:?? = +9.75632819E-41
A76E : ROR 3E         : A=F8 X=FD Y=87 SP=?? N=0 V=0 D=0 I=0 Z=0 C=1 : FWA 00-7A:4272D0A2:00:00 = +4.05569433E-03 : FWB 00-00:083FBBE0:40:?? = +9.46934227E-41
A770 : ROR 3F         : A=F8 X=FD Y=87 SP=?? N=1 V=0 D=0 I=0 Z=0 C=1 : FWA 00-7A:4272D0A2:00:00 = +4.05569433E-03 : FWB 00-00:083FDDE0:40:?? = +9.46993782E-41
A772 : ROR 40         : A=F8 X=FD Y=87 SP=?? N=1 V=0 D=0 I=0 Z=0 C=0 : FWA 00-7A:4272D0A2:00:00 = +4.05569433E-03 : FWB 00-00:083FDDF0:40:?? = +9.46993891E-41
A774 : ROR 41         : A=F8 X=FD Y=87 SP=?? N=0 V=0 D=0 I=0 Z=0 C=0 : FWA 00-7A:4272D0A2:00:00 = +4.05569433E-03 : FWB 00-00:083FDDF0:20:?? = +9.46993890E-41
A776 : ASL 46,X       : A=F8 X=FD Y=87 SP=?? N=1 V=0 D=0 I=0 Z=0 C=1 : FWA 00-7A:4272D0A2:00:00 = +4.05569433E-03 : FWB 00-00:083FDDF0:20:?? = +9.46993890E-41
A778 : BCC A797       : A=F8 X=FD Y=87 SP=?? N=1 V=0 D=0 I=0 Z=0 C=1 : FWA 00-7A:4272D0A2:00:00 = +4.05569433E-03 : FWB 00-00:083FDDF0:20:?? = +9.46993890E-41
A77A : CLC            : A=F8 X=FD Y=87 SP=?? N=1 V=0 D=0 I=0 Z=0 C=0 : FWA 00-7A:4272D0A2:00:00 = +4.05569433E-03 : FWB 00-00:083FDDF0:20:?? = +9.46993890E-41
A77B : TYA            : A=87 X=FD Y=87 SP=?? N=1 V=0 D=0 I=0 Z=0 C=0 : FWA 00-7A:4272D0A2:00:00 = +4.05569433E-03 : FWB 00-00:083FDDF0:20:?? = +9.46993890E-41
A77C : ADC 42,X       : A=64 X=FD Y=87 SP=?? N=0 V=1 D=0 I=0 Z=0 C=1 : FWA 00-7A:4272D0A2:00:00 = +4.05569433E-03 : FWB 00-00:083FDDF0:20:?? = +9.46993890E-41
A77E : TAY            : A=64 X=FD Y=64 SP=?? N=0 V=1 D=0 I=0 Z=0 C=1 : FWA 00-7A:4272D0A2:00:00 = +4.05569433E-03 : FWB 00-00:083FDDF0:20:?? = +9.46993890E-41
A77F : LDA 34         : A=A2 X=FD Y=64 SP=?? N=1 V=1 D=0 I=0 Z=0 C=1 : FWA 00-7A:4272D0A2:00:00 = +4.05569433E-03 : FWB 00-00:083FDDF0:20:?? = +9.46993890E-41
A781 : ADC 41,X       : A=E2 X=FD Y=64 SP=?? N=1 V=0 D=0 I=0 Z=0 C=0 : FWA 00-7A:4272D0A2:00:00 = +4.05569433E-03 : FWB 00-00:083FDDF0:20:?? = +9.46993890E-41
A783 : STA 34         : A=E2 X=FD Y=64 SP=?? N=1 V=0 D=0 I=0 Z=0 C=0 : FWA 00-7A:4272D0E2:00:00 = +4.05569457E-03 : FWB 00-00:083FDDF0:20:?? = +9.46993890E-41
A785 : LDA 33         : A=D0 X=FD Y=64 SP=?? N=1 V=0 D=0 I=0 Z=0 C=0 : FWA 00-7A:4272D0E2:00:00 = +4.05569457E-03 : FWB 00-00:083FDDF0:20:?? = +9.46993890E-41
A787 : ADC 40,X       : A=D8 X=FD Y=64 SP=?? N=1 V=0 D=0 I=0 Z=0 C=0 : FWA 00-7A:4272D0E2:00:00 = +4.05569457E-03 : FWB 00-00:083FDDF0:20:?? = +9.46993890E-41
A789 : STA 33         : A=D8 X=FD Y=64 SP=?? N=1 V=0 D=0 I=0 Z=0 C=0 : FWA 00-7A:4272D8E2:00:00 = +4.05570202E-03 : FWB 00-00:083FDDF0:20:?? = +9.46993890E-41
A78B : LDA 32         : A=72 X=FD Y=64 SP=?? N=0 V=0 D=0 I=0 Z=0 C=0 : FWA 00-7A:4272D8E2:00:00 = +4.05570202E-03 : FWB 00-00:083FDDF0:20:?? = +9.46993890E-41
A78D : ADC 3F,X       : A=72 X=FD Y=64 SP=?? N=0 V=0 D=0 I=0 Z=0 C=0 : FWA 00-7A:4272D8E2:00:00 = +4.05570202E-03 : FWB 00-00:083FDDF0:20:?? = +9.46993890E-41
A78F : STA 32         : A=72 X=FD Y=64 SP=?? N=0 V=0 D=0 I=0 Z=0 C=0 : FWA 00-7A:4272D8E2:00:00 = +4.05570202E-03 : FWB 00-00:083FDDF0:20:?? = +9.46993890E-41
A791 : LDA 31         : A=42 X=FD Y=64 SP=?? N=0 V=0 D=0 I=0 Z=0 C=0 : FWA 00-7A:4272D8E2:00:00 = +4.05570202E-03 : FWB 00-00:083FDDF0:20:?? = +9.46993890E-41
A793 : ADC 3E,X       : A=42 X=FD Y=64 SP=?? N=0 V=0 D=0 I=0 Z=0 C=0 : FWA 00-7A:4272D8E2:00:00 = +4.05570202E-03 : FWB 00-00:083FDDF0:20:?? = +9.46993890E-41
A795 : STA 31         : A=42 X=FD Y=64 SP=?? N=0 V=0 D=0 I=0 Z=0 C=0 : FWA 00-7A:4272D8E2:00:00 = +4.05570202E-03 : FWB 00-00:083FDDF0:20:?? = +9.46993890E-41
A797 : INX            : A=42 X=FE Y=64 SP=?? N=1 V=0 D=0 I=0 Z=0 C=0 : FWA 00-7A:4272D8E2:00:00 = +4.05570202E-03 : FWB 00-00:083FDDF0:20:?? = +9.46993890E-41
A798 : BMI A776       : A=42 X=FE Y=64 SP=?? N=1 V=0 D=0 I=0 Z=0 C=0 : FWA 00-7A:4272D8E2:00:00 = +4.05570202E-03 : FWB 00-00:083FDDF0:20:?? = +9.46993890E-41
A776 : ASL 46,X       : A=42 X=FE Y=64 SP=?? N=1 V=0 D=0 I=0 Z=0 C=1 : FWA 00-7A:4272D8E2:00:00 = +4.05570202E-03 : FWB 00-00:083FDDF0:20:?? = +9.46993890E-41
A778 : BCC A797       : A=42 X=FE Y=64 SP=?? N=1 V=0 D=0 I=0 Z=0 C=1 : FWA 00-7A:4272D8E2:00:00 = +4.05570202E-03 : FWB 00-00:083FDDF0:20:?? = +9.46993890E-41
A77A : CLC            : A=42 X=FE Y=64 SP=?? N=1 V=0 D=0 I=0 Z=0 C=0 : FWA 00-7A:4272D8E2:00:00 = +4.05570202E-03 : FWB 00-00:083FDDF0:20:?? = +9.46993890E-41
A77B : TYA            : A=64 X=FE Y=64 SP=?? N=0 V=0 D=0 I=0 Z=0 C=0 : FWA 00-7A:4272D8E2:00:00 = +4.05570202E-03 : FWB 00-00:083FDDF0:20:?? = +9.46993890E-41
A77C : ADC 42,X       : A=54 X=FE Y=64 SP=?? N=0 V=0 D=0 I=0 Z=0 C=1 : FWA 00-7A:4272D8E2:00:00 = +4.05570202E-03 : FWB 00-00:083FDDF0:20:?? = +9.46993890E-41
A77E : TAY            : A=54 X=FE Y=54 SP=?? N=0 V=0 D=0 I=0 Z=0 C=1 : FWA 00-7A:4272D8E2:00:00 = +4.05570202E-03 : FWB 00-00:083FDDF0:20:?? = +9.46993890E-41
A77F : LDA 34         : A=E2 X=FE Y=54 SP=?? N=1 V=0 D=0 I=0 Z=0 C=1 : FWA 00-7A:4272D8E2:00:00 = +4.05570202E-03 : FWB 00-00:083FDDF0:20:?? = +9.46993890E-41
A781 : ADC 41,X       : A=C0 X=FE Y=54 SP=?? N=1 V=0 D=0 I=0 Z=0 C=1 : FWA 00-7A:4272D8E2:00:00 = +4.05570202E-03 : FWB 00-00:083FDDF0:20:?? = +9.46993890E-41
A783 : STA 34         : A=C0 X=FE Y=54 SP=?? N=1 V=0 D=0 I=0 Z=0 C=1 : FWA 00-7A:4272D8C0:00:00 = +4.05570189E-03 : FWB 00-00:083FDDF0:20:?? = +9.46993890E-41
A785 : LDA 33         : A=D8 X=FE Y=54 SP=?? N=1 V=0 D=0 I=0 Z=0 C=1 : FWA 00-7A:4272D8C0:00:00 = +4.05570189E-03 : FWB 00-00:083FDDF0:20:?? = +9.46993890E-41
A787 : ADC 40,X       : A=18 X=FE Y=54 SP=?? N=0 V=0 D=0 I=0 Z=0 C=1 : FWA 00-7A:4272D8C0:00:00 = +4.05570189E-03 : FWB 00-00:083FDDF0:20:?? = +9.46993890E-41
A789 : STA 33         : A=18 X=FE Y=54 SP=?? N=0 V=0 D=0 I=0 Z=0 C=1 : FWA 00-7A:427218C0:00:00 = +4.05552308E-03 : FWB 00-00:083FDDF0:20:?? = +9.46993890E-41
A78B : LDA 32         : A=72 X=FE Y=54 SP=?? N=0 V=0 D=0 I=0 Z=0 C=1 : FWA 00-7A:427218C0:00:00 = +4.05552308E-03 : FWB 00-00:083FDDF0:20:?? = +9.46993890E-41
A78D : ADC 3F,X       : A=7B X=FE Y=54 SP=?? N=0 V=0 D=0 I=0 Z=0 C=0 : FWA 00-7A:427218C0:00:00 = +4.05552308E-03 : FWB 00-00:083FDDF0:20:?? = +9.46993890E-41
A78F : STA 32         : A=7B X=FE Y=54 SP=?? N=0 V=0 D=0 I=0 Z=0 C=0 : FWA 00-7A:427B18C0:00:00 = +4.05766885E-03 : FWB 00-00:083FDDF0:20:?? = +9.46993890E-41
A791 : LDA 31         : A=42 X=FE Y=54 SP=?? N=0 V=0 D=0 I=0 Z=0 C=0 : FWA 00-7A:427B18C0:00:00 = +4.05766885E-03 : FWB 00-00:083FDDF0:20:?? = +9.46993890E-41
A793 : ADC 3E,X       : A=42 X=FE Y=54 SP=?? N=0 V=0 D=0 I=0 Z=0 C=0 : FWA 00-7A:427B18C0:00:00 = +4.05766885E-03 : FWB 00-00:083FDDF0:20:?? = +9.46993890E-41
A795 : STA 31         : A=42 X=FE Y=54 SP=?? N=0 V=0 D=0 I=0 Z=0 C=0 : FWA 00-7A:427B18C0:00:00 = +4.05766885E-03 : FWB 00-00:083FDDF0:20:?? = +9.46993890E-41
A797 : INX            : A=42 X=FF Y=54 SP=?? N=1 V=0 D=0 I=0 Z=0 C=0 : FWA 00-7A:427B18C0:00:00 = +4.05766885E-03 : FWB 00-00:083FDDF0:20:?? = +9.46993890E-41
A798 : BMI A776       : A=42 X=FF Y=54 SP=?? N=1 V=0 D=0 I=0 Z=0 C=0 : FWA 00-7A:427B18C0:00:00 = +4.05766885E-03 : FWB 00-00:083FDDF0:20:?? = +9.46993890E-41
A776 : ASL 46,X       : A=42 X=FF Y=54 SP=?? N=0 V=0 D=0 I=0 Z=0 C=0 : FWA 00-7A:427B18C0:00:00 = +4.05766885E-03 : FWB 00-00:083FDDF0:20:?? = +9.46993890E-41
A778 : BCC A797       : A=42 X=FF Y=54 SP=?? N=0 V=0 D=0 I=0 Z=0 C=0 : FWA 00-7A:427B18C0:00:00 = +4.05766885E-03 : FWB 00-00:083FDDF0:20:?? = +9.46993890E-41
A797 : INX            : A=42 X=00 Y=54 SP=?? N=0 V=0 D=0 I=0 Z=1 C=0 : FWA 00-7A:427B18C0:00:00 = +4.05766885E-03 : FWB 00-00:083FDDF0:20:?? = +9.46993890E-41
A798 : BMI A776       : A=42 X=00 Y=54 SP=?? N=0 V=0 D=0 I=0 Z=1 C=0 : FWA 00-7A:427B18C0:00:00 = +4.05766885E-03 : FWB 00-00:083FDDF0:20:?? = +9.46993890E-41
A79A : PLX            : A=42 X=FD Y=54 SP=?? N=1 V=0 D=0 I=0 Z=0 C=0 : FWA 00-7A:427B18C0:00:00 = +4.05766885E-03 : FWB 00-00:083FDDF0:20:?? = +9.46993890E-41
A79B : LDA 46,X       : A=F0 X=FD Y=54 SP=?? N=1 V=0 D=0 I=0 Z=0 C=0 : FWA 00-7A:427B18C0:00:00 = +4.05766885E-03 : FWB 00-00:083FDDF0:20:?? = +9.46993890E-41
A79D : BNE A76B       : A=F0 X=FD Y=54 SP=?? N=1 V=0 D=0 I=0 Z=0 C=0 : FWA 00-7A:427B18C0:00:00 = +4.05766885E-03 : FWB 00-00:083FDDF0:20:?? = +9.46993890E-41
A76B : PHX            : A=F0 X=FD Y=54 SP=?? N=1 V=0 D=0 I=0 Z=0 C=0 : FWA 00-7A:427B18C0:00:00 = +4.05766885E-03 : FWB 00-00:083FDDF0:20:?? = +9.46993890E-41
A76C : LSR 3D         : A=F0 X=FD Y=54 SP=?? N=0 V=0 D=0 I=0 Z=0 C=0 : FWA 00-7A:427B18C0:00:00 = +4.05766885E-03 : FWB 00-00:043FDDF0:20:?? = +4.87816410E-41
A76E : ROR 3E         : A=F0 X=FD Y=54 SP=?? N=0 V=0 D=0 I=0 Z=0 C=1 : FWA 00-7A:427B18C0:00:00 = +4.05766885E-03 : FWB 00-00:041FDDF0:20:?? = +4.73467113E-41
A770 : ROR 3F         : A=F0 X=FD Y=54 SP=?? N=1 V=0 D=0 I=0 Z=0 C=1 : FWA 00-7A:427B18C0:00:00 = +4.05766885E-03 : FWB 00-00:041FEEF0:20:?? = +4.73496891E-41
A772 : ROR 40         : A=F0 X=FD Y=54 SP=?? N=1 V=0 D=0 I=0 Z=0 C=0 : FWA 00-7A:427B18C0:00:00 = +4.05766885E-03 : FWB 00-00:041FEEF8:20:?? = +4.73496946E-41
A774 : ROR 41         : A=F0 X=FD Y=54 SP=?? N=0 V=0 D=0 I=0 Z=0 C=0 : FWA 00-7A:427B18C0:00:00 = +4.05766885E-03 : FWB 00-00:041FEEF8:10:?? = +4.73496945E-41
A776 : ASL 46,X       : A=F0 X=FD Y=54 SP=?? N=1 V=0 D=0 I=0 Z=0 C=1 : FWA 00-7A:427B18C0:00:00 = +4.05766885E-03 : FWB 00-00:041FEEF8:10:?? = +4.73496945E-41
A778 : BCC A797       : A=F0 X=FD Y=54 SP=?? N=1 V=0 D=0 I=0 Z=0 C=1 : FWA 00-7A:427B18C0:00:00 = +4.05766885E-03 : FWB 00-00:041FEEF8:10:?? = +4.73496945E-41
A77A : CLC            : A=F0 X=FD Y=54 SP=?? N=1 V=0 D=0 I=0 Z=0 C=0 : FWA 00-7A:427B18C0:00:00 = +4.05766885E-03 : FWB 00-00:041FEEF8:10:?? = +4.73496945E-41
A77B : TYA            : A=54 X=FD Y=54 SP=?? N=0 V=0 D=0 I=0 Z=0 C=0 : FWA 00-7A:427B18C0:00:00 = +4.05766885E-03 : FWB 00-00:041FEEF8:10:?? = +4.73496945E-41
A77C : ADC 42,X       : A=42 X=FD Y=54 SP=?? N=0 V=0 D=0 I=0 Z=0 C=1 : FWA 00-7A:427B18C0:00:00 = +4.05766885E-03 : FWB 00-00:041FEEF8:10:?? = +4.73496945E-41
A77E : TAY            : A=42 X=FD Y=42 SP=?? N=0 V=0 D=0 I=0 Z=0 C=1 : FWA 00-7A:427B18C0:00:00 = +4.05766885E-03 : FWB 00-00:041FEEF8:10:?? = +4.73496945E-41
A77F : LDA 34         : A=C0 X=FD Y=42 SP=?? N=1 V=0 D=0 I=0 Z=0 C=1 : FWA 00-7A:427B18C0:00:00 = +4.05766885E-03 : FWB 00-00:041FEEF8:10:?? = +4.73496945E-41
A781 : ADC 41,X       : A=E0 X=FD Y=42 SP=?? N=1 V=0 D=0 I=0 Z=0 C=0 : FWA 00-7A:427B18C0:00:00 = +4.05766885E-03 : FWB 00-00:041FEEF8:10:?? = +4.73496945E-41
A783 : STA 34         : A=E0 X=FD Y=42 SP=?? N=1 V=0 D=0 I=0 Z=0 C=0 : FWA 00-7A:427B18E0:00:00 = +4.05766896E-03 : FWB 00-00:041FEEF8:10:?? = +4.73496945E-41
A785 : LDA 33         : A=18 X=FD Y=42 SP=?? N=0 V=0 D=0 I=0 Z=0 C=0 : FWA 00-7A:427B18E0:00:00 = +4.05766896E-03 : FWB 00-00:041FEEF8:10:?? = +4.73496945E-41
A787 : ADC 40,X       : A=1C X=FD Y=42 SP=?? N=0 V=0 D=0 I=0 Z=0 C=0 : FWA 00-7A:427B18E0:00:00 = +4.05766896E-03 : FWB 00-00:041FEEF8:10:?? = +4.73496945E-41
A789 : STA 33         : A=1C X=FD Y=42 SP=?? N=0 V=0 D=0 I=0 Z=0 C=0 : FWA 00-7A:427B1CE0:00:00 = +4.05767269E-03 : FWB 00-00:041FEEF8:10:?? = +4.73496945E-41
A78B : LDA 32         : A=7B X=FD Y=42 SP=?? N=0 V=0 D=0 I=0 Z=0 C=0 : FWA 00-7A:427B1CE0:00:00 = +4.05767269E-03 : FWB 00-00:041FEEF8:10:?? = +4.73496945E-41
A78D : ADC 3F,X       : A=7B X=FD Y=42 SP=?? N=0 V=0 D=0 I=0 Z=0 C=0 : FWA 00-7A:427B1CE0:00:00 = +4.05767269E-03 : FWB 00-00:041FEEF8:10:?? = +4.73496945E-41
A78F : STA 32         : A=7B X=FD Y=42 SP=?? N=0 V=0 D=0 I=0 Z=0 C=0 : FWA 00-7A:427B1CE0:00:00 = +4.05767269E-03 : FWB 00-00:041FEEF8:10:?? = +4.73496945E-41
A791 : LDA 31         : A=42 X=FD Y=42 SP=?? N=0 V=0 D=0 I=0 Z=0 C=0 : FWA 00-7A:427B1CE0:00:00 = +4.05767269E-03 : FWB 00-00:041FEEF8:10:?? = +4.73496945E-41
A793 : ADC 3E,X       : A=42 X=FD Y=42 SP=?? N=0 V=0 D=0 I=0 Z=0 C=0 : FWA 00-7A:427B1CE0:00:00 = +4.05767269E-03 : FWB 00-00:041FEEF8:10:?? = +4.73496945E-41
A795 : STA 31         : A=42 X=FD Y=42 SP=?? N=0 V=0 D=0 I=0 Z=0 C=0 : FWA 00-7A:427B1CE0:00:00 = +4.05767269E-03 : FWB 00-00:041FEEF8:10:?? = +4.73496945E-41
A797 : INX            : A=42 X=FE Y=42 SP=?? N=1 V=0 D=0 I=0 Z=0 C=0 : FWA 00-7A:427B1CE0:00:00 = +4.05767269E-03 : FWB 00-00:041FEEF8:10:?? = +4.73496945E-41
A798 : BMI A776       : A=42 X=FE Y=42 SP=?? N=1 V=0 D=0 I=0 Z=0 C=0 : FWA 00-7A:427B1CE0:00:00 = +4.05767269E-03 : FWB 00-00:041FEEF8:10:?? = +4.73496945E-41
A776 : ASL 46,X       : A=42 X=FE Y=42 SP=?? N=1 V=0 D=0 I=0 Z=0 C=1 : FWA 00-7A:427B1CE0:00:00 = +4.05767269E-03 : FWB 00-00:041FEEF8:10:?? = +4.73496945E-41
A778 : BCC A797       : A=42 X=FE Y=42 SP=?? N=1 V=0 D=0 I=0 Z=0 C=1 : FWA 00-7A:427B1CE0:00:00 = +4.05767269E-03 : FWB 00-00:041FEEF8:10:?? = +4.73496945E-41
A77A : CLC            : A=42 X=FE Y=42 SP=?? N=1 V=0 D=0 I=0 Z=0 C=0 : FWA 00-7A:427B1CE0:00:00 = +4.05767269E-03 : FWB 00-00:041FEEF8:10:?? = +4.73496945E-41
A77B : TYA            : A=42 X=FE Y=42 SP=?? N=0 V=0 D=0 I=0 Z=0 C=0 : FWA 00-7A:427B1CE0:00:00 = +4.05767269E-03 : FWB 00-00:041FEEF8:10:?? = +4.73496945E-41
A77C : ADC 42,X       : A=3A X=FE Y=42 SP=?? N=0 V=0 D=0 I=0 Z=0 C=1 : FWA 00-7A:427B1CE0:00:00 = +4.05767269E-03 : FWB 00-00:041FEEF8:10:?? = +4.73496945E-41
A77E : TAY            : A=3A X=FE Y=3A SP=?? N=0 V=0 D=0 I=0 Z=0 C=1 : FWA 00-7A:427B1CE0:00:00 = +4.05767269E-03 : FWB 00-00:041FEEF8:10:?? = +4.73496945E-41
A77F : LDA 34         : A=E0 X=FE Y=3A SP=?? N=1 V=0 D=0 I=0 Z=0 C=1 : FWA 00-7A:427B1CE0:00:00 = +4.05767269E-03 : FWB 00-00:041FEEF8:10:?? = +4.73496945E-41
A781 : ADC 41,X       : A=CF X=FE Y=3A SP=?? N=1 V=0 D=0 I=0 Z=0 C=1 : FWA 00-7A:427B1CE0:00:00 = +4.05767269E-03 : FWB 00-00:041FEEF8:10:?? = +4.73496945E-41
A783 : STA 34         : A=CF X=FE Y=3A SP=?? N=1 V=0 D=0 I=0 Z=0 C=1 : FWA 00-7A:427B1CCF:00:00 = +4.05767263E-03 : FWB 00-00:041FEEF8:10:?? = +4.73496945E-41
A785 : LDA 33         : A=1C X=FE Y=3A SP=?? N=0 V=0 D=0 I=0 Z=0 C=1 : FWA 00-7A:427B1CCF:00:00 = +4.05767263E-03 : FWB 00-00:041FEEF8:10:?? = +4.73496945E-41
A787 : ADC 40,X       : A=3C X=FE Y=3A SP=?? N=0 V=0 D=0 I=0 Z=0 C=0 : FWA 00-7A:427B1CCF:00:00 = +4.05767263E-03 : FWB 00-00:041FEEF8:10:?? = +4.73496945E-41
A789 : STA 33         : A=3C X=FE Y=3A SP=?? N=0 V=0 D=0 I=0 Z=0 C=0 : FWA 00-7A:427B3CCF:00:00 = +4.05770243E-03 : FWB 00-00:041FEEF8:10:?? = +4.73496945E-41
A78B : LDA 32         : A=7B X=FE Y=3A SP=?? N=0 V=0 D=0 I=0 Z=0 C=0 : FWA 00-7A:427B3CCF:00:00 = +4.05770243E-03 : FWB 00-00:041FEEF8:10:?? = +4.73496945E-41
A78D : ADC 3F,X       : A=7F X=FE Y=3A SP=?? N=0 V=0 D=0 I=0 Z=0 C=0 : FWA 00-7A:427B3CCF:00:00 = +4.05770243E-03 : FWB 00-00:041FEEF8:10:?? = +4.73496945E-41
A78F : STA 32         : A=7F X=FE Y=3A SP=?? N=0 V=0 D=0 I=0 Z=0 C=0 : FWA 00-7A:427F3CCF:00:00 = +4.05865610E-03 : FWB 00-00:041FEEF8:10:?? = +4.73496945E-41
A791 : LDA 31         : A=42 X=FE Y=3A SP=?? N=0 V=0 D=0 I=0 Z=0 C=0 : FWA 00-7A:427F3CCF:00:00 = +4.05865610E-03 : FWB 00-00:041FEEF8:10:?? = +4.73496945E-41
A793 : ADC 3E,X       : A=42 X=FE Y=3A SP=?? N=0 V=0 D=0 I=0 Z=0 C=0 : FWA 00-7A:427F3CCF:00:00 = +4.05865610E-03 : FWB 00-00:041FEEF8:10:?? = +4.73496945E-41
A795 : STA 31         : A=42 X=FE Y=3A SP=?? N=0 V=0 D=0 I=0 Z=0 C=0 : FWA 00-7A:427F3CCF:00:00 = +4.05865610E-03 : FWB 00-00:041FEEF8:10:?? = +4.73496945E-41
A797 : INX            : A=42 X=FF Y=3A SP=?? N=1 V=0 D=0 I=0 Z=0 C=0 : FWA 00-7A:427F3CCF:00:00 = +4.05865610E-03 : FWB 00-00:041FEEF8:10:?? = +4.73496945E-41
A798 : BMI A776       : A=42 X=FF Y=3A SP=?? N=1 V=0 D=0 I=0 Z=0 C=0 : FWA 00-7A:427F3CCF:00:00 = +4.05865610E-03 : FWB 00-00:041FEEF8:10:?? = +4.73496945E-41
A776 : ASL 46,X       : A=42 X=FF Y=3A SP=?? N=0 V=0 D=0 I=0 Z=0 C=0 : FWA 00-7A:427F3CCF:00:00 = +4.05865610E-03 : FWB 00-00:041FEEF8:10:?? = +4.73496945E-41
A778 : BCC A797       : A=42 X=FF Y=3A SP=?? N=0 V=0 D=0 I=0 Z=0 C=0 : FWA 00-7A:427F3CCF:00:00 = +4.05865610E-03 : FWB 00-00:041FEEF8:10:?? = +4.73496945E-41
A797 : INX            : A=42 X=00 Y=3A SP=?? N=0 V=0 D=0 I=0 Z=1 C=0 : FWA 00-7A:427F3CCF:00:00 = +4.05865610E-03 : FWB 00-00:041FEEF8:10:?? = +4.73496945E-41
A798 : BMI A776       : A=42 X=00 Y=3A SP=?? N=0 V=0 D=0 I=0 Z=1 C=0 : FWA 00-7A:427F3CCF:00:00 = +4.05865610E-03 : FWB 00-00:041FEEF8:10:?? = +4.73496945E-41
A79A : PLX            : A=42 X=FD Y=3A SP=?? N=1 V=0 D=0 I=0 Z=0 C=0 : FWA 00-7A:427F3CCF:00:00 = +4.05865610E-03 : FWB 00-00:041FEEF8:10:?? = +4.73496945E-41
A79B : LDA 46,X       : A=E0 X=FD Y=3A SP=?? N=1 V=0 D=0 I=0 Z=0 C=0 : FWA 00-7A:427F3CCF:00:00 = +4.05865610E-03 : FWB 00-00:041FEEF8:10:?? = +4.73496945E-41
A79D : BNE A76B       : A=E0 X=FD Y=3A SP=?? N=1 V=0 D=0 I=0 Z=0 C=0 : FWA 00-7A:427F3CCF:00:00 = +4.05865610E-03 : FWB 00-00:041FEEF8:10:?? = +4.73496945E-41
A76B : PHX            : A=E0 X=FD Y=3A SP=?? N=1 V=0 D=0 I=0 Z=0 C=0 : FWA 00-7A:427F3CCF:00:00 = +4.05865610E-03 : FWB 00-00:041FEEF8:10:?? = +4.73496945E-41
A76C : LSR 3D         : A=E0 X=FD Y=3A SP=?? N=0 V=0 D=0 I=0 Z=0 C=0 : FWA 00-7A:427F3CCF:00:00 = +4.05865610E-03 : FWB 00-00:021FEEF8:10:?? = +2.43908205E-41
A76E : ROR 3E         : A=E0 X=FD Y=3A SP=?? N=0 V=0 D=0 I=0 Z=0 C=1 : FWA 00-7A:427F3CCF:00:00 = +4.05865610E-03 : FWB 00-00:020FEEF8:10:?? = +2.36733557E-41
A770 : ROR 3F         : A=E0 X=FD Y=3A SP=?? N=1 V=0 D=0 I=0 Z=0 C=0 : FWA 00-7A:427F3CCF:00:00 = +4.05865610E-03 : FWB 00-00:020FF7F8:10:?? = +2.36749321E-41
A772 : ROR 40         : A=E0 X=FD Y=3A SP=?? N=0 V=0 D=0 I=0 Z=0 C=0 : FWA 00-7A:427F3CCF:00:00 = +4.05865610E-03 : FWB 00-00:020FF77C:10:?? = +2.36748473E-41
A774 : ROR 41         : A=E0 X=FD Y=3A SP=?? N=0 V=0 D=0 I=0 Z=0 C=0 : FWA 00-7A:427F3CCF:00:00 = +4.05865610E-03 : FWB 00-00:020FF77C:08:?? = +2.36748473E-41
A776 : ASL 46,X       : A=E0 X=FD Y=3A SP=?? N=1 V=0 D=0 I=0 Z=0 C=1 : FWA 00-7A:427F3CCF:00:00 = +4.05865610E-03 : FWB 00-00:020FF77C:08:?? = +2.36748473E-41
A778 : BCC A797       : A=E0 X=FD Y=3A SP=?? N=1 V=0 D=0 I=0 Z=0 C=1 : FWA 00-7A:427F3CCF:00:00 = +4.05865610E-03 : FWB 00-00:020FF77C:08:?? = +2.36748473E-41
A77A : CLC            : A=E0 X=FD Y=3A SP=?? N=1 V=0 D=0 I=0 Z=0 C=0 : FWA 00-7A:427F3CCF:00:00 = +4.05865610E-03 : FWB 00-00:020FF77C:08:?? = +2.36748473E-41
A77B : TYA            : A=3A X=FD Y=3A SP=?? N=0 V=0 D=0 I=0 Z=0 C=0 : FWA 00-7A:427F3CCF:00:00 = +4.05865610E-03 : FWB 00-00:020FF77C:08:?? = +2.36748473E-41
A77C : ADC 42,X       : A=31 X=FD Y=3A SP=?? N=0 V=0 D=0 I=0 Z=0 C=1 : FWA 00-7A:427F3CCF:00:00 = +4.05865610E-03 : FWB 00-00:020FF77C:08:?? = +2.36748473E-41
A77E : TAY            : A=31 X=FD Y=31 SP=?? N=0 V=0 D=0 I=0 Z=0 C=1 : FWA 00-7A:427F3CCF:00:00 = +4.05865610E-03 : FWB 00-00:020FF77C:08:?? = +2.36748473E-41
A77F : LDA 34         : A=CF X=FD Y=31 SP=?? N=1 V=0 D=0 I=0 Z=0 C=1 : FWA 00-7A:427F3CCF:00:00 = +4.05865610E-03 : FWB 00-00:020FF77C:08:?? = +2.36748473E-41
A781 : ADC 41,X       : A=DF X=FD Y=31 SP=?? N=1 V=0 D=0 I=0 Z=0 C=0 : FWA 00-7A:427F3CCF:00:00 = +4.05865610E-03 : FWB 00-00:020FF77C:08:?? = +2.36748473E-41
A783 : STA 34         : A=DF X=FD Y=31 SP=?? N=1 V=0 D=0 I=0 Z=0 C=0 : FWA 00-7A:427F3CDF:00:00 = +4.05865616E-03 : FWB 00-00:020FF77C:08:?? = +2.36748473E-41
A785 : LDA 33         : A=3C X=FD Y=31 SP=?? N=0 V=0 D=0 I=0 Z=0 C=0 : FWA 00-7A:427F3CDF:00:00 = +4.05865616E-03 : FWB 00-00:020FF77C:08:?? = +2.36748473E-41
A787 : ADC 40,X       : A=3E X=FD Y=31 SP=?? N=0 V=0 D=0 I=0 Z=0 C=0 : FWA 00-7A:427F3CDF:00:00 = +4.05865616E-03 : FWB 00-00:020FF77C:08:?? = +2.36748473E-41
A789 : STA 33         : A=3E X=FD Y=31 SP=?? N=0 V=0 D=0 I=0 Z=0 C=0 : FWA 00-7A:427F3EDF:00:00 = +4.05865803E-03 : FWB 00-00:020FF77C:08:?? = +2.36748473E-41
A78B : LDA 32         : A=7F X=FD Y=31 SP=?? N=0 V=0 D=0 I=0 Z=0 C=0 : FWA 00-7A:427F3EDF:00:00 = +4.05865803E-03 : FWB 00-00:020FF77C:08:?? = +2.36748473E-41
A78D : ADC 3F,X       : A=7F X=FD Y=31 SP=?? N=0 V=0 D=0 I=0 Z=0 C=0 : FWA 00-7A:427F3EDF:00:00 = +4.05865803E-03 : FWB 00-00:020FF77C:08:?? = +2.36748473E-41
A78F : STA 32         : A=7F X=FD Y=31 SP=?? N=0 V=0 D=0 I=0 Z=0 C=0 : FWA 00-7A:427F3EDF:00:00 = +4.05865803E-03 : FWB 00-00:020FF77C:08:?? = +2.36748473E-41
A791 : LDA 31         : A=42 X=FD Y=31 SP=?? N=0 V=0 D=0 I=0 Z=0 C=0 : FWA 00-7A:427F3EDF:00:00 = +4.05865803E-03 : FWB 00-00:020FF77C:08:?? = +2.36748473E-41
A793 : ADC 3E,X       : A=42 X=FD Y=31 SP=?? N=0 V=0 D=0 I=0 Z=0 C=0 : FWA 00-7A:427F3EDF:00:00 = +4.05865803E-03 : FWB 00-00:020FF77C:08:?? = +2.36748473E-41
A795 : STA 31         : A=42 X=FD Y=31 SP=?? N=0 V=0 D=0 I=0 Z=0 C=0 : FWA 00-7A:427F3EDF:00:00 = +4.05865803E-03 : FWB 00-00:020FF77C:08:?? = +2.36748473E-41
A797 : INX            : A=42 X=FE Y=31 SP=?? N=1 V=0 D=0 I=0 Z=0 C=0 : FWA 00-7A:427F3EDF:00:00 = +4.05865803E-03 : FWB 00-00:020FF77C:08:?? = +2.36748473E-41
A798 : BMI A776       : A=42 X=FE Y=31 SP=?? N=1 V=0 D=0 I=0 Z=0 C=0 : FWA 00-7A:427F3EDF:00:00 = +4.05865803E-03 : FWB 00-00:020FF77C:08:?? = +2.36748473E-41
A776 : ASL 46,X       : A=42 X=FE Y=31 SP=?? N=0 V=0 D=0 I=0 Z=0 C=1 : FWA 00-7A:427F3EDF:00:00 = +4.05865803E-03 : FWB 00-00:020FF77C:08:?? = +2.36748473E-41
A778 : BCC A797       : A=42 X=FE Y=31 SP=?? N=0 V=0 D=0 I=0 Z=0 C=1 : FWA 00-7A:427F3EDF:00:00 = +4.05865803E-03 : FWB 00-00:020FF77C:08:?? = +2.36748473E-41
A77A : CLC            : A=42 X=FE Y=31 SP=?? N=0 V=0 D=0 I=0 Z=0 C=0 : FWA 00-7A:427F3EDF:00:00 = +4.05865803E-03 : FWB 00-00:020FF77C:08:?? = +2.36748473E-41
A77B : TYA            : A=31 X=FE Y=31 SP=?? N=0 V=0 D=0 I=0 Z=0 C=0 : FWA 00-7A:427F3EDF:00:00 = +4.05865803E-03 : FWB 00-00:020FF77C:08:?? = +2.36748473E-41
A77C : ADC 42,X       : A=AD X=FE Y=31 SP=?? N=1 V=1 D=0 I=0 Z=0 C=0 : FWA 00-7A:427F3EDF:00:00 = +4.05865803E-03 : FWB 00-00:020FF77C:08:?? = +2.36748473E-41
A77E : TAY            : A=AD X=FE Y=AD SP=?? N=1 V=1 D=0 I=0 Z=0 C=0 : FWA 00-7A:427F3EDF:00:00 = +4.05865803E-03 : FWB 00-00:020FF77C:08:?? = +2.36748473E-41
A77F : LDA 34         : A=DF X=FE Y=AD SP=?? N=1 V=1 D=0 I=0 Z=0 C=0 : FWA 00-7A:427F3EDF:00:00 = +4.05865803E-03 : FWB 00-00:020FF77C:08:?? = +2.36748473E-41
A781 : ADC 41,X       : A=D6 X=FE Y=AD SP=?? N=1 V=0 D=0 I=0 Z=0 C=1 : FWA 00-7A:427F3EDF:00:00 = +4.05865803E-03 : FWB 00-00:020FF77C:08:?? = +2.36748473E-41
A783 : STA 34         : A=D6 X=FE Y=AD SP=?? N=1 V=0 D=0 I=0 Z=0 C=1 : FWA 00-7A:427F3ED6:00:00 = +4.05865799E-03 : FWB 00-00:020FF77C:08:?? = +2.36748473E-41
A785 : LDA 33         : A=3E X=FE Y=AD SP=?? N=0 V=0 D=0 I=0 Z=0 C=1 : FWA 00-7A:427F3ED6:00:00 = +4.05865799E-03 : FWB 00-00:020FF77C:08:?? = +2.36748473E-41
A787 : ADC 40,X       : A=4E X=FE Y=AD SP=?? N=0 V=0 D=0 I=0 Z=0 C=0 : FWA 00-7A:427F3ED6:00:00 = +4.05865799E-03 : FWB 00-00:020FF77C:08:?? = +2.36748473E-41
A789 : STA 33         : A=4E X=FE Y=AD SP=?? N=0 V=0 D=0 I=0 Z=0 C=0 : FWA 00-7A:427F4ED6:00:00 = +4.05867289E-03 : FWB 00-00:020FF77C:08:?? = +2.36748473E-41
A78B : LDA 32         : A=7F X=FE Y=AD SP=?? N=0 V=0 D=0 I=0 Z=0 C=0 : FWA 00-7A:427F4ED6:00:00 = +4.05867289E-03 : FWB 00-00:020FF77C:08:?? = +2.36748473E-41
A78D : ADC 3F,X       : A=81 X=FE Y=AD SP=?? N=1 V=1 D=0 I=0 Z=0 C=0 : FWA 00-7A:427F4ED6:00:00 = +4.05867289E-03 : FWB 00-00:020FF77C:08:?? = +2.36748473E-41
A78F : STA 32         : A=81 X=FE Y=AD SP=?? N=1 V=1 D=0 I=0 Z=0 C=0 : FWA 00-7A:42814ED6:00:00 = +4.05914973E-03 : FWB 00-00:020FF77C:08:?? = +2.36748473E-41
A791 : LDA 31         : A=42 X=FE Y=AD SP=?? N=0 V=1 D=0 I=0 Z=0 C=0 : FWA 00-7A:42814ED6:00:00 = +4.05914973E-03 : FWB 00-00:020FF77C:08:?? = +2.36748473E-41
A793 : ADC 3E,X       : A=42 X=FE Y=AD SP=?? N=0 V=0 D=0 I=0 Z=0 C=0 : FWA 00-7A:42814ED6:00:00 = +4.05914973E-03 : FWB 00-00:020FF77C:08:?? = +2.36748473E-41
A795 : STA 31         : A=42 X=FE Y=AD SP=?? N=0 V=0 D=0 I=0 Z=0 C=0 : FWA 00-7A:42814ED6:00:00 = +4.05914973E-03 : FWB 00-00:020FF77C:08:?? = +2.36748473E-41
A797 : INX            : A=42 X=FF Y=AD SP=?? N=1 V=0 D=0 I=0 Z=0 C=0 : FWA 00-7A:42814ED6:00:00 = +4.05914973E-03 : FWB 00-00:020FF77C:08:?? = +2.36748473E-41
A798 : BMI A776       : A=42 X=FF Y=AD SP=?? N=1 V=0 D=0 I=0 Z=0 C=0 : FWA 00-7A:42814ED6:00:00 = +4.05914973E-03 : FWB 00-00:020FF77C:08:?? = +2.36748473E-41
A776 : ASL 46,X       : A=42 X=FF Y=AD SP=?? N=1 V=0 D=0 I=0 Z=0 C=0 : FWA 00-7A:42814ED6:00:00 = +4.05914973E-03 : FWB 00-00:020FF77C:08:?? = +2.36748473E-41
A778 : BCC A797       : A=42 X=FF Y=AD SP=?? N=1 V=0 D=0 I=0 Z=0 C=0 : FWA 00-7A:42814ED6:00:00 = +4.05914973E-03 : FWB 00-00:020FF77C:08:?? = +2.36748473E-41
A797 : INX            : A=42 X=00 Y=AD SP=?? N=0 V=0 D=0 I=0 Z=1 C=0 : FWA 00-7A:42814ED6:00:00 = +4.05914973E-03 : FWB 00-00:020FF77C:08:?? = +2.36748473E-41
A798 : BMI A776       : A=42 X=00 Y=AD SP=?? N=0 V=0 D=0 I=0 Z=1 C=0 : FWA 00-7A:42814ED6:00:00 = +4.05914973E-03 : FWB 00-00:020FF77C:08:?? = +2.36748473E-41
A79A : PLX            : A=42 X=FD Y=AD SP=?? N=1 V=0 D=0 I=0 Z=0 C=0 : FWA 00-7A:42814ED6:00:00 = +4.05914973E-03 : FWB 00-00:020FF77C:08:?? = +2.36748473E-41
A79B : LDA 46,X       : A=C0 X=FD Y=AD SP=?? N=1 V=0 D=0 I=0 Z=0 C=0 : FWA 00-7A:42814ED6:00:00 = +4.05914973E-03 : FWB 00-00:020FF77C:08:?? = +2.36748473E-41
A79D : BNE A76B       : A=C0 X=FD Y=AD SP=?? N=1 V=0 D=0 I=0 Z=0 C=0 : FWA 00-7A:42814ED6:00:00 = +4.05914973E-03 : FWB 00-00:020FF77C:08:?? = +2.36748473E-41
A76B : PHX            : A=C0 X=FD Y=AD SP=?? N=1 V=0 D=0 I=0 Z=0 C=0 : FWA 00-7A:42814ED6:00:00 = +4.05914973E-03 : FWB 00-00:020FF77C:08:?? = +2.36748473E-41
A76C : LSR 3D         : A=C0 X=FD Y=AD SP=?? N=0 V=0 D=0 I=0 Z=0 C=0 : FWA 00-7A:42814ED6:00:00 = +4.05914973E-03 : FWB 00-00:010FF77C:08:?? = +1.21954102E-41
A76E : ROR 3E         : A=C0 X=FD Y=AD SP=?? N=0 V=0 D=0 I=0 Z=0 C=1 : FWA 00-7A:42814ED6:00:00 = +4.05914973E-03 : FWB 00-00:0107F77C:08:?? = +1.18366778E-41
A770 : ROR 3F         : A=C0 X=FD Y=AD SP=?? N=1 V=0 D=0 I=0 Z=0 C=1 : FWA 00-7A:42814ED6:00:00 = +4.05914973E-03 : FWB 00-00:0107FB7C:08:?? = +1.18373785E-41
A772 : ROR 40         : A=C0 X=FD Y=AD SP=?? N=1 V=0 D=0 I=0 Z=0 C=0 : FWA 00-7A:42814ED6:00:00 = +4.05914973E-03 : FWB 00-00:0107FBBE:08:?? = +1.18374236E-41
A774 : ROR 41         : A=C0 X=FD Y=AD SP=?? N=0 V=0 D=0 I=0 Z=0 C=0 : FWA 00-7A:42814ED6:00:00 = +4.05914973E-03 : FWB 00-00:0107FBBE:04:?? = +1.18374236E-41
A776 : ASL 46,X       : A=C0 X=FD Y=AD SP=?? N=1 V=0 D=0 I=0 Z=0 C=1 : FWA 00-7A:42814ED6:00:00 = +4.05914973E-03 : FWB 00-00:0107FBBE:04:?? = +1.18374236E-41
A778 : BCC A797       : A=C0 X=FD Y=AD SP=?? N=1 V=0 D=0 I=0 Z=0 C=1 : FWA 00-7A:42814ED6:00:00 = +4.05914973E-03 : FWB 00-00:0107FBBE:04:?? = +1.18374236E-41
A77A : CLC            : A=C0 X=FD Y=AD SP=?? N=1 V=0 D=0 I=0 Z=0 C=0 : FWA 00-7A:42814ED6:00:00 = +4.05914973E-03 : FWB 00-00:0107FBBE:04:?? = +1.18374236E-41
A77B : TYA            : A=AD X=FD Y=AD SP=?? N=1 V=0 D=0 I=0 Z=0 C=0 : FWA 00-7A:42814ED6:00:00 = +4.05914973E-03 : FWB 00-00:0107FBBE:04:?? = +1.18374236E-41
A77C : ADC 42,X       : A=A8 X=FD Y=AD SP=?? N=1 V=0 D=0 I=0 Z=0 C=1 : FWA 00-7A:42814ED6:00:00 = +4.05914973E-03 : FWB 00-00:0107FBBE:04:?? = +1.18374236E-41
A77E : TAY            : A=A8 X=FD Y=A8 SP=?? N=1 V=0 D=0 I=0 Z=0 C=1 : FWA 00-7A:42814ED6:00:00 = +4.05914973E-03 : FWB 00-00:0107FBBE:04:?? = +1.18374236E-41
A77F : LDA 34         : A=D6 X=FD Y=A8 SP=?? N=1 V=0 D=0 I=0 Z=0 C=1 : FWA 00-7A:42814ED6:00:00 = +4.05914973E-03 : FWB 00-00:0107FBBE:04:?? = +1.18374236E-41
A781 : ADC 41,X       : A=DE X=FD Y=A8 SP=?? N=1 V=0 D=0 I=0 Z=0 C=0 : FWA 00-7A:42814ED6:00:00 = +4.05914973E-03 : FWB 00-00:0107FBBE:04:?? = +1.18374236E-41
A783 : STA 34         : A=DE X=FD Y=A8 SP=?? N=1 V=0 D=0 I=0 Z=0 C=0 : FWA 00-7A:42814EDE:00:00 = +4.05914976E-03 : FWB 00-00:0107FBBE:04:?? = +1.18374236E-41
A785 : LDA 33         : A=4E X=FD Y=A8 SP=?? N=0 V=0 D=0 I=0 Z=0 C=0 : FWA 00-7A:42814EDE:00:00 = +4.05914976E-03 : FWB 00-00:0107FBBE:04:?? = +1.18374236E-41
A787 : ADC 40,X       : A=4F X=FD Y=A8 SP=?? N=0 V=0 D=0 I=0 Z=0 C=0 : FWA 00-7A:42814EDE:00:00 = +4.05914976E-03 : FWB 00-00:0107FBBE:04:?? = +1.18374236E-41
A789 : STA 33         : A=4F X=FD Y=A8 SP=?? N=0 V=0 D=0 I=0 Z=0 C=0 : FWA 00-7A:42814FDE:00:00 = +4.05915069E-03 : FWB 00-00:0107FBBE:04:?? = +1.18374236E-41
A78B : LDA 32         : A=81 X=FD Y=A8 SP=?? N=1 V=0 D=0 I=0 Z=0 C=0 : FWA 00-7A:42814FDE:00:00 = +4.05915069E-03 : FWB 00-00:0107FBBE:04:?? = +1.18374236E-41
A78D : ADC 3F,X       : A=81 X=FD Y=A8 SP=?? N=1 V=0 D=0 I=0 Z=0 C=0 : FWA 00-7A:42814FDE:00:00 = +4.05915069E-03 : FWB 00-00:0107FBBE:04:?? = +1.18374236E-41
A78F : STA 32         : A=81 X=FD Y=A8 SP=?? N=1 V=0 D=0 I=0 Z=0 C=0 : FWA 00-7A:42814FDE:00:00 = +4.05915069E-03 : FWB 00-00:0107FBBE:04:?? = +1.18374236E-41
A791 : LDA 31         : A=42 X=FD Y=A8 SP=?? N=0 V=0 D=0 I=0 Z=0 C=0 : FWA 00-7A:42814FDE:00:00 = +4.05915069E-03 : FWB 00-00:0107FBBE:04:?? = +1.18374236E-41
A793 : ADC 3E,X       : A=42 X=FD Y=A8 SP=?? N=0 V=0 D=0 I=0 Z=0 C=0 : FWA 00-7A:42814FDE:00:00 = +4.05915069E-03 : FWB 00-00:0107FBBE:04:?? = +1.18374236E-41
A795 : STA 31         : A=42 X=FD Y=A8 SP=?? N=0 V=0 D=0 I=0 Z=0 C=0 : FWA 00-7A:42814FDE:00:00 = +4.05915069E-03 : FWB 00-00:0107FBBE:04:?? = +1.18374236E-41
A797 : INX            : A=42 X=FE Y=A8 SP=?? N=1 V=0 D=0 I=0 Z=0 C=0 : FWA 00-7A:42814FDE:00:00 = +4.05915069E-03 : FWB 00-00:0107FBBE:04:?? = +1.18374236E-41
A798 : BMI A776       : A=42 X=FE Y=A8 SP=?? N=1 V=0 D=0 I=0 Z=0 C=0 : FWA 00-7A:42814FDE:00:00 = +4.05915069E-03 : FWB 00-00:0107FBBE:04:?? = +1.18374236E-41
A776 : ASL 46,X       : A=42 X=FE Y=A8 SP=?? N=1 V=0 D=0 I=0 Z=0 C=0 : FWA 00-7A:42814FDE:00:00 = +4.05915069E-03 : FWB 00-00:0107FBBE:04:?? = +1.18374236E-41
A778 : BCC A797       : A=42 X=FE Y=A8 SP=?? N=1 V=0 D=0 I=0 Z=0 C=0 : FWA 00-7A:42814FDE:00:00 = +4.05915069E-03 : FWB 00-00:0107FBBE:04:?? = +1.18374236E-41
A797 : INX            : A=42 X=FF Y=A8 SP=?? N=1 V=0 D=0 I=0 Z=0 C=0 : FWA 00-7A:42814FDE:00:00 = +4.05915069E-03 : FWB 00-00:0107FBBE:04:?? = +1.18374236E-41
A798 : BMI A776       : A=42 X=FF Y=A8 SP=?? N=1 V=0 D=0 I=0 Z=0 C=0 : FWA 00-7A:42814FDE:00:00 = +4.05915069E-03 : FWB 00-00:0107FBBE:04:?? = +1.18374236E-41
A776 : ASL 46,X       : A=42 X=FF Y=A8 SP=?? N=1 V=0 D=0 I=0 Z=0 C=1 : FWA 00-7A:42814FDE:00:00 = +4.05915069E-03 : FWB 00-00:0107FBBE:04:?? = +1.18374236E-41
A778 : BCC A797       : A=42 X=FF Y=A8 SP=?? N=1 V=0 D=0 I=0 Z=0 C=1 : FWA 00-7A:42814FDE:00:00 = +4.05915069E-03 : FWB 00-00:0107FBBE:04:?? = +1.18374236E-41
A77A : CLC            : A=42 X=FF Y=A8 SP=?? N=1 V=0 D=0 I=0 Z=0 C=0 : FWA 00-7A:42814FDE:00:00 = +4.05915069E-03 : FWB 00-00:0107FBBE:04:?? = +1.18374236E-41
A77B : TYA            : A=A8 X=FF Y=A8 SP=?? N=1 V=0 D=0 I=0 Z=0 C=0 : FWA 00-7A:42814FDE:00:00 = +4.05915069E-03 : FWB 00-00:0107FBBE:04:?? = +1.18374236E-41
A77C : ADC 42,X       : A=AC X=FF Y=A8 SP=?? N=1 V=0 D=0 I=0 Z=0 C=0 : FWA 00-7A:42814FDE:00:00 = +4.05915069E-03 : FWB 00-00:0107FBBE:04:?? = +1.18374236E-41
A77E : TAY            : A=AC X=FF Y=AC SP=?? N=1 V=0 D=0 I=0 Z=0 C=0 : FWA 00-7A:42814FDE:00:00 = +4.05915069E-03 : FWB 00-00:0107FBBE:04:?? = +1.18374236E-41
A77F : LDA 34         : A=DE X=FF Y=AC SP=?? N=1 V=0 D=0 I=0 Z=0 C=0 : FWA 00-7A:42814FDE:00:00 = +4.05915069E-03 : FWB 00-00:0107FBBE:04:?? = +1.18374236E-41
A781 : ADC 41,X       : A=9C X=FF Y=AC SP=?? N=1 V=0 D=0 I=0 Z=0 C=1 : FWA 00-7A:42814FDE:00:00 = +4.05915069E-03 : FWB 00-00:0107FBBE:04:?? = +1.18374236E-41
A783 : STA 34         : A=9C X=FF Y=AC SP=?? N=1 V=0 D=0 I=0 Z=0 C=1 : FWA 00-7A:42814F9C:00:00 = +4.05915045E-03 : FWB 00-00:0107FBBE:04:?? = +1.18374236E-41
A785 : LDA 33         : A=4F X=FF Y=AC SP=?? N=0 V=0 D=0 I=0 Z=0 C=1 : FWA 00-7A:42814F9C:00:00 = +4.05915045E-03 : FWB 00-00:0107FBBE:04:?? = +1.18374236E-41
A787 : ADC 40,X       : A=4B X=FF Y=AC SP=?? N=0 V=0 D=0 I=0 Z=0 C=1 : FWA 00-7A:42814F9C:00:00 = +4.05915045E-03 : FWB 00-00:0107FBBE:04:?? = +1.18374236E-41
A789 : STA 33         : A=4B X=FF Y=AC SP=?? N=0 V=0 D=0 I=0 Z=0 C=1 : FWA 00-7A:42814B9C:00:00 = +4.05914673E-03 : FWB 00-00:0107FBBE:04:?? = +1.18374236E-41
A78B : LDA 32         : A=81 X=FF Y=AC SP=?? N=1 V=0 D=0 I=0 Z=0 C=1 : FWA 00-7A:42814B9C:00:00 = +4.05914673E-03 : FWB 00-00:0107FBBE:04:?? = +1.18374236E-41
A78D : ADC 3F,X       : A=89 X=FF Y=AC SP=?? N=1 V=0 D=0 I=0 Z=0 C=0 : FWA 00-7A:42814B9C:00:00 = +4.05914673E-03 : FWB 00-00:0107FBBE:04:?? = +1.18374236E-41
A78F : STA 32         : A=89 X=FF Y=AC SP=?? N=1 V=0 D=0 I=0 Z=0 C=0 : FWA 00-7A:42894B9C:00:00 = +4.06105407E-03 : FWB 00-00:0107FBBE:04:?? = +1.18374236E-41
A791 : LDA 31         : A=42 X=FF Y=AC SP=?? N=0 V=0 D=0 I=0 Z=0 C=0 : FWA 00-7A:42894B9C:00:00 = +4.06105407E-03 : FWB 00-00:0107FBBE:04:?? = +1.18374236E-41
A793 : ADC 3E,X       : A=43 X=FF Y=AC SP=?? N=0 V=0 D=0 I=0 Z=0 C=0 : FWA 00-7A:42894B9C:00:00 = +4.06105407E-03 : FWB 00-00:0107FBBE:04:?? = +1.18374236E-41
A795 : STA 31         : A=43 X=FF Y=AC SP=?? N=0 V=0 D=0 I=0 Z=0 C=0 : FWA 00-7A:43894B9C:00:00 = +4.12208923E-03 : FWB 00-00:0107FBBE:04:?? = +1.18374236E-41
A797 : INX            : A=43 X=00 Y=AC SP=?? N=0 V=0 D=0 I=0 Z=1 C=0 : FWA 00-7A:43894B9C:00:00 = +4.12208923E-03 : FWB 00-00:0107FBBE:04:?? = +1.18374236E-41
A798 : BMI A776       : A=43 X=00 Y=AC SP=?? N=0 V=0 D=0 I=0 Z=1 C=0 : FWA 00-7A:43894B9C:00:00 = +4.12208923E-03 : FWB 00-00:0107FBBE:04:?? = +1.18374236E-41
A79A : PLX            : A=43 X=FD Y=AC SP=?? N=1 V=0 D=0 I=0 Z=0 C=0 : FWA 00-7A:43894B9C:00:00 = +4.12208923E-03 : FWB 00-00:0107FBBE:04:?? = +1.18374236E-41
A79B : LDA 46,X       : A=80 X=FD Y=AC SP=?? N=1 V=0 D=0 I=0 Z=0 C=0 : FWA 00-7A:43894B9C:00:00 = +4.12208923E-03 : FWB 00-00:0107FBBE:04:?? = +1.18374236E-41
A79D : BNE A76B       : A=80 X=FD Y=AC SP=?? N=1 V=0 D=0 I=0 Z=0 C=0 : FWA 00-7A:43894B9C:00:00 = +4.12208923E-03 : FWB 00-00:0107FBBE:04:?? = +1.18374236E-41
A76B : PHX            : A=80 X=FD Y=AC SP=?? N=1 V=0 D=0 I=0 Z=0 C=0 : FWA 00-7A:43894B9C:00:00 = +4.12208923E-03 : FWB 00-00:0107FBBE:04:?? = +1.18374236E-41
A76C : LSR 3D         : A=80 X=FD Y=AC SP=?? N=0 V=0 D=0 I=0 Z=1 C=1 : FWA 00-7A:43894B9C:00:00 = +4.12208923E-03 : FWB 00-00:0007FBBE:04:?? = +3.57986609E-43
A76E : ROR 3E         : A=80 X=FD Y=AC SP=?? N=1 V=0 D=0 I=0 Z=0 C=1 : FWA 00-7A:43894B9C:00:00 = +4.12208923E-03 : FWB 00-00:0083FBBE:04:?? = +5.91833892E-42
A770 : ROR 3F         : A=80 X=FD Y=AC SP=?? N=1 V=0 D=0 I=0 Z=0 C=1 : FWA 00-7A:43894B9C:00:00 = +4.12208923E-03 : FWB 00-00:0083FDBE:04:?? = +5.91868924E-42
A772 : ROR 40         : A=80 X=FD Y=AC SP=?? N=1 V=0 D=0 I=0 Z=0 C=0 : FWA 00-7A:43894B9C:00:00 = +4.12208923E-03 : FWB 00-00:0083FDDF:04:?? = +5.91871182E-42
A774 : ROR 41         : A=80 X=FD Y=AC SP=?? N=0 V=0 D=0 I=0 Z=0 C=0 : FWA 00-7A:43894B9C:00:00 = +4.12208923E-03 : FWB 00-00:0083FDDF:02:?? = +5.91871181E-42
A776 : ASL 46,X       : A=80 X=FD Y=AC SP=?? N=0 V=0 D=0 I=0 Z=1 C=1 : FWA 00-7A:43894B9C:00:00 = +4.12208923E-03 : FWB 00-00:0083FDDF:02:?? = +5.91871181E-42
A778 : BCC A797       : A=80 X=FD Y=AC SP=?? N=0 V=0 D=0 I=0 Z=1 C=1 : FWA 00-7A:43894B9C:00:00 = +4.12208923E-03 : FWB 00-00:0083FDDF:02:?? = +5.91871181E-42
A77A : CLC            : A=80 X=FD Y=AC SP=?? N=0 V=0 D=0 I=0 Z=1 C=0 : FWA 00-7A:43894B9C:00:00 = +4.12208923E-03 : FWB 00-00:0083FDDF:02:?? = +5.91871181E-42
A77B : TYA            : A=AC X=FD Y=AC SP=?? N=1 V=0 D=0 I=0 Z=0 C=0 : FWA 00-7A:43894B9C:00:00 = +4.12208923E-03 : FWB 00-00:0083FDDF:02:?? = +5.91871181E-42
A77C : ADC 42,X       : A=A9 X=FD Y=AC SP=?? N=1 V=0 D=0 I=0 Z=0 C=1 : FWA 00-7A:43894B9C:00:00 = +4.12208923E-03 : FWB 00-00:0083FDDF:02:?? = +5.91871181E-42
A77E : TAY            : A=A9 X=FD Y=A9 SP=?? N=1 V=0 D=0 I=0 Z=0 C=1 : FWA 00-7A:43894B9C:00:00 = +4.12208923E-03 : FWB 00-00:0083FDDF:02:?? = +5.91871181E-42
A77F : LDA 34         : A=9C X=FD Y=A9 SP=?? N=1 V=0 D=0 I=0 Z=0 C=1 : FWA 00-7A:43894B9C:00:00 = +4.12208923E-03 : FWB 00-00:0083FDDF:02:?? = +5.91871181E-42
A781 : ADC 41,X       : A=20 X=FD Y=A9 SP=?? N=0 V=1 D=0 I=0 Z=0 C=1 : FWA 00-7A:43894B9C:00:00 = +4.12208923E-03 : FWB 00-00:0083FDDF:02:?? = +5.91871181E-42
A783 : STA 34         : A=20 X=FD Y=A9 SP=?? N=0 V=1 D=0 I=0 Z=0 C=1 : FWA 00-7A:43894B20:00:00 = +4.12208878E-03 : FWB 00-00:0083FDDF:02:?? = +5.91871181E-42
A785 : LDA 33         : A=4B X=FD Y=A9 SP=?? N=0 V=1 D=0 I=0 Z=0 C=1 : FWA 00-7A:43894B20:00:00 = +4.12208878E-03 : FWB 00-00:0083FDDF:02:?? = +5.91871181E-42
A787 : ADC 40,X       : A=4C X=FD Y=A9 SP=?? N=0 V=0 D=0 I=0 Z=0 C=0 : FWA 00-7A:43894B20:00:00 = +4.12208878E-03 : FWB 00-00:0083FDDF:02:?? = +5.91871181E-42
A789 : STA 33         : A=4C X=FD Y=A9 SP=?? N=0 V=0 D=0 I=0 Z=0 C=0 : FWA 00-7A:43894C20:00:00 = +4.12208971E-03 : FWB 00-00:0083FDDF:02:?? = +5.91871181E-42
A78B : LDA 32         : A=89 X=FD Y=A9 SP=?? N=1 V=0 D=0 I=0 Z=0 C=0 : FWA 00-7A:43894C20:00:00 = +4.12208971E-03 : FWB 00-00:0083FDDF:02:?? = +5.91871181E-42
A78D : ADC 3F,X       : A=89 X=FD Y=A9 SP=?? N=1 V=0 D=0 I=0 Z=0 C=0 : FWA 00-7A:43894C20:00:00 = +4.12208971E-03 : FWB 00-00:0083FDDF:02:?? = +5.91871181E-42
A78F : STA 32         : A=89 X=FD Y=A9 SP=?? N=1 V=0 D=0 I=0 Z=0 C=0 : FWA 00-7A:43894C20:00:00 = +4.12208971E-03 : FWB 00-00:0083FDDF:02:?? = +5.91871181E-42
A791 : LDA 31         : A=43 X=FD Y=A9 SP=?? N=0 V=0 D=0 I=0 Z=0 C=0 : FWA 00-7A:43894C20:00:00 = +4.12208971E-03 : FWB 00-00:0083FDDF:02:?? = +5.91871181E-42
A793 : ADC 3E,X       : A=43 X=FD Y=A9 SP=?? N=0 V=0 D=0 I=0 Z=0 C=0 : FWA 00-7A:43894C20:00:00 = +4.12208971E-03 : FWB 00-00:0083FDDF:02:?? = +5.91871181E-42
A795 : STA 31         : A=43 X=FD Y=A9 SP=?? N=0 V=0 D=0 I=0 Z=0 C=0 : FWA 00-7A:43894C20:00:00 = +4.12208971E-03 : FWB 00-00:0083FDDF:02:?? = +5.91871181E-42
A797 : INX            : A=43 X=FE Y=A9 SP=?? N=1 V=0 D=0 I=0 Z=0 C=0 : FWA 00-7A:43894C20:00:00 = +4.12208971E-03 : FWB 00-00:0083FDDF:02:?? = +5.91871181E-42
A798 : BMI A776       : A=43 X=FE Y=A9 SP=?? N=1 V=0 D=0 I=0 Z=0 C=0 : FWA 00-7A:43894C20:00:00 = +4.12208971E-03 : FWB 00-00:0083FDDF:02:?? = +5.91871181E-42
A776 : ASL 46,X       : A=43 X=FE Y=A9 SP=?? N=0 V=0 D=0 I=0 Z=1 C=1 : FWA 00-7A:43894C20:00:00 = +4.12208971E-03 : FWB 00-00:0083FDDF:02:?? = +5.91871181E-42
A778 : BCC A797       : A=43 X=FE Y=A9 SP=?? N=0 V=0 D=0 I=0 Z=1 C=1 : FWA 00-7A:43894C20:00:00 = +4.12208971E-03 : FWB 00-00:0083FDDF:02:?? = +5.91871181E-42
A77A : CLC            : A=43 X=FE Y=A9 SP=?? N=0 V=0 D=0 I=0 Z=1 C=0 : FWA 00-7A:43894C20:00:00 = +4.12208971E-03 : FWB 00-00:0083FDDF:02:?? = +5.91871181E-42
A77B : TYA            : A=A9 X=FE Y=A9 SP=?? N=1 V=0 D=0 I=0 Z=0 C=0 : FWA 00-7A:43894C20:00:00 = +4.12208971E-03 : FWB 00-00:0083FDDF:02:?? = +5.91871181E-42
A77C : ADC 42,X       : A=88 X=FE Y=A9 SP=?? N=1 V=0 D=0 I=0 Z=0 C=1 : FWA 00-7A:43894C20:00:00 = +4.12208971E-03 : FWB 00-00:0083FDDF:02:?? = +5.91871181E-42
A77E : TAY            : A=88 X=FE Y=88 SP=?? N=1 V=0 D=0 I=0 Z=0 C=1 : FWA 00-7A:43894C20:00:00 = +4.12208971E-03 : FWB 00-00:0083FDDF:02:?? = +5.91871181E-42
A77F : LDA 34         : A=20 X=FE Y=88 SP=?? N=0 V=0 D=0 I=0 Z=0 C=1 : FWA 00-7A:43894C20:00:00 = +4.12208971E-03 : FWB 00-00:0083FDDF:02:?? = +5.91871181E-42
A781 : ADC 41,X       : A=1E X=FE Y=88 SP=?? N=0 V=0 D=0 I=0 Z=0 C=1 : FWA 00-7A:43894C20:00:00 = +4.12208971E-03 : FWB 00-00:0083FDDF:02:?? = +5.91871181E-42
A783 : STA 34         : A=1E X=FE Y=88 SP=?? N=0 V=0 D=0 I=0 Z=0 C=1 : FWA 00-7A:43894C1E:00:00 = +4.12208970E-03 : FWB 00-00:0083FDDF:02:?? = +5.91871181E-42
A785 : LDA 33         : A=4C X=FE Y=88 SP=?? N=0 V=0 D=0 I=0 Z=0 C=1 : FWA 00-7A:43894C1E:00:00 = +4.12208970E-03 : FWB 00-00:0083FDDF:02:?? = +5.91871181E-42
A787 : ADC 40,X       : A=D0 X=FE Y=88 SP=?? N=1 V=0 D=0 I=0 Z=0 C=0 : FWA 00-7A:43894C1E:00:00 = +4.12208970E-03 : FWB 00-00:0083FDDF:02:?? = +5.91871181E-42
A789 : STA 33         : A=D0 X=FE Y=88 SP=?? N=1 V=0 D=0 I=0 Z=0 C=0 : FWA 00-7A:4389D01E:00:00 = +4.12221264E-03 : FWB 00-00:0083FDDF:02:?? = +5.91871181E-42
A78B : LDA 32         : A=89 X=FE Y=88 SP=?? N=1 V=0 D=0 I=0 Z=0 C=0 : FWA 00-7A:4389D01E:00:00 = +4.12221264E-03 : FWB 00-00:0083FDDF:02:?? = +5.91871181E-42
A78D : ADC 3F,X       : A=89 X=FE Y=88 SP=?? N=1 V=0 D=0 I=0 Z=0 C=0 : FWA 00-7A:4389D01E:00:00 = +4.12221264E-03 : FWB 00-00:0083FDDF:02:?? = +5.91871181E-42
A78F : STA 32         : A=89 X=FE Y=88 SP=?? N=1 V=0 D=0 I=0 Z=0 C=0 : FWA 00-7A:4389D01E:00:00 = +4.12221264E-03 : FWB 00-00:0083FDDF:02:?? = +5.91871181E-42
A791 : LDA 31         : A=43 X=FE Y=88 SP=?? N=0 V=0 D=0 I=0 Z=0 C=0 : FWA 00-7A:4389D01E:00:00 = +4.12221264E-03 : FWB 00-00:0083FDDF:02:?? = +5.91871181E-42
A793 : ADC 3E,X       : A=43 X=FE Y=88 SP=?? N=0 V=0 D=0 I=0 Z=0 C=0 : FWA 00-7A:4389D01E:00:00 = +4.12221264E-03 : FWB 00-00:0083FDDF:02:?? = +5.91871181E-42
A795 : STA 31         : A=43 X=FE Y=88 SP=?? N=0 V=0 D=0 I=0 Z=0 C=0 : FWA 00-7A:4389D01E:00:00 = +4.12221264E-03 : FWB 00-00:0083FDDF:02:?? = +5.91871181E-42
A797 : INX            : A=43 X=FF Y=88 SP=?? N=1 V=0 D=0 I=0 Z=0 C=0 : FWA 00-7A:4389D01E:00:00 = +4.12221264E-03 : FWB 00-00:0083FDDF:02:?? = +5.91871181E-42
A798 : BMI A776       : A=43 X=FF Y=88 SP=?? N=1 V=0 D=0 I=0 Z=0 C=0 : FWA 00-7A:4389D01E:00:00 = +4.12221264E-03 : FWB 00-00:0083FDDF:02:?? = +5.91871181E-42
A776 : ASL 46,X       : A=43 X=FF Y=88 SP=?? N=0 V=0 D=0 I=0 Z=1 C=1 : FWA 00-7A:4389D01E:00:00 = +4.12221264E-03 : FWB 00-00:0083FDDF:02:?? = +5.91871181E-42
A778 : BCC A797       : A=43 X=FF Y=88 SP=?? N=0 V=0 D=0 I=0 Z=1 C=1 : FWA 00-7A:4389D01E:00:00 = +4.12221264E-03 : FWB 00-00:0083FDDF:02:?? = +5.91871181E-42
A77A : CLC            : A=43 X=FF Y=88 SP=?? N=0 V=0 D=0 I=0 Z=1 C=0 : FWA 00-7A:4389D01E:00:00 = +4.12221264E-03 : FWB 00-00:0083FDDF:02:?? = +5.91871181E-42
A77B : TYA            : A=88 X=FF Y=88 SP=?? N=1 V=0 D=0 I=0 Z=0 C=0 : FWA 00-7A:4389D01E:00:00 = +4.12221264E-03 : FWB 00-00:0083FDDF:02:?? = +5.91871181E-42
A77C : ADC 42,X       : A=8A X=FF Y=88 SP=?? N=1 V=0 D=0 I=0 Z=0 C=0 : FWA 00-7A:4389D01E:00:00 = +4.12221264E-03 : FWB 00-00:0083FDDF:02:?? = +5.91871181E-42
A77E : TAY            : A=8A X=FF Y=8A SP=?? N=1 V=0 D=0 I=0 Z=0 C=0 : FWA 00-7A:4389D01E:00:00 = +4.12221264E-03 : FWB 00-00:0083FDDF:02:?? = +5.91871181E-42
A77F : LDA 34         : A=1E X=FF Y=8A SP=?? N=0 V=0 D=0 I=0 Z=0 C=0 : FWA 00-7A:4389D01E:00:00 = +4.12221264E-03 : FWB 00-00:0083FDDF:02:?? = +5.91871181E-42
A781 : ADC 41,X       : A=FD X=FF Y=8A SP=?? N=1 V=0 D=0 I=0 Z=0 C=0 : FWA 00-7A:4389D01E:00:00 = +4.12221264E-03 : FWB 00-00:0083FDDF:02:?? = +5.91871181E-42
A783 : STA 34         : A=FD X=FF Y=8A SP=?? N=1 V=0 D=0 I=0 Z=0 C=0 : FWA 00-7A:4389D0FD:00:00 = +4.12221345E-03 : FWB 00-00:0083FDDF:02:?? = +5.91871181E-42
A785 : LDA 33         : A=D0 X=FF Y=8A SP=?? N=1 V=0 D=0 I=0 Z=0 C=0 : FWA 00-7A:4389D0FD:00:00 = +4.12221345E-03 : FWB 00-00:0083FDDF:02:?? = +5.91871181E-42
A787 : ADC 40,X       : A=CD X=FF Y=8A SP=?? N=1 V=0 D=0 I=0 Z=0 C=1 : FWA 00-7A:4389D0FD:00:00 = +4.12221345E-03 : FWB 00-00:0083FDDF:02:?? = +5.91871181E-42
A789 : STA 33         : A=CD X=FF Y=8A SP=?? N=1 V=0 D=0 I=0 Z=0 C=1 : FWA 00-7A:4389CDFD:00:00 = +4.12221066E-03 : FWB 00-00:0083FDDF:02:?? = +5.91871181E-42
A78B : LDA 32         : A=89 X=FF Y=8A SP=?? N=1 V=0 D=0 I=0 Z=0 C=1 : FWA 00-7A:4389CDFD:00:00 = +4.12221066E-03 : FWB 00-00:0083FDDF:02:?? = +5.91871181E-42
A78D : ADC 3F,X       : A=0D X=FF Y=8A SP=?? N=0 V=1 D=0 I=0 Z=0 C=1 : FWA 00-7A:4389CDFD:00:00 = +4.12221066E-03 : FWB 00-00:0083FDDF:02:?? = +5.91871181E-42
A78F : STA 32         : A=0D X=FF Y=8A SP=?? N=0 V=1 D=0 I=0 Z=0 C=1 : FWA 00-7A:430DCDFD:00:00 = +4.09264675E-03 : FWB 00-00:0083FDDF:02:?? = +5.91871181E-42
A791 : LDA 31         : A=43 X=FF Y=8A SP=?? N=0 V=1 D=0 I=0 Z=0 C=1 : FWA 00-7A:430DCDFD:00:00 = +4.09264675E-03 : FWB 00-00:0083FDDF:02:?? = +5.91871181E-42
A793 : ADC 3E,X       : A=44 X=FF Y=8A SP=?? N=0 V=0 D=0 I=0 Z=0 C=0 : FWA 00-7A:430DCDFD:00:00 = +4.09264675E-03 : FWB 00-00:0083FDDF:02:?? = +5.91871181E-42
A795 : STA 31         : A=44 X=FF Y=8A SP=?? N=0 V=0 D=0 I=0 Z=0 C=0 : FWA 00-7A:440DCDFD:00:00 = +4.15368191E-03 : FWB 00-00:0083FDDF:02:?? = +5.91871181E-42
A797 : INX            : A=44 X=00 Y=8A SP=?? N=0 V=0 D=0 I=0 Z=1 C=0 : FWA 00-7A:440DCDFD:00:00 = +4.15368191E-03 : FWB 00-00:0083FDDF:02:?? = +5.91871181E-42
A798 : BMI A776       : A=44 X=00 Y=8A SP=?? N=0 V=0 D=0 I=0 Z=1 C=0 : FWA 00-7A:440DCDFD:00:00 = +4.15368191E-03 : FWB 00-00:0083FDDF:02:?? = +5.91871181E-42
A79A : PLX            : A=44 X=FD Y=8A SP=?? N=1 V=0 D=0 I=0 Z=0 C=0 : FWA 00-7A:440DCDFD:00:00 = +4.15368191E-03 : FWB 00-00:0083FDDF:02:?? = +5.91871181E-42
A79B : LDA 46,X       : A=00 X=FD Y=8A SP=?? N=0 V=0 D=0 I=0 Z=1 C=0 : FWA 00-7A:440DCDFD:00:00 = +4.15368191E-03 : FWB 00-00:0083FDDF:02:?? = +5.91871181E-42
A79D : BNE A76B       : A=00 X=FD Y=8A SP=?? N=0 V=0 D=0 I=0 Z=1 C=0 : FWA 00-7A:440DCDFD:00:00 = +4.15368191E-03 : FWB 00-00:0083FDDF:02:?? = +5.91871181E-42
A79F : INX            : A=00 X=FE Y=8A SP=?? N=1 V=0 D=0 I=0 Z=0 C=0 : FWA 00-7A:440DCDFD:00:00 = +4.15368191E-03 : FWB 00-00:0083FDDF:02:?? = +5.91871181E-42
A7A0 : BMI A79B       : A=00 X=FE Y=8A SP=?? N=1 V=0 D=0 I=0 Z=0 C=0 : FWA 00-7A:440DCDFD:00:00 = +4.15368191E-03 : FWB 00-00:0083FDDF:02:?? = +5.91871181E-42
A79B : LDA 46,X       : A=00 X=FE Y=8A SP=?? N=0 V=0 D=0 I=0 Z=1 C=0 : FWA 00-7A:440DCDFD:00:00 = +4.15368191E-03 : FWB 00-00:0083FDDF:02:?? = +5.91871181E-42
A79D : BNE A76B       : A=00 X=FE Y=8A SP=?? N=0 V=0 D=0 I=0 Z=1 C=0 : FWA 00-7A:440DCDFD:00:00 = +4.15368191E-03 : FWB 00-00:0083FDDF:02:?? = +5.91871181E-42
A79F : INX            : A=00 X=FF Y=8A SP=?? N=1 V=0 D=0 I=0 Z=0 C=0 : FWA 00-7A:440DCDFD:00:00 = +4.15368191E-03 : FWB 00-00:0083FDDF:02:?? = +5.91871181E-42
A7A0 : BMI A79B       : A=00 X=FF Y=8A SP=?? N=1 V=0 D=0 I=0 Z=0 C=0 : FWA 00-7A:440DCDFD:00:00 = +4.15368191E-03 : FWB 00-00:0083FDDF:02:?? = +5.91871181E-42
A79B : LDA 46,X       : A=00 X=FF Y=8A SP=?? N=0 V=0 D=0 I=0 Z=1 C=0 : FWA 00-7A:440DCDFD:00:00 = +4.15368191E-03 : FWB 00-00:0083FDDF:02:?? = +5.91871181E-42
A79D : BNE A76B       : A=00 X=FF Y=8A SP=?? N=0 V=0 D=0 I=0 Z=1 C=0 : FWA 00-7A:440DCDFD:00:00 = +4.15368191E-03 : FWB 00-00:0083FDDF:02:?? = +5.91871181E-42
A79F : INX            : A=00 X=00 Y=8A SP=?? N=0 V=0 D=0 I=0 Z=1 C=0 : FWA 00-7A:440DCDFD:00:00 = +4.15368191E-03 : FWB 00-00:0083FDDF:02:?? = +5.91871181E-42
A7A0 : BMI A79B       : A=00 X=00 Y=8A SP=?? N=0 V=0 D=0 I=0 Z=1 C=0 : FWA 00-7A:440DCDFD:00:00 = +4.15368191E-03 : FWB 00-00:0083FDDF:02:?? = +5.91871181E-42
A7A2 : PLX            : A=00 X=E7 Y=8A SP=?? N=1 V=0 D=0 I=0 Z=0 C=0 : FWA 00-7A:440DCDFD:00:00 = +4.15368191E-03 : FWB 00-00:0083FDDF:02:?? = +5.91871181E-42
A7A3 : STY 35         : A=00 X=E7 Y=8A SP=?? N=1 V=0 D=0 I=0 Z=0 C=0 : FWA 00-7A:440DCDFD:8A:00 = +4.15368191E-03 : FWB 00-00:0083FDDF:02:?? = +5.91871181E-42
A7A5 : LDA 31         : A=44 X=E7 Y=8A SP=?? N=0 V=0 D=0 I=0 Z=0 C=0 : FWA 00-7A:440DCDFD:8A:00 = +4.15368191E-03 : FWB 00-00:0083FDDF:02:?? = +5.91871181E-42
A7A7 : BMI A73D       : A=44 X=E7 Y=8A SP=?? N=0 V=0 D=0 I=0 Z=0 C=0 : FWA 00-7A:440DCDFD:8A:00 = +4.15368191E-03 : FWB 00-00:0083FDDF:02:?? = +5.91871181E-42
A7A9 : JMP 8306       : A=44 X=E7 Y=8A SP=?? N=0 V=0 D=0 I=0 Z=0 C=0 : FWA 00-7A:440DCDFD:8A:00 = +4.15368191E-03 : FWB 00-00:0083FDDF:02:?? = +5.91871181E-42
8306 : BNE 832F       : A=44 X=E7 Y=8A SP=?? N=0 V=0 D=0 I=0 Z=0 C=0 : FWA 00-7A:440DCDFD:8A:00 = +4.15368191E-03 : FWB 00-00:0083FDDF:02:?? = +5.91871181E-42
832F : LDY 30         : A=44 X=E7 Y=7A SP=?? N=0 V=0 D=0 I=0 Z=0 C=0 : FWA 00-7A:440DCDFD:8A:00 = +4.15368191E-03 : FWB 00-00:0083FDDF:02:?? = +5.91871181E-42
8331 : DEY            : A=44 X=E7 Y=79 SP=?? N=0 V=0 D=0 I=0 Z=0 C=0 : FWA 00-7A:440DCDFD:8A:00 = +4.15368191E-03 : FWB 00-00:0083FDDF:02:?? = +5.91871181E-42
8332 : ASL 35         : A=44 X=E7 Y=79 SP=?? N=0 V=0 D=0 I=0 Z=0 C=1 : FWA 00-7A:440DCDFD:14:00 = +4.15368191E-03 : FWB 00-00:0083FDDF:02:?? = +5.91871181E-42
8334 : ROL 34         : A=44 X=E7 Y=79 SP=?? N=1 V=0 D=0 I=0 Z=0 C=1 : FWA 00-7A:440DCDFB:14:00 = +4.15368190E-03 : FWB 00-00:0083FDDF:02:?? = +5.91871181E-42
8336 : ROL 33         : A=44 X=E7 Y=79 SP=?? N=1 V=0 D=0 I=0 Z=0 C=1 : FWA 00-7A:440D9BFB:14:00 = +4.15363533E-03 : FWB 00-00:0083FDDF:02:?? = +5.91871181E-42
8338 : ROL 32         : A=44 X=E7 Y=79 SP=?? N=0 V=0 D=0 I=0 Z=0 C=0 : FWA 00-7A:441B9BFB:14:00 = +4.15697320E-03 : FWB 00-00:0083FDDF:02:?? = +5.91871181E-42
833A : ROL A          : A=88 X=E7 Y=79 SP=?? N=1 V=0 D=0 I=0 Z=0 C=0 : FWA 00-7A:441B9BFB:14:00 = +4.15697320E-03 : FWB 00-00:0083FDDF:02:?? = +5.91871181E-42
833B : BPL 8331       : A=88 X=E7 Y=79 SP=?? N=1 V=0 D=0 I=0 Z=0 C=0 : FWA 00-7A:441B9BFB:14:00 = +4.15697320E-03 : FWB 00-00:0083FDDF:02:?? = +5.91871181E-42
833D : CPY 30         : A=88 X=E7 Y=79 SP=?? N=1 V=0 D=0 I=0 Z=0 C=0 : FWA 00-7A:441B9BFB:14:00 = +4.15697320E-03 : FWB 00-00:0083FDDF:02:?? = +5.91871181E-42
833F : STY 30         : A=88 X=E7 Y=79 SP=?? N=1 V=0 D=0 I=0 Z=0 C=0 : FWA 00-79:441B9BFB:14:00 = +2.07848660E-03 : FWB 00-00:0083FDDF:02:?? = +5.91871181E-42
8341 : BCC 8345       : A=88 X=E7 Y=79 SP=?? N=1 V=0 D=0 I=0 Z=0 C=0 : FWA 00-79:441B9BFB:14:00 = +2.07848660E-03 : FWB 00-00:0083FDDF:02:?? = +5.91871181E-42
8345 : TAY            : A=88 X=E7 Y=88 SP=?? N=1 V=0 D=0 I=0 Z=0 C=0 : FWA 00-79:441B9BFB:14:00 = +2.07848660E-03 : FWB 00-00:0083FDDF:02:?? = +5.91871181E-42
8346 : STA 31         : A=88 X=E7 Y=88 SP=?? N=1 V=0 D=0 I=0 Z=0 C=0 : FWA 00-79:881B9BFB:14:00 = +4.15368191E-03 : FWB 00-00:0083FDDF:02:?? = +5.91871181E-42
8348 : RTS            : A=88 X=E7 Y=88 SP=?? N=1 V=0 D=0 I=0 Z=0 C=0 : FWA 00-79:881B9BFB:14:00 = +4.15368191E-03 : FWB 00-00:0083FDDF:02:?? = +5.91871181E-42
A6F0 : BRA A712       : A=88 X=E7 Y=88 SP=?? N=1 V=0 D=0 I=0 Z=0 C=0 : FWA 00-79:881B9BFB:14:00 = +4.15368191E-03 : FWB 00-00:0083FDDF:02:?? = +5.91871181E-42
A712 : LDA 35         : A=14 X=E7 Y=88 SP=?? N=0 V=0 D=0 I=0 Z=0 C=0 : FWA 00-79:881B9BFB:14:00 = +4.15368191E-03 : FWB 00-00:0083FDDF:02:?? = +5.91871181E-42
A714 : BPL A725       : A=14 X=E7 Y=88 SP=?? N=0 V=0 D=0 I=0 Z=0 C=0 : FWA 00-79:881B9BFB:14:00 = +4.15368191E-03 : FWB 00-00:0083FDDF:02:?? = +5.91871181E-42
A725 : LDA 2F         : A=00 X=E7 Y=88 SP=?? N=0 V=0 D=0 I=0 Z=1 C=0 : FWA 00-79:881B9BFB:14:00 = +4.15368191E-03 : FWB 00-00:0083FDDF:02:?? = +5.91871181E-42
A727 : BEQ A739       : A=00 X=E7 Y=88 SP=?? N=0 V=0 D=0 I=0 Z=1 C=0 : FWA 00-79:881B9BFB:14:00 = +4.15368191E-03 : FWB 00-00:0083FDDF:02:?? = +5.91871181E-42
A739 : STZ 35         : A=00 X=E7 Y=88 SP=?? N=0 V=0 D=0 I=0 Z=1 C=0 : FWA 00-79:881B9BFB:00:00 = +4.15368191E-03 : FWB 00-00:0083FDDF:02:?? = +5.91871181E-42
A73B : LDA #FF        : A=FF X=E7 Y=88 SP=?? N=1 V=0 D=0 I=0 Z=0 C=0 : FWA 00-79:881B9BFB:00:00 = +4.15368191E-03 : FWB 00-00:0083FDDF:02:?? = +5.91871181E-42
A73D : RTS            : A=FF X=E7 Y=88 SP=?? N=1 V=0 D=0 I=0 Z=0 C=0 : FWA 00-79:881B9BFB:00:00 = +4.15368191E-03 : FWB 00-00:0083FDDF:02:?? = +5.91871181E-42
A8BF : PLP            : A=FF X=E7 Y=88 SP=?? N=1 V=0 D=0 I=0 Z=0 C=1 : FWA 00-79:881B9BFB:00:00 = +4.15368191E-03 : FWB 00-00:0083FDDF:02:?? = +5.91871181E-42
A8C0 : ROR 2E         : A=FF X=E7 Y=88 SP=?? N=1 V=0 D=0 I=0 Z=0 C=0 : FWA 80-79:881B9BFB:00:00 = -4.15368191E-03 : FWB 00-00:0083FDDF:02:?? = +5.91871181E-42
A8C2 : TXA            : A=E7 X=E7 Y=88 SP=?? N=1 V=0 D=0 I=0 Z=0 C=0 : FWA 80-79:881B9BFB:00:00 = -4.15368191E-03 : FWB 00-00:0083FDDF:02:?? = +5.91871181E-42
A8C3 : JSR AA55       : A=E7 X=E7 Y=88 SP=?? N=1 V=0 D=0 I=0 Z=0 C=0 : FWA 80-79:881B9BFB:00:00 = -4.15368191E-03 : FWB 00-00:0083FDDF:02:?? = +5.91871181E-42
AA55 : PHX            : A=E7 X=E7 Y=88 SP=?? N=1 V=0 D=0 I=0 Z=0 C=0 : FWA 80-79:881B9BFB:00:00 = -4.15368191E-03 : FWB 00-00:0083FDDF:02:?? = +5.91871181E-42
AA56 : TAX            : A=E7 X=E7 Y=88 SP=?? N=1 V=0 D=0 I=0 Z=0 C=0 : FWA 80-79:881B9BFB:00:00 = -4.15368191E-03 : FWB 00-00:0083FDDF:02:?? = +5.91871181E-42
AA57 : LDY #01        : A=E7 X=E7 Y=01 SP=?? N=0 V=0 D=0 I=0 Z=0 C=0 : FWA 80-79:881B9BFB:00:00 = -4.15368191E-03 : FWB 00-00:0083FDDF:02:?? = +5.91871181E-42
AA59 : DEX            : A=E7 X=E6 Y=01 SP=?? N=1 V=0 D=0 I=0 Z=0 C=0 : FWA 80-79:881B9BFB:00:00 = -4.15368191E-03 : FWB 00-00:0083FDDF:02:?? = +5.91871181E-42
AA5A : LDA BF00,X     : A=77 X=E6 Y=01 SP=?? N=0 V=0 D=0 I=0 Z=0 C=0 : FWA 80-79:881B9BFB:00:00 = -4.15368191E-03 : FWB 00-00:0083FDDF:02:?? = +5.91871181E-42
AA5D : CMP 30         : A=77 X=E6 Y=01 SP=?? N=1 V=0 D=0 I=0 Z=0 C=0 : FWA 80-79:881B9BFB:00:00 = -4.15368191E-03 : FWB 00-00:0083FDDF:02:?? = +5.91871181E-42
AA5F : BNE AA66       : A=77 X=E6 Y=01 SP=?? N=1 V=0 D=0 I=0 Z=0 C=0 : FWA 80-79:881B9BFB:00:00 = -4.15368191E-03 : FWB 00-00:0083FDDF:02:?? = +5.91871181E-42
AA66 : BCS AA6B       : A=77 X=E6 Y=01 SP=?? N=1 V=0 D=0 I=0 Z=0 C=0 : FWA 80-79:881B9BFB:00:00 = -4.15368191E-03 : FWB 00-00:0083FDDF:02:?? = +5.91871181E-42
AA68 : DEY            : A=77 X=E6 Y=00 SP=?? N=0 V=0 D=0 I=0 Z=1 C=0 : FWA 80-79:881B9BFB:00:00 = -4.15368191E-03 : FWB 00-00:0083FDDF:02:?? = +5.91871181E-42
AA69 : BPL AA59       : A=77 X=E6 Y=00 SP=?? N=0 V=0 D=0 I=0 Z=1 C=0 : FWA 80-79:881B9BFB:00:00 = -4.15368191E-03 : FWB 00-00:0083FDDF:02:?? = +5.91871181E-42
AA59 : DEX            : A=77 X=E5 Y=00 SP=?? N=1 V=0 D=0 I=0 Z=0 C=0 : FWA 80-79:881B9BFB:00:00 = -4.15368191E-03 : FWB 00-00:0083FDDF:02:?? = +5.91871181E-42
AA5A : LDA BF00,X     : A=7B X=E5 Y=00 SP=?? N=0 V=0 D=0 I=0 Z=0 C=0 : FWA 80-79:881B9BFB:00:00 = -4.15368191E-03 : FWB 00-00:0083FDDF:02:?? = +5.91871181E-42
AA5D : CMP 30         : A=7B X=E5 Y=00 SP=?? N=0 V=0 D=0 I=0 Z=0 C=1 : FWA 80-79:881B9BFB:00:00 = -4.15368191E-03 : FWB 00-00:0083FDDF:02:?? = +5.91871181E-42
AA5F : BNE AA66       : A=7B X=E5 Y=00 SP=?? N=0 V=0 D=0 I=0 Z=0 C=1 : FWA 80-79:881B9BFB:00:00 = -4.15368191E-03 : FWB 00-00:0083FDDF:02:?? = +5.91871181E-42
AA66 : BCS AA6B       : A=7B X=E5 Y=00 SP=?? N=0 V=0 D=0 I=0 Z=0 C=1 : FWA 80-79:881B9BFB:00:00 = -4.15368191E-03 : FWB 00-00:0083FDDF:02:?? = +5.91871181E-42
AA6B : PLX            : A=7B X=E7 Y=00 SP=?? N=1 V=0 D=0 I=0 Z=0 C=1 : FWA 80-79:881B9BFB:00:00 = -4.15368191E-03 : FWB 00-00:0083FDDF:02:?? = +5.91871181E-42
AA6C : TYA            : A=00 X=E7 Y=00 SP=?? N=0 V=0 D=0 I=0 Z=1 C=1 : FWA 80-79:881B9BFB:00:00 = -4.15368191E-03 : FWB 00-00:0083FDDF:02:?? = +5.91871181E-42
AA6D : RTS            : A=00 X=E7 Y=00 SP=?? N=0 V=0 D=0 I=0 Z=1 C=1 : FWA 80-79:881B9BFB:00:00 = -4.15368191E-03 : FWB 00-00:0083FDDF:02:?? = +5.91871181E-42
A8C6 : DEC A          : A=FF X=E7 Y=00 SP=?? N=1 V=0 D=0 I=0 Z=0 C=1 : FWA 80-79:881B9BFB:00:00 = -4.15368191E-03 : FWB 00-00:0083FDDF:02:?? = +5.91871181E-42
A8C7 : DEC A          : A=FE X=E7 Y=00 SP=?? N=1 V=0 D=0 I=0 Z=0 C=1 : FWA 80-79:881B9BFB:00:00 = -4.15368191E-03 : FWB 00-00:0083FDDF:02:?? = +5.91871181E-42
A8C8 : STA 47         : A=FE X=E7 Y=00 SP=?? N=1 V=0 D=0 I=0 Z=0 C=1 : FWA 80-79:881B9BFB:00:00 = -4.15368191E-03 : FWB 00-00:0083FDDF:02:?? = +5.91871181E-42
A8CA : TXA            : A=E7 X=E7 Y=00 SP=?? N=1 V=0 D=0 I=0 Z=0 C=1 : FWA 80-79:881B9BFB:00:00 = -4.15368191E-03 : FWB 00-00:0083FDDF:02:?? = +5.91871181E-42
A8CB : INY            : A=E7 X=E7 Y=01 SP=?? N=0 V=0 D=0 I=0 Z=0 C=1 : FWA 80-79:881B9BFB:00:00 = -4.15368191E-03 : FWB 00-00:0083FDDF:02:?? = +5.91871181E-42
A8CC : SEC            : A=E7 X=E7 Y=01 SP=?? N=0 V=0 D=0 I=0 Z=0 C=1 : FWA 80-79:881B9BFB:00:00 = -4.15368191E-03 : FWB 00-00:0083FDDF:02:?? = +5.91871181E-42
A8CD : SBC #10        : A=D7 X=E7 Y=01 SP=?? N=1 V=0 D=0 I=0 Z=0 C=1 : FWA 80-79:881B9BFB:00:00 = -4.15368191E-03 : FWB 00-00:0083FDDF:02:?? = +5.91871181E-42
A8CF : ADC #0A        : A=E2 X=E7 Y=01 SP=?? N=1 V=0 D=0 I=0 Z=0 C=0 : FWA 80-79:881B9BFB:00:00 = -4.15368191E-03 : FWB 00-00:0083FDDF:02:?? = +5.91871181E-42
A8D1 : DEY            : A=E2 X=E7 Y=00 SP=?? N=0 V=0 D=0 I=0 Z=1 C=0 : FWA 80-79:881B9BFB:00:00 = -4.15368191E-03 : FWB 00-00:0083FDDF:02:?? = +5.91871181E-42
A8D2 : BPL A8CF       : A=E2 X=E7 Y=00 SP=?? N=0 V=0 D=0 I=0 Z=1 C=0 : FWA 80-79:881B9BFB:00:00 = -4.15368191E-03 : FWB 00-00:0083FDDF:02:?? = +5.91871181E-42
A8CF : ADC #0A        : A=EC X=E7 Y=00 SP=?? N=1 V=0 D=0 I=0 Z=0 C=0 : FWA 80-79:881B9BFB:00:00 = -4.15368191E-03 : FWB 00-00:0083FDDF:02:?? = +5.91871181E-42
A8D1 : DEY            : A=EC X=E7 Y=FF SP=?? N=1 V=0 D=0 I=0 Z=0 C=0 : FWA 80-79:881B9BFB:00:00 = -4.15368191E-03 : FWB 00-00:0083FDDF:02:?? = +5.91871181E-42
A8D2 : BPL A8CF       : A=EC X=E7 Y=FF SP=?? N=1 V=0 D=0 I=0 Z=0 C=0 : FWA 80-79:881B9BFB:00:00 = -4.15368191E-03 : FWB 00-00:0083FDDF:02:?? = +5.91871181E-42
A8D4 : STA 4C         : A=EC X=E7 Y=FF SP=?? N=1 V=0 D=0 I=0 Z=0 C=0 : FWA 80-79:881B9BFB:00:00 = -4.15368191E-03 : FWB 00-00:0083FDDF:02:?? = +5.91871181E-42
A8D6 : LDA #BE        : A=BE X=E7 Y=FF SP=?? N=1 V=0 D=0 I=0 Z=0 C=0 : FWA 80-79:881B9BFB:00:00 = -4.15368191E-03 : FWB 00-00:0083FDDF:02:?? = +5.91871181E-42
A8D8 : JSR A631       : A=BE X=E7 Y=FF SP=?? N=1 V=0 D=0 I=0 Z=0 C=0 : FWA 80-79:881B9BFB:00:00 = -4.15368191E-03 : FWB 00-00:0083FDDF:02:?? = +5.91871181E-42
A631 : JSR A5B4       : A=BE X=E7 Y=FF SP=?? N=1 V=0 D=0 I=0 Z=0 C=0 : FWA 80-79:881B9BFB:00:00 = -4.15368191E-03 : FWB 00-00:0083FDDF:02:?? = +5.91871181E-42
A5B4 : LDY #BF        : A=BE X=E7 Y=BF SP=?? N=1 V=0 D=0 I=0 Z=0 C=0 : FWA 80-79:881B9BFB:00:00 = -4.15368191E-03 : FWB 00-00:0083FDDF:02:?? = +5.91871181E-42
A5B6 : STA 4A         : A=BE X=E7 Y=BF SP=?? N=1 V=0 D=0 I=0 Z=0 C=0 : FWA 80-79:881B9BFB:00:00 = -4.15368191E-03 : FWB 00-00:0083FDDF:02:?? = +5.91871181E-42
A5B8 : STY 4B         : A=BE X=E7 Y=BF SP=?? N=1 V=0 D=0 I=0 Z=0 C=0 : FWA 80-79:881B9BFB:00:00 = -4.15368191E-03 : FWB 00-00:0083FDDF:02:?? = +5.91871181E-42
A5BA : RTS            : A=BE X=E7 Y=BF SP=?? N=1 V=0 D=0 I=0 Z=0 C=0 : FWA 80-79:881B9BFB:00:00 = -4.15368191E-03 : FWB 00-00:0083FDDF:02:?? = +5.91871181E-42
A634 : LDA 31         : A=88 X=E7 Y=BF SP=?? N=1 V=0 D=0 I=0 Z=0 C=0 : FWA 80-79:881B9BFB:00:00 = -4.15368191E-03 : FWB 00-00:0083FDDF:02:?? = +5.91871181E-42
A636 : BEQ A62C       : A=88 X=E7 Y=BF SP=?? N=1 V=0 D=0 I=0 Z=0 C=0 : FWA 80-79:881B9BFB:00:00 = -4.15368191E-03 : FWB 00-00:0083FDDF:02:?? = +5.91871181E-42
A638 : JSR A514       : A=88 X=E7 Y=BF SP=?? N=1 V=0 D=0 I=0 Z=0 C=0 : FWA 80-79:881B9BFB:00:00 = -4.15368191E-03 : FWB 00-00:0083FDDF:02:?? = +5.91871181E-42
A514 : STZ 41         : A=88 X=E7 Y=BF SP=?? N=1 V=0 D=0 I=0 Z=0 C=0 : FWA 80-79:881B9BFB:00:00 = -4.15368191E-03 : FWB 00-00:0083FDDF:00:?? = +5.91871181E-42
A516 : LDY #04        : A=88 X=E7 Y=04 SP=?? N=0 V=0 D=0 I=0 Z=0 C=0 : FWA 80-79:881B9BFB:00:00 = -4.15368191E-03 : FWB 00-00:0083FDDF:00:?? = +5.91871181E-42
A518 : LDA (4A),Y     : A=00 X=E7 Y=04 SP=?? N=0 V=0 D=0 I=0 Z=1 C=0 : FWA 80-79:881B9BFB:00:00 = -4.15368191E-03 : FWB 00-00:0083FDDF:00:?? = +5.91871181E-42
A51A : STA 40         : A=00 X=E7 Y=04 SP=?? N=0 V=0 D=0 I=0 Z=1 C=0 : FWA 80-79:881B9BFB:00:00 = -4.15368191E-03 : FWB 00-00:0083FD00:00:?? = +5.91855923E-42
A51C : DEY            : A=00 X=E7 Y=03 SP=?? N=0 V=0 D=0 I=0 Z=0 C=0 : FWA 80-79:881B9BFB:00:00 = -4.15368191E-03 : FWB 00-00:0083FD00:00:?? = +5.91855923E-42
A51D : LDA (4A),Y     : A=00 X=E7 Y=03 SP=?? N=0 V=0 D=0 I=0 Z=1 C=0 : FWA 80-79:881B9BFB:00:00 = -4.15368191E-03 : FWB 00-00:0083FD00:00:?? = +5.91855923E-42
A51F : STA 3F         : A=00 X=E7 Y=03 SP=?? N=0 V=0 D=0 I=0 Z=1 C=0 : FWA 80-79:881B9BFB:00:00 = -4.15368191E-03 : FWB 00-00:00830000:00:?? = +5.87424316E-42
A521 : DEY            : A=00 X=E7 Y=02 SP=?? N=0 V=0 D=0 I=0 Z=0 C=0 : FWA 80-79:881B9BFB:00:00 = -4.15368191E-03 : FWB 00-00:00830000:00:?? = +5.87424316E-42
A522 : LDA (4A),Y     : A=00 X=E7 Y=02 SP=?? N=0 V=0 D=0 I=0 Z=1 C=0 : FWA 80-79:881B9BFB:00:00 = -4.15368191E-03 : FWB 00-00:00830000:00:?? = +5.87424316E-42
A524 : STA 3E         : A=00 X=E7 Y=02 SP=?? N=0 V=0 D=0 I=0 Z=1 C=0 : FWA 80-79:881B9BFB:00:00 = -4.15368191E-03 : FWB 00-00:00000000:00:?? = +0.00000000E+00
A526 : DEY            : A=00 X=E7 Y=01 SP=?? N=0 V=0 D=0 I=0 Z=0 C=0 : FWA 80-79:881B9BFB:00:00 = -4.15368191E-03 : FWB 00-00:00000000:00:?? = +0.00000000E+00
A527 : LDA (4A),Y     : A=40 X=E7 Y=01 SP=?? N=0 V=0 D=0 I=0 Z=0 C=0 : FWA 80-79:881B9BFB:00:00 = -4.15368191E-03 : FWB 00-00:00000000:00:?? = +0.00000000E+00
A529 : STA 3B         : A=40 X=E7 Y=01 SP=?? N=0 V=0 D=0 I=0 Z=0 C=0 : FWA 80-79:881B9BFB:00:00 = -4.15368191E-03 : FWB 40-00:00000000:00:?? = +0.00000000E+00
A52B : TAY            : A=40 X=E7 Y=40 SP=?? N=0 V=0 D=0 I=0 Z=0 C=0 : FWA 80-79:881B9BFB:00:00 = -4.15368191E-03 : FWB 40-00:00000000:00:?? = +0.00000000E+00
A52C : LDA (4A)       : A=82 X=E7 Y=40 SP=?? N=1 V=0 D=0 I=0 Z=0 C=0 : FWA 80-79:881B9BFB:00:00 = -4.15368191E-03 : FWB 40-00:00000000:00:?? = +0.00000000E+00
A52E : STA 3C         : A=82 X=E7 Y=40 SP=?? N=1 V=0 D=0 I=0 Z=0 C=0 : FWA 80-79:881B9BFB:00:00 = -4.15368191E-03 : FWB 40-82:00000000:00:?? = +0.00000000E+00
A530 : BNE A53B       : A=82 X=E7 Y=40 SP=?? N=1 V=0 D=0 I=0 Z=0 C=0 : FWA 80-79:881B9BFB:00:00 = -4.15368191E-03 : FWB 40-82:00000000:00:?? = +0.00000000E+00
A53B : TYA            : A=40 X=E7 Y=40 SP=?? N=0 V=0 D=0 I=0 Z=0 C=0 : FWA 80-79:881B9BFB:00:00 = -4.15368191E-03 : FWB 40-82:00000000:00:?? = +0.00000000E+00
A53C : ORA #80        : A=C0 X=E7 Y=40 SP=?? N=1 V=0 D=0 I=0 Z=0 C=0 : FWA 80-79:881B9BFB:00:00 = -4.15368191E-03 : FWB 40-82:00000000:00:?? = +0.00000000E+00
A53E : STA 3D         : A=C0 X=E7 Y=40 SP=?? N=1 V=0 D=0 I=0 Z=0 C=0 : FWA 80-79:881B9BFB:00:00 = -4.15368191E-03 : FWB 40-82:C0000000:00:?? = +3.00000000E+00
A540 : RTS            : A=C0 X=E7 Y=40 SP=?? N=1 V=0 D=0 I=0 Z=0 C=0 : FWA 80-79:881B9BFB:00:00 = -4.15368191E-03 : FWB 40-82:C0000000:00:?? = +3.00000000E+00
A63B : BNE A640       : A=C0 X=E7 Y=40 SP=?? N=1 V=0 D=0 I=0 Z=0 C=0 : FWA 80-79:881B9BFB:00:00 = -4.15368191E-03 : FWB 40-82:C0000000:00:?? = +3.00000000E+00
A640 : LDA 3B         : A=40 X=E7 Y=40 SP=?? N=0 V=0 D=0 I=0 Z=0 C=0 : FWA 80-79:881B9BFB:00:00 = -4.15368191E-03 : FWB 40-82:C0000000:00:?? = +3.00000000E+00
A642 : EOR 2E         : A=C0 X=E7 Y=40 SP=?? N=1 V=0 D=0 I=0 Z=0 C=0 : FWA 80-79:881B9BFB:00:00 = -4.15368191E-03 : FWB 40-82:C0000000:00:?? = +3.00000000E+00
A644 : STA 2E         : A=C0 X=E7 Y=40 SP=?? N=1 V=0 D=0 I=0 Z=0 C=0 : FWA C0-79:881B9BFB:00:00 = -4.15368191E-03 : FWB 40-82:C0000000:00:?? = +3.00000000E+00
A646 : SEC            : A=C0 X=E7 Y=40 SP=?? N=1 V=0 D=0 I=0 Z=0 C=1 : FWA C0-79:881B9BFB:00:00 = -4.15368191E-03 : FWB 40-82:C0000000:00:?? = +3.00000000E+00
A647 : LDA 3C         : A=82 X=E7 Y=40 SP=?? N=1 V=0 D=0 I=0 Z=0 C=1 : FWA C0-79:881B9BFB:00:00 = -4.15368191E-03 : FWB 40-82:C0000000:00:?? = +3.00000000E+00
A649 : ADC #81        : A=04 X=E7 Y=40 SP=?? N=0 V=1 D=0 I=0 Z=0 C=1 : FWA C0-79:881B9BFB:00:00 = -4.15368191E-03 : FWB 40-82:C0000000:00:?? = +3.00000000E+00
A64B : ROL 2F         : A=04 X=E7 Y=40 SP=?? N=0 V=1 D=0 I=0 Z=0 C=0 : FWA C0-79:881B9BFB:00:01 = -4.15368191E-03 : FWB 40-82:C0000000:00:?? = +3.00000000E+00
A64D : SBC 30         : A=8A X=E7 Y=40 SP=?? N=1 V=0 D=0 I=0 Z=0 C=0 : FWA C0-79:881B9BFB:00:01 = -4.15368191E-03 : FWB 40-82:C0000000:00:?? = +3.00000000E+00
A64F : BCS A653       : A=8A X=E7 Y=40 SP=?? N=1 V=0 D=0 I=0 Z=0 C=0 : FWA C0-79:881B9BFB:00:01 = -4.15368191E-03 : FWB 40-82:C0000000:00:?? = +3.00000000E+00
A651 : DEC 2F         : A=8A X=E7 Y=40 SP=?? N=0 V=0 D=0 I=0 Z=1 C=0 : FWA C0-79:881B9BFB:00:00 = -4.15368191E-03 : FWB 40-82:C0000000:00:?? = +3.00000000E+00
A653 : STA 30         : A=8A X=E7 Y=40 SP=?? N=0 V=0 D=0 I=0 Z=1 C=0 : FWA C0-8A:881B9BFB:00:00 = -5.44431395E+02 : FWB 40-82:C0000000:00:?? = +3.00000000E+00
A655 : LDA 3D         : A=C0 X=E7 Y=40 SP=?? N=1 V=0 D=0 I=0 Z=0 C=0 : FWA C0-8A:881B9BFB:00:00 = -5.44431395E+02 : FWB 40-82:C0000000:00:?? = +3.00000000E+00
A657 : CLC            : A=C0 X=E7 Y=40 SP=?? N=1 V=0 D=0 I=0 Z=0 C=0 : FWA C0-8A:881B9BFB:00:00 = -5.44431395E+02 : FWB 40-82:C0000000:00:?? = +3.00000000E+00
A658 : LDY #04        : A=C0 X=E7 Y=04 SP=?? N=0 V=0 D=0 I=0 Z=0 C=0 : FWA C0-8A:881B9BFB:00:00 = -5.44431395E+02 : FWB 40-82:C0000000:00:?? = +3.00000000E+00
A65A : STY 3C         : A=C0 X=E7 Y=04 SP=?? N=0 V=0 D=0 I=0 Z=0 C=0 : FWA C0-8A:881B9BFB:00:00 = -5.44431395E+02 : FWB 40-04:C0000000:00:?? = +3.52648305E-38
A65C : LDX #08        : A=C0 X=08 Y=04 SP=?? N=0 V=0 D=0 I=0 Z=0 C=0 : FWA C0-8A:881B9BFB:00:00 = -5.44431395E+02 : FWB 40-04:C0000000:00:?? = +3.52648305E-38
A65E : BCS A676       : A=C0 X=08 Y=04 SP=?? N=0 V=0 D=0 I=0 Z=0 C=0 : FWA C0-8A:881B9BFB:00:00 = -5.44431395E+02 : FWB 40-04:C0000000:00:?? = +3.52648305E-38
A660 : CMP 31         : A=C0 X=08 Y=04 SP=?? N=0 V=0 D=0 I=0 Z=0 C=1 : FWA C0-8A:881B9BFB:00:00 = -5.44431395E+02 : FWB 40-04:C0000000:00:?? = +3.52648305E-38
A662 : BNE A674       : A=C0 X=08 Y=04 SP=?? N=0 V=0 D=0 I=0 Z=0 C=1 : FWA C0-8A:881B9BFB:00:00 = -5.44431395E+02 : FWB 40-04:C0000000:00:?? = +3.52648305E-38
A674 : BCC A68D       : A=C0 X=08 Y=04 SP=?? N=0 V=0 D=0 I=0 Z=0 C=1 : FWA C0-8A:881B9BFB:00:00 = -5.44431395E+02 : FWB 40-04:C0000000:00:?? = +3.52648305E-38
A676 : TAY            : A=C0 X=08 Y=C0 SP=?? N=1 V=0 D=0 I=0 Z=0 C=1 : FWA C0-8A:881B9BFB:00:00 = -5.44431395E+02 : FWB 40-04:C0000000:00:?? = +3.52648305E-38
A677 : LDA 40         : A=00 X=08 Y=C0 SP=?? N=0 V=0 D=0 I=0 Z=1 C=1 : FWA C0-8A:881B9BFB:00:00 = -5.44431395E+02 : FWB 40-04:C0000000:00:?? = +3.52648305E-38
A679 : SBC 34         : A=05 X=08 Y=C0 SP=?? N=0 V=0 D=0 I=0 Z=0 C=0 : FWA C0-8A:881B9BFB:00:00 = -5.44431395E+02 : FWB 40-04:C0000000:00:?? = +3.52648305E-38
A67B : STA 40         : A=05 X=08 Y=C0 SP=?? N=0 V=0 D=0 I=0 Z=0 C=0 : FWA C0-8A:881B9BFB:00:00 = -5.44431395E+02 : FWB 40-04:C0000005:00:?? = +3.52648306E-38
A67D : LDA 3F         : A=00 X=08 Y=C0 SP=?? N=0 V=0 D=0 I=0 Z=1 C=0 : FWA C0-8A:881B9BFB:00:00 = -5.44431395E+02 : FWB 40-04:C0000005:00:?? = +3.52648306E-38
A67F : SBC 33         : A=64 X=08 Y=C0 SP=?? N=0 V=0 D=0 I=0 Z=0 C=0 : FWA C0-8A:881B9BFB:00:00 = -5.44431395E+02 : FWB 40-04:C0000005:00:?? = +3.52648306E-38
A681 : STA 3F         : A=64 X=08 Y=C0 SP=?? N=0 V=0 D=0 I=0 Z=0 C=0 : FWA C0-8A:881B9BFB:00:00 = -5.44431395E+02 : FWB 40-04:C0006405:00:?? = +3.52651108E-38
A683 : LDA 3E         : A=00 X=08 Y=C0 SP=?? N=0 V=0 D=0 I=0 Z=1 C=0 : FWA C0-8A:881B9BFB:00:00 = -5.44431395E+02 : FWB 40-04:C0006405:00:?? = +3.52651108E-38
A685 : SBC 32         : A=E4 X=08 Y=C0 SP=?? N=1 V=0 D=0 I=0 Z=0 C=0 : FWA C0-8A:881B9BFB:00:00 = -5.44431395E+02 : FWB 40-04:C0006405:00:?? = +3.52651108E-38
A687 : STA 3E         : A=E4 X=08 Y=C0 SP=?? N=1 V=0 D=0 I=0 Z=0 C=0 : FWA C0-8A:881B9BFB:00:00 = -5.44431395E+02 : FWB 40-04:C0E46405:00:?? = +3.54286928E-38
A689 : TYA            : A=C0 X=08 Y=C0 SP=?? N=1 V=0 D=0 I=0 Z=0 C=0 : FWA C0-8A:881B9BFB:00:00 = -5.44431395E+02 : FWB 40-04:C0E46405:00:?? = +3.54286928E-38
A68A : SBC 31         : A=37 X=08 Y=C0 SP=?? N=0 V=0 D=0 I=0 Z=0 C=1 : FWA C0-8A:881B9BFB:00:00 = -5.44431395E+02 : FWB 40-04:C0E46405:00:?? = +3.54286928E-38
A68C : SEC            : A=37 X=08 Y=C0 SP=?? N=0 V=0 D=0 I=0 Z=0 C=1 : FWA C0-8A:881B9BFB:00:00 = -5.44431395E+02 : FWB 40-04:C0E46405:00:?? = +3.54286928E-38
A68D : ROL 3B         : A=37 X=08 Y=C0 SP=?? N=1 V=0 D=0 I=0 Z=0 C=0 : FWA C0-8A:881B9BFB:00:00 = -5.44431395E+02 : FWB 81-04:C0E46405:00:?? = -3.54286928E-38
A68F : ASL 40         : A=37 X=08 Y=C0 SP=?? N=0 V=0 D=0 I=0 Z=0 C=0 : FWA C0-8A:881B9BFB:00:00 = -5.44431395E+02 : FWB 81-04:C0E4640A:00:?? = -3.54286929E-38
A691 : ROL 3F         : A=37 X=08 Y=C0 SP=?? N=1 V=0 D=0 I=0 Z=0 C=0 : FWA C0-8A:881B9BFB:00:00 = -5.44431395E+02 : FWB 81-04:C0E4C80A:00:?? = -3.54289731E-38
A693 : ROL 3E         : A=37 X=08 Y=C0 SP=?? N=1 V=0 D=0 I=0 Z=0 C=1 : FWA C0-8A:881B9BFB:00:00 = -5.44431395E+02 : FWB 81-04:C0C8C80A:00:?? = -3.54088841E-38
A695 : ROL A          : A=6F X=08 Y=C0 SP=?? N=0 V=0 D=0 I=0 Z=0 C=0 : FWA C0-8A:881B9BFB:00:00 = -5.44431395E+02 : FWB 81-04:C0C8C80A:00:?? = -3.54088841E-38
A696 : DEX            : A=6F X=07 Y=C0 SP=?? N=0 V=0 D=0 I=0 Z=0 C=0 : FWA C0-8A:881B9BFB:00:00 = -5.44431395E+02 : FWB 81-04:C0C8C80A:00:?? = -3.54088841E-38
A697 : BNE A65E       : A=6F X=07 Y=C0 SP=?? N=0 V=0 D=0 I=0 Z=0 C=0 : FWA C0-8A:881B9BFB:00:00 = -5.44431395E+02 : FWB 81-04:C0C8C80A:00:?? = -3.54088841E-38
A65E : BCS A676       : A=6F X=07 Y=C0 SP=?? N=0 V=0 D=0 I=0 Z=0 C=0 : FWA C0-8A:881B9BFB:00:00 = -5.44431395E+02 : FWB 81-04:C0C8C80A:00:?? = -3.54088841E-38
A660 : CMP 31         : A=6F X=07 Y=C0 SP=?? N=1 V=0 D=0 I=0 Z=0 C=0 : FWA C0-8A:881B9BFB:00:00 = -5.44431395E+02 : FWB 81-04:C0C8C80A:00:?? = -3.54088841E-38
A662 : BNE A674       : A=6F X=07 Y=C0 SP=?? N=1 V=0 D=0 I=0 Z=0 C=0 : FWA C0-8A:881B9BFB:00:00 = -5.44431395E+02 : FWB 81-04:C0C8C80A:00:?? = -3.54088841E-38
A674 : BCC A68D       : A=6F X=07 Y=C0 SP=?? N=1 V=0 D=0 I=0 Z=0 C=0 : FWA C0-8A:881B9BFB:00:00 = -5.44431395E+02 : FWB 81-04:C0C8C80A:00:?? = -3.54088841E-38
A68D : ROL 3B         : A=6F X=07 Y=C0 SP=?? N=0 V=0 D=0 I=0 Z=0 C=1 : FWA C0-8A:881B9BFB:00:00 = -5.44431395E+02 : FWB 02-04:C0C8C80A:00:?? = +3.54088841E-38
A68F : ASL 40         : A=6F X=07 Y=C0 SP=?? N=0 V=0 D=0 I=0 Z=0 C=0 : FWA C0-8A:881B9BFB:00:00 = -5.44431395E+02 : FWB 02-04:C0C8C814:00:?? = +3.54088842E-38
A691 : ROL 3F         : A=6F X=07 Y=C0 SP=?? N=1 V=0 D=0 I=0 Z=0 C=1 : FWA C0-8A:881B9BFB:00:00 = -5.44431395E+02 : FWB 02-04:C0C89014:00:?? = +3.54087273E-38
A693 : ROL 3E         : A=6F X=07 Y=C0 SP=?? N=1 V=0 D=0 I=0 Z=0 C=1 : FWA C0-8A:881B9BFB:00:00 = -5.44431395E+02 : FWB 02-04:C0919014:00:?? = +3.53692667E-38
A695 : ROL A          : A=DF X=07 Y=C0 SP=?? N=1 V=0 D=0 I=0 Z=0 C=0 : FWA C0-8A:881B9BFB:00:00 = -5.44431395E+02 : FWB 02-04:C0919014:00:?? = +3.53692667E-38
A696 : DEX            : A=DF X=06 Y=C0 SP=?? N=0 V=0 D=0 I=0 Z=0 C=0 : FWA C0-8A:881B9BFB:00:00 = -5.44431395E+02 : FWB 02-04:C0919014:00:?? = +3.53692667E-38
A697 : BNE A65E       : A=DF X=06 Y=C0 SP=?? N=0 V=0 D=0 I=0 Z=0 C=0 : FWA C0-8A:881B9BFB:00:00 = -5.44431395E+02 : FWB 02-04:C0919014:00:?? = +3.53692667E-38
A65E : BCS A676       : A=DF X=06 Y=C0 SP=?? N=0 V=0 D=0 I=0 Z=0 C=0 : FWA C0-8A:881B9BFB:00:00 = -5.44431395E+02 : FWB 02-04:C0919014:00:?? = +3.53692667E-38
A660 : CMP 31         : A=DF X=06 Y=C0 SP=?? N=0 V=0 D=0 I=0 Z=0 C=1 : FWA C0-8A:881B9BFB:00:00 = -5.44431395E+02 : FWB 02-04:C0919014:00:?? = +3.53692667E-38
A662 : BNE A674       : A=DF X=06 Y=C0 SP=?? N=0 V=0 D=0 I=0 Z=0 C=1 : FWA C0-8A:881B9BFB:00:00 = -5.44431395E+02 : FWB 02-04:C0919014:00:?? = +3.53692667E-38
A674 : BCC A68D       : A=DF X=06 Y=C0 SP=?? N=0 V=0 D=0 I=0 Z=0 C=1 : FWA C0-8A:881B9BFB:00:00 = -5.44431395E+02 : FWB 02-04:C0919014:00:?? = +3.53692667E-38
A676 : TAY            : A=DF X=06 Y=DF SP=?? N=1 V=0 D=0 I=0 Z=0 C=1 : FWA C0-8A:881B9BFB:00:00 = -5.44431395E+02 : FWB 02-04:C0919014:00:?? = +3.53692667E-38
A677 : LDA 40         : A=14 X=06 Y=DF SP=?? N=0 V=0 D=0 I=0 Z=0 C=1 : FWA C0-8A:881B9BFB:00:00 = -5.44431395E+02 : FWB 02-04:C0919014:00:?? = +3.53692667E-38
A679 : SBC 34         : A=19 X=06 Y=DF SP=?? N=0 V=0 D=0 I=0 Z=0 C=0 : FWA C0-8A:881B9BFB:00:00 = -5.44431395E+02 : FWB 02-04:C0919014:00:?? = +3.53692667E-38
A67B : STA 40         : A=19 X=06 Y=DF SP=?? N=0 V=0 D=0 I=0 Z=0 C=0 : FWA C0-8A:881B9BFB:00:00 = -5.44431395E+02 : FWB 02-04:C0919019:00:?? = +3.53692668E-38
A67D : LDA 3F         : A=90 X=06 Y=DF SP=?? N=1 V=0 D=0 I=0 Z=0 C=0 : FWA C0-8A:881B9BFB:00:00 = -5.44431395E+02 : FWB 02-04:C0919019:00:?? = +3.53692668E-38
A67F : SBC 33         : A=F4 X=06 Y=DF SP=?? N=1 V=0 D=0 I=0 Z=0 C=0 : FWA C0-8A:881B9BFB:00:00 = -5.44431395E+02 : FWB 02-04:C0919019:00:?? = +3.53692668E-38
A681 : STA 3F         : A=F4 X=06 Y=DF SP=?? N=1 V=0 D=0 I=0 Z=0 C=0 : FWA C0-8A:881B9BFB:00:00 = -5.44431395E+02 : FWB 02-04:C091F419:00:?? = +3.53695470E-38
A683 : LDA 3E         : A=91 X=06 Y=DF SP=?? N=1 V=0 D=0 I=0 Z=0 C=0 : FWA C0-8A:881B9BFB:00:00 = -5.44431395E+02 : FWB 02-04:C091F419:00:?? = +3.53695470E-38
A685 : SBC 32         : A=75 X=06 Y=DF SP=?? N=0 V=1 D=0 I=0 Z=0 C=1 : FWA C0-8A:881B9BFB:00:00 = -5.44431395E+02 : FWB 02-04:C091F419:00:?? = +3.53695470E-38
A687 : STA 3E         : A=75 X=06 Y=DF SP=?? N=0 V=1 D=0 I=0 Z=0 C=1 : FWA C0-8A:881B9BFB:00:00 = -5.44431395E+02 : FWB 02-04:C075F419:00:?? = +3.53494580E-38
A689 : TYA            : A=DF X=06 Y=DF SP=?? N=1 V=1 D=0 I=0 Z=0 C=1 : FWA C0-8A:881B9BFB:00:00 = -5.44431395E+02 : FWB 02-04:C075F419:00:?? = +3.53494580E-38
A68A : SBC 31         : A=57 X=06 Y=DF SP=?? N=0 V=0 D=0 I=0 Z=0 C=1 : FWA C0-8A:881B9BFB:00:00 = -5.44431395E+02 : FWB 02-04:C075F419:00:?? = +3.53494580E-38
A68C : SEC            : A=57 X=06 Y=DF SP=?? N=0 V=0 D=0 I=0 Z=0 C=1 : FWA C0-8A:881B9BFB:00:00 = -5.44431395E+02 : FWB 02-04:C075F419:00:?? = +3.53494580E-38
A68D : ROL 3B         : A=57 X=06 Y=DF SP=?? N=0 V=0 D=0 I=0 Z=0 C=0 : FWA C0-8A:881B9BFB:00:00 = -5.44431395E+02 : FWB 05-04:C075F419:00:?? = +3.53494580E-38
A68F : ASL 40         : A=57 X=06 Y=DF SP=?? N=0 V=0 D=0 I=0 Z=0 C=0 : FWA C0-8A:881B9BFB:00:00 = -5.44431395E+02 : FWB 05-04:C075F432:00:?? = +3.53494583E-38
A691 : ROL 3F         : A=57 X=06 Y=DF SP=?? N=1 V=0 D=0 I=0 Z=0 C=1 : FWA C0-8A:881B9BFB:00:00 = -5.44431395E+02 : FWB 05-04:C075E832:00:?? = +3.53494247E-38
A693 : ROL 3E         : A=57 X=06 Y=DF SP=?? N=1 V=0 D=0 I=0 Z=0 C=0 : FWA C0-8A:881B9BFB:00:00 = -5.44431395E+02 : FWB 05-04:C0EBE832:00:?? = +3.54340855E-38
A695 : ROL A          : A=AE X=06 Y=DF SP=?? N=1 V=0 D=0 I=0 Z=0 C=0 : FWA C0-8A:881B9BFB:00:00 = -5.44431395E+02 : FWB 05-04:C0EBE832:00:?? = +3.54340855E-38
A696 : DEX            : A=AE X=05 Y=DF SP=?? N=0 V=0 D=0 I=0 Z=0 C=0 : FWA C0-8A:881B9BFB:00:00 = -5.44431395E+02 : FWB 05-04:C0EBE832:00:?? = +3.54340855E-38
A697 : BNE A65E       : A=AE X=05 Y=DF SP=?? N=0 V=0 D=0 I=0 Z=0 C=0 : FWA C0-8A:881B9BFB:00:00 = -5.44431395E+02 : FWB 05-04:C0EBE832:00:?? = +3.54340855E-38
A65E : BCS A676       : A=AE X=05 Y=DF SP=?? N=0 V=0 D=0 I=0 Z=0 C=0 : FWA C0-8A:881B9BFB:00:00 = -5.44431395E+02 : FWB 05-04:C0EBE832:00:?? = +3.54340855E-38
A660 : CMP 31         : A=AE X=05 Y=DF SP=?? N=0 V=0 D=0 I=0 Z=0 C=1 : FWA C0-8A:881B9BFB:00:00 = -5.44431395E+02 : FWB 05-04:C0EBE832:00:?? = +3.54340855E-38
A662 : BNE A674       : A=AE X=05 Y=DF SP=?? N=0 V=0 D=0 I=0 Z=0 C=1 : FWA C0-8A:881B9BFB:00:00 = -5.44431395E+02 : FWB 05-04:C0EBE832:00:?? = +3.54340855E-38
A674 : BCC A68D       : A=AE X=05 Y=DF SP=?? N=0 V=0 D=0 I=0 Z=0 C=1 : FWA C0-8A:881B9BFB:00:00 = -5.44431395E+02 : FWB 05-04:C0EBE832:00:?? = +3.54340855E-38
A676 : TAY            : A=AE X=05 Y=AE SP=?? N=1 V=0 D=0 I=0 Z=0 C=1 : FWA C0-8A:881B9BFB:00:00 = -5.44431395E+02 : FWB 05-04:C0EBE832:00:?? = +3.54340855E-38
A677 : LDA 40         : A=32 X=05 Y=AE SP=?? N=0 V=0 D=0 I=0 Z=0 C=1 : FWA C0-8A:881B9BFB:00:00 = -5.44431395E+02 : FWB 05-04:C0EBE832:00:?? = +3.54340855E-38
A679 : SBC 34         : A=37 X=05 Y=AE SP=?? N=0 V=0 D=0 I=0 Z=0 C=0 : FWA C0-8A:881B9BFB:00:00 = -5.44431395E+02 : FWB 05-04:C0EBE832:00:?? = +3.54340855E-38
A67B : STA 40         : A=37 X=05 Y=AE SP=?? N=0 V=0 D=0 I=0 Z=0 C=0 : FWA C0-8A:881B9BFB:00:00 = -5.44431395E+02 : FWB 05-04:C0EBE837:00:?? = +3.54340856E-38
A67D : LDA 3F         : A=E8 X=05 Y=AE SP=?? N=1 V=0 D=0 I=0 Z=0 C=0 : FWA C0-8A:881B9BFB:00:00 = -5.44431395E+02 : FWB 05-04:C0EBE837:00:?? = +3.54340856E-38
A67F : SBC 33         : A=4C X=05 Y=AE SP=?? N=0 V=0 D=0 I=0 Z=0 C=1 : FWA C0-8A:881B9BFB:00:00 = -5.44431395E+02 : FWB 05-04:C0EBE837:00:?? = +3.54340856E-38
A681 : STA 3F         : A=4C X=05 Y=AE SP=?? N=0 V=0 D=0 I=0 Z=0 C=1 : FWA C0-8A:881B9BFB:00:00 = -5.44431395E+02 : FWB 05-04:C0EB4C37:00:?? = +3.54336484E-38
A683 : LDA 3E         : A=EB X=05 Y=AE SP=?? N=1 V=0 D=0 I=0 Z=0 C=1 : FWA C0-8A:881B9BFB:00:00 = -5.44431395E+02 : FWB 05-04:C0EB4C37:00:?? = +3.54336484E-38
A685 : SBC 32         : A=D0 X=05 Y=AE SP=?? N=1 V=0 D=0 I=0 Z=0 C=1 : FWA C0-8A:881B9BFB:00:00 = -5.44431395E+02 : FWB 05-04:C0EB4C37:00:?? = +3.54336484E-38
A687 : STA 3E         : A=D0 X=05 Y=AE SP=?? N=1 V=0 D=0 I=0 Z=0 C=1 : FWA C0-8A:881B9BFB:00:00 = -5.44431395E+02 : FWB 05-04:C0D04C37:00:?? = +3.54142768E-38
A689 : TYA            : A=AE X=05 Y=AE SP=?? N=1 V=0 D=0 I=0 Z=0 C=1 : FWA C0-8A:881B9BFB:00:00 = -5.44431395E+02 : FWB 05-04:C0D04C37:00:?? = +3.54142768E-38
A68A : SBC 31         : A=26 X=05 Y=AE SP=?? N=0 V=0 D=0 I=0 Z=0 C=1 : FWA C0-8A:881B9BFB:00:00 = -5.44431395E+02 : FWB 05-04:C0D04C37:00:?? = +3.54142768E-38
A68C : SEC            : A=26 X=05 Y=AE SP=?? N=0 V=0 D=0 I=0 Z=0 C=1 : FWA C0-8A:881B9BFB:00:00 = -5.44431395E+02 : FWB 05-04:C0D04C37:00:?? = +3.54142768E-38
A68D : ROL 3B         : A=26 X=05 Y=AE SP=?? N=0 V=0 D=0 I=0 Z=0 C=0 : FWA C0-8A:881B9BFB:00:00 = -5.44431395E+02 : FWB 0B-04:C0D04C37:00:?? = +3.54142768E-38
A68F : ASL 40         : A=26 X=05 Y=AE SP=?? N=0 V=0 D=0 I=0 Z=0 C=0 : FWA C0-8A:881B9BFB:00:00 = -5.44431395E+02 : FWB 0B-04:C0D04C6E:00:?? = +3.54142774E-38
A691 : ROL 3F         : A=26 X=05 Y=AE SP=?? N=1 V=0 D=0 I=0 Z=0 C=0 : FWA C0-8A:881B9BFB:00:00 = -5.44431395E+02 : FWB 0B-04:C0D0986E:00:?? = +3.54144904E-38
A693 : ROL 3E         : A=26 X=05 Y=AE SP=?? N=1 V=0 D=0 I=0 Z=0 C=1 : FWA C0-8A:881B9BFB:00:00 = -5.44431395E+02 : FWB 0B-04:C0A0986E:00:?? = +3.53800521E-38
A695 : ROL A          : A=4D X=05 Y=AE SP=?? N=0 V=0 D=0 I=0 Z=0 C=0 : FWA C0-8A:881B9BFB:00:00 = -5.44431395E+02 : FWB 0B-04:C0A0986E:00:?? = +3.53800521E-38
A696 : DEX            : A=4D X=04 Y=AE SP=?? N=0 V=0 D=0 I=0 Z=0 C=0 : FWA C0-8A:881B9BFB:00:00 = -5.44431395E+02 : FWB 0B-04:C0A0986E:00:?? = +3.53800521E-38
A697 : BNE A65E       : A=4D X=04 Y=AE SP=?? N=0 V=0 D=0 I=0 Z=0 C=0 : FWA C0-8A:881B9BFB:00:00 = -5.44431395E+02 : FWB 0B-04:C0A0986E:00:?? = +3.53800521E-38
A65E : BCS A676       : A=4D X=04 Y=AE SP=?? N=0 V=0 D=0 I=0 Z=0 C=0 : FWA C0-8A:881B9BFB:00:00 = -5.44431395E+02 : FWB 0B-04:C0A0986E:00:?? = +3.53800521E-38
A660 : CMP 31         : A=4D X=04 Y=AE SP=?? N=1 V=0 D=0 I=0 Z=0 C=0 : FWA C0-8A:881B9BFB:00:00 = -5.44431395E+02 : FWB 0B-04:C0A0986E:00:?? = +3.53800521E-38
A662 : BNE A674       : A=4D X=04 Y=AE SP=?? N=1 V=0 D=0 I=0 Z=0 C=0 : FWA C0-8A:881B9BFB:00:00 = -5.44431395E+02 : FWB 0B-04:C0A0986E:00:?? = +3.53800521E-38
A674 : BCC A68D       : A=4D X=04 Y=AE SP=?? N=1 V=0 D=0 I=0 Z=0 C=0 : FWA C0-8A:881B9BFB:00:00 = -5.44431395E+02 : FWB 0B-04:C0A0986E:00:?? = +3.53800521E-38
A68D : ROL 3B         : A=4D X=04 Y=AE SP=?? N=0 V=0 D=0 I=0 Z=0 C=0 : FWA C0-8A:881B9BFB:00:00 = -5.44431395E+02 : FWB 16-04:C0A0986E:00:?? = +3.53800521E-38
A68F : ASL 40         : A=4D X=04 Y=AE SP=?? N=1 V=0 D=0 I=0 Z=0 C=0 : FWA C0-8A:881B9BFB:00:00 = -5.44431395E+02 : FWB 16-04:C0A098DC:00:?? = +3.53800533E-38
A691 : ROL 3F         : A=4D X=04 Y=AE SP=?? N=0 V=0 D=0 I=0 Z=0 C=1 : FWA C0-8A:881B9BFB:00:00 = -5.44431395E+02 : FWB 16-04:C0A030DC:00:?? = +3.53797618E-38
A693 : ROL 3E         : A=4D X=04 Y=AE SP=?? N=0 V=0 D=0 I=0 Z=0 C=1 : FWA C0-8A:881B9BFB:00:00 = -5.44431395E+02 : FWB 16-04:C04130DC:00:?? = +3.53116027E-38
A695 : ROL A          : A=9B X=04 Y=AE SP=?? N=1 V=0 D=0 I=0 Z=0 C=0 : FWA C0-8A:881B9BFB:00:00 = -5.44431395E+02 : FWB 16-04:C04130DC:00:?? = +3.53116027E-38
A696 : DEX            : A=9B X=03 Y=AE SP=?? N=0 V=0 D=0 I=0 Z=0 C=0 : FWA C0-8A:881B9BFB:00:00 = -5.44431395E+02 : FWB 16-04:C04130DC:00:?? = +3.53116027E-38
A697 : BNE A65E       : A=9B X=03 Y=AE SP=?? N=0 V=0 D=0 I=0 Z=0 C=0 : FWA C0-8A:881B9BFB:00:00 = -5.44431395E+02 : FWB 16-04:C04130DC:00:?? = +3.53116027E-38
A65E : BCS A676       : A=9B X=03 Y=AE SP=?? N=0 V=0 D=0 I=0 Z=0 C=0 : FWA C0-8A:881B9BFB:00:00 = -5.44431395E+02 : FWB 16-04:C04130DC:00:?? = +3.53116027E-38
A660 : CMP 31         : A=9B X=03 Y=AE SP=?? N=0 V=0 D=0 I=0 Z=0 C=1 : FWA C0-8A:881B9BFB:00:00 = -5.44431395E+02 : FWB 16-04:C04130DC:00:?? = +3.53116027E-38
A662 : BNE A674       : A=9B X=03 Y=AE SP=?? N=0 V=0 D=0 I=0 Z=0 C=1 : FWA C0-8A:881B9BFB:00:00 = -5.44431395E+02 : FWB 16-04:C04130DC:00:?? = +3.53116027E-38
A674 : BCC A68D       : A=9B X=03 Y=AE SP=?? N=0 V=0 D=0 I=0 Z=0 C=1 : FWA C0-8A:881B9BFB:00:00 = -5.44431395E+02 : FWB 16-04:C04130DC:00:?? = +3.53116027E-38
A676 : TAY            : A=9B X=03 Y=9B SP=?? N=1 V=0 D=0 I=0 Z=0 C=1 : FWA C0-8A:881B9BFB:00:00 = -5.44431395E+02 : FWB 16-04:C04130DC:00:?? = +3.53116027E-38
A677 : LDA 40         : A=DC X=03 Y=9B SP=?? N=1 V=0 D=0 I=0 Z=0 C=1 : FWA C0-8A:881B9BFB:00:00 = -5.44431395E+02 : FWB 16-04:C04130DC:00:?? = +3.53116027E-38
A679 : SBC 34         : A=E1 X=03 Y=9B SP=?? N=1 V=0 D=0 I=0 Z=0 C=0 : FWA C0-8A:881B9BFB:00:00 = -5.44431395E+02 : FWB 16-04:C04130DC:00:?? = +3.53116027E-38
A67B : STA 40         : A=E1 X=03 Y=9B SP=?? N=1 V=0 D=0 I=0 Z=0 C=0 : FWA C0-8A:881B9BFB:00:00 = -5.44431395E+02 : FWB 16-04:C04130E1:00:?? = +3.53116027E-38
A67D : LDA 3F         : A=30 X=03 Y=9B SP=?? N=0 V=0 D=0 I=0 Z=0 C=0 : FWA C0-8A:881B9BFB:00:00 = -5.44431395E+02 : FWB 16-04:C04130E1:00:?? = +3.53116027E-38
A67F : SBC 33         : A=94 X=03 Y=9B SP=?? N=1 V=1 D=0 I=0 Z=0 C=0 : FWA C0-8A:881B9BFB:00:00 = -5.44431395E+02 : FWB 16-04:C04130E1:00:?? = +3.53116027E-38
A681 : STA 3F         : A=94 X=03 Y=9B SP=?? N=1 V=1 D=0 I=0 Z=0 C=0 : FWA C0-8A:881B9BFB:00:00 = -5.44431395E+02 : FWB 16-04:C04194E1:00:?? = +3.53118830E-38
A683 : LDA 3E         : A=41 X=03 Y=9B SP=?? N=0 V=1 D=0 I=0 Z=0 C=0 : FWA C0-8A:881B9BFB:00:00 = -5.44431395E+02 : FWB 16-04:C04194E1:00:?? = +3.53118830E-38
A685 : SBC 32         : A=25 X=03 Y=9B SP=?? N=0 V=0 D=0 I=0 Z=0 C=1 : FWA C0-8A:881B9BFB:00:00 = -5.44431395E+02 : FWB 16-04:C04194E1:00:?? = +3.53118830E-38
A687 : STA 3E         : A=25 X=03 Y=9B SP=?? N=0 V=0 D=0 I=0 Z=0 C=1 : FWA C0-8A:881B9BFB:00:00 = -5.44431395E+02 : FWB 16-04:C02594E1:00:?? = +3.52917940E-38
A689 : TYA            : A=9B X=03 Y=9B SP=?? N=1 V=0 D=0 I=0 Z=0 C=1 : FWA C0-8A:881B9BFB:00:00 = -5.44431395E+02 : FWB 16-04:C02594E1:00:?? = +3.52917940E-38
A68A : SBC 31         : A=13 X=03 Y=9B SP=?? N=0 V=0 D=0 I=0 Z=0 C=1 : FWA C0-8A:881B9BFB:00:00 = -5.44431395E+02 : FWB 16-04:C02594E1:00:?? = +3.52917940E-38
A68C : SEC            : A=13 X=03 Y=9B SP=?? N=0 V=0 D=0 I=0 Z=0 C=1 : FWA C0-8A:881B9BFB:00:00 = -5.44431395E+02 : FWB 16-04:C02594E1:00:?? = +3.52917940E-38
A68D : ROL 3B         : A=13 X=03 Y=9B SP=?? N=0 V=0 D=0 I=0 Z=0 C=0 : FWA C0-8A:881B9BFB:00:00 = -5.44431395E+02 : FWB 2D-04:C02594E1:00:?? = +3.52917940E-38
A68F : ASL 40         : A=13 X=03 Y=9B SP=?? N=1 V=0 D=0 I=0 Z=0 C=1 : FWA C0-8A:881B9BFB:00:00 = -5.44431395E+02 : FWB 2D-04:C02594C2:00:?? = +3.52917936E-38
A691 : ROL 3F         : A=13 X=03 Y=9B SP=?? N=0 V=0 D=0 I=0 Z=0 C=1 : FWA C0-8A:881B9BFB:00:00 = -5.44431395E+02 : FWB 2D-04:C02529C2:00:?? = +3.52914938E-38
A693 : ROL 3E         : A=13 X=03 Y=9B SP=?? N=0 V=0 D=0 I=0 Z=0 C=0 : FWA C0-8A:881B9BFB:00:00 = -5.44431395E+02 : FWB 2D-04:C04B29C2:00:?? = +3.53187574E-38
A695 : ROL A          : A=26 X=03 Y=9B SP=?? N=0 V=0 D=0 I=0 Z=0 C=0 : FWA C0-8A:881B9BFB:00:00 = -5.44431395E+02 : FWB 2D-04:C04B29C2:00:?? = +3.53187574E-38
A696 : DEX            : A=26 X=02 Y=9B SP=?? N=0 V=0 D=0 I=0 Z=0 C=0 : FWA C0-8A:881B9BFB:00:00 = -5.44431395E+02 : FWB 2D-04:C04B29C2:00:?? = +3.53187574E-38
A697 : BNE A65E       : A=26 X=02 Y=9B SP=?? N=0 V=0 D=0 I=0 Z=0 C=0 : FWA C0-8A:881B9BFB:00:00 = -5.44431395E+02 : FWB 2D-04:C04B29C2:00:?? = +3.53187574E-38
A65E : BCS A676       : A=26 X=02 Y=9B SP=?? N=0 V=0 D=0 I=0 Z=0 C=0 : FWA C0-8A:881B9BFB:00:00 = -5.44431395E+02 : FWB 2D-04:C04B29C2:00:?? = +3.53187574E-38
A660 : CMP 31         : A=26 X=02 Y=9B SP=?? N=1 V=0 D=0 I=0 Z=0 C=0 : FWA C0-8A:881B9BFB:00:00 = -5.44431395E+02 : FWB 2D-04:C04B29C2:00:?? = +3.53187574E-38
A662 : BNE A674       : A=26 X=02 Y=9B SP=?? N=1 V=0 D=0 I=0 Z=0 C=0 : FWA C0-8A:881B9BFB:00:00 = -5.44431395E+02 : FWB 2D-04:C04B29C2:00:?? = +3.53187574E-38
A674 : BCC A68D       : A=26 X=02 Y=9B SP=?? N=1 V=0 D=0 I=0 Z=0 C=0 : FWA C0-8A:881B9BFB:00:00 = -5.44431395E+02 : FWB 2D-04:C04B29C2:00:?? = +3.53187574E-38
A68D : ROL 3B         : A=26 X=02 Y=9B SP=?? N=0 V=0 D=0 I=0 Z=0 C=0 : FWA C0-8A:881B9BFB:00:00 = -5.44431395E+02 : FWB 5A-04:C04B29C2:00:?? = +3.53187574E-38
A68F : ASL 40         : A=26 X=02 Y=9B SP=?? N=1 V=0 D=0 I=0 Z=0 C=1 : FWA C0-8A:881B9BFB:00:00 = -5.44431395E+02 : FWB 5A-04:C04B2984:00:?? = +3.53187567E-38
A691 : ROL 3F         : A=26 X=02 Y=9B SP=?? N=0 V=0 D=0 I=0 Z=0 C=0 : FWA C0-8A:881B9BFB:00:00 = -5.44431395E+02 : FWB 5A-04:C04B5384:00:?? = +3.53188744E-38
A693 : ROL 3E         : A=26 X=02 Y=9B SP=?? N=1 V=0 D=0 I=0 Z=0 C=0 : FWA C0-8A:881B9BFB:00:00 = -5.44431395E+02 : FWB 5A-04:C0965384:00:?? = +3.53726843E-38
A695 : ROL A          : A=4C X=02 Y=9B SP=?? N=0 V=0 D=0 I=0 Z=0 C=0 : FWA C0-8A:881B9BFB:00:00 = -5.44431395E+02 : FWB 5A-04:C0965384:00:?? = +3.53726843E-38
A696 : DEX            : A=4C X=01 Y=9B SP=?? N=0 V=0 D=0 I=0 Z=0 C=0 : FWA C0-8A:881B9BFB:00:00 = -5.44431395E+02 : FWB 5A-04:C0965384:00:?? = +3.53726843E-38
A697 : BNE A65E       : A=4C X=01 Y=9B SP=?? N=0 V=0 D=0 I=0 Z=0 C=0 : FWA C0-8A:881B9BFB:00:00 = -5.44431395E+02 : FWB 5A-04:C0965384:00:?? = +3.53726843E-38
A65E : BCS A676       : A=4C X=01 Y=9B SP=?? N=0 V=0 D=0 I=0 Z=0 C=0 : FWA C0-8A:881B9BFB:00:00 = -5.44431395E+02 : FWB 5A-04:C0965384:00:?? = +3.53726843E-38
A660 : CMP 31         : A=4C X=01 Y=9B SP=?? N=1 V=0 D=0 I=0 Z=0 C=0 : FWA C0-8A:881B9BFB:00:00 = -5.44431395E+02 : FWB 5A-04:C0965384:00:?? = +3.53726843E-38
A662 : BNE A674       : A=4C X=01 Y=9B SP=?? N=1 V=0 D=0 I=0 Z=0 C=0 : FWA C0-8A:881B9BFB:00:00 = -5.44431395E+02 : FWB 5A-04:C0965384:00:?? = +3.53726843E-38
A674 : BCC A68D       : A=4C X=01 Y=9B SP=?? N=1 V=0 D=0 I=0 Z=0 C=0 : FWA C0-8A:881B9BFB:00:00 = -5.44431395E+02 : FWB 5A-04:C0965384:00:?? = +3.53726843E-38
A68D : ROL 3B         : A=4C X=01 Y=9B SP=?? N=1 V=0 D=0 I=0 Z=0 C=0 : FWA C0-8A:881B9BFB:00:00 = -5.44431395E+02 : FWB B4-04:C0965384:00:?? = -3.53726843E-38
A68F : ASL 40         : A=4C X=01 Y=9B SP=?? N=0 V=0 D=0 I=0 Z=0 C=1 : FWA C0-8A:881B9BFB:00:00 = -5.44431395E+02 : FWB B4-04:C0965308:00:?? = -3.53726829E-38
A691 : ROL 3F         : A=4C X=01 Y=9B SP=?? N=1 V=0 D=0 I=0 Z=0 C=0 : FWA C0-8A:881B9BFB:00:00 = -5.44431395E+02 : FWB B4-04:C096A708:00:?? = -3.53729184E-38
A693 : ROL 3E         : A=4C X=01 Y=9B SP=?? N=0 V=0 D=0 I=0 Z=0 C=1 : FWA C0-8A:881B9BFB:00:00 = -5.44431395E+02 : FWB B4-04:C02CA708:00:?? = -3.52968671E-38
A695 : ROL A          : A=99 X=01 Y=9B SP=?? N=1 V=0 D=0 I=0 Z=0 C=0 : FWA C0-8A:881B9BFB:00:00 = -5.44431395E+02 : FWB B4-04:C02CA708:00:?? = -3.52968671E-38
A696 : DEX            : A=99 X=00 Y=9B SP=?? N=0 V=0 D=0 I=0 Z=1 C=0 : FWA C0-8A:881B9BFB:00:00 = -5.44431395E+02 : FWB B4-04:C02CA708:00:?? = -3.52968671E-38
A697 : BNE A65E       : A=99 X=00 Y=9B SP=?? N=0 V=0 D=0 I=0 Z=1 C=0 : FWA C0-8A:881B9BFB:00:00 = -5.44431395E+02 : FWB B4-04:C02CA708:00:?? = -3.52968671E-38
A699 : LDX 3B         : A=99 X=B4 Y=9B SP=?? N=1 V=0 D=0 I=0 Z=0 C=0 : FWA C0-8A:881B9BFB:00:00 = -5.44431395E+02 : FWB B4-04:C02CA708:00:?? = -3.52968671E-38
A69B : PHX            : A=99 X=B4 Y=9B SP=?? N=1 V=0 D=0 I=0 Z=0 C=0 : FWA C0-8A:881B9BFB:00:00 = -5.44431395E+02 : FWB B4-04:C02CA708:00:?? = -3.52968671E-38
A69C : DEC 3C         : A=99 X=B4 Y=9B SP=?? N=0 V=0 D=0 I=0 Z=0 C=0 : FWA C0-8A:881B9BFB:00:00 = -5.44431395E+02 : FWB B4-03:C02CA708:00:?? = -1.76484335E-38
A69E : BNE A65C       : A=99 X=B4 Y=9B SP=?? N=0 V=0 D=0 I=0 Z=0 C=0 : FWA C0-8A:881B9BFB:00:00 = -5.44431395E+02 : FWB B4-03:C02CA708:00:?? = -1.76484335E-38
A65C : LDX #08        : A=99 X=08 Y=9B SP=?? N=0 V=0 D=0 I=0 Z=0 C=0 : FWA C0-8A:881B9BFB:00:00 = -5.44431395E+02 : FWB B4-03:C02CA708:00:?? = -1.76484335E-38
A65E : BCS A676       : A=99 X=08 Y=9B SP=?? N=0 V=0 D=0 I=0 Z=0 C=0 : FWA C0-8A:881B9BFB:00:00 = -5.44431395E+02 : FWB B4-03:C02CA708:00:?? = -1.76484335E-38
A660 : CMP 31         : A=99 X=08 Y=9B SP=?? N=0 V=0 D=0 I=0 Z=0 C=1 : FWA C0-8A:881B9BFB:00:00 = -5.44431395E+02 : FWB B4-03:C02CA708:00:?? = -1.76484335E-38
A662 : BNE A674       : A=99 X=08 Y=9B SP=?? N=0 V=0 D=0 I=0 Z=0 C=1 : FWA C0-8A:881B9BFB:00:00 = -5.44431395E+02 : FWB B4-03:C02CA708:00:?? = -1.76484335E-38
A674 : BCC A68D       : A=99 X=08 Y=9B SP=?? N=0 V=0 D=0 I=0 Z=0 C=1 : FWA C0-8A:881B9BFB:00:00 = -5.44431395E+02 : FWB B4-03:C02CA708:00:?? = -1.76484335E-38
A676 : TAY            : A=99 X=08 Y=99 SP=?? N=1 V=0 D=0 I=0 Z=0 C=1 : FWA C0-8A:881B9BFB:00:00 = -5.44431395E+02 : FWB B4-03:C02CA708:00:?? = -1.76484335E-38
A677 : LDA 40         : A=08 X=08 Y=99 SP=?? N=0 V=0 D=0 I=0 Z=0 C=1 : FWA C0-8A:881B9BFB:00:00 = -5.44431395E+02 : FWB B4-03:C02CA708:00:?? = -1.76484335E-38
A679 : SBC 34         : A=0D X=08 Y=99 SP=?? N=0 V=0 D=0 I=0 Z=0 C=0 : FWA C0-8A:881B9BFB:00:00 = -5.44431395E+02 : FWB B4-03:C02CA708:00:?? = -1.76484335E-38
A67B : STA 40         : A=0D X=08 Y=99 SP=?? N=0 V=0 D=0 I=0 Z=0 C=0 : FWA C0-8A:881B9BFB:00:00 = -5.44431395E+02 : FWB B4-03:C02CA70D:00:?? = -1.76484336E-38
A67D : LDA 3F         : A=A7 X=08 Y=99 SP=?? N=1 V=0 D=0 I=0 Z=0 C=0 : FWA C0-8A:881B9BFB:00:00 = -5.44431395E+02 : FWB B4-03:C02CA70D:00:?? = -1.76484336E-38
A67F : SBC 33         : A=0B X=08 Y=99 SP=?? N=0 V=0 D=0 I=0 Z=0 C=1 : FWA C0-8A:881B9BFB:00:00 = -5.44431395E+02 : FWB B4-03:C02CA70D:00:?? = -1.76484336E-38
A681 : STA 3F         : A=0B X=08 Y=99 SP=?? N=0 V=0 D=0 I=0 Z=0 C=1 : FWA C0-8A:881B9BFB:00:00 = -5.44431395E+02 : FWB B4-03:C02C0B0D:00:?? = -1.76482150E-38
A683 : LDA 3E         : A=2C X=08 Y=99 SP=?? N=0 V=0 D=0 I=0 Z=0 C=1 : FWA C0-8A:881B9BFB:00:00 = -5.44431395E+02 : FWB B4-03:C02C0B0D:00:?? = -1.76482150E-38
A685 : SBC 32         : A=11 X=08 Y=99 SP=?? N=0 V=0 D=0 I=0 Z=0 C=1 : FWA C0-8A:881B9BFB:00:00 = -5.44431395E+02 : FWB B4-03:C02C0B0D:00:?? = -1.76482150E-38
A687 : STA 3E         : A=11 X=08 Y=99 SP=?? N=0 V=0 D=0 I=0 Z=0 C=1 : FWA C0-8A:881B9BFB:00:00 = -5.44431395E+02 : FWB B4-03:C0110B0D:00:?? = -1.76385292E-38
A689 : TYA            : A=99 X=08 Y=99 SP=?? N=1 V=0 D=0 I=0 Z=0 C=1 : FWA C0-8A:881B9BFB:00:00 = -5.44431395E+02 : FWB B4-03:C0110B0D:00:?? = -1.76385292E-38
A68A : SBC 31         : A=11 X=08 Y=99 SP=?? N=0 V=0 D=0 I=0 Z=0 C=1 : FWA C0-8A:881B9BFB:00:00 = -5.44431395E+02 : FWB B4-03:C0110B0D:00:?? = -1.76385292E-38
A68C : SEC            : A=11 X=08 Y=99 SP=?? N=0 V=0 D=0 I=0 Z=0 C=1 : FWA C0-8A:881B9BFB:00:00 = -5.44431395E+02 : FWB B4-03:C0110B0D:00:?? = -1.76385292E-38
A68D : ROL 3B         : A=11 X=08 Y=99 SP=?? N=0 V=0 D=0 I=0 Z=0 C=1 : FWA C0-8A:881B9BFB:00:00 = -5.44431395E+02 : FWB 69-03:C0110B0D:00:?? = +1.76385292E-38
A68F : ASL 40         : A=11 X=08 Y=99 SP=?? N=0 V=0 D=0 I=0 Z=0 C=0 : FWA C0-8A:881B9BFB:00:00 = -5.44431395E+02 : FWB 69-03:C0110B1A:00:?? = +1.76385293E-38
A691 : ROL 3F         : A=11 X=08 Y=99 SP=?? N=0 V=0 D=0 I=0 Z=0 C=0 : FWA C0-8A:881B9BFB:00:00 = -5.44431395E+02 : FWB 69-03:C011161A:00:?? = +1.76385447E-38
A693 : ROL 3E         : A=11 X=08 Y=99 SP=?? N=0 V=0 D=0 I=0 Z=0 C=0 : FWA C0-8A:881B9BFB:00:00 = -5.44431395E+02 : FWB 69-03:C022161A:00:?? = +1.76446431E-38
A695 : ROL A          : A=22 X=08 Y=99 SP=?? N=0 V=0 D=0 I=0 Z=0 C=0 : FWA C0-8A:881B9BFB:00:00 = -5.44431395E+02 : FWB 69-03:C022161A:00:?? = +1.76446431E-38
A696 : DEX            : A=22 X=07 Y=99 SP=?? N=0 V=0 D=0 I=0 Z=0 C=0 : FWA C0-8A:881B9BFB:00:00 = -5.44431395E+02 : FWB 69-03:C022161A:00:?? = +1.76446431E-38
A697 : BNE A65E       : A=22 X=07 Y=99 SP=?? N=0 V=0 D=0 I=0 Z=0 C=0 : FWA C0-8A:881B9BFB:00:00 = -5.44431395E+02 : FWB 69-03:C022161A:00:?? = +1.76446431E-38
A65E : BCS A676       : A=22 X=07 Y=99 SP=?? N=0 V=0 D=0 I=0 Z=0 C=0 : FWA C0-8A:881B9BFB:00:00 = -5.44431395E+02 : FWB 69-03:C022161A:00:?? = +1.76446431E-38
A660 : CMP 31         : A=22 X=07 Y=99 SP=?? N=1 V=0 D=0 I=0 Z=0 C=0 : FWA C0-8A:881B9BFB:00:00 = -5.44431395E+02 : FWB 69-03:C022161A:00:?? = +1.76446431E-38
A662 : BNE A674       : A=22 X=07 Y=99 SP=?? N=1 V=0 D=0 I=0 Z=0 C=0 : FWA C0-8A:881B9BFB:00:00 = -5.44431395E+02 : FWB 69-03:C022161A:00:?? = +1.76446431E-38
A674 : BCC A68D       : A=22 X=07 Y=99 SP=?? N=1 V=0 D=0 I=0 Z=0 C=0 : FWA C0-8A:881B9BFB:00:00 = -5.44431395E+02 : FWB 69-03:C022161A:00:?? = +1.76446431E-38
A68D : ROL 3B         : A=22 X=07 Y=99 SP=?? N=1 V=0 D=0 I=0 Z=0 C=0 : FWA C0-8A:881B9BFB:00:00 = -5.44431395E+02 : FWB D2-03:C022161A:00:?? = -1.76446431E-38
A68F : ASL 40         : A=22 X=07 Y=99 SP=?? N=0 V=0 D=0 I=0 Z=0 C=0 : FWA C0-8A:881B9BFB:00:00 = -5.44431395E+02 : FWB D2-03:C0221634:00:?? = -1.76446433E-38
A691 : ROL 3F         : A=22 X=07 Y=99 SP=?? N=0 V=0 D=0 I=0 Z=0 C=0 : FWA C0-8A:881B9BFB:00:00 = -5.44431395E+02 : FWB D2-03:C0222C34:00:?? = -1.76446741E-38
A693 : ROL 3E         : A=22 X=07 Y=99 SP=?? N=0 V=0 D=0 I=0 Z=0 C=0 : FWA C0-8A:881B9BFB:00:00 = -5.44431395E+02 : FWB D2-03:C0442C34:00:?? = -1.76568710E-38
A695 : ROL A          : A=44 X=07 Y=99 SP=?? N=0 V=0 D=0 I=0 Z=0 C=0 : FWA C0-8A:881B9BFB:00:00 = -5.44431395E+02 : FWB D2-03:C0442C34:00:?? = -1.76568710E-38
A696 : DEX            : A=44 X=06 Y=99 SP=?? N=0 V=0 D=0 I=0 Z=0 C=0 : FWA C0-8A:881B9BFB:00:00 = -5.44431395E+02 : FWB D2-03:C0442C34:00:?? = -1.76568710E-38
A697 : BNE A65E       : A=44 X=06 Y=99 SP=?? N=0 V=0 D=0 I=0 Z=0 C=0 : FWA C0-8A:881B9BFB:00:00 = -5.44431395E+02 : FWB D2-03:C0442C34:00:?? = -1.76568710E-38
A65E : BCS A676       : A=44 X=06 Y=99 SP=?? N=0 V=0 D=0 I=0 Z=0 C=0 : FWA C0-8A:881B9BFB:00:00 = -5.44431395E+02 : FWB D2-03:C0442C34:00:?? = -1.76568710E-38
A660 : CMP 31         : A=44 X=06 Y=99 SP=?? N=1 V=0 D=0 I=0 Z=0 C=0 : FWA C0-8A:881B9BFB:00:00 = -5.44431395E+02 : FWB D2-03:C0442C34:00:?? = -1.76568710E-38
A662 : BNE A674       : A=44 X=06 Y=99 SP=?? N=1 V=0 D=0 I=0 Z=0 C=0 : FWA C0-8A:881B9BFB:00:00 = -5.44431395E+02 : FWB D2-03:C0442C34:00:?? = -1.76568710E-38
A674 : BCC A68D       : A=44 X=06 Y=99 SP=?? N=1 V=0 D=0 I=0 Z=0 C=0 : FWA C0-8A:881B9BFB:00:00 = -5.44431395E+02 : FWB D2-03:C0442C34:00:?? = -1.76568710E-38
A68D : ROL 3B         : A=44 X=06 Y=99 SP=?? N=1 V=0 D=0 I=0 Z=0 C=1 : FWA C0-8A:881B9BFB:00:00 = -5.44431395E+02 : FWB A4-03:C0442C34:00:?? = -1.76568710E-38
A68F : ASL 40         : A=44 X=06 Y=99 SP=?? N=0 V=0 D=0 I=0 Z=0 C=0 : FWA C0-8A:881B9BFB:00:00 = -5.44431395E+02 : FWB A4-03:C0442C68:00:?? = -1.76568713E-38
A691 : ROL 3F         : A=44 X=06 Y=99 SP=?? N=0 V=0 D=0 I=0 Z=0 C=0 : FWA C0-8A:881B9BFB:00:00 = -5.44431395E+02 : FWB A4-03:C0445868:00:?? = -1.76569329E-38
A693 : ROL 3E         : A=44 X=06 Y=99 SP=?? N=1 V=0 D=0 I=0 Z=0 C=0 : FWA C0-8A:881B9BFB:00:00 = -5.44431395E+02 : FWB A4-03:C0885868:00:?? = -1.76813268E-38
A695 : ROL A          : A=88 X=06 Y=99 SP=?? N=1 V=0 D=0 I=0 Z=0 C=0 : FWA C0-8A:881B9BFB:00:00 = -5.44431395E+02 : FWB A4-03:C0885868:00:?? = -1.76813268E-38
A696 : DEX            : A=88 X=05 Y=99 SP=?? N=0 V=0 D=0 I=0 Z=0 C=0 : FWA C0-8A:881B9BFB:00:00 = -5.44431395E+02 : FWB A4-03:C0885868:00:?? = -1.76813268E-38
A697 : BNE A65E       : A=88 X=05 Y=99 SP=?? N=0 V=0 D=0 I=0 Z=0 C=0 : FWA C0-8A:881B9BFB:00:00 = -5.44431395E+02 : FWB A4-03:C0885868:00:?? = -1.76813268E-38
A65E : BCS A676       : A=88 X=05 Y=99 SP=?? N=0 V=0 D=0 I=0 Z=0 C=0 : FWA C0-8A:881B9BFB:00:00 = -5.44431395E+02 : FWB A4-03:C0885868:00:?? = -1.76813268E-38
A660 : CMP 31         : A=88 X=05 Y=99 SP=?? N=0 V=0 D=0 I=0 Z=1 C=1 : FWA C0-8A:881B9BFB:00:00 = -5.44431395E+02 : FWB A4-03:C0885868:00:?? = -1.76813268E-38
A662 : BNE A674       : A=88 X=05 Y=99 SP=?? N=0 V=0 D=0 I=0 Z=1 C=1 : FWA C0-8A:881B9BFB:00:00 = -5.44431395E+02 : FWB A4-03:C0885868:00:?? = -1.76813268E-38
A664 : LDY 3E         : A=88 X=05 Y=88 SP=?? N=1 V=0 D=0 I=0 Z=0 C=1 : FWA C0-8A:881B9BFB:00:00 = -5.44431395E+02 : FWB A4-03:C0885868:00:?? = -1.76813268E-38
A666 : CPY 32         : A=88 X=05 Y=88 SP=?? N=0 V=0 D=0 I=0 Z=0 C=1 : FWA C0-8A:881B9BFB:00:00 = -5.44431395E+02 : FWB A4-03:C0885868:00:?? = -1.76813268E-38
A668 : BNE A674       : A=88 X=05 Y=88 SP=?? N=0 V=0 D=0 I=0 Z=0 C=1 : FWA C0-8A:881B9BFB:00:00 = -5.44431395E+02 : FWB A4-03:C0885868:00:?? = -1.76813268E-38
A674 : BCC A68D       : A=88 X=05 Y=88 SP=?? N=0 V=0 D=0 I=0 Z=0 C=1 : FWA C0-8A:881B9BFB:00:00 = -5.44431395E+02 : FWB A4-03:C0885868:00:?? = -1.76813268E-38
A676 : TAY            : A=88 X=05 Y=88 SP=?? N=1 V=0 D=0 I=0 Z=0 C=1 : FWA C0-8A:881B9BFB:00:00 = -5.44431395E+02 : FWB A4-03:C0885868:00:?? = -1.76813268E-38
A677 : LDA 40         : A=68 X=05 Y=88 SP=?? N=0 V=0 D=0 I=0 Z=0 C=1 : FWA C0-8A:881B9BFB:00:00 = -5.44431395E+02 : FWB A4-03:C0885868:00:?? = -1.76813268E-38
A679 : SBC 34         : A=6D X=05 Y=88 SP=?? N=0 V=0 D=0 I=0 Z=0 C=0 : FWA C0-8A:881B9BFB:00:00 = -5.44431395E+02 : FWB A4-03:C0885868:00:?? = -1.76813268E-38
A67B : STA 40         : A=6D X=05 Y=88 SP=?? N=0 V=0 D=0 I=0 Z=0 C=0 : FWA C0-8A:881B9BFB:00:00 = -5.44431395E+02 : FWB A4-03:C088586D:00:?? = -1.76813268E-38
A67D : LDA 3F         : A=58 X=05 Y=88 SP=?? N=0 V=0 D=0 I=0 Z=0 C=0 : FWA C0-8A:881B9BFB:00:00 = -5.44431395E+02 : FWB A4-03:C088586D:00:?? = -1.76813268E-38
A67F : SBC 33         : A=BC X=05 Y=88 SP=?? N=1 V=1 D=0 I=0 Z=0 C=0 : FWA C0-8A:881B9BFB:00:00 = -5.44431395E+02 : FWB A4-03:C088586D:00:?? = -1.76813268E-38
A681 : STA 3F         : A=BC X=05 Y=88 SP=?? N=1 V=1 D=0 I=0 Z=0 C=0 : FWA C0-8A:881B9BFB:00:00 = -5.44431395E+02 : FWB A4-03:C088BC6D:00:?? = -1.76814669E-38
A683 : LDA 3E         : A=88 X=05 Y=88 SP=?? N=1 V=1 D=0 I=0 Z=0 C=0 : FWA C0-8A:881B9BFB:00:00 = -5.44431395E+02 : FWB A4-03:C088BC6D:00:?? = -1.76814669E-38
A685 : SBC 32         : A=6C X=05 Y=88 SP=?? N=0 V=1 D=0 I=0 Z=0 C=1 : FWA C0-8A:881B9BFB:00:00 = -5.44431395E+02 : FWB A4-03:C088BC6D:00:?? = -1.76814669E-38
A687 : STA 3E         : A=6C X=05 Y=88 SP=?? N=0 V=1 D=0 I=0 Z=0 C=1 : FWA C0-8A:881B9BFB:00:00 = -5.44431395E+02 : FWB A4-03:C06CBC6D:00:?? = -1.76714224E-38
A689 : TYA            : A=88 X=05 Y=88 SP=?? N=1 V=1 D=0 I=0 Z=0 C=1 : FWA C0-8A:881B9BFB:00:00 = -5.44431395E+02 : FWB A4-03:C06CBC6D:00:?? = -1.76714224E-38
A68A : SBC 31         : A=00 X=05 Y=88 SP=?? N=0 V=0 D=0 I=0 Z=1 C=1 : FWA C0-8A:881B9BFB:00:00 = -5.44431395E+02 : FWB A4-03:C06CBC6D:00:?? = -1.76714224E-38
A68C : SEC            : A=00 X=05 Y=88 SP=?? N=0 V=0 D=0 I=0 Z=1 C=1 : FWA C0-8A:881B9BFB:00:00 = -5.44431395E+02 : FWB A4-03:C06CBC6D:00:?? = -1.76714224E-38
A68D : ROL 3B         : A=00 X=05 Y=88 SP=?? N=0 V=0 D=0 I=0 Z=0 C=1 : FWA C0-8A:881B9BFB:00:00 = -5.44431395E+02 : FWB 49-03:C06CBC6D:00:?? = +1.76714224E-38
A68F : ASL 40         : A=00 X=05 Y=88 SP=?? N=1 V=0 D=0 I=0 Z=0 C=0 : FWA C0-8A:881B9BFB:00:00 = -5.44431395E+02 : FWB 49-03:C06CBCDA:00:?? = +1.76714230E-38
A691 : ROL 3F         : A=00 X=05 Y=88 SP=?? N=0 V=0 D=0 I=0 Z=0 C=1 : FWA C0-8A:881B9BFB:00:00 = -5.44431395E+02 : FWB 49-03:C06C78DA:00:?? = +1.76713277E-38
A693 : ROL 3E         : A=00 X=05 Y=88 SP=?? N=1 V=0 D=0 I=0 Z=0 C=0 : FWA C0-8A:881B9BFB:00:00 = -5.44431395E+02 : FWB 49-03:C0D978DA:00:?? = +1.77104295E-38
A695 : ROL A          : A=00 X=05 Y=88 SP=?? N=0 V=0 D=0 I=0 Z=1 C=0 : FWA C0-8A:881B9BFB:00:00 = -5.44431395E+02 : FWB 49-03:C0D978DA:00:?? = +1.77104295E-38
A696 : DEX            : A=00 X=04 Y=88 SP=?? N=0 V=0 D=0 I=0 Z=0 C=0 : FWA C0-8A:881B9BFB:00:00 = -5.44431395E+02 : FWB 49-03:C0D978DA:00:?? = +1.77104295E-38
A697 : BNE A65E       : A=00 X=04 Y=88 SP=?? N=0 V=0 D=0 I=0 Z=0 C=0 : FWA C0-8A:881B9BFB:00:00 = -5.44431395E+02 : FWB 49-03:C0D978DA:00:?? = +1.77104295E-38
A65E : BCS A676       : A=00 X=04 Y=88 SP=?? N=0 V=0 D=0 I=0 Z=0 C=0 : FWA C0-8A:881B9BFB:00:00 = -5.44431395E+02 : FWB 49-03:C0D978DA:00:?? = +1.77104295E-38
A660 : CMP 31         : A=00 X=04 Y=88 SP=?? N=0 V=0 D=0 I=0 Z=0 C=0 : FWA C0-8A:881B9BFB:00:00 = -5.44431395E+02 : FWB 49-03:C0D978DA:00:?? = +1.77104295E-38
A662 : BNE A674       : A=00 X=04 Y=88 SP=?? N=0 V=0 D=0 I=0 Z=0 C=0 : FWA C0-8A:881B9BFB:00:00 = -5.44431395E+02 : FWB 49-03:C0D978DA:00:?? = +1.77104295E-38
A674 : BCC A68D       : A=00 X=04 Y=88 SP=?? N=0 V=0 D=0 I=0 Z=0 C=0 : FWA C0-8A:881B9BFB:00:00 = -5.44431395E+02 : FWB 49-03:C0D978DA:00:?? = +1.77104295E-38
A68D : ROL 3B         : A=00 X=04 Y=88 SP=?? N=1 V=0 D=0 I=0 Z=0 C=0 : FWA C0-8A:881B9BFB:00:00 = -5.44431395E+02 : FWB 92-03:C0D978DA:00:?? = -1.77104295E-38
A68F : ASL 40         : A=00 X=04 Y=88 SP=?? N=1 V=0 D=0 I=0 Z=0 C=1 : FWA C0-8A:881B9BFB:00:00 = -5.44431395E+02 : FWB 92-03:C0D978B4:00:?? = -1.77104293E-38
A691 : ROL 3F         : A=00 X=04 Y=88 SP=?? N=1 V=0 D=0 I=0 Z=0 C=0 : FWA C0-8A:881B9BFB:00:00 = -5.44431395E+02 : FWB 92-03:C0D9F1B4:00:?? = -1.77105989E-38
A693 : ROL 3E         : A=00 X=04 Y=88 SP=?? N=1 V=0 D=0 I=0 Z=0 C=1 : FWA C0-8A:881B9BFB:00:00 = -5.44431395E+02 : FWB 92-03:C0B2F1B4:00:?? = -1.76966083E-38
A695 : ROL A          : A=01 X=04 Y=88 SP=?? N=0 V=0 D=0 I=0 Z=0 C=0 : FWA C0-8A:881B9BFB:00:00 = -5.44431395E+02 : FWB 92-03:C0B2F1B4:00:?? = -1.76966083E-38
A696 : DEX            : A=01 X=03 Y=88 SP=?? N=0 V=0 D=0 I=0 Z=0 C=0 : FWA C0-8A:881B9BFB:00:00 = -5.44431395E+02 : FWB 92-03:C0B2F1B4:00:?? = -1.76966083E-38
A697 : BNE A65E       : A=01 X=03 Y=88 SP=?? N=0 V=0 D=0 I=0 Z=0 C=0 : FWA C0-8A:881B9BFB:00:00 = -5.44431395E+02 : FWB 92-03:C0B2F1B4:00:?? = -1.76966083E-38
A65E : BCS A676       : A=01 X=03 Y=88 SP=?? N=0 V=0 D=0 I=0 Z=0 C=0 : FWA C0-8A:881B9BFB:00:00 = -5.44431395E+02 : FWB 92-03:C0B2F1B4:00:?? = -1.76966083E-38
A660 : CMP 31         : A=01 X=03 Y=88 SP=?? N=0 V=0 D=0 I=0 Z=0 C=0 : FWA C0-8A:881B9BFB:00:00 = -5.44431395E+02 : FWB 92-03:C0B2F1B4:00:?? = -1.76966083E-38
A662 : BNE A674       : A=01 X=03 Y=88 SP=?? N=0 V=0 D=0 I=0 Z=0 C=0 : FWA C0-8A:881B9BFB:00:00 = -5.44431395E+02 : FWB 92-03:C0B2F1B4:00:?? = -1.76966083E-38
A674 : BCC A68D       : A=01 X=03 Y=88 SP=?? N=0 V=0 D=0 I=0 Z=0 C=0 : FWA C0-8A:881B9BFB:00:00 = -5.44431395E+02 : FWB 92-03:C0B2F1B4:00:?? = -1.76966083E-38
A68D : ROL 3B         : A=01 X=03 Y=88 SP=?? N=0 V=0 D=0 I=0 Z=0 C=1 : FWA C0-8A:881B9BFB:00:00 = -5.44431395E+02 : FWB 24-03:C0B2F1B4:00:?? = +1.76966083E-38
A68F : ASL 40         : A=01 X=03 Y=88 SP=?? N=0 V=0 D=0 I=0 Z=0 C=1 : FWA C0-8A:881B9BFB:00:00 = -5.44431395E+02 : FWB 24-03:C0B2F168:00:?? = +1.76966079E-38
A691 : ROL 3F         : A=01 X=03 Y=88 SP=?? N=1 V=0 D=0 I=0 Z=0 C=1 : FWA C0-8A:881B9BFB:00:00 = -5.44431395E+02 : FWB 24-03:C0B2E368:00:?? = +1.76965883E-38
A693 : ROL 3E         : A=01 X=03 Y=88 SP=?? N=0 V=0 D=0 I=0 Z=0 C=1 : FWA C0-8A:881B9BFB:00:00 = -5.44431395E+02 : FWB 24-03:C065E368:00:?? = +1.76689659E-38
A695 : ROL A          : A=03 X=03 Y=88 SP=?? N=0 V=0 D=0 I=0 Z=0 C=0 : FWA C0-8A:881B9BFB:00:00 = -5.44431395E+02 : FWB 24-03:C065E368:00:?? = +1.76689659E-38
A696 : DEX            : A=03 X=02 Y=88 SP=?? N=0 V=0 D=0 I=0 Z=0 C=0 : FWA C0-8A:881B9BFB:00:00 = -5.44431395E+02 : FWB 24-03:C065E368:00:?? = +1.76689659E-38
A697 : BNE A65E       : A=03 X=02 Y=88 SP=?? N=0 V=0 D=0 I=0 Z=0 C=0 : FWA C0-8A:881B9BFB:00:00 = -5.44431395E+02 : FWB 24-03:C065E368:00:?? = +1.76689659E-38
A65E : BCS A676       : A=03 X=02 Y=88 SP=?? N=0 V=0 D=0 I=0 Z=0 C=0 : FWA C0-8A:881B9BFB:00:00 = -5.44431395E+02 : FWB 24-03:C065E368:00:?? = +1.76689659E-38
A660 : CMP 31         : A=03 X=02 Y=88 SP=?? N=0 V=0 D=0 I=0 Z=0 C=0 : FWA C0-8A:881B9BFB:00:00 = -5.44431395E+02 : FWB 24-03:C065E368:00:?? = +1.76689659E-38
A662 : BNE A674       : A=03 X=02 Y=88 SP=?? N=0 V=0 D=0 I=0 Z=0 C=0 : FWA C0-8A:881B9BFB:00:00 = -5.44431395E+02 : FWB 24-03:C065E368:00:?? = +1.76689659E-38
A674 : BCC A68D       : A=03 X=02 Y=88 SP=?? N=0 V=0 D=0 I=0 Z=0 C=0 : FWA C0-8A:881B9BFB:00:00 = -5.44431395E+02 : FWB 24-03:C065E368:00:?? = +1.76689659E-38
A68D : ROL 3B         : A=03 X=02 Y=88 SP=?? N=0 V=0 D=0 I=0 Z=0 C=0 : FWA C0-8A:881B9BFB:00:00 = -5.44431395E+02 : FWB 48-03:C065E368:00:?? = +1.76689659E-38
A68F : ASL 40         : A=03 X=02 Y=88 SP=?? N=1 V=0 D=0 I=0 Z=0 C=0 : FWA C0-8A:881B9BFB:00:00 = -5.44431395E+02 : FWB 48-03:C065E3D0:00:?? = +1.76689665E-38
A691 : ROL 3F         : A=03 X=02 Y=88 SP=?? N=1 V=0 D=0 I=0 Z=0 C=1 : FWA C0-8A:881B9BFB:00:00 = -5.44431395E+02 : FWB 48-03:C065C6D0:00:?? = +1.76689258E-38
A693 : ROL 3E         : A=03 X=02 Y=88 SP=?? N=1 V=0 D=0 I=0 Z=0 C=0 : FWA C0-8A:881B9BFB:00:00 = -5.44431395E+02 : FWB 48-03:C0CBC6D0:00:?? = +1.77055165E-38
A695 : ROL A          : A=06 X=02 Y=88 SP=?? N=0 V=0 D=0 I=0 Z=0 C=0 : FWA C0-8A:881B9BFB:00:00 = -5.44431395E+02 : FWB 48-03:C0CBC6D0:00:?? = +1.77055165E-38
A696 : DEX            : A=06 X=01 Y=88 SP=?? N=0 V=0 D=0 I=0 Z=0 C=0 : FWA C0-8A:881B9BFB:00:00 = -5.44431395E+02 : FWB 48-03:C0CBC6D0:00:?? = +1.77055165E-38
A697 : BNE A65E       : A=06 X=01 Y=88 SP=?? N=0 V=0 D=0 I=0 Z=0 C=0 : FWA C0-8A:881B9BFB:00:00 = -5.44431395E+02 : FWB 48-03:C0CBC6D0:00:?? = +1.77055165E-38
A65E : BCS A676       : A=06 X=01 Y=88 SP=?? N=0 V=0 D=0 I=0 Z=0 C=0 : FWA C0-8A:881B9BFB:00:00 = -5.44431395E+02 : FWB 48-03:C0CBC6D0:00:?? = +1.77055165E-38
A660 : CMP 31         : A=06 X=01 Y=88 SP=?? N=0 V=0 D=0 I=0 Z=0 C=0 : FWA C0-8A:881B9BFB:00:00 = -5.44431395E+02 : FWB 48-03:C0CBC6D0:00:?? = +1.77055165E-38
A662 : BNE A674       : A=06 X=01 Y=88 SP=?? N=0 V=0 D=0 I=0 Z=0 C=0 : FWA C0-8A:881B9BFB:00:00 = -5.44431395E+02 : FWB 48-03:C0CBC6D0:00:?? = +1.77055165E-38
A674 : BCC A68D       : A=06 X=01 Y=88 SP=?? N=0 V=0 D=0 I=0 Z=0 C=0 : FWA C0-8A:881B9BFB:00:00 = -5.44431395E+02 : FWB 48-03:C0CBC6D0:00:?? = +1.77055165E-38
A68D : ROL 3B         : A=06 X=01 Y=88 SP=?? N=1 V=0 D=0 I=0 Z=0 C=0 : FWA C0-8A:881B9BFB:00:00 = -5.44431395E+02 : FWB 90-03:C0CBC6D0:00:?? = -1.77055165E-38
A68F : ASL 40         : A=06 X=01 Y=88 SP=?? N=1 V=0 D=0 I=0 Z=0 C=1 : FWA C0-8A:881B9BFB:00:00 = -5.44431395E+02 : FWB 90-03:C0CBC6A0:00:?? = -1.77055163E-38
A691 : ROL 3F         : A=06 X=01 Y=88 SP=?? N=1 V=0 D=0 I=0 Z=0 C=1 : FWA C0-8A:881B9BFB:00:00 = -5.44431395E+02 : FWB 90-03:C0CB8DA0:00:?? = -1.77054364E-38
A693 : ROL 3E         : A=06 X=01 Y=88 SP=?? N=1 V=0 D=0 I=0 Z=0 C=1 : FWA C0-8A:881B9BFB:00:00 = -5.44431395E+02 : FWB 90-03:C0978DA0:00:?? = -1.76867823E-38
A695 : ROL A          : A=0D X=01 Y=88 SP=?? N=0 V=0 D=0 I=0 Z=0 C=0 : FWA C0-8A:881B9BFB:00:00 = -5.44431395E+02 : FWB 90-03:C0978DA0:00:?? = -1.76867823E-38
A696 : DEX            : A=0D X=00 Y=88 SP=?? N=0 V=0 D=0 I=0 Z=1 C=0 : FWA C0-8A:881B9BFB:00:00 = -5.44431395E+02 : FWB 90-03:C0978DA0:00:?? = -1.76867823E-38
A697 : BNE A65E       : A=0D X=00 Y=88 SP=?? N=0 V=0 D=0 I=0 Z=1 C=0 : FWA C0-8A:881B9BFB:00:00 = -5.44431395E+02 : FWB 90-03:C0978DA0:00:?? = -1.76867823E-38
A699 : LDX 3B         : A=0D X=90 Y=88 SP=?? N=1 V=0 D=0 I=0 Z=0 C=0 : FWA C0-8A:881B9BFB:00:00 = -5.44431395E+02 : FWB 90-03:C0978DA0:00:?? = -1.76867823E-38
A69B : PHX            : A=0D X=90 Y=88 SP=?? N=1 V=0 D=0 I=0 Z=0 C=0 : FWA C0-8A:881B9BFB:00:00 = -5.44431395E+02 : FWB 90-03:C0978DA0:00:?? = -1.76867823E-38
A69C : DEC 3C         : A=0D X=90 Y=88 SP=?? N=0 V=0 D=0 I=0 Z=0 C=0 : FWA C0-8A:881B9BFB:00:00 = -5.44431395E+02 : FWB 90-02:C0978DA0:00:?? = -8.84339116E-39
A69E : BNE A65C       : A=0D X=90 Y=88 SP=?? N=0 V=0 D=0 I=0 Z=0 C=0 : FWA C0-8A:881B9BFB:00:00 = -5.44431395E+02 : FWB 90-02:C0978DA0:00:?? = -8.84339116E-39
A65C : LDX #08        : A=0D X=08 Y=88 SP=?? N=0 V=0 D=0 I=0 Z=0 C=0 : FWA C0-8A:881B9BFB:00:00 = -5.44431395E+02 : FWB 90-02:C0978DA0:00:?? = -8.84339116E-39
A65E : BCS A676       : A=0D X=08 Y=88 SP=?? N=0 V=0 D=0 I=0 Z=0 C=0 : FWA C0-8A:881B9BFB:00:00 = -5.44431395E+02 : FWB 90-02:C0978DA0:00:?? = -8.84339116E-39
A660 : CMP 31         : A=0D X=08 Y=88 SP=?? N=1 V=0 D=0 I=0 Z=0 C=0 : FWA C0-8A:881B9BFB:00:00 = -5.44431395E+02 : FWB 90-02:C0978DA0:00:?? = -8.84339116E-39
A662 : BNE A674       : A=0D X=08 Y=88 SP=?? N=1 V=0 D=0 I=0 Z=0 C=0 : FWA C0-8A:881B9BFB:00:00 = -5.44431395E+02 : FWB 90-02:C0978DA0:00:?? = -8.84339116E-39
A674 : BCC A68D       : A=0D X=08 Y=88 SP=?? N=1 V=0 D=0 I=0 Z=0 C=0 : FWA C0-8A:881B9BFB:00:00 = -5.44431395E+02 : FWB 90-02:C0978DA0:00:?? = -8.84339116E-39
A68D : ROL 3B         : A=0D X=08 Y=88 SP=?? N=0 V=0 D=0 I=0 Z=0 C=1 : FWA C0-8A:881B9BFB:00:00 = -5.44431395E+02 : FWB 20-02:C0978DA0:00:?? = +8.84339116E-39
A68F : ASL 40         : A=0D X=08 Y=88 SP=?? N=0 V=0 D=0 I=0 Z=0 C=1 : FWA C0-8A:881B9BFB:00:00 = -5.44431395E+02 : FWB 20-02:C0978D40:00:?? = +8.84339089E-39
A691 : ROL 3F         : A=0D X=08 Y=88 SP=?? N=0 V=0 D=0 I=0 Z=0 C=1 : FWA C0-8A:881B9BFB:00:00 = -5.44431395E+02 : FWB 20-02:C0971B40:00:?? = +8.84331102E-39
A693 : ROL 3E         : A=0D X=08 Y=88 SP=?? N=0 V=0 D=0 I=0 Z=0 C=1 : FWA C0-8A:881B9BFB:00:00 = -5.44431395E+02 : FWB 20-02:C02F1B40:00:?? = +8.82465694E-39
A695 : ROL A          : A=1B X=08 Y=88 SP=?? N=0 V=0 D=0 I=0 Z=0 C=0 : FWA C0-8A:881B9BFB:00:00 = -5.44431395E+02 : FWB 20-02:C02F1B40:00:?? = +8.82465694E-39
A696 : DEX            : A=1B X=07 Y=88 SP=?? N=0 V=0 D=0 I=0 Z=0 C=0 : FWA C0-8A:881B9BFB:00:00 = -5.44431395E+02 : FWB 20-02:C02F1B40:00:?? = +8.82465694E-39
A697 : BNE A65E       : A=1B X=07 Y=88 SP=?? N=0 V=0 D=0 I=0 Z=0 C=0 : FWA C0-8A:881B9BFB:00:00 = -5.44431395E+02 : FWB 20-02:C02F1B40:00:?? = +8.82465694E-39
A65E : BCS A676       : A=1B X=07 Y=88 SP=?? N=0 V=0 D=0 I=0 Z=0 C=0 : FWA C0-8A:881B9BFB:00:00 = -5.44431395E+02 : FWB 20-02:C02F1B40:00:?? = +8.82465694E-39
A660 : CMP 31         : A=1B X=07 Y=88 SP=?? N=1 V=0 D=0 I=0 Z=0 C=0 : FWA C0-8A:881B9BFB:00:00 = -5.44431395E+02 : FWB 20-02:C02F1B40:00:?? = +8.82465694E-39
A662 : BNE A674       : A=1B X=07 Y=88 SP=?? N=1 V=0 D=0 I=0 Z=0 C=0 : FWA C0-8A:881B9BFB:00:00 = -5.44431395E+02 : FWB 20-02:C02F1B40:00:?? = +8.82465694E-39
A674 : BCC A68D       : A=1B X=07 Y=88 SP=?? N=1 V=0 D=0 I=0 Z=0 C=0 : FWA C0-8A:881B9BFB:00:00 = -5.44431395E+02 : FWB 20-02:C02F1B40:00:?? = +8.82465694E-39
A68D : ROL 3B         : A=1B X=07 Y=88 SP=?? N=0 V=0 D=0 I=0 Z=0 C=0 : FWA C0-8A:881B9BFB:00:00 = -5.44431395E+02 : FWB 40-02:C02F1B40:00:?? = +8.82465694E-39
A68F : ASL 40         : A=1B X=07 Y=88 SP=?? N=1 V=0 D=0 I=0 Z=0 C=0 : FWA C0-8A:881B9BFB:00:00 = -5.44431395E+02 : FWB 40-02:C02F1B80:00:?? = +8.82465711E-39
A691 : ROL 3F         : A=1B X=07 Y=88 SP=?? N=0 V=0 D=0 I=0 Z=0 C=0 : FWA C0-8A:881B9BFB:00:00 = -5.44431395E+02 : FWB 40-02:C02F3680:00:?? = +8.82467603E-39
A693 : ROL 3E         : A=1B X=07 Y=88 SP=?? N=0 V=0 D=0 I=0 Z=0 C=0 : FWA C0-8A:881B9BFB:00:00 = -5.44431395E+02 : FWB 40-02:C05E3680:00:?? = +8.83310624E-39
A695 : ROL A          : A=36 X=07 Y=88 SP=?? N=0 V=0 D=0 I=0 Z=0 C=0 : FWA C0-8A:881B9BFB:00:00 = -5.44431395E+02 : FWB 40-02:C05E3680:00:?? = +8.83310624E-39
A696 : DEX            : A=36 X=06 Y=88 SP=?? N=0 V=0 D=0 I=0 Z=0 C=0 : FWA C0-8A:881B9BFB:00:00 = -5.44431395E+02 : FWB 40-02:C05E3680:00:?? = +8.83310624E-39
A697 : BNE A65E       : A=36 X=06 Y=88 SP=?? N=0 V=0 D=0 I=0 Z=0 C=0 : FWA C0-8A:881B9BFB:00:00 = -5.44431395E+02 : FWB 40-02:C05E3680:00:?? = +8.83310624E-39
A65E : BCS A676       : A=36 X=06 Y=88 SP=?? N=0 V=0 D=0 I=0 Z=0 C=0 : FWA C0-8A:881B9BFB:00:00 = -5.44431395E+02 : FWB 40-02:C05E3680:00:?? = +8.83310624E-39
A660 : CMP 31         : A=36 X=06 Y=88 SP=?? N=1 V=0 D=0 I=0 Z=0 C=0 : FWA C0-8A:881B9BFB:00:00 = -5.44431395E+02 : FWB 40-02:C05E3680:00:?? = +8.83310624E-39
A662 : BNE A674       : A=36 X=06 Y=88 SP=?? N=1 V=0 D=0 I=0 Z=0 C=0 : FWA C0-8A:881B9BFB:00:00 = -5.44431395E+02 : FWB 40-02:C05E3680:00:?? = +8.83310624E-39
A674 : BCC A68D       : A=36 X=06 Y=88 SP=?? N=1 V=0 D=0 I=0 Z=0 C=0 : FWA C0-8A:881B9BFB:00:00 = -5.44431395E+02 : FWB 40-02:C05E3680:00:?? = +8.83310624E-39
A68D : ROL 3B         : A=36 X=06 Y=88 SP=?? N=1 V=0 D=0 I=0 Z=0 C=0 : FWA C0-8A:881B9BFB:00:00 = -5.44431395E+02 : FWB 80-02:C05E3680:00:?? = -8.83310624E-39
A68F : ASL 40         : A=36 X=06 Y=88 SP=?? N=0 V=0 D=0 I=0 Z=1 C=1 : FWA C0-8A:881B9BFB:00:00 = -5.44431395E+02 : FWB 80-02:C05E3600:00:?? = -8.83310589E-39
A691 : ROL 3F         : A=36 X=06 Y=88 SP=?? N=0 V=0 D=0 I=0 Z=0 C=0 : FWA C0-8A:881B9BFB:00:00 = -5.44431395E+02 : FWB 80-02:C05E6D00:00:?? = -8.83314443E-39
A693 : ROL 3E         : A=36 X=06 Y=88 SP=?? N=1 V=0 D=0 I=0 Z=0 C=0 : FWA C0-8A:881B9BFB:00:00 = -5.44431395E+02 : FWB 80-02:C0BC6D00:00:?? = -8.85000485E-39
A695 : ROL A          : A=6C X=06 Y=88 SP=?? N=0 V=0 D=0 I=0 Z=0 C=0 : FWA C0-8A:881B9BFB:00:00 = -5.44431395E+02 : FWB 80-02:C0BC6D00:00:?? = -8.85000485E-39
A696 : DEX            : A=6C X=05 Y=88 SP=?? N=0 V=0 D=0 I=0 Z=0 C=0 : FWA C0-8A:881B9BFB:00:00 = -5.44431395E+02 : FWB 80-02:C0BC6D00:00:?? = -8.85000485E-39
A697 : BNE A65E       : A=6C X=05 Y=88 SP=?? N=0 V=0 D=0 I=0 Z=0 C=0 : FWA C0-8A:881B9BFB:00:00 = -5.44431395E+02 : FWB 80-02:C0BC6D00:00:?? = -8.85000485E-39
A65E : BCS A676       : A=6C X=05 Y=88 SP=?? N=0 V=0 D=0 I=0 Z=0 C=0 : FWA C0-8A:881B9BFB:00:00 = -5.44431395E+02 : FWB 80-02:C0BC6D00:00:?? = -8.85000485E-39
A660 : CMP 31         : A=6C X=05 Y=88 SP=?? N=1 V=0 D=0 I=0 Z=0 C=0 : FWA C0-8A:881B9BFB:00:00 = -5.44431395E+02 : FWB 80-02:C0BC6D00:00:?? = -8.85000485E-39
A662 : BNE A674       : A=6C X=05 Y=88 SP=?? N=1 V=0 D=0 I=0 Z=0 C=0 : FWA C0-8A:881B9BFB:00:00 = -5.44431395E+02 : FWB 80-02:C0BC6D00:00:?? = -8.85000485E-39
A674 : BCC A68D       : A=6C X=05 Y=88 SP=?? N=1 V=0 D=0 I=0 Z=0 C=0 : FWA C0-8A:881B9BFB:00:00 = -5.44431395E+02 : FWB 80-02:C0BC6D00:00:?? = -8.85000485E-39
A68D : ROL 3B         : A=6C X=05 Y=88 SP=?? N=0 V=0 D=0 I=0 Z=1 C=1 : FWA C0-8A:881B9BFB:00:00 = -5.44431395E+02 : FWB 00-02:C0BC6D00:00:?? = +8.85000485E-39
A68F : ASL 40         : A=6C X=05 Y=88 SP=?? N=0 V=0 D=0 I=0 Z=1 C=0 : FWA C0-8A:881B9BFB:00:00 = -5.44431395E+02 : FWB 00-02:C0BC6D00:00:?? = +8.85000485E-39
A691 : ROL 3F         : A=6C X=05 Y=88 SP=?? N=1 V=0 D=0 I=0 Z=0 C=0 : FWA C0-8A:881B9BFB:00:00 = -5.44431395E+02 : FWB 00-02:C0BCDA00:00:?? = +8.85008122E-39
A693 : ROL 3E         : A=6C X=05 Y=88 SP=?? N=0 V=0 D=0 I=0 Z=0 C=1 : FWA C0-8A:881B9BFB:00:00 = -5.44431395E+02 : FWB 00-02:C078DA00:00:?? = +8.83788432E-39
A695 : ROL A          : A=D9 X=05 Y=88 SP=?? N=1 V=0 D=0 I=0 Z=0 C=0 : FWA C0-8A:881B9BFB:00:00 = -5.44431395E+02 : FWB 00-02:C078DA00:00:?? = +8.83788432E-39
A696 : DEX            : A=D9 X=04 Y=88 SP=?? N=0 V=0 D=0 I=0 Z=0 C=0 : FWA C0-8A:881B9BFB:00:00 = -5.44431395E+02 : FWB 00-02:C078DA00:00:?? = +8.83788432E-39
A697 : BNE A65E       : A=D9 X=04 Y=88 SP=?? N=0 V=0 D=0 I=0 Z=0 C=0 : FWA C0-8A:881B9BFB:00:00 = -5.44431395E+02 : FWB 00-02:C078DA00:00:?? = +8.83788432E-39
A65E : BCS A676       : A=D9 X=04 Y=88 SP=?? N=0 V=0 D=0 I=0 Z=0 C=0 : FWA C0-8A:881B9BFB:00:00 = -5.44431395E+02 : FWB 00-02:C078DA00:00:?? = +8.83788432E-39
A660 : CMP 31         : A=D9 X=04 Y=88 SP=?? N=0 V=0 D=0 I=0 Z=0 C=1 : FWA C0-8A:881B9BFB:00:00 = -5.44431395E+02 : FWB 00-02:C078DA00:00:?? = +8.83788432E-39
A662 : BNE A674       : A=D9 X=04 Y=88 SP=?? N=0 V=0 D=0 I=0 Z=0 C=1 : FWA C0-8A:881B9BFB:00:00 = -5.44431395E+02 : FWB 00-02:C078DA00:00:?? = +8.83788432E-39
A674 : BCC A68D       : A=D9 X=04 Y=88 SP=?? N=0 V=0 D=0 I=0 Z=0 C=1 : FWA C0-8A:881B9BFB:00:00 = -5.44431395E+02 : FWB 00-02:C078DA00:00:?? = +8.83788432E-39
A676 : TAY            : A=D9 X=04 Y=D9 SP=?? N=1 V=0 D=0 I=0 Z=0 C=1 : FWA C0-8A:881B9BFB:00:00 = -5.44431395E+02 : FWB 00-02:C078DA00:00:?? = +8.83788432E-39
A677 : LDA 40         : A=00 X=04 Y=D9 SP=?? N=0 V=0 D=0 I=0 Z=1 C=1 : FWA C0-8A:881B9BFB:00:00 = -5.44431395E+02 : FWB 00-02:C078DA00:00:?? = +8.83788432E-39
A679 : SBC 34         : A=05 X=04 Y=D9 SP=?? N=0 V=0 D=0 I=0 Z=0 C=0 : FWA C0-8A:881B9BFB:00:00 = -5.44431395E+02 : FWB 00-02:C078DA00:00:?? = +8.83788432E-39
A67B : STA 40         : A=05 X=04 Y=D9 SP=?? N=0 V=0 D=0 I=0 Z=0 C=0 : FWA C0-8A:881B9BFB:00:00 = -5.44431395E+02 : FWB 00-02:C078DA05:00:?? = +8.83788433E-39
A67D : LDA 3F         : A=DA X=04 Y=D9 SP=?? N=1 V=0 D=0 I=0 Z=0 C=0 : FWA C0-8A:881B9BFB:00:00 = -5.44431395E+02 : FWB 00-02:C078DA05:00:?? = +8.83788433E-39
A67F : SBC 33         : A=3E X=04 Y=D9 SP=?? N=0 V=0 D=0 I=0 Z=0 C=1 : FWA C0-8A:881B9BFB:00:00 = -5.44431395E+02 : FWB 00-02:C078DA05:00:?? = +8.83788433E-39
A681 : STA 3F         : A=3E X=04 Y=D9 SP=?? N=0 V=0 D=0 I=0 Z=0 C=1 : FWA C0-8A:881B9BFB:00:00 = -5.44431395E+02 : FWB 00-02:C0783E05:00:?? = +8.83777503E-39
A683 : LDA 3E         : A=78 X=04 Y=D9 SP=?? N=0 V=0 D=0 I=0 Z=0 C=1 : FWA C0-8A:881B9BFB:00:00 = -5.44431395E+02 : FWB 00-02:C0783E05:00:?? = +8.83777503E-39
A685 : SBC 32         : A=5D X=04 Y=D9 SP=?? N=0 V=0 D=0 I=0 Z=0 C=1 : FWA C0-8A:881B9BFB:00:00 = -5.44431395E+02 : FWB 00-02:C0783E05:00:?? = +8.83777503E-39
A687 : STA 3E         : A=5D X=04 Y=D9 SP=?? N=0 V=0 D=0 I=0 Z=0 C=1 : FWA C0-8A:881B9BFB:00:00 = -5.44431395E+02 : FWB 00-02:C05D3E05:00:?? = +8.83293214E-39
A689 : TYA            : A=D9 X=04 Y=D9 SP=?? N=1 V=0 D=0 I=0 Z=0 C=1 : FWA C0-8A:881B9BFB:00:00 = -5.44431395E+02 : FWB 00-02:C05D3E05:00:?? = +8.83293214E-39
A68A : SBC 31         : A=51 X=04 Y=D9 SP=?? N=0 V=0 D=0 I=0 Z=0 C=1 : FWA C0-8A:881B9BFB:00:00 = -5.44431395E+02 : FWB 00-02:C05D3E05:00:?? = +8.83293214E-39
A68C : SEC            : A=51 X=04 Y=D9 SP=?? N=0 V=0 D=0 I=0 Z=0 C=1 : FWA C0-8A:881B9BFB:00:00 = -5.44431395E+02 : FWB 00-02:C05D3E05:00:?? = +8.83293214E-39
A68D : ROL 3B         : A=51 X=04 Y=D9 SP=?? N=0 V=0 D=0 I=0 Z=0 C=0 : FWA C0-8A:881B9BFB:00:00 = -5.44431395E+02 : FWB 01-02:C05D3E05:00:?? = +8.83293214E-39
A68F : ASL 40         : A=51 X=04 Y=D9 SP=?? N=0 V=0 D=0 I=0 Z=0 C=0 : FWA C0-8A:881B9BFB:00:00 = -5.44431395E+02 : FWB 01-02:C05D3E0A:00:?? = +8.83293216E-39
A691 : ROL 3F         : A=51 X=04 Y=D9 SP=?? N=0 V=0 D=0 I=0 Z=0 C=0 : FWA C0-8A:881B9BFB:00:00 = -5.44431395E+02 : FWB 01-02:C05D7C0A:00:?? = +8.83297560E-39
A693 : ROL 3E         : A=51 X=04 Y=D9 SP=?? N=1 V=0 D=0 I=0 Z=0 C=0 : FWA C0-8A:881B9BFB:00:00 = -5.44431395E+02 : FWB 01-02:C0BA7C0A:00:?? = +8.84965665E-39
A695 : ROL A          : A=A2 X=04 Y=D9 SP=?? N=1 V=0 D=0 I=0 Z=0 C=0 : FWA C0-8A:881B9BFB:00:00 = -5.44431395E+02 : FWB 01-02:C0BA7C0A:00:?? = +8.84965665E-39
A696 : DEX            : A=A2 X=03 Y=D9 SP=?? N=0 V=0 D=0 I=0 Z=0 C=0 : FWA C0-8A:881B9BFB:00:00 = -5.44431395E+02 : FWB 01-02:C0BA7C0A:00:?? = +8.84965665E-39
A697 : BNE A65E       : A=A2 X=03 Y=D9 SP=?? N=0 V=0 D=0 I=0 Z=0 C=0 : FWA C0-8A:881B9BFB:00:00 = -5.44431395E+02 : FWB 01-02:C0BA7C0A:00:?? = +8.84965665E-39
A65E : BCS A676       : A=A2 X=03 Y=D9 SP=?? N=0 V=0 D=0 I=0 Z=0 C=0 : FWA C0-8A:881B9BFB:00:00 = -5.44431395E+02 : FWB 01-02:C0BA7C0A:00:?? = +8.84965665E-39
A660 : CMP 31         : A=A2 X=03 Y=D9 SP=?? N=0 V=0 D=0 I=0 Z=0 C=1 : FWA C0-8A:881B9BFB:00:00 = -5.44431395E+02 : FWB 01-02:C0BA7C0A:00:?? = +8.84965665E-39
A662 : BNE A674       : A=A2 X=03 Y=D9 SP=?? N=0 V=0 D=0 I=0 Z=0 C=1 : FWA C0-8A:881B9BFB:00:00 = -5.44431395E+02 : FWB 01-02:C0BA7C0A:00:?? = +8.84965665E-39
A674 : BCC A68D       : A=A2 X=03 Y=D9 SP=?? N=0 V=0 D=0 I=0 Z=0 C=1 : FWA C0-8A:881B9BFB:00:00 = -5.44431395E+02 : FWB 01-02:C0BA7C0A:00:?? = +8.84965665E-39
A676 : TAY            : A=A2 X=03 Y=A2 SP=?? N=1 V=0 D=0 I=0 Z=0 C=1 : FWA C0-8A:881B9BFB:00:00 = -5.44431395E+02 : FWB 01-02:C0BA7C0A:00:?? = +8.84965665E-39
A677 : LDA 40         : A=0A X=03 Y=A2 SP=?? N=0 V=0 D=0 I=0 Z=0 C=1 : FWA C0-8A:881B9BFB:00:00 = -5.44431395E+02 : FWB 01-02:C0BA7C0A:00:?? = +8.84965665E-39
A679 : SBC 34         : A=0F X=03 Y=A2 SP=?? N=0 V=0 D=0 I=0 Z=0 C=0 : FWA C0-8A:881B9BFB:00:00 = -5.44431395E+02 : FWB 01-02:C0BA7C0A:00:?? = +8.84965665E-39
A67B : STA 40         : A=0F X=03 Y=A2 SP=?? N=0 V=0 D=0 I=0 Z=0 C=0 : FWA C0-8A:881B9BFB:00:00 = -5.44431395E+02 : FWB 01-02:C0BA7C0F:00:?? = +8.84965667E-39
A67D : LDA 3F         : A=7C X=03 Y=A2 SP=?? N=0 V=0 D=0 I=0 Z=0 C=0 : FWA C0-8A:881B9BFB:00:00 = -5.44431395E+02 : FWB 01-02:C0BA7C0F:00:?? = +8.84965667E-39
A67F : SBC 33         : A=E0 X=03 Y=A2 SP=?? N=1 V=1 D=0 I=0 Z=0 C=0 : FWA C0-8A:881B9BFB:00:00 = -5.44431395E+02 : FWB 01-02:C0BA7C0F:00:?? = +8.84965667E-39
A681 : STA 3F         : A=E0 X=03 Y=A2 SP=?? N=1 V=1 D=0 I=0 Z=0 C=0 : FWA C0-8A:881B9BFB:00:00 = -5.44431395E+02 : FWB 01-02:C0BAE00F:00:?? = +8.84972673E-39
A683 : LDA 3E         : A=BA X=03 Y=A2 SP=?? N=1 V=1 D=0 I=0 Z=0 C=0 : FWA C0-8A:881B9BFB:00:00 = -5.44431395E+02 : FWB 01-02:C0BAE00F:00:?? = +8.84972673E-39
A685 : SBC 32         : A=9E X=03 Y=A2 SP=?? N=1 V=0 D=0 I=0 Z=0 C=1 : FWA C0-8A:881B9BFB:00:00 = -5.44431395E+02 : FWB 01-02:C0BAE00F:00:?? = +8.84972673E-39
A687 : STA 3E         : A=9E X=03 Y=A2 SP=?? N=1 V=0 D=0 I=0 Z=0 C=1 : FWA C0-8A:881B9BFB:00:00 = -5.44431395E+02 : FWB 01-02:C09EE00F:00:?? = +8.84470448E-39
A689 : TYA            : A=A2 X=03 Y=A2 SP=?? N=1 V=0 D=0 I=0 Z=0 C=1 : FWA C0-8A:881B9BFB:00:00 = -5.44431395E+02 : FWB 01-02:C09EE00F:00:?? = +8.84470448E-39
A68A : SBC 31         : A=1A X=03 Y=A2 SP=?? N=0 V=0 D=0 I=0 Z=0 C=1 : FWA C0-8A:881B9BFB:00:00 = -5.44431395E+02 : FWB 01-02:C09EE00F:00:?? = +8.84470448E-39
A68C : SEC            : A=1A X=03 Y=A2 SP=?? N=0 V=0 D=0 I=0 Z=0 C=1 : FWA C0-8A:881B9BFB:00:00 = -5.44431395E+02 : FWB 01-02:C09EE00F:00:?? = +8.84470448E-39
A68D : ROL 3B         : A=1A X=03 Y=A2 SP=?? N=0 V=0 D=0 I=0 Z=0 C=0 : FWA C0-8A:881B9BFB:00:00 = -5.44431395E+02 : FWB 03-02:C09EE00F:00:?? = +8.84470448E-39
A68F : ASL 40         : A=1A X=03 Y=A2 SP=?? N=0 V=0 D=0 I=0 Z=0 C=0 : FWA C0-8A:881B9BFB:00:00 = -5.44431395E+02 : FWB 03-02:C09EE01E:00:?? = +8.84470452E-39
A691 : ROL 3F         : A=1A X=03 Y=A2 SP=?? N=1 V=0 D=0 I=0 Z=0 C=1 : FWA C0-8A:881B9BFB:00:00 = -5.44431395E+02 : FWB 03-02:C09EC01E:00:?? = +8.84468210E-39
A693 : ROL 3E         : A=1A X=03 Y=A2 SP=?? N=0 V=0 D=0 I=0 Z=0 C=1 : FWA C0-8A:881B9BFB:00:00 = -5.44431395E+02 : FWB 03-02:C03DC01E:00:?? = +8.82728358E-39
A695 : ROL A          : A=35 X=03 Y=A2 SP=?? N=0 V=0 D=0 I=0 Z=0 C=0 : FWA C0-8A:881B9BFB:00:00 = -5.44431395E+02 : FWB 03-02:C03DC01E:00:?? = +8.82728358E-39
A696 : DEX            : A=35 X=02 Y=A2 SP=?? N=0 V=0 D=0 I=0 Z=0 C=0 : FWA C0-8A:881B9BFB:00:00 = -5.44431395E+02 : FWB 03-02:C03DC01E:00:?? = +8.82728358E-39
A697 : BNE A65E       : A=35 X=02 Y=A2 SP=?? N=0 V=0 D=0 I=0 Z=0 C=0 : FWA C0-8A:881B9BFB:00:00 = -5.44431395E+02 : FWB 03-02:C03DC01E:00:?? = +8.82728358E-39
A65E : BCS A676       : A=35 X=02 Y=A2 SP=?? N=0 V=0 D=0 I=0 Z=0 C=0 : FWA C0-8A:881B9BFB:00:00 = -5.44431395E+02 : FWB 03-02:C03DC01E:00:?? = +8.82728358E-39
A660 : CMP 31         : A=35 X=02 Y=A2 SP=?? N=1 V=0 D=0 I=0 Z=0 C=0 : FWA C0-8A:881B9BFB:00:00 = -5.44431395E+02 : FWB 03-02:C03DC01E:00:?? = +8.82728358E-39
A662 : BNE A674       : A=35 X=02 Y=A2 SP=?? N=1 V=0 D=0 I=0 Z=0 C=0 : FWA C0-8A:881B9BFB:00:00 = -5.44431395E+02 : FWB 03-02:C03DC01E:00:?? = +8.82728358E-39
A674 : BCC A68D       : A=35 X=02 Y=A2 SP=?? N=1 V=0 D=0 I=0 Z=0 C=0 : FWA C0-8A:881B9BFB:00:00 = -5.44431395E+02 : FWB 03-02:C03DC01E:00:?? = +8.82728358E-39
A68D : ROL 3B         : A=35 X=02 Y=A2 SP=?? N=0 V=0 D=0 I=0 Z=0 C=0 : FWA C0-8A:881B9BFB:00:00 = -5.44431395E+02 : FWB 06-02:C03DC01E:00:?? = +8.82728358E-39
A68F : ASL 40         : A=35 X=02 Y=A2 SP=?? N=0 V=0 D=0 I=0 Z=0 C=0 : FWA C0-8A:881B9BFB:00:00 = -5.44431395E+02 : FWB 06-02:C03DC03C:00:?? = +8.82728366E-39
A691 : ROL 3F         : A=35 X=02 Y=A2 SP=?? N=1 V=0 D=0 I=0 Z=0 C=1 : FWA C0-8A:881B9BFB:00:00 = -5.44431395E+02 : FWB 06-02:C03D803C:00:?? = +8.82723882E-39
A693 : ROL 3E         : A=35 X=02 Y=A2 SP=?? N=0 V=0 D=0 I=0 Z=0 C=0 : FWA C0-8A:881B9BFB:00:00 = -5.44431395E+02 : FWB 06-02:C07B803C:00:?? = +8.83835952E-39
A695 : ROL A          : A=6A X=02 Y=A2 SP=?? N=0 V=0 D=0 I=0 Z=0 C=0 : FWA C0-8A:881B9BFB:00:00 = -5.44431395E+02 : FWB 06-02:C07B803C:00:?? = +8.83835952E-39
A696 : DEX            : A=6A X=01 Y=A2 SP=?? N=0 V=0 D=0 I=0 Z=0 C=0 : FWA C0-8A:881B9BFB:00:00 = -5.44431395E+02 : FWB 06-02:C07B803C:00:?? = +8.83835952E-39
A697 : BNE A65E       : A=6A X=01 Y=A2 SP=?? N=0 V=0 D=0 I=0 Z=0 C=0 : FWA C0-8A:881B9BFB:00:00 = -5.44431395E+02 : FWB 06-02:C07B803C:00:?? = +8.83835952E-39
A65E : BCS A676       : A=6A X=01 Y=A2 SP=?? N=0 V=0 D=0 I=0 Z=0 C=0 : FWA C0-8A:881B9BFB:00:00 = -5.44431395E+02 : FWB 06-02:C07B803C:00:?? = +8.83835952E-39
A660 : CMP 31         : A=6A X=01 Y=A2 SP=?? N=1 V=0 D=0 I=0 Z=0 C=0 : FWA C0-8A:881B9BFB:00:00 = -5.44431395E+02 : FWB 06-02:C07B803C:00:?? = +8.83835952E-39
A662 : BNE A674       : A=6A X=01 Y=A2 SP=?? N=1 V=0 D=0 I=0 Z=0 C=0 : FWA C0-8A:881B9BFB:00:00 = -5.44431395E+02 : FWB 06-02:C07B803C:00:?? = +8.83835952E-39
A674 : BCC A68D       : A=6A X=01 Y=A2 SP=?? N=1 V=0 D=0 I=0 Z=0 C=0 : FWA C0-8A:881B9BFB:00:00 = -5.44431395E+02 : FWB 06-02:C07B803C:00:?? = +8.83835952E-39
A68D : ROL 3B         : A=6A X=01 Y=A2 SP=?? N=0 V=0 D=0 I=0 Z=0 C=0 : FWA C0-8A:881B9BFB:00:00 = -5.44431395E+02 : FWB 0C-02:C07B803C:00:?? = +8.83835952E-39
A68F : ASL 40         : A=6A X=01 Y=A2 SP=?? N=0 V=0 D=0 I=0 Z=0 C=0 : FWA C0-8A:881B9BFB:00:00 = -5.44431395E+02 : FWB 0C-02:C07B8078:00:?? = +8.83835969E-39
A691 : ROL 3F         : A=6A X=01 Y=A2 SP=?? N=0 V=0 D=0 I=0 Z=1 C=1 : FWA C0-8A:881B9BFB:00:00 = -5.44431395E+02 : FWB 0C-02:C07B0078:00:?? = +8.83827000E-39
A693 : ROL 3E         : A=6A X=01 Y=A2 SP=?? N=1 V=0 D=0 I=0 Z=0 C=0 : FWA C0-8A:881B9BFB:00:00 = -5.44431395E+02 : FWB 0C-02:C0F70078:00:?? = +8.86051141E-39
A695 : ROL A          : A=D4 X=01 Y=A2 SP=?? N=1 V=0 D=0 I=0 Z=0 C=0 : FWA C0-8A:881B9BFB:00:00 = -5.44431395E+02 : FWB 0C-02:C0F70078:00:?? = +8.86051141E-39
A696 : DEX            : A=D4 X=00 Y=A2 SP=?? N=0 V=0 D=0 I=0 Z=1 C=0 : FWA C0-8A:881B9BFB:00:00 = -5.44431395E+02 : FWB 0C-02:C0F70078:00:?? = +8.86051141E-39
A697 : BNE A65E       : A=D4 X=00 Y=A2 SP=?? N=0 V=0 D=0 I=0 Z=1 C=0 : FWA C0-8A:881B9BFB:00:00 = -5.44431395E+02 : FWB 0C-02:C0F70078:00:?? = +8.86051141E-39
A699 : LDX 3B         : A=D4 X=0C Y=A2 SP=?? N=0 V=0 D=0 I=0 Z=0 C=0 : FWA C0-8A:881B9BFB:00:00 = -5.44431395E+02 : FWB 0C-02:C0F70078:00:?? = +8.86051141E-39
A69B : PHX            : A=D4 X=0C Y=A2 SP=?? N=0 V=0 D=0 I=0 Z=0 C=0 : FWA C0-8A:881B9BFB:00:00 = -5.44431395E+02 : FWB 0C-02:C0F70078:00:?? = +8.86051141E-39
A69C : DEC 3C         : A=D4 X=0C Y=A2 SP=?? N=0 V=0 D=0 I=0 Z=0 C=0 : FWA C0-8A:881B9BFB:00:00 = -5.44431395E+02 : FWB 0C-01:C0F70078:00:?? = +4.43025571E-39
A69E : BNE A65C       : A=D4 X=0C Y=A2 SP=?? N=0 V=0 D=0 I=0 Z=0 C=0 : FWA C0-8A:881B9BFB:00:00 = -5.44431395E+02 : FWB 0C-01:C0F70078:00:?? = +4.43025571E-39
A65C : LDX #08        : A=D4 X=08 Y=A2 SP=?? N=0 V=0 D=0 I=0 Z=0 C=0 : FWA C0-8A:881B9BFB:00:00 = -5.44431395E+02 : FWB 0C-01:C0F70078:00:?? = +4.43025571E-39
A65E : BCS A676       : A=D4 X=08 Y=A2 SP=?? N=0 V=0 D=0 I=0 Z=0 C=0 : FWA C0-8A:881B9BFB:00:00 = -5.44431395E+02 : FWB 0C-01:C0F70078:00:?? = +4.43025571E-39
A660 : CMP 31         : A=D4 X=08 Y=A2 SP=?? N=0 V=0 D=0 I=0 Z=0 C=1 : FWA C0-8A:881B9BFB:00:00 = -5.44431395E+02 : FWB 0C-01:C0F70078:00:?? = +4.43025571E-39
A662 : BNE A674       : A=D4 X=08 Y=A2 SP=?? N=0 V=0 D=0 I=0 Z=0 C=1 : FWA C0-8A:881B9BFB:00:00 = -5.44431395E+02 : FWB 0C-01:C0F70078:00:?? = +4.43025571E-39
A674 : BCC A68D       : A=D4 X=08 Y=A2 SP=?? N=0 V=0 D=0 I=0 Z=0 C=1 : FWA C0-8A:881B9BFB:00:00 = -5.44431395E+02 : FWB 0C-01:C0F70078:00:?? = +4.43025571E-39
A676 : TAY            : A=D4 X=08 Y=D4 SP=?? N=1 V=0 D=0 I=0 Z=0 C=1 : FWA C0-8A:881B9BFB:00:00 = -5.44431395E+02 : FWB 0C-01:C0F70078:00:?? = +4.43025571E-39
A677 : LDA 40         : A=78 X=08 Y=D4 SP=?? N=0 V=0 D=0 I=0 Z=0 C=1 : FWA C0-8A:881B9BFB:00:00 = -5.44431395E+02 : FWB 0C-01:C0F70078:00:?? = +4.43025571E-39
A679 : SBC 34         : A=7D X=08 Y=D4 SP=?? N=0 V=0 D=0 I=0 Z=0 C=0 : FWA C0-8A:881B9BFB:00:00 = -5.44431395E+02 : FWB 0C-01:C0F70078:00:?? = +4.43025571E-39
A67B : STA 40         : A=7D X=08 Y=D4 SP=?? N=0 V=0 D=0 I=0 Z=0 C=0 : FWA C0-8A:881B9BFB:00:00 = -5.44431395E+02 : FWB 0C-01:C0F7007D:00:?? = +4.43025571E-39
A67D : LDA 3F         : A=00 X=08 Y=D4 SP=?? N=0 V=0 D=0 I=0 Z=1 C=0 : FWA C0-8A:881B9BFB:00:00 = -5.44431395E+02 : FWB 0C-01:C0F7007D:00:?? = +4.43025571E-39
A67F : SBC 33         : A=64 X=08 Y=D4 SP=?? N=0 V=0 D=0 I=0 Z=0 C=0 : FWA C0-8A:881B9BFB:00:00 = -5.44431395E+02 : FWB 0C-01:C0F7007D:00:?? = +4.43025571E-39
A681 : STA 3F         : A=64 X=08 Y=D4 SP=?? N=0 V=0 D=0 I=0 Z=0 C=0 : FWA C0-8A:881B9BFB:00:00 = -5.44431395E+02 : FWB 0C-01:C0F7647D:00:?? = +4.43029075E-39
A683 : LDA 3E         : A=F7 X=08 Y=D4 SP=?? N=1 V=0 D=0 I=0 Z=0 C=0 : FWA C0-8A:881B9BFB:00:00 = -5.44431395E+02 : FWB 0C-01:C0F7647D:00:?? = +4.43029075E-39
A685 : SBC 32         : A=DB X=08 Y=D4 SP=?? N=1 V=0 D=0 I=0 Z=0 C=1 : FWA C0-8A:881B9BFB:00:00 = -5.44431395E+02 : FWB 0C-01:C0F7647D:00:?? = +4.43029075E-39
A687 : STA 3E         : A=DB X=08 Y=D4 SP=?? N=1 V=0 D=0 I=0 Z=0 C=1 : FWA C0-8A:881B9BFB:00:00 = -5.44431395E+02 : FWB 0C-01:C0DB647D:00:?? = +4.42777962E-39
A689 : TYA            : A=D4 X=08 Y=D4 SP=?? N=1 V=0 D=0 I=0 Z=0 C=1 : FWA C0-8A:881B9BFB:00:00 = -5.44431395E+02 : FWB 0C-01:C0DB647D:00:?? = +4.42777962E-39
A68A : SBC 31         : A=4C X=08 Y=D4 SP=?? N=0 V=0 D=0 I=0 Z=0 C=1 : FWA C0-8A:881B9BFB:00:00 = -5.44431395E+02 : FWB 0C-01:C0DB647D:00:?? = +4.42777962E-39
A68C : SEC            : A=4C X=08 Y=D4 SP=?? N=0 V=0 D=0 I=0 Z=0 C=1 : FWA C0-8A:881B9BFB:00:00 = -5.44431395E+02 : FWB 0C-01:C0DB647D:00:?? = +4.42777962E-39
A68D : ROL 3B         : A=4C X=08 Y=D4 SP=?? N=0 V=0 D=0 I=0 Z=0 C=0 : FWA C0-8A:881B9BFB:00:00 = -5.44431395E+02 : FWB 19-01:C0DB647D:00:?? = +4.42777962E-39
A68F : ASL 40         : A=4C X=08 Y=D4 SP=?? N=1 V=0 D=0 I=0 Z=0 C=0 : FWA C0-8A:881B9BFB:00:00 = -5.44431395E+02 : FWB 19-01:C0DB64FA:00:?? = +4.42777979E-39
A691 : ROL 3F         : A=4C X=08 Y=D4 SP=?? N=1 V=0 D=0 I=0 Z=0 C=0 : FWA C0-8A:881B9BFB:00:00 = -5.44431395E+02 : FWB 19-01:C0DBC8FA:00:?? = +4.42781482E-39
A693 : ROL 3E         : A=4C X=08 Y=D4 SP=?? N=1 V=0 D=0 I=0 Z=0 C=1 : FWA C0-8A:881B9BFB:00:00 = -5.44431395E+02 : FWB 19-01:C0B6C8FA:00:?? = +4.42449655E-39
A695 : ROL A          : A=99 X=08 Y=D4 SP=?? N=1 V=0 D=0 I=0 Z=0 C=0 : FWA C0-8A:881B9BFB:00:00 = -5.44431395E+02 : FWB 19-01:C0B6C8FA:00:?? = +4.42449655E-39
A696 : DEX            : A=99 X=07 Y=D4 SP=?? N=0 V=0 D=0 I=0 Z=0 C=0 : FWA C0-8A:881B9BFB:00:00 = -5.44431395E+02 : FWB 19-01:C0B6C8FA:00:?? = +4.42449655E-39
A697 : BNE A65E       : A=99 X=07 Y=D4 SP=?? N=0 V=0 D=0 I=0 Z=0 C=0 : FWA C0-8A:881B9BFB:00:00 = -5.44431395E+02 : FWB 19-01:C0B6C8FA:00:?? = +4.42449655E-39
A65E : BCS A676       : A=99 X=07 Y=D4 SP=?? N=0 V=0 D=0 I=0 Z=0 C=0 : FWA C0-8A:881B9BFB:00:00 = -5.44431395E+02 : FWB 19-01:C0B6C8FA:00:?? = +4.42449655E-39
A660 : CMP 31         : A=99 X=07 Y=D4 SP=?? N=0 V=0 D=0 I=0 Z=0 C=1 : FWA C0-8A:881B9BFB:00:00 = -5.44431395E+02 : FWB 19-01:C0B6C8FA:00:?? = +4.42449655E-39
A662 : BNE A674       : A=99 X=07 Y=D4 SP=?? N=0 V=0 D=0 I=0 Z=0 C=1 : FWA C0-8A:881B9BFB:00:00 = -5.44431395E+02 : FWB 19-01:C0B6C8FA:00:?? = +4.42449655E-39
A674 : BCC A68D       : A=99 X=07 Y=D4 SP=?? N=0 V=0 D=0 I=0 Z=0 C=1 : FWA C0-8A:881B9BFB:00:00 = -5.44431395E+02 : FWB 19-01:C0B6C8FA:00:?? = +4.42449655E-39
A676 : TAY            : A=99 X=07 Y=99 SP=?? N=1 V=0 D=0 I=0 Z=0 C=1 : FWA C0-8A:881B9BFB:00:00 = -5.44431395E+02 : FWB 19-01:C0B6C8FA:00:?? = +4.42449655E-39
A677 : LDA 40         : A=FA X=07 Y=99 SP=?? N=1 V=0 D=0 I=0 Z=0 C=1 : FWA C0-8A:881B9BFB:00:00 = -5.44431395E+02 : FWB 19-01:C0B6C8FA:00:?? = +4.42449655E-39
A679 : SBC 34         : A=FF X=07 Y=99 SP=?? N=1 V=0 D=0 I=0 Z=0 C=0 : FWA C0-8A:881B9BFB:00:00 = -5.44431395E+02 : FWB 19-01:C0B6C8FA:00:?? = +4.42449655E-39
A67B : STA 40         : A=FF X=07 Y=99 SP=?? N=1 V=0 D=0 I=0 Z=0 C=0 : FWA C0-8A:881B9BFB:00:00 = -5.44431395E+02 : FWB 19-01:C0B6C8FF:00:?? = +4.42449655E-39
A67D : LDA 3F         : A=C8 X=07 Y=99 SP=?? N=1 V=0 D=0 I=0 Z=0 C=0 : FWA C0-8A:881B9BFB:00:00 = -5.44431395E+02 : FWB 19-01:C0B6C8FF:00:?? = +4.42449655E-39
A67F : SBC 33         : A=2C X=07 Y=99 SP=?? N=0 V=0 D=0 I=0 Z=0 C=1 : FWA C0-8A:881B9BFB:00:00 = -5.44431395E+02 : FWB 19-01:C0B6C8FF:00:?? = +4.42449655E-39
A681 : STA 3F         : A=2C X=07 Y=99 SP=?? N=0 V=0 D=0 I=0 Z=0 C=1 : FWA C0-8A:881B9BFB:00:00 = -5.44431395E+02 : FWB 19-01:C0B62CFF:00:?? = +4.42444190E-39
A683 : LDA 3E         : A=B6 X=07 Y=99 SP=?? N=1 V=0 D=0 I=0 Z=0 C=1 : FWA C0-8A:881B9BFB:00:00 = -5.44431395E+02 : FWB 19-01:C0B62CFF:00:?? = +4.42444190E-39
A685 : SBC 32         : A=9B X=07 Y=99 SP=?? N=1 V=0 D=0 I=0 Z=0 C=1 : FWA C0-8A:881B9BFB:00:00 = -5.44431395E+02 : FWB 19-01:C0B62CFF:00:?? = +4.42444190E-39
A687 : STA 3E         : A=9B X=07 Y=99 SP=?? N=1 V=0 D=0 I=0 Z=0 C=1 : FWA C0-8A:881B9BFB:00:00 = -5.44431395E+02 : FWB 19-01:C09B2CFF:00:?? = +4.42202046E-39
A689 : TYA            : A=99 X=07 Y=99 SP=?? N=1 V=0 D=0 I=0 Z=0 C=1 : FWA C0-8A:881B9BFB:00:00 = -5.44431395E+02 : FWB 19-01:C09B2CFF:00:?? = +4.42202046E-39
A68A : SBC 31         : A=11 X=07 Y=99 SP=?? N=0 V=0 D=0 I=0 Z=0 C=1 : FWA C0-8A:881B9BFB:00:00 = -5.44431395E+02 : FWB 19-01:C09B2CFF:00:?? = +4.42202046E-39
A68C : SEC            : A=11 X=07 Y=99 SP=?? N=0 V=0 D=0 I=0 Z=0 C=1 : FWA C0-8A:881B9BFB:00:00 = -5.44431395E+02 : FWB 19-01:C09B2CFF:00:?? = +4.42202046E-39
A68D : ROL 3B         : A=11 X=07 Y=99 SP=?? N=0 V=0 D=0 I=0 Z=0 C=0 : FWA C0-8A:881B9BFB:00:00 = -5.44431395E+02 : FWB 33-01:C09B2CFF:00:?? = +4.42202046E-39
A68F : ASL 40         : A=11 X=07 Y=99 SP=?? N=1 V=0 D=0 I=0 Z=0 C=1 : FWA C0-8A:881B9BFB:00:00 = -5.44431395E+02 : FWB 33-01:C09B2CFE:00:?? = +4.42202046E-39
A691 : ROL 3F         : A=11 X=07 Y=99 SP=?? N=0 V=0 D=0 I=0 Z=0 C=0 : FWA C0-8A:881B9BFB:00:00 = -5.44431395E+02 : FWB 33-01:C09B59FE:00:?? = +4.42203622E-39
A693 : ROL 3E         : A=11 X=07 Y=99 SP=?? N=0 V=0 D=0 I=0 Z=0 C=1 : FWA C0-8A:881B9BFB:00:00 = -5.44431395E+02 : FWB 33-01:C03659FE:00:?? = +4.41297823E-39
A695 : ROL A          : A=23 X=07 Y=99 SP=?? N=0 V=0 D=0 I=0 Z=0 C=0 : FWA C0-8A:881B9BFB:00:00 = -5.44431395E+02 : FWB 33-01:C03659FE:00:?? = +4.41297823E-39
A696 : DEX            : A=23 X=06 Y=99 SP=?? N=0 V=0 D=0 I=0 Z=0 C=0 : FWA C0-8A:881B9BFB:00:00 = -5.44431395E+02 : FWB 33-01:C03659FE:00:?? = +4.41297823E-39
A697 : BNE A65E       : A=23 X=06 Y=99 SP=?? N=0 V=0 D=0 I=0 Z=0 C=0 : FWA C0-8A:881B9BFB:00:00 = -5.44431395E+02 : FWB 33-01:C03659FE:00:?? = +4.41297823E-39
A65E : BCS A676       : A=23 X=06 Y=99 SP=?? N=0 V=0 D=0 I=0 Z=0 C=0 : FWA C0-8A:881B9BFB:00:00 = -5.44431395E+02 : FWB 33-01:C03659FE:00:?? = +4.41297823E-39
A660 : CMP 31         : A=23 X=06 Y=99 SP=?? N=1 V=0 D=0 I=0 Z=0 C=0 : FWA C0-8A:881B9BFB:00:00 = -5.44431395E+02 : FWB 33-01:C03659FE:00:?? = +4.41297823E-39
A662 : BNE A674       : A=23 X=06 Y=99 SP=?? N=1 V=0 D=0 I=0 Z=0 C=0 : FWA C0-8A:881B9BFB:00:00 = -5.44431395E+02 : FWB 33-01:C03659FE:00:?? = +4.41297823E-39
A674 : BCC A68D       : A=23 X=06 Y=99 SP=?? N=1 V=0 D=0 I=0 Z=0 C=0 : FWA C0-8A:881B9BFB:00:00 = -5.44431395E+02 : FWB 33-01:C03659FE:00:?? = +4.41297823E-39
A68D : ROL 3B         : A=23 X=06 Y=99 SP=?? N=0 V=0 D=0 I=0 Z=0 C=0 : FWA C0-8A:881B9BFB:00:00 = -5.44431395E+02 : FWB 66-01:C03659FE:00:?? = +4.41297823E-39
A68F : ASL 40         : A=23 X=06 Y=99 SP=?? N=1 V=0 D=0 I=0 Z=0 C=1 : FWA C0-8A:881B9BFB:00:00 = -5.44431395E+02 : FWB 66-01:C03659FC:00:?? = +4.41297823E-39
A691 : ROL 3F         : A=23 X=06 Y=99 SP=?? N=1 V=0 D=0 I=0 Z=0 C=0 : FWA C0-8A:881B9BFB:00:00 = -5.44431395E+02 : FWB 66-01:C036B3FC:00:?? = +4.41300976E-39
A693 : ROL 3E         : A=23 X=06 Y=99 SP=?? N=0 V=0 D=0 I=0 Z=0 C=0 : FWA C0-8A:881B9BFB:00:00 = -5.44431395E+02 : FWB 66-01:C06CB3FC:00:?? = +4.41785264E-39
A695 : ROL A          : A=46 X=06 Y=99 SP=?? N=0 V=0 D=0 I=0 Z=0 C=0 : FWA C0-8A:881B9BFB:00:00 = -5.44431395E+02 : FWB 66-01:C06CB3FC:00:?? = +4.41785264E-39
A696 : DEX            : A=46 X=05 Y=99 SP=?? N=0 V=0 D=0 I=0 Z=0 C=0 : FWA C0-8A:881B9BFB:00:00 = -5.44431395E+02 : FWB 66-01:C06CB3FC:00:?? = +4.41785264E-39
A697 : BNE A65E       : A=46 X=05 Y=99 SP=?? N=0 V=0 D=0 I=0 Z=0 C=0 : FWA C0-8A:881B9BFB:00:00 = -5.44431395E+02 : FWB 66-01:C06CB3FC:00:?? = +4.41785264E-39
A65E : BCS A676       : A=46 X=05 Y=99 SP=?? N=0 V=0 D=0 I=0 Z=0 C=0 : FWA C0-8A:881B9BFB:00:00 = -5.44431395E+02 : FWB 66-01:C06CB3FC:00:?? = +4.41785264E-39
A660 : CMP 31         : A=46 X=05 Y=99 SP=?? N=1 V=0 D=0 I=0 Z=0 C=0 : FWA C0-8A:881B9BFB:00:00 = -5.44431395E+02 : FWB 66-01:C06CB3FC:00:?? = +4.41785264E-39
A662 : BNE A674       : A=46 X=05 Y=99 SP=?? N=1 V=0 D=0 I=0 Z=0 C=0 : FWA C0-8A:881B9BFB:00:00 = -5.44431395E+02 : FWB 66-01:C06CB3FC:00:?? = +4.41785264E-39
A674 : BCC A68D       : A=46 X=05 Y=99 SP=?? N=1 V=0 D=0 I=0 Z=0 C=0 : FWA C0-8A:881B9BFB:00:00 = -5.44431395E+02 : FWB 66-01:C06CB3FC:00:?? = +4.41785264E-39
A68D : ROL 3B         : A=46 X=05 Y=99 SP=?? N=1 V=0 D=0 I=0 Z=0 C=0 : FWA C0-8A:881B9BFB:00:00 = -5.44431395E+02 : FWB CC-01:C06CB3FC:00:?? = -4.41785264E-39
A68F : ASL 40         : A=46 X=05 Y=99 SP=?? N=1 V=0 D=0 I=0 Z=0 C=1 : FWA C0-8A:881B9BFB:00:00 = -5.44431395E+02 : FWB CC-01:C06CB3F8:00:?? = -4.41785264E-39
A691 : ROL 3F         : A=46 X=05 Y=99 SP=?? N=0 V=0 D=0 I=0 Z=0 C=1 : FWA C0-8A:881B9BFB:00:00 = -5.44431395E+02 : FWB CC-01:C06C67F8:00:?? = -4.41782601E-39
A693 : ROL 3E         : A=46 X=05 Y=99 SP=?? N=1 V=0 D=0 I=0 Z=0 C=0 : FWA C0-8A:881B9BFB:00:00 = -5.44431395E+02 : FWB CC-01:C0D967F8:00:?? = -4.42760147E-39
A695 : ROL A          : A=8C X=05 Y=99 SP=?? N=1 V=0 D=0 I=0 Z=0 C=0 : FWA C0-8A:881B9BFB:00:00 = -5.44431395E+02 : FWB CC-01:C0D967F8:00:?? = -4.42760147E-39
A696 : DEX            : A=8C X=04 Y=99 SP=?? N=0 V=0 D=0 I=0 Z=0 C=0 : FWA C0-8A:881B9BFB:00:00 = -5.44431395E+02 : FWB CC-01:C0D967F8:00:?? = -4.42760147E-39
A697 : BNE A65E       : A=8C X=04 Y=99 SP=?? N=0 V=0 D=0 I=0 Z=0 C=0 : FWA C0-8A:881B9BFB:00:00 = -5.44431395E+02 : FWB CC-01:C0D967F8:00:?? = -4.42760147E-39
A65E : BCS A676       : A=8C X=04 Y=99 SP=?? N=0 V=0 D=0 I=0 Z=0 C=0 : FWA C0-8A:881B9BFB:00:00 = -5.44431395E+02 : FWB CC-01:C0D967F8:00:?? = -4.42760147E-39
A660 : CMP 31         : A=8C X=04 Y=99 SP=?? N=0 V=0 D=0 I=0 Z=0 C=1 : FWA C0-8A:881B9BFB:00:00 = -5.44431395E+02 : FWB CC-01:C0D967F8:00:?? = -4.42760147E-39
A662 : BNE A674       : A=8C X=04 Y=99 SP=?? N=0 V=0 D=0 I=0 Z=0 C=1 : FWA C0-8A:881B9BFB:00:00 = -5.44431395E+02 : FWB CC-01:C0D967F8:00:?? = -4.42760147E-39
A674 : BCC A68D       : A=8C X=04 Y=99 SP=?? N=0 V=0 D=0 I=0 Z=0 C=1 : FWA C0-8A:881B9BFB:00:00 = -5.44431395E+02 : FWB CC-01:C0D967F8:00:?? = -4.42760147E-39
A676 : TAY            : A=8C X=04 Y=8C SP=?? N=1 V=0 D=0 I=0 Z=0 C=1 : FWA C0-8A:881B9BFB:00:00 = -5.44431395E+02 : FWB CC-01:C0D967F8:00:?? = -4.42760147E-39
A677 : LDA 40         : A=F8 X=04 Y=8C SP=?? N=1 V=0 D=0 I=0 Z=0 C=1 : FWA C0-8A:881B9BFB:00:00 = -5.44431395E+02 : FWB CC-01:C0D967F8:00:?? = -4.42760147E-39
A679 : SBC 34         : A=FD X=04 Y=8C SP=?? N=1 V=0 D=0 I=0 Z=0 C=0 : FWA C0-8A:881B9BFB:00:00 = -5.44431395E+02 : FWB CC-01:C0D967F8:00:?? = -4.42760147E-39
A67B : STA 40         : A=FD X=04 Y=8C SP=?? N=1 V=0 D=0 I=0 Z=0 C=0 : FWA C0-8A:881B9BFB:00:00 = -5.44431395E+02 : FWB CC-01:C0D967FD:00:?? = -4.42760148E-39
A67D : LDA 3F         : A=67 X=04 Y=8C SP=?? N=0 V=0 D=0 I=0 Z=0 C=0 : FWA C0-8A:881B9BFB:00:00 = -5.44431395E+02 : FWB CC-01:C0D967FD:00:?? = -4.42760148E-39
A67F : SBC 33         : A=CB X=04 Y=8C SP=?? N=1 V=1 D=0 I=0 Z=0 C=0 : FWA C0-8A:881B9BFB:00:00 = -5.44431395E+02 : FWB CC-01:C0D967FD:00:?? = -4.42760148E-39
A681 : STA 3F         : A=CB X=04 Y=8C SP=?? N=1 V=1 D=0 I=0 Z=0 C=0 : FWA C0-8A:881B9BFB:00:00 = -5.44431395E+02 : FWB CC-01:C0D9CBFD:00:?? = -4.42763651E-39
A683 : LDA 3E         : A=D9 X=04 Y=8C SP=?? N=1 V=1 D=0 I=0 Z=0 C=0 : FWA C0-8A:881B9BFB:00:00 = -5.44431395E+02 : FWB CC-01:C0D9CBFD:00:?? = -4.42763651E-39
A685 : SBC 32         : A=BD X=04 Y=8C SP=?? N=1 V=0 D=0 I=0 Z=0 C=1 : FWA C0-8A:881B9BFB:00:00 = -5.44431395E+02 : FWB CC-01:C0D9CBFD:00:?? = -4.42763651E-39
A687 : STA 3E         : A=BD X=04 Y=8C SP=?? N=1 V=0 D=0 I=0 Z=0 C=1 : FWA C0-8A:881B9BFB:00:00 = -5.44431395E+02 : FWB CC-01:C0BDCBFD:00:?? = -4.42512538E-39
A689 : TYA            : A=8C X=04 Y=8C SP=?? N=1 V=0 D=0 I=0 Z=0 C=1 : FWA C0-8A:881B9BFB:00:00 = -5.44431395E+02 : FWB CC-01:C0BDCBFD:00:?? = -4.42512538E-39
A68A : SBC 31         : A=04 X=04 Y=8C SP=?? N=0 V=0 D=0 I=0 Z=0 C=1 : FWA C0-8A:881B9BFB:00:00 = -5.44431395E+02 : FWB CC-01:C0BDCBFD:00:?? = -4.42512538E-39
A68C : SEC            : A=04 X=04 Y=8C SP=?? N=0 V=0 D=0 I=0 Z=0 C=1 : FWA C0-8A:881B9BFB:00:00 = -5.44431395E+02 : FWB CC-01:C0BDCBFD:00:?? = -4.42512538E-39
A68D : ROL 3B         : A=04 X=04 Y=8C SP=?? N=1 V=0 D=0 I=0 Z=0 C=1 : FWA C0-8A:881B9BFB:00:00 = -5.44431395E+02 : FWB 99-01:C0BDCBFD:00:?? = -4.42512538E-39
A68F : ASL 40         : A=04 X=04 Y=8C SP=?? N=1 V=0 D=0 I=0 Z=0 C=1 : FWA C0-8A:881B9BFB:00:00 = -5.44431395E+02 : FWB 99-01:C0BDCBFA:00:?? = -4.42512538E-39
A691 : ROL 3F         : A=04 X=04 Y=8C SP=?? N=1 V=0 D=0 I=0 Z=0 C=1 : FWA C0-8A:881B9BFB:00:00 = -5.44431395E+02 : FWB 99-01:C0BD97FA:00:?? = -4.42510716E-39
A693 : ROL 3E         : A=04 X=04 Y=8C SP=?? N=0 V=0 D=0 I=0 Z=0 C=1 : FWA C0-8A:881B9BFB:00:00 = -5.44431395E+02 : FWB 99-01:C07B97FA:00:?? = -4.41918808E-39
A695 : ROL A          : A=09 X=04 Y=8C SP=?? N=0 V=0 D=0 I=0 Z=0 C=0 : FWA C0-8A:881B9BFB:00:00 = -5.44431395E+02 : FWB 99-01:C07B97FA:00:?? = -4.41918808E-39
A696 : DEX            : A=09 X=03 Y=8C SP=?? N=0 V=0 D=0 I=0 Z=0 C=0 : FWA C0-8A:881B9BFB:00:00 = -5.44431395E+02 : FWB 99-01:C07B97FA:00:?? = -4.41918808E-39
A697 : BNE A65E       : A=09 X=03 Y=8C SP=?? N=0 V=0 D=0 I=0 Z=0 C=0 : FWA C0-8A:881B9BFB:00:00 = -5.44431395E+02 : FWB 99-01:C07B97FA:00:?? = -4.41918808E-39
A65E : BCS A676       : A=09 X=03 Y=8C SP=?? N=0 V=0 D=0 I=0 Z=0 C=0 : FWA C0-8A:881B9BFB:00:00 = -5.44431395E+02 : FWB 99-01:C07B97FA:00:?? = -4.41918808E-39
A660 : CMP 31         : A=09 X=03 Y=8C SP=?? N=1 V=0 D=0 I=0 Z=0 C=0 : FWA C0-8A:881B9BFB:00:00 = -5.44431395E+02 : FWB 99-01:C07B97FA:00:?? = -4.41918808E-39
A662 : BNE A674       : A=09 X=03 Y=8C SP=?? N=1 V=0 D=0 I=0 Z=0 C=0 : FWA C0-8A:881B9BFB:00:00 = -5.44431395E+02 : FWB 99-01:C07B97FA:00:?? = -4.41918808E-39
A674 : BCC A68D       : A=09 X=03 Y=8C SP=?? N=1 V=0 D=0 I=0 Z=0 C=0 : FWA C0-8A:881B9BFB:00:00 = -5.44431395E+02 : FWB 99-01:C07B97FA:00:?? = -4.41918808E-39
A68D : ROL 3B         : A=09 X=03 Y=8C SP=?? N=0 V=0 D=0 I=0 Z=0 C=1 : FWA C0-8A:881B9BFB:00:00 = -5.44431395E+02 : FWB 32-01:C07B97FA:00:?? = +4.41918808E-39
A68F : ASL 40         : A=09 X=03 Y=8C SP=?? N=1 V=0 D=0 I=0 Z=0 C=1 : FWA C0-8A:881B9BFB:00:00 = -5.44431395E+02 : FWB 32-01:C07B97F4:00:?? = +4.41918807E-39
A691 : ROL 3F         : A=09 X=03 Y=8C SP=?? N=0 V=0 D=0 I=0 Z=0 C=1 : FWA C0-8A:881B9BFB:00:00 = -5.44431395E+02 : FWB 32-01:C07B2FF4:00:?? = +4.41915164E-39
A693 : ROL 3E         : A=09 X=03 Y=8C SP=?? N=1 V=0 D=0 I=0 Z=0 C=0 : FWA C0-8A:881B9BFB:00:00 = -5.44431395E+02 : FWB 32-01:C0F72FF4:00:?? = +4.43027234E-39
A695 : ROL A          : A=12 X=03 Y=8C SP=?? N=0 V=0 D=0 I=0 Z=0 C=0 : FWA C0-8A:881B9BFB:00:00 = -5.44431395E+02 : FWB 32-01:C0F72FF4:00:?? = +4.43027234E-39
A696 : DEX            : A=12 X=02 Y=8C SP=?? N=0 V=0 D=0 I=0 Z=0 C=0 : FWA C0-8A:881B9BFB:00:00 = -5.44431395E+02 : FWB 32-01:C0F72FF4:00:?? = +4.43027234E-39
A697 : BNE A65E       : A=12 X=02 Y=8C SP=?? N=0 V=0 D=0 I=0 Z=0 C=0 : FWA C0-8A:881B9BFB:00:00 = -5.44431395E+02 : FWB 32-01:C0F72FF4:00:?? = +4.43027234E-39
A65E : BCS A676       : A=12 X=02 Y=8C SP=?? N=0 V=0 D=0 I=0 Z=0 C=0 : FWA C0-8A:881B9BFB:00:00 = -5.44431395E+02 : FWB 32-01:C0F72FF4:00:?? = +4.43027234E-39
A660 : CMP 31         : A=12 X=02 Y=8C SP=?? N=1 V=0 D=0 I=0 Z=0 C=0 : FWA C0-8A:881B9BFB:00:00 = -5.44431395E+02 : FWB 32-01:C0F72FF4:00:?? = +4.43027234E-39
A662 : BNE A674       : A=12 X=02 Y=8C SP=?? N=1 V=0 D=0 I=0 Z=0 C=0 : FWA C0-8A:881B9BFB:00:00 = -5.44431395E+02 : FWB 32-01:C0F72FF4:00:?? = +4.43027234E-39
A674 : BCC A68D       : A=12 X=02 Y=8C SP=?? N=1 V=0 D=0 I=0 Z=0 C=0 : FWA C0-8A:881B9BFB:00:00 = -5.44431395E+02 : FWB 32-01:C0F72FF4:00:?? = +4.43027234E-39
A68D : ROL 3B         : A=12 X=02 Y=8C SP=?? N=0 V=0 D=0 I=0 Z=0 C=0 : FWA C0-8A:881B9BFB:00:00 = -5.44431395E+02 : FWB 64-01:C0F72FF4:00:?? = +4.43027234E-39
A68F : ASL 40         : A=12 X=02 Y=8C SP=?? N=1 V=0 D=0 I=0 Z=0 C=1 : FWA C0-8A:881B9BFB:00:00 = -5.44431395E+02 : FWB 64-01:C0F72FE8:00:?? = +4.43027232E-39
A691 : ROL 3F         : A=12 X=02 Y=8C SP=?? N=0 V=0 D=0 I=0 Z=0 C=0 : FWA C0-8A:881B9BFB:00:00 = -5.44431395E+02 : FWB 64-01:C0F75FE8:00:?? = +4.43028914E-39
A693 : ROL 3E         : A=12 X=02 Y=8C SP=?? N=1 V=0 D=0 I=0 Z=0 C=1 : FWA C0-8A:881B9BFB:00:00 = -5.44431395E+02 : FWB 64-01:C0EE5FE8:00:?? = +4.42948199E-39
A695 : ROL A          : A=25 X=02 Y=8C SP=?? N=0 V=0 D=0 I=0 Z=0 C=0 : FWA C0-8A:881B9BFB:00:00 = -5.44431395E+02 : FWB 64-01:C0EE5FE8:00:?? = +4.42948199E-39
A696 : DEX            : A=25 X=01 Y=8C SP=?? N=0 V=0 D=0 I=0 Z=0 C=0 : FWA C0-8A:881B9BFB:00:00 = -5.44431395E+02 : FWB 64-01:C0EE5FE8:00:?? = +4.42948199E-39
A697 : BNE A65E       : A=25 X=01 Y=8C SP=?? N=0 V=0 D=0 I=0 Z=0 C=0 : FWA C0-8A:881B9BFB:00:00 = -5.44431395E+02 : FWB 64-01:C0EE5FE8:00:?? = +4.42948199E-39
A65E : BCS A676       : A=25 X=01 Y=8C SP=?? N=0 V=0 D=0 I=0 Z=0 C=0 : FWA C0-8A:881B9BFB:00:00 = -5.44431395E+02 : FWB 64-01:C0EE5FE8:00:?? = +4.42948199E-39
A660 : CMP 31         : A=25 X=01 Y=8C SP=?? N=1 V=0 D=0 I=0 Z=0 C=0 : FWA C0-8A:881B9BFB:00:00 = -5.44431395E+02 : FWB 64-01:C0EE5FE8:00:?? = +4.42948199E-39
A662 : BNE A674       : A=25 X=01 Y=8C SP=?? N=1 V=0 D=0 I=0 Z=0 C=0 : FWA C0-8A:881B9BFB:00:00 = -5.44431395E+02 : FWB 64-01:C0EE5FE8:00:?? = +4.42948199E-39
A674 : BCC A68D       : A=25 X=01 Y=8C SP=?? N=1 V=0 D=0 I=0 Z=0 C=0 : FWA C0-8A:881B9BFB:00:00 = -5.44431395E+02 : FWB 64-01:C0EE5FE8:00:?? = +4.42948199E-39
A68D : ROL 3B         : A=25 X=01 Y=8C SP=?? N=1 V=0 D=0 I=0 Z=0 C=0 : FWA C0-8A:881B9BFB:00:00 = -5.44431395E+02 : FWB C8-01:C0EE5FE8:00:?? = -4.42948199E-39
A68F : ASL 40         : A=25 X=01 Y=8C SP=?? N=1 V=0 D=0 I=0 Z=0 C=1 : FWA C0-8A:881B9BFB:00:00 = -5.44431395E+02 : FWB C8-01:C0EE5FD0:00:?? = -4.42948196E-39
A691 : ROL 3F         : A=25 X=01 Y=8C SP=?? N=1 V=0 D=0 I=0 Z=0 C=0 : FWA C0-8A:881B9BFB:00:00 = -5.44431395E+02 : FWB C8-01:C0EEBFD0:00:?? = -4.42951559E-39
A693 : ROL 3E         : A=25 X=01 Y=8C SP=?? N=1 V=0 D=0 I=0 Z=0 C=1 : FWA C0-8A:881B9BFB:00:00 = -5.44431395E+02 : FWB C8-01:C0DCBFD0:00:?? = -4.42790129E-39
A695 : ROL A          : A=4B X=01 Y=8C SP=?? N=0 V=0 D=0 I=0 Z=0 C=0 : FWA C0-8A:881B9BFB:00:00 = -5.44431395E+02 : FWB C8-01:C0DCBFD0:00:?? = -4.42790129E-39
A696 : DEX            : A=4B X=00 Y=8C SP=?? N=0 V=0 D=0 I=0 Z=1 C=0 : FWA C0-8A:881B9BFB:00:00 = -5.44431395E+02 : FWB C8-01:C0DCBFD0:00:?? = -4.42790129E-39
A697 : BNE A65E       : A=4B X=00 Y=8C SP=?? N=0 V=0 D=0 I=0 Z=1 C=0 : FWA C0-8A:881B9BFB:00:00 = -5.44431395E+02 : FWB C8-01:C0DCBFD0:00:?? = -4.42790129E-39
A699 : LDX 3B         : A=4B X=C8 Y=8C SP=?? N=1 V=0 D=0 I=0 Z=0 C=0 : FWA C0-8A:881B9BFB:00:00 = -5.44431395E+02 : FWB C8-01:C0DCBFD0:00:?? = -4.42790129E-39
A69B : PHX            : A=4B X=C8 Y=8C SP=?? N=1 V=0 D=0 I=0 Z=0 C=0 : FWA C0-8A:881B9BFB:00:00 = -5.44431395E+02 : FWB C8-01:C0DCBFD0:00:?? = -4.42790129E-39
A69C : DEC 3C         : A=4B X=C8 Y=8C SP=?? N=0 V=0 D=0 I=0 Z=1 C=0 : FWA C0-8A:881B9BFB:00:00 = -5.44431395E+02 : FWB C8-00:C0DCBFD0:00:?? = -2.21395065E-39
A69E : BNE A65C       : A=4B X=C8 Y=8C SP=?? N=0 V=0 D=0 I=0 Z=1 C=0 : FWA C0-8A:881B9BFB:00:00 = -5.44431395E+02 : FWB C8-00:C0DCBFD0:00:?? = -2.21395065E-39
A6A0 : PLX            : A=4B X=C8 Y=8C SP=?? N=1 V=0 D=0 I=0 Z=0 C=0 : FWA C0-8A:881B9BFB:00:00 = -5.44431395E+02 : FWB C8-00:C0DCBFD0:00:?? = -2.21395065E-39
A6A1 : ROR A          : A=25 X=C8 Y=8C SP=?? N=0 V=0 D=0 I=0 Z=0 C=1 : FWA C0-8A:881B9BFB:00:00 = -5.44431395E+02 : FWB C8-00:C0DCBFD0:00:?? = -2.21395065E-39
A6A2 : LSR 31         : A=25 X=C8 Y=8C SP=?? N=0 V=0 D=0 I=0 Z=0 C=0 : FWA C0-8A:441B9BFB:00:00 = -2.72431395E+02 : FWB C8-00:C0DCBFD0:00:?? = -2.21395065E-39
A6A4 : STX 34         : A=25 X=C8 Y=8C SP=?? N=0 V=0 D=0 I=0 Z=0 C=0 : FWA C0-8A:441B9BC8:00:00 = -2.72431383E+02 : FWB C8-00:C0DCBFD0:00:?? = -2.21395065E-39
A6A6 : LDX #03        : A=25 X=03 Y=8C SP=?? N=0 V=0 D=0 I=0 Z=0 C=0 : FWA C0-8A:441B9BC8:00:00 = -2.72431383E+02 : FWB C8-00:C0DCBFD0:00:?? = -2.21395065E-39
A6A8 : CMP 31         : A=25 X=03 Y=8C SP=?? N=1 V=0 D=0 I=0 Z=0 C=0 : FWA C0-8A:441B9BC8:00:00 = -2.72431383E+02 : FWB C8-00:C0DCBFD0:00:?? = -2.21395065E-39
A6AA : BCC A6AE       : A=25 X=03 Y=8C SP=?? N=1 V=0 D=0 I=0 Z=0 C=0 : FWA C0-8A:441B9BC8:00:00 = -2.72431383E+02 : FWB C8-00:C0DCBFD0:00:?? = -2.21395065E-39
A6AE : PHP            : A=25 X=03 Y=8C SP=?? N=1 V=0 D=0 I=0 Z=0 C=0 : FWA C0-8A:441B9BC8:00:00 = -2.72431383E+02 : FWB C8-00:C0DCBFD0:00:?? = -2.21395065E-39
A6AF : ASL A          : A=4A X=03 Y=8C SP=?? N=0 V=0 D=0 I=0 Z=0 C=0 : FWA C0-8A:441B9BC8:00:00 = -2.72431383E+02 : FWB C8-00:C0DCBFD0:00:?? = -2.21395065E-39
A6B0 : DEX            : A=4A X=02 Y=8C SP=?? N=0 V=0 D=0 I=0 Z=0 C=0 : FWA C0-8A:441B9BC8:00:00 = -2.72431383E+02 : FWB C8-00:C0DCBFD0:00:?? = -2.21395065E-39
A6B1 : BNE A6A8       : A=4A X=02 Y=8C SP=?? N=0 V=0 D=0 I=0 Z=0 C=0 : FWA C0-8A:441B9BC8:00:00 = -2.72431383E+02 : FWB C8-00:C0DCBFD0:00:?? = -2.21395065E-39
A6A8 : CMP 31         : A=4A X=02 Y=8C SP=?? N=0 V=0 D=0 I=0 Z=0 C=1 : FWA C0-8A:441B9BC8:00:00 = -2.72431383E+02 : FWB C8-00:C0DCBFD0:00:?? = -2.21395065E-39
A6AA : BCC A6AE       : A=4A X=02 Y=8C SP=?? N=0 V=0 D=0 I=0 Z=0 C=1 : FWA C0-8A:441B9BC8:00:00 = -2.72431383E+02 : FWB C8-00:C0DCBFD0:00:?? = -2.21395065E-39
A6AC : SBC 31         : A=06 X=02 Y=8C SP=?? N=0 V=0 D=0 I=0 Z=0 C=1 : FWA C0-8A:441B9BC8:00:00 = -2.72431383E+02 : FWB C8-00:C0DCBFD0:00:?? = -2.21395065E-39
A6AE : PHP            : A=06 X=02 Y=8C SP=?? N=0 V=0 D=0 I=0 Z=0 C=1 : FWA C0-8A:441B9BC8:00:00 = -2.72431383E+02 : FWB C8-00:C0DCBFD0:00:?? = -2.21395065E-39
A6AF : ASL A          : A=0C X=02 Y=8C SP=?? N=0 V=0 D=0 I=0 Z=0 C=0 : FWA C0-8A:441B9BC8:00:00 = -2.72431383E+02 : FWB C8-00:C0DCBFD0:00:?? = -2.21395065E-39
A6B0 : DEX            : A=0C X=01 Y=8C SP=?? N=0 V=0 D=0 I=0 Z=0 C=0 : FWA C0-8A:441B9BC8:00:00 = -2.72431383E+02 : FWB C8-00:C0DCBFD0:00:?? = -2.21395065E-39
A6B1 : BNE A6A8       : A=0C X=01 Y=8C SP=?? N=0 V=0 D=0 I=0 Z=0 C=0 : FWA C0-8A:441B9BC8:00:00 = -2.72431383E+02 : FWB C8-00:C0DCBFD0:00:?? = -2.21395065E-39
A6A8 : CMP 31         : A=0C X=01 Y=8C SP=?? N=1 V=0 D=0 I=0 Z=0 C=0 : FWA C0-8A:441B9BC8:00:00 = -2.72431383E+02 : FWB C8-00:C0DCBFD0:00:?? = -2.21395065E-39
A6AA : BCC A6AE       : A=0C X=01 Y=8C SP=?? N=1 V=0 D=0 I=0 Z=0 C=0 : FWA C0-8A:441B9BC8:00:00 = -2.72431383E+02 : FWB C8-00:C0DCBFD0:00:?? = -2.21395065E-39
A6AE : PHP            : A=0C X=01 Y=8C SP=?? N=1 V=0 D=0 I=0 Z=0 C=0 : FWA C0-8A:441B9BC8:00:00 = -2.72431383E+02 : FWB C8-00:C0DCBFD0:00:?? = -2.21395065E-39
A6AF : ASL A          : A=18 X=01 Y=8C SP=?? N=0 V=0 D=0 I=0 Z=0 C=0 : FWA C0-8A:441B9BC8:00:00 = -2.72431383E+02 : FWB C8-00:C0DCBFD0:00:?? = -2.21395065E-39
A6B0 : DEX            : A=18 X=00 Y=8C SP=?? N=0 V=0 D=0 I=0 Z=1 C=0 : FWA C0-8A:441B9BC8:00:00 = -2.72431383E+02 : FWB C8-00:C0DCBFD0:00:?? = -2.21395065E-39
A6B1 : BNE A6A8       : A=18 X=00 Y=8C SP=?? N=0 V=0 D=0 I=0 Z=1 C=0 : FWA C0-8A:441B9BC8:00:00 = -2.72431383E+02 : FWB C8-00:C0DCBFD0:00:?? = -2.21395065E-39
A6B3 : PLP            : A=18 X=00 Y=8C SP=?? N=1 V=0 D=0 I=0 Z=0 C=0 : FWA C0-8A:441B9BC8:00:00 = -2.72431383E+02 : FWB C8-00:C0DCBFD0:00:?? = -2.21395065E-39
A6B4 : ROR A          : A=0C X=00 Y=8C SP=?? N=0 V=0 D=0 I=0 Z=0 C=0 : FWA C0-8A:441B9BC8:00:00 = -2.72431383E+02 : FWB C8-00:C0DCBFD0:00:?? = -2.21395065E-39
A6B5 : PLP            : A=0C X=00 Y=8C SP=?? N=0 V=0 D=0 I=0 Z=0 C=1 : FWA C0-8A:441B9BC8:00:00 = -2.72431383E+02 : FWB C8-00:C0DCBFD0:00:?? = -2.21395065E-39
A6B6 : ROR A          : A=86 X=00 Y=8C SP=?? N=1 V=0 D=0 I=0 Z=0 C=0 : FWA C0-8A:441B9BC8:00:00 = -2.72431383E+02 : FWB C8-00:C0DCBFD0:00:?? = -2.21395065E-39
A6B7 : PLP            : A=86 X=00 Y=8C SP=?? N=1 V=0 D=0 I=0 Z=0 C=0 : FWA C0-8A:441B9BC8:00:00 = -2.72431383E+02 : FWB C8-00:C0DCBFD0:00:?? = -2.21395065E-39
A6B8 : ROR A          : A=43 X=00 Y=8C SP=?? N=0 V=0 D=0 I=0 Z=0 C=0 : FWA C0-8A:441B9BC8:00:00 = -2.72431383E+02 : FWB C8-00:C0DCBFD0:00:?? = -2.21395065E-39
A6B9 : STA 35         : A=43 X=00 Y=8C SP=?? N=0 V=0 D=0 I=0 Z=0 C=0 : FWA C0-8A:441B9BC8:43:00 = -2.72431383E+02 : FWB C8-00:C0DCBFD0:00:?? = -2.21395065E-39
A6BB : PLA            : A=0C X=00 Y=8C SP=?? N=0 V=0 D=0 I=0 Z=0 C=0 : FWA C0-8A:441B9BC8:43:00 = -2.72431383E+02 : FWB C8-00:C0DCBFD0:00:?? = -2.21395065E-39
A6BC : STA 33         : A=0C X=00 Y=8C SP=?? N=0 V=0 D=0 I=0 Z=0 C=0 : FWA C0-8A:441B0CC8:43:00 = -2.72422655E+02 : FWB C8-00:C0DCBFD0:00:?? = -2.21395065E-39
A6BE : PLA            : A=90 X=00 Y=8C SP=?? N=1 V=0 D=0 I=0 Z=0 C=0 : FWA C0-8A:441B0CC8:43:00 = -2.72422655E+02 : FWB C8-00:C0DCBFD0:00:?? = -2.21395065E-39
A6BF : STA 32         : A=90 X=00 Y=8C SP=?? N=1 V=0 D=0 I=0 Z=0 C=0 : FWA C0-8A:44900CC8:43:00 = -2.74250780E+02 : FWB C8-00:C0DCBFD0:00:?? = -2.21395065E-39
A6C1 : PLA            : A=B4 X=00 Y=8C SP=?? N=1 V=0 D=0 I=0 Z=0 C=0 : FWA C0-8A:44900CC8:43:00 = -2.74250780E+02 : FWB C8-00:C0DCBFD0:00:?? = -2.21395065E-39
A6C2 : STA 31         : A=B4 X=00 Y=8C SP=?? N=1 V=0 D=0 I=0 Z=0 C=0 : FWA C0-8A:B4900CC8:43:00 = -7.22250780E+02 : FWB C8-00:C0DCBFD0:00:?? = -2.21395065E-39
A6C4 : BMI A712       : A=B4 X=00 Y=8C SP=?? N=1 V=0 D=0 I=0 Z=0 C=0 : FWA C0-8A:B4900CC8:43:00 = -7.22250780E+02 : FWB C8-00:C0DCBFD0:00:?? = -2.21395065E-39
A712 : LDA 35         : A=43 X=00 Y=8C SP=?? N=0 V=0 D=0 I=0 Z=0 C=0 : FWA C0-8A:B4900CC8:43:00 = -7.22250780E+02 : FWB C8-00:C0DCBFD0:00:?? = -2.21395065E-39
A714 : BPL A725       : A=43 X=00 Y=8C SP=?? N=0 V=0 D=0 I=0 Z=0 C=0 : FWA C0-8A:B4900CC8:43:00 = -7.22250780E+02 : FWB C8-00:C0DCBFD0:00:?? = -2.21395065E-39
A725 : LDA 2F         : A=00 X=00 Y=8C SP=?? N=0 V=0 D=0 I=0 Z=1 C=0 : FWA C0-8A:B4900CC8:43:00 = -7.22250780E+02 : FWB C8-00:C0DCBFD0:00:?? = -2.21395065E-39
A727 : BEQ A739       : A=00 X=00 Y=8C SP=?? N=0 V=0 D=0 I=0 Z=1 C=0 : FWA C0-8A:B4900CC8:43:00 = -7.22250780E+02 : FWB C8-00:C0DCBFD0:00:?? = -2.21395065E-39
A739 : STZ 35         : A=00 X=00 Y=8C SP=?? N=0 V=0 D=0 I=0 Z=1 C=0 : FWA C0-8A:B4900CC8:00:00 = -7.22250780E+02 : FWB C8-00:C0DCBFD0:00:?? = -2.21395065E-39
A73B : LDA #FF        : A=FF X=00 Y=8C SP=?? N=1 V=0 D=0 I=0 Z=0 C=0 : FWA C0-8A:B4900CC8:00:00 = -7.22250780E+02 : FWB C8-00:C0DCBFD0:00:?? = -2.21395065E-39
A73D : RTS            : A=FF X=00 Y=8C SP=?? N=1 V=0 D=0 I=0 Z=0 C=0 : FWA C0-8A:B4900CC8:00:00 = -7.22250780E+02 : FWB C8-00:C0DCBFD0:00:?? = -2.21395065E-39
A8DB : JSR A541       : A=FF X=00 Y=8C SP=?? N=1 V=0 D=0 I=0 Z=0 C=0 : FWA C0-8A:B4900CC8:00:00 = -7.22250780E+02 : FWB C8-00:C0DCBFD0:00:?? = -2.21395065E-39
A541 : LDA #76        : A=76 X=00 Y=8C SP=?? N=0 V=0 D=0 I=0 Z=0 C=0 : FWA C0-8A:B4900CC8:00:00 = -7.22250780E+02 : FWB C8-00:C0DCBFD0:00:?? = -2.21395065E-39
A543 : BRA A547       : A=76 X=00 Y=8C SP=?? N=0 V=0 D=0 I=0 Z=0 C=0 : FWA C0-8A:B4900CC8:00:00 = -7.22250780E+02 : FWB C8-00:C0DCBFD0:00:?? = -2.21395065E-39
A547 : STA 4A         : A=76 X=00 Y=8C SP=?? N=0 V=0 D=0 I=0 Z=0 C=0 : FWA C0-8A:B4900CC8:00:00 = -7.22250780E+02 : FWB C8-00:C0DCBFD0:00:?? = -2.21395065E-39
A549 : LDA #04        : A=04 X=00 Y=8C SP=?? N=0 V=0 D=0 I=0 Z=0 C=0 : FWA C0-8A:B4900CC8:00:00 = -7.22250780E+02 : FWB C8-00:C0DCBFD0:00:?? = -2.21395065E-39
A54B : STA 4B         : A=04 X=00 Y=8C SP=?? N=0 V=0 D=0 I=0 Z=0 C=0 : FWA C0-8A:B4900CC8:00:00 = -7.22250780E+02 : FWB C8-00:C0DCBFD0:00:?? = -2.21395065E-39
A54D : LDA 30         : A=8A X=00 Y=8C SP=?? N=1 V=0 D=0 I=0 Z=0 C=0 : FWA C0-8A:B4900CC8:00:00 = -7.22250780E+02 : FWB C8-00:C0DCBFD0:00:?? = -2.21395065E-39
A54F : STA (4A)       : A=8A X=00 Y=8C SP=?? N=1 V=0 D=0 I=0 Z=0 C=0 : FWA C0-8A:B4900CC8:00:00 = -7.22250780E+02 : FWB C8-00:C0DCBFD0:00:?? = -2.21395065E-39
A551 : LDY #01        : A=8A X=00 Y=01 SP=?? N=0 V=0 D=0 I=0 Z=0 C=0 : FWA C0-8A:B4900CC8:00:00 = -7.22250780E+02 : FWB C8-00:C0DCBFD0:00:?? = -2.21395065E-39
A553 : LDA 2E         : A=C0 X=00 Y=01 SP=?? N=1 V=0 D=0 I=0 Z=0 C=0 : FWA C0-8A:B4900CC8:00:00 = -7.22250780E+02 : FWB C8-00:C0DCBFD0:00:?? = -2.21395065E-39
A555 : EOR 31         : A=74 X=00 Y=01 SP=?? N=0 V=0 D=0 I=0 Z=0 C=0 : FWA C0-8A:B4900CC8:00:00 = -7.22250780E+02 : FWB C8-00:C0DCBFD0:00:?? = -2.21395065E-39
A557 : AND #80        : A=00 X=00 Y=01 SP=?? N=0 V=0 D=0 I=0 Z=1 C=0 : FWA C0-8A:B4900CC8:00:00 = -7.22250780E+02 : FWB C8-00:C0DCBFD0:00:?? = -2.21395065E-39
A559 : EOR 31         : A=B4 X=00 Y=01 SP=?? N=1 V=0 D=0 I=0 Z=0 C=0 : FWA C0-8A:B4900CC8:00:00 = -7.22250780E+02 : FWB C8-00:C0DCBFD0:00:?? = -2.21395065E-39
A55B : STA (4A),Y     : A=B4 X=00 Y=01 SP=?? N=1 V=0 D=0 I=0 Z=0 C=0 : FWA C0-8A:B4900CC8:00:00 = -7.22250780E+02 : FWB C8-00:C0DCBFD0:00:?? = -2.21395065E-39
A55D : LDA 32         : A=90 X=00 Y=01 SP=?? N=1 V=0 D=0 I=0 Z=0 C=0 : FWA C0-8A:B4900CC8:00:00 = -7.22250780E+02 : FWB C8-00:C0DCBFD0:00:?? = -2.21395065E-39
A55F : INY            : A=90 X=00 Y=02 SP=?? N=0 V=0 D=0 I=0 Z=0 C=0 : FWA C0-8A:B4900CC8:00:00 = -7.22250780E+02 : FWB C8-00:C0DCBFD0:00:?? = -2.21395065E-39
A560 : STA (4A),Y     : A=90 X=00 Y=02 SP=?? N=0 V=0 D=0 I=0 Z=0 C=0 : FWA C0-8A:B4900CC8:00:00 = -7.22250780E+02 : FWB C8-00:C0DCBFD0:00:?? = -2.21395065E-39
A562 : LDA 33         : A=0C X=00 Y=02 SP=?? N=0 V=0 D=0 I=0 Z=0 C=0 : FWA C0-8A:B4900CC8:00:00 = -7.22250780E+02 : FWB C8-00:C0DCBFD0:00:?? = -2.21395065E-39
A564 : INY            : A=0C X=00 Y=03 SP=?? N=0 V=0 D=0 I=0 Z=0 C=0 : FWA C0-8A:B4900CC8:00:00 = -7.22250780E+02 : FWB C8-00:C0DCBFD0:00:?? = -2.21395065E-39
A565 : STA (4A),Y     : A=0C X=00 Y=03 SP=?? N=0 V=0 D=0 I=0 Z=0 C=0 : FWA C0-8A:B4900CC8:00:00 = -7.22250780E+02 : FWB C8-00:C0DCBFD0:00:?? = -2.21395065E-39
A567 : LDA 34         : A=C8 X=00 Y=03 SP=?? N=1 V=0 D=0 I=0 Z=0 C=0 : FWA C0-8A:B4900CC8:00:00 = -7.22250780E+02 : FWB C8-00:C0DCBFD0:00:?? = -2.21395065E-39
A569 : INY            : A=C8 X=00 Y=04 SP=?? N=0 V=0 D=0 I=0 Z=0 C=0 : FWA C0-8A:B4900CC8:00:00 = -7.22250780E+02 : FWB C8-00:C0DCBFD0:00:?? = -2.21395065E-39
A56A : STA (4A),Y     : A=C8 X=00 Y=04 SP=?? N=0 V=0 D=0 I=0 Z=0 C=0 : FWA C0-8A:B4900CC8:00:00 = -7.22250780E+02 : FWB C8-00:C0DCBFD0:00:?? = -2.21395065E-39
A56C : RTS            : A=C8 X=00 Y=04 SP=?? N=0 V=0 D=0 I=0 Z=0 C=0 : FWA C0-8A:B4900CC8:00:00 = -7.22250780E+02 : FWB C8-00:C0DCBFD0:00:?? = -2.21395065E-39
A8DE : BRA A8EE       : A=C8 X=00 Y=04 SP=?? N=0 V=0 D=0 I=0 Z=0 C=0 : FWA C0-8A:B4900CC8:00:00 = -7.22250780E+02 : FWB C8-00:C0DCBFD0:00:?? = -2.21395065E-39
A8EE : JSR A5AD       : A=C8 X=00 Y=04 SP=?? N=0 V=0 D=0 I=0 Z=0 C=0 : FWA C0-8A:B4900CC8:00:00 = -7.22250780E+02 : FWB C8-00:C0DCBFD0:00:?? = -2.21395065E-39
A5AD : CLC            : A=C8 X=00 Y=04 SP=?? N=0 V=0 D=0 I=0 Z=0 C=0 : FWA C0-8A:B4900CC8:00:00 = -7.22250780E+02 : FWB C8-00:C0DCBFD0:00:?? = -2.21395065E-39
A5AE : LDA 4C         : A=EC X=00 Y=04 SP=?? N=1 V=0 D=0 I=0 Z=0 C=0 : FWA C0-8A:B4900CC8:00:00 = -7.22250780E+02 : FWB C8-00:C0DCBFD0:00:?? = -2.21395065E-39
A5B0 : ADC #05        : A=F1 X=00 Y=04 SP=?? N=1 V=0 D=0 I=0 Z=0 C=0 : FWA C0-8A:B4900CC8:00:00 = -7.22250780E+02 : FWB C8-00:C0DCBFD0:00:?? = -2.21395065E-39
A5B2 : STA 4C         : A=F1 X=00 Y=04 SP=?? N=1 V=0 D=0 I=0 Z=0 C=0 : FWA C0-8A:B4900CC8:00:00 = -7.22250780E+02 : FWB C8-00:C0DCBFD0:00:?? = -2.21395065E-39
A5B4 : LDY #BF        : A=F1 X=00 Y=BF SP=?? N=1 V=0 D=0 I=0 Z=0 C=0 : FWA C0-8A:B4900CC8:00:00 = -7.22250780E+02 : FWB C8-00:C0DCBFD0:00:?? = -2.21395065E-39
A5B6 : STA 4A         : A=F1 X=00 Y=BF SP=?? N=1 V=0 D=0 I=0 Z=0 C=0 : FWA C0-8A:B4900CC8:00:00 = -7.22250780E+02 : FWB C8-00:C0DCBFD0:00:?? = -2.21395065E-39
A5B8 : STY 4B         : A=F1 X=00 Y=BF SP=?? N=1 V=0 D=0 I=0 Z=0 C=0 : FWA C0-8A:B4900CC8:00:00 = -7.22250780E+02 : FWB C8-00:C0DCBFD0:00:?? = -2.21395065E-39
A5BA : RTS            : A=F1 X=00 Y=BF SP=?? N=1 V=0 D=0 I=0 Z=0 C=0 : FWA C0-8A:B4900CC8:00:00 = -7.22250780E+02 : FWB C8-00:C0DCBFD0:00:?? = -2.21395065E-39
A8F1 : JSR A70A       : A=F1 X=00 Y=BF SP=?? N=1 V=0 D=0 I=0 Z=0 C=0 : FWA C0-8A:B4900CC8:00:00 = -7.22250780E+02 : FWB C8-00:C0DCBFD0:00:?? = -2.21395065E-39
A70A : JSR A514       : A=F1 X=00 Y=BF SP=?? N=1 V=0 D=0 I=0 Z=0 C=0 : FWA C0-8A:B4900CC8:00:00 = -7.22250780E+02 : FWB C8-00:C0DCBFD0:00:?? = -2.21395065E-39
A514 : STZ 41         : A=F1 X=00 Y=BF SP=?? N=1 V=0 D=0 I=0 Z=0 C=0 : FWA C0-8A:B4900CC8:00:00 = -7.22250780E+02 : FWB C8-00:C0DCBFD0:00:?? = -2.21395065E-39
A516 : LDY #04        : A=F1 X=00 Y=04 SP=?? N=0 V=0 D=0 I=0 Z=0 C=0 : FWA C0-8A:B4900CC8:00:00 = -7.22250780E+02 : FWB C8-00:C0DCBFD0:00:?? = -2.21395065E-39
A518 : LDA (4A),Y     : A=44 X=00 Y=04 SP=?? N=0 V=0 D=0 I=0 Z=0 C=0 : FWA C0-8A:B4900CC8:00:00 = -7.22250780E+02 : FWB C8-00:C0DCBFD0:00:?? = -2.21395065E-39
A51A : STA 40         : A=44 X=00 Y=04 SP=?? N=0 V=0 D=0 I=0 Z=0 C=0 : FWA C0-8A:B4900CC8:00:00 = -7.22250780E+02 : FWB C8-00:C0DCBF44:00:?? = -2.21395055E-39
A51C : DEY            : A=44 X=00 Y=03 SP=?? N=0 V=0 D=0 I=0 Z=0 C=0 : FWA C0-8A:B4900CC8:00:00 = -7.22250780E+02 : FWB C8-00:C0DCBF44:00:?? = -2.21395055E-39
A51D : LDA (4A),Y     : A=44 X=00 Y=03 SP=?? N=0 V=0 D=0 I=0 Z=0 C=0 : FWA C0-8A:B4900CC8:00:00 = -7.22250780E+02 : FWB C8-00:C0DCBF44:00:?? = -2.21395055E-39
A51F : STA 3F         : A=44 X=00 Y=03 SP=?? N=0 V=0 D=0 I=0 Z=0 C=0 : FWA C0-8A:B4900CC8:00:00 = -7.22250780E+02 : FWB C8-00:C0DC4444:00:?? = -2.21392901E-39
A521 : DEY            : A=44 X=00 Y=02 SP=?? N=0 V=0 D=0 I=0 Z=0 C=0 : FWA C0-8A:B4900CC8:00:00 = -7.22250780E+02 : FWB C8-00:C0DC4444:00:?? = -2.21392901E-39
A522 : LDA (4A),Y     : A=44 X=00 Y=02 SP=?? N=0 V=0 D=0 I=0 Z=0 C=0 : FWA C0-8A:B4900CC8:00:00 = -7.22250780E+02 : FWB C8-00:C0DC4444:00:?? = -2.21392901E-39
A524 : STA 3E         : A=44 X=00 Y=02 SP=?? N=0 V=0 D=0 I=0 Z=0 C=0 : FWA C0-8A:B4900CC8:00:00 = -7.22250780E+02 : FWB C8-00:C0444444:00:?? = -2.20711309E-39
A526 : DEY            : A=44 X=00 Y=01 SP=?? N=0 V=0 D=0 I=0 Z=0 C=0 : FWA C0-8A:B4900CC8:00:00 = -7.22250780E+02 : FWB C8-00:C0444444:00:?? = -2.20711309E-39
A527 : LDA (4A),Y     : A=C4 X=00 Y=01 SP=?? N=1 V=0 D=0 I=0 Z=0 C=0 : FWA C0-8A:B4900CC8:00:00 = -7.22250780E+02 : FWB C8-00:C0444444:00:?? = -2.20711309E-39
A529 : STA 3B         : A=C4 X=00 Y=01 SP=?? N=1 V=0 D=0 I=0 Z=0 C=0 : FWA C0-8A:B4900CC8:00:00 = -7.22250780E+02 : FWB C4-00:C0444444:00:?? = -2.20711309E-39
A52B : TAY            : A=C4 X=00 Y=C4 SP=?? N=1 V=0 D=0 I=0 Z=0 C=0 : FWA C0-8A:B4900CC8:00:00 = -7.22250780E+02 : FWB C4-00:C0444444:00:?? = -2.20711309E-39
A52C : LDA (4A)       : A=81 X=00 Y=C4 SP=?? N=1 V=0 D=0 I=0 Z=0 C=0 : FWA C0-8A:B4900CC8:00:00 = -7.22250780E+02 : FWB C4-00:C0444444:00:?? = -2.20711309E-39
A52E : STA 3C         : A=81 X=00 Y=C4 SP=?? N=1 V=0 D=0 I=0 Z=0 C=0 : FWA C0-8A:B4900CC8:00:00 = -7.22250780E+02 : FWB C4-81:C0444444:00:?? = -1.50208333E+00
A530 : BNE A53B       : A=81 X=00 Y=C4 SP=?? N=1 V=0 D=0 I=0 Z=0 C=0 : FWA C0-8A:B4900CC8:00:00 = -7.22250780E+02 : FWB C4-81:C0444444:00:?? = -1.50208333E+00
A53B : TYA            : A=C4 X=00 Y=C4 SP=?? N=1 V=0 D=0 I=0 Z=0 C=0 : FWA C0-8A:B4900CC8:00:00 = -7.22250780E+02 : FWB C4-81:C0444444:00:?? = -1.50208333E+00
A53C : ORA #80        : A=C4 X=00 Y=C4 SP=?? N=1 V=0 D=0 I=0 Z=0 C=0 : FWA C0-8A:B4900CC8:00:00 = -7.22250780E+02 : FWB C4-81:C0444444:00:?? = -1.50208333E+00
A53E : STA 3D         : A=C4 X=00 Y=C4 SP=?? N=1 V=0 D=0 I=0 Z=0 C=0 : FWA C0-8A:B4900CC8:00:00 = -7.22250780E+02 : FWB C4-81:C4444444:00:?? = -1.53333333E+00
A540 : RTS            : A=C4 X=00 Y=C4 SP=?? N=1 V=0 D=0 I=0 Z=0 C=0 : FWA C0-8A:B4900CC8:00:00 = -7.22250780E+02 : FWB C4-81:C4444444:00:?? = -1.53333333E+00
A70D : BEQ A73B       : A=C4 X=00 Y=C4 SP=?? N=1 V=0 D=0 I=0 Z=0 C=0 : FWA C0-8A:B4900CC8:00:00 = -7.22250780E+02 : FWB C4-81:C4444444:00:?? = -1.53333333E+00
A70F : JSR 8429       : A=C4 X=00 Y=C4 SP=?? N=1 V=0 D=0 I=0 Z=0 C=0 : FWA C0-8A:B4900CC8:00:00 = -7.22250780E+02 : FWB C4-81:C4444444:00:?? = -1.53333333E+00
8429 : LDA 31         : A=B4 X=00 Y=C4 SP=?? N=1 V=0 D=0 I=0 Z=0 C=0 : FWA C0-8A:B4900CC8:00:00 = -7.22250780E+02 : FWB C4-81:C4444444:00:?? = -1.53333333E+00
842B : BEQ 840A       : A=B4 X=00 Y=C4 SP=?? N=1 V=0 D=0 I=0 Z=0 C=0 : FWA C0-8A:B4900CC8:00:00 = -7.22250780E+02 : FWB C4-81:C4444444:00:?? = -1.53333333E+00
842D : SEC            : A=B4 X=00 Y=C4 SP=?? N=1 V=0 D=0 I=0 Z=0 C=1 : FWA C0-8A:B4900CC8:00:00 = -7.22250780E+02 : FWB C4-81:C4444444:00:?? = -1.53333333E+00
842E : LDA 30         : A=8A X=00 Y=C4 SP=?? N=1 V=0 D=0 I=0 Z=0 C=1 : FWA C0-8A:B4900CC8:00:00 = -7.22250780E+02 : FWB C4-81:C4444444:00:?? = -1.53333333E+00
8430 : SBC 3C         : A=09 X=00 Y=C4 SP=?? N=0 V=0 D=0 I=0 Z=0 C=1 : FWA C0-8A:B4900CC8:00:00 = -7.22250780E+02 : FWB C4-81:C4444444:00:?? = -1.53333333E+00
8432 : BEQ 84A3       : A=09 X=00 Y=C4 SP=?? N=0 V=0 D=0 I=0 Z=0 C=1 : FWA C0-8A:B4900CC8:00:00 = -7.22250780E+02 : FWB C4-81:C4444444:00:?? = -1.53333333E+00
8434 : BCC 846A       : A=09 X=00 Y=C4 SP=?? N=0 V=0 D=0 I=0 Z=0 C=1 : FWA C0-8A:B4900CC8:00:00 = -7.22250780E+02 : FWB C4-81:C4444444:00:?? = -1.53333333E+00
8436 : CMP #25        : A=09 X=00 Y=C4 SP=?? N=1 V=0 D=0 I=0 Z=0 C=0 : FWA C0-8A:B4900CC8:00:00 = -7.22250780E+02 : FWB C4-81:C4444444:00:?? = -1.53333333E+00
8438 : BCS 8428       : A=09 X=00 Y=C4 SP=?? N=1 V=0 D=0 I=0 Z=0 C=0 : FWA C0-8A:B4900CC8:00:00 = -7.22250780E+02 : FWB C4-81:C4444444:00:?? = -1.53333333E+00
843A : TAY            : A=09 X=00 Y=09 SP=?? N=0 V=0 D=0 I=0 Z=0 C=0 : FWA C0-8A:B4900CC8:00:00 = -7.22250780E+02 : FWB C4-81:C4444444:00:?? = -1.53333333E+00
843B : AND #38        : A=08 X=00 Y=09 SP=?? N=0 V=0 D=0 I=0 Z=0 C=0 : FWA C0-8A:B4900CC8:00:00 = -7.22250780E+02 : FWB C4-81:C4444444:00:?? = -1.53333333E+00
843D : BEQ 8456       : A=08 X=00 Y=09 SP=?? N=0 V=0 D=0 I=0 Z=0 C=0 : FWA C0-8A:B4900CC8:00:00 = -7.22250780E+02 : FWB C4-81:C4444444:00:?? = -1.53333333E+00
843F : SEC            : A=08 X=00 Y=09 SP=?? N=0 V=0 D=0 I=0 Z=0 C=1 : FWA C0-8A:B4900CC8:00:00 = -7.22250780E+02 : FWB C4-81:C4444444:00:?? = -1.53333333E+00
8440 : LDX 40         : A=08 X=44 Y=09 SP=?? N=0 V=0 D=0 I=0 Z=0 C=1 : FWA C0-8A:B4900CC8:00:00 = -7.22250780E+02 : FWB C4-81:C4444444:00:?? = -1.53333333E+00
8442 : STX 41         : A=08 X=44 Y=09 SP=?? N=0 V=0 D=0 I=0 Z=0 C=1 : FWA C0-8A:B4900CC8:00:00 = -7.22250780E+02 : FWB C4-81:C4444444:44:?? = -1.53333333E+00
8444 : LDX 3F         : A=08 X=44 Y=09 SP=?? N=0 V=0 D=0 I=0 Z=0 C=1 : FWA C0-8A:B4900CC8:00:00 = -7.22250780E+02 : FWB C4-81:C4444444:44:?? = -1.53333333E+00
8446 : STX 40         : A=08 X=44 Y=09 SP=?? N=0 V=0 D=0 I=0 Z=0 C=1 : FWA C0-8A:B4900CC8:00:00 = -7.22250780E+02 : FWB C4-81:C4444444:44:?? = -1.53333333E+00
8448 : LDX 3E         : A=08 X=44 Y=09 SP=?? N=0 V=0 D=0 I=0 Z=0 C=1 : FWA C0-8A:B4900CC8:00:00 = -7.22250780E+02 : FWB C4-81:C4444444:44:?? = -1.53333333E+00
844A : STX 3F         : A=08 X=44 Y=09 SP=?? N=0 V=0 D=0 I=0 Z=0 C=1 : FWA C0-8A:B4900CC8:00:00 = -7.22250780E+02 : FWB C4-81:C4444444:44:?? = -1.53333333E+00
844C : LDX 3D         : A=08 X=C4 Y=09 SP=?? N=1 V=0 D=0 I=0 Z=0 C=1 : FWA C0-8A:B4900CC8:00:00 = -7.22250780E+02 : FWB C4-81:C4444444:44:?? = -1.53333333E+00
844E : STX 3E         : A=08 X=C4 Y=09 SP=?? N=1 V=0 D=0 I=0 Z=0 C=1 : FWA C0-8A:B4900CC8:00:00 = -7.22250780E+02 : FWB C4-81:C4C44444:44:?? = -1.53723958E+00
8450 : STZ 3D         : A=08 X=C4 Y=09 SP=?? N=1 V=0 D=0 I=0 Z=0 C=1 : FWA C0-8A:B4900CC8:00:00 = -7.22250780E+02 : FWB C4-81:00C44444:44:?? = -5.98958333E-03
8452 : SBC #08        : A=00 X=C4 Y=09 SP=?? N=0 V=0 D=0 I=0 Z=1 C=1 : FWA C0-8A:B4900CC8:00:00 = -7.22250780E+02 : FWB C4-81:00C44444:44:?? = -5.98958333E-03
8454 : BNE 8440       : A=00 X=C4 Y=09 SP=?? N=0 V=0 D=0 I=0 Z=1 C=1 : FWA C0-8A:B4900CC8:00:00 = -7.22250780E+02 : FWB C4-81:00C44444:44:?? = -5.98958333E-03
8456 : TYA            : A=09 X=C4 Y=09 SP=?? N=0 V=0 D=0 I=0 Z=0 C=1 : FWA C0-8A:B4900CC8:00:00 = -7.22250780E+02 : FWB C4-81:00C44444:44:?? = -5.98958333E-03
8457 : AND #07        : A=01 X=C4 Y=09 SP=?? N=0 V=0 D=0 I=0 Z=0 C=1 : FWA C0-8A:B4900CC8:00:00 = -7.22250780E+02 : FWB C4-81:00C44444:44:?? = -5.98958333E-03
8459 : BEQ 84A3       : A=01 X=C4 Y=09 SP=?? N=0 V=0 D=0 I=0 Z=0 C=1 : FWA C0-8A:B4900CC8:00:00 = -7.22250780E+02 : FWB C4-81:00C44444:44:?? = -5.98958333E-03
845B : LSR 3D         : A=01 X=C4 Y=09 SP=?? N=0 V=0 D=0 I=0 Z=1 C=0 : FWA C0-8A:B4900CC8:00:00 = -7.22250780E+02 : FWB C4-81:00C44444:44:?? = -5.98958333E-03
845D : ROR 3E         : A=01 X=C4 Y=09 SP=?? N=0 V=0 D=0 I=0 Z=0 C=0 : FWA C0-8A:B4900CC8:00:00 = -7.22250780E+02 : FWB C4-81:00624444:44:?? = -2.99886068E-03
845F : ROR 3F         : A=01 X=C4 Y=09 SP=?? N=0 V=0 D=0 I=0 Z=0 C=0 : FWA C0-8A:B4900CC8:00:00 = -7.22250780E+02 : FWB C4-81:00622244:44:?? = -2.99480756E-03
8461 : ROR 40         : A=01 X=C4 Y=09 SP=?? N=0 V=0 D=0 I=0 Z=0 C=0 : FWA C0-8A:B4900CC8:00:00 = -7.22250780E+02 : FWB C4-81:00622222:44:?? = -2.99479173E-03
8463 : ROR 41         : A=01 X=C4 Y=09 SP=?? N=0 V=0 D=0 I=0 Z=0 C=0 : FWA C0-8A:B4900CC8:00:00 = -7.22250780E+02 : FWB C4-81:00622222:22:?? = -2.99479167E-03
8465 : DEC A          : A=00 X=C4 Y=09 SP=?? N=0 V=0 D=0 I=0 Z=1 C=0 : FWA C0-8A:B4900CC8:00:00 = -7.22250780E+02 : FWB C4-81:00622222:22:?? = -2.99479167E-03
8466 : BNE 845B       : A=00 X=C4 Y=09 SP=?? N=0 V=0 D=0 I=0 Z=1 C=0 : FWA C0-8A:B4900CC8:00:00 = -7.22250780E+02 : FWB C4-81:00622222:22:?? = -2.99479167E-03
8468 : BRA 84A3       : A=00 X=C4 Y=09 SP=?? N=0 V=0 D=0 I=0 Z=1 C=0 : FWA C0-8A:B4900CC8:00:00 = -7.22250780E+02 : FWB C4-81:00622222:22:?? = -2.99479167E-03
84A3 : LDA 2E         : A=C0 X=C4 Y=09 SP=?? N=1 V=0 D=0 I=0 Z=0 C=0 : FWA C0-8A:B4900CC8:00:00 = -7.22250780E+02 : FWB C4-81:00622222:22:?? = -2.99479167E-03
84A5 : EOR 3B         : A=04 X=C4 Y=09 SP=?? N=0 V=0 D=0 I=0 Z=0 C=0 : FWA C0-8A:B4900CC8:00:00 = -7.22250780E+02 : FWB C4-81:00622222:22:?? = -2.99479167E-03
84A7 : BMI 84AD       : A=04 X=C4 Y=09 SP=?? N=0 V=0 D=0 I=0 Z=0 C=0 : FWA C0-8A:B4900CC8:00:00 = -7.22250780E+02 : FWB C4-81:00622222:22:?? = -2.99479167E-03
84A9 : CLC            : A=04 X=C4 Y=09 SP=?? N=0 V=0 D=0 I=0 Z=0 C=0 : FWA C0-8A:B4900CC8:00:00 = -7.22250780E+02 : FWB C4-81:00622222:22:?? = -2.99479167E-03
84AA : JMP A489       : A=04 X=C4 Y=09 SP=?? N=0 V=0 D=0 I=0 Z=0 C=0 : FWA C0-8A:B4900CC8:00:00 = -7.22250780E+02 : FWB C4-81:00622222:22:?? = -2.99479167E-03
A489 : LDA 35         : A=00 X=C4 Y=09 SP=?? N=0 V=0 D=0 I=0 Z=1 C=0 : FWA C0-8A:B4900CC8:00:00 = -7.22250780E+02 : FWB C4-81:00622222:22:?? = -2.99479167E-03
A48B : ADC 41         : A=22 X=C4 Y=09 SP=?? N=0 V=0 D=0 I=0 Z=0 C=0 : FWA C0-8A:B4900CC8:00:00 = -7.22250780E+02 : FWB C4-81:00622222:22:?? = -2.99479167E-03
A48D : STA 35         : A=22 X=C4 Y=09 SP=?? N=0 V=0 D=0 I=0 Z=0 C=0 : FWA C0-8A:B4900CC8:22:00 = -7.22250780E+02 : FWB C4-81:00622222:22:?? = -2.99479167E-03
A48F : LDA 34         : A=C8 X=C4 Y=09 SP=?? N=1 V=0 D=0 I=0 Z=0 C=0 : FWA C0-8A:B4900CC8:22:00 = -7.22250780E+02 : FWB C4-81:00622222:22:?? = -2.99479167E-03
A491 : ADC 40         : A=EA X=C4 Y=09 SP=?? N=1 V=0 D=0 I=0 Z=0 C=0 : FWA C0-8A:B4900CC8:22:00 = -7.22250780E+02 : FWB C4-81:00622222:22:?? = -2.99479167E-03
A493 : STA 34         : A=EA X=C4 Y=09 SP=?? N=1 V=0 D=0 I=0 Z=0 C=0 : FWA C0-8A:B4900CEA:22:00 = -7.22250788E+02 : FWB C4-81:00622222:22:?? = -2.99479167E-03
A495 : LDA 33         : A=0C X=C4 Y=09 SP=?? N=0 V=0 D=0 I=0 Z=0 C=0 : FWA C0-8A:B4900CEA:22:00 = -7.22250788E+02 : FWB C4-81:00622222:22:?? = -2.99479167E-03
A497 : ADC 3F         : A=2E X=C4 Y=09 SP=?? N=0 V=0 D=0 I=0 Z=0 C=0 : FWA C0-8A:B4900CEA:22:00 = -7.22250788E+02 : FWB C4-81:00622222:22:?? = -2.99479167E-03
A499 : STA 33         : A=2E X=C4 Y=09 SP=?? N=0 V=0 D=0 I=0 Z=0 C=0 : FWA C0-8A:B4902EEA:22:00 = -7.22252863E+02 : FWB C4-81:00622222:22:?? = -2.99479167E-03
A49B : LDA 32         : A=90 X=C4 Y=09 SP=?? N=1 V=0 D=0 I=0 Z=0 C=0 : FWA C0-8A:B4902EEA:22:00 = -7.22252863E+02 : FWB C4-81:00622222:22:?? = -2.99479167E-03
A49D : ADC 3E         : A=F2 X=C4 Y=09 SP=?? N=1 V=0 D=0 I=0 Z=0 C=0 : FWA C0-8A:B4902EEA:22:00 = -7.22252863E+02 : FWB C4-81:00622222:22:?? = -2.99479167E-03
A49F : STA 32         : A=F2 X=C4 Y=09 SP=?? N=1 V=0 D=0 I=0 Z=0 C=0 : FWA C0-8A:B4F22EEA:22:00 = -7.23784113E+02 : FWB C4-81:00622222:22:?? = -2.99479167E-03
A4A1 : LDA 3D         : A=00 X=C4 Y=09 SP=?? N=0 V=0 D=0 I=0 Z=1 C=0 : FWA C0-8A:B4F22EEA:22:00 = -7.23784113E+02 : FWB C4-81:00622222:22:?? = -2.99479167E-03
A4A3 : ADC 31         : A=B4 X=C4 Y=09 SP=?? N=1 V=0 D=0 I=0 Z=0 C=0 : FWA C0-8A:B4F22EEA:22:00 = -7.23784113E+02 : FWB C4-81:00622222:22:?? = -2.99479167E-03
A4A5 : STA 31         : A=B4 X=C4 Y=09 SP=?? N=1 V=0 D=0 I=0 Z=0 C=0 : FWA C0-8A:B4F22EEA:22:00 = -7.23784113E+02 : FWB C4-81:00622222:22:?? = -2.99479167E-03
A4A7 : BCC A4B9       : A=B4 X=C4 Y=09 SP=?? N=1 V=0 D=0 I=0 Z=0 C=0 : FWA C0-8A:B4F22EEA:22:00 = -7.23784113E+02 : FWB C4-81:00622222:22:?? = -2.99479167E-03
A4B9 : RTS            : A=B4 X=C4 Y=09 SP=?? N=1 V=0 D=0 I=0 Z=0 C=0 : FWA C0-8A:B4F22EEA:22:00 = -7.23784113E+02 : FWB C4-81:00622222:22:?? = -2.99479167E-03
A712 : LDA 35         : A=22 X=C4 Y=09 SP=?? N=0 V=0 D=0 I=0 Z=0 C=0 : FWA C0-8A:B4F22EEA:22:00 = -7.23784113E+02 : FWB C4-81:00622222:22:?? = -2.99479167E-03
A714 : BPL A725       : A=22 X=C4 Y=09 SP=?? N=0 V=0 D=0 I=0 Z=0 C=0 : FWA C0-8A:B4F22EEA:22:00 = -7.23784113E+02 : FWB C4-81:00622222:22:?? = -2.99479167E-03
A725 : LDA 2F         : A=00 X=C4 Y=09 SP=?? N=0 V=0 D=0 I=0 Z=1 C=0 : FWA C0-8A:B4F22EEA:22:00 = -7.23784113E+02 : FWB C4-81:00622222:22:?? = -2.99479167E-03
A727 : BEQ A739       : A=00 X=C4 Y=09 SP=?? N=0 V=0 D=0 I=0 Z=1 C=0 : FWA C0-8A:B4F22EEA:22:00 = -7.23784113E+02 : FWB C4-81:00622222:22:?? = -2.99479167E-03
A739 : STZ 35         : A=00 X=C4 Y=09 SP=?? N=0 V=0 D=0 I=0 Z=1 C=0 : FWA C0-8A:B4F22EEA:00:00 = -7.23784113E+02 : FWB C4-81:00622222:22:?? = -2.99479167E-03
A73B : LDA #FF        : A=FF X=C4 Y=09 SP=?? N=1 V=0 D=0 I=0 Z=0 C=0 : FWA C0-8A:B4F22EEA:00:00 = -7.23784113E+02 : FWB C4-81:00622222:22:?? = -2.99479167E-03
A73D : RTS            : A=FF X=C4 Y=09 SP=?? N=1 V=0 D=0 I=0 Z=0 C=0 : FWA C0-8A:B4F22EEA:00:00 = -7.23784113E+02 : FWB C4-81:00622222:22:?? = -2.99479167E-03
A8F4 : INC 47         : A=FF X=C4 Y=09 SP=?? N=1 V=0 D=0 I=0 Z=0 C=0 : FWA C0-8A:B4F22EEA:00:00 = -7.23784113E+02 : FWB C4-81:00622222:22:?? = -2.99479167E-03
A8F6 : BMI A8E0       : A=FF X=C4 Y=09 SP=?? N=1 V=0 D=0 I=0 Z=0 C=0 : FWA C0-8A:B4F22EEA:00:00 = -7.23784113E+02 : FWB C4-81:00622222:22:?? = -2.99479167E-03
A8E0 : JSR A5AD       : A=FF X=C4 Y=09 SP=?? N=1 V=0 D=0 I=0 Z=0 C=0 : FWA C0-8A:B4F22EEA:00:00 = -7.23784113E+02 : FWB C4-81:00622222:22:?? = -2.99479167E-03
A5AD : CLC            : A=FF X=C4 Y=09 SP=?? N=1 V=0 D=0 I=0 Z=0 C=0 : FWA C0-8A:B4F22EEA:00:00 = -7.23784113E+02 : FWB C4-81:00622222:22:?? = -2.99479167E-03
A5AE : LDA 4C         : A=F1 X=C4 Y=09 SP=?? N=1 V=0 D=0 I=0 Z=0 C=0 : FWA C0-8A:B4F22EEA:00:00 = -7.23784113E+02 : FWB C4-81:00622222:22:?? = -2.99479167E-03
A5B0 : ADC #05        : A=F6 X=C4 Y=09 SP=?? N=1 V=0 D=0 I=0 Z=0 C=0 : FWA C0-8A:B4F22EEA:00:00 = -7.23784113E+02 : FWB C4-81:00622222:22:?? = -2.99479167E-03
A5B2 : STA 4C         : A=F6 X=C4 Y=09 SP=?? N=1 V=0 D=0 I=0 Z=0 C=0 : FWA C0-8A:B4F22EEA:00:00 = -7.23784113E+02 : FWB C4-81:00622222:22:?? = -2.99479167E-03
A5B4 : LDY #BF        : A=F6 X=C4 Y=BF SP=?? N=1 V=0 D=0 I=0 Z=0 C=0 : FWA C0-8A:B4F22EEA:00:00 = -7.23784113E+02 : FWB C4-81:00622222:22:?? = -2.99479167E-03
A5B6 : STA 4A         : A=F6 X=C4 Y=BF SP=?? N=1 V=0 D=0 I=0 Z=0 C=0 : FWA C0-8A:B4F22EEA:00:00 = -7.23784113E+02 : FWB C4-81:00622222:22:?? = -2.99479167E-03
A5B8 : STY 4B         : A=F6 X=C4 Y=BF SP=?? N=1 V=0 D=0 I=0 Z=0 C=0 : FWA C0-8A:B4F22EEA:00:00 = -7.23784113E+02 : FWB C4-81:00622222:22:?? = -2.99479167E-03
A5BA : RTS            : A=F6 X=C4 Y=BF SP=?? N=1 V=0 D=0 I=0 Z=0 C=0 : FWA C0-8A:B4F22EEA:00:00 = -7.23784113E+02 : FWB C4-81:00622222:22:?? = -2.99479167E-03
A8E3 : JSR A634       : A=F6 X=C4 Y=BF SP=?? N=1 V=0 D=0 I=0 Z=0 C=0 : FWA C0-8A:B4F22EEA:00:00 = -7.23784113E+02 : FWB C4-81:00622222:22:?? = -2.99479167E-03
A634 : LDA 31         : A=B4 X=C4 Y=BF SP=?? N=1 V=0 D=0 I=0 Z=0 C=0 : FWA C0-8A:B4F22EEA:00:00 = -7.23784113E+02 : FWB C4-81:00622222:22:?? = -2.99479167E-03
A636 : BEQ A62C       : A=B4 X=C4 Y=BF SP=?? N=1 V=0 D=0 I=0 Z=0 C=0 : FWA C0-8A:B4F22EEA:00:00 = -7.23784113E+02 : FWB C4-81:00622222:22:?? = -2.99479167E-03
A638 : JSR A514       : A=B4 X=C4 Y=BF SP=?? N=1 V=0 D=0 I=0 Z=0 C=0 : FWA C0-8A:B4F22EEA:00:00 = -7.23784113E+02 : FWB C4-81:00622222:22:?? = -2.99479167E-03
A514 : STZ 41         : A=B4 X=C4 Y=BF SP=?? N=1 V=0 D=0 I=0 Z=0 C=0 : FWA C0-8A:B4F22EEA:00:00 = -7.23784113E+02 : FWB C4-81:00622222:00:?? = -2.99479160E-03
A516 : LDY #04        : A=B4 X=C4 Y=04 SP=?? N=0 V=0 D=0 I=0 Z=0 C=0 : FWA C0-8A:B4F22EEA:00:00 = -7.23784113E+02 : FWB C4-81:00622222:00:?? = -2.99479160E-03
A518 : LDA (4A),Y     : A=04 X=C4 Y=04 SP=?? N=0 V=0 D=0 I=0 Z=0 C=0 : FWA C0-8A:B4F22EEA:00:00 = -7.23784113E+02 : FWB C4-81:00622222:00:?? = -2.99479160E-03
A51A : STA 40         : A=04 X=C4 Y=04 SP=?? N=0 V=0 D=0 I=0 Z=0 C=0 : FWA C0-8A:B4F22EEA:00:00 = -7.23784113E+02 : FWB C4-81:00622204:00:?? = -2.99477763E-03
A51C : DEY            : A=04 X=C4 Y=03 SP=?? N=0 V=0 D=0 I=0 Z=0 C=0 : FWA C0-8A:B4F22EEA:00:00 = -7.23784113E+02 : FWB C4-81:00622204:00:?? = -2.99477763E-03
A51D : LDA (4A),Y     : A=13 X=C4 Y=03 SP=?? N=0 V=0 D=0 I=0 Z=0 C=0 : FWA C0-8A:B4F22EEA:00:00 = -7.23784113E+02 : FWB C4-81:00622204:00:?? = -2.99477763E-03
A51F : STA 3F         : A=13 X=C4 Y=03 SP=?? N=0 V=0 D=0 I=0 Z=0 C=0 : FWA C0-8A:B4F22EEA:00:00 = -7.23784113E+02 : FWB C4-81:00621304:00:?? = -2.99298950E-03
A521 : DEY            : A=13 X=C4 Y=02 SP=?? N=0 V=0 D=0 I=0 Z=0 C=0 : FWA C0-8A:B4F22EEA:00:00 = -7.23784113E+02 : FWB C4-81:00621304:00:?? = -2.99298950E-03
A522 : LDA (4A),Y     : A=FD X=C4 Y=02 SP=?? N=1 V=0 D=0 I=0 Z=0 C=0 : FWA C0-8A:B4F22EEA:00:00 = -7.23784113E+02 : FWB C4-81:00621304:00:?? = -2.99298950E-03
A524 : STA 3E         : A=FD X=C4 Y=02 SP=?? N=1 V=0 D=0 I=0 Z=0 C=0 : FWA C0-8A:B4F22EEA:00:00 = -7.23784113E+02 : FWB C4-81:00FD1304:00:?? = -7.72321410E-03
A526 : DEY            : A=FD X=C4 Y=01 SP=?? N=0 V=0 D=0 I=0 Z=0 C=0 : FWA C0-8A:B4F22EEA:00:00 = -7.23784113E+02 : FWB C4-81:00FD1304:00:?? = -7.72321410E-03
A527 : LDA (4A),Y     : A=9D X=C4 Y=01 SP=?? N=1 V=0 D=0 I=0 Z=0 C=0 : FWA C0-8A:B4F22EEA:00:00 = -7.23784113E+02 : FWB C4-81:00FD1304:00:?? = -7.72321410E-03
A529 : STA 3B         : A=9D X=C4 Y=01 SP=?? N=1 V=0 D=0 I=0 Z=0 C=0 : FWA C0-8A:B4F22EEA:00:00 = -7.23784113E+02 : FWB 9D-81:00FD1304:00:?? = -7.72321410E-03
A52B : TAY            : A=9D X=C4 Y=9D SP=?? N=1 V=0 D=0 I=0 Z=0 C=0 : FWA C0-8A:B4F22EEA:00:00 = -7.23784113E+02 : FWB 9D-81:00FD1304:00:?? = -7.72321410E-03
A52C : LDA (4A)       : A=80 X=C4 Y=9D SP=?? N=1 V=0 D=0 I=0 Z=0 C=0 : FWA C0-8A:B4F22EEA:00:00 = -7.23784113E+02 : FWB 9D-81:00FD1304:00:?? = -7.72321410E-03
A52E : STA 3C         : A=80 X=C4 Y=9D SP=?? N=1 V=0 D=0 I=0 Z=0 C=0 : FWA C0-8A:B4F22EEA:00:00 = -7.23784113E+02 : FWB 9D-80:00FD1304:00:?? = -3.86160705E-03
A530 : BNE A53B       : A=80 X=C4 Y=9D SP=?? N=1 V=0 D=0 I=0 Z=0 C=0 : FWA C0-8A:B4F22EEA:00:00 = -7.23784113E+02 : FWB 9D-80:00FD1304:00:?? = -3.86160705E-03
A53B : TYA            : A=9D X=C4 Y=9D SP=?? N=1 V=0 D=0 I=0 Z=0 C=0 : FWA C0-8A:B4F22EEA:00:00 = -7.23784113E+02 : FWB 9D-80:00FD1304:00:?? = -3.86160705E-03
A53C : ORA #80        : A=9D X=C4 Y=9D SP=?? N=1 V=0 D=0 I=0 Z=0 C=0 : FWA C0-8A:B4F22EEA:00:00 = -7.23784113E+02 : FWB 9D-80:00FD1304:00:?? = -3.86160705E-03
A53E : STA 3D         : A=9D X=C4 Y=9D SP=?? N=1 V=0 D=0 I=0 Z=0 C=0 : FWA C0-8A:B4F22EEA:00:00 = -7.23784113E+02 : FWB 9D-80:9DFD1304:00:?? = -6.17142857E-01
A540 : RTS            : A=9D X=C4 Y=9D SP=?? N=1 V=0 D=0 I=0 Z=0 C=0 : FWA C0-8A:B4F22EEA:00:00 = -7.23784113E+02 : FWB 9D-80:9DFD1304:00:?? = -6.17142857E-01
A63B : BNE A640       : A=9D X=C4 Y=9D SP=?? N=1 V=0 D=0 I=0 Z=0 C=0 : FWA C0-8A:B4F22EEA:00:00 = -7.23784113E+02 : FWB 9D-80:9DFD1304:00:?? = -6.17142857E-01
A640 : LDA 3B         : A=9D X=C4 Y=9D SP=?? N=1 V=0 D=0 I=0 Z=0 C=0 : FWA C0-8A:B4F22EEA:00:00 = -7.23784113E+02 : FWB 9D-80:9DFD1304:00:?? = -6.17142857E-01
A642 : EOR 2E         : A=5D X=C4 Y=9D SP=?? N=0 V=0 D=0 I=0 Z=0 C=0 : FWA C0-8A:B4F22EEA:00:00 = -7.23784113E+02 : FWB 9D-80:9DFD1304:00:?? = -6.17142857E-01
A644 : STA 2E         : A=5D X=C4 Y=9D SP=?? N=0 V=0 D=0 I=0 Z=0 C=0 : FWA 5D-8A:B4F22EEA:00:00 = +7.23784113E+02 : FWB 9D-80:9DFD1304:00:?? = -6.17142857E-01
A646 : SEC            : A=5D X=C4 Y=9D SP=?? N=0 V=0 D=0 I=0 Z=0 C=1 : FWA 5D-8A:B4F22EEA:00:00 = +7.23784113E+02 : FWB 9D-80:9DFD1304:00:?? = -6.17142857E-01
A647 : LDA 3C         : A=80 X=C4 Y=9D SP=?? N=1 V=0 D=0 I=0 Z=0 C=1 : FWA 5D-8A:B4F22EEA:00:00 = +7.23784113E+02 : FWB 9D-80:9DFD1304:00:?? = -6.17142857E-01
A649 : ADC #81        : A=02 X=C4 Y=9D SP=?? N=0 V=1 D=0 I=0 Z=0 C=1 : FWA 5D-8A:B4F22EEA:00:00 = +7.23784113E+02 : FWB 9D-80:9DFD1304:00:?? = -6.17142857E-01
A64B : ROL 2F         : A=02 X=C4 Y=9D SP=?? N=0 V=1 D=0 I=0 Z=0 C=0 : FWA 5D-8A:B4F22EEA:00:01 = +7.23784113E+02 : FWB 9D-80:9DFD1304:00:?? = -6.17142857E-01
A64D : SBC 30         : A=77 X=C4 Y=9D SP=?? N=0 V=0 D=0 I=0 Z=0 C=0 : FWA 5D-8A:B4F22EEA:00:01 = +7.23784113E+02 : FWB 9D-80:9DFD1304:00:?? = -6.17142857E-01
A64F : BCS A653       : A=77 X=C4 Y=9D SP=?? N=0 V=0 D=0 I=0 Z=0 C=0 : FWA 5D-8A:B4F22EEA:00:01 = +7.23784113E+02 : FWB 9D-80:9DFD1304:00:?? = -6.17142857E-01
A651 : DEC 2F         : A=77 X=C4 Y=9D SP=?? N=0 V=0 D=0 I=0 Z=1 C=0 : FWA 5D-8A:B4F22EEA:00:00 = +7.23784113E+02 : FWB 9D-80:9DFD1304:00:?? = -6.17142857E-01
A653 : STA 30         : A=77 X=C4 Y=9D SP=?? N=0 V=0 D=0 I=0 Z=1 C=0 : FWA 5D-77:B4F22EEA:00:00 = +1.38050864E-03 : FWB 9D-80:9DFD1304:00:?? = -6.17142857E-01
A655 : LDA 3D         : A=9D X=C4 Y=9D SP=?? N=1 V=0 D=0 I=0 Z=0 C=0 : FWA 5D-77:B4F22EEA:00:00 = +1.38050864E-03 : FWB 9D-80:9DFD1304:00:?? = -6.17142857E-01
A657 : CLC            : A=9D X=C4 Y=9D SP=?? N=1 V=0 D=0 I=0 Z=0 C=0 : FWA 5D-77:B4F22EEA:00:00 = +1.38050864E-03 : FWB 9D-80:9DFD1304:00:?? = -6.17142857E-01
A658 : LDY #04        : A=9D X=C4 Y=04 SP=?? N=0 V=0 D=0 I=0 Z=0 C=0 : FWA 5D-77:B4F22EEA:00:00 = +1.38050864E-03 : FWB 9D-80:9DFD1304:00:?? = -6.17142857E-01
A65A : STY 3C         : A=9D X=C4 Y=04 SP=?? N=0 V=0 D=0 I=0 Z=0 C=0 : FWA 5D-77:B4F22EEA:00:00 = +1.38050864E-03 : FWB 9D-04:9DFD1304:00:?? = -2.90179177E-38
A65C : LDX #08        : A=9D X=08 Y=04 SP=?? N=0 V=0 D=0 I=0 Z=0 C=0 : FWA 5D-77:B4F22EEA:00:00 = +1.38050864E-03 : FWB 9D-04:9DFD1304:00:?? = -2.90179177E-38
A65E : BCS A676       : A=9D X=08 Y=04 SP=?? N=0 V=0 D=0 I=0 Z=0 C=0 : FWA 5D-77:B4F22EEA:00:00 = +1.38050864E-03 : FWB 9D-04:9DFD1304:00:?? = -2.90179177E-38
A660 : CMP 31         : A=9D X=08 Y=04 SP=?? N=1 V=0 D=0 I=0 Z=0 C=0 : FWA 5D-77:B4F22EEA:00:00 = +1.38050864E-03 : FWB 9D-04:9DFD1304:00:?? = -2.90179177E-38
A662 : BNE A674       : A=9D X=08 Y=04 SP=?? N=1 V=0 D=0 I=0 Z=0 C=0 : FWA 5D-77:B4F22EEA:00:00 = +1.38050864E-03 : FWB 9D-04:9DFD1304:00:?? = -2.90179177E-38
A674 : BCC A68D       : A=9D X=08 Y=04 SP=?? N=1 V=0 D=0 I=0 Z=0 C=0 : FWA 5D-77:B4F22EEA:00:00 = +1.38050864E-03 : FWB 9D-04:9DFD1304:00:?? = -2.90179177E-38
A68D : ROL 3B         : A=9D X=08 Y=04 SP=?? N=0 V=0 D=0 I=0 Z=0 C=1 : FWA 5D-77:B4F22EEA:00:00 = +1.38050864E-03 : FWB 3A-04:9DFD1304:00:?? = +2.90179177E-38
A68F : ASL 40         : A=9D X=08 Y=04 SP=?? N=0 V=0 D=0 I=0 Z=0 C=0 : FWA 5D-77:B4F22EEA:00:00 = +1.38050864E-03 : FWB 3A-04:9DFD1308:00:?? = +2.90179177E-38
A691 : ROL 3F         : A=9D X=08 Y=04 SP=?? N=0 V=0 D=0 I=0 Z=0 C=0 : FWA 5D-77:B4F22EEA:00:00 = +1.38050864E-03 : FWB 3A-04:9DFD2608:00:?? = +2.90179710E-38
A693 : ROL 3E         : A=9D X=08 Y=04 SP=?? N=1 V=0 D=0 I=0 Z=0 C=1 : FWA 5D-77:B4F22EEA:00:00 = +1.38050864E-03 : FWB 3A-04:9DFA2608:00:?? = +2.90158186E-38
A695 : ROL A          : A=3B X=08 Y=04 SP=?? N=0 V=0 D=0 I=0 Z=0 C=1 : FWA 5D-77:B4F22EEA:00:00 = +1.38050864E-03 : FWB 3A-04:9DFA2608:00:?? = +2.90158186E-38
A696 : DEX            : A=3B X=07 Y=04 SP=?? N=0 V=0 D=0 I=0 Z=0 C=1 : FWA 5D-77:B4F22EEA:00:00 = +1.38050864E-03 : FWB 3A-04:9DFA2608:00:?? = +2.90158186E-38
A697 : BNE A65E       : A=3B X=07 Y=04 SP=?? N=0 V=0 D=0 I=0 Z=0 C=1 : FWA 5D-77:B4F22EEA:00:00 = +1.38050864E-03 : FWB 3A-04:9DFA2608:00:?? = +2.90158186E-38
A65E : BCS A676       : A=3B X=07 Y=04 SP=?? N=0 V=0 D=0 I=0 Z=0 C=1 : FWA 5D-77:B4F22EEA:00:00 = +1.38050864E-03 : FWB 3A-04:9DFA2608:00:?? = +2.90158186E-38
A676 : TAY            : A=3B X=07 Y=3B SP=?? N=0 V=0 D=0 I=0 Z=0 C=1 : FWA 5D-77:B4F22EEA:00:00 = +1.38050864E-03 : FWB 3A-04:9DFA2608:00:?? = +2.90158186E-38
A677 : LDA 40         : A=08 X=07 Y=3B SP=?? N=0 V=0 D=0 I=0 Z=0 C=1 : FWA 5D-77:B4F22EEA:00:00 = +1.38050864E-03 : FWB 3A-04:9DFA2608:00:?? = +2.90158186E-38
A679 : SBC 34         : A=1E X=07 Y=3B SP=?? N=0 V=0 D=0 I=0 Z=0 C=0 : FWA 5D-77:B4F22EEA:00:00 = +1.38050864E-03 : FWB 3A-04:9DFA2608:00:?? = +2.90158186E-38
A67B : STA 40         : A=1E X=07 Y=3B SP=?? N=0 V=0 D=0 I=0 Z=0 C=0 : FWA 5D-77:B4F22EEA:00:00 = +1.38050864E-03 : FWB 3A-04:9DFA261E:00:?? = +2.90158188E-38
A67D : LDA 3F         : A=26 X=07 Y=3B SP=?? N=0 V=0 D=0 I=0 Z=0 C=0 : FWA 5D-77:B4F22EEA:00:00 = +1.38050864E-03 : FWB 3A-04:9DFA261E:00:?? = +2.90158188E-38
A67F : SBC 33         : A=F7 X=07 Y=3B SP=?? N=1 V=0 D=0 I=0 Z=0 C=0 : FWA 5D-77:B4F22EEA:00:00 = +1.38050864E-03 : FWB 3A-04:9DFA261E:00:?? = +2.90158188E-38
A681 : STA 3F         : A=F7 X=07 Y=3B SP=?? N=1 V=0 D=0 I=0 Z=0 C=0 : FWA 5D-77:B4F22EEA:00:00 = +1.38050864E-03 : FWB 3A-04:9DFAF71E:00:?? = +2.90164046E-38
A683 : LDA 3E         : A=FA X=07 Y=3B SP=?? N=1 V=0 D=0 I=0 Z=0 C=0 : FWA 5D-77:B4F22EEA:00:00 = +1.38050864E-03 : FWB 3A-04:9DFAF71E:00:?? = +2.90164046E-38
A685 : SBC 32         : A=07 X=07 Y=3B SP=?? N=0 V=0 D=0 I=0 Z=0 C=1 : FWA 5D-77:B4F22EEA:00:00 = +1.38050864E-03 : FWB 3A-04:9DFAF71E:00:?? = +2.90164046E-38
A687 : STA 3E         : A=07 X=07 Y=3B SP=?? N=0 V=0 D=0 I=0 Z=0 C=1 : FWA 5D-77:B4F22EEA:00:00 = +1.38050864E-03 : FWB 3A-04:9D07F71E:00:?? = +2.88420606E-38
A689 : TYA            : A=3B X=07 Y=3B SP=?? N=0 V=0 D=0 I=0 Z=0 C=1 : FWA 5D-77:B4F22EEA:00:00 = +1.38050864E-03 : FWB 3A-04:9D07F71E:00:?? = +2.88420606E-38
A68A : SBC 31         : A=87 X=07 Y=3B SP=?? N=1 V=1 D=0 I=0 Z=0 C=0 : FWA 5D-77:B4F22EEA:00:00 = +1.38050864E-03 : FWB 3A-04:9D07F71E:00:?? = +2.88420606E-38
A68C : SEC            : A=87 X=07 Y=3B SP=?? N=1 V=1 D=0 I=0 Z=0 C=1 : FWA 5D-77:B4F22EEA:00:00 = +1.38050864E-03 : FWB 3A-04:9D07F71E:00:?? = +2.88420606E-38
A68D : ROL 3B         : A=87 X=07 Y=3B SP=?? N=0 V=1 D=0 I=0 Z=0 C=0 : FWA 5D-77:B4F22EEA:00:00 = +1.38050864E-03 : FWB 75-04:9D07F71E:00:?? = +2.88420606E-38
A68F : ASL 40         : A=87 X=07 Y=3B SP=?? N=0 V=1 D=0 I=0 Z=0 C=0 : FWA 5D-77:B4F22EEA:00:00 = +1.38050864E-03 : FWB 75-04:9D07F73C:00:?? = +2.88420609E-38
A691 : ROL 3F         : A=87 X=07 Y=3B SP=?? N=1 V=1 D=0 I=0 Z=0 C=1 : FWA 5D-77:B4F22EEA:00:00 = +1.38050864E-03 : FWB 75-04:9D07EE3C:00:?? = +2.88420357E-38
A693 : ROL 3E         : A=87 X=07 Y=3B SP=?? N=0 V=1 D=0 I=0 Z=0 C=0 : FWA 5D-77:B4F22EEA:00:00 = +1.38050864E-03 : FWB 75-04:9D0FEE3C:00:?? = +2.88477754E-38
A695 : ROL A          : A=0E X=07 Y=3B SP=?? N=0 V=1 D=0 I=0 Z=0 C=1 : FWA 5D-77:B4F22EEA:00:00 = +1.38050864E-03 : FWB 75-04:9D0FEE3C:00:?? = +2.88477754E-38
A696 : DEX            : A=0E X=06 Y=3B SP=?? N=0 V=1 D=0 I=0 Z=0 C=1 : FWA 5D-77:B4F22EEA:00:00 = +1.38050864E-03 : FWB 75-04:9D0FEE3C:00:?? = +2.88477754E-38
A697 : BNE A65E       : A=0E X=06 Y=3B SP=?? N=0 V=1 D=0 I=0 Z=0 C=1 : FWA 5D-77:B4F22EEA:00:00 = +1.38050864E-03 : FWB 75-04:9D0FEE3C:00:?? = +2.88477754E-38
A65E : BCS A676       : A=0E X=06 Y=3B SP=?? N=0 V=1 D=0 I=0 Z=0 C=1 : FWA 5D-77:B4F22EEA:00:00 = +1.38050864E-03 : FWB 75-04:9D0FEE3C:00:?? = +2.88477754E-38
A676 : TAY            : A=0E X=06 Y=0E SP=?? N=0 V=1 D=0 I=0 Z=0 C=1 : FWA 5D-77:B4F22EEA:00:00 = +1.38050864E-03 : FWB 75-04:9D0FEE3C:00:?? = +2.88477754E-38
A677 : LDA 40         : A=3C X=06 Y=0E SP=?? N=0 V=1 D=0 I=0 Z=0 C=1 : FWA 5D-77:B4F22EEA:00:00 = +1.38050864E-03 : FWB 75-04:9D0FEE3C:00:?? = +2.88477754E-38
A679 : SBC 34         : A=52 X=06 Y=0E SP=?? N=0 V=0 D=0 I=0 Z=0 C=0 : FWA 5D-77:B4F22EEA:00:00 = +1.38050864E-03 : FWB 75-04:9D0FEE3C:00:?? = +2.88477754E-38
A67B : STA 40         : A=52 X=06 Y=0E SP=?? N=0 V=0 D=0 I=0 Z=0 C=0 : FWA 5D-77:B4F22EEA:00:00 = +1.38050864E-03 : FWB 75-04:9D0FEE52:00:?? = +2.88477757E-38
A67D : LDA 3F         : A=EE X=06 Y=0E SP=?? N=1 V=0 D=0 I=0 Z=0 C=0 : FWA 5D-77:B4F22EEA:00:00 = +1.38050864E-03 : FWB 75-04:9D0FEE52:00:?? = +2.88477757E-38
A67F : SBC 33         : A=BF X=06 Y=0E SP=?? N=1 V=0 D=0 I=0 Z=0 C=1 : FWA 5D-77:B4F22EEA:00:00 = +1.38050864E-03 : FWB 75-04:9D0FEE52:00:?? = +2.88477757E-38
A681 : STA 3F         : A=BF X=06 Y=0E SP=?? N=1 V=0 D=0 I=0 Z=0 C=1 : FWA 5D-77:B4F22EEA:00:00 = +1.38050864E-03 : FWB 75-04:9D0FBF52:00:?? = +2.88476440E-38
A683 : LDA 3E         : A=0F X=06 Y=0E SP=?? N=0 V=0 D=0 I=0 Z=0 C=1 : FWA 5D-77:B4F22EEA:00:00 = +1.38050864E-03 : FWB 75-04:9D0FBF52:00:?? = +2.88476440E-38
A685 : SBC 32         : A=1D X=06 Y=0E SP=?? N=0 V=0 D=0 I=0 Z=0 C=0 : FWA 5D-77:B4F22EEA:00:00 = +1.38050864E-03 : FWB 75-04:9D0FBF52:00:?? = +2.88476440E-38
A687 : STA 3E         : A=1D X=06 Y=0E SP=?? N=0 V=0 D=0 I=0 Z=0 C=0 : FWA 5D-77:B4F22EEA:00:00 = +1.38050864E-03 : FWB 75-04:9D1DBF52:00:?? = +2.88576885E-38
A689 : TYA            : A=0E X=06 Y=0E SP=?? N=0 V=0 D=0 I=0 Z=0 C=0 : FWA 5D-77:B4F22EEA:00:00 = +1.38050864E-03 : FWB 75-04:9D1DBF52:00:?? = +2.88576885E-38
A68A : SBC 31         : A=59 X=06 Y=0E SP=?? N=0 V=0 D=0 I=0 Z=0 C=0 : FWA 5D-77:B4F22EEA:00:00 = +1.38050864E-03 : FWB 75-04:9D1DBF52:00:?? = +2.88576885E-38
A68C : SEC            : A=59 X=06 Y=0E SP=?? N=0 V=0 D=0 I=0 Z=0 C=1 : FWA 5D-77:B4F22EEA:00:00 = +1.38050864E-03 : FWB 75-04:9D1DBF52:00:?? = +2.88576885E-38
A68D : ROL 3B         : A=59 X=06 Y=0E SP=?? N=1 V=0 D=0 I=0 Z=0 C=0 : FWA 5D-77:B4F22EEA:00:00 = +1.38050864E-03 : FWB EB-04:9D1DBF52:00:?? = -2.88576885E-38
A68F : ASL 40         : A=59 X=06 Y=0E SP=?? N=1 V=0 D=0 I=0 Z=0 C=0 : FWA 5D-77:B4F22EEA:00:00 = +1.38050864E-03 : FWB EB-04:9D1DBFA4:00:?? = -2.88576894E-38
A691 : ROL 3F         : A=59 X=06 Y=0E SP=?? N=0 V=0 D=0 I=0 Z=0 C=1 : FWA 5D-77:B4F22EEA:00:00 = +1.38050864E-03 : FWB EB-04:9D1D7EA4:00:?? = -2.88575072E-38
A693 : ROL 3E         : A=59 X=06 Y=0E SP=?? N=0 V=0 D=0 I=0 Z=0 C=0 : FWA 5D-77:B4F22EEA:00:00 = +1.38050864E-03 : FWB EB-04:9D3B7EA4:00:?? = -2.88790311E-38
A695 : ROL A          : A=B2 X=06 Y=0E SP=?? N=1 V=0 D=0 I=0 Z=0 C=0 : FWA 5D-77:B4F22EEA:00:00 = +1.38050864E-03 : FWB EB-04:9D3B7EA4:00:?? = -2.88790311E-38
A696 : DEX            : A=B2 X=05 Y=0E SP=?? N=0 V=0 D=0 I=0 Z=0 C=0 : FWA 5D-77:B4F22EEA:00:00 = +1.38050864E-03 : FWB EB-04:9D3B7EA4:00:?? = -2.88790311E-38
A697 : BNE A65E       : A=B2 X=05 Y=0E SP=?? N=0 V=0 D=0 I=0 Z=0 C=0 : FWA 5D-77:B4F22EEA:00:00 = +1.38050864E-03 : FWB EB-04:9D3B7EA4:00:?? = -2.88790311E-38
A65E : BCS A676       : A=B2 X=05 Y=0E SP=?? N=0 V=0 D=0 I=0 Z=0 C=0 : FWA 5D-77:B4F22EEA:00:00 = +1.38050864E-03 : FWB EB-04:9D3B7EA4:00:?? = -2.88790311E-38
A660 : CMP 31         : A=B2 X=05 Y=0E SP=?? N=1 V=0 D=0 I=0 Z=0 C=0 : FWA 5D-77:B4F22EEA:00:00 = +1.38050864E-03 : FWB EB-04:9D3B7EA4:00:?? = -2.88790311E-38
A662 : BNE A674       : A=B2 X=05 Y=0E SP=?? N=1 V=0 D=0 I=0 Z=0 C=0 : FWA 5D-77:B4F22EEA:00:00 = +1.38050864E-03 : FWB EB-04:9D3B7EA4:00:?? = -2.88790311E-38
A674 : BCC A68D       : A=B2 X=05 Y=0E SP=?? N=1 V=0 D=0 I=0 Z=0 C=0 : FWA 5D-77:B4F22EEA:00:00 = +1.38050864E-03 : FWB EB-04:9D3B7EA4:00:?? = -2.88790311E-38
A68D : ROL 3B         : A=B2 X=05 Y=0E SP=?? N=1 V=0 D=0 I=0 Z=0 C=1 : FWA 5D-77:B4F22EEA:00:00 = +1.38050864E-03 : FWB D6-04:9D3B7EA4:00:?? = -2.88790311E-38
A68F : ASL 40         : A=B2 X=05 Y=0E SP=?? N=0 V=0 D=0 I=0 Z=0 C=1 : FWA 5D-77:B4F22EEA:00:00 = +1.38050864E-03 : FWB D6-04:9D3B7E48:00:?? = -2.88790301E-38
A691 : ROL 3F         : A=B2 X=05 Y=0E SP=?? N=1 V=0 D=0 I=0 Z=0 C=0 : FWA 5D-77:B4F22EEA:00:00 = +1.38050864E-03 : FWB D6-04:9D3BFD48:00:?? = -2.88793861E-38
A693 : ROL 3E         : A=B2 X=05 Y=0E SP=?? N=0 V=0 D=0 I=0 Z=0 C=0 : FWA 5D-77:B4F22EEA:00:00 = +1.38050864E-03 : FWB D6-04:9D76FD48:00:?? = -2.89217165E-38
A695 : ROL A          : A=64 X=05 Y=0E SP=?? N=0 V=0 D=0 I=0 Z=0 C=1 : FWA 5D-77:B4F22EEA:00:00 = +1.38050864E-03 : FWB D6-04:9D76FD48:00:?? = -2.89217165E-38
A696 : DEX            : A=64 X=04 Y=0E SP=?? N=0 V=0 D=0 I=0 Z=0 C=1 : FWA 5D-77:B4F22EEA:00:00 = +1.38050864E-03 : FWB D6-04:9D76FD48:00:?? = -2.89217165E-38
A697 : BNE A65E       : A=64 X=04 Y=0E SP=?? N=0 V=0 D=0 I=0 Z=0 C=1 : FWA 5D-77:B4F22EEA:00:00 = +1.38050864E-03 : FWB D6-04:9D76FD48:00:?? = -2.89217165E-38
A65E : BCS A676       : A=64 X=04 Y=0E SP=?? N=0 V=0 D=0 I=0 Z=0 C=1 : FWA 5D-77:B4F22EEA:00:00 = +1.38050864E-03 : FWB D6-04:9D76FD48:00:?? = -2.89217165E-38
A676 : TAY            : A=64 X=04 Y=64 SP=?? N=0 V=0 D=0 I=0 Z=0 C=1 : FWA 5D-77:B4F22EEA:00:00 = +1.38050864E-03 : FWB D6-04:9D76FD48:00:?? = -2.89217165E-38
A677 : LDA 40         : A=48 X=04 Y=64 SP=?? N=0 V=0 D=0 I=0 Z=0 C=1 : FWA 5D-77:B4F22EEA:00:00 = +1.38050864E-03 : FWB D6-04:9D76FD48:00:?? = -2.89217165E-38
A679 : SBC 34         : A=5E X=04 Y=64 SP=?? N=0 V=0 D=0 I=0 Z=0 C=0 : FWA 5D-77:B4F22EEA:00:00 = +1.38050864E-03 : FWB D6-04:9D76FD48:00:?? = -2.89217165E-38
A67B : STA 40         : A=5E X=04 Y=64 SP=?? N=0 V=0 D=0 I=0 Z=0 C=0 : FWA 5D-77:B4F22EEA:00:00 = +1.38050864E-03 : FWB D6-04:9D76FD5E:00:?? = -2.89217167E-38
A67D : LDA 3F         : A=FD X=04 Y=64 SP=?? N=1 V=0 D=0 I=0 Z=0 C=0 : FWA 5D-77:B4F22EEA:00:00 = +1.38050864E-03 : FWB D6-04:9D76FD5E:00:?? = -2.89217167E-38
A67F : SBC 33         : A=CE X=04 Y=64 SP=?? N=1 V=0 D=0 I=0 Z=0 C=1 : FWA 5D-77:B4F22EEA:00:00 = +1.38050864E-03 : FWB D6-04:9D76FD5E:00:?? = -2.89217167E-38
A681 : STA 3F         : A=CE X=04 Y=64 SP=?? N=1 V=0 D=0 I=0 Z=0 C=1 : FWA 5D-77:B4F22EEA:00:00 = +1.38050864E-03 : FWB D6-04:9D76CE5E:00:?? = -2.89215850E-38
A683 : LDA 3E         : A=76 X=04 Y=64 SP=?? N=0 V=0 D=0 I=0 Z=0 C=1 : FWA 5D-77:B4F22EEA:00:00 = +1.38050864E-03 : FWB D6-04:9D76CE5E:00:?? = -2.89215850E-38
A685 : SBC 32         : A=84 X=04 Y=64 SP=?? N=1 V=1 D=0 I=0 Z=0 C=0 : FWA 5D-77:B4F22EEA:00:00 = +1.38050864E-03 : FWB D6-04:9D76CE5E:00:?? = -2.89215850E-38
A687 : STA 3E         : A=84 X=04 Y=64 SP=?? N=1 V=1 D=0 I=0 Z=0 C=0 : FWA 5D-77:B4F22EEA:00:00 = +1.38050864E-03 : FWB D6-04:9D84CE5E:00:?? = -2.89316295E-38
A689 : TYA            : A=64 X=04 Y=64 SP=?? N=0 V=1 D=0 I=0 Z=0 C=0 : FWA 5D-77:B4F22EEA:00:00 = +1.38050864E-03 : FWB D6-04:9D84CE5E:00:?? = -2.89316295E-38
A68A : SBC 31         : A=AF X=04 Y=64 SP=?? N=1 V=1 D=0 I=0 Z=0 C=0 : FWA 5D-77:B4F22EEA:00:00 = +1.38050864E-03 : FWB D6-04:9D84CE5E:00:?? = -2.89316295E-38
A68C : SEC            : A=AF X=04 Y=64 SP=?? N=1 V=1 D=0 I=0 Z=0 C=1 : FWA 5D-77:B4F22EEA:00:00 = +1.38050864E-03 : FWB D6-04:9D84CE5E:00:?? = -2.89316295E-38
A68D : ROL 3B         : A=AF X=04 Y=64 SP=?? N=1 V=1 D=0 I=0 Z=0 C=1 : FWA 5D-77:B4F22EEA:00:00 = +1.38050864E-03 : FWB AD-04:9D84CE5E:00:?? = -2.89316295E-38
A68F : ASL 40         : A=AF X=04 Y=64 SP=?? N=1 V=1 D=0 I=0 Z=0 C=0 : FWA 5D-77:B4F22EEA:00:00 = +1.38050864E-03 : FWB AD-04:9D84CEBC:00:?? = -2.89316305E-38
A691 : ROL 3F         : A=AF X=04 Y=64 SP=?? N=1 V=1 D=0 I=0 Z=0 C=1 : FWA 5D-77:B4F22EEA:00:00 = +1.38050864E-03 : FWB AD-04:9D849CBC:00:?? = -2.89314904E-38
A693 : ROL 3E         : A=AF X=04 Y=64 SP=?? N=0 V=1 D=0 I=0 Z=0 C=1 : FWA 5D-77:B4F22EEA:00:00 = +1.38050864E-03 : FWB AD-04:9D099CBC:00:?? = -2.88432422E-38
A695 : ROL A          : A=5F X=04 Y=64 SP=?? N=0 V=1 D=0 I=0 Z=0 C=1 : FWA 5D-77:B4F22EEA:00:00 = +1.38050864E-03 : FWB AD-04:9D099CBC:00:?? = -2.88432422E-38
A696 : DEX            : A=5F X=03 Y=64 SP=?? N=0 V=1 D=0 I=0 Z=0 C=1 : FWA 5D-77:B4F22EEA:00:00 = +1.38050864E-03 : FWB AD-04:9D099CBC:00:?? = -2.88432422E-38
A697 : BNE A65E       : A=5F X=03 Y=64 SP=?? N=0 V=1 D=0 I=0 Z=0 C=1 : FWA 5D-77:B4F22EEA:00:00 = +1.38050864E-03 : FWB AD-04:9D099CBC:00:?? = -2.88432422E-38
A65E : BCS A676       : A=5F X=03 Y=64 SP=?? N=0 V=1 D=0 I=0 Z=0 C=1 : FWA 5D-77:B4F22EEA:00:00 = +1.38050864E-03 : FWB AD-04:9D099CBC:00:?? = -2.88432422E-38
A676 : TAY            : A=5F X=03 Y=5F SP=?? N=0 V=1 D=0 I=0 Z=0 C=1 : FWA 5D-77:B4F22EEA:00:00 = +1.38050864E-03 : FWB AD-04:9D099CBC:00:?? = -2.88432422E-38
A677 : LDA 40         : A=BC X=03 Y=5F SP=?? N=1 V=1 D=0 I=0 Z=0 C=1 : FWA 5D-77:B4F22EEA:00:00 = +1.38050864E-03 : FWB AD-04:9D099CBC:00:?? = -2.88432422E-38
A679 : SBC 34         : A=D2 X=03 Y=5F SP=?? N=1 V=0 D=0 I=0 Z=0 C=0 : FWA 5D-77:B4F22EEA:00:00 = +1.38050864E-03 : FWB AD-04:9D099CBC:00:?? = -2.88432422E-38
A67B : STA 40         : A=D2 X=03 Y=5F SP=?? N=1 V=0 D=0 I=0 Z=0 C=0 : FWA 5D-77:B4F22EEA:00:00 = +1.38050864E-03 : FWB AD-04:9D099CD2:00:?? = -2.88432425E-38
A67D : LDA 3F         : A=9C X=03 Y=5F SP=?? N=1 V=0 D=0 I=0 Z=0 C=0 : FWA 5D-77:B4F22EEA:00:00 = +1.38050864E-03 : FWB AD-04:9D099CD2:00:?? = -2.88432425E-38
A67F : SBC 33         : A=6D X=03 Y=5F SP=?? N=0 V=1 D=0 I=0 Z=0 C=1 : FWA 5D-77:B4F22EEA:00:00 = +1.38050864E-03 : FWB AD-04:9D099CD2:00:?? = -2.88432425E-38
A681 : STA 3F         : A=6D X=03 Y=5F SP=?? N=0 V=1 D=0 I=0 Z=0 C=1 : FWA 5D-77:B4F22EEA:00:00 = +1.38050864E-03 : FWB AD-04:9D096DD2:00:?? = -2.88431108E-38
A683 : LDA 3E         : A=09 X=03 Y=5F SP=?? N=0 V=1 D=0 I=0 Z=0 C=1 : FWA 5D-77:B4F22EEA:00:00 = +1.38050864E-03 : FWB AD-04:9D096DD2:00:?? = -2.88431108E-38
A685 : SBC 32         : A=17 X=03 Y=5F SP=?? N=0 V=0 D=0 I=0 Z=0 C=0 : FWA 5D-77:B4F22EEA:00:00 = +1.38050864E-03 : FWB AD-04:9D096DD2:00:?? = -2.88431108E-38
A687 : STA 3E         : A=17 X=03 Y=5F SP=?? N=0 V=0 D=0 I=0 Z=0 C=0 : FWA 5D-77:B4F22EEA:00:00 = +1.38050864E-03 : FWB AD-04:9D176DD2:00:?? = -2.88531553E-38
A689 : TYA            : A=5F X=03 Y=5F SP=?? N=0 V=0 D=0 I=0 Z=0 C=0 : FWA 5D-77:B4F22EEA:00:00 = +1.38050864E-03 : FWB AD-04:9D176DD2:00:?? = -2.88531553E-38
A68A : SBC 31         : A=AA X=03 Y=5F SP=?? N=1 V=1 D=0 I=0 Z=0 C=0 : FWA 5D-77:B4F22EEA:00:00 = +1.38050864E-03 : FWB AD-04:9D176DD2:00:?? = -2.88531553E-38
A68C : SEC            : A=AA X=03 Y=5F SP=?? N=1 V=1 D=0 I=0 Z=0 C=1 : FWA 5D-77:B4F22EEA:00:00 = +1.38050864E-03 : FWB AD-04:9D176DD2:00:?? = -2.88531553E-38
A68D : ROL 3B         : A=AA X=03 Y=5F SP=?? N=0 V=1 D=0 I=0 Z=0 C=1 : FWA 5D-77:B4F22EEA:00:00 = +1.38050864E-03 : FWB 5B-04:9D176DD2:00:?? = +2.88531553E-38
A68F : ASL 40         : A=AA X=03 Y=5F SP=?? N=1 V=1 D=0 I=0 Z=0 C=1 : FWA 5D-77:B4F22EEA:00:00 = +1.38050864E-03 : FWB 5B-04:9D176DA4:00:?? = +2.88531548E-38
A691 : ROL 3F         : A=AA X=03 Y=5F SP=?? N=1 V=1 D=0 I=0 Z=0 C=0 : FWA 5D-77:B4F22EEA:00:00 = +1.38050864E-03 : FWB 5B-04:9D17DBA4:00:?? = +2.88534630E-38
A693 : ROL 3E         : A=AA X=03 Y=5F SP=?? N=0 V=1 D=0 I=0 Z=0 C=0 : FWA 5D-77:B4F22EEA:00:00 = +1.38050864E-03 : FWB 5B-04:9D2EDBA4:00:?? = +2.88699647E-38
A695 : ROL A          : A=54 X=03 Y=5F SP=?? N=0 V=1 D=0 I=0 Z=0 C=1 : FWA 5D-77:B4F22EEA:00:00 = +1.38050864E-03 : FWB 5B-04:9D2EDBA4:00:?? = +2.88699647E-38
A696 : DEX            : A=54 X=02 Y=5F SP=?? N=0 V=1 D=0 I=0 Z=0 C=1 : FWA 5D-77:B4F22EEA:00:00 = +1.38050864E-03 : FWB 5B-04:9D2EDBA4:00:?? = +2.88699647E-38
A697 : BNE A65E       : A=54 X=02 Y=5F SP=?? N=0 V=1 D=0 I=0 Z=0 C=1 : FWA 5D-77:B4F22EEA:00:00 = +1.38050864E-03 : FWB 5B-04:9D2EDBA4:00:?? = +2.88699647E-38
A65E : BCS A676       : A=54 X=02 Y=5F SP=?? N=0 V=1 D=0 I=0 Z=0 C=1 : FWA 5D-77:B4F22EEA:00:00 = +1.38050864E-03 : FWB 5B-04:9D2EDBA4:00:?? = +2.88699647E-38
A676 : TAY            : A=54 X=02 Y=54 SP=?? N=0 V=1 D=0 I=0 Z=0 C=1 : FWA 5D-77:B4F22EEA:00:00 = +1.38050864E-03 : FWB 5B-04:9D2EDBA4:00:?? = +2.88699647E-38
A677 : LDA 40         : A=A4 X=02 Y=54 SP=?? N=1 V=1 D=0 I=0 Z=0 C=1 : FWA 5D-77:B4F22EEA:00:00 = +1.38050864E-03 : FWB 5B-04:9D2EDBA4:00:?? = +2.88699647E-38
A679 : SBC 34         : A=BA X=02 Y=54 SP=?? N=1 V=0 D=0 I=0 Z=0 C=0 : FWA 5D-77:B4F22EEA:00:00 = +1.38050864E-03 : FWB 5B-04:9D2EDBA4:00:?? = +2.88699647E-38
A67B : STA 40         : A=BA X=02 Y=54 SP=?? N=1 V=0 D=0 I=0 Z=0 C=0 : FWA 5D-77:B4F22EEA:00:00 = +1.38050864E-03 : FWB 5B-04:9D2EDBBA:00:?? = +2.88699650E-38
A67D : LDA 3F         : A=DB X=02 Y=54 SP=?? N=1 V=0 D=0 I=0 Z=0 C=0 : FWA 5D-77:B4F22EEA:00:00 = +1.38050864E-03 : FWB 5B-04:9D2EDBBA:00:?? = +2.88699650E-38
A67F : SBC 33         : A=AC X=02 Y=54 SP=?? N=1 V=0 D=0 I=0 Z=0 C=1 : FWA 5D-77:B4F22EEA:00:00 = +1.38050864E-03 : FWB 5B-04:9D2EDBBA:00:?? = +2.88699650E-38
A681 : STA 3F         : A=AC X=02 Y=54 SP=?? N=1 V=0 D=0 I=0 Z=0 C=1 : FWA 5D-77:B4F22EEA:00:00 = +1.38050864E-03 : FWB 5B-04:9D2EACBA:00:?? = +2.88698333E-38
A683 : LDA 3E         : A=2E X=02 Y=54 SP=?? N=0 V=0 D=0 I=0 Z=0 C=1 : FWA 5D-77:B4F22EEA:00:00 = +1.38050864E-03 : FWB 5B-04:9D2EACBA:00:?? = +2.88698333E-38
A685 : SBC 32         : A=3C X=02 Y=54 SP=?? N=0 V=0 D=0 I=0 Z=0 C=0 : FWA 5D-77:B4F22EEA:00:00 = +1.38050864E-03 : FWB 5B-04:9D2EACBA:00:?? = +2.88698333E-38
A687 : STA 3E         : A=3C X=02 Y=54 SP=?? N=0 V=0 D=0 I=0 Z=0 C=0 : FWA 5D-77:B4F22EEA:00:00 = +1.38050864E-03 : FWB 5B-04:9D3CACBA:00:?? = +2.88798778E-38
A689 : TYA            : A=54 X=02 Y=54 SP=?? N=0 V=0 D=0 I=0 Z=0 C=0 : FWA 5D-77:B4F22EEA:00:00 = +1.38050864E-03 : FWB 5B-04:9D3CACBA:00:?? = +2.88798778E-38
A68A : SBC 31         : A=9F X=02 Y=54 SP=?? N=1 V=1 D=0 I=0 Z=0 C=0 : FWA 5D-77:B4F22EEA:00:00 = +1.38050864E-03 : FWB 5B-04:9D3CACBA:00:?? = +2.88798778E-38
A68C : SEC            : A=9F X=02 Y=54 SP=?? N=1 V=1 D=0 I=0 Z=0 C=1 : FWA 5D-77:B4F22EEA:00:00 = +1.38050864E-03 : FWB 5B-04:9D3CACBA:00:?? = +2.88798778E-38
A68D : ROL 3B         : A=9F X=02 Y=54 SP=?? N=1 V=1 D=0 I=0 Z=0 C=0 : FWA 5D-77:B4F22EEA:00:00 = +1.38050864E-03 : FWB B7-04:9D3CACBA:00:?? = -2.88798778E-38
A68F : ASL 40         : A=9F X=02 Y=54 SP=?? N=0 V=1 D=0 I=0 Z=0 C=1 : FWA 5D-77:B4F22EEA:00:00 = +1.38050864E-03 : FWB B7-04:9D3CAC74:00:?? = -2.88798770E-38
A691 : ROL 3F         : A=9F X=02 Y=54 SP=?? N=0 V=1 D=0 I=0 Z=0 C=1 : FWA 5D-77:B4F22EEA:00:00 = +1.38050864E-03 : FWB B7-04:9D3C5974:00:?? = -2.88796444E-38
A693 : ROL 3E         : A=9F X=02 Y=54 SP=?? N=0 V=1 D=0 I=0 Z=0 C=0 : FWA 5D-77:B4F22EEA:00:00 = +1.38050864E-03 : FWB B7-04:9D795974:00:?? = -2.89234097E-38
A695 : ROL A          : A=3E X=02 Y=54 SP=?? N=0 V=1 D=0 I=0 Z=0 C=1 : FWA 5D-77:B4F22EEA:00:00 = +1.38050864E-03 : FWB B7-04:9D795974:00:?? = -2.89234097E-38
A696 : DEX            : A=3E X=01 Y=54 SP=?? N=0 V=1 D=0 I=0 Z=0 C=1 : FWA 5D-77:B4F22EEA:00:00 = +1.38050864E-03 : FWB B7-04:9D795974:00:?? = -2.89234097E-38
A697 : BNE A65E       : A=3E X=01 Y=54 SP=?? N=0 V=1 D=0 I=0 Z=0 C=1 : FWA 5D-77:B4F22EEA:00:00 = +1.38050864E-03 : FWB B7-04:9D795974:00:?? = -2.89234097E-38
A65E : BCS A676       : A=3E X=01 Y=54 SP=?? N=0 V=1 D=0 I=0 Z=0 C=1 : FWA 5D-77:B4F22EEA:00:00 = +1.38050864E-03 : FWB B7-04:9D795974:00:?? = -2.89234097E-38
A676 : TAY            : A=3E X=01 Y=3E SP=?? N=0 V=1 D=0 I=0 Z=0 C=1 : FWA 5D-77:B4F22EEA:00:00 = +1.38050864E-03 : FWB B7-04:9D795974:00:?? = -2.89234097E-38
A677 : LDA 40         : A=74 X=01 Y=3E SP=?? N=0 V=1 D=0 I=0 Z=0 C=1 : FWA 5D-77:B4F22EEA:00:00 = +1.38050864E-03 : FWB B7-04:9D795974:00:?? = -2.89234097E-38
A679 : SBC 34         : A=8A X=01 Y=3E SP=?? N=1 V=1 D=0 I=0 Z=0 C=0 : FWA 5D-77:B4F22EEA:00:00 = +1.38050864E-03 : FWB B7-04:9D795974:00:?? = -2.89234097E-38
A67B : STA 40         : A=8A X=01 Y=3E SP=?? N=1 V=1 D=0 I=0 Z=0 C=0 : FWA 5D-77:B4F22EEA:00:00 = +1.38050864E-03 : FWB B7-04:9D79598A:00:?? = -2.89234100E-38
A67D : LDA 3F         : A=59 X=01 Y=3E SP=?? N=0 V=1 D=0 I=0 Z=0 C=0 : FWA 5D-77:B4F22EEA:00:00 = +1.38050864E-03 : FWB B7-04:9D79598A:00:?? = -2.89234100E-38
A67F : SBC 33         : A=2A X=01 Y=3E SP=?? N=0 V=0 D=0 I=0 Z=0 C=1 : FWA 5D-77:B4F22EEA:00:00 = +1.38050864E-03 : FWB B7-04:9D79598A:00:?? = -2.89234100E-38
A681 : STA 3F         : A=2A X=01 Y=3E SP=?? N=0 V=0 D=0 I=0 Z=0 C=1 : FWA 5D-77:B4F22EEA:00:00 = +1.38050864E-03 : FWB B7-04:9D792A8A:00:?? = -2.89232783E-38
A683 : LDA 3E         : A=79 X=01 Y=3E SP=?? N=0 V=0 D=0 I=0 Z=0 C=1 : FWA 5D-77:B4F22EEA:00:00 = +1.38050864E-03 : FWB B7-04:9D792A8A:00:?? = -2.89232783E-38
A685 : SBC 32         : A=87 X=01 Y=3E SP=?? N=1 V=1 D=0 I=0 Z=0 C=0 : FWA 5D-77:B4F22EEA:00:00 = +1.38050864E-03 : FWB B7-04:9D792A8A:00:?? = -2.89232783E-38
A687 : STA 3E         : A=87 X=01 Y=3E SP=?? N=1 V=1 D=0 I=0 Z=0 C=0 : FWA 5D-77:B4F22EEA:00:00 = +1.38050864E-03 : FWB B7-04:9D872A8A:00:?? = -2.89333228E-38
A689 : TYA            : A=3E X=01 Y=3E SP=?? N=0 V=1 D=0 I=0 Z=0 C=0 : FWA 5D-77:B4F22EEA:00:00 = +1.38050864E-03 : FWB B7-04:9D872A8A:00:?? = -2.89333228E-38
A68A : SBC 31         : A=89 X=01 Y=3E SP=?? N=1 V=1 D=0 I=0 Z=0 C=0 : FWA 5D-77:B4F22EEA:00:00 = +1.38050864E-03 : FWB B7-04:9D872A8A:00:?? = -2.89333228E-38
A68C : SEC            : A=89 X=01 Y=3E SP=?? N=1 V=1 D=0 I=0 Z=0 C=1 : FWA 5D-77:B4F22EEA:00:00 = +1.38050864E-03 : FWB B7-04:9D872A8A:00:?? = -2.89333228E-38
A68D : ROL 3B         : A=89 X=01 Y=3E SP=?? N=0 V=1 D=0 I=0 Z=0 C=1 : FWA 5D-77:B4F22EEA:00:00 = +1.38050864E-03 : FWB 6F-04:9D872A8A:00:?? = +2.89333228E-38
A68F : ASL 40         : A=89 X=01 Y=3E SP=?? N=0 V=1 D=0 I=0 Z=0 C=1 : FWA 5D-77:B4F22EEA:00:00 = +1.38050864E-03 : FWB 6F-04:9D872A14:00:?? = +2.89333215E-38
A691 : ROL 3F         : A=89 X=01 Y=3E SP=?? N=0 V=1 D=0 I=0 Z=0 C=0 : FWA 5D-77:B4F22EEA:00:00 = +1.38050864E-03 : FWB 6F-04:9D875514:00:?? = +2.89334420E-38
A693 : ROL 3E         : A=89 X=01 Y=3E SP=?? N=0 V=1 D=0 I=0 Z=0 C=1 : FWA 5D-77:B4F22EEA:00:00 = +1.38050864E-03 : FWB 6F-04:9D0E5514:00:?? = +2.88466287E-38
A695 : ROL A          : A=13 X=01 Y=3E SP=?? N=0 V=1 D=0 I=0 Z=0 C=1 : FWA 5D-77:B4F22EEA:00:00 = +1.38050864E-03 : FWB 6F-04:9D0E5514:00:?? = +2.88466287E-38
A696 : DEX            : A=13 X=00 Y=3E SP=?? N=0 V=1 D=0 I=0 Z=1 C=1 : FWA 5D-77:B4F22EEA:00:00 = +1.38050864E-03 : FWB 6F-04:9D0E5514:00:?? = +2.88466287E-38
A697 : BNE A65E       : A=13 X=00 Y=3E SP=?? N=0 V=1 D=0 I=0 Z=1 C=1 : FWA 5D-77:B4F22EEA:00:00 = +1.38050864E-03 : FWB 6F-04:9D0E5514:00:?? = +2.88466287E-38
A699 : LDX 3B         : A=13 X=6F Y=3E SP=?? N=0 V=1 D=0 I=0 Z=0 C=1 : FWA 5D-77:B4F22EEA:00:00 = +1.38050864E-03 : FWB 6F-04:9D0E5514:00:?? = +2.88466287E-38
A69B : PHX            : A=13 X=6F Y=3E SP=?? N=0 V=1 D=0 I=0 Z=0 C=1 : FWA 5D-77:B4F22EEA:00:00 = +1.38050864E-03 : FWB 6F-04:9D0E5514:00:?? = +2.88466287E-38
A69C : DEC 3C         : A=13 X=6F Y=3E SP=?? N=0 V=1 D=0 I=0 Z=0 C=1 : FWA 5D-77:B4F22EEA:00:00 = +1.38050864E-03 : FWB 6F-03:9D0E5514:00:?? = +1.44233144E-38
A69E : BNE A65C       : A=13 X=6F Y=3E SP=?? N=0 V=1 D=0 I=0 Z=0 C=1 : FWA 5D-77:B4F22EEA:00:00 = +1.38050864E-03 : FWB 6F-03:9D0E5514:00:?? = +1.44233144E-38
A65C : LDX #08        : A=13 X=08 Y=3E SP=?? N=0 V=1 D=0 I=0 Z=0 C=1 : FWA 5D-77:B4F22EEA:00:00 = +1.38050864E-03 : FWB 6F-03:9D0E5514:00:?? = +1.44233144E-38
A65E : BCS A676       : A=13 X=08 Y=3E SP=?? N=0 V=1 D=0 I=0 Z=0 C=1 : FWA 5D-77:B4F22EEA:00:00 = +1.38050864E-03 : FWB 6F-03:9D0E5514:00:?? = +1.44233144E-38
A676 : TAY            : A=13 X=08 Y=13 SP=?? N=0 V=1 D=0 I=0 Z=0 C=1 : FWA 5D-77:B4F22EEA:00:00 = +1.38050864E-03 : FWB 6F-03:9D0E5514:00:?? = +1.44233144E-38
A677 : LDA 40         : A=14 X=08 Y=13 SP=?? N=0 V=1 D=0 I=0 Z=0 C=1 : FWA 5D-77:B4F22EEA:00:00 = +1.38050864E-03 : FWB 6F-03:9D0E5514:00:?? = +1.44233144E-38
A679 : SBC 34         : A=2A X=08 Y=13 SP=?? N=0 V=0 D=0 I=0 Z=0 C=0 : FWA 5D-77:B4F22EEA:00:00 = +1.38050864E-03 : FWB 6F-03:9D0E5514:00:?? = +1.44233144E-38
A67B : STA 40         : A=2A X=08 Y=13 SP=?? N=0 V=0 D=0 I=0 Z=0 C=0 : FWA 5D-77:B4F22EEA:00:00 = +1.38050864E-03 : FWB 6F-03:9D0E552A:00:?? = +1.44233145E-38
A67D : LDA 3F         : A=55 X=08 Y=13 SP=?? N=0 V=0 D=0 I=0 Z=0 C=0 : FWA 5D-77:B4F22EEA:00:00 = +1.38050864E-03 : FWB 6F-03:9D0E552A:00:?? = +1.44233145E-38
A67F : SBC 33         : A=26 X=08 Y=13 SP=?? N=0 V=0 D=0 I=0 Z=0 C=1 : FWA 5D-77:B4F22EEA:00:00 = +1.38050864E-03 : FWB 6F-03:9D0E552A:00:?? = +1.44233145E-38
A681 : STA 3F         : A=26 X=08 Y=13 SP=?? N=0 V=0 D=0 I=0 Z=0 C=1 : FWA 5D-77:B4F22EEA:00:00 = +1.38050864E-03 : FWB 6F-03:9D0E262A:00:?? = +1.44232486E-38
A683 : LDA 3E         : A=0E X=08 Y=13 SP=?? N=0 V=0 D=0 I=0 Z=0 C=1 : FWA 5D-77:B4F22EEA:00:00 = +1.38050864E-03 : FWB 6F-03:9D0E262A:00:?? = +1.44232486E-38
A685 : SBC 32         : A=1C X=08 Y=13 SP=?? N=0 V=0 D=0 I=0 Z=0 C=0 : FWA 5D-77:B4F22EEA:00:00 = +1.38050864E-03 : FWB 6F-03:9D0E262A:00:?? = +1.44232486E-38
A687 : STA 3E         : A=1C X=08 Y=13 SP=?? N=0 V=0 D=0 I=0 Z=0 C=0 : FWA 5D-77:B4F22EEA:00:00 = +1.38050864E-03 : FWB 6F-03:9D1C262A:00:?? = +1.44282709E-38
A689 : TYA            : A=13 X=08 Y=13 SP=?? N=0 V=0 D=0 I=0 Z=0 C=0 : FWA 5D-77:B4F22EEA:00:00 = +1.38050864E-03 : FWB 6F-03:9D1C262A:00:?? = +1.44282709E-38
A68A : SBC 31         : A=5E X=08 Y=13 SP=?? N=0 V=0 D=0 I=0 Z=0 C=0 : FWA 5D-77:B4F22EEA:00:00 = +1.38050864E-03 : FWB 6F-03:9D1C262A:00:?? = +1.44282709E-38
A68C : SEC            : A=5E X=08 Y=13 SP=?? N=0 V=0 D=0 I=0 Z=0 C=1 : FWA 5D-77:B4F22EEA:00:00 = +1.38050864E-03 : FWB 6F-03:9D1C262A:00:?? = +1.44282709E-38
A68D : ROL 3B         : A=5E X=08 Y=13 SP=?? N=1 V=0 D=0 I=0 Z=0 C=0 : FWA 5D-77:B4F22EEA:00:00 = +1.38050864E-03 : FWB DF-03:9D1C262A:00:?? = -1.44282709E-38
A68F : ASL 40         : A=5E X=08 Y=13 SP=?? N=0 V=0 D=0 I=0 Z=0 C=0 : FWA 5D-77:B4F22EEA:00:00 = +1.38050864E-03 : FWB DF-03:9D1C2654:00:?? = -1.44282711E-38
A691 : ROL 3F         : A=5E X=08 Y=13 SP=?? N=0 V=0 D=0 I=0 Z=0 C=0 : FWA 5D-77:B4F22EEA:00:00 = +1.38050864E-03 : FWB DF-03:9D1C4C54:00:?? = -1.44283244E-38
A693 : ROL 3E         : A=5E X=08 Y=13 SP=?? N=0 V=0 D=0 I=0 Z=0 C=0 : FWA 5D-77:B4F22EEA:00:00 = +1.38050864E-03 : FWB DF-03:9D384C54:00:?? = -1.44383689E-38
A695 : ROL A          : A=BC X=08 Y=13 SP=?? N=1 V=0 D=0 I=0 Z=0 C=0 : FWA 5D-77:B4F22EEA:00:00 = +1.38050864E-03 : FWB DF-03:9D384C54:00:?? = -1.44383689E-38
A696 : DEX            : A=BC X=07 Y=13 SP=?? N=0 V=0 D=0 I=0 Z=0 C=0 : FWA 5D-77:B4F22EEA:00:00 = +1.38050864E-03 : FWB DF-03:9D384C54:00:?? = -1.44383689E-38
A697 : BNE A65E       : A=BC X=07 Y=13 SP=?? N=0 V=0 D=0 I=0 Z=0 C=0 : FWA 5D-77:B4F22EEA:00:00 = +1.38050864E-03 : FWB DF-03:9D384C54:00:?? = -1.44383689E-38
A65E : BCS A676       : A=BC X=07 Y=13 SP=?? N=0 V=0 D=0 I=0 Z=0 C=0 : FWA 5D-77:B4F22EEA:00:00 = +1.38050864E-03 : FWB DF-03:9D384C54:00:?? = -1.44383689E-38
A660 : CMP 31         : A=BC X=07 Y=13 SP=?? N=0 V=0 D=0 I=0 Z=0 C=1 : FWA 5D-77:B4F22EEA:00:00 = +1.38050864E-03 : FWB DF-03:9D384C54:00:?? = -1.44383689E-38
A662 : BNE A674       : A=BC X=07 Y=13 SP=?? N=0 V=0 D=0 I=0 Z=0 C=1 : FWA 5D-77:B4F22EEA:00:00 = +1.38050864E-03 : FWB DF-03:9D384C54:00:?? = -1.44383689E-38
A674 : BCC A68D       : A=BC X=07 Y=13 SP=?? N=0 V=0 D=0 I=0 Z=0 C=1 : FWA 5D-77:B4F22EEA:00:00 = +1.38050864E-03 : FWB DF-03:9D384C54:00:?? = -1.44383689E-38
A676 : TAY            : A=BC X=07 Y=BC SP=?? N=1 V=0 D=0 I=0 Z=0 C=1 : FWA 5D-77:B4F22EEA:00:00 = +1.38050864E-03 : FWB DF-03:9D384C54:00:?? = -1.44383689E-38
A677 : LDA 40         : A=54 X=07 Y=BC SP=?? N=0 V=0 D=0 I=0 Z=0 C=1 : FWA 5D-77:B4F22EEA:00:00 = +1.38050864E-03 : FWB DF-03:9D384C54:00:?? = -1.44383689E-38
A679 : SBC 34         : A=6A X=07 Y=BC SP=?? N=0 V=0 D=0 I=0 Z=0 C=0 : FWA 5D-77:B4F22EEA:00:00 = +1.38050864E-03 : FWB DF-03:9D384C54:00:?? = -1.44383689E-38
A67B : STA 40         : A=6A X=07 Y=BC SP=?? N=0 V=0 D=0 I=0 Z=0 C=0 : FWA 5D-77:B4F22EEA:00:00 = +1.38050864E-03 : FWB DF-03:9D384C6A:00:?? = -1.44383690E-38
A67D : LDA 3F         : A=4C X=07 Y=BC SP=?? N=0 V=0 D=0 I=0 Z=0 C=0 : FWA 5D-77:B4F22EEA:00:00 = +1.38050864E-03 : FWB DF-03:9D384C6A:00:?? = -1.44383690E-38
A67F : SBC 33         : A=1D X=07 Y=BC SP=?? N=0 V=0 D=0 I=0 Z=0 C=1 : FWA 5D-77:B4F22EEA:00:00 = +1.38050864E-03 : FWB DF-03:9D384C6A:00:?? = -1.44383690E-38
A681 : STA 3F         : A=1D X=07 Y=BC SP=?? N=0 V=0 D=0 I=0 Z=0 C=1 : FWA 5D-77:B4F22EEA:00:00 = +1.38050864E-03 : FWB DF-03:9D381D6A:00:?? = -1.44383031E-38
A683 : LDA 3E         : A=38 X=07 Y=BC SP=?? N=0 V=0 D=0 I=0 Z=0 C=1 : FWA 5D-77:B4F22EEA:00:00 = +1.38050864E-03 : FWB DF-03:9D381D6A:00:?? = -1.44383031E-38
A685 : SBC 32         : A=46 X=07 Y=BC SP=?? N=0 V=0 D=0 I=0 Z=0 C=0 : FWA 5D-77:B4F22EEA:00:00 = +1.38050864E-03 : FWB DF-03:9D381D6A:00:?? = -1.44383031E-38
A687 : STA 3E         : A=46 X=07 Y=BC SP=?? N=0 V=0 D=0 I=0 Z=0 C=0 : FWA 5D-77:B4F22EEA:00:00 = +1.38050864E-03 : FWB DF-03:9D461D6A:00:?? = -1.44433254E-38
A689 : TYA            : A=BC X=07 Y=BC SP=?? N=1 V=0 D=0 I=0 Z=0 C=0 : FWA 5D-77:B4F22EEA:00:00 = +1.38050864E-03 : FWB DF-03:9D461D6A:00:?? = -1.44433254E-38
A68A : SBC 31         : A=07 X=07 Y=BC SP=?? N=0 V=0 D=0 I=0 Z=0 C=1 : FWA 5D-77:B4F22EEA:00:00 = +1.38050864E-03 : FWB DF-03:9D461D6A:00:?? = -1.44433254E-38
A68C : SEC            : A=07 X=07 Y=BC SP=?? N=0 V=0 D=0 I=0 Z=0 C=1 : FWA 5D-77:B4F22EEA:00:00 = +1.38050864E-03 : FWB DF-03:9D461D6A:00:?? = -1.44433254E-38
A68D : ROL 3B         : A=07 X=07 Y=BC SP=?? N=1 V=0 D=0 I=0 Z=0 C=1 : FWA 5D-77:B4F22EEA:00:00 = +1.38050864E-03 : FWB BF-03:9D461D6A:00:?? = -1.44433254E-38
A68F : ASL 40         : A=07 X=07 Y=BC SP=?? N=1 V=0 D=0 I=0 Z=0 C=0 : FWA 5D-77:B4F22EEA:00:00 = +1.38050864E-03 : FWB BF-03:9D461DD4:00:?? = -1.44433260E-38
A691 : ROL 3F         : A=07 X=07 Y=BC SP=?? N=0 V=0 D=0 I=0 Z=0 C=0 : FWA 5D-77:B4F22EEA:00:00 = +1.38050864E-03 : FWB BF-03:9D463AD4:00:?? = -1.44433666E-38
A693 : ROL 3E         : A=07 X=07 Y=BC SP=?? N=1 V=0 D=0 I=0 Z=0 C=0 : FWA 5D-77:B4F22EEA:00:00 = +1.38050864E-03 : FWB BF-03:9D8C3AD4:00:?? = -1.44684779E-38
A695 : ROL A          : A=0E X=07 Y=BC SP=?? N=0 V=0 D=0 I=0 Z=0 C=0 : FWA 5D-77:B4F22EEA:00:00 = +1.38050864E-03 : FWB BF-03:9D8C3AD4:00:?? = -1.44684779E-38
A696 : DEX            : A=0E X=06 Y=BC SP=?? N=0 V=0 D=0 I=0 Z=0 C=0 : FWA 5D-77:B4F22EEA:00:00 = +1.38050864E-03 : FWB BF-03:9D8C3AD4:00:?? = -1.44684779E-38
A697 : BNE A65E       : A=0E X=06 Y=BC SP=?? N=0 V=0 D=0 I=0 Z=0 C=0 : FWA 5D-77:B4F22EEA:00:00 = +1.38050864E-03 : FWB BF-03:9D8C3AD4:00:?? = -1.44684779E-38
A65E : BCS A676       : A=0E X=06 Y=BC SP=?? N=0 V=0 D=0 I=0 Z=0 C=0 : FWA 5D-77:B4F22EEA:00:00 = +1.38050864E-03 : FWB BF-03:9D8C3AD4:00:?? = -1.44684779E-38
A660 : CMP 31         : A=0E X=06 Y=BC SP=?? N=0 V=0 D=0 I=0 Z=0 C=0 : FWA 5D-77:B4F22EEA:00:00 = +1.38050864E-03 : FWB BF-03:9D8C3AD4:00:?? = -1.44684779E-38
A662 : BNE A674       : A=0E X=06 Y=BC SP=?? N=0 V=0 D=0 I=0 Z=0 C=0 : FWA 5D-77:B4F22EEA:00:00 = +1.38050864E-03 : FWB BF-03:9D8C3AD4:00:?? = -1.44684779E-38
A674 : BCC A68D       : A=0E X=06 Y=BC SP=?? N=0 V=0 D=0 I=0 Z=0 C=0 : FWA 5D-77:B4F22EEA:00:00 = +1.38050864E-03 : FWB BF-03:9D8C3AD4:00:?? = -1.44684779E-38
A68D : ROL 3B         : A=0E X=06 Y=BC SP=?? N=0 V=0 D=0 I=0 Z=0 C=1 : FWA 5D-77:B4F22EEA:00:00 = +1.38050864E-03 : FWB 7E-03:9D8C3AD4:00:?? = +1.44684779E-38
A68F : ASL 40         : A=0E X=06 Y=BC SP=?? N=1 V=0 D=0 I=0 Z=0 C=1 : FWA 5D-77:B4F22EEA:00:00 = +1.38050864E-03 : FWB 7E-03:9D8C3AA8:00:?? = +1.44684776E-38
A691 : ROL 3F         : A=0E X=06 Y=BC SP=?? N=0 V=0 D=0 I=0 Z=0 C=0 : FWA 5D-77:B4F22EEA:00:00 = +1.38050864E-03 : FWB 7E-03:9D8C75A8:00:?? = +1.44685603E-38
A693 : ROL 3E         : A=0E X=06 Y=BC SP=?? N=0 V=0 D=0 I=0 Z=0 C=1 : FWA 5D-77:B4F22EEA:00:00 = +1.38050864E-03 : FWB 7E-03:9D1875A8:00:?? = +1.44269473E-38
A695 : ROL A          : A=1D X=06 Y=BC SP=?? N=0 V=0 D=0 I=0 Z=0 C=0 : FWA 5D-77:B4F22EEA:00:00 = +1.38050864E-03 : FWB 7E-03:9D1875A8:00:?? = +1.44269473E-38
A696 : DEX            : A=1D X=05 Y=BC SP=?? N=0 V=0 D=0 I=0 Z=0 C=0 : FWA 5D-77:B4F22EEA:00:00 = +1.38050864E-03 : FWB 7E-03:9D1875A8:00:?? = +1.44269473E-38
A697 : BNE A65E       : A=1D X=05 Y=BC SP=?? N=0 V=0 D=0 I=0 Z=0 C=0 : FWA 5D-77:B4F22EEA:00:00 = +1.38050864E-03 : FWB 7E-03:9D1875A8:00:?? = +1.44269473E-38
A65E : BCS A676       : A=1D X=05 Y=BC SP=?? N=0 V=0 D=0 I=0 Z=0 C=0 : FWA 5D-77:B4F22EEA:00:00 = +1.38050864E-03 : FWB 7E-03:9D1875A8:00:?? = +1.44269473E-38
A660 : CMP 31         : A=1D X=05 Y=BC SP=?? N=0 V=0 D=0 I=0 Z=0 C=0 : FWA 5D-77:B4F22EEA:00:00 = +1.38050864E-03 : FWB 7E-03:9D1875A8:00:?? = +1.44269473E-38
A662 : BNE A674       : A=1D X=05 Y=BC SP=?? N=0 V=0 D=0 I=0 Z=0 C=0 : FWA 5D-77:B4F22EEA:00:00 = +1.38050864E-03 : FWB 7E-03:9D1875A8:00:?? = +1.44269473E-38
A674 : BCC A68D       : A=1D X=05 Y=BC SP=?? N=0 V=0 D=0 I=0 Z=0 C=0 : FWA 5D-77:B4F22EEA:00:00 = +1.38050864E-03 : FWB 7E-03:9D1875A8:00:?? = +1.44269473E-38
A68D : ROL 3B         : A=1D X=05 Y=BC SP=?? N=1 V=0 D=0 I=0 Z=0 C=0 : FWA 5D-77:B4F22EEA:00:00 = +1.38050864E-03 : FWB FC-03:9D1875A8:00:?? = -1.44269473E-38
A68F : ASL 40         : A=1D X=05 Y=BC SP=?? N=0 V=0 D=0 I=0 Z=0 C=1 : FWA 5D-77:B4F22EEA:00:00 = +1.38050864E-03 : FWB FC-03:9D187550:00:?? = -1.44269469E-38
A691 : ROL 3F         : A=1D X=05 Y=BC SP=?? N=1 V=0 D=0 I=0 Z=0 C=0 : FWA 5D-77:B4F22EEA:00:00 = +1.38050864E-03 : FWB FC-03:9D18EB50:00:?? = -1.44271122E-38
A693 : ROL 3E         : A=1D X=05 Y=BC SP=?? N=0 V=0 D=0 I=0 Z=0 C=0 : FWA 5D-77:B4F22EEA:00:00 = +1.38050864E-03 : FWB FC-03:9D30EB50:00:?? = -1.44357218E-38
A695 : ROL A          : A=3A X=05 Y=BC SP=?? N=0 V=0 D=0 I=0 Z=0 C=0 : FWA 5D-77:B4F22EEA:00:00 = +1.38050864E-03 : FWB FC-03:9D30EB50:00:?? = -1.44357218E-38
A696 : DEX            : A=3A X=04 Y=BC SP=?? N=0 V=0 D=0 I=0 Z=0 C=0 : FWA 5D-77:B4F22EEA:00:00 = +1.38050864E-03 : FWB FC-03:9D30EB50:00:?? = -1.44357218E-38
A697 : BNE A65E       : A=3A X=04 Y=BC SP=?? N=0 V=0 D=0 I=0 Z=0 C=0 : FWA 5D-77:B4F22EEA:00:00 = +1.38050864E-03 : FWB FC-03:9D30EB50:00:?? = -1.44357218E-38
A65E : BCS A676       : A=3A X=04 Y=BC SP=?? N=0 V=0 D=0 I=0 Z=0 C=0 : FWA 5D-77:B4F22EEA:00:00 = +1.38050864E-03 : FWB FC-03:9D30EB50:00:?? = -1.44357218E-38
A660 : CMP 31         : A=3A X=04 Y=BC SP=?? N=1 V=0 D=0 I=0 Z=0 C=0 : FWA 5D-77:B4F22EEA:00:00 = +1.38050864E-03 : FWB FC-03:9D30EB50:00:?? = -1.44357218E-38
A662 : BNE A674       : A=3A X=04 Y=BC SP=?? N=1 V=0 D=0 I=0 Z=0 C=0 : FWA 5D-77:B4F22EEA:00:00 = +1.38050864E-03 : FWB FC-03:9D30EB50:00:?? = -1.44357218E-38
A674 : BCC A68D       : A=3A X=04 Y=BC SP=?? N=1 V=0 D=0 I=0 Z=0 C=0 : FWA 5D-77:B4F22EEA:00:00 = +1.38050864E-03 : FWB FC-03:9D30EB50:00:?? = -1.44357218E-38
A68D : ROL 3B         : A=3A X=04 Y=BC SP=?? N=1 V=0 D=0 I=0 Z=0 C=1 : FWA 5D-77:B4F22EEA:00:00 = +1.38050864E-03 : FWB F8-03:9D30EB50:00:?? = -1.44357218E-38
A68F : ASL 40         : A=3A X=04 Y=BC SP=?? N=1 V=0 D=0 I=0 Z=0 C=0 : FWA 5D-77:B4F22EEA:00:00 = +1.38050864E-03 : FWB F8-03:9D30EBA0:00:?? = -1.44357222E-38
A691 : ROL 3F         : A=3A X=04 Y=BC SP=?? N=1 V=0 D=0 I=0 Z=0 C=1 : FWA 5D-77:B4F22EEA:00:00 = +1.38050864E-03 : FWB F8-03:9D30D6A0:00:?? = -1.44356928E-38
A693 : ROL 3E         : A=3A X=04 Y=BC SP=?? N=0 V=0 D=0 I=0 Z=0 C=0 : FWA 5D-77:B4F22EEA:00:00 = +1.38050864E-03 : FWB F8-03:9D61D6A0:00:?? = -1.44532707E-38
A695 : ROL A          : A=74 X=04 Y=BC SP=?? N=0 V=0 D=0 I=0 Z=0 C=0 : FWA 5D-77:B4F22EEA:00:00 = +1.38050864E-03 : FWB F8-03:9D61D6A0:00:?? = -1.44532707E-38
A696 : DEX            : A=74 X=03 Y=BC SP=?? N=0 V=0 D=0 I=0 Z=0 C=0 : FWA 5D-77:B4F22EEA:00:00 = +1.38050864E-03 : FWB F8-03:9D61D6A0:00:?? = -1.44532707E-38
A697 : BNE A65E       : A=74 X=03 Y=BC SP=?? N=0 V=0 D=0 I=0 Z=0 C=0 : FWA 5D-77:B4F22EEA:00:00 = +1.38050864E-03 : FWB F8-03:9D61D6A0:00:?? = -1.44532707E-38
A65E : BCS A676       : A=74 X=03 Y=BC SP=?? N=0 V=0 D=0 I=0 Z=0 C=0 : FWA 5D-77:B4F22EEA:00:00 = +1.38050864E-03 : FWB F8-03:9D61D6A0:00:?? = -1.44532707E-38
A660 : CMP 31         : A=74 X=03 Y=BC SP=?? N=1 V=0 D=0 I=0 Z=0 C=0 : FWA 5D-77:B4F22EEA:00:00 = +1.38050864E-03 : FWB F8-03:9D61D6A0:00:?? = -1.44532707E-38
A662 : BNE A674       : A=74 X=03 Y=BC SP=?? N=1 V=0 D=0 I=0 Z=0 C=0 : FWA 5D-77:B4F22EEA:00:00 = +1.38050864E-03 : FWB F8-03:9D61D6A0:00:?? = -1.44532707E-38
A674 : BCC A68D       : A=74 X=03 Y=BC SP=?? N=1 V=0 D=0 I=0 Z=0 C=0 : FWA 5D-77:B4F22EEA:00:00 = +1.38050864E-03 : FWB F8-03:9D61D6A0:00:?? = -1.44532707E-38
A68D : ROL 3B         : A=74 X=03 Y=BC SP=?? N=1 V=0 D=0 I=0 Z=0 C=1 : FWA 5D-77:B4F22EEA:00:00 = +1.38050864E-03 : FWB F0-03:9D61D6A0:00:?? = -1.44532707E-38
A68F : ASL 40         : A=74 X=03 Y=BC SP=?? N=0 V=0 D=0 I=0 Z=0 C=1 : FWA 5D-77:B4F22EEA:00:00 = +1.38050864E-03 : FWB F0-03:9D61D640:00:?? = -1.44532702E-38
A691 : ROL 3F         : A=74 X=03 Y=BC SP=?? N=1 V=0 D=0 I=0 Z=0 C=1 : FWA 5D-77:B4F22EEA:00:00 = +1.38050864E-03 : FWB F0-03:9D61AD40:00:?? = -1.44532127E-38
A693 : ROL 3E         : A=74 X=03 Y=BC SP=?? N=1 V=0 D=0 I=0 Z=0 C=0 : FWA 5D-77:B4F22EEA:00:00 = +1.38050864E-03 : FWB F0-03:9DC3AD40:00:?? = -1.44883685E-38
A695 : ROL A          : A=E8 X=03 Y=BC SP=?? N=1 V=0 D=0 I=0 Z=0 C=0 : FWA 5D-77:B4F22EEA:00:00 = +1.38050864E-03 : FWB F0-03:9DC3AD40:00:?? = -1.44883685E-38
A696 : DEX            : A=E8 X=02 Y=BC SP=?? N=0 V=0 D=0 I=0 Z=0 C=0 : FWA 5D-77:B4F22EEA:00:00 = +1.38050864E-03 : FWB F0-03:9DC3AD40:00:?? = -1.44883685E-38
A697 : BNE A65E       : A=E8 X=02 Y=BC SP=?? N=0 V=0 D=0 I=0 Z=0 C=0 : FWA 5D-77:B4F22EEA:00:00 = +1.38050864E-03 : FWB F0-03:9DC3AD40:00:?? = -1.44883685E-38
A65E : BCS A676       : A=E8 X=02 Y=BC SP=?? N=0 V=0 D=0 I=0 Z=0 C=0 : FWA 5D-77:B4F22EEA:00:00 = +1.38050864E-03 : FWB F0-03:9DC3AD40:00:?? = -1.44883685E-38
A660 : CMP 31         : A=E8 X=02 Y=BC SP=?? N=0 V=0 D=0 I=0 Z=0 C=1 : FWA 5D-77:B4F22EEA:00:00 = +1.38050864E-03 : FWB F0-03:9DC3AD40:00:?? = -1.44883685E-38
A662 : BNE A674       : A=E8 X=02 Y=BC SP=?? N=0 V=0 D=0 I=0 Z=0 C=1 : FWA 5D-77:B4F22EEA:00:00 = +1.38050864E-03 : FWB F0-03:9DC3AD40:00:?? = -1.44883685E-38
A674 : BCC A68D       : A=E8 X=02 Y=BC SP=?? N=0 V=0 D=0 I=0 Z=0 C=1 : FWA 5D-77:B4F22EEA:00:00 = +1.38050864E-03 : FWB F0-03:9DC3AD40:00:?? = -1.44883685E-38
A676 : TAY            : A=E8 X=02 Y=E8 SP=?? N=1 V=0 D=0 I=0 Z=0 C=1 : FWA 5D-77:B4F22EEA:00:00 = +1.38050864E-03 : FWB F0-03:9DC3AD40:00:?? = -1.44883685E-38
A677 : LDA 40         : A=40 X=02 Y=E8 SP=?? N=0 V=0 D=0 I=0 Z=0 C=1 : FWA 5D-77:B4F22EEA:00:00 = +1.38050864E-03 : FWB F0-03:9DC3AD40:00:?? = -1.44883685E-38
A679 : SBC 34         : A=56 X=02 Y=E8 SP=?? N=0 V=0 D=0 I=0 Z=0 C=0 : FWA 5D-77:B4F22EEA:00:00 = +1.38050864E-03 : FWB F0-03:9DC3AD40:00:?? = -1.44883685E-38
A67B : STA 40         : A=56 X=02 Y=E8 SP=?? N=0 V=0 D=0 I=0 Z=0 C=0 : FWA 5D-77:B4F22EEA:00:00 = +1.38050864E-03 : FWB F0-03:9DC3AD56:00:?? = -1.44883686E-38
A67D : LDA 3F         : A=AD X=02 Y=E8 SP=?? N=1 V=0 D=0 I=0 Z=0 C=0 : FWA 5D-77:B4F22EEA:00:00 = +1.38050864E-03 : FWB F0-03:9DC3AD56:00:?? = -1.44883686E-38
A67F : SBC 33         : A=7E X=02 Y=E8 SP=?? N=0 V=1 D=0 I=0 Z=0 C=1 : FWA 5D-77:B4F22EEA:00:00 = +1.38050864E-03 : FWB F0-03:9DC3AD56:00:?? = -1.44883686E-38
A681 : STA 3F         : A=7E X=02 Y=E8 SP=?? N=0 V=1 D=0 I=0 Z=0 C=1 : FWA 5D-77:B4F22EEA:00:00 = +1.38050864E-03 : FWB F0-03:9DC37E56:00:?? = -1.44883028E-38
A683 : LDA 3E         : A=C3 X=02 Y=E8 SP=?? N=1 V=1 D=0 I=0 Z=0 C=1 : FWA 5D-77:B4F22EEA:00:00 = +1.38050864E-03 : FWB F0-03:9DC37E56:00:?? = -1.44883028E-38
A685 : SBC 32         : A=D1 X=02 Y=E8 SP=?? N=1 V=0 D=0 I=0 Z=0 C=0 : FWA 5D-77:B4F22EEA:00:00 = +1.38050864E-03 : FWB F0-03:9DC37E56:00:?? = -1.44883028E-38
A687 : STA 3E         : A=D1 X=02 Y=E8 SP=?? N=1 V=0 D=0 I=0 Z=0 C=0 : FWA 5D-77:B4F22EEA:00:00 = +1.38050864E-03 : FWB F0-03:9DD17E56:00:?? = -1.44933250E-38
A689 : TYA            : A=E8 X=02 Y=E8 SP=?? N=1 V=0 D=0 I=0 Z=0 C=0 : FWA 5D-77:B4F22EEA:00:00 = +1.38050864E-03 : FWB F0-03:9DD17E56:00:?? = -1.44933250E-38
A68A : SBC 31         : A=33 X=02 Y=E8 SP=?? N=0 V=0 D=0 I=0 Z=0 C=1 : FWA 5D-77:B4F22EEA:00:00 = +1.38050864E-03 : FWB F0-03:9DD17E56:00:?? = -1.44933250E-38
A68C : SEC            : A=33 X=02 Y=E8 SP=?? N=0 V=0 D=0 I=0 Z=0 C=1 : FWA 5D-77:B4F22EEA:00:00 = +1.38050864E-03 : FWB F0-03:9DD17E56:00:?? = -1.44933250E-38
A68D : ROL 3B         : A=33 X=02 Y=E8 SP=?? N=1 V=0 D=0 I=0 Z=0 C=1 : FWA 5D-77:B4F22EEA:00:00 = +1.38050864E-03 : FWB E1-03:9DD17E56:00:?? = -1.44933250E-38
A68F : ASL 40         : A=33 X=02 Y=E8 SP=?? N=1 V=0 D=0 I=0 Z=0 C=0 : FWA 5D-77:B4F22EEA:00:00 = +1.38050864E-03 : FWB E1-03:9DD17EAC:00:?? = -1.44933255E-38
A691 : ROL 3F         : A=33 X=02 Y=E8 SP=?? N=1 V=0 D=0 I=0 Z=0 C=0 : FWA 5D-77:B4F22EEA:00:00 = +1.38050864E-03 : FWB E1-03:9DD1FCAC:00:?? = -1.44935020E-38
A693 : ROL 3E         : A=33 X=02 Y=E8 SP=?? N=1 V=0 D=0 I=0 Z=0 C=1 : FWA 5D-77:B4F22EEA:00:00 = +1.38050864E-03 : FWB E1-03:9DA2FCAC:00:?? = -1.44766416E-38
A695 : ROL A          : A=67 X=02 Y=E8 SP=?? N=0 V=0 D=0 I=0 Z=0 C=0 : FWA 5D-77:B4F22EEA:00:00 = +1.38050864E-03 : FWB E1-03:9DA2FCAC:00:?? = -1.44766416E-38
A696 : DEX            : A=67 X=01 Y=E8 SP=?? N=0 V=0 D=0 I=0 Z=0 C=0 : FWA 5D-77:B4F22EEA:00:00 = +1.38050864E-03 : FWB E1-03:9DA2FCAC:00:?? = -1.44766416E-38
A697 : BNE A65E       : A=67 X=01 Y=E8 SP=?? N=0 V=0 D=0 I=0 Z=0 C=0 : FWA 5D-77:B4F22EEA:00:00 = +1.38050864E-03 : FWB E1-03:9DA2FCAC:00:?? = -1.44766416E-38
A65E : BCS A676       : A=67 X=01 Y=E8 SP=?? N=0 V=0 D=0 I=0 Z=0 C=0 : FWA 5D-77:B4F22EEA:00:00 = +1.38050864E-03 : FWB E1-03:9DA2FCAC:00:?? = -1.44766416E-38
A660 : CMP 31         : A=67 X=01 Y=E8 SP=?? N=1 V=0 D=0 I=0 Z=0 C=0 : FWA 5D-77:B4F22EEA:00:00 = +1.38050864E-03 : FWB E1-03:9DA2FCAC:00:?? = -1.44766416E-38
A662 : BNE A674       : A=67 X=01 Y=E8 SP=?? N=1 V=0 D=0 I=0 Z=0 C=0 : FWA 5D-77:B4F22EEA:00:00 = +1.38050864E-03 : FWB E1-03:9DA2FCAC:00:?? = -1.44766416E-38
A674 : BCC A68D       : A=67 X=01 Y=E8 SP=?? N=1 V=0 D=0 I=0 Z=0 C=0 : FWA 5D-77:B4F22EEA:00:00 = +1.38050864E-03 : FWB E1-03:9DA2FCAC:00:?? = -1.44766416E-38
A68D : ROL 3B         : A=67 X=01 Y=E8 SP=?? N=1 V=0 D=0 I=0 Z=0 C=1 : FWA 5D-77:B4F22EEA:00:00 = +1.38050864E-03 : FWB C2-03:9DA2FCAC:00:?? = -1.44766416E-38
A68F : ASL 40         : A=67 X=01 Y=E8 SP=?? N=0 V=0 D=0 I=0 Z=0 C=1 : FWA 5D-77:B4F22EEA:00:00 = +1.38050864E-03 : FWB C2-03:9DA2FC58:00:?? = -1.44766412E-38
A691 : ROL 3F         : A=67 X=01 Y=E8 SP=?? N=1 V=0 D=0 I=0 Z=0 C=1 : FWA 5D-77:B4F22EEA:00:00 = +1.38050864E-03 : FWB C2-03:9DA2F958:00:?? = -1.44766370E-38
A693 : ROL 3E         : A=67 X=01 Y=E8 SP=?? N=0 V=0 D=0 I=0 Z=0 C=1 : FWA 5D-77:B4F22EEA:00:00 = +1.38050864E-03 : FWB C2-03:9D45F958:00:?? = -1.44432748E-38
A695 : ROL A          : A=CF X=01 Y=E8 SP=?? N=1 V=0 D=0 I=0 Z=0 C=0 : FWA 5D-77:B4F22EEA:00:00 = +1.38050864E-03 : FWB C2-03:9D45F958:00:?? = -1.44432748E-38
A696 : DEX            : A=CF X=00 Y=E8 SP=?? N=0 V=0 D=0 I=0 Z=1 C=0 : FWA 5D-77:B4F22EEA:00:00 = +1.38050864E-03 : FWB C2-03:9D45F958:00:?? = -1.44432748E-38
A697 : BNE A65E       : A=CF X=00 Y=E8 SP=?? N=0 V=0 D=0 I=0 Z=1 C=0 : FWA 5D-77:B4F22EEA:00:00 = +1.38050864E-03 : FWB C2-03:9D45F958:00:?? = -1.44432748E-38
A699 : LDX 3B         : A=CF X=C2 Y=E8 SP=?? N=1 V=0 D=0 I=0 Z=0 C=0 : FWA 5D-77:B4F22EEA:00:00 = +1.38050864E-03 : FWB C2-03:9D45F958:00:?? = -1.44432748E-38
A69B : PHX            : A=CF X=C2 Y=E8 SP=?? N=1 V=0 D=0 I=0 Z=0 C=0 : FWA 5D-77:B4F22EEA:00:00 = +1.38050864E-03 : FWB C2-03:9D45F958:00:?? = -1.44432748E-38
A69C : DEC 3C         : A=CF X=C2 Y=E8 SP=?? N=0 V=0 D=0 I=0 Z=0 C=0 : FWA 5D-77:B4F22EEA:00:00 = +1.38050864E-03 : FWB C2-02:9D45F958:00:?? = -7.22163742E-39
A69E : BNE A65C       : A=CF X=C2 Y=E8 SP=?? N=0 V=0 D=0 I=0 Z=0 C=0 : FWA 5D-77:B4F22EEA:00:00 = +1.38050864E-03 : FWB C2-02:9D45F958:00:?? = -7.22163742E-39
A65C : LDX #08        : A=CF X=08 Y=E8 SP=?? N=0 V=0 D=0 I=0 Z=0 C=0 : FWA 5D-77:B4F22EEA:00:00 = +1.38050864E-03 : FWB C2-02:9D45F958:00:?? = -7.22163742E-39
A65E : BCS A676       : A=CF X=08 Y=E8 SP=?? N=0 V=0 D=0 I=0 Z=0 C=0 : FWA 5D-77:B4F22EEA:00:00 = +1.38050864E-03 : FWB C2-02:9D45F958:00:?? = -7.22163742E-39
A660 : CMP 31         : A=CF X=08 Y=E8 SP=?? N=0 V=0 D=0 I=0 Z=0 C=1 : FWA 5D-77:B4F22EEA:00:00 = +1.38050864E-03 : FWB C2-02:9D45F958:00:?? = -7.22163742E-39
A662 : BNE A674       : A=CF X=08 Y=E8 SP=?? N=0 V=0 D=0 I=0 Z=0 C=1 : FWA 5D-77:B4F22EEA:00:00 = +1.38050864E-03 : FWB C2-02:9D45F958:00:?? = -7.22163742E-39
A674 : BCC A68D       : A=CF X=08 Y=E8 SP=?? N=0 V=0 D=0 I=0 Z=0 C=1 : FWA 5D-77:B4F22EEA:00:00 = +1.38050864E-03 : FWB C2-02:9D45F958:00:?? = -7.22163742E-39
A676 : TAY            : A=CF X=08 Y=CF SP=?? N=1 V=0 D=0 I=0 Z=0 C=1 : FWA 5D-77:B4F22EEA:00:00 = +1.38050864E-03 : FWB C2-02:9D45F958:00:?? = -7.22163742E-39
A677 : LDA 40         : A=58 X=08 Y=CF SP=?? N=0 V=0 D=0 I=0 Z=0 C=1 : FWA 5D-77:B4F22EEA:00:00 = +1.38050864E-03 : FWB C2-02:9D45F958:00:?? = -7.22163742E-39
A679 : SBC 34         : A=6E X=08 Y=CF SP=?? N=0 V=0 D=0 I=0 Z=0 C=0 : FWA 5D-77:B4F22EEA:00:00 = +1.38050864E-03 : FWB C2-02:9D45F958:00:?? = -7.22163742E-39
A67B : STA 40         : A=6E X=08 Y=CF SP=?? N=0 V=0 D=0 I=0 Z=0 C=0 : FWA 5D-77:B4F22EEA:00:00 = +1.38050864E-03 : FWB C2-02:9D45F96E:00:?? = -7.22163748E-39
A67D : LDA 3F         : A=F9 X=08 Y=CF SP=?? N=1 V=0 D=0 I=0 Z=0 C=0 : FWA 5D-77:B4F22EEA:00:00 = +1.38050864E-03 : FWB C2-02:9D45F96E:00:?? = -7.22163748E-39
A67F : SBC 33         : A=CA X=08 Y=CF SP=?? N=1 V=0 D=0 I=0 Z=0 C=1 : FWA 5D-77:B4F22EEA:00:00 = +1.38050864E-03 : FWB C2-02:9D45F96E:00:?? = -7.22163748E-39
A681 : STA 3F         : A=CA X=08 Y=CF SP=?? N=1 V=0 D=0 I=0 Z=0 C=1 : FWA 5D-77:B4F22EEA:00:00 = +1.38050864E-03 : FWB C2-02:9D45CA6E:00:?? = -7.22160455E-39
A683 : LDA 3E         : A=45 X=08 Y=CF SP=?? N=0 V=0 D=0 I=0 Z=0 C=1 : FWA 5D-77:B4F22EEA:00:00 = +1.38050864E-03 : FWB C2-02:9D45CA6E:00:?? = -7.22160455E-39
A685 : SBC 32         : A=53 X=08 Y=CF SP=?? N=0 V=0 D=0 I=0 Z=0 C=0 : FWA 5D-77:B4F22EEA:00:00 = +1.38050864E-03 : FWB C2-02:9D45CA6E:00:?? = -7.22160455E-39
A687 : STA 3E         : A=53 X=08 Y=CF SP=?? N=0 V=0 D=0 I=0 Z=0 C=0 : FWA 5D-77:B4F22EEA:00:00 = +1.38050864E-03 : FWB C2-02:9D53CA6E:00:?? = -7.22411568E-39
A689 : TYA            : A=CF X=08 Y=CF SP=?? N=1 V=0 D=0 I=0 Z=0 C=0 : FWA 5D-77:B4F22EEA:00:00 = +1.38050864E-03 : FWB C2-02:9D53CA6E:00:?? = -7.22411568E-39
A68A : SBC 31         : A=1A X=08 Y=CF SP=?? N=0 V=0 D=0 I=0 Z=0 C=1 : FWA 5D-77:B4F22EEA:00:00 = +1.38050864E-03 : FWB C2-02:9D53CA6E:00:?? = -7.22411568E-39
A68C : SEC            : A=1A X=08 Y=CF SP=?? N=0 V=0 D=0 I=0 Z=0 C=1 : FWA 5D-77:B4F22EEA:00:00 = +1.38050864E-03 : FWB C2-02:9D53CA6E:00:?? = -7.22411568E-39
A68D : ROL 3B         : A=1A X=08 Y=CF SP=?? N=1 V=0 D=0 I=0 Z=0 C=1 : FWA 5D-77:B4F22EEA:00:00 = +1.38050864E-03 : FWB 85-02:9D53CA6E:00:?? = -7.22411568E-39
A68F : ASL 40         : A=1A X=08 Y=CF SP=?? N=1 V=0 D=0 I=0 Z=0 C=0 : FWA 5D-77:B4F22EEA:00:00 = +1.38050864E-03 : FWB 85-02:9D53CADC:00:?? = -7.22411598E-39
A691 : ROL 3F         : A=1A X=08 Y=CF SP=?? N=1 V=0 D=0 I=0 Z=0 C=1 : FWA 5D-77:B4F22EEA:00:00 = +1.38050864E-03 : FWB 85-02:9D5394DC:00:?? = -7.22407814E-39
A693 : ROL 3E         : A=1A X=08 Y=CF SP=?? N=1 V=0 D=0 I=0 Z=0 C=0 : FWA 5D-77:B4F22EEA:00:00 = +1.38050864E-03 : FWB 85-02:9DA794DC:00:?? = -7.23914490E-39
A695 : ROL A          : A=34 X=08 Y=CF SP=?? N=0 V=0 D=0 I=0 Z=0 C=0 : FWA 5D-77:B4F22EEA:00:00 = +1.38050864E-03 : FWB 85-02:9DA794DC:00:?? = -7.23914490E-39
A696 : DEX            : A=34 X=07 Y=CF SP=?? N=0 V=0 D=0 I=0 Z=0 C=0 : FWA 5D-77:B4F22EEA:00:00 = +1.38050864E-03 : FWB 85-02:9DA794DC:00:?? = -7.23914490E-39
A697 : BNE A65E       : A=34 X=07 Y=CF SP=?? N=0 V=0 D=0 I=0 Z=0 C=0 : FWA 5D-77:B4F22EEA:00:00 = +1.38050864E-03 : FWB 85-02:9DA794DC:00:?? = -7.23914490E-39
A65E : BCS A676       : A=34 X=07 Y=CF SP=?? N=0 V=0 D=0 I=0 Z=0 C=0 : FWA 5D-77:B4F22EEA:00:00 = +1.38050864E-03 : FWB 85-02:9DA794DC:00:?? = -7.23914490E-39
A660 : CMP 31         : A=34 X=07 Y=CF SP=?? N=1 V=0 D=0 I=0 Z=0 C=0 : FWA 5D-77:B4F22EEA:00:00 = +1.38050864E-03 : FWB 85-02:9DA794DC:00:?? = -7.23914490E-39
A662 : BNE A674       : A=34 X=07 Y=CF SP=?? N=1 V=0 D=0 I=0 Z=0 C=0 : FWA 5D-77:B4F22EEA:00:00 = +1.38050864E-03 : FWB 85-02:9DA794DC:00:?? = -7.23914490E-39
A674 : BCC A68D       : A=34 X=07 Y=CF SP=?? N=1 V=0 D=0 I=0 Z=0 C=0 : FWA 5D-77:B4F22EEA:00:00 = +1.38050864E-03 : FWB 85-02:9DA794DC:00:?? = -7.23914490E-39
A68D : ROL 3B         : A=34 X=07 Y=CF SP=?? N=0 V=0 D=0 I=0 Z=0 C=1 : FWA 5D-77:B4F22EEA:00:00 = +1.38050864E-03 : FWB 0A-02:9DA794DC:00:?? = +7.23914490E-39
A68F : ASL 40         : A=34 X=07 Y=CF SP=?? N=1 V=0 D=0 I=0 Z=0 C=1 : FWA 5D-77:B4F22EEA:00:00 = +1.38050864E-03 : FWB 0A-02:9DA794B8:00:?? = +7.23914480E-39
A691 : ROL 3F         : A=34 X=07 Y=CF SP=?? N=0 V=0 D=0 I=0 Z=0 C=1 : FWA 5D-77:B4F22EEA:00:00 = +1.38050864E-03 : FWB 0A-02:9DA729B8:00:?? = +7.23906983E-39
A693 : ROL 3E         : A=34 X=07 Y=CF SP=?? N=0 V=0 D=0 I=0 Z=0 C=1 : FWA 5D-77:B4F22EEA:00:00 = +1.38050864E-03 : FWB 0A-02:9D4F29B8:00:?? = +7.22328561E-39
A695 : ROL A          : A=69 X=07 Y=CF SP=?? N=0 V=0 D=0 I=0 Z=0 C=0 : FWA 5D-77:B4F22EEA:00:00 = +1.38050864E-03 : FWB 0A-02:9D4F29B8:00:?? = +7.22328561E-39
A696 : DEX            : A=69 X=06 Y=CF SP=?? N=0 V=0 D=0 I=0 Z=0 C=0 : FWA 5D-77:B4F22EEA:00:00 = +1.38050864E-03 : FWB 0A-02:9D4F29B8:00:?? = +7.22328561E-39
A697 : BNE A65E       : A=69 X=06 Y=CF SP=?? N=0 V=0 D=0 I=0 Z=0 C=0 : FWA 5D-77:B4F22EEA:00:00 = +1.38050864E-03 : FWB 0A-02:9D4F29B8:00:?? = +7.22328561E-39
A65E : BCS A676       : A=69 X=06 Y=CF SP=?? N=0 V=0 D=0 I=0 Z=0 C=0 : FWA 5D-77:B4F22EEA:00:00 = +1.38050864E-03 : FWB 0A-02:9D4F29B8:00:?? = +7.22328561E-39
A660 : CMP 31         : A=69 X=06 Y=CF SP=?? N=1 V=0 D=0 I=0 Z=0 C=0 : FWA 5D-77:B4F22EEA:00:00 = +1.38050864E-03 : FWB 0A-02:9D4F29B8:00:?? = +7.22328561E-39
A662 : BNE A674       : A=69 X=06 Y=CF SP=?? N=1 V=0 D=0 I=0 Z=0 C=0 : FWA 5D-77:B4F22EEA:00:00 = +1.38050864E-03 : FWB 0A-02:9D4F29B8:00:?? = +7.22328561E-39
A674 : BCC A68D       : A=69 X=06 Y=CF SP=?? N=1 V=0 D=0 I=0 Z=0 C=0 : FWA 5D-77:B4F22EEA:00:00 = +1.38050864E-03 : FWB 0A-02:9D4F29B8:00:?? = +7.22328561E-39
A68D : ROL 3B         : A=69 X=06 Y=CF SP=?? N=0 V=0 D=0 I=0 Z=0 C=0 : FWA 5D-77:B4F22EEA:00:00 = +1.38050864E-03 : FWB 14-02:9D4F29B8:00:?? = +7.22328561E-39
A68F : ASL 40         : A=69 X=06 Y=CF SP=?? N=0 V=0 D=0 I=0 Z=0 C=1 : FWA 5D-77:B4F22EEA:00:00 = +1.38050864E-03 : FWB 14-02:9D4F2970:00:?? = +7.22328541E-39
A691 : ROL 3F         : A=69 X=06 Y=CF SP=?? N=0 V=0 D=0 I=0 Z=0 C=0 : FWA 5D-77:B4F22EEA:00:00 = +1.38050864E-03 : FWB 14-02:9D4F5370:00:?? = +7.22331484E-39
A693 : ROL 3E         : A=69 X=06 Y=CF SP=?? N=1 V=0 D=0 I=0 Z=0 C=0 : FWA 5D-77:B4F22EEA:00:00 = +1.38050864E-03 : FWB 14-02:9D9E5370:00:?? = +7.23748477E-39
A695 : ROL A          : A=D2 X=06 Y=CF SP=?? N=1 V=0 D=0 I=0 Z=0 C=0 : FWA 5D-77:B4F22EEA:00:00 = +1.38050864E-03 : FWB 14-02:9D9E5370:00:?? = +7.23748477E-39
A696 : DEX            : A=D2 X=05 Y=CF SP=?? N=0 V=0 D=0 I=0 Z=0 C=0 : FWA 5D-77:B4F22EEA:00:00 = +1.38050864E-03 : FWB 14-02:9D9E5370:00:?? = +7.23748477E-39
A697 : BNE A65E       : A=D2 X=05 Y=CF SP=?? N=0 V=0 D=0 I=0 Z=0 C=0 : FWA 5D-77:B4F22EEA:00:00 = +1.38050864E-03 : FWB 14-02:9D9E5370:00:?? = +7.23748477E-39
A65E : BCS A676       : A=D2 X=05 Y=CF SP=?? N=0 V=0 D=0 I=0 Z=0 C=0 : FWA 5D-77:B4F22EEA:00:00 = +1.38050864E-03 : FWB 14-02:9D9E5370:00:?? = +7.23748477E-39
A660 : CMP 31         : A=D2 X=05 Y=CF SP=?? N=0 V=0 D=0 I=0 Z=0 C=1 : FWA 5D-77:B4F22EEA:00:00 = +1.38050864E-03 : FWB 14-02:9D9E5370:00:?? = +7.23748477E-39
A662 : BNE A674       : A=D2 X=05 Y=CF SP=?? N=0 V=0 D=0 I=0 Z=0 C=1 : FWA 5D-77:B4F22EEA:00:00 = +1.38050864E-03 : FWB 14-02:9D9E5370:00:?? = +7.23748477E-39
A674 : BCC A68D       : A=D2 X=05 Y=CF SP=?? N=0 V=0 D=0 I=0 Z=0 C=1 : FWA 5D-77:B4F22EEA:00:00 = +1.38050864E-03 : FWB 14-02:9D9E5370:00:?? = +7.23748477E-39
A676 : TAY            : A=D2 X=05 Y=D2 SP=?? N=1 V=0 D=0 I=0 Z=0 C=1 : FWA 5D-77:B4F22EEA:00:00 = +1.38050864E-03 : FWB 14-02:9D9E5370:00:?? = +7.23748477E-39
A677 : LDA 40         : A=70 X=05 Y=D2 SP=?? N=0 V=0 D=0 I=0 Z=0 C=1 : FWA 5D-77:B4F22EEA:00:00 = +1.38050864E-03 : FWB 14-02:9D9E5370:00:?? = +7.23748477E-39
A679 : SBC 34         : A=86 X=05 Y=D2 SP=?? N=1 V=1 D=0 I=0 Z=0 C=0 : FWA 5D-77:B4F22EEA:00:00 = +1.38050864E-03 : FWB 14-02:9D9E5370:00:?? = +7.23748477E-39
A67B : STA 40         : A=86 X=05 Y=D2 SP=?? N=1 V=1 D=0 I=0 Z=0 C=0 : FWA 5D-77:B4F22EEA:00:00 = +1.38050864E-03 : FWB 14-02:9D9E5386:00:?? = +7.23748483E-39
A67D : LDA 3F         : A=53 X=05 Y=D2 SP=?? N=0 V=1 D=0 I=0 Z=0 C=0 : FWA 5D-77:B4F22EEA:00:00 = +1.38050864E-03 : FWB 14-02:9D9E5386:00:?? = +7.23748483E-39
A67F : SBC 33         : A=24 X=05 Y=D2 SP=?? N=0 V=0 D=0 I=0 Z=0 C=1 : FWA 5D-77:B4F22EEA:00:00 = +1.38050864E-03 : FWB 14-02:9D9E5386:00:?? = +7.23748483E-39
A681 : STA 3F         : A=24 X=05 Y=D2 SP=?? N=0 V=0 D=0 I=0 Z=0 C=1 : FWA 5D-77:B4F22EEA:00:00 = +1.38050864E-03 : FWB 14-02:9D9E2486:00:?? = +7.23745190E-39
A683 : LDA 3E         : A=9E X=05 Y=D2 SP=?? N=1 V=0 D=0 I=0 Z=0 C=1 : FWA 5D-77:B4F22EEA:00:00 = +1.38050864E-03 : FWB 14-02:9D9E2486:00:?? = +7.23745190E-39
A685 : SBC 32         : A=AC X=05 Y=D2 SP=?? N=1 V=0 D=0 I=0 Z=0 C=0 : FWA 5D-77:B4F22EEA:00:00 = +1.38050864E-03 : FWB 14-02:9D9E2486:00:?? = +7.23745190E-39
A687 : STA 3E         : A=AC X=05 Y=D2 SP=?? N=1 V=0 D=0 I=0 Z=0 C=0 : FWA 5D-77:B4F22EEA:00:00 = +1.38050864E-03 : FWB 14-02:9DAC2486:00:?? = +7.23996303E-39
A689 : TYA            : A=D2 X=05 Y=D2 SP=?? N=1 V=0 D=0 I=0 Z=0 C=0 : FWA 5D-77:B4F22EEA:00:00 = +1.38050864E-03 : FWB 14-02:9DAC2486:00:?? = +7.23996303E-39
A68A : SBC 31         : A=1D X=05 Y=D2 SP=?? N=0 V=0 D=0 I=0 Z=0 C=1 : FWA 5D-77:B4F22EEA:00:00 = +1.38050864E-03 : FWB 14-02:9DAC2486:00:?? = +7.23996303E-39
A68C : SEC            : A=1D X=05 Y=D2 SP=?? N=0 V=0 D=0 I=0 Z=0 C=1 : FWA 5D-77:B4F22EEA:00:00 = +1.38050864E-03 : FWB 14-02:9DAC2486:00:?? = +7.23996303E-39
A68D : ROL 3B         : A=1D X=05 Y=D2 SP=?? N=0 V=0 D=0 I=0 Z=0 C=0 : FWA 5D-77:B4F22EEA:00:00 = +1.38050864E-03 : FWB 29-02:9DAC2486:00:?? = +7.23996303E-39
A68F : ASL 40         : A=1D X=05 Y=D2 SP=?? N=0 V=0 D=0 I=0 Z=0 C=1 : FWA 5D-77:B4F22EEA:00:00 = +1.38050864E-03 : FWB 29-02:9DAC240C:00:?? = +7.23996269E-39
A691 : ROL 3F         : A=1D X=05 Y=D2 SP=?? N=0 V=0 D=0 I=0 Z=0 C=0 : FWA 5D-77:B4F22EEA:00:00 = +1.38050864E-03 : FWB 29-02:9DAC490C:00:?? = +7.23998862E-39
A693 : ROL 3E         : A=1D X=05 Y=D2 SP=?? N=0 V=0 D=0 I=0 Z=0 C=1 : FWA 5D-77:B4F22EEA:00:00 = +1.38050864E-03 : FWB 29-02:9D58490C:00:?? = +7.22492185E-39
A695 : ROL A          : A=3B X=05 Y=D2 SP=?? N=0 V=0 D=0 I=0 Z=0 C=0 : FWA 5D-77:B4F22EEA:00:00 = +1.38050864E-03 : FWB 29-02:9D58490C:00:?? = +7.22492185E-39
A696 : DEX            : A=3B X=04 Y=D2 SP=?? N=0 V=0 D=0 I=0 Z=0 C=0 : FWA 5D-77:B4F22EEA:00:00 = +1.38050864E-03 : FWB 29-02:9D58490C:00:?? = +7.22492185E-39
A697 : BNE A65E       : A=3B X=04 Y=D2 SP=?? N=0 V=0 D=0 I=0 Z=0 C=0 : FWA 5D-77:B4F22EEA:00:00 = +1.38050864E-03 : FWB 29-02:9D58490C:00:?? = +7.22492185E-39
A65E : BCS A676       : A=3B X=04 Y=D2 SP=?? N=0 V=0 D=0 I=0 Z=0 C=0 : FWA 5D-77:B4F22EEA:00:00 = +1.38050864E-03 : FWB 29-02:9D58490C:00:?? = +7.22492185E-39
A660 : CMP 31         : A=3B X=04 Y=D2 SP=?? N=1 V=0 D=0 I=0 Z=0 C=0 : FWA 5D-77:B4F22EEA:00:00 = +1.38050864E-03 : FWB 29-02:9D58490C:00:?? = +7.22492185E-39
A662 : BNE A674       : A=3B X=04 Y=D2 SP=?? N=1 V=0 D=0 I=0 Z=0 C=0 : FWA 5D-77:B4F22EEA:00:00 = +1.38050864E-03 : FWB 29-02:9D58490C:00:?? = +7.22492185E-39
A674 : BCC A68D       : A=3B X=04 Y=D2 SP=?? N=1 V=0 D=0 I=0 Z=0 C=0 : FWA 5D-77:B4F22EEA:00:00 = +1.38050864E-03 : FWB 29-02:9D58490C:00:?? = +7.22492185E-39
A68D : ROL 3B         : A=3B X=04 Y=D2 SP=?? N=0 V=0 D=0 I=0 Z=0 C=0 : FWA 5D-77:B4F22EEA:00:00 = +1.38050864E-03 : FWB 52-02:9D58490C:00:?? = +7.22492185E-39
A68F : ASL 40         : A=3B X=04 Y=D2 SP=?? N=0 V=0 D=0 I=0 Z=0 C=0 : FWA 5D-77:B4F22EEA:00:00 = +1.38050864E-03 : FWB 52-02:9D584918:00:?? = +7.22492189E-39
A691 : ROL 3F         : A=3B X=04 Y=D2 SP=?? N=1 V=0 D=0 I=0 Z=0 C=0 : FWA 5D-77:B4F22EEA:00:00 = +1.38050864E-03 : FWB 52-02:9D589218:00:?? = +7.22497303E-39
A693 : ROL 3E         : A=3B X=04 Y=D2 SP=?? N=1 V=0 D=0 I=0 Z=0 C=0 : FWA 5D-77:B4F22EEA:00:00 = +1.38050864E-03 : FWB 52-02:9DB09218:00:?? = +7.24075726E-39
A695 : ROL A          : A=76 X=04 Y=D2 SP=?? N=0 V=0 D=0 I=0 Z=0 C=0 : FWA 5D-77:B4F22EEA:00:00 = +1.38050864E-03 : FWB 52-02:9DB09218:00:?? = +7.24075726E-39
A696 : DEX            : A=76 X=03 Y=D2 SP=?? N=0 V=0 D=0 I=0 Z=0 C=0 : FWA 5D-77:B4F22EEA:00:00 = +1.38050864E-03 : FWB 52-02:9DB09218:00:?? = +7.24075726E-39
A697 : BNE A65E       : A=76 X=03 Y=D2 SP=?? N=0 V=0 D=0 I=0 Z=0 C=0 : FWA 5D-77:B4F22EEA:00:00 = +1.38050864E-03 : FWB 52-02:9DB09218:00:?? = +7.24075726E-39
A65E : BCS A676       : A=76 X=03 Y=D2 SP=?? N=0 V=0 D=0 I=0 Z=0 C=0 : FWA 5D-77:B4F22EEA:00:00 = +1.38050864E-03 : FWB 52-02:9DB09218:00:?? = +7.24075726E-39
A660 : CMP 31         : A=76 X=03 Y=D2 SP=?? N=1 V=0 D=0 I=0 Z=0 C=0 : FWA 5D-77:B4F22EEA:00:00 = +1.38050864E-03 : FWB 52-02:9DB09218:00:?? = +7.24075726E-39
A662 : BNE A674       : A=76 X=03 Y=D2 SP=?? N=1 V=0 D=0 I=0 Z=0 C=0 : FWA 5D-77:B4F22EEA:00:00 = +1.38050864E-03 : FWB 52-02:9DB09218:00:?? = +7.24075726E-39
A674 : BCC A68D       : A=76 X=03 Y=D2 SP=?? N=1 V=0 D=0 I=0 Z=0 C=0 : FWA 5D-77:B4F22EEA:00:00 = +1.38050864E-03 : FWB 52-02:9DB09218:00:?? = +7.24075726E-39
A68D : ROL 3B         : A=76 X=03 Y=D2 SP=?? N=1 V=0 D=0 I=0 Z=0 C=0 : FWA 5D-77:B4F22EEA:00:00 = +1.38050864E-03 : FWB A4-02:9DB09218:00:?? = -7.24075726E-39
A68F : ASL 40         : A=76 X=03 Y=D2 SP=?? N=0 V=0 D=0 I=0 Z=0 C=0 : FWA 5D-77:B4F22EEA:00:00 = +1.38050864E-03 : FWB A4-02:9DB09230:00:?? = -7.24075733E-39
A691 : ROL 3F         : A=76 X=03 Y=D2 SP=?? N=0 V=0 D=0 I=0 Z=0 C=1 : FWA 5D-77:B4F22EEA:00:00 = +1.38050864E-03 : FWB A4-02:9DB02430:00:?? = -7.24068025E-39
A693 : ROL 3E         : A=76 X=03 Y=D2 SP=?? N=0 V=0 D=0 I=0 Z=0 C=1 : FWA 5D-77:B4F22EEA:00:00 = +1.38050864E-03 : FWB A4-02:9D612430:00:?? = -7.22651032E-39
A695 : ROL A          : A=ED X=03 Y=D2 SP=?? N=1 V=0 D=0 I=0 Z=0 C=0 : FWA 5D-77:B4F22EEA:00:00 = +1.38050864E-03 : FWB A4-02:9D612430:00:?? = -7.22651032E-39
A696 : DEX            : A=ED X=02 Y=D2 SP=?? N=0 V=0 D=0 I=0 Z=0 C=0 : FWA 5D-77:B4F22EEA:00:00 = +1.38050864E-03 : FWB A4-02:9D612430:00:?? = -7.22651032E-39
A697 : BNE A65E       : A=ED X=02 Y=D2 SP=?? N=0 V=0 D=0 I=0 Z=0 C=0 : FWA 5D-77:B4F22EEA:00:00 = +1.38050864E-03 : FWB A4-02:9D612430:00:?? = -7.22651032E-39
A65E : BCS A676       : A=ED X=02 Y=D2 SP=?? N=0 V=0 D=0 I=0 Z=0 C=0 : FWA 5D-77:B4F22EEA:00:00 = +1.38050864E-03 : FWB A4-02:9D612430:00:?? = -7.22651032E-39
A660 : CMP 31         : A=ED X=02 Y=D2 SP=?? N=0 V=0 D=0 I=0 Z=0 C=1 : FWA 5D-77:B4F22EEA:00:00 = +1.38050864E-03 : FWB A4-02:9D612430:00:?? = -7.22651032E-39
A662 : BNE A674       : A=ED X=02 Y=D2 SP=?? N=0 V=0 D=0 I=0 Z=0 C=1 : FWA 5D-77:B4F22EEA:00:00 = +1.38050864E-03 : FWB A4-02:9D612430:00:?? = -7.22651032E-39
A674 : BCC A68D       : A=ED X=02 Y=D2 SP=?? N=0 V=0 D=0 I=0 Z=0 C=1 : FWA 5D-77:B4F22EEA:00:00 = +1.38050864E-03 : FWB A4-02:9D612430:00:?? = -7.22651032E-39
A676 : TAY            : A=ED X=02 Y=ED SP=?? N=1 V=0 D=0 I=0 Z=0 C=1 : FWA 5D-77:B4F22EEA:00:00 = +1.38050864E-03 : FWB A4-02:9D612430:00:?? = -7.22651032E-39
A677 : LDA 40         : A=30 X=02 Y=ED SP=?? N=0 V=0 D=0 I=0 Z=0 C=1 : FWA 5D-77:B4F22EEA:00:00 = +1.38050864E-03 : FWB A4-02:9D612430:00:?? = -7.22651032E-39
A679 : SBC 34         : A=46 X=02 Y=ED SP=?? N=0 V=0 D=0 I=0 Z=0 C=0 : FWA 5D-77:B4F22EEA:00:00 = +1.38050864E-03 : FWB A4-02:9D612430:00:?? = -7.22651032E-39
A67B : STA 40         : A=46 X=02 Y=ED SP=?? N=0 V=0 D=0 I=0 Z=0 C=0 : FWA 5D-77:B4F22EEA:00:00 = +1.38050864E-03 : FWB A4-02:9D612446:00:?? = -7.22651039E-39
A67D : LDA 3F         : A=24 X=02 Y=ED SP=?? N=0 V=0 D=0 I=0 Z=0 C=0 : FWA 5D-77:B4F22EEA:00:00 = +1.38050864E-03 : FWB A4-02:9D612446:00:?? = -7.22651039E-39
A67F : SBC 33         : A=F5 X=02 Y=ED SP=?? N=1 V=0 D=0 I=0 Z=0 C=0 : FWA 5D-77:B4F22EEA:00:00 = +1.38050864E-03 : FWB A4-02:9D612446:00:?? = -7.22651039E-39
A681 : STA 3F         : A=F5 X=02 Y=ED SP=?? N=1 V=0 D=0 I=0 Z=0 C=0 : FWA 5D-77:B4F22EEA:00:00 = +1.38050864E-03 : FWB A4-02:9D61F546:00:?? = -7.22665682E-39
A683 : LDA 3E         : A=61 X=02 Y=ED SP=?? N=0 V=0 D=0 I=0 Z=0 C=0 : FWA 5D-77:B4F22EEA:00:00 = +1.38050864E-03 : FWB A4-02:9D61F546:00:?? = -7.22665682E-39
A685 : SBC 32         : A=6E X=02 Y=ED SP=?? N=0 V=0 D=0 I=0 Z=0 C=0 : FWA 5D-77:B4F22EEA:00:00 = +1.38050864E-03 : FWB A4-02:9D61F546:00:?? = -7.22665682E-39
A687 : STA 3E         : A=6E X=02 Y=ED SP=?? N=0 V=0 D=0 I=0 Z=0 C=0 : FWA 5D-77:B4F22EEA:00:00 = +1.38050864E-03 : FWB A4-02:9D6EF546:00:?? = -7.22898858E-39
A689 : TYA            : A=ED X=02 Y=ED SP=?? N=1 V=0 D=0 I=0 Z=0 C=0 : FWA 5D-77:B4F22EEA:00:00 = +1.38050864E-03 : FWB A4-02:9D6EF546:00:?? = -7.22898858E-39
A68A : SBC 31         : A=38 X=02 Y=ED SP=?? N=0 V=0 D=0 I=0 Z=0 C=1 : FWA 5D-77:B4F22EEA:00:00 = +1.38050864E-03 : FWB A4-02:9D6EF546:00:?? = -7.22898858E-39
A68C : SEC            : A=38 X=02 Y=ED SP=?? N=0 V=0 D=0 I=0 Z=0 C=1 : FWA 5D-77:B4F22EEA:00:00 = +1.38050864E-03 : FWB A4-02:9D6EF546:00:?? = -7.22898858E-39
A68D : ROL 3B         : A=38 X=02 Y=ED SP=?? N=0 V=0 D=0 I=0 Z=0 C=1 : FWA 5D-77:B4F22EEA:00:00 = +1.38050864E-03 : FWB 49-02:9D6EF546:00:?? = +7.22898858E-39
A68F : ASL 40         : A=38 X=02 Y=ED SP=?? N=1 V=0 D=0 I=0 Z=0 C=0 : FWA 5D-77:B4F22EEA:00:00 = +1.38050864E-03 : FWB 49-02:9D6EF58C:00:?? = +7.22898877E-39
A691 : ROL 3F         : A=38 X=02 Y=ED SP=?? N=1 V=0 D=0 I=0 Z=0 C=1 : FWA 5D-77:B4F22EEA:00:00 = +1.38050864E-03 : FWB 49-02:9D6EEA8C:00:?? = +7.22898107E-39
A693 : ROL 3E         : A=38 X=02 Y=ED SP=?? N=1 V=0 D=0 I=0 Z=0 C=0 : FWA 5D-77:B4F22EEA:00:00 = +1.38050864E-03 : FWB 49-02:9DDDEA8C:00:?? = +7.24889071E-39
A695 : ROL A          : A=70 X=02 Y=ED SP=?? N=0 V=0 D=0 I=0 Z=0 C=0 : FWA 5D-77:B4F22EEA:00:00 = +1.38050864E-03 : FWB 49-02:9DDDEA8C:00:?? = +7.24889071E-39
A696 : DEX            : A=70 X=01 Y=ED SP=?? N=0 V=0 D=0 I=0 Z=0 C=0 : FWA 5D-77:B4F22EEA:00:00 = +1.38050864E-03 : FWB 49-02:9DDDEA8C:00:?? = +7.24889071E-39
A697 : BNE A65E       : A=70 X=01 Y=ED SP=?? N=0 V=0 D=0 I=0 Z=0 C=0 : FWA 5D-77:B4F22EEA:00:00 = +1.38050864E-03 : FWB 49-02:9DDDEA8C:00:?? = +7.24889071E-39
A65E : BCS A676       : A=70 X=01 Y=ED SP=?? N=0 V=0 D=0 I=0 Z=0 C=0 : FWA 5D-77:B4F22EEA:00:00 = +1.38050864E-03 : FWB 49-02:9DDDEA8C:00:?? = +7.24889071E-39
A660 : CMP 31         : A=70 X=01 Y=ED SP=?? N=1 V=0 D=0 I=0 Z=0 C=0 : FWA 5D-77:B4F22EEA:00:00 = +1.38050864E-03 : FWB 49-02:9DDDEA8C:00:?? = +7.24889071E-39
A662 : BNE A674       : A=70 X=01 Y=ED SP=?? N=1 V=0 D=0 I=0 Z=0 C=0 : FWA 5D-77:B4F22EEA:00:00 = +1.38050864E-03 : FWB 49-02:9DDDEA8C:00:?? = +7.24889071E-39
A674 : BCC A68D       : A=70 X=01 Y=ED SP=?? N=1 V=0 D=0 I=0 Z=0 C=0 : FWA 5D-77:B4F22EEA:00:00 = +1.38050864E-03 : FWB 49-02:9DDDEA8C:00:?? = +7.24889071E-39
A68D : ROL 3B         : A=70 X=01 Y=ED SP=?? N=1 V=0 D=0 I=0 Z=0 C=0 : FWA 5D-77:B4F22EEA:00:00 = +1.38050864E-03 : FWB 92-02:9DDDEA8C:00:?? = -7.24889071E-39
A68F : ASL 40         : A=70 X=01 Y=ED SP=?? N=0 V=0 D=0 I=0 Z=0 C=1 : FWA 5D-77:B4F22EEA:00:00 = +1.38050864E-03 : FWB 92-02:9DDDEA18:00:?? = -7.24889040E-39
A691 : ROL 3F         : A=70 X=01 Y=ED SP=?? N=1 V=0 D=0 I=0 Z=0 C=1 : FWA 5D-77:B4F22EEA:00:00 = +1.38050864E-03 : FWB 92-02:9DDDD518:00:?? = -7.24887568E-39
A693 : ROL 3E         : A=70 X=01 Y=ED SP=?? N=1 V=0 D=0 I=0 Z=0 C=1 : FWA 5D-77:B4F22EEA:00:00 = +1.38050864E-03 : FWB 92-02:9DBBD518:00:?? = -7.24277723E-39
A695 : ROL A          : A=E1 X=01 Y=ED SP=?? N=1 V=0 D=0 I=0 Z=0 C=0 : FWA 5D-77:B4F22EEA:00:00 = +1.38050864E-03 : FWB 92-02:9DBBD518:00:?? = -7.24277723E-39
A696 : DEX            : A=E1 X=00 Y=ED SP=?? N=0 V=0 D=0 I=0 Z=1 C=0 : FWA 5D-77:B4F22EEA:00:00 = +1.38050864E-03 : FWB 92-02:9DBBD518:00:?? = -7.24277723E-39
A697 : BNE A65E       : A=E1 X=00 Y=ED SP=?? N=0 V=0 D=0 I=0 Z=1 C=0 : FWA 5D-77:B4F22EEA:00:00 = +1.38050864E-03 : FWB 92-02:9DBBD518:00:?? = -7.24277723E-39
A699 : LDX 3B         : A=E1 X=92 Y=ED SP=?? N=1 V=0 D=0 I=0 Z=0 C=0 : FWA 5D-77:B4F22EEA:00:00 = +1.38050864E-03 : FWB 92-02:9DBBD518:00:?? = -7.24277723E-39
A69B : PHX            : A=E1 X=92 Y=ED SP=?? N=1 V=0 D=0 I=0 Z=0 C=0 : FWA 5D-77:B4F22EEA:00:00 = +1.38050864E-03 : FWB 92-02:9DBBD518:00:?? = -7.24277723E-39
A69C : DEC 3C         : A=E1 X=92 Y=ED SP=?? N=0 V=0 D=0 I=0 Z=0 C=0 : FWA 5D-77:B4F22EEA:00:00 = +1.38050864E-03 : FWB 92-01:9DBBD518:00:?? = -3.62138862E-39
A69E : BNE A65C       : A=E1 X=92 Y=ED SP=?? N=0 V=0 D=0 I=0 Z=0 C=0 : FWA 5D-77:B4F22EEA:00:00 = +1.38050864E-03 : FWB 92-01:9DBBD518:00:?? = -3.62138862E-39
A65C : LDX #08        : A=E1 X=08 Y=ED SP=?? N=0 V=0 D=0 I=0 Z=0 C=0 : FWA 5D-77:B4F22EEA:00:00 = +1.38050864E-03 : FWB 92-01:9DBBD518:00:?? = -3.62138862E-39
A65E : BCS A676       : A=E1 X=08 Y=ED SP=?? N=0 V=0 D=0 I=0 Z=0 C=0 : FWA 5D-77:B4F22EEA:00:00 = +1.38050864E-03 : FWB 92-01:9DBBD518:00:?? = -3.62138862E-39
A660 : CMP 31         : A=E1 X=08 Y=ED SP=?? N=0 V=0 D=0 I=0 Z=0 C=1 : FWA 5D-77:B4F22EEA:00:00 = +1.38050864E-03 : FWB 92-01:9DBBD518:00:?? = -3.62138862E-39
A662 : BNE A674       : A=E1 X=08 Y=ED SP=?? N=0 V=0 D=0 I=0 Z=0 C=1 : FWA 5D-77:B4F22EEA:00:00 = +1.38050864E-03 : FWB 92-01:9DBBD518:00:?? = -3.62138862E-39
A674 : BCC A68D       : A=E1 X=08 Y=ED SP=?? N=0 V=0 D=0 I=0 Z=0 C=1 : FWA 5D-77:B4F22EEA:00:00 = +1.38050864E-03 : FWB 92-01:9DBBD518:00:?? = -3.62138862E-39
A676 : TAY            : A=E1 X=08 Y=E1 SP=?? N=1 V=0 D=0 I=0 Z=0 C=1 : FWA 5D-77:B4F22EEA:00:00 = +1.38050864E-03 : FWB 92-01:9DBBD518:00:?? = -3.62138862E-39
A677 : LDA 40         : A=18 X=08 Y=E1 SP=?? N=0 V=0 D=0 I=0 Z=0 C=1 : FWA 5D-77:B4F22EEA:00:00 = +1.38050864E-03 : FWB 92-01:9DBBD518:00:?? = -3.62138862E-39
A679 : SBC 34         : A=2E X=08 Y=E1 SP=?? N=0 V=0 D=0 I=0 Z=0 C=0 : FWA 5D-77:B4F22EEA:00:00 = +1.38050864E-03 : FWB 92-01:9DBBD518:00:?? = -3.62138862E-39
A67B : STA 40         : A=2E X=08 Y=E1 SP=?? N=0 V=0 D=0 I=0 Z=0 C=0 : FWA 5D-77:B4F22EEA:00:00 = +1.38050864E-03 : FWB 92-01:9DBBD52E:00:?? = -3.62138865E-39
A67D : LDA 3F         : A=D5 X=08 Y=E1 SP=?? N=1 V=0 D=0 I=0 Z=0 C=0 : FWA 5D-77:B4F22EEA:00:00 = +1.38050864E-03 : FWB 92-01:9DBBD52E:00:?? = -3.62138865E-39
A67F : SBC 33         : A=A6 X=08 Y=E1 SP=?? N=1 V=0 D=0 I=0 Z=0 C=1 : FWA 5D-77:B4F22EEA:00:00 = +1.38050864E-03 : FWB 92-01:9DBBD52E:00:?? = -3.62138865E-39
A681 : STA 3F         : A=A6 X=08 Y=E1 SP=?? N=1 V=0 D=0 I=0 Z=0 C=1 : FWA 5D-77:B4F22EEA:00:00 = +1.38050864E-03 : FWB 92-01:9DBBA62E:00:?? = -3.62137218E-39
A683 : LDA 3E         : A=BB X=08 Y=E1 SP=?? N=1 V=0 D=0 I=0 Z=0 C=1 : FWA 5D-77:B4F22EEA:00:00 = +1.38050864E-03 : FWB 92-01:9DBBA62E:00:?? = -3.62137218E-39
A685 : SBC 32         : A=C9 X=08 Y=E1 SP=?? N=1 V=0 D=0 I=0 Z=0 C=0 : FWA 5D-77:B4F22EEA:00:00 = +1.38050864E-03 : FWB 92-01:9DBBA62E:00:?? = -3.62137218E-39
A687 : STA 3E         : A=C9 X=08 Y=E1 SP=?? N=1 V=0 D=0 I=0 Z=0 C=0 : FWA 5D-77:B4F22EEA:00:00 = +1.38050864E-03 : FWB 92-01:9DC9A62E:00:?? = -3.62262774E-39
A689 : TYA            : A=E1 X=08 Y=E1 SP=?? N=1 V=0 D=0 I=0 Z=0 C=0 : FWA 5D-77:B4F22EEA:00:00 = +1.38050864E-03 : FWB 92-01:9DC9A62E:00:?? = -3.62262774E-39
A68A : SBC 31         : A=2C X=08 Y=E1 SP=?? N=0 V=0 D=0 I=0 Z=0 C=1 : FWA 5D-77:B4F22EEA:00:00 = +1.38050864E-03 : FWB 92-01:9DC9A62E:00:?? = -3.62262774E-39
A68C : SEC            : A=2C X=08 Y=E1 SP=?? N=0 V=0 D=0 I=0 Z=0 C=1 : FWA 5D-77:B4F22EEA:00:00 = +1.38050864E-03 : FWB 92-01:9DC9A62E:00:?? = -3.62262774E-39
A68D : ROL 3B         : A=2C X=08 Y=E1 SP=?? N=0 V=0 D=0 I=0 Z=0 C=1 : FWA 5D-77:B4F22EEA:00:00 = +1.38050864E-03 : FWB 25-01:9DC9A62E:00:?? = +3.62262774E-39
A68F : ASL 40         : A=2C X=08 Y=E1 SP=?? N=0 V=0 D=0 I=0 Z=0 C=0 : FWA 5D-77:B4F22EEA:00:00 = +1.38050864E-03 : FWB 25-01:9DC9A65C:00:?? = +3.62262781E-39
A691 : ROL 3F         : A=2C X=08 Y=E1 SP=?? N=0 V=0 D=0 I=0 Z=0 C=1 : FWA 5D-77:B4F22EEA:00:00 = +1.38050864E-03 : FWB 25-01:9DC94C5C:00:?? = +3.62259628E-39
A693 : ROL 3E         : A=2C X=08 Y=E1 SP=?? N=1 V=0 D=0 I=0 Z=0 C=1 : FWA 5D-77:B4F22EEA:00:00 = +1.38050864E-03 : FWB 25-01:9D934C5C:00:?? = +3.61775339E-39
A695 : ROL A          : A=59 X=08 Y=E1 SP=?? N=0 V=0 D=0 I=0 Z=0 C=0 : FWA 5D-77:B4F22EEA:00:00 = +1.38050864E-03 : FWB 25-01:9D934C5C:00:?? = +3.61775339E-39
A696 : DEX            : A=59 X=07 Y=E1 SP=?? N=0 V=0 D=0 I=0 Z=0 C=0 : FWA 5D-77:B4F22EEA:00:00 = +1.38050864E-03 : FWB 25-01:9D934C5C:00:?? = +3.61775339E-39
A697 : BNE A65E       : A=59 X=07 Y=E1 SP=?? N=0 V=0 D=0 I=0 Z=0 C=0 : FWA 5D-77:B4F22EEA:00:00 = +1.38050864E-03 : FWB 25-01:9D934C5C:00:?? = +3.61775339E-39
A65E : BCS A676       : A=59 X=07 Y=E1 SP=?? N=0 V=0 D=0 I=0 Z=0 C=0 : FWA 5D-77:B4F22EEA:00:00 = +1.38050864E-03 : FWB 25-01:9D934C5C:00:?? = +3.61775339E-39
A660 : CMP 31         : A=59 X=07 Y=E1 SP=?? N=1 V=0 D=0 I=0 Z=0 C=0 : FWA 5D-77:B4F22EEA:00:00 = +1.38050864E-03 : FWB 25-01:9D934C5C:00:?? = +3.61775339E-39
A662 : BNE A674       : A=59 X=07 Y=E1 SP=?? N=1 V=0 D=0 I=0 Z=0 C=0 : FWA 5D-77:B4F22EEA:00:00 = +1.38050864E-03 : FWB 25-01:9D934C5C:00:?? = +3.61775339E-39
A674 : BCC A68D       : A=59 X=07 Y=E1 SP=?? N=1 V=0 D=0 I=0 Z=0 C=0 : FWA 5D-77:B4F22EEA:00:00 = +1.38050864E-03 : FWB 25-01:9D934C5C:00:?? = +3.61775339E-39
A68D : ROL 3B         : A=59 X=07 Y=E1 SP=?? N=0 V=0 D=0 I=0 Z=0 C=0 : FWA 5D-77:B4F22EEA:00:00 = +1.38050864E-03 : FWB 4A-01:9D934C5C:00:?? = +3.61775339E-39
A68F : ASL 40         : A=59 X=07 Y=E1 SP=?? N=1 V=0 D=0 I=0 Z=0 C=0 : FWA 5D-77:B4F22EEA:00:00 = +1.38050864E-03 : FWB 4A-01:9D934CB8:00:?? = +3.61775352E-39
A691 : ROL 3F         : A=59 X=07 Y=E1 SP=?? N=1 V=0 D=0 I=0 Z=0 C=0 : FWA 5D-77:B4F22EEA:00:00 = +1.38050864E-03 : FWB 4A-01:9D9398B8:00:?? = +3.61778014E-39
A693 : ROL 3E         : A=59 X=07 Y=E1 SP=?? N=0 V=0 D=0 I=0 Z=0 C=1 : FWA 5D-77:B4F22EEA:00:00 = +1.38050864E-03 : FWB 4A-01:9D2698B8:00:?? = +3.60800468E-39
A695 : ROL A          : A=B3 X=07 Y=E1 SP=?? N=1 V=0 D=0 I=0 Z=0 C=0 : FWA 5D-77:B4F22EEA:00:00 = +1.38050864E-03 : FWB 4A-01:9D2698B8:00:?? = +3.60800468E-39
A696 : DEX            : A=B3 X=06 Y=E1 SP=?? N=0 V=0 D=0 I=0 Z=0 C=0 : FWA 5D-77:B4F22EEA:00:00 = +1.38050864E-03 : FWB 4A-01:9D2698B8:00:?? = +3.60800468E-39
A697 : BNE A65E       : A=B3 X=06 Y=E1 SP=?? N=0 V=0 D=0 I=0 Z=0 C=0 : FWA 5D-77:B4F22EEA:00:00 = +1.38050864E-03 : FWB 4A-01:9D2698B8:00:?? = +3.60800468E-39
A65E : BCS A676       : A=B3 X=06 Y=E1 SP=?? N=0 V=0 D=0 I=0 Z=0 C=0 : FWA 5D-77:B4F22EEA:00:00 = +1.38050864E-03 : FWB 4A-01:9D2698B8:00:?? = +3.60800468E-39
A660 : CMP 31         : A=B3 X=06 Y=E1 SP=?? N=1 V=0 D=0 I=0 Z=0 C=0 : FWA 5D-77:B4F22EEA:00:00 = +1.38050864E-03 : FWB 4A-01:9D2698B8:00:?? = +3.60800468E-39
A662 : BNE A674       : A=B3 X=06 Y=E1 SP=?? N=1 V=0 D=0 I=0 Z=0 C=0 : FWA 5D-77:B4F22EEA:00:00 = +1.38050864E-03 : FWB 4A-01:9D2698B8:00:?? = +3.60800468E-39
A674 : BCC A68D       : A=B3 X=06 Y=E1 SP=?? N=1 V=0 D=0 I=0 Z=0 C=0 : FWA 5D-77:B4F22EEA:00:00 = +1.38050864E-03 : FWB 4A-01:9D2698B8:00:?? = +3.60800468E-39
A68D : ROL 3B         : A=B3 X=06 Y=E1 SP=?? N=1 V=0 D=0 I=0 Z=0 C=0 : FWA 5D-77:B4F22EEA:00:00 = +1.38050864E-03 : FWB 94-01:9D2698B8:00:?? = -3.60800468E-39
A68F : ASL 40         : A=B3 X=06 Y=E1 SP=?? N=0 V=0 D=0 I=0 Z=0 C=1 : FWA 5D-77:B4F22EEA:00:00 = +1.38050864E-03 : FWB 94-01:9D269870:00:?? = -3.60800458E-39
A691 : ROL 3F         : A=B3 X=06 Y=E1 SP=?? N=0 V=0 D=0 I=0 Z=0 C=1 : FWA 5D-77:B4F22EEA:00:00 = +1.38050864E-03 : FWB 94-01:9D263170:00:?? = -3.60796850E-39
A693 : ROL 3E         : A=B3 X=06 Y=E1 SP=?? N=0 V=0 D=0 I=0 Z=0 C=0 : FWA 5D-77:B4F22EEA:00:00 = +1.38050864E-03 : FWB 94-01:9D4D3170:00:?? = -3.61146614E-39
A695 : ROL A          : A=66 X=06 Y=E1 SP=?? N=0 V=0 D=0 I=0 Z=0 C=1 : FWA 5D-77:B4F22EEA:00:00 = +1.38050864E-03 : FWB 94-01:9D4D3170:00:?? = -3.61146614E-39
A696 : DEX            : A=66 X=05 Y=E1 SP=?? N=0 V=0 D=0 I=0 Z=0 C=1 : FWA 5D-77:B4F22EEA:00:00 = +1.38050864E-03 : FWB 94-01:9D4D3170:00:?? = -3.61146614E-39
A697 : BNE A65E       : A=66 X=05 Y=E1 SP=?? N=0 V=0 D=0 I=0 Z=0 C=1 : FWA 5D-77:B4F22EEA:00:00 = +1.38050864E-03 : FWB 94-01:9D4D3170:00:?? = -3.61146614E-39
A65E : BCS A676       : A=66 X=05 Y=E1 SP=?? N=0 V=0 D=0 I=0 Z=0 C=1 : FWA 5D-77:B4F22EEA:00:00 = +1.38050864E-03 : FWB 94-01:9D4D3170:00:?? = -3.61146614E-39
A676 : TAY            : A=66 X=05 Y=66 SP=?? N=0 V=0 D=0 I=0 Z=0 C=1 : FWA 5D-77:B4F22EEA:00:00 = +1.38050864E-03 : FWB 94-01:9D4D3170:00:?? = -3.61146614E-39
A677 : LDA 40         : A=70 X=05 Y=66 SP=?? N=0 V=0 D=0 I=0 Z=0 C=1 : FWA 5D-77:B4F22EEA:00:00 = +1.38050864E-03 : FWB 94-01:9D4D3170:00:?? = -3.61146614E-39
A679 : SBC 34         : A=86 X=05 Y=66 SP=?? N=1 V=1 D=0 I=0 Z=0 C=0 : FWA 5D-77:B4F22EEA:00:00 = +1.38050864E-03 : FWB 94-01:9D4D3170:00:?? = -3.61146614E-39
A67B : STA 40         : A=86 X=05 Y=66 SP=?? N=1 V=1 D=0 I=0 Z=0 C=0 : FWA 5D-77:B4F22EEA:00:00 = +1.38050864E-03 : FWB 94-01:9D4D3186:00:?? = -3.61146617E-39
A67D : LDA 3F         : A=31 X=05 Y=66 SP=?? N=0 V=1 D=0 I=0 Z=0 C=0 : FWA 5D-77:B4F22EEA:00:00 = +1.38050864E-03 : FWB 94-01:9D4D3186:00:?? = -3.61146617E-39
A67F : SBC 33         : A=02 X=05 Y=66 SP=?? N=0 V=0 D=0 I=0 Z=0 C=1 : FWA 5D-77:B4F22EEA:00:00 = +1.38050864E-03 : FWB 94-01:9D4D3186:00:?? = -3.61146617E-39
A681 : STA 3F         : A=02 X=05 Y=66 SP=?? N=0 V=0 D=0 I=0 Z=0 C=1 : FWA 5D-77:B4F22EEA:00:00 = +1.38050864E-03 : FWB 94-01:9D4D0286:00:?? = -3.61144971E-39
A683 : LDA 3E         : A=4D X=05 Y=66 SP=?? N=0 V=0 D=0 I=0 Z=0 C=1 : FWA 5D-77:B4F22EEA:00:00 = +1.38050864E-03 : FWB 94-01:9D4D0286:00:?? = -3.61144971E-39
A685 : SBC 32         : A=5B X=05 Y=66 SP=?? N=0 V=0 D=0 I=0 Z=0 C=0 : FWA 5D-77:B4F22EEA:00:00 = +1.38050864E-03 : FWB 94-01:9D4D0286:00:?? = -3.61144971E-39
A687 : STA 3E         : A=5B X=05 Y=66 SP=?? N=0 V=0 D=0 I=0 Z=0 C=0 : FWA 5D-77:B4F22EEA:00:00 = +1.38050864E-03 : FWB 94-01:9D5B0286:00:?? = -3.61270527E-39
A689 : TYA            : A=66 X=05 Y=66 SP=?? N=0 V=0 D=0 I=0 Z=0 C=0 : FWA 5D-77:B4F22EEA:00:00 = +1.38050864E-03 : FWB 94-01:9D5B0286:00:?? = -3.61270527E-39
A68A : SBC 31         : A=B1 X=05 Y=66 SP=?? N=1 V=1 D=0 I=0 Z=0 C=0 : FWA 5D-77:B4F22EEA:00:00 = +1.38050864E-03 : FWB 94-01:9D5B0286:00:?? = -3.61270527E-39
A68C : SEC            : A=B1 X=05 Y=66 SP=?? N=1 V=1 D=0 I=0 Z=0 C=1 : FWA 5D-77:B4F22EEA:00:00 = +1.38050864E-03 : FWB 94-01:9D5B0286:00:?? = -3.61270527E-39
A68D : ROL 3B         : A=B1 X=05 Y=66 SP=?? N=0 V=1 D=0 I=0 Z=0 C=1 : FWA 5D-77:B4F22EEA:00:00 = +1.38050864E-03 : FWB 29-01:9D5B0286:00:?? = +3.61270527E-39
A68F : ASL 40         : A=B1 X=05 Y=66 SP=?? N=0 V=1 D=0 I=0 Z=0 C=1 : FWA 5D-77:B4F22EEA:00:00 = +1.38050864E-03 : FWB 29-01:9D5B020C:00:?? = +3.61270510E-39
A691 : ROL 3F         : A=B1 X=05 Y=66 SP=?? N=0 V=1 D=0 I=0 Z=0 C=0 : FWA 5D-77:B4F22EEA:00:00 = +1.38050864E-03 : FWB 29-01:9D5B050C:00:?? = +3.61270615E-39
A693 : ROL 3E         : A=B1 X=05 Y=66 SP=?? N=1 V=1 D=0 I=0 Z=0 C=0 : FWA 5D-77:B4F22EEA:00:00 = +1.38050864E-03 : FWB 29-01:9DB6050C:00:?? = +3.62086732E-39
A695 : ROL A          : A=62 X=05 Y=66 SP=?? N=0 V=1 D=0 I=0 Z=0 C=1 : FWA 5D-77:B4F22EEA:00:00 = +1.38050864E-03 : FWB 29-01:9DB6050C:00:?? = +3.62086732E-39
A696 : DEX            : A=62 X=04 Y=66 SP=?? N=0 V=1 D=0 I=0 Z=0 C=1 : FWA 5D-77:B4F22EEA:00:00 = +1.38050864E-03 : FWB 29-01:9DB6050C:00:?? = +3.62086732E-39
A697 : BNE A65E       : A=62 X=04 Y=66 SP=?? N=0 V=1 D=0 I=0 Z=0 C=1 : FWA 5D-77:B4F22EEA:00:00 = +1.38050864E-03 : FWB 29-01:9DB6050C:00:?? = +3.62086732E-39
A65E : BCS A676       : A=62 X=04 Y=66 SP=?? N=0 V=1 D=0 I=0 Z=0 C=1 : FWA 5D-77:B4F22EEA:00:00 = +1.38050864E-03 : FWB 29-01:9DB6050C:00:?? = +3.62086732E-39
A676 : TAY            : A=62 X=04 Y=62 SP=?? N=0 V=1 D=0 I=0 Z=0 C=1 : FWA 5D-77:B4F22EEA:00:00 = +1.38050864E-03 : FWB 29-01:9DB6050C:00:?? = +3.62086732E-39
A677 : LDA 40         : A=0C X=04 Y=62 SP=?? N=0 V=1 D=0 I=0 Z=0 C=1 : FWA 5D-77:B4F22EEA:00:00 = +1.38050864E-03 : FWB 29-01:9DB6050C:00:?? = +3.62086732E-39
A679 : SBC 34         : A=22 X=04 Y=62 SP=?? N=0 V=0 D=0 I=0 Z=0 C=0 : FWA 5D-77:B4F22EEA:00:00 = +1.38050864E-03 : FWB 29-01:9DB6050C:00:?? = +3.62086732E-39
A67B : STA 40         : A=22 X=04 Y=62 SP=?? N=0 V=0 D=0 I=0 Z=0 C=0 : FWA 5D-77:B4F22EEA:00:00 = +1.38050864E-03 : FWB 29-01:9DB60522:00:?? = +3.62086735E-39
A67D : LDA 3F         : A=05 X=04 Y=62 SP=?? N=0 V=0 D=0 I=0 Z=0 C=0 : FWA 5D-77:B4F22EEA:00:00 = +1.38050864E-03 : FWB 29-01:9DB60522:00:?? = +3.62086735E-39
A67F : SBC 33         : A=D6 X=04 Y=62 SP=?? N=1 V=0 D=0 I=0 Z=0 C=0 : FWA 5D-77:B4F22EEA:00:00 = +1.38050864E-03 : FWB 29-01:9DB60522:00:?? = +3.62086735E-39
A681 : STA 3F         : A=D6 X=04 Y=62 SP=?? N=1 V=0 D=0 I=0 Z=0 C=0 : FWA 5D-77:B4F22EEA:00:00 = +1.38050864E-03 : FWB 29-01:9DB6D622:00:?? = +3.62094056E-39
A683 : LDA 3E         : A=B6 X=04 Y=62 SP=?? N=1 V=0 D=0 I=0 Z=0 C=0 : FWA 5D-77:B4F22EEA:00:00 = +1.38050864E-03 : FWB 29-01:9DB6D622:00:?? = +3.62094056E-39
A685 : SBC 32         : A=C3 X=04 Y=62 SP=?? N=1 V=0 D=0 I=0 Z=0 C=0 : FWA 5D-77:B4F22EEA:00:00 = +1.38050864E-03 : FWB 29-01:9DB6D622:00:?? = +3.62094056E-39
A687 : STA 3E         : A=C3 X=04 Y=62 SP=?? N=1 V=0 D=0 I=0 Z=0 C=0 : FWA 5D-77:B4F22EEA:00:00 = +1.38050864E-03 : FWB 29-01:9DC3D622:00:?? = +3.62210645E-39
A689 : TYA            : A=62 X=04 Y=62 SP=?? N=0 V=0 D=0 I=0 Z=0 C=0 : FWA 5D-77:B4F22EEA:00:00 = +1.38050864E-03 : FWB 29-01:9DC3D622:00:?? = +3.62210645E-39
A68A : SBC 31         : A=AD X=04 Y=62 SP=?? N=1 V=1 D=0 I=0 Z=0 C=0 : FWA 5D-77:B4F22EEA:00:00 = +1.38050864E-03 : FWB 29-01:9DC3D622:00:?? = +3.62210645E-39
A68C : SEC            : A=AD X=04 Y=62 SP=?? N=1 V=1 D=0 I=0 Z=0 C=1 : FWA 5D-77:B4F22EEA:00:00 = +1.38050864E-03 : FWB 29-01:9DC3D622:00:?? = +3.62210645E-39
A68D : ROL 3B         : A=AD X=04 Y=62 SP=?? N=0 V=1 D=0 I=0 Z=0 C=0 : FWA 5D-77:B4F22EEA:00:00 = +1.38050864E-03 : FWB 53-01:9DC3D622:00:?? = +3.62210645E-39
A68F : ASL 40         : A=AD X=04 Y=62 SP=?? N=0 V=1 D=0 I=0 Z=0 C=0 : FWA 5D-77:B4F22EEA:00:00 = +1.38050864E-03 : FWB 53-01:9DC3D644:00:?? = +3.62210649E-39
A691 : ROL 3F         : A=AD X=04 Y=62 SP=?? N=1 V=1 D=0 I=0 Z=0 C=1 : FWA 5D-77:B4F22EEA:00:00 = +1.38050864E-03 : FWB 53-01:9DC3AC44:00:?? = +3.62209178E-39
A693 : ROL 3E         : A=AD X=04 Y=62 SP=?? N=1 V=1 D=0 I=0 Z=0 C=1 : FWA 5D-77:B4F22EEA:00:00 = +1.38050864E-03 : FWB 53-01:9D87AC44:00:?? = +3.61671079E-39
A695 : ROL A          : A=5B X=04 Y=62 SP=?? N=0 V=1 D=0 I=0 Z=0 C=1 : FWA 5D-77:B4F22EEA:00:00 = +1.38050864E-03 : FWB 53-01:9D87AC44:00:?? = +3.61671079E-39
A696 : DEX            : A=5B X=03 Y=62 SP=?? N=0 V=1 D=0 I=0 Z=0 C=1 : FWA 5D-77:B4F22EEA:00:00 = +1.38050864E-03 : FWB 53-01:9D87AC44:00:?? = +3.61671079E-39
A697 : BNE A65E       : A=5B X=03 Y=62 SP=?? N=0 V=1 D=0 I=0 Z=0 C=1 : FWA 5D-77:B4F22EEA:00:00 = +1.38050864E-03 : FWB 53-01:9D87AC44:00:?? = +3.61671079E-39
A65E : BCS A676       : A=5B X=03 Y=62 SP=?? N=0 V=1 D=0 I=0 Z=0 C=1 : FWA 5D-77:B4F22EEA:00:00 = +1.38050864E-03 : FWB 53-01:9D87AC44:00:?? = +3.61671079E-39
A676 : TAY            : A=5B X=03 Y=5B SP=?? N=0 V=1 D=0 I=0 Z=0 C=1 : FWA 5D-77:B4F22EEA:00:00 = +1.38050864E-03 : FWB 53-01:9D87AC44:00:?? = +3.61671079E-39
A677 : LDA 40         : A=44 X=03 Y=5B SP=?? N=0 V=1 D=0 I=0 Z=0 C=1 : FWA 5D-77:B4F22EEA:00:00 = +1.38050864E-03 : FWB 53-01:9D87AC44:00:?? = +3.61671079E-39
A679 : SBC 34         : A=5A X=03 Y=5B SP=?? N=0 V=0 D=0 I=0 Z=0 C=0 : FWA 5D-77:B4F22EEA:00:00 = +1.38050864E-03 : FWB 53-01:9D87AC44:00:?? = +3.61671079E-39
A67B : STA 40         : A=5A X=03 Y=5B SP=?? N=0 V=0 D=0 I=0 Z=0 C=0 : FWA 5D-77:B4F22EEA:00:00 = +1.38050864E-03 : FWB 53-01:9D87AC5A:00:?? = +3.61671082E-39
A67D : LDA 3F         : A=AC X=03 Y=5B SP=?? N=1 V=0 D=0 I=0 Z=0 C=0 : FWA 5D-77:B4F22EEA:00:00 = +1.38050864E-03 : FWB 53-01:9D87AC5A:00:?? = +3.61671082E-39
A67F : SBC 33         : A=7D X=03 Y=5B SP=?? N=0 V=1 D=0 I=0 Z=0 C=1 : FWA 5D-77:B4F22EEA:00:00 = +1.38050864E-03 : FWB 53-01:9D87AC5A:00:?? = +3.61671082E-39
A681 : STA 3F         : A=7D X=03 Y=5B SP=?? N=0 V=1 D=0 I=0 Z=0 C=1 : FWA 5D-77:B4F22EEA:00:00 = +1.38050864E-03 : FWB 53-01:9D877D5A:00:?? = +3.61669436E-39
A683 : LDA 3E         : A=87 X=03 Y=5B SP=?? N=1 V=1 D=0 I=0 Z=0 C=1 : FWA 5D-77:B4F22EEA:00:00 = +1.38050864E-03 : FWB 53-01:9D877D5A:00:?? = +3.61669436E-39
A685 : SBC 32         : A=95 X=03 Y=5B SP=?? N=1 V=0 D=0 I=0 Z=0 C=0 : FWA 5D-77:B4F22EEA:00:00 = +1.38050864E-03 : FWB 53-01:9D877D5A:00:?? = +3.61669436E-39
A687 : STA 3E         : A=95 X=03 Y=5B SP=?? N=1 V=0 D=0 I=0 Z=0 C=0 : FWA 5D-77:B4F22EEA:00:00 = +1.38050864E-03 : FWB 53-01:9D957D5A:00:?? = +3.61794992E-39
A689 : TYA            : A=5B X=03 Y=5B SP=?? N=0 V=0 D=0 I=0 Z=0 C=0 : FWA 5D-77:B4F22EEA:00:00 = +1.38050864E-03 : FWB 53-01:9D957D5A:00:?? = +3.61794992E-39
A68A : SBC 31         : A=A6 X=03 Y=5B SP=?? N=1 V=1 D=0 I=0 Z=0 C=0 : FWA 5D-77:B4F22EEA:00:00 = +1.38050864E-03 : FWB 53-01:9D957D5A:00:?? = +3.61794992E-39
A68C : SEC            : A=A6 X=03 Y=5B SP=?? N=1 V=1 D=0 I=0 Z=0 C=1 : FWA 5D-77:B4F22EEA:00:00 = +1.38050864E-03 : FWB 53-01:9D957D5A:00:?? = +3.61794992E-39
A68D : ROL 3B         : A=A6 X=03 Y=5B SP=?? N=1 V=1 D=0 I=0 Z=0 C=0 : FWA 5D-77:B4F22EEA:00:00 = +1.38050864E-03 : FWB A7-01:9D957D5A:00:?? = -3.61794992E-39
A68F : ASL 40         : A=A6 X=03 Y=5B SP=?? N=1 V=1 D=0 I=0 Z=0 C=0 : FWA 5D-77:B4F22EEA:00:00 = +1.38050864E-03 : FWB A7-01:9D957DB4:00:?? = -3.61795004E-39
A691 : ROL 3F         : A=A6 X=03 Y=5B SP=?? N=1 V=1 D=0 I=0 Z=0 C=0 : FWA 5D-77:B4F22EEA:00:00 = +1.38050864E-03 : FWB A7-01:9D95FAB4:00:?? = -3.61799383E-39
A693 : ROL 3E         : A=A6 X=03 Y=5B SP=?? N=0 V=1 D=0 I=0 Z=0 C=1 : FWA 5D-77:B4F22EEA:00:00 = +1.38050864E-03 : FWB A7-01:9D2AFAB4:00:?? = -3.60839774E-39
A695 : ROL A          : A=4D X=03 Y=5B SP=?? N=0 V=1 D=0 I=0 Z=0 C=1 : FWA 5D-77:B4F22EEA:00:00 = +1.38050864E-03 : FWB A7-01:9D2AFAB4:00:?? = -3.60839774E-39
A696 : DEX            : A=4D X=02 Y=5B SP=?? N=0 V=1 D=0 I=0 Z=0 C=1 : FWA 5D-77:B4F22EEA:00:00 = +1.38050864E-03 : FWB A7-01:9D2AFAB4:00:?? = -3.60839774E-39
A697 : BNE A65E       : A=4D X=02 Y=5B SP=?? N=0 V=1 D=0 I=0 Z=0 C=1 : FWA 5D-77:B4F22EEA:00:00 = +1.38050864E-03 : FWB A7-01:9D2AFAB4:00:?? = -3.60839774E-39
A65E : BCS A676       : A=4D X=02 Y=5B SP=?? N=0 V=1 D=0 I=0 Z=0 C=1 : FWA 5D-77:B4F22EEA:00:00 = +1.38050864E-03 : FWB A7-01:9D2AFAB4:00:?? = -3.60839774E-39
A676 : TAY            : A=4D X=02 Y=4D SP=?? N=0 V=1 D=0 I=0 Z=0 C=1 : FWA 5D-77:B4F22EEA:00:00 = +1.38050864E-03 : FWB A7-01:9D2AFAB4:00:?? = -3.60839774E-39
A677 : LDA 40         : A=B4 X=02 Y=4D SP=?? N=1 V=1 D=0 I=0 Z=0 C=1 : FWA 5D-77:B4F22EEA:00:00 = +1.38050864E-03 : FWB A7-01:9D2AFAB4:00:?? = -3.60839774E-39
A679 : SBC 34         : A=CA X=02 Y=4D SP=?? N=1 V=0 D=0 I=0 Z=0 C=0 : FWA 5D-77:B4F22EEA:00:00 = +1.38050864E-03 : FWB A7-01:9D2AFAB4:00:?? = -3.60839774E-39
A67B : STA 40         : A=CA X=02 Y=4D SP=?? N=1 V=0 D=0 I=0 Z=0 C=0 : FWA 5D-77:B4F22EEA:00:00 = +1.38050864E-03 : FWB A7-01:9D2AFACA:00:?? = -3.60839777E-39
A67D : LDA 3F         : A=FA X=02 Y=4D SP=?? N=1 V=0 D=0 I=0 Z=0 C=0 : FWA 5D-77:B4F22EEA:00:00 = +1.38050864E-03 : FWB A7-01:9D2AFACA:00:?? = -3.60839777E-39
A67F : SBC 33         : A=CB X=02 Y=4D SP=?? N=1 V=0 D=0 I=0 Z=0 C=1 : FWA 5D-77:B4F22EEA:00:00 = +1.38050864E-03 : FWB A7-01:9D2AFACA:00:?? = -3.60839777E-39
A681 : STA 3F         : A=CB X=02 Y=4D SP=?? N=1 V=0 D=0 I=0 Z=0 C=1 : FWA 5D-77:B4F22EEA:00:00 = +1.38050864E-03 : FWB A7-01:9D2ACBCA:00:?? = -3.60838131E-39
A683 : LDA 3E         : A=2A X=02 Y=4D SP=?? N=0 V=0 D=0 I=0 Z=0 C=1 : FWA 5D-77:B4F22EEA:00:00 = +1.38050864E-03 : FWB A7-01:9D2ACBCA:00:?? = -3.60838131E-39
A685 : SBC 32         : A=38 X=02 Y=4D SP=?? N=0 V=0 D=0 I=0 Z=0 C=0 : FWA 5D-77:B4F22EEA:00:00 = +1.38050864E-03 : FWB A7-01:9D2ACBCA:00:?? = -3.60838131E-39
A687 : STA 3E         : A=38 X=02 Y=4D SP=?? N=0 V=0 D=0 I=0 Z=0 C=0 : FWA 5D-77:B4F22EEA:00:00 = +1.38050864E-03 : FWB A7-01:9D38CBCA:00:?? = -3.60963687E-39
A689 : TYA            : A=4D X=02 Y=4D SP=?? N=0 V=0 D=0 I=0 Z=0 C=0 : FWA 5D-77:B4F22EEA:00:00 = +1.38050864E-03 : FWB A7-01:9D38CBCA:00:?? = -3.60963687E-39
A68A : SBC 31         : A=98 X=02 Y=4D SP=?? N=1 V=1 D=0 I=0 Z=0 C=0 : FWA 5D-77:B4F22EEA:00:00 = +1.38050864E-03 : FWB A7-01:9D38CBCA:00:?? = -3.60963687E-39
A68C : SEC            : A=98 X=02 Y=4D SP=?? N=1 V=1 D=0 I=0 Z=0 C=1 : FWA 5D-77:B4F22EEA:00:00 = +1.38050864E-03 : FWB A7-01:9D38CBCA:00:?? = -3.60963687E-39
A68D : ROL 3B         : A=98 X=02 Y=4D SP=?? N=0 V=1 D=0 I=0 Z=0 C=1 : FWA 5D-77:B4F22EEA:00:00 = +1.38050864E-03 : FWB 4F-01:9D38CBCA:00:?? = +3.60963687E-39
A68F : ASL 40         : A=98 X=02 Y=4D SP=?? N=1 V=1 D=0 I=0 Z=0 C=1 : FWA 5D-77:B4F22EEA:00:00 = +1.38050864E-03 : FWB 4F-01:9D38CB94:00:?? = +3.60963680E-39
A691 : ROL 3F         : A=98 X=02 Y=4D SP=?? N=1 V=1 D=0 I=0 Z=0 C=1 : FWA 5D-77:B4F22EEA:00:00 = +1.38050864E-03 : FWB 4F-01:9D389794:00:?? = +3.60961858E-39
A693 : ROL 3E         : A=98 X=02 Y=4D SP=?? N=0 V=1 D=0 I=0 Z=0 C=0 : FWA 5D-77:B4F22EEA:00:00 = +1.38050864E-03 : FWB 4F-01:9D719794:00:?? = +3.61473052E-39
A695 : ROL A          : A=30 X=02 Y=4D SP=?? N=0 V=1 D=0 I=0 Z=0 C=1 : FWA 5D-77:B4F22EEA:00:00 = +1.38050864E-03 : FWB 4F-01:9D719794:00:?? = +3.61473052E-39
A696 : DEX            : A=30 X=01 Y=4D SP=?? N=0 V=1 D=0 I=0 Z=0 C=1 : FWA 5D-77:B4F22EEA:00:00 = +1.38050864E-03 : FWB 4F-01:9D719794:00:?? = +3.61473052E-39
A697 : BNE A65E       : A=30 X=01 Y=4D SP=?? N=0 V=1 D=0 I=0 Z=0 C=1 : FWA 5D-77:B4F22EEA:00:00 = +1.38050864E-03 : FWB 4F-01:9D719794:00:?? = +3.61473052E-39
A65E : BCS A676       : A=30 X=01 Y=4D SP=?? N=0 V=1 D=0 I=0 Z=0 C=1 : FWA 5D-77:B4F22EEA:00:00 = +1.38050864E-03 : FWB 4F-01:9D719794:00:?? = +3.61473052E-39
A676 : TAY            : A=30 X=01 Y=30 SP=?? N=0 V=1 D=0 I=0 Z=0 C=1 : FWA 5D-77:B4F22EEA:00:00 = +1.38050864E-03 : FWB 4F-01:9D719794:00:?? = +3.61473052E-39
A677 : LDA 40         : A=94 X=01 Y=30 SP=?? N=1 V=1 D=0 I=0 Z=0 C=1 : FWA 5D-77:B4F22EEA:00:00 = +1.38050864E-03 : FWB 4F-01:9D719794:00:?? = +3.61473052E-39
A679 : SBC 34         : A=AA X=01 Y=30 SP=?? N=1 V=0 D=0 I=0 Z=0 C=0 : FWA 5D-77:B4F22EEA:00:00 = +1.38050864E-03 : FWB 4F-01:9D719794:00:?? = +3.61473052E-39
A67B : STA 40         : A=AA X=01 Y=30 SP=?? N=1 V=0 D=0 I=0 Z=0 C=0 : FWA 5D-77:B4F22EEA:00:00 = +1.38050864E-03 : FWB 4F-01:9D7197AA:00:?? = +3.61473055E-39
A67D : LDA 3F         : A=97 X=01 Y=30 SP=?? N=1 V=0 D=0 I=0 Z=0 C=0 : FWA 5D-77:B4F22EEA:00:00 = +1.38050864E-03 : FWB 4F-01:9D7197AA:00:?? = +3.61473055E-39
A67F : SBC 33         : A=68 X=01 Y=30 SP=?? N=0 V=1 D=0 I=0 Z=0 C=1 : FWA 5D-77:B4F22EEA:00:00 = +1.38050864E-03 : FWB 4F-01:9D7197AA:00:?? = +3.61473055E-39
A681 : STA 3F         : A=68 X=01 Y=30 SP=?? N=0 V=1 D=0 I=0 Z=0 C=1 : FWA 5D-77:B4F22EEA:00:00 = +1.38050864E-03 : FWB 4F-01:9D7168AA:00:?? = +3.61471408E-39
A683 : LDA 3E         : A=71 X=01 Y=30 SP=?? N=0 V=1 D=0 I=0 Z=0 C=1 : FWA 5D-77:B4F22EEA:00:00 = +1.38050864E-03 : FWB 4F-01:9D7168AA:00:?? = +3.61471408E-39
A685 : SBC 32         : A=7F X=01 Y=30 SP=?? N=0 V=0 D=0 I=0 Z=0 C=0 : FWA 5D-77:B4F22EEA:00:00 = +1.38050864E-03 : FWB 4F-01:9D7168AA:00:?? = +3.61471408E-39
A687 : STA 3E         : A=7F X=01 Y=30 SP=?? N=0 V=0 D=0 I=0 Z=0 C=0 : FWA 5D-77:B4F22EEA:00:00 = +1.38050864E-03 : FWB 4F-01:9D7F68AA:00:?? = +3.61596964E-39
A689 : TYA            : A=30 X=01 Y=30 SP=?? N=0 V=0 D=0 I=0 Z=0 C=0 : FWA 5D-77:B4F22EEA:00:00 = +1.38050864E-03 : FWB 4F-01:9D7F68AA:00:?? = +3.61596964E-39
A68A : SBC 31         : A=7B X=01 Y=30 SP=?? N=0 V=0 D=0 I=0 Z=0 C=0 : FWA 5D-77:B4F22EEA:00:00 = +1.38050864E-03 : FWB 4F-01:9D7F68AA:00:?? = +3.61596964E-39
A68C : SEC            : A=7B X=01 Y=30 SP=?? N=0 V=0 D=0 I=0 Z=0 C=1 : FWA 5D-77:B4F22EEA:00:00 = +1.38050864E-03 : FWB 4F-01:9D7F68AA:00:?? = +3.61596964E-39
A68D : ROL 3B         : A=7B X=01 Y=30 SP=?? N=1 V=0 D=0 I=0 Z=0 C=0 : FWA 5D-77:B4F22EEA:00:00 = +1.38050864E-03 : FWB 9F-01:9D7F68AA:00:?? = -3.61596964E-39
A68F : ASL 40         : A=7B X=01 Y=30 SP=?? N=0 V=0 D=0 I=0 Z=0 C=1 : FWA 5D-77:B4F22EEA:00:00 = +1.38050864E-03 : FWB 9F-01:9D7F6854:00:?? = -3.61596953E-39
A691 : ROL 3F         : A=7B X=01 Y=30 SP=?? N=1 V=0 D=0 I=0 Z=0 C=0 : FWA 5D-77:B4F22EEA:00:00 = +1.38050864E-03 : FWB 9F-01:9D7FD154:00:?? = -3.61600631E-39
A693 : ROL 3E         : A=7B X=01 Y=30 SP=?? N=1 V=0 D=0 I=0 Z=0 C=0 : FWA 5D-77:B4F22EEA:00:00 = +1.38050864E-03 : FWB 9F-01:9DFED154:00:?? = -3.62739606E-39
A695 : ROL A          : A=F6 X=01 Y=30 SP=?? N=1 V=0 D=0 I=0 Z=0 C=0 : FWA 5D-77:B4F22EEA:00:00 = +1.38050864E-03 : FWB 9F-01:9DFED154:00:?? = -3.62739606E-39
A696 : DEX            : A=F6 X=00 Y=30 SP=?? N=0 V=0 D=0 I=0 Z=1 C=0 : FWA 5D-77:B4F22EEA:00:00 = +1.38050864E-03 : FWB 9F-01:9DFED154:00:?? = -3.62739606E-39
A697 : BNE A65E       : A=F6 X=00 Y=30 SP=?? N=0 V=0 D=0 I=0 Z=1 C=0 : FWA 5D-77:B4F22EEA:00:00 = +1.38050864E-03 : FWB 9F-01:9DFED154:00:?? = -3.62739606E-39
A699 : LDX 3B         : A=F6 X=9F Y=30 SP=?? N=1 V=0 D=0 I=0 Z=0 C=0 : FWA 5D-77:B4F22EEA:00:00 = +1.38050864E-03 : FWB 9F-01:9DFED154:00:?? = -3.62739606E-39
A69B : PHX            : A=F6 X=9F Y=30 SP=?? N=1 V=0 D=0 I=0 Z=0 C=0 : FWA 5D-77:B4F22EEA:00:00 = +1.38050864E-03 : FWB 9F-01:9DFED154:00:?? = -3.62739606E-39
A69C : DEC 3C         : A=F6 X=9F Y=30 SP=?? N=0 V=0 D=0 I=0 Z=1 C=0 : FWA 5D-77:B4F22EEA:00:00 = +1.38050864E-03 : FWB 9F-00:9DFED154:00:?? = -1.81369803E-39
A69E : BNE A65C       : A=F6 X=9F Y=30 SP=?? N=0 V=0 D=0 I=0 Z=1 C=0 : FWA 5D-77:B4F22EEA:00:00 = +1.38050864E-03 : FWB 9F-00:9DFED154:00:?? = -1.81369803E-39
A6A0 : PLX            : A=F6 X=9F Y=30 SP=?? N=1 V=0 D=0 I=0 Z=0 C=0 : FWA 5D-77:B4F22EEA:00:00 = +1.38050864E-03 : FWB 9F-00:9DFED154:00:?? = -1.81369803E-39
A6A1 : ROR A          : A=7B X=9F Y=30 SP=?? N=0 V=0 D=0 I=0 Z=0 C=0 : FWA 5D-77:B4F22EEA:00:00 = +1.38050864E-03 : FWB 9F-00:9DFED154:00:?? = -1.81369803E-39
A6A2 : LSR 31         : A=7B X=9F Y=30 SP=?? N=0 V=0 D=0 I=0 Z=0 C=0 : FWA 5D-77:5AF22EEA:00:00 = +6.93863131E-04 : FWB 9F-00:9DFED154:00:?? = -1.81369803E-39
A6A4 : STX 34         : A=7B X=9F Y=30 SP=?? N=0 V=0 D=0 I=0 Z=0 C=0 : FWA 5D-77:5AF22E9F:00:00 = +6.93863097E-04 : FWB 9F-00:9DFED154:00:?? = -1.81369803E-39
A6A6 : LDX #03        : A=7B X=03 Y=30 SP=?? N=0 V=0 D=0 I=0 Z=0 C=0 : FWA 5D-77:5AF22E9F:00:00 = +6.93863097E-04 : FWB 9F-00:9DFED154:00:?? = -1.81369803E-39
A6A8 : CMP 31         : A=7B X=03 Y=30 SP=?? N=0 V=0 D=0 I=0 Z=0 C=1 : FWA 5D-77:5AF22E9F:00:00 = +6.93863097E-04 : FWB 9F-00:9DFED154:00:?? = -1.81369803E-39
A6AA : BCC A6AE       : A=7B X=03 Y=30 SP=?? N=0 V=0 D=0 I=0 Z=0 C=1 : FWA 5D-77:5AF22E9F:00:00 = +6.93863097E-04 : FWB 9F-00:9DFED154:00:?? = -1.81369803E-39
A6AC : SBC 31         : A=21 X=03 Y=30 SP=?? N=0 V=0 D=0 I=0 Z=0 C=1 : FWA 5D-77:5AF22E9F:00:00 = +6.93863097E-04 : FWB 9F-00:9DFED154:00:?? = -1.81369803E-39
A6AE : PHP            : A=21 X=03 Y=30 SP=?? N=0 V=0 D=0 I=0 Z=0 C=1 : FWA 5D-77:5AF22E9F:00:00 = +6.93863097E-04 : FWB 9F-00:9DFED154:00:?? = -1.81369803E-39
A6AF : ASL A          : A=42 X=03 Y=30 SP=?? N=0 V=0 D=0 I=0 Z=0 C=0 : FWA 5D-77:5AF22E9F:00:00 = +6.93863097E-04 : FWB 9F-00:9DFED154:00:?? = -1.81369803E-39
A6B0 : DEX            : A=42 X=02 Y=30 SP=?? N=0 V=0 D=0 I=0 Z=0 C=0 : FWA 5D-77:5AF22E9F:00:00 = +6.93863097E-04 : FWB 9F-00:9DFED154:00:?? = -1.81369803E-39
A6B1 : BNE A6A8       : A=42 X=02 Y=30 SP=?? N=0 V=0 D=0 I=0 Z=0 C=0 : FWA 5D-77:5AF22E9F:00:00 = +6.93863097E-04 : FWB 9F-00:9DFED154:00:?? = -1.81369803E-39
A6A8 : CMP 31         : A=42 X=02 Y=30 SP=?? N=1 V=0 D=0 I=0 Z=0 C=0 : FWA 5D-77:5AF22E9F:00:00 = +6.93863097E-04 : FWB 9F-00:9DFED154:00:?? = -1.81369803E-39
A6AA : BCC A6AE       : A=42 X=02 Y=30 SP=?? N=1 V=0 D=0 I=0 Z=0 C=0 : FWA 5D-77:5AF22E9F:00:00 = +6.93863097E-04 : FWB 9F-00:9DFED154:00:?? = -1.81369803E-39
A6AE : PHP            : A=42 X=02 Y=30 SP=?? N=1 V=0 D=0 I=0 Z=0 C=0 : FWA 5D-77:5AF22E9F:00:00 = +6.93863097E-04 : FWB 9F-00:9DFED154:00:?? = -1.81369803E-39
A6AF : ASL A          : A=84 X=02 Y=30 SP=?? N=1 V=0 D=0 I=0 Z=0 C=0 : FWA 5D-77:5AF22E9F:00:00 = +6.93863097E-04 : FWB 9F-00:9DFED154:00:?? = -1.81369803E-39
A6B0 : DEX            : A=84 X=01 Y=30 SP=?? N=0 V=0 D=0 I=0 Z=0 C=0 : FWA 5D-77:5AF22E9F:00:00 = +6.93863097E-04 : FWB 9F-00:9DFED154:00:?? = -1.81369803E-39
A6B1 : BNE A6A8       : A=84 X=01 Y=30 SP=?? N=0 V=0 D=0 I=0 Z=0 C=0 : FWA 5D-77:5AF22E9F:00:00 = +6.93863097E-04 : FWB 9F-00:9DFED154:00:?? = -1.81369803E-39
A6A8 : CMP 31         : A=84 X=01 Y=30 SP=?? N=0 V=0 D=0 I=0 Z=0 C=1 : FWA 5D-77:5AF22E9F:00:00 = +6.93863097E-04 : FWB 9F-00:9DFED154:00:?? = -1.81369803E-39
A6AA : BCC A6AE       : A=84 X=01 Y=30 SP=?? N=0 V=0 D=0 I=0 Z=0 C=1 : FWA 5D-77:5AF22E9F:00:00 = +6.93863097E-04 : FWB 9F-00:9DFED154:00:?? = -1.81369803E-39
A6AC : SBC 31         : A=2A X=01 Y=30 SP=?? N=0 V=1 D=0 I=0 Z=0 C=1 : FWA 5D-77:5AF22E9F:00:00 = +6.93863097E-04 : FWB 9F-00:9DFED154:00:?? = -1.81369803E-39
A6AE : PHP            : A=2A X=01 Y=30 SP=?? N=0 V=1 D=0 I=0 Z=0 C=1 : FWA 5D-77:5AF22E9F:00:00 = +6.93863097E-04 : FWB 9F-00:9DFED154:00:?? = -1.81369803E-39
A6AF : ASL A          : A=54 X=01 Y=30 SP=?? N=0 V=1 D=0 I=0 Z=0 C=0 : FWA 5D-77:5AF22E9F:00:00 = +6.93863097E-04 : FWB 9F-00:9DFED154:00:?? = -1.81369803E-39
A6B0 : DEX            : A=54 X=00 Y=30 SP=?? N=0 V=1 D=0 I=0 Z=1 C=0 : FWA 5D-77:5AF22E9F:00:00 = +6.93863097E-04 : FWB 9F-00:9DFED154:00:?? = -1.81369803E-39
A6B1 : BNE A6A8       : A=54 X=00 Y=30 SP=?? N=0 V=1 D=0 I=0 Z=1 C=0 : FWA 5D-77:5AF22E9F:00:00 = +6.93863097E-04 : FWB 9F-00:9DFED154:00:?? = -1.81369803E-39
A6B3 : PLP            : A=54 X=00 Y=30 SP=?? N=0 V=1 D=0 I=0 Z=0 C=1 : FWA 5D-77:5AF22E9F:00:00 = +6.93863097E-04 : FWB 9F-00:9DFED154:00:?? = -1.81369803E-39
A6B4 : ROR A          : A=AA X=00 Y=30 SP=?? N=1 V=1 D=0 I=0 Z=0 C=0 : FWA 5D-77:5AF22E9F:00:00 = +6.93863097E-04 : FWB 9F-00:9DFED154:00:?? = -1.81369803E-39
A6B5 : PLP            : A=AA X=00 Y=30 SP=?? N=1 V=0 D=0 I=0 Z=0 C=0 : FWA 5D-77:5AF22E9F:00:00 = +6.93863097E-04 : FWB 9F-00:9DFED154:00:?? = -1.81369803E-39
A6B6 : ROR A          : A=55 X=00 Y=30 SP=?? N=0 V=0 D=0 I=0 Z=0 C=0 : FWA 5D-77:5AF22E9F:00:00 = +6.93863097E-04 : FWB 9F-00:9DFED154:00:?? = -1.81369803E-39
A6B7 : PLP            : A=55 X=00 Y=30 SP=?? N=0 V=0 D=0 I=0 Z=0 C=1 : FWA 5D-77:5AF22E9F:00:00 = +6.93863097E-04 : FWB 9F-00:9DFED154:00:?? = -1.81369803E-39
A6B8 : ROR A          : A=AA X=00 Y=30 SP=?? N=1 V=0 D=0 I=0 Z=0 C=1 : FWA 5D-77:5AF22E9F:00:00 = +6.93863097E-04 : FWB 9F-00:9DFED154:00:?? = -1.81369803E-39
A6B9 : STA 35         : A=AA X=00 Y=30 SP=?? N=1 V=0 D=0 I=0 Z=0 C=1 : FWA 5D-77:5AF22E9F:AA:00 = +6.93863098E-04 : FWB 9F-00:9DFED154:00:?? = -1.81369803E-39
A6BB : PLA            : A=92 X=00 Y=30 SP=?? N=1 V=0 D=0 I=0 Z=0 C=1 : FWA 5D-77:5AF22E9F:AA:00 = +6.93863098E-04 : FWB 9F-00:9DFED154:00:?? = -1.81369803E-39
A6BC : STA 33         : A=92 X=00 Y=30 SP=?? N=1 V=0 D=0 I=0 Z=0 C=1 : FWA 5D-77:5AF2929F:AA:00 = +6.93874739E-04 : FWB 9F-00:9DFED154:00:?? = -1.81369803E-39
A6BE : PLA            : A=C2 X=00 Y=30 SP=?? N=1 V=0 D=0 I=0 Z=0 C=1 : FWA 5D-77:5AF2929F:AA:00 = +6.93874739E-04 : FWB 9F-00:9DFED154:00:?? = -1.81369803E-39
A6BF : STA 32         : A=C2 X=00 Y=30 SP=?? N=1 V=0 D=0 I=0 Z=0 C=1 : FWA 5D-77:5AC2929F:AA:00 = +6.92444228E-04 : FWB 9F-00:9DFED154:00:?? = -1.81369803E-39
A6C1 : PLA            : A=6F X=00 Y=30 SP=?? N=0 V=0 D=0 I=0 Z=0 C=1 : FWA 5D-77:5AC2929F:AA:00 = +6.92444228E-04 : FWB 9F-00:9DFED154:00:?? = -1.81369803E-39
A6C2 : STA 31         : A=6F X=00 Y=30 SP=?? N=0 V=0 D=0 I=0 Z=0 C=1 : FWA 5D-77:6FC2929F:AA:00 = +8.52661513E-04 : FWB 9F-00:9DFED154:00:?? = -1.81369803E-39
A6C4 : BMI A712       : A=6F X=00 Y=30 SP=?? N=0 V=0 D=0 I=0 Z=0 C=1 : FWA 5D-77:6FC2929F:AA:00 = +8.52661513E-04 : FWB 9F-00:9DFED154:00:?? = -1.81369803E-39
A6C6 : JSR 8306       : A=6F X=00 Y=30 SP=?? N=0 V=0 D=0 I=0 Z=0 C=1 : FWA 5D-77:6FC2929F:AA:00 = +8.52661513E-04 : FWB 9F-00:9DFED154:00:?? = -1.81369803E-39
8306 : BNE 832F       : A=6F X=00 Y=30 SP=?? N=0 V=0 D=0 I=0 Z=0 C=1 : FWA 5D-77:6FC2929F:AA:00 = +8.52661513E-04 : FWB 9F-00:9DFED154:00:?? = -1.81369803E-39
832F : LDY 30         : A=6F X=00 Y=77 SP=?? N=0 V=0 D=0 I=0 Z=0 C=1 : FWA 5D-77:6FC2929F:AA:00 = +8.52661513E-04 : FWB 9F-00:9DFED154:00:?? = -1.81369803E-39
8331 : DEY            : A=6F X=00 Y=76 SP=?? N=0 V=0 D=0 I=0 Z=0 C=1 : FWA 5D-77:6FC2929F:AA:00 = +8.52661513E-04 : FWB 9F-00:9DFED154:00:?? = -1.81369803E-39
8332 : ASL 35         : A=6F X=00 Y=76 SP=?? N=0 V=0 D=0 I=0 Z=0 C=1 : FWA 5D-77:6FC2929F:54:00 = +8.52661513E-04 : FWB 9F-00:9DFED154:00:?? = -1.81369803E-39
8334 : ROL 34         : A=6F X=00 Y=76 SP=?? N=0 V=0 D=0 I=0 Z=0 C=1 : FWA 5D-77:6FC2923F:54:00 = +8.52661469E-04 : FWB 9F-00:9DFED154:00:?? = -1.81369803E-39
8336 : ROL 33         : A=6F X=00 Y=76 SP=?? N=0 V=0 D=0 I=0 Z=0 C=1 : FWA 5D-77:6FC2253F:54:00 = +8.52648780E-04 : FWB 9F-00:9DFED154:00:?? = -1.81369803E-39
8338 : ROL 32         : A=6F X=00 Y=76 SP=?? N=1 V=0 D=0 I=0 Z=0 C=1 : FWA 5D-77:6F85253F:54:00 = +8.50830838E-04 : FWB 9F-00:9DFED154:00:?? = -1.81369803E-39
833A : ROL A          : A=DF X=00 Y=76 SP=?? N=1 V=0 D=0 I=0 Z=0 C=0 : FWA 5D-77:6F85253F:54:00 = +8.50830838E-04 : FWB 9F-00:9DFED154:00:?? = -1.81369803E-39
833B : BPL 8331       : A=DF X=00 Y=76 SP=?? N=1 V=0 D=0 I=0 Z=0 C=0 : FWA 5D-77:6F85253F:54:00 = +8.50830838E-04 : FWB 9F-00:9DFED154:00:?? = -1.81369803E-39
833D : CPY 30         : A=DF X=00 Y=76 SP=?? N=1 V=0 D=0 I=0 Z=0 C=0 : FWA 5D-77:6F85253F:54:00 = +8.50830838E-04 : FWB 9F-00:9DFED154:00:?? = -1.81369803E-39
833F : STY 30         : A=DF X=00 Y=76 SP=?? N=1 V=0 D=0 I=0 Z=0 C=0 : FWA 5D-76:6F85253F:54:00 = +4.25415419E-04 : FWB 9F-00:9DFED154:00:?? = -1.81369803E-39
8341 : BCC 8345       : A=DF X=00 Y=76 SP=?? N=1 V=0 D=0 I=0 Z=0 C=0 : FWA 5D-76:6F85253F:54:00 = +4.25415419E-04 : FWB 9F-00:9DFED154:00:?? = -1.81369803E-39
8345 : TAY            : A=DF X=00 Y=DF SP=?? N=1 V=0 D=0 I=0 Z=0 C=0 : FWA 5D-76:6F85253F:54:00 = +4.25415419E-04 : FWB 9F-00:9DFED154:00:?? = -1.81369803E-39
8346 : STA 31         : A=DF X=00 Y=DF SP=?? N=1 V=0 D=0 I=0 Z=0 C=0 : FWA 5D-76:DF85253F:54:00 = +8.52661513E-04 : FWB 9F-00:9DFED154:00:?? = -1.81369803E-39
8348 : RTS            : A=DF X=00 Y=DF SP=?? N=1 V=0 D=0 I=0 Z=0 C=0 : FWA 5D-76:DF85253F:54:00 = +8.52661513E-04 : FWB 9F-00:9DFED154:00:?? = -1.81369803E-39
A6C9 : BRA A712       : A=DF X=00 Y=DF SP=?? N=1 V=0 D=0 I=0 Z=0 C=0 : FWA 5D-76:DF85253F:54:00 = +8.52661513E-04 : FWB 9F-00:9DFED154:00:?? = -1.81369803E-39
A712 : LDA 35         : A=54 X=00 Y=DF SP=?? N=0 V=0 D=0 I=0 Z=0 C=0 : FWA 5D-76:DF85253F:54:00 = +8.52661513E-04 : FWB 9F-00:9DFED154:00:?? = -1.81369803E-39
A714 : BPL A725       : A=54 X=00 Y=DF SP=?? N=0 V=0 D=0 I=0 Z=0 C=0 : FWA 5D-76:DF85253F:54:00 = +8.52661513E-04 : FWB 9F-00:9DFED154:00:?? = -1.81369803E-39
A725 : LDA 2F         : A=00 X=00 Y=DF SP=?? N=0 V=0 D=0 I=0 Z=1 C=0 : FWA 5D-76:DF85253F:54:00 = +8.52661513E-04 : FWB 9F-00:9DFED154:00:?? = -1.81369803E-39
A727 : BEQ A739       : A=00 X=00 Y=DF SP=?? N=0 V=0 D=0 I=0 Z=1 C=0 : FWA 5D-76:DF85253F:54:00 = +8.52661513E-04 : FWB 9F-00:9DFED154:00:?? = -1.81369803E-39
A739 : STZ 35         : A=00 X=00 Y=DF SP=?? N=0 V=0 D=0 I=0 Z=1 C=0 : FWA 5D-76:DF85253F:00:00 = +8.52661513E-04 : FWB 9F-00:9DFED154:00:?? = -1.81369803E-39
A73B : LDA #FF        : A=FF X=00 Y=DF SP=?? N=1 V=0 D=0 I=0 Z=0 C=0 : FWA 5D-76:DF85253F:00:00 = +8.52661513E-04 : FWB 9F-00:9DFED154:00:?? = -1.81369803E-39
A73D : RTS            : A=FF X=00 Y=DF SP=?? N=1 V=0 D=0 I=0 Z=0 C=0 : FWA 5D-76:DF85253F:00:00 = +8.52661513E-04 : FWB 9F-00:9DFED154:00:?? = -1.81369803E-39
A8E6 : LDA #76        : A=76 X=00 Y=DF SP=?? N=0 V=0 D=0 I=0 Z=0 C=0 : FWA 5D-76:DF85253F:00:00 = +8.52661513E-04 : FWB 9F-00:9DFED154:00:?? = -1.81369803E-39
A8E8 : JSR A5BD       : A=76 X=00 Y=DF SP=?? N=0 V=0 D=0 I=0 Z=0 C=0 : FWA 5D-76:DF85253F:00:00 = +8.52661513E-04 : FWB 9F-00:9DFED154:00:?? = -1.81369803E-39
A5BD : LDY #04        : A=76 X=00 Y=04 SP=?? N=0 V=0 D=0 I=0 Z=0 C=0 : FWA 5D-76:DF85253F:00:00 = +8.52661513E-04 : FWB 9F-00:9DFED154:00:?? = -1.81369803E-39
A5BF : BRA A5B6       : A=76 X=00 Y=04 SP=?? N=0 V=0 D=0 I=0 Z=0 C=0 : FWA 5D-76:DF85253F:00:00 = +8.52661513E-04 : FWB 9F-00:9DFED154:00:?? = -1.81369803E-39
A5B6 : STA 4A         : A=76 X=00 Y=04 SP=?? N=0 V=0 D=0 I=0 Z=0 C=0 : FWA 5D-76:DF85253F:00:00 = +8.52661513E-04 : FWB 9F-00:9DFED154:00:?? = -1.81369803E-39
A5B8 : STY 4B         : A=76 X=00 Y=04 SP=?? N=0 V=0 D=0 I=0 Z=0 C=0 : FWA 5D-76:DF85253F:00:00 = +8.52661513E-04 : FWB 9F-00:9DFED154:00:?? = -1.81369803E-39
A5BA : RTS            : A=76 X=00 Y=04 SP=?? N=0 V=0 D=0 I=0 Z=0 C=0 : FWA 5D-76:DF85253F:00:00 = +8.52661513E-04 : FWB 9F-00:9DFED154:00:?? = -1.81369803E-39
A8EB : JSR A70A       : A=76 X=00 Y=04 SP=?? N=0 V=0 D=0 I=0 Z=0 C=0 : FWA 5D-76:DF85253F:00:00 = +8.52661513E-04 : FWB 9F-00:9DFED154:00:?? = -1.81369803E-39
A70A : JSR A514       : A=76 X=00 Y=04 SP=?? N=0 V=0 D=0 I=0 Z=0 C=0 : FWA 5D-76:DF85253F:00:00 = +8.52661513E-04 : FWB 9F-00:9DFED154:00:?? = -1.81369803E-39
A514 : STZ 41         : A=76 X=00 Y=04 SP=?? N=0 V=0 D=0 I=0 Z=0 C=0 : FWA 5D-76:DF85253F:00:00 = +8.52661513E-04 : FWB 9F-00:9DFED154:00:?? = -1.81369803E-39
A516 : LDY #04        : A=76 X=00 Y=04 SP=?? N=0 V=0 D=0 I=0 Z=0 C=0 : FWA 5D-76:DF85253F:00:00 = +8.52661513E-04 : FWB 9F-00:9DFED154:00:?? = -1.81369803E-39
A518 : LDA (4A),Y     : A=C8 X=00 Y=04 SP=?? N=1 V=0 D=0 I=0 Z=0 C=0 : FWA 5D-76:DF85253F:00:00 = +8.52661513E-04 : FWB 9F-00:9DFED154:00:?? = -1.81369803E-39
A51A : STA 40         : A=C8 X=00 Y=04 SP=?? N=1 V=0 D=0 I=0 Z=0 C=0 : FWA 5D-76:DF85253F:00:00 = +8.52661513E-04 : FWB 9F-00:9DFED1C8:00:?? = -1.81369811E-39
A51C : DEY            : A=C8 X=00 Y=03 SP=?? N=0 V=0 D=0 I=0 Z=0 C=0 : FWA 5D-76:DF85253F:00:00 = +8.52661513E-04 : FWB 9F-00:9DFED1C8:00:?? = -1.81369811E-39
A51D : LDA (4A),Y     : A=0C X=00 Y=03 SP=?? N=0 V=0 D=0 I=0 Z=0 C=0 : FWA 5D-76:DF85253F:00:00 = +8.52661513E-04 : FWB 9F-00:9DFED1C8:00:?? = -1.81369811E-39
A51F : STA 3F         : A=0C X=00 Y=03 SP=?? N=0 V=0 D=0 I=0 Z=0 C=0 : FWA 5D-76:DF85253F:00:00 = +8.52661513E-04 : FWB 9F-00:9DFE0CC8:00:?? = -1.81366360E-39
A521 : DEY            : A=0C X=00 Y=02 SP=?? N=0 V=0 D=0 I=0 Z=0 C=0 : FWA 5D-76:DF85253F:00:00 = +8.52661513E-04 : FWB 9F-00:9DFE0CC8:00:?? = -1.81366360E-39
A522 : LDA (4A),Y     : A=90 X=00 Y=02 SP=?? N=1 V=0 D=0 I=0 Z=0 C=0 : FWA 5D-76:DF85253F:00:00 = +8.52661513E-04 : FWB 9F-00:9DFE0CC8:00:?? = -1.81366360E-39
A524 : STA 3E         : A=90 X=00 Y=02 SP=?? N=1 V=0 D=0 I=0 Z=0 C=0 : FWA 5D-76:DF85253F:00:00 = +8.52661513E-04 : FWB 9F-00:9D900CC8:00:?? = -1.80873103E-39
A526 : DEY            : A=90 X=00 Y=01 SP=?? N=0 V=0 D=0 I=0 Z=0 C=0 : FWA 5D-76:DF85253F:00:00 = +8.52661513E-04 : FWB 9F-00:9D900CC8:00:?? = -1.80873103E-39
A527 : LDA (4A),Y     : A=B4 X=00 Y=01 SP=?? N=1 V=0 D=0 I=0 Z=0 C=0 : FWA 5D-76:DF85253F:00:00 = +8.52661513E-04 : FWB 9F-00:9D900CC8:00:?? = -1.80873103E-39
A529 : STA 3B         : A=B4 X=00 Y=01 SP=?? N=1 V=0 D=0 I=0 Z=0 C=0 : FWA 5D-76:DF85253F:00:00 = +8.52661513E-04 : FWB B4-00:9D900CC8:00:?? = -1.80873103E-39
A52B : TAY            : A=B4 X=00 Y=B4 SP=?? N=1 V=0 D=0 I=0 Z=0 C=0 : FWA 5D-76:DF85253F:00:00 = +8.52661513E-04 : FWB B4-00:9D900CC8:00:?? = -1.80873103E-39
A52C : LDA (4A)       : A=8A X=00 Y=B4 SP=?? N=1 V=0 D=0 I=0 Z=0 C=0 : FWA 5D-76:DF85253F:00:00 = +8.52661513E-04 : FWB B4-00:9D900CC8:00:?? = -1.80873103E-39
A52E : STA 3C         : A=8A X=00 Y=B4 SP=?? N=1 V=0 D=0 I=0 Z=0 C=0 : FWA 5D-76:DF85253F:00:00 = +8.52661513E-04 : FWB B4-8A:9D900CC8:00:?? = -6.30250780E+02
A530 : BNE A53B       : A=8A X=00 Y=B4 SP=?? N=1 V=0 D=0 I=0 Z=0 C=0 : FWA 5D-76:DF85253F:00:00 = +8.52661513E-04 : FWB B4-8A:9D900CC8:00:?? = -6.30250780E+02
A53B : TYA            : A=B4 X=00 Y=B4 SP=?? N=1 V=0 D=0 I=0 Z=0 C=0 : FWA 5D-76:DF85253F:00:00 = +8.52661513E-04 : FWB B4-8A:9D900CC8:00:?? = -6.30250780E+02
A53C : ORA #80        : A=B4 X=00 Y=B4 SP=?? N=1 V=0 D=0 I=0 Z=0 C=0 : FWA 5D-76:DF85253F:00:00 = +8.52661513E-04 : FWB B4-8A:9D900CC8:00:?? = -6.30250780E+02
A53E : STA 3D         : A=B4 X=00 Y=B4 SP=?? N=1 V=0 D=0 I=0 Z=0 C=0 : FWA 5D-76:DF85253F:00:00 = +8.52661513E-04 : FWB B4-8A:B4900CC8:00:?? = -7.22250780E+02
A540 : RTS            : A=B4 X=00 Y=B4 SP=?? N=1 V=0 D=0 I=0 Z=0 C=0 : FWA 5D-76:DF85253F:00:00 = +8.52661513E-04 : FWB B4-8A:B4900CC8:00:?? = -7.22250780E+02
A70D : BEQ A73B       : A=B4 X=00 Y=B4 SP=?? N=1 V=0 D=0 I=0 Z=0 C=0 : FWA 5D-76:DF85253F:00:00 = +8.52661513E-04 : FWB B4-8A:B4900CC8:00:?? = -7.22250780E+02
A70F : JSR 8429       : A=B4 X=00 Y=B4 SP=?? N=1 V=0 D=0 I=0 Z=0 C=0 : FWA 5D-76:DF85253F:00:00 = +8.52661513E-04 : FWB B4-8A:B4900CC8:00:?? = -7.22250780E+02
8429 : LDA 31         : A=DF X=00 Y=B4 SP=?? N=1 V=0 D=0 I=0 Z=0 C=0 : FWA 5D-76:DF85253F:00:00 = +8.52661513E-04 : FWB B4-8A:B4900CC8:00:?? = -7.22250780E+02
842B : BEQ 840A       : A=DF X=00 Y=B4 SP=?? N=1 V=0 D=0 I=0 Z=0 C=0 : FWA 5D-76:DF85253F:00:00 = +8.52661513E-04 : FWB B4-8A:B4900CC8:00:?? = -7.22250780E+02
842D : SEC            : A=DF X=00 Y=B4 SP=?? N=1 V=0 D=0 I=0 Z=0 C=1 : FWA 5D-76:DF85253F:00:00 = +8.52661513E-04 : FWB B4-8A:B4900CC8:00:?? = -7.22250780E+02
842E : LDA 30         : A=76 X=00 Y=B4 SP=?? N=0 V=0 D=0 I=0 Z=0 C=1 : FWA 5D-76:DF85253F:00:00 = +8.52661513E-04 : FWB B4-8A:B4900CC8:00:?? = -7.22250780E+02
8430 : SBC 3C         : A=EC X=00 Y=B4 SP=?? N=1 V=1 D=0 I=0 Z=0 C=0 : FWA 5D-76:DF85253F:00:00 = +8.52661513E-04 : FWB B4-8A:B4900CC8:00:?? = -7.22250780E+02
8432 : BEQ 84A3       : A=EC X=00 Y=B4 SP=?? N=1 V=1 D=0 I=0 Z=0 C=0 : FWA 5D-76:DF85253F:00:00 = +8.52661513E-04 : FWB B4-8A:B4900CC8:00:?? = -7.22250780E+02
8434 : BCC 846A       : A=EC X=00 Y=B4 SP=?? N=1 V=1 D=0 I=0 Z=0 C=0 : FWA 5D-76:DF85253F:00:00 = +8.52661513E-04 : FWB B4-8A:B4900CC8:00:?? = -7.22250780E+02
846A : EOR #FF        : A=13 X=00 Y=B4 SP=?? N=0 V=1 D=0 I=0 Z=0 C=0 : FWA 5D-76:DF85253F:00:00 = +8.52661513E-04 : FWB B4-8A:B4900CC8:00:?? = -7.22250780E+02
846C : INC A          : A=14 X=00 Y=B4 SP=?? N=0 V=1 D=0 I=0 Z=0 C=0 : FWA 5D-76:DF85253F:00:00 = +8.52661513E-04 : FWB B4-8A:B4900CC8:00:?? = -7.22250780E+02
846D : CMP #25        : A=14 X=00 Y=B4 SP=?? N=1 V=1 D=0 I=0 Z=0 C=0 : FWA 5D-76:DF85253F:00:00 = +8.52661513E-04 : FWB B4-8A:B4900CC8:00:?? = -7.22250780E+02
846F : BCS 840A       : A=14 X=00 Y=B4 SP=?? N=1 V=1 D=0 I=0 Z=0 C=0 : FWA 5D-76:DF85253F:00:00 = +8.52661513E-04 : FWB B4-8A:B4900CC8:00:?? = -7.22250780E+02
8471 : LDY 3C         : A=14 X=00 Y=8A SP=?? N=1 V=1 D=0 I=0 Z=0 C=0 : FWA 5D-76:DF85253F:00:00 = +8.52661513E-04 : FWB B4-8A:B4900CC8:00:?? = -7.22250780E+02
8473 : STY 30         : A=14 X=00 Y=8A SP=?? N=1 V=1 D=0 I=0 Z=0 C=0 : FWA 5D-8A:DF85253F:00:00 = +8.94080398E+02 : FWB B4-8A:B4900CC8:00:?? = -7.22250780E+02
8475 : TAY            : A=14 X=00 Y=14 SP=?? N=0 V=1 D=0 I=0 Z=0 C=0 : FWA 5D-8A:DF85253F:00:00 = +8.94080398E+02 : FWB B4-8A:B4900CC8:00:?? = -7.22250780E+02
8476 : AND #38        : A=10 X=00 Y=14 SP=?? N=0 V=1 D=0 I=0 Z=0 C=0 : FWA 5D-8A:DF85253F:00:00 = +8.94080398E+02 : FWB B4-8A:B4900CC8:00:?? = -7.22250780E+02
8478 : BEQ 8491       : A=10 X=00 Y=14 SP=?? N=0 V=1 D=0 I=0 Z=0 C=0 : FWA 5D-8A:DF85253F:00:00 = +8.94080398E+02 : FWB B4-8A:B4900CC8:00:?? = -7.22250780E+02
847A : SEC            : A=10 X=00 Y=14 SP=?? N=0 V=1 D=0 I=0 Z=0 C=1 : FWA 5D-8A:DF85253F:00:00 = +8.94080398E+02 : FWB B4-8A:B4900CC8:00:?? = -7.22250780E+02
847B : LDX 34         : A=10 X=3F Y=14 SP=?? N=0 V=1 D=0 I=0 Z=0 C=1 : FWA 5D-8A:DF85253F:00:00 = +8.94080398E+02 : FWB B4-8A:B4900CC8:00:?? = -7.22250780E+02
847D : STX 35         : A=10 X=3F Y=14 SP=?? N=0 V=1 D=0 I=0 Z=0 C=1 : FWA 5D-8A:DF85253F:3F:00 = +8.94080398E+02 : FWB B4-8A:B4900CC8:00:?? = -7.22250780E+02
847F : LDX 33         : A=10 X=25 Y=14 SP=?? N=0 V=1 D=0 I=0 Z=0 C=1 : FWA 5D-8A:DF85253F:3F:00 = +8.94080398E+02 : FWB B4-8A:B4900CC8:00:?? = -7.22250780E+02
8481 : STX 34         : A=10 X=25 Y=14 SP=?? N=0 V=1 D=0 I=0 Z=0 C=1 : FWA 5D-8A:DF852525:3F:00 = +8.94080392E+02 : FWB B4-8A:B4900CC8:00:?? = -7.22250780E+02
8483 : LDX 32         : A=10 X=85 Y=14 SP=?? N=1 V=1 D=0 I=0 Z=0 C=1 : FWA 5D-8A:DF852525:3F:00 = +8.94080392E+02 : FWB B4-8A:B4900CC8:00:?? = -7.22250780E+02
8485 : STX 33         : A=10 X=85 Y=14 SP=?? N=1 V=1 D=0 I=0 Z=0 C=1 : FWA 5D-8A:DF858525:3F:00 = +8.94086252E+02 : FWB B4-8A:B4900CC8:00:?? = -7.22250780E+02
8487 : LDX 31         : A=10 X=DF Y=14 SP=?? N=1 V=1 D=0 I=0 Z=0 C=1 : FWA 5D-8A:DF858525:3F:00 = +8.94086252E+02 : FWB B4-8A:B4900CC8:00:?? = -7.22250780E+02
8489 : STX 32         : A=10 X=DF Y=14 SP=?? N=1 V=1 D=0 I=0 Z=0 C=1 : FWA 5D-8A:DFDF8525:3F:00 = +8.95492502E+02 : FWB B4-8A:B4900CC8:00:?? = -7.22250780E+02
848B : STZ 31         : A=10 X=DF Y=14 SP=?? N=1 V=1 D=0 I=0 Z=0 C=1 : FWA 5D-8A:00DF8525:3F:00 = +3.49250156E+00 : FWB B4-8A:B4900CC8:00:?? = -7.22250780E+02
848D : SBC #08        : A=08 X=DF Y=14 SP=?? N=0 V=0 D=0 I=0 Z=0 C=1 : FWA 5D-8A:00DF8525:3F:00 = +3.49250156E+00 : FWB B4-8A:B4900CC8:00:?? = -7.22250780E+02
848F : BNE 847B       : A=08 X=DF Y=14 SP=?? N=0 V=0 D=0 I=0 Z=0 C=1 : FWA 5D-8A:00DF8525:3F:00 = +3.49250156E+00 : FWB B4-8A:B4900CC8:00:?? = -7.22250780E+02
847B : LDX 34         : A=08 X=25 Y=14 SP=?? N=0 V=0 D=0 I=0 Z=0 C=1 : FWA 5D-8A:00DF8525:3F:00 = +3.49250156E+00 : FWB B4-8A:B4900CC8:00:?? = -7.22250780E+02
847D : STX 35         : A=08 X=25 Y=14 SP=?? N=0 V=0 D=0 I=0 Z=0 C=1 : FWA 5D-8A:00DF8525:25:00 = +3.49250153E+00 : FWB B4-8A:B4900CC8:00:?? = -7.22250780E+02
847F : LDX 33         : A=08 X=85 Y=14 SP=?? N=1 V=0 D=0 I=0 Z=0 C=1 : FWA 5D-8A:00DF8525:25:00 = +3.49250153E+00 : FWB B4-8A:B4900CC8:00:?? = -7.22250780E+02
8481 : STX 34         : A=08 X=85 Y=14 SP=?? N=1 V=0 D=0 I=0 Z=0 C=1 : FWA 5D-8A:00DF8585:25:00 = +3.49252442E+00 : FWB B4-8A:B4900CC8:00:?? = -7.22250780E+02
8483 : LDX 32         : A=08 X=DF Y=14 SP=?? N=1 V=0 D=0 I=0 Z=0 C=1 : FWA 5D-8A:00DF8585:25:00 = +3.49252442E+00 : FWB B4-8A:B4900CC8:00:?? = -7.22250780E+02
8485 : STX 33         : A=08 X=DF Y=14 SP=?? N=1 V=0 D=0 I=0 Z=0 C=1 : FWA 5D-8A:00DFDF85:25:00 = +3.49801758E+00 : FWB B4-8A:B4900CC8:00:?? = -7.22250780E+02
8487 : LDX 31         : A=08 X=00 Y=14 SP=?? N=0 V=0 D=0 I=0 Z=1 C=1 : FWA 5D-8A:00DFDF85:25:00 = +3.49801758E+00 : FWB B4-8A:B4900CC8:00:?? = -7.22250780E+02
8489 : STX 32         : A=08 X=00 Y=14 SP=?? N=0 V=0 D=0 I=0 Z=1 C=1 : FWA 5D-8A:0000DF85:25:00 = +1.36425840E-02 : FWB B4-8A:B4900CC8:00:?? = -7.22250780E+02
848B : STZ 31         : A=08 X=00 Y=14 SP=?? N=0 V=0 D=0 I=0 Z=1 C=1 : FWA 5D-8A:0000DF85:25:00 = +1.36425840E-02 : FWB B4-8A:B4900CC8:00:?? = -7.22250780E+02
848D : SBC #08        : A=00 X=00 Y=14 SP=?? N=0 V=0 D=0 I=0 Z=1 C=1 : FWA 5D-8A:0000DF85:25:00 = +1.36425840E-02 : FWB B4-8A:B4900CC8:00:?? = -7.22250780E+02
848F : BNE 847B       : A=00 X=00 Y=14 SP=?? N=0 V=0 D=0 I=0 Z=1 C=1 : FWA 5D-8A:0000DF85:25:00 = +1.36425840E-02 : FWB B4-8A:B4900CC8:00:?? = -7.22250780E+02
8491 : TYA            : A=14 X=00 Y=14 SP=?? N=0 V=0 D=0 I=0 Z=0 C=1 : FWA 5D-8A:0000DF85:25:00 = +1.36425840E-02 : FWB B4-8A:B4900CC8:00:?? = -7.22250780E+02
8492 : AND #07        : A=04 X=00 Y=14 SP=?? N=0 V=0 D=0 I=0 Z=0 C=1 : FWA 5D-8A:0000DF85:25:00 = +1.36425840E-02 : FWB B4-8A:B4900CC8:00:?? = -7.22250780E+02
8494 : BEQ 84A3       : A=04 X=00 Y=14 SP=?? N=0 V=0 D=0 I=0 Z=0 C=1 : FWA 5D-8A:0000DF85:25:00 = +1.36425840E-02 : FWB B4-8A:B4900CC8:00:?? = -7.22250780E+02
8496 : LSR 31         : A=04 X=00 Y=14 SP=?? N=0 V=0 D=0 I=0 Z=1 C=0 : FWA 5D-8A:0000DF85:25:00 = +1.36425840E-02 : FWB B4-8A:B4900CC8:00:?? = -7.22250780E+02
8498 : ROR 32         : A=04 X=00 Y=14 SP=?? N=0 V=0 D=0 I=0 Z=1 C=0 : FWA 5D-8A:0000DF85:25:00 = +1.36425840E-02 : FWB B4-8A:B4900CC8:00:?? = -7.22250780E+02
849A : ROR 33         : A=04 X=00 Y=14 SP=?? N=0 V=0 D=0 I=0 Z=0 C=1 : FWA 5D-8A:00006F85:25:00 = +6.80664647E-03 : FWB B4-8A:B4900CC8:00:?? = -7.22250780E+02
849C : ROR 34         : A=04 X=00 Y=14 SP=?? N=1 V=0 D=0 I=0 Z=0 C=1 : FWA 5D-8A:00006FC2:25:00 = +6.82119001E-03 : FWB B4-8A:B4900CC8:00:?? = -7.22250780E+02
849E : ROR 35         : A=04 X=00 Y=14 SP=?? N=1 V=0 D=0 I=0 Z=0 C=1 : FWA 5D-8A:00006FC2:92:00 = +6.82129152E-03 : FWB B4-8A:B4900CC8:00:?? = -7.22250780E+02
84A0 : DEC A          : A=03 X=00 Y=14 SP=?? N=0 V=0 D=0 I=0 Z=0 C=1 : FWA 5D-8A:00006FC2:92:00 = +6.82129152E-03 : FWB B4-8A:B4900CC8:00:?? = -7.22250780E+02
84A1 : BNE 8496       : A=03 X=00 Y=14 SP=?? N=0 V=0 D=0 I=0 Z=0 C=1 : FWA 5D-8A:00006FC2:92:00 = +6.82129152E-03 : FWB B4-8A:B4900CC8:00:?? = -7.22250780E+02
8496 : LSR 31         : A=03 X=00 Y=14 SP=?? N=0 V=0 D=0 I=0 Z=1 C=0 : FWA 5D-8A:00006FC2:92:00 = +6.82129152E-03 : FWB B4-8A:B4900CC8:00:?? = -7.22250780E+02
8498 : ROR 32         : A=03 X=00 Y=14 SP=?? N=0 V=0 D=0 I=0 Z=1 C=0 : FWA 5D-8A:00006FC2:92:00 = +6.82129152E-03 : FWB B4-8A:B4900CC8:00:?? = -7.22250780E+02
849A : ROR 33         : A=03 X=00 Y=14 SP=?? N=0 V=0 D=0 I=0 Z=0 C=1 : FWA 5D-8A:000037C2:92:00 = +3.40332277E-03 : FWB B4-8A:B4900CC8:00:?? = -7.22250780E+02
849C : ROR 34         : A=03 X=00 Y=14 SP=?? N=1 V=0 D=0 I=0 Z=0 C=0 : FWA 5D-8A:000037E1:92:00 = +3.41071375E-03 : FWB B4-8A:B4900CC8:00:?? = -7.22250780E+02
849E : ROR 35         : A=03 X=00 Y=14 SP=?? N=0 V=0 D=0 I=0 Z=0 C=0 : FWA 5D-8A:000037E1:49:00 = +3.41064576E-03 : FWB B4-8A:B4900CC8:00:?? = -7.22250780E+02
84A0 : DEC A          : A=02 X=00 Y=14 SP=?? N=0 V=0 D=0 I=0 Z=0 C=0 : FWA 5D-8A:000037E1:49:00 = +3.41064576E-03 : FWB B4-8A:B4900CC8:00:?? = -7.22250780E+02
84A1 : BNE 8496       : A=02 X=00 Y=14 SP=?? N=0 V=0 D=0 I=0 Z=0 C=0 : FWA 5D-8A:000037E1:49:00 = +3.41064576E-03 : FWB B4-8A:B4900CC8:00:?? = -7.22250780E+02
8496 : LSR 31         : A=02 X=00 Y=14 SP=?? N=0 V=0 D=0 I=0 Z=1 C=0 : FWA 5D-8A:000037E1:49:00 = +3.41064576E-03 : FWB B4-8A:B4900CC8:00:?? = -7.22250780E+02
8498 : ROR 32         : A=02 X=00 Y=14 SP=?? N=0 V=0 D=0 I=0 Z=1 C=0 : FWA 5D-8A:000037E1:49:00 = +3.41064576E-03 : FWB B4-8A:B4900CC8:00:?? = -7.22250780E+02
849A : ROR 33         : A=02 X=00 Y=14 SP=?? N=0 V=0 D=0 I=0 Z=0 C=1 : FWA 5D-8A:00001BE1:49:00 = +1.70166139E-03 : FWB B4-8A:B4900CC8:00:?? = -7.22250780E+02
849C : ROR 34         : A=02 X=00 Y=14 SP=?? N=1 V=0 D=0 I=0 Z=0 C=1 : FWA 5D-8A:00001BF0:49:00 = +1.70523766E-03 : FWB B4-8A:B4900CC8:00:?? = -7.22250780E+02
849E : ROR 35         : A=02 X=00 Y=14 SP=?? N=1 V=0 D=0 I=0 Z=0 C=1 : FWA 5D-8A:00001BF0:A4:00 = +1.70532241E-03 : FWB B4-8A:B4900CC8:00:?? = -7.22250780E+02
84A0 : DEC A          : A=01 X=00 Y=14 SP=?? N=0 V=0 D=0 I=0 Z=0 C=1 : FWA 5D-8A:00001BF0:A4:00 = +1.70532241E-03 : FWB B4-8A:B4900CC8:00:?? = -7.22250780E+02
84A1 : BNE 8496       : A=01 X=00 Y=14 SP=?? N=0 V=0 D=0 I=0 Z=0 C=1 : FWA 5D-8A:00001BF0:A4:00 = +1.70532241E-03 : FWB B4-8A:B4900CC8:00:?? = -7.22250780E+02
8496 : LSR 31         : A=01 X=00 Y=14 SP=?? N=0 V=0 D=0 I=0 Z=1 C=0 : FWA 5D-8A:00001BF0:A4:00 = +1.70532241E-03 : FWB B4-8A:B4900CC8:00:?? = -7.22250780E+02
8498 : ROR 32         : A=01 X=00 Y=14 SP=?? N=0 V=0 D=0 I=0 Z=1 C=0 : FWA 5D-8A:00001BF0:A4:00 = +1.70532241E-03 : FWB B4-8A:B4900CC8:00:?? = -7.22250780E+02
849A : ROR 33         : A=01 X=00 Y=14 SP=?? N=0 V=0 D=0 I=0 Z=0 C=1 : FWA 5D-8A:00000DF0:A4:00 = +8.50830227E-04 : FWB B4-8A:B4900CC8:00:?? = -7.22250780E+02
849C : ROR 34         : A=01 X=00 Y=14 SP=?? N=1 V=0 D=0 I=0 Z=0 C=0 : FWA 5D-8A:00000DF8:A4:00 = +8.52737576E-04 : FWB B4-8A:B4900CC8:00:?? = -7.22250780E+02
849E : ROR 35         : A=01 X=00 Y=14 SP=?? N=0 V=0 D=0 I=0 Z=0 C=0 : FWA 5D-8A:00000DF8:52:00 = +8.52661207E-04 : FWB B4-8A:B4900CC8:00:?? = -7.22250780E+02
84A0 : DEC A          : A=00 X=00 Y=14 SP=?? N=0 V=0 D=0 I=0 Z=1 C=0 : FWA 5D-8A:00000DF8:52:00 = +8.52661207E-04 : FWB B4-8A:B4900CC8:00:?? = -7.22250780E+02
84A1 : BNE 8496       : A=00 X=00 Y=14 SP=?? N=0 V=0 D=0 I=0 Z=1 C=0 : FWA 5D-8A:00000DF8:52:00 = +8.52661207E-04 : FWB B4-8A:B4900CC8:00:?? = -7.22250780E+02
84A3 : LDA 2E         : A=5D X=00 Y=14 SP=?? N=0 V=0 D=0 I=0 Z=0 C=0 : FWA 5D-8A:00000DF8:52:00 = +8.52661207E-04 : FWB B4-8A:B4900CC8:00:?? = -7.22250780E+02
84A5 : EOR 3B         : A=E9 X=00 Y=14 SP=?? N=1 V=0 D=0 I=0 Z=0 C=0 : FWA 5D-8A:00000DF8:52:00 = +8.52661207E-04 : FWB B4-8A:B4900CC8:00:?? = -7.22250780E+02
84A7 : BMI 84AD       : A=E9 X=00 Y=14 SP=?? N=1 V=0 D=0 I=0 Z=0 C=0 : FWA 5D-8A:00000DF8:52:00 = +8.52661207E-04 : FWB B4-8A:B4900CC8:00:?? = -7.22250780E+02
84AD : LDA 31         : A=00 X=00 Y=14 SP=?? N=0 V=0 D=0 I=0 Z=1 C=0 : FWA 5D-8A:00000DF8:52:00 = +8.52661207E-04 : FWB B4-8A:B4900CC8:00:?? = -7.22250780E+02
84AF : CMP 3D         : A=00 X=00 Y=14 SP=?? N=0 V=0 D=0 I=0 Z=0 C=0 : FWA 5D-8A:00000DF8:52:00 = +8.52661207E-04 : FWB B4-8A:B4900CC8:00:?? = -7.22250780E+02
84B1 : BNE 84CE       : A=00 X=00 Y=14 SP=?? N=0 V=0 D=0 I=0 Z=0 C=0 : FWA 5D-8A:00000DF8:52:00 = +8.52661207E-04 : FWB B4-8A:B4900CC8:00:?? = -7.22250780E+02
84CE : BCS 84F4       : A=00 X=00 Y=14 SP=?? N=0 V=0 D=0 I=0 Z=0 C=0 : FWA 5D-8A:00000DF8:52:00 = +8.52661207E-04 : FWB B4-8A:B4900CC8:00:?? = -7.22250780E+02
84D0 : LDA 3B         : A=B4 X=00 Y=14 SP=?? N=1 V=0 D=0 I=0 Z=0 C=0 : FWA 5D-8A:00000DF8:52:00 = +8.52661207E-04 : FWB B4-8A:B4900CC8:00:?? = -7.22250780E+02
84D2 : STA 2E         : A=B4 X=00 Y=14 SP=?? N=1 V=0 D=0 I=0 Z=0 C=0 : FWA B4-8A:00000DF8:52:00 = -8.52661207E-04 : FWB B4-8A:B4900CC8:00:?? = -7.22250780E+02
84D4 : SEC            : A=B4 X=00 Y=14 SP=?? N=1 V=0 D=0 I=0 Z=0 C=1 : FWA B4-8A:00000DF8:52:00 = -8.52661207E-04 : FWB B4-8A:B4900CC8:00:?? = -7.22250780E+02
84D5 : LDA 41         : A=00 X=00 Y=14 SP=?? N=0 V=0 D=0 I=0 Z=1 C=1 : FWA B4-8A:00000DF8:52:00 = -8.52661207E-04 : FWB B4-8A:B4900CC8:00:?? = -7.22250780E+02
84D7 : SBC 35         : A=AE X=00 Y=14 SP=?? N=1 V=0 D=0 I=0 Z=0 C=0 : FWA B4-8A:00000DF8:52:00 = -8.52661207E-04 : FWB B4-8A:B4900CC8:00:?? = -7.22250780E+02
84D9 : STA 35         : A=AE X=00 Y=14 SP=?? N=1 V=0 D=0 I=0 Z=0 C=0 : FWA B4-8A:00000DF8:AE:00 = -8.52746889E-04 : FWB B4-8A:B4900CC8:00:?? = -7.22250780E+02
84DB : LDA 40         : A=C8 X=00 Y=14 SP=?? N=1 V=0 D=0 I=0 Z=0 C=0 : FWA B4-8A:00000DF8:AE:00 = -8.52746889E-04 : FWB B4-8A:B4900CC8:00:?? = -7.22250780E+02
84DD : SBC 34         : A=CF X=00 Y=14 SP=?? N=1 V=0 D=0 I=0 Z=0 C=0 : FWA B4-8A:00000DF8:AE:00 = -8.52746889E-04 : FWB B4-8A:B4900CC8:00:?? = -7.22250780E+02
84DF : STA 34         : A=CF X=00 Y=14 SP=?? N=1 V=0 D=0 I=0 Z=0 C=0 : FWA B4-8A:00000DCF:AE:00 = -8.42971727E-04 : FWB B4-8A:B4900CC8:00:?? = -7.22250780E+02
84E1 : LDA 3F         : A=0C X=00 Y=14 SP=?? N=0 V=0 D=0 I=0 Z=0 C=0 : FWA B4-8A:00000DCF:AE:00 = -8.42971727E-04 : FWB B4-8A:B4900CC8:00:?? = -7.22250780E+02
84E3 : SBC 33         : A=FE X=00 Y=14 SP=?? N=1 V=0 D=0 I=0 Z=0 C=0 : FWA B4-8A:00000DCF:AE:00 = -8.42971727E-04 : FWB B4-8A:B4900CC8:00:?? = -7.22250780E+02
84E5 : STA 33         : A=FE X=00 Y=14 SP=?? N=1 V=0 D=0 I=0 Z=0 C=0 : FWA B4-8A:0000FECF:AE:00 = -1.55524444E-02 : FWB B4-8A:B4900CC8:00:?? = -7.22250780E+02
84E7 : LDA 3E         : A=90 X=00 Y=14 SP=?? N=1 V=0 D=0 I=0 Z=0 C=0 : FWA B4-8A:0000FECF:AE:00 = -1.55524444E-02 : FWB B4-8A:B4900CC8:00:?? = -7.22250780E+02
84E9 : SBC 32         : A=8F X=00 Y=14 SP=?? N=1 V=0 D=0 I=0 Z=0 C=1 : FWA B4-8A:0000FECF:AE:00 = -1.55524444E-02 : FWB B4-8A:B4900CC8:00:?? = -7.22250780E+02
84EB : STA 32         : A=8F X=00 Y=14 SP=?? N=1 V=0 D=0 I=0 Z=0 C=1 : FWA B4-8A:008FFECF:AE:00 = -2.24992744E+00 : FWB B4-8A:B4900CC8:00:?? = -7.22250780E+02
84ED : LDA 3D         : A=B4 X=00 Y=14 SP=?? N=1 V=0 D=0 I=0 Z=0 C=1 : FWA B4-8A:008FFECF:AE:00 = -2.24992744E+00 : FWB B4-8A:B4900CC8:00:?? = -7.22250780E+02
84EF : SBC 31         : A=B4 X=00 Y=14 SP=?? N=1 V=0 D=0 I=0 Z=0 C=1 : FWA B4-8A:008FFECF:AE:00 = -2.24992744E+00 : FWB B4-8A:B4900CC8:00:?? = -7.22250780E+02
84F1 : JMP 8304       : A=B4 X=00 Y=14 SP=?? N=1 V=0 D=0 I=0 Z=0 C=1 : FWA B4-8A:008FFECF:AE:00 = -2.24992744E+00 : FWB B4-8A:B4900CC8:00:?? = -7.22250780E+02
8304 : BMI 8346       : A=B4 X=00 Y=14 SP=?? N=1 V=0 D=0 I=0 Z=0 C=1 : FWA B4-8A:008FFECF:AE:00 = -2.24992744E+00 : FWB B4-8A:B4900CC8:00:?? = -7.22250780E+02
8346 : STA 31         : A=B4 X=00 Y=14 SP=?? N=1 V=0 D=0 I=0 Z=0 C=1 : FWA B4-8A:B48FFECF:AE:00 = -7.22249927E+02 : FWB B4-8A:B4900CC8:00:?? = -7.22250780E+02
8348 : RTS            : A=B4 X=00 Y=14 SP=?? N=1 V=0 D=0 I=0 Z=0 C=1 : FWA B4-8A:B48FFECF:AE:00 = -7.22249927E+02 : FWB B4-8A:B4900CC8:00:?? = -7.22250780E+02
A712 : LDA 35         : A=AE X=00 Y=14 SP=?? N=1 V=0 D=0 I=0 Z=0 C=1 : FWA B4-8A:B48FFECF:AE:00 = -7.22249927E+02 : FWB B4-8A:B4900CC8:00:?? = -7.22250780E+02
A714 : BPL A725       : A=AE X=00 Y=14 SP=?? N=1 V=0 D=0 I=0 Z=0 C=1 : FWA B4-8A:B48FFECF:AE:00 = -7.22249927E+02 : FWB B4-8A:B4900CC8:00:?? = -7.22250780E+02
A716 : ASL A          : A=5C X=00 Y=14 SP=?? N=0 V=0 D=0 I=0 Z=0 C=1 : FWA B4-8A:B48FFECF:AE:00 = -7.22249927E+02 : FWB B4-8A:B4900CC8:00:?? = -7.22250780E+02
A717 : BNE A71E       : A=5C X=00 Y=14 SP=?? N=0 V=0 D=0 I=0 Z=0 C=1 : FWA B4-8A:B48FFECF:AE:00 = -7.22249927E+02 : FWB B4-8A:B4900CC8:00:?? = -7.22250780E+02
A71E : INC 34         : A=5C X=00 Y=14 SP=?? N=1 V=0 D=0 I=0 Z=0 C=1 : FWA B4-8A:B48FFED0:AE:00 = -7.22249928E+02 : FWB B4-8A:B4900CC8:00:?? = -7.22250780E+02
A720 : BNE A725       : A=5C X=00 Y=14 SP=?? N=1 V=0 D=0 I=0 Z=0 C=1 : FWA B4-8A:B48FFED0:AE:00 = -7.22249928E+02 : FWB B4-8A:B4900CC8:00:?? = -7.22250780E+02
A725 : LDA 2F         : A=00 X=00 Y=14 SP=?? N=0 V=0 D=0 I=0 Z=1 C=1 : FWA B4-8A:B48FFED0:AE:00 = -7.22249928E+02 : FWB B4-8A:B4900CC8:00:?? = -7.22250780E+02
A727 : BEQ A739       : A=00 X=00 Y=14 SP=?? N=0 V=0 D=0 I=0 Z=1 C=1 : FWA B4-8A:B48FFED0:AE:00 = -7.22249928E+02 : FWB B4-8A:B4900CC8:00:?? = -7.22250780E+02
A739 : STZ 35         : A=00 X=00 Y=14 SP=?? N=0 V=0 D=0 I=0 Z=1 C=1 : FWA B4-8A:B48FFED0:00:00 = -7.22249928E+02 : FWB B4-8A:B4900CC8:00:?? = -7.22250780E+02
A73B : LDA #FF        : A=FF X=00 Y=14 SP=?? N=1 V=0 D=0 I=0 Z=0 C=1 : FWA B4-8A:B48FFED0:00:00 = -7.22249928E+02 : FWB B4-8A:B4900CC8:00:?? = -7.22250780E+02
A73D : RTS            : A=FF X=00 Y=14 SP=?? N=1 V=0 D=0 I=0 Z=0 C=1 : FWA B4-8A:B48FFED0:00:00 = -7.22249928E+02 : FWB B4-8A:B4900CC8:00:?? = -7.22250780E+02
A8EE : JSR A5AD       : A=FF X=00 Y=14 SP=?? N=1 V=0 D=0 I=0 Z=0 C=1 : FWA B4-8A:B48FFED0:00:00 = -7.22249928E+02 : FWB B4-8A:B4900CC8:00:?? = -7.22250780E+02
A5AD : CLC            : A=FF X=00 Y=14 SP=?? N=1 V=0 D=0 I=0 Z=0 C=0 : FWA B4-8A:B48FFED0:00:00 = -7.22249928E+02 : FWB B4-8A:B4900CC8:00:?? = -7.22250780E+02
A5AE : LDA 4C         : A=F6 X=00 Y=14 SP=?? N=1 V=0 D=0 I=0 Z=0 C=0 : FWA B4-8A:B48FFED0:00:00 = -7.22249928E+02 : FWB B4-8A:B4900CC8:00:?? = -7.22250780E+02
A5B0 : ADC #05        : A=FB X=00 Y=14 SP=?? N=1 V=0 D=0 I=0 Z=0 C=0 : FWA B4-8A:B48FFED0:00:00 = -7.22249928E+02 : FWB B4-8A:B4900CC8:00:?? = -7.22250780E+02
A5B2 : STA 4C         : A=FB X=00 Y=14 SP=?? N=1 V=0 D=0 I=0 Z=0 C=0 : FWA B4-8A:B48FFED0:00:00 = -7.22249928E+02 : FWB B4-8A:B4900CC8:00:?? = -7.22250780E+02
A5B4 : LDY #BF        : A=FB X=00 Y=BF SP=?? N=1 V=0 D=0 I=0 Z=0 C=0 : FWA B4-8A:B48FFED0:00:00 = -7.22249928E+02 : FWB B4-8A:B4900CC8:00:?? = -7.22250780E+02
A5B6 : STA 4A         : A=FB X=00 Y=BF SP=?? N=1 V=0 D=0 I=0 Z=0 C=0 : FWA B4-8A:B48FFED0:00:00 = -7.22249928E+02 : FWB B4-8A:B4900CC8:00:?? = -7.22250780E+02
A5B8 : STY 4B         : A=FB X=00 Y=BF SP=?? N=1 V=0 D=0 I=0 Z=0 C=0 : FWA B4-8A:B48FFED0:00:00 = -7.22249928E+02 : FWB B4-8A:B4900CC8:00:?? = -7.22250780E+02
A5BA : RTS            : A=FB X=00 Y=BF SP=?? N=1 V=0 D=0 I=0 Z=0 C=0 : FWA B4-8A:B48FFED0:00:00 = -7.22249928E+02 : FWB B4-8A:B4900CC8:00:?? = -7.22250780E+02
A8F1 : JSR A70A       : A=FB X=00 Y=BF SP=?? N=1 V=0 D=0 I=0 Z=0 C=0 : FWA B4-8A:B48FFED0:00:00 = -7.22249928E+02 : FWB B4-8A:B4900CC8:00:?? = -7.22250780E+02
A70A : JSR A514       : A=FB X=00 Y=BF SP=?? N=1 V=0 D=0 I=0 Z=0 C=0 : FWA B4-8A:B48FFED0:00:00 = -7.22249928E+02 : FWB B4-8A:B4900CC8:00:?? = -7.22250780E+02
A514 : STZ 41         : A=FB X=00 Y=BF SP=?? N=1 V=0 D=0 I=0 Z=0 C=0 : FWA B4-8A:B48FFED0:00:00 = -7.22249928E+02 : FWB B4-8A:B4900CC8:00:?? = -7.22250780E+02
A516 : LDY #04        : A=FB X=00 Y=04 SP=?? N=0 V=0 D=0 I=0 Z=0 C=0 : FWA B4-8A:B48FFED0:00:00 = -7.22249928E+02 : FWB B4-8A:B4900CC8:00:?? = -7.22250780E+02
A518 : LDA (4A),Y     : A=66 X=00 Y=04 SP=?? N=0 V=0 D=0 I=0 Z=0 C=0 : FWA B4-8A:B48FFED0:00:00 = -7.22249928E+02 : FWB B4-8A:B4900CC8:00:?? = -7.22250780E+02
A51A : STA 40         : A=66 X=00 Y=04 SP=?? N=0 V=0 D=0 I=0 Z=0 C=0 : FWA B4-8A:B48FFED0:00:00 = -7.22249928E+02 : FWB B4-8A:B4900C66:00:?? = -7.22250757E+02
A51C : DEY            : A=66 X=00 Y=03 SP=?? N=0 V=0 D=0 I=0 Z=0 C=0 : FWA B4-8A:B48FFED0:00:00 = -7.22249928E+02 : FWB B4-8A:B4900C66:00:?? = -7.22250757E+02
A51D : LDA (4A),Y     : A=66 X=00 Y=03 SP=?? N=0 V=0 D=0 I=0 Z=0 C=0 : FWA B4-8A:B48FFED0:00:00 = -7.22249928E+02 : FWB B4-8A:B4900C66:00:?? = -7.22250757E+02
A51F : STA 3F         : A=66 X=00 Y=03 SP=?? N=0 V=0 D=0 I=0 Z=0 C=0 : FWA B4-8A:B48FFED0:00:00 = -7.22249928E+02 : FWB B4-8A:B4906666:00:?? = -7.22256250E+02
A521 : DEY            : A=66 X=00 Y=02 SP=?? N=0 V=0 D=0 I=0 Z=0 C=0 : FWA B4-8A:B48FFED0:00:00 = -7.22249928E+02 : FWB B4-8A:B4906666:00:?? = -7.22256250E+02
A522 : LDA (4A),Y     : A=66 X=00 Y=02 SP=?? N=0 V=0 D=0 I=0 Z=0 C=0 : FWA B4-8A:B48FFED0:00:00 = -7.22249928E+02 : FWB B4-8A:B4906666:00:?? = -7.22256250E+02
A524 : STA 3E         : A=66 X=00 Y=02 SP=?? N=0 V=0 D=0 I=0 Z=0 C=0 : FWA B4-8A:B48FFED0:00:00 = -7.22249928E+02 : FWB B4-8A:B4666666:00:?? = -7.21600000E+02
A526 : DEY            : A=66 X=00 Y=01 SP=?? N=0 V=0 D=0 I=0 Z=0 C=0 : FWA B4-8A:B48FFED0:00:00 = -7.22249928E+02 : FWB B4-8A:B4666666:00:?? = -7.21600000E+02
A527 : LDA (4A),Y     : A=E6 X=00 Y=01 SP=?? N=1 V=0 D=0 I=0 Z=0 C=0 : FWA B4-8A:B48FFED0:00:00 = -7.22249928E+02 : FWB B4-8A:B4666666:00:?? = -7.21600000E+02
A529 : STA 3B         : A=E6 X=00 Y=01 SP=?? N=1 V=0 D=0 I=0 Z=0 C=0 : FWA B4-8A:B48FFED0:00:00 = -7.22249928E+02 : FWB E6-8A:B4666666:00:?? = -7.21600000E+02
A52B : TAY            : A=E6 X=00 Y=E6 SP=?? N=1 V=0 D=0 I=0 Z=0 C=0 : FWA B4-8A:B48FFED0:00:00 = -7.22249928E+02 : FWB E6-8A:B4666666:00:?? = -7.21600000E+02
A52C : LDA (4A)       : A=81 X=00 Y=E6 SP=?? N=1 V=0 D=0 I=0 Z=0 C=0 : FWA B4-8A:B48FFED0:00:00 = -7.22249928E+02 : FWB E6-8A:B4666666:00:?? = -7.21600000E+02
A52E : STA 3C         : A=81 X=00 Y=E6 SP=?? N=1 V=0 D=0 I=0 Z=0 C=0 : FWA B4-8A:B48FFED0:00:00 = -7.22249928E+02 : FWB E6-81:B4666666:00:?? = -1.40937500E+00
A530 : BNE A53B       : A=81 X=00 Y=E6 SP=?? N=1 V=0 D=0 I=0 Z=0 C=0 : FWA B4-8A:B48FFED0:00:00 = -7.22249928E+02 : FWB E6-81:B4666666:00:?? = -1.40937500E+00
A53B : TYA            : A=E6 X=00 Y=E6 SP=?? N=1 V=0 D=0 I=0 Z=0 C=0 : FWA B4-8A:B48FFED0:00:00 = -7.22249928E+02 : FWB E6-81:B4666666:00:?? = -1.40937500E+00
A53C : ORA #80        : A=E6 X=00 Y=E6 SP=?? N=1 V=0 D=0 I=0 Z=0 C=0 : FWA B4-8A:B48FFED0:00:00 = -7.22249928E+02 : FWB E6-81:B4666666:00:?? = -1.40937500E+00
A53E : STA 3D         : A=E6 X=00 Y=E6 SP=?? N=1 V=0 D=0 I=0 Z=0 C=0 : FWA B4-8A:B48FFED0:00:00 = -7.22249928E+02 : FWB E6-81:E6666666:00:?? = -1.80000000E+00
A540 : RTS            : A=E6 X=00 Y=E6 SP=?? N=1 V=0 D=0 I=0 Z=0 C=0 : FWA B4-8A:B48FFED0:00:00 = -7.22249928E+02 : FWB E6-81:E6666666:00:?? = -1.80000000E+00
A70D : BEQ A73B       : A=E6 X=00 Y=E6 SP=?? N=1 V=0 D=0 I=0 Z=0 C=0 : FWA B4-8A:B48FFED0:00:00 = -7.22249928E+02 : FWB E6-81:E6666666:00:?? = -1.80000000E+00
A70F : JSR 8429       : A=E6 X=00 Y=E6 SP=?? N=1 V=0 D=0 I=0 Z=0 C=0 : FWA B4-8A:B48FFED0:00:00 = -7.22249928E+02 : FWB E6-81:E6666666:00:?? = -1.80000000E+00
8429 : LDA 31         : A=B4 X=00 Y=E6 SP=?? N=1 V=0 D=0 I=0 Z=0 C=0 : FWA B4-8A:B48FFED0:00:00 = -7.22249928E+02 : FWB E6-81:E6666666:00:?? = -1.80000000E+00
842B : BEQ 840A       : A=B4 X=00 Y=E6 SP=?? N=1 V=0 D=0 I=0 Z=0 C=0 : FWA B4-8A:B48FFED0:00:00 = -7.22249928E+02 : FWB E6-81:E6666666:00:?? = -1.80000000E+00
842D : SEC            : A=B4 X=00 Y=E6 SP=?? N=1 V=0 D=0 I=0 Z=0 C=1 : FWA B4-8A:B48FFED0:00:00 = -7.22249928E+02 : FWB E6-81:E6666666:00:?? = -1.80000000E+00
842E : LDA 30         : A=8A X=00 Y=E6 SP=?? N=1 V=0 D=0 I=0 Z=0 C=1 : FWA B4-8A:B48FFED0:00:00 = -7.22249928E+02 : FWB E6-81:E6666666:00:?? = -1.80000000E+00
8430 : SBC 3C         : A=09 X=00 Y=E6 SP=?? N=0 V=0 D=0 I=0 Z=0 C=1 : FWA B4-8A:B48FFED0:00:00 = -7.22249928E+02 : FWB E6-81:E6666666:00:?? = -1.80000000E+00
8432 : BEQ 84A3       : A=09 X=00 Y=E6 SP=?? N=0 V=0 D=0 I=0 Z=0 C=1 : FWA B4-8A:B48FFED0:00:00 = -7.22249928E+02 : FWB E6-81:E6666666:00:?? = -1.80000000E+00
8434 : BCC 846A       : A=09 X=00 Y=E6 SP=?? N=0 V=0 D=0 I=0 Z=0 C=1 : FWA B4-8A:B48FFED0:00:00 = -7.22249928E+02 : FWB E6-81:E6666666:00:?? = -1.80000000E+00
8436 : CMP #25        : A=09 X=00 Y=E6 SP=?? N=1 V=0 D=0 I=0 Z=0 C=0 : FWA B4-8A:B48FFED0:00:00 = -7.22249928E+02 : FWB E6-81:E6666666:00:?? = -1.80000000E+00
8438 : BCS 8428       : A=09 X=00 Y=E6 SP=?? N=1 V=0 D=0 I=0 Z=0 C=0 : FWA B4-8A:B48FFED0:00:00 = -7.22249928E+02 : FWB E6-81:E6666666:00:?? = -1.80000000E+00
843A : TAY            : A=09 X=00 Y=09 SP=?? N=0 V=0 D=0 I=0 Z=0 C=0 : FWA B4-8A:B48FFED0:00:00 = -7.22249928E+02 : FWB E6-81:E6666666:00:?? = -1.80000000E+00
843B : AND #38        : A=08 X=00 Y=09 SP=?? N=0 V=0 D=0 I=0 Z=0 C=0 : FWA B4-8A:B48FFED0:00:00 = -7.22249928E+02 : FWB E6-81:E6666666:00:?? = -1.80000000E+00
843D : BEQ 8456       : A=08 X=00 Y=09 SP=?? N=0 V=0 D=0 I=0 Z=0 C=0 : FWA B4-8A:B48FFED0:00:00 = -7.22249928E+02 : FWB E6-81:E6666666:00:?? = -1.80000000E+00
843F : SEC            : A=08 X=00 Y=09 SP=?? N=0 V=0 D=0 I=0 Z=0 C=1 : FWA B4-8A:B48FFED0:00:00 = -7.22249928E+02 : FWB E6-81:E6666666:00:?? = -1.80000000E+00
8440 : LDX 40         : A=08 X=66 Y=09 SP=?? N=0 V=0 D=0 I=0 Z=0 C=1 : FWA B4-8A:B48FFED0:00:00 = -7.22249928E+02 : FWB E6-81:E6666666:00:?? = -1.80000000E+00
8442 : STX 41         : A=08 X=66 Y=09 SP=?? N=0 V=0 D=0 I=0 Z=0 C=1 : FWA B4-8A:B48FFED0:00:00 = -7.22249928E+02 : FWB E6-81:E6666666:66:?? = -1.80000000E+00
8444 : LDX 3F         : A=08 X=66 Y=09 SP=?? N=0 V=0 D=0 I=0 Z=0 C=1 : FWA B4-8A:B48FFED0:00:00 = -7.22249928E+02 : FWB E6-81:E6666666:66:?? = -1.80000000E+00
8446 : STX 40         : A=08 X=66 Y=09 SP=?? N=0 V=0 D=0 I=0 Z=0 C=1 : FWA B4-8A:B48FFED0:00:00 = -7.22249928E+02 : FWB E6-81:E6666666:66:?? = -1.80000000E+00
8448 : LDX 3E         : A=08 X=66 Y=09 SP=?? N=0 V=0 D=0 I=0 Z=0 C=1 : FWA B4-8A:B48FFED0:00:00 = -7.22249928E+02 : FWB E6-81:E6666666:66:?? = -1.80000000E+00
844A : STX 3F         : A=08 X=66 Y=09 SP=?? N=0 V=0 D=0 I=0 Z=0 C=1 : FWA B4-8A:B48FFED0:00:00 = -7.22249928E+02 : FWB E6-81:E6666666:66:?? = -1.80000000E+00
844C : LDX 3D         : A=08 X=E6 Y=09 SP=?? N=1 V=0 D=0 I=0 Z=0 C=1 : FWA B4-8A:B48FFED0:00:00 = -7.22249928E+02 : FWB E6-81:E6666666:66:?? = -1.80000000E+00
844E : STX 3E         : A=08 X=E6 Y=09 SP=?? N=1 V=0 D=0 I=0 Z=0 C=1 : FWA B4-8A:B48FFED0:00:00 = -7.22249928E+02 : FWB E6-81:E6E66666:66:?? = -1.80390625E+00
8450 : STZ 3D         : A=08 X=E6 Y=09 SP=?? N=1 V=0 D=0 I=0 Z=0 C=1 : FWA B4-8A:B48FFED0:00:00 = -7.22249928E+02 : FWB E6-81:00E66666:66:?? = -7.03125000E-03
8452 : SBC #08        : A=00 X=E6 Y=09 SP=?? N=0 V=0 D=0 I=0 Z=1 C=1 : FWA B4-8A:B48FFED0:00:00 = -7.22249928E+02 : FWB E6-81:00E66666:66:?? = -7.03125000E-03
8454 : BNE 8440       : A=00 X=E6 Y=09 SP=?? N=0 V=0 D=0 I=0 Z=1 C=1 : FWA B4-8A:B48FFED0:00:00 = -7.22249928E+02 : FWB E6-81:00E66666:66:?? = -7.03125000E-03
8456 : TYA            : A=09 X=E6 Y=09 SP=?? N=0 V=0 D=0 I=0 Z=0 C=1 : FWA B4-8A:B48FFED0:00:00 = -7.22249928E+02 : FWB E6-81:00E66666:66:?? = -7.03125000E-03
8457 : AND #07        : A=01 X=E6 Y=09 SP=?? N=0 V=0 D=0 I=0 Z=0 C=1 : FWA B4-8A:B48FFED0:00:00 = -7.22249928E+02 : FWB E6-81:00E66666:66:?? = -7.03125000E-03
8459 : BEQ 84A3       : A=01 X=E6 Y=09 SP=?? N=0 V=0 D=0 I=0 Z=0 C=1 : FWA B4-8A:B48FFED0:00:00 = -7.22249928E+02 : FWB E6-81:00E66666:66:?? = -7.03125000E-03
845B : LSR 3D         : A=01 X=E6 Y=09 SP=?? N=0 V=0 D=0 I=0 Z=1 C=0 : FWA B4-8A:B48FFED0:00:00 = -7.22249928E+02 : FWB E6-81:00E66666:66:?? = -7.03125000E-03
845D : ROR 3E         : A=01 X=E6 Y=09 SP=?? N=0 V=0 D=0 I=0 Z=0 C=0 : FWA B4-8A:B48FFED0:00:00 = -7.22249928E+02 : FWB E6-81:00736666:66:?? = -3.52172851E-03
845F : ROR 3F         : A=01 X=E6 Y=09 SP=?? N=0 V=0 D=0 I=0 Z=0 C=0 : FWA B4-8A:B48FFED0:00:00 = -7.22249928E+02 : FWB E6-81:00733366:66:?? = -3.51564884E-03
8461 : ROR 40         : A=01 X=E6 Y=09 SP=?? N=0 V=0 D=0 I=0 Z=0 C=0 : FWA B4-8A:B48FFED0:00:00 = -7.22249928E+02 : FWB E6-81:00733333:66:?? = -3.51562509E-03
8463 : ROR 41         : A=01 X=E6 Y=09 SP=?? N=0 V=0 D=0 I=0 Z=0 C=0 : FWA B4-8A:B48FFED0:00:00 = -7.22249928E+02 : FWB E6-81:00733333:33:?? = -3.51562500E-03
8465 : DEC A          : A=00 X=E6 Y=09 SP=?? N=0 V=0 D=0 I=0 Z=1 C=0 : FWA B4-8A:B48FFED0:00:00 = -7.22249928E+02 : FWB E6-81:00733333:33:?? = -3.51562500E-03
8466 : BNE 845B       : A=00 X=E6 Y=09 SP=?? N=0 V=0 D=0 I=0 Z=1 C=0 : FWA B4-8A:B48FFED0:00:00 = -7.22249928E+02 : FWB E6-81:00733333:33:?? = -3.51562500E-03
8468 : BRA 84A3       : A=00 X=E6 Y=09 SP=?? N=0 V=0 D=0 I=0 Z=1 C=0 : FWA B4-8A:B48FFED0:00:00 = -7.22249928E+02 : FWB E6-81:00733333:33:?? = -3.51562500E-03
84A3 : LDA 2E         : A=B4 X=E6 Y=09 SP=?? N=1 V=0 D=0 I=0 Z=0 C=0 : FWA B4-8A:B48FFED0:00:00 = -7.22249928E+02 : FWB E6-81:00733333:33:?? = -3.51562500E-03
84A5 : EOR 3B         : A=52 X=E6 Y=09 SP=?? N=0 V=0 D=0 I=0 Z=0 C=0 : FWA B4-8A:B48FFED0:00:00 = -7.22249928E+02 : FWB E6-81:00733333:33:?? = -3.51562500E-03
84A7 : BMI 84AD       : A=52 X=E6 Y=09 SP=?? N=0 V=0 D=0 I=0 Z=0 C=0 : FWA B4-8A:B48FFED0:00:00 = -7.22249928E+02 : FWB E6-81:00733333:33:?? = -3.51562500E-03
84A9 : CLC            : A=52 X=E6 Y=09 SP=?? N=0 V=0 D=0 I=0 Z=0 C=0 : FWA B4-8A:B48FFED0:00:00 = -7.22249928E+02 : FWB E6-81:00733333:33:?? = -3.51562500E-03
84AA : JMP A489       : A=52 X=E6 Y=09 SP=?? N=0 V=0 D=0 I=0 Z=0 C=0 : FWA B4-8A:B48FFED0:00:00 = -7.22249928E+02 : FWB E6-81:00733333:33:?? = -3.51562500E-03
A489 : LDA 35         : A=00 X=E6 Y=09 SP=?? N=0 V=0 D=0 I=0 Z=1 C=0 : FWA B4-8A:B48FFED0:00:00 = -7.22249928E+02 : FWB E6-81:00733333:33:?? = -3.51562500E-03
A48B : ADC 41         : A=33 X=E6 Y=09 SP=?? N=0 V=0 D=0 I=0 Z=0 C=0 : FWA B4-8A:B48FFED0:00:00 = -7.22249928E+02 : FWB E6-81:00733333:33:?? = -3.51562500E-03
A48D : STA 35         : A=33 X=E6 Y=09 SP=?? N=0 V=0 D=0 I=0 Z=0 C=0 : FWA B4-8A:B48FFED0:33:00 = -7.22249928E+02 : FWB E6-81:00733333:33:?? = -3.51562500E-03
A48F : LDA 34         : A=D0 X=E6 Y=09 SP=?? N=1 V=0 D=0 I=0 Z=0 C=0 : FWA B4-8A:B48FFED0:33:00 = -7.22249928E+02 : FWB E6-81:00733333:33:?? = -3.51562500E-03
A491 : ADC 40         : A=03 X=E6 Y=09 SP=?? N=0 V=0 D=0 I=0 Z=0 C=1 : FWA B4-8A:B48FFED0:33:00 = -7.22249928E+02 : FWB E6-81:00733333:33:?? = -3.51562500E-03
A493 : STA 34         : A=03 X=E6 Y=09 SP=?? N=0 V=0 D=0 I=0 Z=0 C=1 : FWA B4-8A:B48FFE03:33:00 = -7.22249879E+02 : FWB E6-81:00733333:33:?? = -3.51562500E-03
A495 : LDA 33         : A=FE X=E6 Y=09 SP=?? N=1 V=0 D=0 I=0 Z=0 C=1 : FWA B4-8A:B48FFE03:33:00 = -7.22249879E+02 : FWB E6-81:00733333:33:?? = -3.51562500E-03
A497 : ADC 3F         : A=32 X=E6 Y=09 SP=?? N=0 V=0 D=0 I=0 Z=0 C=1 : FWA B4-8A:B48FFE03:33:00 = -7.22249879E+02 : FWB E6-81:00733333:33:?? = -3.51562500E-03
A499 : STA 33         : A=32 X=E6 Y=09 SP=?? N=0 V=0 D=0 I=0 Z=0 C=1 : FWA B4-8A:B48F3203:33:00 = -7.22237428E+02 : FWB E6-81:00733333:33:?? = -3.51562500E-03
A49B : LDA 32         : A=8F X=E6 Y=09 SP=?? N=1 V=0 D=0 I=0 Z=0 C=1 : FWA B4-8A:B48F3203:33:00 = -7.22237428E+02 : FWB E6-81:00733333:33:?? = -3.51562500E-03
A49D : ADC 3E         : A=03 X=E6 Y=09 SP=?? N=0 V=0 D=0 I=0 Z=0 C=1 : FWA B4-8A:B48F3203:33:00 = -7.22237428E+02 : FWB E6-81:00733333:33:?? = -3.51562500E-03
A49F : STA 32         : A=03 X=E6 Y=09 SP=?? N=0 V=0 D=0 I=0 Z=0 C=1 : FWA B4-8A:B4033203:33:00 = -7.20049928E+02 : FWB E6-81:00733333:33:?? = -3.51562500E-03
A4A1 : LDA 3D         : A=00 X=E6 Y=09 SP=?? N=0 V=0 D=0 I=0 Z=1 C=1 : FWA B4-8A:B4033203:33:00 = -7.20049928E+02 : FWB E6-81:00733333:33:?? = -3.51562500E-03
A4A3 : ADC 31         : A=B5 X=E6 Y=09 SP=?? N=1 V=0 D=0 I=0 Z=0 C=0 : FWA B4-8A:B4033203:33:00 = -7.20049928E+02 : FWB E6-81:00733333:33:?? = -3.51562500E-03
A4A5 : STA 31         : A=B5 X=E6 Y=09 SP=?? N=1 V=0 D=0 I=0 Z=0 C=0 : FWA B4-8A:B5033203:33:00 = -7.24049928E+02 : FWB E6-81:00733333:33:?? = -3.51562500E-03
A4A7 : BCC A4B9       : A=B5 X=E6 Y=09 SP=?? N=1 V=0 D=0 I=0 Z=0 C=0 : FWA B4-8A:B5033203:33:00 = -7.24049928E+02 : FWB E6-81:00733333:33:?? = -3.51562500E-03
A4B9 : RTS            : A=B5 X=E6 Y=09 SP=?? N=1 V=0 D=0 I=0 Z=0 C=0 : FWA B4-8A:B5033203:33:00 = -7.24049928E+02 : FWB E6-81:00733333:33:?? = -3.51562500E-03
A712 : LDA 35         : A=33 X=E6 Y=09 SP=?? N=0 V=0 D=0 I=0 Z=0 C=0 : FWA B4-8A:B5033203:33:00 = -7.24049928E+02 : FWB E6-81:00733333:33:?? = -3.51562500E-03
A714 : BPL A725       : A=33 X=E6 Y=09 SP=?? N=0 V=0 D=0 I=0 Z=0 C=0 : FWA B4-8A:B5033203:33:00 = -7.24049928E+02 : FWB E6-81:00733333:33:?? = -3.51562500E-03
A725 : LDA 2F         : A=00 X=E6 Y=09 SP=?? N=0 V=0 D=0 I=0 Z=1 C=0 : FWA B4-8A:B5033203:33:00 = -7.24049928E+02 : FWB E6-81:00733333:33:?? = -3.51562500E-03
A727 : BEQ A739       : A=00 X=E6 Y=09 SP=?? N=0 V=0 D=0 I=0 Z=1 C=0 : FWA B4-8A:B5033203:33:00 = -7.24049928E+02 : FWB E6-81:00733333:33:?? = -3.51562500E-03
A739 : STZ 35         : A=00 X=E6 Y=09 SP=?? N=0 V=0 D=0 I=0 Z=1 C=0 : FWA B4-8A:B5033203:00:00 = -7.24049927E+02 : FWB E6-81:00733333:33:?? = -3.51562500E-03
A73B : LDA #FF        : A=FF X=E6 Y=09 SP=?? N=1 V=0 D=0 I=0 Z=0 C=0 : FWA B4-8A:B5033203:00:00 = -7.24049927E+02 : FWB E6-81:00733333:33:?? = -3.51562500E-03
A73D : RTS            : A=FF X=E6 Y=09 SP=?? N=1 V=0 D=0 I=0 Z=0 C=0 : FWA B4-8A:B5033203:00:00 = -7.24049927E+02 : FWB E6-81:00733333:33:?? = -3.51562500E-03
A8F4 : INC 47         : A=FF X=E6 Y=09 SP=?? N=0 V=0 D=0 I=0 Z=1 C=0 : FWA B4-8A:B5033203:00:00 = -7.24049927E+02 : FWB E6-81:00733333:33:?? = -3.51562500E-03
A8F6 : BMI A8E0       : A=FF X=E6 Y=09 SP=?? N=0 V=0 D=0 I=0 Z=1 C=0 : FWA B4-8A:B5033203:00:00 = -7.24049927E+02 : FWB E6-81:00733333:33:?? = -3.51562500E-03
A8F8 : JSR A5BB       : A=FF X=E6 Y=09 SP=?? N=0 V=0 D=0 I=0 Z=1 C=0 : FWA B4-8A:B5033203:00:00 = -7.24049927E+02 : FWB E6-81:00733333:33:?? = -3.51562500E-03
A5BB : LDA #6C        : A=6C X=E6 Y=09 SP=?? N=0 V=0 D=0 I=0 Z=0 C=0 : FWA B4-8A:B5033203:00:00 = -7.24049927E+02 : FWB E6-81:00733333:33:?? = -3.51562500E-03
A5BD : LDY #04        : A=6C X=E6 Y=04 SP=?? N=0 V=0 D=0 I=0 Z=0 C=0 : FWA B4-8A:B5033203:00:00 = -7.24049927E+02 : FWB E6-81:00733333:33:?? = -3.51562500E-03
A5BF : BRA A5B6       : A=6C X=E6 Y=04 SP=?? N=0 V=0 D=0 I=0 Z=0 C=0 : FWA B4-8A:B5033203:00:00 = -7.24049927E+02 : FWB E6-81:00733333:33:?? = -3.51562500E-03
A5B6 : STA 4A         : A=6C X=E6 Y=04 SP=?? N=0 V=0 D=0 I=0 Z=0 C=0 : FWA B4-8A:B5033203:00:00 = -7.24049927E+02 : FWB E6-81:00733333:33:?? = -3.51562500E-03
A5B8 : STY 4B         : A=6C X=E6 Y=04 SP=?? N=0 V=0 D=0 I=0 Z=0 C=0 : FWA B4-8A:B5033203:00:00 = -7.24049927E+02 : FWB E6-81:00733333:33:?? = -3.51562500E-03
A5BA : RTS            : A=6C X=E6 Y=04 SP=?? N=0 V=0 D=0 I=0 Z=0 C=0 : FWA B4-8A:B5033203:00:00 = -7.24049927E+02 : FWB E6-81:00733333:33:?? = -3.51562500E-03
A8FB : JSR A634       : A=6C X=E6 Y=04 SP=?? N=0 V=0 D=0 I=0 Z=0 C=0 : FWA B4-8A:B5033203:00:00 = -7.24049927E+02 : FWB E6-81:00733333:33:?? = -3.51562500E-03
A634 : LDA 31         : A=B5 X=E6 Y=04 SP=?? N=1 V=0 D=0 I=0 Z=0 C=0 : FWA B4-8A:B5033203:00:00 = -7.24049927E+02 : FWB E6-81:00733333:33:?? = -3.51562500E-03
A636 : BEQ A62C       : A=B5 X=E6 Y=04 SP=?? N=1 V=0 D=0 I=0 Z=0 C=0 : FWA B4-8A:B5033203:00:00 = -7.24049927E+02 : FWB E6-81:00733333:33:?? = -3.51562500E-03
A638 : JSR A514       : A=B5 X=E6 Y=04 SP=?? N=1 V=0 D=0 I=0 Z=0 C=0 : FWA B4-8A:B5033203:00:00 = -7.24049927E+02 : FWB E6-81:00733333:33:?? = -3.51562500E-03
A514 : STZ 41         : A=B5 X=E6 Y=04 SP=?? N=1 V=0 D=0 I=0 Z=0 C=0 : FWA B4-8A:B5033203:00:00 = -7.24049927E+02 : FWB E6-81:00733333:00:?? = -3.51562491E-03
A516 : LDY #04        : A=B5 X=E6 Y=04 SP=?? N=0 V=0 D=0 I=0 Z=0 C=0 : FWA B4-8A:B5033203:00:00 = -7.24049927E+02 : FWB E6-81:00733333:00:?? = -3.51562491E-03
A518 : LDA (4A),Y     : A=01 X=E6 Y=04 SP=?? N=0 V=0 D=0 I=0 Z=0 C=0 : FWA B4-8A:B5033203:00:00 = -7.24049927E+02 : FWB E6-81:00733333:00:?? = -3.51562491E-03
A51A : STA 40         : A=01 X=E6 Y=04 SP=?? N=0 V=0 D=0 I=0 Z=0 C=0 : FWA B4-8A:B5033203:00:00 = -7.24049927E+02 : FWB E6-81:00733301:00:?? = -3.51560162E-03
A51C : DEY            : A=01 X=E6 Y=03 SP=?? N=0 V=0 D=0 I=0 Z=0 C=0 : FWA B4-8A:B5033203:00:00 = -7.24049927E+02 : FWB E6-81:00733301:00:?? = -3.51560162E-03
A51D : LDA (4A),Y     : A=DF X=E6 Y=03 SP=?? N=1 V=0 D=0 I=0 Z=0 C=0 : FWA B4-8A:B5033203:00:00 = -7.24049927E+02 : FWB E6-81:00733301:00:?? = -3.51560162E-03
A51F : STA 3F         : A=DF X=E6 Y=03 SP=?? N=1 V=0 D=0 I=0 Z=0 C=0 : FWA B4-8A:B5033203:00:00 = -7.24049927E+02 : FWB E6-81:0073DF01:00:?? = -3.53610562E-03
A521 : DEY            : A=DF X=E6 Y=02 SP=?? N=0 V=0 D=0 I=0 Z=0 C=0 : FWA B4-8A:B5033203:00:00 = -7.24049927E+02 : FWB E6-81:0073DF01:00:?? = -3.53610562E-03
A522 : LDA (4A),Y     : A=FD X=E6 Y=02 SP=?? N=1 V=0 D=0 I=0 Z=0 C=0 : FWA B4-8A:B5033203:00:00 = -7.24049927E+02 : FWB E6-81:0073DF01:00:?? = -3.53610562E-03
A524 : STA 3E         : A=FD X=E6 Y=02 SP=?? N=1 V=0 D=0 I=0 Z=0 C=0 : FWA B4-8A:B5033203:00:00 = -7.24049927E+02 : FWB E6-81:00FDDF01:00:?? = -7.74753140E-03
A526 : DEY            : A=FD X=E6 Y=01 SP=?? N=0 V=0 D=0 I=0 Z=0 C=0 : FWA B4-8A:B5033203:00:00 = -7.24049927E+02 : FWB E6-81:00FDDF01:00:?? = -7.74753140E-03
A527 : LDA (4A),Y     : A=03 X=E6 Y=01 SP=?? N=0 V=0 D=0 I=0 Z=0 C=0 : FWA B4-8A:B5033203:00:00 = -7.24049927E+02 : FWB E6-81:00FDDF01:00:?? = -7.74753140E-03
A529 : STA 3B         : A=03 X=E6 Y=01 SP=?? N=0 V=0 D=0 I=0 Z=0 C=0 : FWA B4-8A:B5033203:00:00 = -7.24049927E+02 : FWB 03-81:00FDDF01:00:?? = +7.74753140E-03
A52B : TAY            : A=03 X=E6 Y=03 SP=?? N=0 V=0 D=0 I=0 Z=0 C=0 : FWA B4-8A:B5033203:00:00 = -7.24049927E+02 : FWB 03-81:00FDDF01:00:?? = +7.74753140E-03
A52C : LDA (4A)       : A=7D X=E6 Y=03 SP=?? N=0 V=0 D=0 I=0 Z=0 C=0 : FWA B4-8A:B5033203:00:00 = -7.24049927E+02 : FWB 03-81:00FDDF01:00:?? = +7.74753140E-03
A52E : STA 3C         : A=7D X=E6 Y=03 SP=?? N=0 V=0 D=0 I=0 Z=0 C=0 : FWA B4-8A:B5033203:00:00 = -7.24049927E+02 : FWB 03-7D:00FDDF01:00:?? = +4.84220713E-04
A530 : BNE A53B       : A=7D X=E6 Y=03 SP=?? N=0 V=0 D=0 I=0 Z=0 C=0 : FWA B4-8A:B5033203:00:00 = -7.24049927E+02 : FWB 03-7D:00FDDF01:00:?? = +4.84220713E-04
A53B : TYA            : A=03 X=E6 Y=03 SP=?? N=0 V=0 D=0 I=0 Z=0 C=0 : FWA B4-8A:B5033203:00:00 = -7.24049927E+02 : FWB 03-7D:00FDDF01:00:?? = +4.84220713E-04
A53C : ORA #80        : A=83 X=E6 Y=03 SP=?? N=1 V=0 D=0 I=0 Z=0 C=0 : FWA B4-8A:B5033203:00:00 = -7.24049927E+02 : FWB 03-7D:00FDDF01:00:?? = +4.84220713E-04
A53E : STA 3D         : A=83 X=E6 Y=03 SP=?? N=1 V=0 D=0 I=0 Z=0 C=0 : FWA B4-8A:B5033203:00:00 = -7.24049927E+02 : FWB 03-7D:83FDDF01:00:?? = +6.44490645E-02
A540 : RTS            : A=83 X=E6 Y=03 SP=?? N=1 V=0 D=0 I=0 Z=0 C=0 : FWA B4-8A:B5033203:00:00 = -7.24049927E+02 : FWB 03-7D:83FDDF01:00:?? = +6.44490645E-02
A63B : BNE A640       : A=83 X=E6 Y=03 SP=?? N=1 V=0 D=0 I=0 Z=0 C=0 : FWA B4-8A:B5033203:00:00 = -7.24049927E+02 : FWB 03-7D:83FDDF01:00:?? = +6.44490645E-02
A640 : LDA 3B         : A=03 X=E6 Y=03 SP=?? N=0 V=0 D=0 I=0 Z=0 C=0 : FWA B4-8A:B5033203:00:00 = -7.24049927E+02 : FWB 03-7D:83FDDF01:00:?? = +6.44490645E-02
A642 : EOR 2E         : A=B7 X=E6 Y=03 SP=?? N=1 V=0 D=0 I=0 Z=0 C=0 : FWA B4-8A:B5033203:00:00 = -7.24049927E+02 : FWB 03-7D:83FDDF01:00:?? = +6.44490645E-02
A644 : STA 2E         : A=B7 X=E6 Y=03 SP=?? N=1 V=0 D=0 I=0 Z=0 C=0 : FWA B7-8A:B5033203:00:00 = -7.24049927E+02 : FWB 03-7D:83FDDF01:00:?? = +6.44490645E-02
A646 : SEC            : A=B7 X=E6 Y=03 SP=?? N=1 V=0 D=0 I=0 Z=0 C=1 : FWA B7-8A:B5033203:00:00 = -7.24049927E+02 : FWB 03-7D:83FDDF01:00:?? = +6.44490645E-02
A647 : LDA 3C         : A=7D X=E6 Y=03 SP=?? N=0 V=0 D=0 I=0 Z=0 C=1 : FWA B7-8A:B5033203:00:00 = -7.24049927E+02 : FWB 03-7D:83FDDF01:00:?? = +6.44490645E-02
A649 : ADC #81        : A=FF X=E6 Y=03 SP=?? N=1 V=0 D=0 I=0 Z=0 C=0 : FWA B7-8A:B5033203:00:00 = -7.24049927E+02 : FWB 03-7D:83FDDF01:00:?? = +6.44490645E-02
A64B : ROL 2F         : A=FF X=E6 Y=03 SP=?? N=0 V=0 D=0 I=0 Z=1 C=0 : FWA B7-8A:B5033203:00:00 = -7.24049927E+02 : FWB 03-7D:83FDDF01:00:?? = +6.44490645E-02
A64D : SBC 30         : A=74 X=E6 Y=03 SP=?? N=0 V=0 D=0 I=0 Z=0 C=1 : FWA B7-8A:B5033203:00:00 = -7.24049927E+02 : FWB 03-7D:83FDDF01:00:?? = +6.44490645E-02
A64F : BCS A653       : A=74 X=E6 Y=03 SP=?? N=0 V=0 D=0 I=0 Z=0 C=1 : FWA B7-8A:B5033203:00:00 = -7.24049927E+02 : FWB 03-7D:83FDDF01:00:?? = +6.44490645E-02
A653 : STA 30         : A=74 X=E6 Y=03 SP=?? N=0 V=0 D=0 I=0 Z=0 C=1 : FWA B7-74:B5033203:00:00 = -1.72626955E-04 : FWB 03-7D:83FDDF01:00:?? = +6.44490645E-02
A655 : LDA 3D         : A=83 X=E6 Y=03 SP=?? N=1 V=0 D=0 I=0 Z=0 C=1 : FWA B7-74:B5033203:00:00 = -1.72626955E-04 : FWB 03-7D:83FDDF01:00:?? = +6.44490645E-02
A657 : CLC            : A=83 X=E6 Y=03 SP=?? N=1 V=0 D=0 I=0 Z=0 C=0 : FWA B7-74:B5033203:00:00 = -1.72626955E-04 : FWB 03-7D:83FDDF01:00:?? = +6.44490645E-02
A658 : LDY #04        : A=83 X=E6 Y=04 SP=?? N=0 V=0 D=0 I=0 Z=0 C=0 : FWA B7-74:B5033203:00:00 = -1.72626955E-04 : FWB 03-7D:83FDDF01:00:?? = +6.44490645E-02
A65A : STY 3C         : A=83 X=E6 Y=04 SP=?? N=0 V=0 D=0 I=0 Z=0 C=0 : FWA B7-74:B5033203:00:00 = -1.72626955E-04 : FWB 03-04:83FDDF01:00:?? = +2.42430436E-38
A65C : LDX #08        : A=83 X=08 Y=04 SP=?? N=0 V=0 D=0 I=0 Z=0 C=0 : FWA B7-74:B5033203:00:00 = -1.72626955E-04 : FWB 03-04:83FDDF01:00:?? = +2.42430436E-38
A65E : BCS A676       : A=83 X=08 Y=04 SP=?? N=0 V=0 D=0 I=0 Z=0 C=0 : FWA B7-74:B5033203:00:00 = -1.72626955E-04 : FWB 03-04:83FDDF01:00:?? = +2.42430436E-38
A660 : CMP 31         : A=83 X=08 Y=04 SP=?? N=1 V=0 D=0 I=0 Z=0 C=0 : FWA B7-74:B5033203:00:00 = -1.72626955E-04 : FWB 03-04:83FDDF01:00:?? = +2.42430436E-38
A662 : BNE A674       : A=83 X=08 Y=04 SP=?? N=1 V=0 D=0 I=0 Z=0 C=0 : FWA B7-74:B5033203:00:00 = -1.72626955E-04 : FWB 03-04:83FDDF01:00:?? = +2.42430436E-38
A674 : BCC A68D       : A=83 X=08 Y=04 SP=?? N=1 V=0 D=0 I=0 Z=0 C=0 : FWA B7-74:B5033203:00:00 = -1.72626955E-04 : FWB 03-04:83FDDF01:00:?? = +2.42430436E-38
A68D : ROL 3B         : A=83 X=08 Y=04 SP=?? N=0 V=0 D=0 I=0 Z=0 C=0 : FWA B7-74:B5033203:00:00 = -1.72626955E-04 : FWB 06-04:83FDDF01:00:?? = +2.42430436E-38
A68F : ASL 40         : A=83 X=08 Y=04 SP=?? N=0 V=0 D=0 I=0 Z=0 C=0 : FWA B7-74:B5033203:00:00 = -1.72626955E-04 : FWB 06-04:83FDDF02:00:?? = +2.42430436E-38
A691 : ROL 3F         : A=83 X=08 Y=04 SP=?? N=1 V=0 D=0 I=0 Z=0 C=1 : FWA B7-74:B5033203:00:00 = -1.72626955E-04 : FWB 06-04:83FDBE02:00:?? = +2.42429511E-38
A693 : ROL 3E         : A=83 X=08 Y=04 SP=?? N=1 V=0 D=0 I=0 Z=0 C=1 : FWA B7-74:B5033203:00:00 = -1.72626955E-04 : FWB 06-04:83FBBE02:00:?? = +2.42415162E-38
A695 : ROL A          : A=07 X=08 Y=04 SP=?? N=0 V=0 D=0 I=0 Z=0 C=1 : FWA B7-74:B5033203:00:00 = -1.72626955E-04 : FWB 06-04:83FBBE02:00:?? = +2.42415162E-38
A696 : DEX            : A=07 X=07 Y=04 SP=?? N=0 V=0 D=0 I=0 Z=0 C=1 : FWA B7-74:B5033203:00:00 = -1.72626955E-04 : FWB 06-04:83FBBE02:00:?? = +2.42415162E-38
A697 : BNE A65E       : A=07 X=07 Y=04 SP=?? N=0 V=0 D=0 I=0 Z=0 C=1 : FWA B7-74:B5033203:00:00 = -1.72626955E-04 : FWB 06-04:83FBBE02:00:?? = +2.42415162E-38
A65E : BCS A676       : A=07 X=07 Y=04 SP=?? N=0 V=0 D=0 I=0 Z=0 C=1 : FWA B7-74:B5033203:00:00 = -1.72626955E-04 : FWB 06-04:83FBBE02:00:?? = +2.42415162E-38
A676 : TAY            : A=07 X=07 Y=07 SP=?? N=0 V=0 D=0 I=0 Z=0 C=1 : FWA B7-74:B5033203:00:00 = -1.72626955E-04 : FWB 06-04:83FBBE02:00:?? = +2.42415162E-38
A677 : LDA 40         : A=02 X=07 Y=07 SP=?? N=0 V=0 D=0 I=0 Z=0 C=1 : FWA B7-74:B5033203:00:00 = -1.72626955E-04 : FWB 06-04:83FBBE02:00:?? = +2.42415162E-38
A679 : SBC 34         : A=FF X=07 Y=07 SP=?? N=1 V=0 D=0 I=0 Z=0 C=0 : FWA B7-74:B5033203:00:00 = -1.72626955E-04 : FWB 06-04:83FBBE02:00:?? = +2.42415162E-38
A67B : STA 40         : A=FF X=07 Y=07 SP=?? N=1 V=0 D=0 I=0 Z=0 C=0 : FWA B7-74:B5033203:00:00 = -1.72626955E-04 : FWB 06-04:83FBBEFF:00:?? = +2.42415189E-38
A67D : LDA 3F         : A=BE X=07 Y=07 SP=?? N=1 V=0 D=0 I=0 Z=0 C=0 : FWA B7-74:B5033203:00:00 = -1.72626955E-04 : FWB 06-04:83FBBEFF:00:?? = +2.42415189E-38
A67F : SBC 33         : A=8B X=07 Y=07 SP=?? N=1 V=0 D=0 I=0 Z=0 C=1 : FWA B7-74:B5033203:00:00 = -1.72626955E-04 : FWB 06-04:83FBBEFF:00:?? = +2.42415189E-38
A681 : STA 3F         : A=8B X=07 Y=07 SP=?? N=1 V=0 D=0 I=0 Z=0 C=1 : FWA B7-74:B5033203:00:00 = -1.72626955E-04 : FWB 06-04:83FB8BFF:00:?? = +2.42413760E-38
A683 : LDA 3E         : A=FB X=07 Y=07 SP=?? N=1 V=0 D=0 I=0 Z=0 C=1 : FWA B7-74:B5033203:00:00 = -1.72626955E-04 : FWB 06-04:83FB8BFF:00:?? = +2.42413760E-38
A685 : SBC 32         : A=F8 X=07 Y=07 SP=?? N=1 V=0 D=0 I=0 Z=0 C=1 : FWA B7-74:B5033203:00:00 = -1.72626955E-04 : FWB 06-04:83FB8BFF:00:?? = +2.42413760E-38
A687 : STA 3E         : A=F8 X=07 Y=07 SP=?? N=1 V=0 D=0 I=0 Z=0 C=1 : FWA B7-74:B5033203:00:00 = -1.72626955E-04 : FWB 06-04:83F88BFF:00:?? = +2.42392236E-38
A689 : TYA            : A=07 X=07 Y=07 SP=?? N=0 V=0 D=0 I=0 Z=0 C=1 : FWA B7-74:B5033203:00:00 = -1.72626955E-04 : FWB 06-04:83F88BFF:00:?? = +2.42392236E-38
A68A : SBC 31         : A=52 X=07 Y=07 SP=?? N=0 V=0 D=0 I=0 Z=0 C=0 : FWA B7-74:B5033203:00:00 = -1.72626955E-04 : FWB 06-04:83F88BFF:00:?? = +2.42392236E-38
A68C : SEC            : A=52 X=07 Y=07 SP=?? N=0 V=0 D=0 I=0 Z=0 C=1 : FWA B7-74:B5033203:00:00 = -1.72626955E-04 : FWB 06-04:83F88BFF:00:?? = +2.42392236E-38
A68D : ROL 3B         : A=52 X=07 Y=07 SP=?? N=0 V=0 D=0 I=0 Z=0 C=0 : FWA B7-74:B5033203:00:00 = -1.72626955E-04 : FWB 0D-04:83F88BFF:00:?? = +2.42392236E-38
A68F : ASL 40         : A=52 X=07 Y=07 SP=?? N=1 V=0 D=0 I=0 Z=0 C=1 : FWA B7-74:B5033203:00:00 = -1.72626955E-04 : FWB 0D-04:83F88BFE:00:?? = +2.42392236E-38
A691 : ROL 3F         : A=52 X=07 Y=07 SP=?? N=0 V=0 D=0 I=0 Z=0 C=1 : FWA B7-74:B5033203:00:00 = -1.72626955E-04 : FWB 0D-04:83F817FE:00:?? = +2.42388985E-38
A693 : ROL 3E         : A=52 X=07 Y=07 SP=?? N=1 V=0 D=0 I=0 Z=0 C=1 : FWA B7-74:B5033203:00:00 = -1.72626955E-04 : FWB 0D-04:83F117FE:00:?? = +2.42338763E-38
A695 : ROL A          : A=A5 X=07 Y=07 SP=?? N=1 V=0 D=0 I=0 Z=0 C=0 : FWA B7-74:B5033203:00:00 = -1.72626955E-04 : FWB 0D-04:83F117FE:00:?? = +2.42338763E-38
A696 : DEX            : A=A5 X=06 Y=07 SP=?? N=0 V=0 D=0 I=0 Z=0 C=0 : FWA B7-74:B5033203:00:00 = -1.72626955E-04 : FWB 0D-04:83F117FE:00:?? = +2.42338763E-38
A697 : BNE A65E       : A=A5 X=06 Y=07 SP=?? N=0 V=0 D=0 I=0 Z=0 C=0 : FWA B7-74:B5033203:00:00 = -1.72626955E-04 : FWB 0D-04:83F117FE:00:?? = +2.42338763E-38
A65E : BCS A676       : A=A5 X=06 Y=07 SP=?? N=0 V=0 D=0 I=0 Z=0 C=0 : FWA B7-74:B5033203:00:00 = -1.72626955E-04 : FWB 0D-04:83F117FE:00:?? = +2.42338763E-38
A660 : CMP 31         : A=A5 X=06 Y=07 SP=?? N=1 V=0 D=0 I=0 Z=0 C=0 : FWA B7-74:B5033203:00:00 = -1.72626955E-04 : FWB 0D-04:83F117FE:00:?? = +2.42338763E-38
A662 : BNE A674       : A=A5 X=06 Y=07 SP=?? N=1 V=0 D=0 I=0 Z=0 C=0 : FWA B7-74:B5033203:00:00 = -1.72626955E-04 : FWB 0D-04:83F117FE:00:?? = +2.42338763E-38
A674 : BCC A68D       : A=A5 X=06 Y=07 SP=?? N=1 V=0 D=0 I=0 Z=0 C=0 : FWA B7-74:B5033203:00:00 = -1.72626955E-04 : FWB 0D-04:83F117FE:00:?? = +2.42338763E-38
A68D : ROL 3B         : A=A5 X=06 Y=07 SP=?? N=0 V=0 D=0 I=0 Z=0 C=0 : FWA B7-74:B5033203:00:00 = -1.72626955E-04 : FWB 1A-04:83F117FE:00:?? = +2.42338763E-38
A68F : ASL 40         : A=A5 X=06 Y=07 SP=?? N=1 V=0 D=0 I=0 Z=0 C=1 : FWA B7-74:B5033203:00:00 = -1.72626955E-04 : FWB 1A-04:83F117FC:00:?? = +2.42338762E-38
A691 : ROL 3F         : A=A5 X=06 Y=07 SP=?? N=0 V=0 D=0 I=0 Z=0 C=0 : FWA B7-74:B5033203:00:00 = -1.72626955E-04 : FWB 1A-04:83F12FFC:00:?? = +2.42339435E-38
A693 : ROL 3E         : A=A5 X=06 Y=07 SP=?? N=1 V=0 D=0 I=0 Z=0 C=1 : FWA B7-74:B5033203:00:00 = -1.72626955E-04 : FWB 1A-04:83E22FFC:00:?? = +2.42231815E-38
A695 : ROL A          : A=4B X=06 Y=07 SP=?? N=0 V=0 D=0 I=0 Z=0 C=1 : FWA B7-74:B5033203:00:00 = -1.72626955E-04 : FWB 1A-04:83E22FFC:00:?? = +2.42231815E-38
A696 : DEX            : A=4B X=05 Y=07 SP=?? N=0 V=0 D=0 I=0 Z=0 C=1 : FWA B7-74:B5033203:00:00 = -1.72626955E-04 : FWB 1A-04:83E22FFC:00:?? = +2.42231815E-38
A697 : BNE A65E       : A=4B X=05 Y=07 SP=?? N=0 V=0 D=0 I=0 Z=0 C=1 : FWA B7-74:B5033203:00:00 = -1.72626955E-04 : FWB 1A-04:83E22FFC:00:?? = +2.42231815E-38
A65E : BCS A676       : A=4B X=05 Y=07 SP=?? N=0 V=0 D=0 I=0 Z=0 C=1 : FWA B7-74:B5033203:00:00 = -1.72626955E-04 : FWB 1A-04:83E22FFC:00:?? = +2.42231815E-38
A676 : TAY            : A=4B X=05 Y=4B SP=?? N=0 V=0 D=0 I=0 Z=0 C=1 : FWA B7-74:B5033203:00:00 = -1.72626955E-04 : FWB 1A-04:83E22FFC:00:?? = +2.42231815E-38
A677 : LDA 40         : A=FC X=05 Y=4B SP=?? N=1 V=0 D=0 I=0 Z=0 C=1 : FWA B7-74:B5033203:00:00 = -1.72626955E-04 : FWB 1A-04:83E22FFC:00:?? = +2.42231815E-38
A679 : SBC 34         : A=F9 X=05 Y=4B SP=?? N=1 V=0 D=0 I=0 Z=0 C=1 : FWA B7-74:B5033203:00:00 = -1.72626955E-04 : FWB 1A-04:83E22FFC:00:?? = +2.42231815E-38
A67B : STA 40         : A=F9 X=05 Y=4B SP=?? N=1 V=0 D=0 I=0 Z=0 C=1 : FWA B7-74:B5033203:00:00 = -1.72626955E-04 : FWB 1A-04:83E22FF9:00:?? = +2.42231815E-38
A67D : LDA 3F         : A=2F X=05 Y=4B SP=?? N=0 V=0 D=0 I=0 Z=0 C=1 : FWA B7-74:B5033203:00:00 = -1.72626955E-04 : FWB 1A-04:83E22FF9:00:?? = +2.42231815E-38
A67F : SBC 33         : A=FD X=05 Y=4B SP=?? N=1 V=0 D=0 I=0 Z=0 C=0 : FWA B7-74:B5033203:00:00 = -1.72626955E-04 : FWB 1A-04:83E22FF9:00:?? = +2.42231815E-38
A681 : STA 3F         : A=FD X=05 Y=4B SP=?? N=1 V=0 D=0 I=0 Z=0 C=0 : FWA B7-74:B5033203:00:00 = -1.72626955E-04 : FWB 1A-04:83E2FDF9:00:?? = +2.42237588E-38
A683 : LDA 3E         : A=E2 X=05 Y=4B SP=?? N=1 V=0 D=0 I=0 Z=0 C=0 : FWA B7-74:B5033203:00:00 = -1.72626955E-04 : FWB 1A-04:83E2FDF9:00:?? = +2.42237588E-38
A685 : SBC 32         : A=DE X=05 Y=4B SP=?? N=1 V=0 D=0 I=0 Z=0 C=1 : FWA B7-74:B5033203:00:00 = -1.72626955E-04 : FWB 1A-04:83E2FDF9:00:?? = +2.42237588E-38
A687 : STA 3E         : A=DE X=05 Y=4B SP=?? N=1 V=0 D=0 I=0 Z=0 C=1 : FWA B7-74:B5033203:00:00 = -1.72626955E-04 : FWB 1A-04:83DEFDF9:00:?? = +2.42208890E-38
A689 : TYA            : A=4B X=05 Y=4B SP=?? N=0 V=0 D=0 I=0 Z=0 C=1 : FWA B7-74:B5033203:00:00 = -1.72626955E-04 : FWB 1A-04:83DEFDF9:00:?? = +2.42208890E-38
A68A : SBC 31         : A=96 X=05 Y=4B SP=?? N=1 V=1 D=0 I=0 Z=0 C=0 : FWA B7-74:B5033203:00:00 = -1.72626955E-04 : FWB 1A-04:83DEFDF9:00:?? = +2.42208890E-38
A68C : SEC            : A=96 X=05 Y=4B SP=?? N=1 V=1 D=0 I=0 Z=0 C=1 : FWA B7-74:B5033203:00:00 = -1.72626955E-04 : FWB 1A-04:83DEFDF9:00:?? = +2.42208890E-38
A68D : ROL 3B         : A=96 X=05 Y=4B SP=?? N=0 V=1 D=0 I=0 Z=0 C=0 : FWA B7-74:B5033203:00:00 = -1.72626955E-04 : FWB 35-04:83DEFDF9:00:?? = +2.42208890E-38
A68F : ASL 40         : A=96 X=05 Y=4B SP=?? N=1 V=1 D=0 I=0 Z=0 C=1 : FWA B7-74:B5033203:00:00 = -1.72626955E-04 : FWB 35-04:83DEFDF2:00:?? = +2.42208889E-38
A691 : ROL 3F         : A=96 X=05 Y=4B SP=?? N=1 V=1 D=0 I=0 Z=0 C=1 : FWA B7-74:B5033203:00:00 = -1.72626955E-04 : FWB 35-04:83DEFBF2:00:?? = +2.42208833E-38
A693 : ROL 3E         : A=96 X=05 Y=4B SP=?? N=1 V=1 D=0 I=0 Z=0 C=1 : FWA B7-74:B5033203:00:00 = -1.72626955E-04 : FWB 35-04:83BDFBF2:00:?? = +2.41972069E-38
A695 : ROL A          : A=2D X=05 Y=4B SP=?? N=0 V=1 D=0 I=0 Z=0 C=1 : FWA B7-74:B5033203:00:00 = -1.72626955E-04 : FWB 35-04:83BDFBF2:00:?? = +2.41972069E-38
A696 : DEX            : A=2D X=04 Y=4B SP=?? N=0 V=1 D=0 I=0 Z=0 C=1 : FWA B7-74:B5033203:00:00 = -1.72626955E-04 : FWB 35-04:83BDFBF2:00:?? = +2.41972069E-38
A697 : BNE A65E       : A=2D X=04 Y=4B SP=?? N=0 V=1 D=0 I=0 Z=0 C=1 : FWA B7-74:B5033203:00:00 = -1.72626955E-04 : FWB 35-04:83BDFBF2:00:?? = +2.41972069E-38
A65E : BCS A676       : A=2D X=04 Y=4B SP=?? N=0 V=1 D=0 I=0 Z=0 C=1 : FWA B7-74:B5033203:00:00 = -1.72626955E-04 : FWB 35-04:83BDFBF2:00:?? = +2.41972069E-38
A676 : TAY            : A=2D X=04 Y=2D SP=?? N=0 V=1 D=0 I=0 Z=0 C=1 : FWA B7-74:B5033203:00:00 = -1.72626955E-04 : FWB 35-04:83BDFBF2:00:?? = +2.41972069E-38
A677 : LDA 40         : A=F2 X=04 Y=2D SP=?? N=1 V=1 D=0 I=0 Z=0 C=1 : FWA B7-74:B5033203:00:00 = -1.72626955E-04 : FWB 35-04:83BDFBF2:00:?? = +2.41972069E-38
A679 : SBC 34         : A=EF X=04 Y=2D SP=?? N=1 V=0 D=0 I=0 Z=0 C=1 : FWA B7-74:B5033203:00:00 = -1.72626955E-04 : FWB 35-04:83BDFBF2:00:?? = +2.41972069E-38
A67B : STA 40         : A=EF X=04 Y=2D SP=?? N=1 V=0 D=0 I=0 Z=0 C=1 : FWA B7-74:B5033203:00:00 = -1.72626955E-04 : FWB 35-04:83BDFBEF:00:?? = +2.41972069E-38
A67D : LDA 3F         : A=FB X=04 Y=2D SP=?? N=1 V=0 D=0 I=0 Z=0 C=1 : FWA B7-74:B5033203:00:00 = -1.72626955E-04 : FWB 35-04:83BDFBEF:00:?? = +2.41972069E-38
A67F : SBC 33         : A=C9 X=04 Y=2D SP=?? N=1 V=0 D=0 I=0 Z=0 C=1 : FWA B7-74:B5033203:00:00 = -1.72626955E-04 : FWB 35-04:83BDFBEF:00:?? = +2.41972069E-38
A681 : STA 3F         : A=C9 X=04 Y=2D SP=?? N=1 V=0 D=0 I=0 Z=0 C=1 : FWA B7-74:B5033203:00:00 = -1.72626955E-04 : FWB 35-04:83BDC9EF:00:?? = +2.41970668E-38
A683 : LDA 3E         : A=BD X=04 Y=2D SP=?? N=1 V=0 D=0 I=0 Z=0 C=1 : FWA B7-74:B5033203:00:00 = -1.72626955E-04 : FWB 35-04:83BDC9EF:00:?? = +2.41970668E-38
A685 : SBC 32         : A=BA X=04 Y=2D SP=?? N=1 V=0 D=0 I=0 Z=0 C=1 : FWA B7-74:B5033203:00:00 = -1.72626955E-04 : FWB 35-04:83BDC9EF:00:?? = +2.41970668E-38
A687 : STA 3E         : A=BA X=04 Y=2D SP=?? N=1 V=0 D=0 I=0 Z=0 C=1 : FWA B7-74:B5033203:00:00 = -1.72626955E-04 : FWB 35-04:83BAC9EF:00:?? = +2.41949144E-38
A689 : TYA            : A=2D X=04 Y=2D SP=?? N=0 V=0 D=0 I=0 Z=0 C=1 : FWA B7-74:B5033203:00:00 = -1.72626955E-04 : FWB 35-04:83BAC9EF:00:?? = +2.41949144E-38
A68A : SBC 31         : A=78 X=04 Y=2D SP=?? N=0 V=0 D=0 I=0 Z=0 C=0 : FWA B7-74:B5033203:00:00 = -1.72626955E-04 : FWB 35-04:83BAC9EF:00:?? = +2.41949144E-38
A68C : SEC            : A=78 X=04 Y=2D SP=?? N=0 V=0 D=0 I=0 Z=0 C=1 : FWA B7-74:B5033203:00:00 = -1.72626955E-04 : FWB 35-04:83BAC9EF:00:?? = +2.41949144E-38
A68D : ROL 3B         : A=78 X=04 Y=2D SP=?? N=0 V=0 D=0 I=0 Z=0 C=0 : FWA B7-74:B5033203:00:00 = -1.72626955E-04 : FWB 6B-04:83BAC9EF:00:?? = +2.41949144E-38
A68F : ASL 40         : A=78 X=04 Y=2D SP=?? N=1 V=0 D=0 I=0 Z=0 C=1 : FWA B7-74:B5033203:00:00 = -1.72626955E-04 : FWB 6B-04:83BAC9DE:00:?? = +2.41949142E-38
A691 : ROL 3F         : A=78 X=04 Y=2D SP=?? N=1 V=0 D=0 I=0 Z=0 C=1 : FWA B7-74:B5033203:00:00 = -1.72626955E-04 : FWB 6B-04:83BA93DE:00:?? = +2.41947629E-38
A693 : ROL 3E         : A=78 X=04 Y=2D SP=?? N=0 V=0 D=0 I=0 Z=0 C=1 : FWA B7-74:B5033203:00:00 = -1.72626955E-04 : FWB 6B-04:837593DE:00:?? = +2.41452578E-38
A695 : ROL A          : A=F1 X=04 Y=2D SP=?? N=1 V=0 D=0 I=0 Z=0 C=0 : FWA B7-74:B5033203:00:00 = -1.72626955E-04 : FWB 6B-04:837593DE:00:?? = +2.41452578E-38
A696 : DEX            : A=F1 X=03 Y=2D SP=?? N=0 V=0 D=0 I=0 Z=0 C=0 : FWA B7-74:B5033203:00:00 = -1.72626955E-04 : FWB 6B-04:837593DE:00:?? = +2.41452578E-38
A697 : BNE A65E       : A=F1 X=03 Y=2D SP=?? N=0 V=0 D=0 I=0 Z=0 C=0 : FWA B7-74:B5033203:00:00 = -1.72626955E-04 : FWB 6B-04:837593DE:00:?? = +2.41452578E-38
A65E : BCS A676       : A=F1 X=03 Y=2D SP=?? N=0 V=0 D=0 I=0 Z=0 C=0 : FWA B7-74:B5033203:00:00 = -1.72626955E-04 : FWB 6B-04:837593DE:00:?? = +2.41452578E-38
A660 : CMP 31         : A=F1 X=03 Y=2D SP=?? N=0 V=0 D=0 I=0 Z=0 C=1 : FWA B7-74:B5033203:00:00 = -1.72626955E-04 : FWB 6B-04:837593DE:00:?? = +2.41452578E-38
A662 : BNE A674       : A=F1 X=03 Y=2D SP=?? N=0 V=0 D=0 I=0 Z=0 C=1 : FWA B7-74:B5033203:00:00 = -1.72626955E-04 : FWB 6B-04:837593DE:00:?? = +2.41452578E-38
A674 : BCC A68D       : A=F1 X=03 Y=2D SP=?? N=0 V=0 D=0 I=0 Z=0 C=1 : FWA B7-74:B5033203:00:00 = -1.72626955E-04 : FWB 6B-04:837593DE:00:?? = +2.41452578E-38
A676 : TAY            : A=F1 X=03 Y=F1 SP=?? N=1 V=0 D=0 I=0 Z=0 C=1 : FWA B7-74:B5033203:00:00 = -1.72626955E-04 : FWB 6B-04:837593DE:00:?? = +2.41452578E-38
A677 : LDA 40         : A=DE X=03 Y=F1 SP=?? N=1 V=0 D=0 I=0 Z=0 C=1 : FWA B7-74:B5033203:00:00 = -1.72626955E-04 : FWB 6B-04:837593DE:00:?? = +2.41452578E-38
A679 : SBC 34         : A=DB X=03 Y=F1 SP=?? N=1 V=0 D=0 I=0 Z=0 C=1 : FWA B7-74:B5033203:00:00 = -1.72626955E-04 : FWB 6B-04:837593DE:00:?? = +2.41452578E-38
A67B : STA 40         : A=DB X=03 Y=F1 SP=?? N=1 V=0 D=0 I=0 Z=0 C=1 : FWA B7-74:B5033203:00:00 = -1.72626955E-04 : FWB 6B-04:837593DB:00:?? = +2.41452578E-38
A67D : LDA 3F         : A=93 X=03 Y=F1 SP=?? N=1 V=0 D=0 I=0 Z=0 C=1 : FWA B7-74:B5033203:00:00 = -1.72626955E-04 : FWB 6B-04:837593DB:00:?? = +2.41452578E-38
A67F : SBC 33         : A=61 X=03 Y=F1 SP=?? N=0 V=1 D=0 I=0 Z=0 C=1 : FWA B7-74:B5033203:00:00 = -1.72626955E-04 : FWB 6B-04:837593DB:00:?? = +2.41452578E-38
A681 : STA 3F         : A=61 X=03 Y=F1 SP=?? N=0 V=1 D=0 I=0 Z=0 C=1 : FWA B7-74:B5033203:00:00 = -1.72626955E-04 : FWB 6B-04:837561DB:00:?? = +2.41451176E-38
A683 : LDA 3E         : A=75 X=03 Y=F1 SP=?? N=0 V=1 D=0 I=0 Z=0 C=1 : FWA B7-74:B5033203:00:00 = -1.72626955E-04 : FWB 6B-04:837561DB:00:?? = +2.41451176E-38
A685 : SBC 32         : A=72 X=03 Y=F1 SP=?? N=0 V=0 D=0 I=0 Z=0 C=1 : FWA B7-74:B5033203:00:00 = -1.72626955E-04 : FWB 6B-04:837561DB:00:?? = +2.41451176E-38
A687 : STA 3E         : A=72 X=03 Y=F1 SP=?? N=0 V=0 D=0 I=0 Z=0 C=1 : FWA B7-74:B5033203:00:00 = -1.72626955E-04 : FWB 6B-04:837261DB:00:?? = +2.41429652E-38
A689 : TYA            : A=F1 X=03 Y=F1 SP=?? N=1 V=0 D=0 I=0 Z=0 C=1 : FWA B7-74:B5033203:00:00 = -1.72626955E-04 : FWB 6B-04:837261DB:00:?? = +2.41429652E-38
A68A : SBC 31         : A=3C X=03 Y=F1 SP=?? N=0 V=0 D=0 I=0 Z=0 C=1 : FWA B7-74:B5033203:00:00 = -1.72626955E-04 : FWB 6B-04:837261DB:00:?? = +2.41429652E-38
A68C : SEC            : A=3C X=03 Y=F1 SP=?? N=0 V=0 D=0 I=0 Z=0 C=1 : FWA B7-74:B5033203:00:00 = -1.72626955E-04 : FWB 6B-04:837261DB:00:?? = +2.41429652E-38
A68D : ROL 3B         : A=3C X=03 Y=F1 SP=?? N=1 V=0 D=0 I=0 Z=0 C=0 : FWA B7-74:B5033203:00:00 = -1.72626955E-04 : FWB D7-04:837261DB:00:?? = -2.41429652E-38
A68F : ASL 40         : A=3C X=03 Y=F1 SP=?? N=1 V=0 D=0 I=0 Z=0 C=1 : FWA B7-74:B5033203:00:00 = -1.72626955E-04 : FWB D7-04:837261B6:00:?? = -2.41429648E-38
A691 : ROL 3F         : A=3C X=03 Y=F1 SP=?? N=1 V=0 D=0 I=0 Z=0 C=0 : FWA B7-74:B5033203:00:00 = -1.72626955E-04 : FWB D7-04:8372C3B6:00:?? = -2.41432395E-38
A693 : ROL 3E         : A=3C X=03 Y=F1 SP=?? N=1 V=0 D=0 I=0 Z=0 C=0 : FWA B7-74:B5033203:00:00 = -1.72626955E-04 : FWB D7-04:83E4C3B6:00:?? = -2.42250305E-38
A695 : ROL A          : A=78 X=03 Y=F1 SP=?? N=0 V=0 D=0 I=0 Z=0 C=0 : FWA B7-74:B5033203:00:00 = -1.72626955E-04 : FWB D7-04:83E4C3B6:00:?? = -2.42250305E-38
A696 : DEX            : A=78 X=02 Y=F1 SP=?? N=0 V=0 D=0 I=0 Z=0 C=0 : FWA B7-74:B5033203:00:00 = -1.72626955E-04 : FWB D7-04:83E4C3B6:00:?? = -2.42250305E-38
A697 : BNE A65E       : A=78 X=02 Y=F1 SP=?? N=0 V=0 D=0 I=0 Z=0 C=0 : FWA B7-74:B5033203:00:00 = -1.72626955E-04 : FWB D7-04:83E4C3B6:00:?? = -2.42250305E-38
A65E : BCS A676       : A=78 X=02 Y=F1 SP=?? N=0 V=0 D=0 I=0 Z=0 C=0 : FWA B7-74:B5033203:00:00 = -1.72626955E-04 : FWB D7-04:83E4C3B6:00:?? = -2.42250305E-38
A660 : CMP 31         : A=78 X=02 Y=F1 SP=?? N=1 V=0 D=0 I=0 Z=0 C=0 : FWA B7-74:B5033203:00:00 = -1.72626955E-04 : FWB D7-04:83E4C3B6:00:?? = -2.42250305E-38
A662 : BNE A674       : A=78 X=02 Y=F1 SP=?? N=1 V=0 D=0 I=0 Z=0 C=0 : FWA B7-74:B5033203:00:00 = -1.72626955E-04 : FWB D7-04:83E4C3B6:00:?? = -2.42250305E-38
A674 : BCC A68D       : A=78 X=02 Y=F1 SP=?? N=1 V=0 D=0 I=0 Z=0 C=0 : FWA B7-74:B5033203:00:00 = -1.72626955E-04 : FWB D7-04:83E4C3B6:00:?? = -2.42250305E-38
A68D : ROL 3B         : A=78 X=02 Y=F1 SP=?? N=1 V=0 D=0 I=0 Z=0 C=1 : FWA B7-74:B5033203:00:00 = -1.72626955E-04 : FWB AE-04:83E4C3B6:00:?? = -2.42250305E-38
A68F : ASL 40         : A=78 X=02 Y=F1 SP=?? N=0 V=0 D=0 I=0 Z=0 C=1 : FWA B7-74:B5033203:00:00 = -1.72626955E-04 : FWB AE-04:83E4C36C:00:?? = -2.42250297E-38
A691 : ROL 3F         : A=78 X=02 Y=F1 SP=?? N=1 V=0 D=0 I=0 Z=0 C=1 : FWA B7-74:B5033203:00:00 = -1.72626955E-04 : FWB AE-04:83E4876C:00:?? = -2.42248615E-38
A693 : ROL 3E         : A=78 X=02 Y=F1 SP=?? N=1 V=0 D=0 I=0 Z=0 C=1 : FWA B7-74:B5033203:00:00 = -1.72626955E-04 : FWB AE-04:83C9876C:00:?? = -2.42054900E-38
A695 : ROL A          : A=F1 X=02 Y=F1 SP=?? N=1 V=0 D=0 I=0 Z=0 C=0 : FWA B7-74:B5033203:00:00 = -1.72626955E-04 : FWB AE-04:83C9876C:00:?? = -2.42054900E-38
A696 : DEX            : A=F1 X=01 Y=F1 SP=?? N=0 V=0 D=0 I=0 Z=0 C=0 : FWA B7-74:B5033203:00:00 = -1.72626955E-04 : FWB AE-04:83C9876C:00:?? = -2.42054900E-38
A697 : BNE A65E       : A=F1 X=01 Y=F1 SP=?? N=0 V=0 D=0 I=0 Z=0 C=0 : FWA B7-74:B5033203:00:00 = -1.72626955E-04 : FWB AE-04:83C9876C:00:?? = -2.42054900E-38
A65E : BCS A676       : A=F1 X=01 Y=F1 SP=?? N=0 V=0 D=0 I=0 Z=0 C=0 : FWA B7-74:B5033203:00:00 = -1.72626955E-04 : FWB AE-04:83C9876C:00:?? = -2.42054900E-38
A660 : CMP 31         : A=F1 X=01 Y=F1 SP=?? N=0 V=0 D=0 I=0 Z=0 C=1 : FWA B7-74:B5033203:00:00 = -1.72626955E-04 : FWB AE-04:83C9876C:00:?? = -2.42054900E-38
A662 : BNE A674       : A=F1 X=01 Y=F1 SP=?? N=0 V=0 D=0 I=0 Z=0 C=1 : FWA B7-74:B5033203:00:00 = -1.72626955E-04 : FWB AE-04:83C9876C:00:?? = -2.42054900E-38
A674 : BCC A68D       : A=F1 X=01 Y=F1 SP=?? N=0 V=0 D=0 I=0 Z=0 C=1 : FWA B7-74:B5033203:00:00 = -1.72626955E-04 : FWB AE-04:83C9876C:00:?? = -2.42054900E-38
A676 : TAY            : A=F1 X=01 Y=F1 SP=?? N=1 V=0 D=0 I=0 Z=0 C=1 : FWA B7-74:B5033203:00:00 = -1.72626955E-04 : FWB AE-04:83C9876C:00:?? = -2.42054900E-38
A677 : LDA 40         : A=6C X=01 Y=F1 SP=?? N=0 V=0 D=0 I=0 Z=0 C=1 : FWA B7-74:B5033203:00:00 = -1.72626955E-04 : FWB AE-04:83C9876C:00:?? = -2.42054900E-38
A679 : SBC 34         : A=69 X=01 Y=F1 SP=?? N=0 V=0 D=0 I=0 Z=0 C=1 : FWA B7-74:B5033203:00:00 = -1.72626955E-04 : FWB AE-04:83C9876C:00:?? = -2.42054900E-38
A67B : STA 40         : A=69 X=01 Y=F1 SP=?? N=0 V=0 D=0 I=0 Z=0 C=1 : FWA B7-74:B5033203:00:00 = -1.72626955E-04 : FWB AE-04:83C98769:00:?? = -2.42054899E-38
A67D : LDA 3F         : A=87 X=01 Y=F1 SP=?? N=1 V=0 D=0 I=0 Z=0 C=1 : FWA B7-74:B5033203:00:00 = -1.72626955E-04 : FWB AE-04:83C98769:00:?? = -2.42054899E-38
A67F : SBC 33         : A=55 X=01 Y=F1 SP=?? N=0 V=1 D=0 I=0 Z=0 C=1 : FWA B7-74:B5033203:00:00 = -1.72626955E-04 : FWB AE-04:83C98769:00:?? = -2.42054899E-38
A681 : STA 3F         : A=55 X=01 Y=F1 SP=?? N=0 V=1 D=0 I=0 Z=0 C=1 : FWA B7-74:B5033203:00:00 = -1.72626955E-04 : FWB AE-04:83C95569:00:?? = -2.42053498E-38
A683 : LDA 3E         : A=C9 X=01 Y=F1 SP=?? N=1 V=1 D=0 I=0 Z=0 C=1 : FWA B7-74:B5033203:00:00 = -1.72626955E-04 : FWB AE-04:83C95569:00:?? = -2.42053498E-38
A685 : SBC 32         : A=C6 X=01 Y=F1 SP=?? N=1 V=0 D=0 I=0 Z=0 C=1 : FWA B7-74:B5033203:00:00 = -1.72626955E-04 : FWB AE-04:83C95569:00:?? = -2.42053498E-38
A687 : STA 3E         : A=C6 X=01 Y=F1 SP=?? N=1 V=0 D=0 I=0 Z=0 C=1 : FWA B7-74:B5033203:00:00 = -1.72626955E-04 : FWB AE-04:83C65569:00:?? = -2.42031974E-38
A689 : TYA            : A=F1 X=01 Y=F1 SP=?? N=1 V=0 D=0 I=0 Z=0 C=1 : FWA B7-74:B5033203:00:00 = -1.72626955E-04 : FWB AE-04:83C65569:00:?? = -2.42031974E-38
A68A : SBC 31         : A=3C X=01 Y=F1 SP=?? N=0 V=0 D=0 I=0 Z=0 C=1 : FWA B7-74:B5033203:00:00 = -1.72626955E-04 : FWB AE-04:83C65569:00:?? = -2.42031974E-38
A68C : SEC            : A=3C X=01 Y=F1 SP=?? N=0 V=0 D=0 I=0 Z=0 C=1 : FWA B7-74:B5033203:00:00 = -1.72626955E-04 : FWB AE-04:83C65569:00:?? = -2.42031974E-38
A68D : ROL 3B         : A=3C X=01 Y=F1 SP=?? N=0 V=0 D=0 I=0 Z=0 C=1 : FWA B7-74:B5033203:00:00 = -1.72626955E-04 : FWB 5D-04:83C65569:00:?? = +2.42031974E-38
A68F : ASL 40         : A=3C X=01 Y=F1 SP=?? N=1 V=0 D=0 I=0 Z=0 C=0 : FWA B7-74:B5033203:00:00 = -1.72626955E-04 : FWB 5D-04:83C655D2:00:?? = +2.42031985E-38
A691 : ROL 3F         : A=3C X=01 Y=F1 SP=?? N=1 V=0 D=0 I=0 Z=0 C=0 : FWA B7-74:B5033203:00:00 = -1.72626955E-04 : FWB 5D-04:83C6AAD2:00:?? = +2.42034368E-38
A693 : ROL 3E         : A=3C X=01 Y=F1 SP=?? N=1 V=0 D=0 I=0 Z=0 C=1 : FWA B7-74:B5033203:00:00 = -1.72626955E-04 : FWB 5D-04:838CAAD2:00:?? = +2.41618238E-38
A695 : ROL A          : A=79 X=01 Y=F1 SP=?? N=0 V=0 D=0 I=0 Z=0 C=0 : FWA B7-74:B5033203:00:00 = -1.72626955E-04 : FWB 5D-04:838CAAD2:00:?? = +2.41618238E-38
A696 : DEX            : A=79 X=00 Y=F1 SP=?? N=0 V=0 D=0 I=0 Z=1 C=0 : FWA B7-74:B5033203:00:00 = -1.72626955E-04 : FWB 5D-04:838CAAD2:00:?? = +2.41618238E-38
A697 : BNE A65E       : A=79 X=00 Y=F1 SP=?? N=0 V=0 D=0 I=0 Z=1 C=0 : FWA B7-74:B5033203:00:00 = -1.72626955E-04 : FWB 5D-04:838CAAD2:00:?? = +2.41618238E-38
A699 : LDX 3B         : A=79 X=5D Y=F1 SP=?? N=0 V=0 D=0 I=0 Z=0 C=0 : FWA B7-74:B5033203:00:00 = -1.72626955E-04 : FWB 5D-04:838CAAD2:00:?? = +2.41618238E-38
A69B : PHX            : A=79 X=5D Y=F1 SP=?? N=0 V=0 D=0 I=0 Z=0 C=0 : FWA B7-74:B5033203:00:00 = -1.72626955E-04 : FWB 5D-04:838CAAD2:00:?? = +2.41618238E-38
A69C : DEC 3C         : A=79 X=5D Y=F1 SP=?? N=0 V=0 D=0 I=0 Z=0 C=0 : FWA B7-74:B5033203:00:00 = -1.72626955E-04 : FWB 5D-03:838CAAD2:00:?? = +1.20809119E-38
A69E : BNE A65C       : A=79 X=5D Y=F1 SP=?? N=0 V=0 D=0 I=0 Z=0 C=0 : FWA B7-74:B5033203:00:00 = -1.72626955E-04 : FWB 5D-03:838CAAD2:00:?? = +1.20809119E-38
A65C : LDX #08        : A=79 X=08 Y=F1 SP=?? N=0 V=0 D=0 I=0 Z=0 C=0 : FWA B7-74:B5033203:00:00 = -1.72626955E-04 : FWB 5D-03:838CAAD2:00:?? = +1.20809119E-38
A65E : BCS A676       : A=79 X=08 Y=F1 SP=?? N=0 V=0 D=0 I=0 Z=0 C=0 : FWA B7-74:B5033203:00:00 = -1.72626955E-04 : FWB 5D-03:838CAAD2:00:?? = +1.20809119E-38
A660 : CMP 31         : A=79 X=08 Y=F1 SP=?? N=1 V=0 D=0 I=0 Z=0 C=0 : FWA B7-74:B5033203:00:00 = -1.72626955E-04 : FWB 5D-03:838CAAD2:00:?? = +1.20809119E-38
A662 : BNE A674       : A=79 X=08 Y=F1 SP=?? N=1 V=0 D=0 I=0 Z=0 C=0 : FWA B7-74:B5033203:00:00 = -1.72626955E-04 : FWB 5D-03:838CAAD2:00:?? = +1.20809119E-38
A674 : BCC A68D       : A=79 X=08 Y=F1 SP=?? N=1 V=0 D=0 I=0 Z=0 C=0 : FWA B7-74:B5033203:00:00 = -1.72626955E-04 : FWB 5D-03:838CAAD2:00:?? = +1.20809119E-38
A68D : ROL 3B         : A=79 X=08 Y=F1 SP=?? N=1 V=0 D=0 I=0 Z=0 C=0 : FWA B7-74:B5033203:00:00 = -1.72626955E-04 : FWB BA-03:838CAAD2:00:?? = -1.20809119E-38
A68F : ASL 40         : A=79 X=08 Y=F1 SP=?? N=1 V=0 D=0 I=0 Z=0 C=1 : FWA B7-74:B5033203:00:00 = -1.72626955E-04 : FWB BA-03:838CAAA4:00:?? = -1.20809117E-38
A691 : ROL 3F         : A=79 X=08 Y=F1 SP=?? N=0 V=0 D=0 I=0 Z=0 C=1 : FWA B7-74:B5033203:00:00 = -1.72626955E-04 : FWB BA-03:838C55A4:00:?? = -1.20807925E-38
A693 : ROL 3E         : A=79 X=08 Y=F1 SP=?? N=0 V=0 D=0 I=0 Z=0 C=1 : FWA B7-74:B5033203:00:00 = -1.72626955E-04 : FWB BA-03:831955A4:00:?? = -1.20395383E-38
A695 : ROL A          : A=F3 X=08 Y=F1 SP=?? N=1 V=0 D=0 I=0 Z=0 C=0 : FWA B7-74:B5033203:00:00 = -1.72626955E-04 : FWB BA-03:831955A4:00:?? = -1.20395383E-38
A696 : DEX            : A=F3 X=07 Y=F1 SP=?? N=0 V=0 D=0 I=0 Z=0 C=0 : FWA B7-74:B5033203:00:00 = -1.72626955E-04 : FWB BA-03:831955A4:00:?? = -1.20395383E-38
A697 : BNE A65E       : A=F3 X=07 Y=F1 SP=?? N=0 V=0 D=0 I=0 Z=0 C=0 : FWA B7-74:B5033203:00:00 = -1.72626955E-04 : FWB BA-03:831955A4:00:?? = -1.20395383E-38
A65E : BCS A676       : A=F3 X=07 Y=F1 SP=?? N=0 V=0 D=0 I=0 Z=0 C=0 : FWA B7-74:B5033203:00:00 = -1.72626955E-04 : FWB BA-03:831955A4:00:?? = -1.20395383E-38
A660 : CMP 31         : A=F3 X=07 Y=F1 SP=?? N=0 V=0 D=0 I=0 Z=0 C=1 : FWA B7-74:B5033203:00:00 = -1.72626955E-04 : FWB BA-03:831955A4:00:?? = -1.20395383E-38
A662 : BNE A674       : A=F3 X=07 Y=F1 SP=?? N=0 V=0 D=0 I=0 Z=0 C=1 : FWA B7-74:B5033203:00:00 = -1.72626955E-04 : FWB BA-03:831955A4:00:?? = -1.20395383E-38
A674 : BCC A68D       : A=F3 X=07 Y=F1 SP=?? N=0 V=0 D=0 I=0 Z=0 C=1 : FWA B7-74:B5033203:00:00 = -1.72626955E-04 : FWB BA-03:831955A4:00:?? = -1.20395383E-38
A676 : TAY            : A=F3 X=07 Y=F3 SP=?? N=1 V=0 D=0 I=0 Z=0 C=1 : FWA B7-74:B5033203:00:00 = -1.72626955E-04 : FWB BA-03:831955A4:00:?? = -1.20395383E-38
A677 : LDA 40         : A=A4 X=07 Y=F3 SP=?? N=1 V=0 D=0 I=0 Z=0 C=1 : FWA B7-74:B5033203:00:00 = -1.72626955E-04 : FWB BA-03:831955A4:00:?? = -1.20395383E-38
A679 : SBC 34         : A=A1 X=07 Y=F3 SP=?? N=1 V=0 D=0 I=0 Z=0 C=1 : FWA B7-74:B5033203:00:00 = -1.72626955E-04 : FWB BA-03:831955A4:00:?? = -1.20395383E-38
A67B : STA 40         : A=A1 X=07 Y=F3 SP=?? N=1 V=0 D=0 I=0 Z=0 C=1 : FWA B7-74:B5033203:00:00 = -1.72626955E-04 : FWB BA-03:831955A1:00:?? = -1.20395383E-38
A67D : LDA 3F         : A=55 X=07 Y=F3 SP=?? N=0 V=0 D=0 I=0 Z=0 C=1 : FWA B7-74:B5033203:00:00 = -1.72626955E-04 : FWB BA-03:831955A1:00:?? = -1.20395383E-38
A67F : SBC 33         : A=23 X=07 Y=F3 SP=?? N=0 V=0 D=0 I=0 Z=0 C=1 : FWA B7-74:B5033203:00:00 = -1.72626955E-04 : FWB BA-03:831955A1:00:?? = -1.20395383E-38
A681 : STA 3F         : A=23 X=07 Y=F3 SP=?? N=0 V=0 D=0 I=0 Z=0 C=1 : FWA B7-74:B5033203:00:00 = -1.72626955E-04 : FWB BA-03:831923A1:00:?? = -1.20394682E-38
A683 : LDA 3E         : A=19 X=07 Y=F3 SP=?? N=0 V=0 D=0 I=0 Z=0 C=1 : FWA B7-74:B5033203:00:00 = -1.72626955E-04 : FWB BA-03:831923A1:00:?? = -1.20394682E-38
A685 : SBC 32         : A=16 X=07 Y=F3 SP=?? N=0 V=0 D=0 I=0 Z=0 C=1 : FWA B7-74:B5033203:00:00 = -1.72626955E-04 : FWB BA-03:831923A1:00:?? = -1.20394682E-38
A687 : STA 3E         : A=16 X=07 Y=F3 SP=?? N=0 V=0 D=0 I=0 Z=0 C=1 : FWA B7-74:B5033203:00:00 = -1.72626955E-04 : FWB BA-03:831623A1:00:?? = -1.20383920E-38
A689 : TYA            : A=F3 X=07 Y=F3 SP=?? N=1 V=0 D=0 I=0 Z=0 C=1 : FWA B7-74:B5033203:00:00 = -1.72626955E-04 : FWB BA-03:831623A1:00:?? = -1.20383920E-38
A68A : SBC 31         : A=3E X=07 Y=F3 SP=?? N=0 V=0 D=0 I=0 Z=0 C=1 : FWA B7-74:B5033203:00:00 = -1.72626955E-04 : FWB BA-03:831623A1:00:?? = -1.20383920E-38
A68C : SEC            : A=3E X=07 Y=F3 SP=?? N=0 V=0 D=0 I=0 Z=0 C=1 : FWA B7-74:B5033203:00:00 = -1.72626955E-04 : FWB BA-03:831623A1:00:?? = -1.20383920E-38
A68D : ROL 3B         : A=3E X=07 Y=F3 SP=?? N=0 V=0 D=0 I=0 Z=0 C=1 : FWA B7-74:B5033203:00:00 = -1.72626955E-04 : FWB 75-03:831623A1:00:?? = +1.20383920E-38
A68F : ASL 40         : A=3E X=07 Y=F3 SP=?? N=0 V=0 D=0 I=0 Z=0 C=1 : FWA B7-74:B5033203:00:00 = -1.72626955E-04 : FWB 75-03:83162342:00:?? = +1.20383915E-38
A691 : ROL 3F         : A=3E X=07 Y=F3 SP=?? N=0 V=0 D=0 I=0 Z=0 C=0 : FWA B7-74:B5033203:00:00 = -1.72626955E-04 : FWB 75-03:83164742:00:?? = +1.20384420E-38
A693 : ROL 3E         : A=3E X=07 Y=F3 SP=?? N=0 V=0 D=0 I=0 Z=0 C=0 : FWA B7-74:B5033203:00:00 = -1.72626955E-04 : FWB 75-03:832C4742:00:?? = +1.20463341E-38
A695 : ROL A          : A=7C X=07 Y=F3 SP=?? N=0 V=0 D=0 I=0 Z=0 C=0 : FWA B7-74:B5033203:00:00 = -1.72626955E-04 : FWB 75-03:832C4742:00:?? = +1.20463341E-38
A696 : DEX            : A=7C X=06 Y=F3 SP=?? N=0 V=0 D=0 I=0 Z=0 C=0 : FWA B7-74:B5033203:00:00 = -1.72626955E-04 : FWB 75-03:832C4742:00:?? = +1.20463341E-38
A697 : BNE A65E       : A=7C X=06 Y=F3 SP=?? N=0 V=0 D=0 I=0 Z=0 C=0 : FWA B7-74:B5033203:00:00 = -1.72626955E-04 : FWB 75-03:832C4742:00:?? = +1.20463341E-38
A65E : BCS A676       : A=7C X=06 Y=F3 SP=?? N=0 V=0 D=0 I=0 Z=0 C=0 : FWA B7-74:B5033203:00:00 = -1.72626955E-04 : FWB 75-03:832C4742:00:?? = +1.20463341E-38
A660 : CMP 31         : A=7C X=06 Y=F3 SP=?? N=1 V=0 D=0 I=0 Z=0 C=0 : FWA B7-74:B5033203:00:00 = -1.72626955E-04 : FWB 75-03:832C4742:00:?? = +1.20463341E-38
A662 : BNE A674       : A=7C X=06 Y=F3 SP=?? N=1 V=0 D=0 I=0 Z=0 C=0 : FWA B7-74:B5033203:00:00 = -1.72626955E-04 : FWB 75-03:832C4742:00:?? = +1.20463341E-38
A674 : BCC A68D       : A=7C X=06 Y=F3 SP=?? N=1 V=0 D=0 I=0 Z=0 C=0 : FWA B7-74:B5033203:00:00 = -1.72626955E-04 : FWB 75-03:832C4742:00:?? = +1.20463341E-38
A68D : ROL 3B         : A=7C X=06 Y=F3 SP=?? N=1 V=0 D=0 I=0 Z=0 C=0 : FWA B7-74:B5033203:00:00 = -1.72626955E-04 : FWB EA-03:832C4742:00:?? = -1.20463341E-38
A68F : ASL 40         : A=7C X=06 Y=F3 SP=?? N=1 V=0 D=0 I=0 Z=0 C=0 : FWA B7-74:B5033203:00:00 = -1.72626955E-04 : FWB EA-03:832C4784:00:?? = -1.20463344E-38
A691 : ROL 3F         : A=7C X=06 Y=F3 SP=?? N=1 V=0 D=0 I=0 Z=0 C=0 : FWA B7-74:B5033203:00:00 = -1.72626955E-04 : FWB EA-03:832C8E84:00:?? = -1.20464339E-38
A693 : ROL 3E         : A=7C X=06 Y=F3 SP=?? N=0 V=0 D=0 I=0 Z=0 C=0 : FWA B7-74:B5033203:00:00 = -1.72626955E-04 : FWB EA-03:83588E84:00:?? = -1.20622182E-38
A695 : ROL A          : A=F8 X=06 Y=F3 SP=?? N=1 V=0 D=0 I=0 Z=0 C=0 : FWA B7-74:B5033203:00:00 = -1.72626955E-04 : FWB EA-03:83588E84:00:?? = -1.20622182E-38
A696 : DEX            : A=F8 X=05 Y=F3 SP=?? N=0 V=0 D=0 I=0 Z=0 C=0 : FWA B7-74:B5033203:00:00 = -1.72626955E-04 : FWB EA-03:83588E84:00:?? = -1.20622182E-38
A697 : BNE A65E       : A=F8 X=05 Y=F3 SP=?? N=0 V=0 D=0 I=0 Z=0 C=0 : FWA B7-74:B5033203:00:00 = -1.72626955E-04 : FWB EA-03:83588E84:00:?? = -1.20622182E-38
A65E : BCS A676       : A=F8 X=05 Y=F3 SP=?? N=0 V=0 D=0 I=0 Z=0 C=0 : FWA B7-74:B5033203:00:00 = -1.72626955E-04 : FWB EA-03:83588E84:00:?? = -1.20622182E-38
A660 : CMP 31         : A=F8 X=05 Y=F3 SP=?? N=0 V=0 D=0 I=0 Z=0 C=1 : FWA B7-74:B5033203:00:00 = -1.72626955E-04 : FWB EA-03:83588E84:00:?? = -1.20622182E-38
A662 : BNE A674       : A=F8 X=05 Y=F3 SP=?? N=0 V=0 D=0 I=0 Z=0 C=1 : FWA B7-74:B5033203:00:00 = -1.72626955E-04 : FWB EA-03:83588E84:00:?? = -1.20622182E-38
A674 : BCC A68D       : A=F8 X=05 Y=F3 SP=?? N=0 V=0 D=0 I=0 Z=0 C=1 : FWA B7-74:B5033203:00:00 = -1.72626955E-04 : FWB EA-03:83588E84:00:?? = -1.20622182E-38
A676 : TAY            : A=F8 X=05 Y=F8 SP=?? N=1 V=0 D=0 I=0 Z=0 C=1 : FWA B7-74:B5033203:00:00 = -1.72626955E-04 : FWB EA-03:83588E84:00:?? = -1.20622182E-38
A677 : LDA 40         : A=84 X=05 Y=F8 SP=?? N=1 V=0 D=0 I=0 Z=0 C=1 : FWA B7-74:B5033203:00:00 = -1.72626955E-04 : FWB EA-03:83588E84:00:?? = -1.20622182E-38
A679 : SBC 34         : A=81 X=05 Y=F8 SP=?? N=1 V=0 D=0 I=0 Z=0 C=1 : FWA B7-74:B5033203:00:00 = -1.72626955E-04 : FWB EA-03:83588E84:00:?? = -1.20622182E-38
A67B : STA 40         : A=81 X=05 Y=F8 SP=?? N=1 V=0 D=0 I=0 Z=0 C=1 : FWA B7-74:B5033203:00:00 = -1.72626955E-04 : FWB EA-03:83588E81:00:?? = -1.20622181E-38
A67D : LDA 3F         : A=8E X=05 Y=F8 SP=?? N=1 V=0 D=0 I=0 Z=0 C=1 : FWA B7-74:B5033203:00:00 = -1.72626955E-04 : FWB EA-03:83588E81:00:?? = -1.20622181E-38
A67F : SBC 33         : A=5C X=05 Y=F8 SP=?? N=0 V=1 D=0 I=0 Z=0 C=1 : FWA B7-74:B5033203:00:00 = -1.72626955E-04 : FWB EA-03:83588E81:00:?? = -1.20622181E-38
A681 : STA 3F         : A=5C X=05 Y=F8 SP=?? N=0 V=1 D=0 I=0 Z=0 C=1 : FWA B7-74:B5033203:00:00 = -1.72626955E-04 : FWB EA-03:83585C81:00:?? = -1.20621481E-38
A683 : LDA 3E         : A=58 X=05 Y=F8 SP=?? N=0 V=1 D=0 I=0 Z=0 C=1 : FWA B7-74:B5033203:00:00 = -1.72626955E-04 : FWB EA-03:83585C81:00:?? = -1.20621481E-38
A685 : SBC 32         : A=55 X=05 Y=F8 SP=?? N=0 V=0 D=0 I=0 Z=0 C=1 : FWA B7-74:B5033203:00:00 = -1.72626955E-04 : FWB EA-03:83585C81:00:?? = -1.20621481E-38
A687 : STA 3E         : A=55 X=05 Y=F8 SP=?? N=0 V=0 D=0 I=0 Z=0 C=1 : FWA B7-74:B5033203:00:00 = -1.72626955E-04 : FWB EA-03:83555C81:00:?? = -1.20610719E-38
A689 : TYA            : A=F8 X=05 Y=F8 SP=?? N=1 V=0 D=0 I=0 Z=0 C=1 : FWA B7-74:B5033203:00:00 = -1.72626955E-04 : FWB EA-03:83555C81:00:?? = -1.20610719E-38
A68A : SBC 31         : A=43 X=05 Y=F8 SP=?? N=0 V=0 D=0 I=0 Z=0 C=1 : FWA B7-74:B5033203:00:00 = -1.72626955E-04 : FWB EA-03:83555C81:00:?? = -1.20610719E-38
A68C : SEC            : A=43 X=05 Y=F8 SP=?? N=0 V=0 D=0 I=0 Z=0 C=1 : FWA B7-74:B5033203:00:00 = -1.72626955E-04 : FWB EA-03:83555C81:00:?? = -1.20610719E-38
A68D : ROL 3B         : A=43 X=05 Y=F8 SP=?? N=1 V=0 D=0 I=0 Z=0 C=1 : FWA B7-74:B5033203:00:00 = -1.72626955E-04 : FWB D5-03:83555C81:00:?? = -1.20610719E-38
A68F : ASL 40         : A=43 X=05 Y=F8 SP=?? N=0 V=0 D=0 I=0 Z=0 C=1 : FWA B7-74:B5033203:00:00 = -1.72626955E-04 : FWB D5-03:83555C02:00:?? = -1.20610712E-38
A691 : ROL 3F         : A=43 X=05 Y=F8 SP=?? N=1 V=0 D=0 I=0 Z=0 C=0 : FWA B7-74:B5033203:00:00 = -1.72626955E-04 : FWB D5-03:8355B902:00:?? = -1.20612015E-38
A693 : ROL 3E         : A=43 X=05 Y=F8 SP=?? N=1 V=0 D=0 I=0 Z=0 C=0 : FWA B7-74:B5033203:00:00 = -1.72626955E-04 : FWB D5-03:83AAB902:00:?? = -1.20916938E-38
A695 : ROL A          : A=86 X=05 Y=F8 SP=?? N=1 V=0 D=0 I=0 Z=0 C=0 : FWA B7-74:B5033203:00:00 = -1.72626955E-04 : FWB D5-03:83AAB902:00:?? = -1.20916938E-38
A696 : DEX            : A=86 X=04 Y=F8 SP=?? N=0 V=0 D=0 I=0 Z=0 C=0 : FWA B7-74:B5033203:00:00 = -1.72626955E-04 : FWB D5-03:83AAB902:00:?? = -1.20916938E-38
A697 : BNE A65E       : A=86 X=04 Y=F8 SP=?? N=0 V=0 D=0 I=0 Z=0 C=0 : FWA B7-74:B5033203:00:00 = -1.72626955E-04 : FWB D5-03:83AAB902:00:?? = -1.20916938E-38
A65E : BCS A676       : A=86 X=04 Y=F8 SP=?? N=0 V=0 D=0 I=0 Z=0 C=0 : FWA B7-74:B5033203:00:00 = -1.72626955E-04 : FWB D5-03:83AAB902:00:?? = -1.20916938E-38
A660 : CMP 31         : A=86 X=04 Y=F8 SP=?? N=1 V=0 D=0 I=0 Z=0 C=0 : FWA B7-74:B5033203:00:00 = -1.72626955E-04 : FWB D5-03:83AAB902:00:?? = -1.20916938E-38
A662 : BNE A674       : A=86 X=04 Y=F8 SP=?? N=1 V=0 D=0 I=0 Z=0 C=0 : FWA B7-74:B5033203:00:00 = -1.72626955E-04 : FWB D5-03:83AAB902:00:?? = -1.20916938E-38
A674 : BCC A68D       : A=86 X=04 Y=F8 SP=?? N=1 V=0 D=0 I=0 Z=0 C=0 : FWA B7-74:B5033203:00:00 = -1.72626955E-04 : FWB D5-03:83AAB902:00:?? = -1.20916938E-38
A68D : ROL 3B         : A=86 X=04 Y=F8 SP=?? N=1 V=0 D=0 I=0 Z=0 C=1 : FWA B7-74:B5033203:00:00 = -1.72626955E-04 : FWB AA-03:83AAB902:00:?? = -1.20916938E-38
A68F : ASL 40         : A=86 X=04 Y=F8 SP=?? N=0 V=0 D=0 I=0 Z=0 C=0 : FWA B7-74:B5033203:00:00 = -1.72626955E-04 : FWB AA-03:83AAB904:00:?? = -1.20916938E-38
A691 : ROL 3F         : A=86 X=04 Y=F8 SP=?? N=0 V=0 D=0 I=0 Z=0 C=1 : FWA B7-74:B5033203:00:00 = -1.72626955E-04 : FWB AA-03:83AA7204:00:?? = -1.20915943E-38
A693 : ROL 3E         : A=86 X=04 Y=F8 SP=?? N=0 V=0 D=0 I=0 Z=0 C=1 : FWA B7-74:B5033203:00:00 = -1.72626955E-04 : FWB AA-03:83557204:00:?? = -1.20611020E-38
A695 : ROL A          : A=0D X=04 Y=F8 SP=?? N=0 V=0 D=0 I=0 Z=0 C=1 : FWA B7-74:B5033203:00:00 = -1.72626955E-04 : FWB AA-03:83557204:00:?? = -1.20611020E-38
A696 : DEX            : A=0D X=03 Y=F8 SP=?? N=0 V=0 D=0 I=0 Z=0 C=1 : FWA B7-74:B5033203:00:00 = -1.72626955E-04 : FWB AA-03:83557204:00:?? = -1.20611020E-38
A697 : BNE A65E       : A=0D X=03 Y=F8 SP=?? N=0 V=0 D=0 I=0 Z=0 C=1 : FWA B7-74:B5033203:00:00 = -1.72626955E-04 : FWB AA-03:83557204:00:?? = -1.20611020E-38
A65E : BCS A676       : A=0D X=03 Y=F8 SP=?? N=0 V=0 D=0 I=0 Z=0 C=1 : FWA B7-74:B5033203:00:00 = -1.72626955E-04 : FWB AA-03:83557204:00:?? = -1.20611020E-38
A676 : TAY            : A=0D X=03 Y=0D SP=?? N=0 V=0 D=0 I=0 Z=0 C=1 : FWA B7-74:B5033203:00:00 = -1.72626955E-04 : FWB AA-03:83557204:00:?? = -1.20611020E-38
A677 : LDA 40         : A=04 X=03 Y=0D SP=?? N=0 V=0 D=0 I=0 Z=0 C=1 : FWA B7-74:B5033203:00:00 = -1.72626955E-04 : FWB AA-03:83557204:00:?? = -1.20611020E-38
A679 : SBC 34         : A=01 X=03 Y=0D SP=?? N=0 V=0 D=0 I=0 Z=0 C=1 : FWA B7-74:B5033203:00:00 = -1.72626955E-04 : FWB AA-03:83557204:00:?? = -1.20611020E-38
A67B : STA 40         : A=01 X=03 Y=0D SP=?? N=0 V=0 D=0 I=0 Z=0 C=1 : FWA B7-74:B5033203:00:00 = -1.72626955E-04 : FWB AA-03:83557201:00:?? = -1.20611020E-38
A67D : LDA 3F         : A=72 X=03 Y=0D SP=?? N=0 V=0 D=0 I=0 Z=0 C=1 : FWA B7-74:B5033203:00:00 = -1.72626955E-04 : FWB AA-03:83557201:00:?? = -1.20611020E-38
A67F : SBC 33         : A=40 X=03 Y=0D SP=?? N=0 V=0 D=0 I=0 Z=0 C=1 : FWA B7-74:B5033203:00:00 = -1.72626955E-04 : FWB AA-03:83557201:00:?? = -1.20611020E-38
A681 : STA 3F         : A=40 X=03 Y=0D SP=?? N=0 V=0 D=0 I=0 Z=0 C=1 : FWA B7-74:B5033203:00:00 = -1.72626955E-04 : FWB AA-03:83554001:00:?? = -1.20610319E-38
A683 : LDA 3E         : A=55 X=03 Y=0D SP=?? N=0 V=0 D=0 I=0 Z=0 C=1 : FWA B7-74:B5033203:00:00 = -1.72626955E-04 : FWB AA-03:83554001:00:?? = -1.20610319E-38
A685 : SBC 32         : A=52 X=03 Y=0D SP=?? N=0 V=0 D=0 I=0 Z=0 C=1 : FWA B7-74:B5033203:00:00 = -1.72626955E-04 : FWB AA-03:83554001:00:?? = -1.20610319E-38
A687 : STA 3E         : A=52 X=03 Y=0D SP=?? N=0 V=0 D=0 I=0 Z=0 C=1 : FWA B7-74:B5033203:00:00 = -1.72626955E-04 : FWB AA-03:83524001:00:?? = -1.20599557E-38
A689 : TYA            : A=0D X=03 Y=0D SP=?? N=0 V=0 D=0 I=0 Z=0 C=1 : FWA B7-74:B5033203:00:00 = -1.72626955E-04 : FWB AA-03:83524001:00:?? = -1.20599557E-38
A68A : SBC 31         : A=58 X=03 Y=0D SP=?? N=0 V=0 D=0 I=0 Z=0 C=0 : FWA B7-74:B5033203:00:00 = -1.72626955E-04 : FWB AA-03:83524001:00:?? = -1.20599557E-38
A68C : SEC            : A=58 X=03 Y=0D SP=?? N=0 V=0 D=0 I=0 Z=0 C=1 : FWA B7-74:B5033203:00:00 = -1.72626955E-04 : FWB AA-03:83524001:00:?? = -1.20599557E-38
A68D : ROL 3B         : A=58 X=03 Y=0D SP=?? N=0 V=0 D=0 I=0 Z=0 C=1 : FWA B7-74:B5033203:00:00 = -1.72626955E-04 : FWB 55-03:83524001:00:?? = +1.20599557E-38
A68F : ASL 40         : A=58 X=03 Y=0D SP=?? N=0 V=0 D=0 I=0 Z=0 C=0 : FWA B7-74:B5033203:00:00 = -1.72626955E-04 : FWB 55-03:83524002:00:?? = +1.20599557E-38
A691 : ROL 3F         : A=58 X=03 Y=0D SP=?? N=1 V=0 D=0 I=0 Z=0 C=0 : FWA B7-74:B5033203:00:00 = -1.72626955E-04 : FWB 55-03:83528002:00:?? = +1.20600454E-38
A693 : ROL 3E         : A=58 X=03 Y=0D SP=?? N=1 V=0 D=0 I=0 Z=0 C=0 : FWA B7-74:B5033203:00:00 = -1.72626955E-04 : FWB 55-03:83A48002:00:?? = +1.20894615E-38
A695 : ROL A          : A=B0 X=03 Y=0D SP=?? N=1 V=0 D=0 I=0 Z=0 C=0 : FWA B7-74:B5033203:00:00 = -1.72626955E-04 : FWB 55-03:83A48002:00:?? = +1.20894615E-38
A696 : DEX            : A=B0 X=02 Y=0D SP=?? N=0 V=0 D=0 I=0 Z=0 C=0 : FWA B7-74:B5033203:00:00 = -1.72626955E-04 : FWB 55-03:83A48002:00:?? = +1.20894615E-38
A697 : BNE A65E       : A=B0 X=02 Y=0D SP=?? N=0 V=0 D=0 I=0 Z=0 C=0 : FWA B7-74:B5033203:00:00 = -1.72626955E-04 : FWB 55-03:83A48002:00:?? = +1.20894615E-38
A65E : BCS A676       : A=B0 X=02 Y=0D SP=?? N=0 V=0 D=0 I=0 Z=0 C=0 : FWA B7-74:B5033203:00:00 = -1.72626955E-04 : FWB 55-03:83A48002:00:?? = +1.20894615E-38
A660 : CMP 31         : A=B0 X=02 Y=0D SP=?? N=1 V=0 D=0 I=0 Z=0 C=0 : FWA B7-74:B5033203:00:00 = -1.72626955E-04 : FWB 55-03:83A48002:00:?? = +1.20894615E-38
A662 : BNE A674       : A=B0 X=02 Y=0D SP=?? N=1 V=0 D=0 I=0 Z=0 C=0 : FWA B7-74:B5033203:00:00 = -1.72626955E-04 : FWB 55-03:83A48002:00:?? = +1.20894615E-38
A674 : BCC A68D       : A=B0 X=02 Y=0D SP=?? N=1 V=0 D=0 I=0 Z=0 C=0 : FWA B7-74:B5033203:00:00 = -1.72626955E-04 : FWB 55-03:83A48002:00:?? = +1.20894615E-38
A68D : ROL 3B         : A=B0 X=02 Y=0D SP=?? N=1 V=0 D=0 I=0 Z=0 C=0 : FWA B7-74:B5033203:00:00 = -1.72626955E-04 : FWB AA-03:83A48002:00:?? = -1.20894615E-38
A68F : ASL 40         : A=B0 X=02 Y=0D SP=?? N=0 V=0 D=0 I=0 Z=0 C=0 : FWA B7-74:B5033203:00:00 = -1.72626955E-04 : FWB AA-03:83A48004:00:?? = -1.20894615E-38
A691 : ROL 3F         : A=B0 X=02 Y=0D SP=?? N=0 V=0 D=0 I=0 Z=1 C=1 : FWA B7-74:B5033203:00:00 = -1.72626955E-04 : FWB AA-03:83A40004:00:?? = -1.20892821E-38
A693 : ROL 3E         : A=B0 X=02 Y=0D SP=?? N=0 V=0 D=0 I=0 Z=0 C=1 : FWA B7-74:B5033203:00:00 = -1.72626955E-04 : FWB AA-03:83490004:00:?? = -1.20566375E-38
A695 : ROL A          : A=61 X=02 Y=0D SP=?? N=0 V=0 D=0 I=0 Z=0 C=1 : FWA B7-74:B5033203:00:00 = -1.72626955E-04 : FWB AA-03:83490004:00:?? = -1.20566375E-38
A696 : DEX            : A=61 X=01 Y=0D SP=?? N=0 V=0 D=0 I=0 Z=0 C=1 : FWA B7-74:B5033203:00:00 = -1.72626955E-04 : FWB AA-03:83490004:00:?? = -1.20566375E-38
A697 : BNE A65E       : A=61 X=01 Y=0D SP=?? N=0 V=0 D=0 I=0 Z=0 C=1 : FWA B7-74:B5033203:00:00 = -1.72626955E-04 : FWB AA-03:83490004:00:?? = -1.20566375E-38
A65E : BCS A676       : A=61 X=01 Y=0D SP=?? N=0 V=0 D=0 I=0 Z=0 C=1 : FWA B7-74:B5033203:00:00 = -1.72626955E-04 : FWB AA-03:83490004:00:?? = -1.20566375E-38
A676 : TAY            : A=61 X=01 Y=61 SP=?? N=0 V=0 D=0 I=0 Z=0 C=1 : FWA B7-74:B5033203:00:00 = -1.72626955E-04 : FWB AA-03:83490004:00:?? = -1.20566375E-38
A677 : LDA 40         : A=04 X=01 Y=61 SP=?? N=0 V=0 D=0 I=0 Z=0 C=1 : FWA B7-74:B5033203:00:00 = -1.72626955E-04 : FWB AA-03:83490004:00:?? = -1.20566375E-38
A679 : SBC 34         : A=01 X=01 Y=61 SP=?? N=0 V=0 D=0 I=0 Z=0 C=1 : FWA B7-74:B5033203:00:00 = -1.72626955E-04 : FWB AA-03:83490004:00:?? = -1.20566375E-38
A67B : STA 40         : A=01 X=01 Y=61 SP=?? N=0 V=0 D=0 I=0 Z=0 C=1 : FWA B7-74:B5033203:00:00 = -1.72626955E-04 : FWB AA-03:83490001:00:?? = -1.20566375E-38
A67D : LDA 3F         : A=00 X=01 Y=61 SP=?? N=0 V=0 D=0 I=0 Z=1 C=1 : FWA B7-74:B5033203:00:00 = -1.72626955E-04 : FWB AA-03:83490001:00:?? = -1.20566375E-38
A67F : SBC 33         : A=CE X=01 Y=61 SP=?? N=1 V=0 D=0 I=0 Z=0 C=0 : FWA B7-74:B5033203:00:00 = -1.72626955E-04 : FWB AA-03:83490001:00:?? = -1.20566375E-38
A681 : STA 3F         : A=CE X=01 Y=61 SP=?? N=1 V=0 D=0 I=0 Z=0 C=0 : FWA B7-74:B5033203:00:00 = -1.72626955E-04 : FWB AA-03:8349CE01:00:?? = -1.20569261E-38
A683 : LDA 3E         : A=49 X=01 Y=61 SP=?? N=0 V=0 D=0 I=0 Z=0 C=0 : FWA B7-74:B5033203:00:00 = -1.72626955E-04 : FWB AA-03:8349CE01:00:?? = -1.20569261E-38
A685 : SBC 32         : A=45 X=01 Y=61 SP=?? N=0 V=0 D=0 I=0 Z=0 C=1 : FWA B7-74:B5033203:00:00 = -1.72626955E-04 : FWB AA-03:8349CE01:00:?? = -1.20569261E-38
A687 : STA 3E         : A=45 X=01 Y=61 SP=?? N=0 V=0 D=0 I=0 Z=0 C=1 : FWA B7-74:B5033203:00:00 = -1.72626955E-04 : FWB AA-03:8345CE01:00:?? = -1.20554912E-38
A689 : TYA            : A=61 X=01 Y=61 SP=?? N=0 V=0 D=0 I=0 Z=0 C=1 : FWA B7-74:B5033203:00:00 = -1.72626955E-04 : FWB AA-03:8345CE01:00:?? = -1.20554912E-38
A68A : SBC 31         : A=AC X=01 Y=61 SP=?? N=1 V=1 D=0 I=0 Z=0 C=0 : FWA B7-74:B5033203:00:00 = -1.72626955E-04 : FWB AA-03:8345CE01:00:?? = -1.20554912E-38
A68C : SEC            : A=AC X=01 Y=61 SP=?? N=1 V=1 D=0 I=0 Z=0 C=1 : FWA B7-74:B5033203:00:00 = -1.72626955E-04 : FWB AA-03:8345CE01:00:?? = -1.20554912E-38
A68D : ROL 3B         : A=AC X=01 Y=61 SP=?? N=0 V=1 D=0 I=0 Z=0 C=1 : FWA B7-74:B5033203:00:00 = -1.72626955E-04 : FWB 55-03:8345CE01:00:?? = +1.20554912E-38
A68F : ASL 40         : A=AC X=01 Y=61 SP=?? N=0 V=1 D=0 I=0 Z=0 C=0 : FWA B7-74:B5033203:00:00 = -1.72626955E-04 : FWB 55-03:8345CE02:00:?? = +1.20554912E-38
A691 : ROL 3F         : A=AC X=01 Y=61 SP=?? N=1 V=1 D=0 I=0 Z=0 C=1 : FWA B7-74:B5033203:00:00 = -1.72626955E-04 : FWB 55-03:83459C02:00:?? = +1.20554211E-38
A693 : ROL 3E         : A=AC X=01 Y=61 SP=?? N=1 V=1 D=0 I=0 Z=0 C=0 : FWA B7-74:B5033203:00:00 = -1.72626955E-04 : FWB 55-03:838B9C02:00:?? = +1.20805324E-38
A695 : ROL A          : A=58 X=01 Y=61 SP=?? N=0 V=1 D=0 I=0 Z=0 C=1 : FWA B7-74:B5033203:00:00 = -1.72626955E-04 : FWB 55-03:838B9C02:00:?? = +1.20805324E-38
A696 : DEX            : A=58 X=00 Y=61 SP=?? N=0 V=1 D=0 I=0 Z=1 C=1 : FWA B7-74:B5033203:00:00 = -1.72626955E-04 : FWB 55-03:838B9C02:00:?? = +1.20805324E-38
A697 : BNE A65E       : A=58 X=00 Y=61 SP=?? N=0 V=1 D=0 I=0 Z=1 C=1 : FWA B7-74:B5033203:00:00 = -1.72626955E-04 : FWB 55-03:838B9C02:00:?? = +1.20805324E-38
A699 : LDX 3B         : A=58 X=55 Y=61 SP=?? N=0 V=1 D=0 I=0 Z=0 C=1 : FWA B7-74:B5033203:00:00 = -1.72626955E-04 : FWB 55-03:838B9C02:00:?? = +1.20805324E-38
A69B : PHX            : A=58 X=55 Y=61 SP=?? N=0 V=1 D=0 I=0 Z=0 C=1 : FWA B7-74:B5033203:00:00 = -1.72626955E-04 : FWB 55-03:838B9C02:00:?? = +1.20805324E-38
A69C : DEC 3C         : A=58 X=55 Y=61 SP=?? N=0 V=1 D=0 I=0 Z=0 C=1 : FWA B7-74:B5033203:00:00 = -1.72626955E-04 : FWB 55-02:838B9C02:00:?? = +6.04026621E-39
A69E : BNE A65C       : A=58 X=55 Y=61 SP=?? N=0 V=1 D=0 I=0 Z=0 C=1 : FWA B7-74:B5033203:00:00 = -1.72626955E-04 : FWB 55-02:838B9C02:00:?? = +6.04026621E-39
A65C : LDX #08        : A=58 X=08 Y=61 SP=?? N=0 V=1 D=0 I=0 Z=0 C=1 : FWA B7-74:B5033203:00:00 = -1.72626955E-04 : FWB 55-02:838B9C02:00:?? = +6.04026621E-39
A65E : BCS A676       : A=58 X=08 Y=61 SP=?? N=0 V=1 D=0 I=0 Z=0 C=1 : FWA B7-74:B5033203:00:00 = -1.72626955E-04 : FWB 55-02:838B9C02:00:?? = +6.04026621E-39
A676 : TAY            : A=58 X=08 Y=58 SP=?? N=0 V=1 D=0 I=0 Z=0 C=1 : FWA B7-74:B5033203:00:00 = -1.72626955E-04 : FWB 55-02:838B9C02:00:?? = +6.04026621E-39
A677 : LDA 40         : A=02 X=08 Y=58 SP=?? N=0 V=1 D=0 I=0 Z=0 C=1 : FWA B7-74:B5033203:00:00 = -1.72626955E-04 : FWB 55-02:838B9C02:00:?? = +6.04026621E-39
A679 : SBC 34         : A=FF X=08 Y=58 SP=?? N=1 V=0 D=0 I=0 Z=0 C=0 : FWA B7-74:B5033203:00:00 = -1.72626955E-04 : FWB 55-02:838B9C02:00:?? = +6.04026621E-39
A67B : STA 40         : A=FF X=08 Y=58 SP=?? N=1 V=0 D=0 I=0 Z=0 C=0 : FWA B7-74:B5033203:00:00 = -1.72626955E-04 : FWB 55-02:838B9CFF:00:?? = +6.04026690E-39
A67D : LDA 3F         : A=9C X=08 Y=58 SP=?? N=1 V=0 D=0 I=0 Z=0 C=0 : FWA B7-74:B5033203:00:00 = -1.72626955E-04 : FWB 55-02:838B9CFF:00:?? = +6.04026690E-39
A67F : SBC 33         : A=69 X=08 Y=58 SP=?? N=0 V=1 D=0 I=0 Z=0 C=1 : FWA B7-74:B5033203:00:00 = -1.72626955E-04 : FWB 55-02:838B9CFF:00:?? = +6.04026690E-39
A681 : STA 3F         : A=69 X=08 Y=58 SP=?? N=0 V=1 D=0 I=0 Z=0 C=1 : FWA B7-74:B5033203:00:00 = -1.72626955E-04 : FWB 55-02:838B69FF:00:?? = +6.04023117E-39
A683 : LDA 3E         : A=8B X=08 Y=58 SP=?? N=1 V=1 D=0 I=0 Z=0 C=1 : FWA B7-74:B5033203:00:00 = -1.72626955E-04 : FWB 55-02:838B69FF:00:?? = +6.04023117E-39
A685 : SBC 32         : A=88 X=08 Y=58 SP=?? N=1 V=0 D=0 I=0 Z=0 C=1 : FWA B7-74:B5033203:00:00 = -1.72626955E-04 : FWB 55-02:838B69FF:00:?? = +6.04023117E-39
A687 : STA 3E         : A=88 X=08 Y=58 SP=?? N=1 V=0 D=0 I=0 Z=0 C=1 : FWA B7-74:B5033203:00:00 = -1.72626955E-04 : FWB 55-02:838869FF:00:?? = +6.03969307E-39
A689 : TYA            : A=58 X=08 Y=58 SP=?? N=0 V=0 D=0 I=0 Z=0 C=1 : FWA B7-74:B5033203:00:00 = -1.72626955E-04 : FWB 55-02:838869FF:00:?? = +6.03969307E-39
A68A : SBC 31         : A=A3 X=08 Y=58 SP=?? N=1 V=1 D=0 I=0 Z=0 C=0 : FWA B7-74:B5033203:00:00 = -1.72626955E-04 : FWB 55-02:838869FF:00:?? = +6.03969307E-39
A68C : SEC            : A=A3 X=08 Y=58 SP=?? N=1 V=1 D=0 I=0 Z=0 C=1 : FWA B7-74:B5033203:00:00 = -1.72626955E-04 : FWB 55-02:838869FF:00:?? = +6.03969307E-39
A68D : ROL 3B         : A=A3 X=08 Y=58 SP=?? N=1 V=1 D=0 I=0 Z=0 C=0 : FWA B7-74:B5033203:00:00 = -1.72626955E-04 : FWB AB-02:838869FF:00:?? = -6.03969307E-39
A68F : ASL 40         : A=A3 X=08 Y=58 SP=?? N=1 V=1 D=0 I=0 Z=0 C=1 : FWA B7-74:B5033203:00:00 = -1.72626955E-04 : FWB AB-02:838869FE:00:?? = -6.03969307E-39
A691 : ROL 3F         : A=A3 X=08 Y=58 SP=?? N=1 V=1 D=0 I=0 Z=0 C=0 : FWA B7-74:B5033203:00:00 = -1.72626955E-04 : FWB AB-02:8388D3FE:00:?? = -6.03976733E-39
A693 : ROL 3E         : A=A3 X=08 Y=58 SP=?? N=0 V=1 D=0 I=0 Z=0 C=1 : FWA B7-74:B5033203:00:00 = -1.72626955E-04 : FWB AB-02:8310D3FE:00:?? = -6.01824339E-39
A695 : ROL A          : A=47 X=08 Y=58 SP=?? N=0 V=1 D=0 I=0 Z=0 C=1 : FWA B7-74:B5033203:00:00 = -1.72626955E-04 : FWB AB-02:8310D3FE:00:?? = -6.01824339E-39
A696 : DEX            : A=47 X=07 Y=58 SP=?? N=0 V=1 D=0 I=0 Z=0 C=1 : FWA B7-74:B5033203:00:00 = -1.72626955E-04 : FWB AB-02:8310D3FE:00:?? = -6.01824339E-39
A697 : BNE A65E       : A=47 X=07 Y=58 SP=?? N=0 V=1 D=0 I=0 Z=0 C=1 : FWA B7-74:B5033203:00:00 = -1.72626955E-04 : FWB AB-02:8310D3FE:00:?? = -6.01824339E-39
A65E : BCS A676       : A=47 X=07 Y=58 SP=?? N=0 V=1 D=0 I=0 Z=0 C=1 : FWA B7-74:B5033203:00:00 = -1.72626955E-04 : FWB AB-02:8310D3FE:00:?? = -6.01824339E-39
A676 : TAY            : A=47 X=07 Y=47 SP=?? N=0 V=1 D=0 I=0 Z=0 C=1 : FWA B7-74:B5033203:00:00 = -1.72626955E-04 : FWB AB-02:8310D3FE:00:?? = -6.01824339E-39
A677 : LDA 40         : A=FE X=07 Y=47 SP=?? N=1 V=1 D=0 I=0 Z=0 C=1 : FWA B7-74:B5033203:00:00 = -1.72626955E-04 : FWB AB-02:8310D3FE:00:?? = -6.01824339E-39
A679 : SBC 34         : A=FB X=07 Y=47 SP=?? N=1 V=0 D=0 I=0 Z=0 C=1 : FWA B7-74:B5033203:00:00 = -1.72626955E-04 : FWB AB-02:8310D3FE:00:?? = -6.01824339E-39
A67B : STA 40         : A=FB X=07 Y=47 SP=?? N=1 V=0 D=0 I=0 Z=0 C=1 : FWA B7-74:B5033203:00:00 = -1.72626955E-04 : FWB AB-02:8310D3FB:00:?? = -6.01824338E-39
A67D : LDA 3F         : A=D3 X=07 Y=47 SP=?? N=1 V=0 D=0 I=0 Z=0 C=1 : FWA B7-74:B5033203:00:00 = -1.72626955E-04 : FWB AB-02:8310D3FB:00:?? = -6.01824338E-39
A67F : SBC 33         : A=A1 X=07 Y=47 SP=?? N=1 V=0 D=0 I=0 Z=0 C=1 : FWA B7-74:B5033203:00:00 = -1.72626955E-04 : FWB AB-02:8310D3FB:00:?? = -6.01824338E-39
A681 : STA 3F         : A=A1 X=07 Y=47 SP=?? N=1 V=0 D=0 I=0 Z=0 C=1 : FWA B7-74:B5033203:00:00 = -1.72626955E-04 : FWB AB-02:8310A1FB:00:?? = -6.01820835E-39
A683 : LDA 3E         : A=10 X=07 Y=47 SP=?? N=0 V=0 D=0 I=0 Z=0 C=1 : FWA B7-74:B5033203:00:00 = -1.72626955E-04 : FWB AB-02:8310A1FB:00:?? = -6.01820835E-39
A685 : SBC 32         : A=0D X=07 Y=47 SP=?? N=0 V=0 D=0 I=0 Z=0 C=1 : FWA B7-74:B5033203:00:00 = -1.72626955E-04 : FWB AB-02:8310A1FB:00:?? = -6.01820835E-39
A687 : STA 3E         : A=0D X=07 Y=47 SP=?? N=0 V=0 D=0 I=0 Z=0 C=1 : FWA B7-74:B5033203:00:00 = -1.72626955E-04 : FWB AB-02:830DA1FB:00:?? = -6.01767025E-39
A689 : TYA            : A=47 X=07 Y=47 SP=?? N=0 V=0 D=0 I=0 Z=0 C=1 : FWA B7-74:B5033203:00:00 = -1.72626955E-04 : FWB AB-02:830DA1FB:00:?? = -6.01767025E-39
A68A : SBC 31         : A=92 X=07 Y=47 SP=?? N=1 V=1 D=0 I=0 Z=0 C=0 : FWA B7-74:B5033203:00:00 = -1.72626955E-04 : FWB AB-02:830DA1FB:00:?? = -6.01767025E-39
A68C : SEC            : A=92 X=07 Y=47 SP=?? N=1 V=1 D=0 I=0 Z=0 C=1 : FWA B7-74:B5033203:00:00 = -1.72626955E-04 : FWB AB-02:830DA1FB:00:?? = -6.01767025E-39
A68D : ROL 3B         : A=92 X=07 Y=47 SP=?? N=0 V=1 D=0 I=0 Z=0 C=1 : FWA B7-74:B5033203:00:00 = -1.72626955E-04 : FWB 57-02:830DA1FB:00:?? = +6.01767025E-39
A68F : ASL 40         : A=92 X=07 Y=47 SP=?? N=1 V=1 D=0 I=0 Z=0 C=1 : FWA B7-74:B5033203:00:00 = -1.72626955E-04 : FWB 57-02:830DA1F6:00:?? = +6.01767024E-39
A691 : ROL 3F         : A=92 X=07 Y=47 SP=?? N=0 V=1 D=0 I=0 Z=0 C=1 : FWA B7-74:B5033203:00:00 = -1.72626955E-04 : FWB 57-02:830D43F6:00:?? = +6.01760438E-39
A693 : ROL 3E         : A=92 X=07 Y=47 SP=?? N=0 V=1 D=0 I=0 Z=0 C=0 : FWA B7-74:B5033203:00:00 = -1.72626955E-04 : FWB 57-02:831B43F6:00:?? = +6.02011550E-39
A695 : ROL A          : A=24 X=07 Y=47 SP=?? N=0 V=1 D=0 I=0 Z=0 C=1 : FWA B7-74:B5033203:00:00 = -1.72626955E-04 : FWB 57-02:831B43F6:00:?? = +6.02011550E-39
A696 : DEX            : A=24 X=06 Y=47 SP=?? N=0 V=1 D=0 I=0 Z=0 C=1 : FWA B7-74:B5033203:00:00 = -1.72626955E-04 : FWB 57-02:831B43F6:00:?? = +6.02011550E-39
A697 : BNE A65E       : A=24 X=06 Y=47 SP=?? N=0 V=1 D=0 I=0 Z=0 C=1 : FWA B7-74:B5033203:00:00 = -1.72626955E-04 : FWB 57-02:831B43F6:00:?? = +6.02011550E-39
A65E : BCS A676       : A=24 X=06 Y=47 SP=?? N=0 V=1 D=0 I=0 Z=0 C=1 : FWA B7-74:B5033203:00:00 = -1.72626955E-04 : FWB 57-02:831B43F6:00:?? = +6.02011550E-39
A676 : TAY            : A=24 X=06 Y=24 SP=?? N=0 V=1 D=0 I=0 Z=0 C=1 : FWA B7-74:B5033203:00:00 = -1.72626955E-04 : FWB 57-02:831B43F6:00:?? = +6.02011550E-39
A677 : LDA 40         : A=F6 X=06 Y=24 SP=?? N=1 V=1 D=0 I=0 Z=0 C=1 : FWA B7-74:B5033203:00:00 = -1.72626955E-04 : FWB 57-02:831B43F6:00:?? = +6.02011550E-39
A679 : SBC 34         : A=F3 X=06 Y=24 SP=?? N=1 V=0 D=0 I=0 Z=0 C=1 : FWA B7-74:B5033203:00:00 = -1.72626955E-04 : FWB 57-02:831B43F6:00:?? = +6.02011550E-39
A67B : STA 40         : A=F3 X=06 Y=24 SP=?? N=1 V=0 D=0 I=0 Z=0 C=1 : FWA B7-74:B5033203:00:00 = -1.72626955E-04 : FWB 57-02:831B43F3:00:?? = +6.02011549E-39
A67D : LDA 3F         : A=43 X=06 Y=24 SP=?? N=0 V=0 D=0 I=0 Z=0 C=1 : FWA B7-74:B5033203:00:00 = -1.72626955E-04 : FWB 57-02:831B43F3:00:?? = +6.02011549E-39
A67F : SBC 33         : A=11 X=06 Y=24 SP=?? N=0 V=0 D=0 I=0 Z=0 C=1 : FWA B7-74:B5033203:00:00 = -1.72626955E-04 : FWB 57-02:831B43F3:00:?? = +6.02011549E-39
A681 : STA 3F         : A=11 X=06 Y=24 SP=?? N=0 V=0 D=0 I=0 Z=0 C=1 : FWA B7-74:B5033203:00:00 = -1.72626955E-04 : FWB 57-02:831B11F3:00:?? = +6.02008046E-39
A683 : LDA 3E         : A=1B X=06 Y=24 SP=?? N=0 V=0 D=0 I=0 Z=0 C=1 : FWA B7-74:B5033203:00:00 = -1.72626955E-04 : FWB 57-02:831B11F3:00:?? = +6.02008046E-39
A685 : SBC 32         : A=18 X=06 Y=24 SP=?? N=0 V=0 D=0 I=0 Z=0 C=1 : FWA B7-74:B5033203:00:00 = -1.72626955E-04 : FWB 57-02:831B11F3:00:?? = +6.02008046E-39
A687 : STA 3E         : A=18 X=06 Y=24 SP=?? N=0 V=0 D=0 I=0 Z=0 C=1 : FWA B7-74:B5033203:00:00 = -1.72626955E-04 : FWB 57-02:831811F3:00:?? = +6.01954236E-39
A689 : TYA            : A=24 X=06 Y=24 SP=?? N=0 V=0 D=0 I=0 Z=0 C=1 : FWA B7-74:B5033203:00:00 = -1.72626955E-04 : FWB 57-02:831811F3:00:?? = +6.01954236E-39
A68A : SBC 31         : A=6F X=06 Y=24 SP=?? N=0 V=0 D=0 I=0 Z=0 C=0 : FWA B7-74:B5033203:00:00 = -1.72626955E-04 : FWB 57-02:831811F3:00:?? = +6.01954236E-39
A68C : SEC            : A=6F X=06 Y=24 SP=?? N=0 V=0 D=0 I=0 Z=0 C=1 : FWA B7-74:B5033203:00:00 = -1.72626955E-04 : FWB 57-02:831811F3:00:?? = +6.01954236E-39
A68D : ROL 3B         : A=6F X=06 Y=24 SP=?? N=1 V=0 D=0 I=0 Z=0 C=0 : FWA B7-74:B5033203:00:00 = -1.72626955E-04 : FWB AF-02:831811F3:00:?? = -6.01954236E-39
A68F : ASL 40         : A=6F X=06 Y=24 SP=?? N=1 V=0 D=0 I=0 Z=0 C=1 : FWA B7-74:B5033203:00:00 = -1.72626955E-04 : FWB AF-02:831811E6:00:?? = -6.01954233E-39
A691 : ROL 3F         : A=6F X=06 Y=24 SP=?? N=0 V=0 D=0 I=0 Z=0 C=0 : FWA B7-74:B5033203:00:00 = -1.72626955E-04 : FWB AF-02:831823E6:00:?? = -6.01955494E-39
A693 : ROL 3E         : A=6F X=06 Y=24 SP=?? N=0 V=0 D=0 I=0 Z=0 C=0 : FWA B7-74:B5033203:00:00 = -1.72626955E-04 : FWB AF-02:833023E6:00:?? = -6.02385973E-39
A695 : ROL A          : A=DE X=06 Y=24 SP=?? N=1 V=0 D=0 I=0 Z=0 C=0 : FWA B7-74:B5033203:00:00 = -1.72626955E-04 : FWB AF-02:833023E6:00:?? = -6.02385973E-39
A696 : DEX            : A=DE X=05 Y=24 SP=?? N=0 V=0 D=0 I=0 Z=0 C=0 : FWA B7-74:B5033203:00:00 = -1.72626955E-04 : FWB AF-02:833023E6:00:?? = -6.02385973E-39
A697 : BNE A65E       : A=DE X=05 Y=24 SP=?? N=0 V=0 D=0 I=0 Z=0 C=0 : FWA B7-74:B5033203:00:00 = -1.72626955E-04 : FWB AF-02:833023E6:00:?? = -6.02385973E-39
A65E : BCS A676       : A=DE X=05 Y=24 SP=?? N=0 V=0 D=0 I=0 Z=0 C=0 : FWA B7-74:B5033203:00:00 = -1.72626955E-04 : FWB AF-02:833023E6:00:?? = -6.02385973E-39
A660 : CMP 31         : A=DE X=05 Y=24 SP=?? N=0 V=0 D=0 I=0 Z=0 C=1 : FWA B7-74:B5033203:00:00 = -1.72626955E-04 : FWB AF-02:833023E6:00:?? = -6.02385973E-39
A662 : BNE A674       : A=DE X=05 Y=24 SP=?? N=0 V=0 D=0 I=0 Z=0 C=1 : FWA B7-74:B5033203:00:00 = -1.72626955E-04 : FWB AF-02:833023E6:00:?? = -6.02385973E-39
A674 : BCC A68D       : A=DE X=05 Y=24 SP=?? N=0 V=0 D=0 I=0 Z=0 C=1 : FWA B7-74:B5033203:00:00 = -1.72626955E-04 : FWB AF-02:833023E6:00:?? = -6.02385973E-39
A676 : TAY            : A=DE X=05 Y=DE SP=?? N=1 V=0 D=0 I=0 Z=0 C=1 : FWA B7-74:B5033203:00:00 = -1.72626955E-04 : FWB AF-02:833023E6:00:?? = -6.02385973E-39
A677 : LDA 40         : A=E6 X=05 Y=DE SP=?? N=1 V=0 D=0 I=0 Z=0 C=1 : FWA B7-74:B5033203:00:00 = -1.72626955E-04 : FWB AF-02:833023E6:00:?? = -6.02385973E-39
A679 : SBC 34         : A=E3 X=05 Y=DE SP=?? N=1 V=0 D=0 I=0 Z=0 C=1 : FWA B7-74:B5033203:00:00 = -1.72626955E-04 : FWB AF-02:833023E6:00:?? = -6.02385973E-39
A67B : STA 40         : A=E3 X=05 Y=DE SP=?? N=1 V=0 D=0 I=0 Z=0 C=1 : FWA B7-74:B5033203:00:00 = -1.72626955E-04 : FWB AF-02:833023E3:00:?? = -6.02385972E-39
A67D : LDA 3F         : A=23 X=05 Y=DE SP=?? N=0 V=0 D=0 I=0 Z=0 C=1 : FWA B7-74:B5033203:00:00 = -1.72626955E-04 : FWB AF-02:833023E3:00:?? = -6.02385972E-39
A67F : SBC 33         : A=F1 X=05 Y=DE SP=?? N=1 V=0 D=0 I=0 Z=0 C=0 : FWA B7-74:B5033203:00:00 = -1.72626955E-04 : FWB AF-02:833023E3:00:?? = -6.02385972E-39
A681 : STA 3F         : A=F1 X=05 Y=DE SP=?? N=1 V=0 D=0 I=0 Z=0 C=0 : FWA B7-74:B5033203:00:00 = -1.72626955E-04 : FWB AF-02:8330F1E3:00:?? = -6.02400405E-39
A683 : LDA 3E         : A=30 X=05 Y=DE SP=?? N=0 V=0 D=0 I=0 Z=0 C=0 : FWA B7-74:B5033203:00:00 = -1.72626955E-04 : FWB AF-02:8330F1E3:00:?? = -6.02400405E-39
A685 : SBC 32         : A=2C X=05 Y=DE SP=?? N=0 V=0 D=0 I=0 Z=0 C=1 : FWA B7-74:B5033203:00:00 = -1.72626955E-04 : FWB AF-02:8330F1E3:00:?? = -6.02400405E-39
A687 : STA 3E         : A=2C X=05 Y=DE SP=?? N=0 V=0 D=0 I=0 Z=0 C=1 : FWA B7-74:B5033203:00:00 = -1.72626955E-04 : FWB AF-02:832CF1E3:00:?? = -6.02328659E-39
A689 : TYA            : A=DE X=05 Y=DE SP=?? N=1 V=0 D=0 I=0 Z=0 C=1 : FWA B7-74:B5033203:00:00 = -1.72626955E-04 : FWB AF-02:832CF1E3:00:?? = -6.02328659E-39
A68A : SBC 31         : A=29 X=05 Y=DE SP=?? N=0 V=0 D=0 I=0 Z=0 C=1 : FWA B7-74:B5033203:00:00 = -1.72626955E-04 : FWB AF-02:832CF1E3:00:?? = -6.02328659E-39
A68C : SEC            : A=29 X=05 Y=DE SP=?? N=0 V=0 D=0 I=0 Z=0 C=1 : FWA B7-74:B5033203:00:00 = -1.72626955E-04 : FWB AF-02:832CF1E3:00:?? = -6.02328659E-39
A68D : ROL 3B         : A=29 X=05 Y=DE SP=?? N=0 V=0 D=0 I=0 Z=0 C=1 : FWA B7-74:B5033203:00:00 = -1.72626955E-04 : FWB 5F-02:832CF1E3:00:?? = +6.02328659E-39
A68F : ASL 40         : A=29 X=05 Y=DE SP=?? N=1 V=0 D=0 I=0 Z=0 C=1 : FWA B7-74:B5033203:00:00 = -1.72626955E-04 : FWB 5F-02:832CF1C6:00:?? = +6.02328651E-39
A691 : ROL 3F         : A=29 X=05 Y=DE SP=?? N=1 V=0 D=0 I=0 Z=0 C=1 : FWA B7-74:B5033203:00:00 = -1.72626955E-04 : FWB 5F-02:832CE3C6:00:?? = +6.02327670E-39
A693 : ROL 3E         : A=29 X=05 Y=DE SP=?? N=0 V=0 D=0 I=0 Z=0 C=0 : FWA B7-74:B5033203:00:00 = -1.72626955E-04 : FWB 5F-02:8359E3C6:00:?? = +6.03134818E-39
A695 : ROL A          : A=52 X=05 Y=DE SP=?? N=0 V=0 D=0 I=0 Z=0 C=0 : FWA B7-74:B5033203:00:00 = -1.72626955E-04 : FWB 5F-02:8359E3C6:00:?? = +6.03134818E-39
A696 : DEX            : A=52 X=04 Y=DE SP=?? N=0 V=0 D=0 I=0 Z=0 C=0 : FWA B7-74:B5033203:00:00 = -1.72626955E-04 : FWB 5F-02:8359E3C6:00:?? = +6.03134818E-39
A697 : BNE A65E       : A=52 X=04 Y=DE SP=?? N=0 V=0 D=0 I=0 Z=0 C=0 : FWA B7-74:B5033203:00:00 = -1.72626955E-04 : FWB 5F-02:8359E3C6:00:?? = +6.03134818E-39
A65E : BCS A676       : A=52 X=04 Y=DE SP=?? N=0 V=0 D=0 I=0 Z=0 C=0 : FWA B7-74:B5033203:00:00 = -1.72626955E-04 : FWB 5F-02:8359E3C6:00:?? = +6.03134818E-39
A660 : CMP 31         : A=52 X=04 Y=DE SP=?? N=1 V=0 D=0 I=0 Z=0 C=0 : FWA B7-74:B5033203:00:00 = -1.72626955E-04 : FWB 5F-02:8359E3C6:00:?? = +6.03134818E-39
A662 : BNE A674       : A=52 X=04 Y=DE SP=?? N=1 V=0 D=0 I=0 Z=0 C=0 : FWA B7-74:B5033203:00:00 = -1.72626955E-04 : FWB 5F-02:8359E3C6:00:?? = +6.03134818E-39
A674 : BCC A68D       : A=52 X=04 Y=DE SP=?? N=1 V=0 D=0 I=0 Z=0 C=0 : FWA B7-74:B5033203:00:00 = -1.72626955E-04 : FWB 5F-02:8359E3C6:00:?? = +6.03134818E-39
A68D : ROL 3B         : A=52 X=04 Y=DE SP=?? N=1 V=0 D=0 I=0 Z=0 C=0 : FWA B7-74:B5033203:00:00 = -1.72626955E-04 : FWB BE-02:8359E3C6:00:?? = -6.03134818E-39
A68F : ASL 40         : A=52 X=04 Y=DE SP=?? N=1 V=0 D=0 I=0 Z=0 C=1 : FWA B7-74:B5033203:00:00 = -1.72626955E-04 : FWB BE-02:8359E38C:00:?? = -6.03134802E-39
A691 : ROL 3F         : A=52 X=04 Y=DE SP=?? N=1 V=0 D=0 I=0 Z=0 C=1 : FWA B7-74:B5033203:00:00 = -1.72626955E-04 : FWB BE-02:8359C78C:00:?? = -6.03132840E-39
A693 : ROL 3E         : A=52 X=04 Y=DE SP=?? N=1 V=0 D=0 I=0 Z=0 C=0 : FWA B7-74:B5033203:00:00 = -1.72626955E-04 : FWB BE-02:83B3C78C:00:?? = -6.04747136E-39
A695 : ROL A          : A=A4 X=04 Y=DE SP=?? N=1 V=0 D=0 I=0 Z=0 C=0 : FWA B7-74:B5033203:00:00 = -1.72626955E-04 : FWB BE-02:83B3C78C:00:?? = -6.04747136E-39
A696 : DEX            : A=A4 X=03 Y=DE SP=?? N=0 V=0 D=0 I=0 Z=0 C=0 : FWA B7-74:B5033203:00:00 = -1.72626955E-04 : FWB BE-02:83B3C78C:00:?? = -6.04747136E-39
A697 : BNE A65E       : A=A4 X=03 Y=DE SP=?? N=0 V=0 D=0 I=0 Z=0 C=0 : FWA B7-74:B5033203:00:00 = -1.72626955E-04 : FWB BE-02:83B3C78C:00:?? = -6.04747136E-39
A65E : BCS A676       : A=A4 X=03 Y=DE SP=?? N=0 V=0 D=0 I=0 Z=0 C=0 : FWA B7-74:B5033203:00:00 = -1.72626955E-04 : FWB BE-02:83B3C78C:00:?? = -6.04747136E-39
A660 : CMP 31         : A=A4 X=03 Y=DE SP=?? N=1 V=0 D=0 I=0 Z=0 C=0 : FWA B7-74:B5033203:00:00 = -1.72626955E-04 : FWB BE-02:83B3C78C:00:?? = -6.04747136E-39
A662 : BNE A674       : A=A4 X=03 Y=DE SP=?? N=1 V=0 D=0 I=0 Z=0 C=0 : FWA B7-74:B5033203:00:00 = -1.72626955E-04 : FWB BE-02:83B3C78C:00:?? = -6.04747136E-39
A674 : BCC A68D       : A=A4 X=03 Y=DE SP=?? N=1 V=0 D=0 I=0 Z=0 C=0 : FWA B7-74:B5033203:00:00 = -1.72626955E-04 : FWB BE-02:83B3C78C:00:?? = -6.04747136E-39
A68D : ROL 3B         : A=A4 X=03 Y=DE SP=?? N=0 V=0 D=0 I=0 Z=0 C=1 : FWA B7-74:B5033203:00:00 = -1.72626955E-04 : FWB 7C-02:83B3C78C:00:?? = +6.04747136E-39
A68F : ASL 40         : A=A4 X=03 Y=DE SP=?? N=0 V=0 D=0 I=0 Z=0 C=1 : FWA B7-74:B5033203:00:00 = -1.72626955E-04 : FWB 7C-02:83B3C718:00:?? = +6.04747104E-39
A691 : ROL 3F         : A=A4 X=03 Y=DE SP=?? N=1 V=0 D=0 I=0 Z=0 C=1 : FWA B7-74:B5033203:00:00 = -1.72626955E-04 : FWB 7C-02:83B38F18:00:?? = +6.04743181E-39
A693 : ROL 3E         : A=A4 X=03 Y=DE SP=?? N=0 V=0 D=0 I=0 Z=0 C=1 : FWA B7-74:B5033203:00:00 = -1.72626955E-04 : FWB 7C-02:83678F18:00:?? = +6.03379998E-39
A695 : ROL A          : A=49 X=03 Y=DE SP=?? N=0 V=0 D=0 I=0 Z=0 C=1 : FWA B7-74:B5033203:00:00 = -1.72626955E-04 : FWB 7C-02:83678F18:00:?? = +6.03379998E-39
A696 : DEX            : A=49 X=02 Y=DE SP=?? N=0 V=0 D=0 I=0 Z=0 C=1 : FWA B7-74:B5033203:00:00 = -1.72626955E-04 : FWB 7C-02:83678F18:00:?? = +6.03379998E-39
A697 : BNE A65E       : A=49 X=02 Y=DE SP=?? N=0 V=0 D=0 I=0 Z=0 C=1 : FWA B7-74:B5033203:00:00 = -1.72626955E-04 : FWB 7C-02:83678F18:00:?? = +6.03379998E-39
A65E : BCS A676       : A=49 X=02 Y=DE SP=?? N=0 V=0 D=0 I=0 Z=0 C=1 : FWA B7-74:B5033203:00:00 = -1.72626955E-04 : FWB 7C-02:83678F18:00:?? = +6.03379998E-39
A676 : TAY            : A=49 X=02 Y=49 SP=?? N=0 V=0 D=0 I=0 Z=0 C=1 : FWA B7-74:B5033203:00:00 = -1.72626955E-04 : FWB 7C-02:83678F18:00:?? = +6.03379998E-39
A677 : LDA 40         : A=18 X=02 Y=49 SP=?? N=0 V=0 D=0 I=0 Z=0 C=1 : FWA B7-74:B5033203:00:00 = -1.72626955E-04 : FWB 7C-02:83678F18:00:?? = +6.03379998E-39
A679 : SBC 34         : A=15 X=02 Y=49 SP=?? N=0 V=0 D=0 I=0 Z=0 C=1 : FWA B7-74:B5033203:00:00 = -1.72626955E-04 : FWB 7C-02:83678F18:00:?? = +6.03379998E-39
A67B : STA 40         : A=15 X=02 Y=49 SP=?? N=0 V=0 D=0 I=0 Z=0 C=1 : FWA B7-74:B5033203:00:00 = -1.72626955E-04 : FWB 7C-02:83678F15:00:?? = +6.03379997E-39
A67D : LDA 3F         : A=8F X=02 Y=49 SP=?? N=1 V=0 D=0 I=0 Z=0 C=1 : FWA B7-74:B5033203:00:00 = -1.72626955E-04 : FWB 7C-02:83678F15:00:?? = +6.03379997E-39
A67F : SBC 33         : A=5D X=02 Y=49 SP=?? N=0 V=1 D=0 I=0 Z=0 C=1 : FWA B7-74:B5033203:00:00 = -1.72626955E-04 : FWB 7C-02:83678F15:00:?? = +6.03379997E-39
A681 : STA 3F         : A=5D X=02 Y=49 SP=?? N=0 V=1 D=0 I=0 Z=0 C=1 : FWA B7-74:B5033203:00:00 = -1.72626955E-04 : FWB 7C-02:83675D15:00:?? = +6.03376494E-39
A683 : LDA 3E         : A=67 X=02 Y=49 SP=?? N=0 V=1 D=0 I=0 Z=0 C=1 : FWA B7-74:B5033203:00:00 = -1.72626955E-04 : FWB 7C-02:83675D15:00:?? = +6.03376494E-39
A685 : SBC 32         : A=64 X=02 Y=49 SP=?? N=0 V=0 D=0 I=0 Z=0 C=1 : FWA B7-74:B5033203:00:00 = -1.72626955E-04 : FWB 7C-02:83675D15:00:?? = +6.03376494E-39
A687 : STA 3E         : A=64 X=02 Y=49 SP=?? N=0 V=0 D=0 I=0 Z=0 C=1 : FWA B7-74:B5033203:00:00 = -1.72626955E-04 : FWB 7C-02:83645D15:00:?? = +6.03322684E-39
A689 : TYA            : A=49 X=02 Y=49 SP=?? N=0 V=0 D=0 I=0 Z=0 C=1 : FWA B7-74:B5033203:00:00 = -1.72626955E-04 : FWB 7C-02:83645D15:00:?? = +6.03322684E-39
A68A : SBC 31         : A=94 X=02 Y=49 SP=?? N=1 V=1 D=0 I=0 Z=0 C=0 : FWA B7-74:B5033203:00:00 = -1.72626955E-04 : FWB 7C-02:83645D15:00:?? = +6.03322684E-39
A68C : SEC            : A=94 X=02 Y=49 SP=?? N=1 V=1 D=0 I=0 Z=0 C=1 : FWA B7-74:B5033203:00:00 = -1.72626955E-04 : FWB 7C-02:83645D15:00:?? = +6.03322684E-39
A68D : ROL 3B         : A=94 X=02 Y=49 SP=?? N=1 V=1 D=0 I=0 Z=0 C=0 : FWA B7-74:B5033203:00:00 = -1.72626955E-04 : FWB F9-02:83645D15:00:?? = -6.03322684E-39
A68F : ASL 40         : A=94 X=02 Y=49 SP=?? N=0 V=1 D=0 I=0 Z=0 C=0 : FWA B7-74:B5033203:00:00 = -1.72626955E-04 : FWB F9-02:83645D2A:00:?? = -6.03322689E-39
A691 : ROL 3F         : A=94 X=02 Y=49 SP=?? N=1 V=1 D=0 I=0 Z=0 C=0 : FWA B7-74:B5033203:00:00 = -1.72626955E-04 : FWB F9-02:8364BA2A:00:?? = -6.03329205E-39
A693 : ROL 3E         : A=94 X=02 Y=49 SP=?? N=1 V=1 D=0 I=0 Z=0 C=0 : FWA B7-74:B5033203:00:00 = -1.72626955E-04 : FWB F9-02:83C8BA2A:00:?? = -6.05122867E-39
A695 : ROL A          : A=28 X=02 Y=49 SP=?? N=0 V=1 D=0 I=0 Z=0 C=1 : FWA B7-74:B5033203:00:00 = -1.72626955E-04 : FWB F9-02:83C8BA2A:00:?? = -6.05122867E-39
A696 : DEX            : A=28 X=01 Y=49 SP=?? N=0 V=1 D=0 I=0 Z=0 C=1 : FWA B7-74:B5033203:00:00 = -1.72626955E-04 : FWB F9-02:83C8BA2A:00:?? = -6.05122867E-39
A697 : BNE A65E       : A=28 X=01 Y=49 SP=?? N=0 V=1 D=0 I=0 Z=0 C=1 : FWA B7-74:B5033203:00:00 = -1.72626955E-04 : FWB F9-02:83C8BA2A:00:?? = -6.05122867E-39
A65E : BCS A676       : A=28 X=01 Y=49 SP=?? N=0 V=1 D=0 I=0 Z=0 C=1 : FWA B7-74:B5033203:00:00 = -1.72626955E-04 : FWB F9-02:83C8BA2A:00:?? = -6.05122867E-39
A676 : TAY            : A=28 X=01 Y=28 SP=?? N=0 V=1 D=0 I=0 Z=0 C=1 : FWA B7-74:B5033203:00:00 = -1.72626955E-04 : FWB F9-02:83C8BA2A:00:?? = -6.05122867E-39
A677 : LDA 40         : A=2A X=01 Y=28 SP=?? N=0 V=1 D=0 I=0 Z=0 C=1 : FWA B7-74:B5033203:00:00 = -1.72626955E-04 : FWB F9-02:83C8BA2A:00:?? = -6.05122867E-39
A679 : SBC 34         : A=27 X=01 Y=28 SP=?? N=0 V=0 D=0 I=0 Z=0 C=1 : FWA B7-74:B5033203:00:00 = -1.72626955E-04 : FWB F9-02:83C8BA2A:00:?? = -6.05122867E-39
A67B : STA 40         : A=27 X=01 Y=28 SP=?? N=0 V=0 D=0 I=0 Z=0 C=1 : FWA B7-74:B5033203:00:00 = -1.72626955E-04 : FWB F9-02:83C8BA27:00:?? = -6.05122867E-39
A67D : LDA 3F         : A=BA X=01 Y=28 SP=?? N=1 V=0 D=0 I=0 Z=0 C=1 : FWA B7-74:B5033203:00:00 = -1.72626955E-04 : FWB F9-02:83C8BA27:00:?? = -6.05122867E-39
A67F : SBC 33         : A=88 X=01 Y=28 SP=?? N=1 V=0 D=0 I=0 Z=0 C=1 : FWA B7-74:B5033203:00:00 = -1.72626955E-04 : FWB F9-02:83C8BA27:00:?? = -6.05122867E-39
A681 : STA 3F         : A=88 X=01 Y=28 SP=?? N=1 V=0 D=0 I=0 Z=0 C=1 : FWA B7-74:B5033203:00:00 = -1.72626955E-04 : FWB F9-02:83C88827:00:?? = -6.05119363E-39
A683 : LDA 3E         : A=C8 X=01 Y=28 SP=?? N=1 V=0 D=0 I=0 Z=0 C=1 : FWA B7-74:B5033203:00:00 = -1.72626955E-04 : FWB F9-02:83C88827:00:?? = -6.05119363E-39
A685 : SBC 32         : A=C5 X=01 Y=28 SP=?? N=1 V=0 D=0 I=0 Z=0 C=1 : FWA B7-74:B5033203:00:00 = -1.72626955E-04 : FWB F9-02:83C88827:00:?? = -6.05119363E-39
A687 : STA 3E         : A=C5 X=01 Y=28 SP=?? N=1 V=0 D=0 I=0 Z=0 C=1 : FWA B7-74:B5033203:00:00 = -1.72626955E-04 : FWB F9-02:83C58827:00:?? = -6.05065554E-39
A689 : TYA            : A=28 X=01 Y=28 SP=?? N=0 V=0 D=0 I=0 Z=0 C=1 : FWA B7-74:B5033203:00:00 = -1.72626955E-04 : FWB F9-02:83C58827:00:?? = -6.05065554E-39
A68A : SBC 31         : A=73 X=01 Y=28 SP=?? N=0 V=0 D=0 I=0 Z=0 C=0 : FWA B7-74:B5033203:00:00 = -1.72626955E-04 : FWB F9-02:83C58827:00:?? = -6.05065554E-39
A68C : SEC            : A=73 X=01 Y=28 SP=?? N=0 V=0 D=0 I=0 Z=0 C=1 : FWA B7-74:B5033203:00:00 = -1.72626955E-04 : FWB F9-02:83C58827:00:?? = -6.05065554E-39
A68D : ROL 3B         : A=73 X=01 Y=28 SP=?? N=1 V=0 D=0 I=0 Z=0 C=1 : FWA B7-74:B5033203:00:00 = -1.72626955E-04 : FWB F3-02:83C58827:00:?? = -6.05065554E-39
A68F : ASL 40         : A=73 X=01 Y=28 SP=?? N=0 V=0 D=0 I=0 Z=0 C=0 : FWA B7-74:B5033203:00:00 = -1.72626955E-04 : FWB F3-02:83C5884E:00:?? = -6.05065564E-39
A691 : ROL 3F         : A=73 X=01 Y=28 SP=?? N=0 V=0 D=0 I=0 Z=0 C=1 : FWA B7-74:B5033203:00:00 = -1.72626955E-04 : FWB F3-02:83C5104E:00:?? = -6.05057156E-39
A693 : ROL 3E         : A=73 X=01 Y=28 SP=?? N=1 V=0 D=0 I=0 Z=0 C=1 : FWA B7-74:B5033203:00:00 = -1.72626955E-04 : FWB F3-02:838B104E:00:?? = -6.04016832E-39
A695 : ROL A          : A=E7 X=01 Y=28 SP=?? N=1 V=0 D=0 I=0 Z=0 C=0 : FWA B7-74:B5033203:00:00 = -1.72626955E-04 : FWB F3-02:838B104E:00:?? = -6.04016832E-39
A696 : DEX            : A=E7 X=00 Y=28 SP=?? N=0 V=0 D=0 I=0 Z=1 C=0 : FWA B7-74:B5033203:00:00 = -1.72626955E-04 : FWB F3-02:838B104E:00:?? = -6.04016832E-39
A697 : BNE A65E       : A=E7 X=00 Y=28 SP=?? N=0 V=0 D=0 I=0 Z=1 C=0 : FWA B7-74:B5033203:00:00 = -1.72626955E-04 : FWB F3-02:838B104E:00:?? = -6.04016832E-39
A699 : LDX 3B         : A=E7 X=F3 Y=28 SP=?? N=1 V=0 D=0 I=0 Z=0 C=0 : FWA B7-74:B5033203:00:00 = -1.72626955E-04 : FWB F3-02:838B104E:00:?? = -6.04016832E-39
A69B : PHX            : A=E7 X=F3 Y=28 SP=?? N=1 V=0 D=0 I=0 Z=0 C=0 : FWA B7-74:B5033203:00:00 = -1.72626955E-04 : FWB F3-02:838B104E:00:?? = -6.04016832E-39
A69C : DEC 3C         : A=E7 X=F3 Y=28 SP=?? N=0 V=0 D=0 I=0 Z=0 C=0 : FWA B7-74:B5033203:00:00 = -1.72626955E-04 : FWB F3-01:838B104E:00:?? = -3.02008416E-39
A69E : BNE A65C       : A=E7 X=F3 Y=28 SP=?? N=0 V=0 D=0 I=0 Z=0 C=0 : FWA B7-74:B5033203:00:00 = -1.72626955E-04 : FWB F3-01:838B104E:00:?? = -3.02008416E-39
A65C : LDX #08        : A=E7 X=08 Y=28 SP=?? N=0 V=0 D=0 I=0 Z=0 C=0 : FWA B7-74:B5033203:00:00 = -1.72626955E-04 : FWB F3-01:838B104E:00:?? = -3.02008416E-39
A65E : BCS A676       : A=E7 X=08 Y=28 SP=?? N=0 V=0 D=0 I=0 Z=0 C=0 : FWA B7-74:B5033203:00:00 = -1.72626955E-04 : FWB F3-01:838B104E:00:?? = -3.02008416E-39
A660 : CMP 31         : A=E7 X=08 Y=28 SP=?? N=0 V=0 D=0 I=0 Z=0 C=1 : FWA B7-74:B5033203:00:00 = -1.72626955E-04 : FWB F3-01:838B104E:00:?? = -3.02008416E-39
A662 : BNE A674       : A=E7 X=08 Y=28 SP=?? N=0 V=0 D=0 I=0 Z=0 C=1 : FWA B7-74:B5033203:00:00 = -1.72626955E-04 : FWB F3-01:838B104E:00:?? = -3.02008416E-39
A674 : BCC A68D       : A=E7 X=08 Y=28 SP=?? N=0 V=0 D=0 I=0 Z=0 C=1 : FWA B7-74:B5033203:00:00 = -1.72626955E-04 : FWB F3-01:838B104E:00:?? = -3.02008416E-39
A676 : TAY            : A=E7 X=08 Y=E7 SP=?? N=1 V=0 D=0 I=0 Z=0 C=1 : FWA B7-74:B5033203:00:00 = -1.72626955E-04 : FWB F3-01:838B104E:00:?? = -3.02008416E-39
A677 : LDA 40         : A=4E X=08 Y=E7 SP=?? N=0 V=0 D=0 I=0 Z=0 C=1 : FWA B7-74:B5033203:00:00 = -1.72626955E-04 : FWB F3-01:838B104E:00:?? = -3.02008416E-39
A679 : SBC 34         : A=4B X=08 Y=E7 SP=?? N=0 V=0 D=0 I=0 Z=0 C=1 : FWA B7-74:B5033203:00:00 = -1.72626955E-04 : FWB F3-01:838B104E:00:?? = -3.02008416E-39
A67B : STA 40         : A=4B X=08 Y=E7 SP=?? N=0 V=0 D=0 I=0 Z=0 C=1 : FWA B7-74:B5033203:00:00 = -1.72626955E-04 : FWB F3-01:838B104B:00:?? = -3.02008416E-39
A67D : LDA 3F         : A=10 X=08 Y=E7 SP=?? N=0 V=0 D=0 I=0 Z=0 C=1 : FWA B7-74:B5033203:00:00 = -1.72626955E-04 : FWB F3-01:838B104B:00:?? = -3.02008416E-39
A67F : SBC 33         : A=DE X=08 Y=E7 SP=?? N=1 V=0 D=0 I=0 Z=0 C=0 : FWA B7-74:B5033203:00:00 = -1.72626955E-04 : FWB F3-01:838B104B:00:?? = -3.02008416E-39
A681 : STA 3F         : A=DE X=08 Y=E7 SP=?? N=1 V=0 D=0 I=0 Z=0 C=0 : FWA B7-74:B5033203:00:00 = -1.72626955E-04 : FWB F3-01:838BDE4B:00:?? = -3.02015633E-39
A683 : LDA 3E         : A=8B X=08 Y=E7 SP=?? N=1 V=0 D=0 I=0 Z=0 C=0 : FWA B7-74:B5033203:00:00 = -1.72626955E-04 : FWB F3-01:838BDE4B:00:?? = -3.02015633E-39
A685 : SBC 32         : A=87 X=08 Y=E7 SP=?? N=1 V=0 D=0 I=0 Z=0 C=1 : FWA B7-74:B5033203:00:00 = -1.72626955E-04 : FWB F3-01:838BDE4B:00:?? = -3.02015633E-39
A687 : STA 3E         : A=87 X=08 Y=E7 SP=?? N=1 V=0 D=0 I=0 Z=0 C=1 : FWA B7-74:B5033203:00:00 = -1.72626955E-04 : FWB F3-01:8387DE4B:00:?? = -3.01979759E-39
A689 : TYA            : A=E7 X=08 Y=E7 SP=?? N=1 V=0 D=0 I=0 Z=0 C=1 : FWA B7-74:B5033203:00:00 = -1.72626955E-04 : FWB F3-01:8387DE4B:00:?? = -3.01979759E-39
A68A : SBC 31         : A=32 X=08 Y=E7 SP=?? N=0 V=0 D=0 I=0 Z=0 C=1 : FWA B7-74:B5033203:00:00 = -1.72626955E-04 : FWB F3-01:8387DE4B:00:?? = -3.01979759E-39
A68C : SEC            : A=32 X=08 Y=E7 SP=?? N=0 V=0 D=0 I=0 Z=0 C=1 : FWA B7-74:B5033203:00:00 = -1.72626955E-04 : FWB F3-01:8387DE4B:00:?? = -3.01979759E-39
A68D : ROL 3B         : A=32 X=08 Y=E7 SP=?? N=1 V=0 D=0 I=0 Z=0 C=1 : FWA B7-74:B5033203:00:00 = -1.72626955E-04 : FWB E7-01:8387DE4B:00:?? = -3.01979759E-39
A68F : ASL 40         : A=32 X=08 Y=E7 SP=?? N=1 V=0 D=0 I=0 Z=0 C=0 : FWA B7-74:B5033203:00:00 = -1.72626955E-04 : FWB E7-01:8387DE96:00:?? = -3.01979770E-39
A691 : ROL 3F         : A=32 X=08 Y=E7 SP=?? N=1 V=0 D=0 I=0 Z=0 C=1 : FWA B7-74:B5033203:00:00 = -1.72626955E-04 : FWB E7-01:8387BC96:00:?? = -3.01978578E-39
A693 : ROL 3E         : A=32 X=08 Y=E7 SP=?? N=0 V=0 D=0 I=0 Z=0 C=1 : FWA B7-74:B5033203:00:00 = -1.72626955E-04 : FWB E7-01:830FBC96:00:?? = -3.00902381E-39
A695 : ROL A          : A=65 X=08 Y=E7 SP=?? N=0 V=0 D=0 I=0 Z=0 C=0 : FWA B7-74:B5033203:00:00 = -1.72626955E-04 : FWB E7-01:830FBC96:00:?? = -3.00902381E-39
A696 : DEX            : A=65 X=07 Y=E7 SP=?? N=0 V=0 D=0 I=0 Z=0 C=0 : FWA B7-74:B5033203:00:00 = -1.72626955E-04 : FWB E7-01:830FBC96:00:?? = -3.00902381E-39
A697 : BNE A65E       : A=65 X=07 Y=E7 SP=?? N=0 V=0 D=0 I=0 Z=0 C=0 : FWA B7-74:B5033203:00:00 = -1.72626955E-04 : FWB E7-01:830FBC96:00:?? = -3.00902381E-39
A65E : BCS A676       : A=65 X=07 Y=E7 SP=?? N=0 V=0 D=0 I=0 Z=0 C=0 : FWA B7-74:B5033203:00:00 = -1.72626955E-04 : FWB E7-01:830FBC96:00:?? = -3.00902381E-39
A660 : CMP 31         : A=65 X=07 Y=E7 SP=?? N=1 V=0 D=0 I=0 Z=0 C=0 : FWA B7-74:B5033203:00:00 = -1.72626955E-04 : FWB E7-01:830FBC96:00:?? = -3.00902381E-39
A662 : BNE A674       : A=65 X=07 Y=E7 SP=?? N=1 V=0 D=0 I=0 Z=0 C=0 : FWA B7-74:B5033203:00:00 = -1.72626955E-04 : FWB E7-01:830FBC96:00:?? = -3.00902381E-39
A674 : BCC A68D       : A=65 X=07 Y=E7 SP=?? N=1 V=0 D=0 I=0 Z=0 C=0 : FWA B7-74:B5033203:00:00 = -1.72626955E-04 : FWB E7-01:830FBC96:00:?? = -3.00902381E-39
A68D : ROL 3B         : A=65 X=07 Y=E7 SP=?? N=1 V=0 D=0 I=0 Z=0 C=1 : FWA B7-74:B5033203:00:00 = -1.72626955E-04 : FWB CE-01:830FBC96:00:?? = -3.00902381E-39
A68F : ASL 40         : A=65 X=07 Y=E7 SP=?? N=0 V=0 D=0 I=0 Z=0 C=1 : FWA B7-74:B5033203:00:00 = -1.72626955E-04 : FWB CE-01:830FBC2C:00:?? = -3.00902367E-39
A691 : ROL 3F         : A=65 X=07 Y=E7 SP=?? N=0 V=0 D=0 I=0 Z=0 C=1 : FWA B7-74:B5033203:00:00 = -1.72626955E-04 : FWB CE-01:830F792C:00:?? = -3.00900020E-39
A693 : ROL 3E         : A=65 X=07 Y=E7 SP=?? N=0 V=0 D=0 I=0 Z=0 C=0 : FWA B7-74:B5033203:00:00 = -1.72626955E-04 : FWB CE-01:831F792C:00:?? = -3.01043512E-39
A695 : ROL A          : A=CA X=07 Y=E7 SP=?? N=1 V=0 D=0 I=0 Z=0 C=0 : FWA B7-74:B5033203:00:00 = -1.72626955E-04 : FWB CE-01:831F792C:00:?? = -3.01043512E-39
A696 : DEX            : A=CA X=06 Y=E7 SP=?? N=0 V=0 D=0 I=0 Z=0 C=0 : FWA B7-74:B5033203:00:00 = -1.72626955E-04 : FWB CE-01:831F792C:00:?? = -3.01043512E-39
A697 : BNE A65E       : A=CA X=06 Y=E7 SP=?? N=0 V=0 D=0 I=0 Z=0 C=0 : FWA B7-74:B5033203:00:00 = -1.72626955E-04 : FWB CE-01:831F792C:00:?? = -3.01043512E-39
A65E : BCS A676       : A=CA X=06 Y=E7 SP=?? N=0 V=0 D=0 I=0 Z=0 C=0 : FWA B7-74:B5033203:00:00 = -1.72626955E-04 : FWB CE-01:831F792C:00:?? = -3.01043512E-39
A660 : CMP 31         : A=CA X=06 Y=E7 SP=?? N=0 V=0 D=0 I=0 Z=0 C=1 : FWA B7-74:B5033203:00:00 = -1.72626955E-04 : FWB CE-01:831F792C:00:?? = -3.01043512E-39
A662 : BNE A674       : A=CA X=06 Y=E7 SP=?? N=0 V=0 D=0 I=0 Z=0 C=1 : FWA B7-74:B5033203:00:00 = -1.72626955E-04 : FWB CE-01:831F792C:00:?? = -3.01043512E-39
A674 : BCC A68D       : A=CA X=06 Y=E7 SP=?? N=0 V=0 D=0 I=0 Z=0 C=1 : FWA B7-74:B5033203:00:00 = -1.72626955E-04 : FWB CE-01:831F792C:00:?? = -3.01043512E-39
A676 : TAY            : A=CA X=06 Y=CA SP=?? N=1 V=0 D=0 I=0 Z=0 C=1 : FWA B7-74:B5033203:00:00 = -1.72626955E-04 : FWB CE-01:831F792C:00:?? = -3.01043512E-39
A677 : LDA 40         : A=2C X=06 Y=CA SP=?? N=0 V=0 D=0 I=0 Z=0 C=1 : FWA B7-74:B5033203:00:00 = -1.72626955E-04 : FWB CE-01:831F792C:00:?? = -3.01043512E-39
A679 : SBC 34         : A=29 X=06 Y=CA SP=?? N=0 V=0 D=0 I=0 Z=0 C=1 : FWA B7-74:B5033203:00:00 = -1.72626955E-04 : FWB CE-01:831F792C:00:?? = -3.01043512E-39
A67B : STA 40         : A=29 X=06 Y=CA SP=?? N=0 V=0 D=0 I=0 Z=0 C=1 : FWA B7-74:B5033203:00:00 = -1.72626955E-04 : FWB CE-01:831F7929:00:?? = -3.01043512E-39
A67D : LDA 3F         : A=79 X=06 Y=CA SP=?? N=0 V=0 D=0 I=0 Z=0 C=1 : FWA B7-74:B5033203:00:00 = -1.72626955E-04 : FWB CE-01:831F7929:00:?? = -3.01043512E-39
A67F : SBC 33         : A=47 X=06 Y=CA SP=?? N=0 V=0 D=0 I=0 Z=0 C=1 : FWA B7-74:B5033203:00:00 = -1.72626955E-04 : FWB CE-01:831F7929:00:?? = -3.01043512E-39
A681 : STA 3F         : A=47 X=06 Y=CA SP=?? N=0 V=0 D=0 I=0 Z=0 C=1 : FWA B7-74:B5033203:00:00 = -1.72626955E-04 : FWB CE-01:831F4729:00:?? = -3.01041760E-39
A683 : LDA 3E         : A=1F X=06 Y=CA SP=?? N=0 V=0 D=0 I=0 Z=0 C=1 : FWA B7-74:B5033203:00:00 = -1.72626955E-04 : FWB CE-01:831F4729:00:?? = -3.01041760E-39
A685 : SBC 32         : A=1C X=06 Y=CA SP=?? N=0 V=0 D=0 I=0 Z=0 C=1 : FWA B7-74:B5033203:00:00 = -1.72626955E-04 : FWB CE-01:831F4729:00:?? = -3.01041760E-39
A687 : STA 3E         : A=1C X=06 Y=CA SP=?? N=0 V=0 D=0 I=0 Z=0 C=1 : FWA B7-74:B5033203:00:00 = -1.72626955E-04 : FWB CE-01:831C4729:00:?? = -3.01014856E-39
A689 : TYA            : A=CA X=06 Y=CA SP=?? N=1 V=0 D=0 I=0 Z=0 C=1 : FWA B7-74:B5033203:00:00 = -1.72626955E-04 : FWB CE-01:831C4729:00:?? = -3.01014856E-39
A68A : SBC 31         : A=15 X=06 Y=CA SP=?? N=0 V=0 D=0 I=0 Z=0 C=1 : FWA B7-74:B5033203:00:00 = -1.72626955E-04 : FWB CE-01:831C4729:00:?? = -3.01014856E-39
A68C : SEC            : A=15 X=06 Y=CA SP=?? N=0 V=0 D=0 I=0 Z=0 C=1 : FWA B7-74:B5033203:00:00 = -1.72626955E-04 : FWB CE-01:831C4729:00:?? = -3.01014856E-39
A68D : ROL 3B         : A=15 X=06 Y=CA SP=?? N=1 V=0 D=0 I=0 Z=0 C=1 : FWA B7-74:B5033203:00:00 = -1.72626955E-04 : FWB 9D-01:831C4729:00:?? = -3.01014856E-39
A68F : ASL 40         : A=15 X=06 Y=CA SP=?? N=0 V=0 D=0 I=0 Z=0 C=0 : FWA B7-74:B5033203:00:00 = -1.72626955E-04 : FWB 9D-01:831C4752:00:?? = -3.01014861E-39
A691 : ROL 3F         : A=15 X=06 Y=CA SP=?? N=1 V=0 D=0 I=0 Z=0 C=0 : FWA B7-74:B5033203:00:00 = -1.72626955E-04 : FWB 9D-01:831C8E52:00:?? = -3.01017348E-39
A693 : ROL 3E         : A=15 X=06 Y=CA SP=?? N=0 V=0 D=0 I=0 Z=0 C=0 : FWA B7-74:B5033203:00:00 = -1.72626955E-04 : FWB 9D-01:83388E52:00:?? = -3.01268461E-39
A695 : ROL A          : A=2A X=06 Y=CA SP=?? N=0 V=0 D=0 I=0 Z=0 C=0 : FWA B7-74:B5033203:00:00 = -1.72626955E-04 : FWB 9D-01:83388E52:00:?? = -3.01268461E-39
A696 : DEX            : A=2A X=05 Y=CA SP=?? N=0 V=0 D=0 I=0 Z=0 C=0 : FWA B7-74:B5033203:00:00 = -1.72626955E-04 : FWB 9D-01:83388E52:00:?? = -3.01268461E-39
A697 : BNE A65E       : A=2A X=05 Y=CA SP=?? N=0 V=0 D=0 I=0 Z=0 C=0 : FWA B7-74:B5033203:00:00 = -1.72626955E-04 : FWB 9D-01:83388E52:00:?? = -3.01268461E-39
A65E : BCS A676       : A=2A X=05 Y=CA SP=?? N=0 V=0 D=0 I=0 Z=0 C=0 : FWA B7-74:B5033203:00:00 = -1.72626955E-04 : FWB 9D-01:83388E52:00:?? = -3.01268461E-39
A660 : CMP 31         : A=2A X=05 Y=CA SP=?? N=0 V=0 D=0 I=0 Z=0 C=0 : FWA B7-74:B5033203:00:00 = -1.72626955E-04 : FWB 9D-01:83388E52:00:?? = -3.01268461E-39
A662 : BNE A674       : A=2A X=05 Y=CA SP=?? N=0 V=0 D=0 I=0 Z=0 C=0 : FWA B7-74:B5033203:00:00 = -1.72626955E-04 : FWB 9D-01:83388E52:00:?? = -3.01268461E-39
A674 : BCC A68D       : A=2A X=05 Y=CA SP=?? N=0 V=0 D=0 I=0 Z=0 C=0 : FWA B7-74:B5033203:00:00 = -1.72626955E-04 : FWB 9D-01:83388E52:00:?? = -3.01268461E-39
A68D : ROL 3B         : A=2A X=05 Y=CA SP=?? N=0 V=0 D=0 I=0 Z=0 C=1 : FWA B7-74:B5033203:00:00 = -1.72626955E-04 : FWB 3A-01:83388E52:00:?? = +3.01268461E-39
A68F : ASL 40         : A=2A X=05 Y=CA SP=?? N=1 V=0 D=0 I=0 Z=0 C=0 : FWA B7-74:B5033203:00:00 = -1.72626955E-04 : FWB 3A-01:83388EA4:00:?? = +3.01268472E-39
A691 : ROL 3F         : A=2A X=05 Y=CA SP=?? N=0 V=0 D=0 I=0 Z=0 C=1 : FWA B7-74:B5033203:00:00 = -1.72626955E-04 : FWB 3A-01:83381CA4:00:?? = +3.01264479E-39
A693 : ROL 3E         : A=2A X=05 Y=CA SP=?? N=0 V=0 D=0 I=0 Z=0 C=0 : FWA B7-74:B5033203:00:00 = -1.72626955E-04 : FWB 3A-01:83711CA4:00:?? = +3.01775672E-39
A695 : ROL A          : A=54 X=05 Y=CA SP=?? N=0 V=0 D=0 I=0 Z=0 C=0 : FWA B7-74:B5033203:00:00 = -1.72626955E-04 : FWB 3A-01:83711CA4:00:?? = +3.01775672E-39
A696 : DEX            : A=54 X=04 Y=CA SP=?? N=0 V=0 D=0 I=0 Z=0 C=0 : FWA B7-74:B5033203:00:00 = -1.72626955E-04 : FWB 3A-01:83711CA4:00:?? = +3.01775672E-39
A697 : BNE A65E       : A=54 X=04 Y=CA SP=?? N=0 V=0 D=0 I=0 Z=0 C=0 : FWA B7-74:B5033203:00:00 = -1.72626955E-04 : FWB 3A-01:83711CA4:00:?? = +3.01775672E-39
A65E : BCS A676       : A=54 X=04 Y=CA SP=?? N=0 V=0 D=0 I=0 Z=0 C=0 : FWA B7-74:B5033203:00:00 = -1.72626955E-04 : FWB 3A-01:83711CA4:00:?? = +3.01775672E-39
A660 : CMP 31         : A=54 X=04 Y=CA SP=?? N=1 V=0 D=0 I=0 Z=0 C=0 : FWA B7-74:B5033203:00:00 = -1.72626955E-04 : FWB 3A-01:83711CA4:00:?? = +3.01775672E-39
A662 : BNE A674       : A=54 X=04 Y=CA SP=?? N=1 V=0 D=0 I=0 Z=0 C=0 : FWA B7-74:B5033203:00:00 = -1.72626955E-04 : FWB 3A-01:83711CA4:00:?? = +3.01775672E-39
A674 : BCC A68D       : A=54 X=04 Y=CA SP=?? N=1 V=0 D=0 I=0 Z=0 C=0 : FWA B7-74:B5033203:00:00 = -1.72626955E-04 : FWB 3A-01:83711CA4:00:?? = +3.01775672E-39
A68D : ROL 3B         : A=54 X=04 Y=CA SP=?? N=0 V=0 D=0 I=0 Z=0 C=0 : FWA B7-74:B5033203:00:00 = -1.72626955E-04 : FWB 74-01:83711CA4:00:?? = +3.01775672E-39
A68F : ASL 40         : A=54 X=04 Y=CA SP=?? N=0 V=0 D=0 I=0 Z=0 C=1 : FWA B7-74:B5033203:00:00 = -1.72626955E-04 : FWB 74-01:83711C48:00:?? = +3.01775660E-39
A691 : ROL 3F         : A=54 X=04 Y=CA SP=?? N=0 V=0 D=0 I=0 Z=0 C=0 : FWA B7-74:B5033203:00:00 = -1.72626955E-04 : FWB 74-01:83713948:00:?? = +3.01776676E-39
A693 : ROL 3E         : A=54 X=04 Y=CA SP=?? N=1 V=0 D=0 I=0 Z=0 C=0 : FWA B7-74:B5033203:00:00 = -1.72626955E-04 : FWB 74-01:83E23948:00:?? = +3.02790095E-39
A695 : ROL A          : A=A8 X=04 Y=CA SP=?? N=1 V=0 D=0 I=0 Z=0 C=0 : FWA B7-74:B5033203:00:00 = -1.72626955E-04 : FWB 74-01:83E23948:00:?? = +3.02790095E-39
A696 : DEX            : A=A8 X=03 Y=CA SP=?? N=0 V=0 D=0 I=0 Z=0 C=0 : FWA B7-74:B5033203:00:00 = -1.72626955E-04 : FWB 74-01:83E23948:00:?? = +3.02790095E-39
A697 : BNE A65E       : A=A8 X=03 Y=CA SP=?? N=0 V=0 D=0 I=0 Z=0 C=0 : FWA B7-74:B5033203:00:00 = -1.72626955E-04 : FWB 74-01:83E23948:00:?? = +3.02790095E-39
A65E : BCS A676       : A=A8 X=03 Y=CA SP=?? N=0 V=0 D=0 I=0 Z=0 C=0 : FWA B7-74:B5033203:00:00 = -1.72626955E-04 : FWB 74-01:83E23948:00:?? = +3.02790095E-39
A660 : CMP 31         : A=A8 X=03 Y=CA SP=?? N=1 V=0 D=0 I=0 Z=0 C=0 : FWA B7-74:B5033203:00:00 = -1.72626955E-04 : FWB 74-01:83E23948:00:?? = +3.02790095E-39
A662 : BNE A674       : A=A8 X=03 Y=CA SP=?? N=1 V=0 D=0 I=0 Z=0 C=0 : FWA B7-74:B5033203:00:00 = -1.72626955E-04 : FWB 74-01:83E23948:00:?? = +3.02790095E-39
A674 : BCC A68D       : A=A8 X=03 Y=CA SP=?? N=1 V=0 D=0 I=0 Z=0 C=0 : FWA B7-74:B5033203:00:00 = -1.72626955E-04 : FWB 74-01:83E23948:00:?? = +3.02790095E-39
A68D : ROL 3B         : A=A8 X=03 Y=CA SP=?? N=1 V=0 D=0 I=0 Z=0 C=0 : FWA B7-74:B5033203:00:00 = -1.72626955E-04 : FWB E8-01:83E23948:00:?? = -3.02790095E-39
A68F : ASL 40         : A=A8 X=03 Y=CA SP=?? N=1 V=0 D=0 I=0 Z=0 C=0 : FWA B7-74:B5033203:00:00 = -1.72626955E-04 : FWB E8-01:83E23990:00:?? = -3.02790105E-39
A691 : ROL 3F         : A=A8 X=03 Y=CA SP=?? N=0 V=0 D=0 I=0 Z=0 C=0 : FWA B7-74:B5033203:00:00 = -1.72626955E-04 : FWB E8-01:83E27290:00:?? = -3.02792101E-39
A693 : ROL 3E         : A=A8 X=03 Y=CA SP=?? N=1 V=0 D=0 I=0 Z=0 C=1 : FWA B7-74:B5033203:00:00 = -1.72626955E-04 : FWB E8-01:83C47290:00:?? = -3.02523052E-39
A695 : ROL A          : A=51 X=03 Y=CA SP=?? N=0 V=0 D=0 I=0 Z=0 C=1 : FWA B7-74:B5033203:00:00 = -1.72626955E-04 : FWB E8-01:83C47290:00:?? = -3.02523052E-39
A696 : DEX            : A=51 X=02 Y=CA SP=?? N=0 V=0 D=0 I=0 Z=0 C=1 : FWA B7-74:B5033203:00:00 = -1.72626955E-04 : FWB E8-01:83C47290:00:?? = -3.02523052E-39
A697 : BNE A65E       : A=51 X=02 Y=CA SP=?? N=0 V=0 D=0 I=0 Z=0 C=1 : FWA B7-74:B5033203:00:00 = -1.72626955E-04 : FWB E8-01:83C47290:00:?? = -3.02523052E-39
A65E : BCS A676       : A=51 X=02 Y=CA SP=?? N=0 V=0 D=0 I=0 Z=0 C=1 : FWA B7-74:B5033203:00:00 = -1.72626955E-04 : FWB E8-01:83C47290:00:?? = -3.02523052E-39
A676 : TAY            : A=51 X=02 Y=51 SP=?? N=0 V=0 D=0 I=0 Z=0 C=1 : FWA B7-74:B5033203:00:00 = -1.72626955E-04 : FWB E8-01:83C47290:00:?? = -3.02523052E-39
A677 : LDA 40         : A=90 X=02 Y=51 SP=?? N=1 V=0 D=0 I=0 Z=0 C=1 : FWA B7-74:B5033203:00:00 = -1.72626955E-04 : FWB E8-01:83C47290:00:?? = -3.02523052E-39
A679 : SBC 34         : A=8D X=02 Y=51 SP=?? N=1 V=0 D=0 I=0 Z=0 C=1 : FWA B7-74:B5033203:00:00 = -1.72626955E-04 : FWB E8-01:83C47290:00:?? = -3.02523052E-39
A67B : STA 40         : A=8D X=02 Y=51 SP=?? N=1 V=0 D=0 I=0 Z=0 C=1 : FWA B7-74:B5033203:00:00 = -1.72626955E-04 : FWB E8-01:83C4728D:00:?? = -3.02523052E-39
A67D : LDA 3F         : A=72 X=02 Y=51 SP=?? N=0 V=0 D=0 I=0 Z=0 C=1 : FWA B7-74:B5033203:00:00 = -1.72626955E-04 : FWB E8-01:83C4728D:00:?? = -3.02523052E-39
A67F : SBC 33         : A=40 X=02 Y=51 SP=?? N=0 V=0 D=0 I=0 Z=0 C=1 : FWA B7-74:B5033203:00:00 = -1.72626955E-04 : FWB E8-01:83C4728D:00:?? = -3.02523052E-39
A681 : STA 3F         : A=40 X=02 Y=51 SP=?? N=0 V=0 D=0 I=0 Z=0 C=1 : FWA B7-74:B5033203:00:00 = -1.72626955E-04 : FWB E8-01:83C4408D:00:?? = -3.02521300E-39
A683 : LDA 3E         : A=C4 X=02 Y=51 SP=?? N=1 V=0 D=0 I=0 Z=0 C=1 : FWA B7-74:B5033203:00:00 = -1.72626955E-04 : FWB E8-01:83C4408D:00:?? = -3.02521300E-39
A685 : SBC 32         : A=C1 X=02 Y=51 SP=?? N=1 V=0 D=0 I=0 Z=0 C=1 : FWA B7-74:B5033203:00:00 = -1.72626955E-04 : FWB E8-01:83C4408D:00:?? = -3.02521300E-39
A687 : STA 3E         : A=C1 X=02 Y=51 SP=?? N=1 V=0 D=0 I=0 Z=0 C=1 : FWA B7-74:B5033203:00:00 = -1.72626955E-04 : FWB E8-01:83C1408D:00:?? = -3.02494395E-39
A689 : TYA            : A=51 X=02 Y=51 SP=?? N=0 V=0 D=0 I=0 Z=0 C=1 : FWA B7-74:B5033203:00:00 = -1.72626955E-04 : FWB E8-01:83C1408D:00:?? = -3.02494395E-39
A68A : SBC 31         : A=9C X=02 Y=51 SP=?? N=1 V=1 D=0 I=0 Z=0 C=0 : FWA B7-74:B5033203:00:00 = -1.72626955E-04 : FWB E8-01:83C1408D:00:?? = -3.02494395E-39
A68C : SEC            : A=9C X=02 Y=51 SP=?? N=1 V=1 D=0 I=0 Z=0 C=1 : FWA B7-74:B5033203:00:00 = -1.72626955E-04 : FWB E8-01:83C1408D:00:?? = -3.02494395E-39
A68D : ROL 3B         : A=9C X=02 Y=51 SP=?? N=1 V=1 D=0 I=0 Z=0 C=1 : FWA B7-74:B5033203:00:00 = -1.72626955E-04 : FWB D1-01:83C1408D:00:?? = -3.02494395E-39
A68F : ASL 40         : A=9C X=02 Y=51 SP=?? N=0 V=1 D=0 I=0 Z=0 C=1 : FWA B7-74:B5033203:00:00 = -1.72626955E-04 : FWB D1-01:83C1401A:00:?? = -3.02494379E-39
A691 : ROL 3F         : A=9C X=02 Y=51 SP=?? N=1 V=1 D=0 I=0 Z=0 C=0 : FWA B7-74:B5033203:00:00 = -1.72626955E-04 : FWB D1-01:83C1811A:00:?? = -3.02496657E-39
A693 : ROL 3E         : A=9C X=02 Y=51 SP=?? N=1 V=1 D=0 I=0 Z=0 C=1 : FWA B7-74:B5033203:00:00 = -1.72626955E-04 : FWB D1-01:8382811A:00:?? = -3.01931653E-39
A695 : ROL A          : A=39 X=02 Y=51 SP=?? N=0 V=1 D=0 I=0 Z=0 C=1 : FWA B7-74:B5033203:00:00 = -1.72626955E-04 : FWB D1-01:8382811A:00:?? = -3.01931653E-39
A696 : DEX            : A=39 X=01 Y=51 SP=?? N=0 V=1 D=0 I=0 Z=0 C=1 : FWA B7-74:B5033203:00:00 = -1.72626955E-04 : FWB D1-01:8382811A:00:?? = -3.01931653E-39
A697 : BNE A65E       : A=39 X=01 Y=51 SP=?? N=0 V=1 D=0 I=0 Z=0 C=1 : FWA B7-74:B5033203:00:00 = -1.72626955E-04 : FWB D1-01:8382811A:00:?? = -3.01931653E-39
A65E : BCS A676       : A=39 X=01 Y=51 SP=?? N=0 V=1 D=0 I=0 Z=0 C=1 : FWA B7-74:B5033203:00:00 = -1.72626955E-04 : FWB D1-01:8382811A:00:?? = -3.01931653E-39
A676 : TAY            : A=39 X=01 Y=39 SP=?? N=0 V=1 D=0 I=0 Z=0 C=1 : FWA B7-74:B5033203:00:00 = -1.72626955E-04 : FWB D1-01:8382811A:00:?? = -3.01931653E-39
A677 : LDA 40         : A=1A X=01 Y=39 SP=?? N=0 V=1 D=0 I=0 Z=0 C=1 : FWA B7-74:B5033203:00:00 = -1.72626955E-04 : FWB D1-01:8382811A:00:?? = -3.01931653E-39
A679 : SBC 34         : A=17 X=01 Y=39 SP=?? N=0 V=0 D=0 I=0 Z=0 C=1 : FWA B7-74:B5033203:00:00 = -1.72626955E-04 : FWB D1-01:8382811A:00:?? = -3.01931653E-39
A67B : STA 40         : A=17 X=01 Y=39 SP=?? N=0 V=0 D=0 I=0 Z=0 C=1 : FWA B7-74:B5033203:00:00 = -1.72626955E-04 : FWB D1-01:83828117:00:?? = -3.01931653E-39
A67D : LDA 3F         : A=81 X=01 Y=39 SP=?? N=1 V=0 D=0 I=0 Z=0 C=1 : FWA B7-74:B5033203:00:00 = -1.72626955E-04 : FWB D1-01:83828117:00:?? = -3.01931653E-39
A67F : SBC 33         : A=4F X=01 Y=39 SP=?? N=0 V=1 D=0 I=0 Z=0 C=1 : FWA B7-74:B5033203:00:00 = -1.72626955E-04 : FWB D1-01:83828117:00:?? = -3.01931653E-39
A681 : STA 3F         : A=4F X=01 Y=39 SP=?? N=0 V=1 D=0 I=0 Z=0 C=1 : FWA B7-74:B5033203:00:00 = -1.72626955E-04 : FWB D1-01:83824F17:00:?? = -3.01929901E-39
A683 : LDA 3E         : A=82 X=01 Y=39 SP=?? N=1 V=1 D=0 I=0 Z=0 C=1 : FWA B7-74:B5033203:00:00 = -1.72626955E-04 : FWB D1-01:83824F17:00:?? = -3.01929901E-39
A685 : SBC 32         : A=7F X=01 Y=39 SP=?? N=0 V=1 D=0 I=0 Z=0 C=1 : FWA B7-74:B5033203:00:00 = -1.72626955E-04 : FWB D1-01:83824F17:00:?? = -3.01929901E-39
A687 : STA 3E         : A=7F X=01 Y=39 SP=?? N=0 V=1 D=0 I=0 Z=0 C=1 : FWA B7-74:B5033203:00:00 = -1.72626955E-04 : FWB D1-01:837F4F17:00:?? = -3.01902996E-39
A689 : TYA            : A=39 X=01 Y=39 SP=?? N=0 V=1 D=0 I=0 Z=0 C=1 : FWA B7-74:B5033203:00:00 = -1.72626955E-04 : FWB D1-01:837F4F17:00:?? = -3.01902996E-39
A68A : SBC 31         : A=84 X=01 Y=39 SP=?? N=1 V=1 D=0 I=0 Z=0 C=0 : FWA B7-74:B5033203:00:00 = -1.72626955E-04 : FWB D1-01:837F4F17:00:?? = -3.01902996E-39
A68C : SEC            : A=84 X=01 Y=39 SP=?? N=1 V=1 D=0 I=0 Z=0 C=1 : FWA B7-74:B5033203:00:00 = -1.72626955E-04 : FWB D1-01:837F4F17:00:?? = -3.01902996E-39
A68D : ROL 3B         : A=84 X=01 Y=39 SP=?? N=1 V=1 D=0 I=0 Z=0 C=1 : FWA B7-74:B5033203:00:00 = -1.72626955E-04 : FWB A3-01:837F4F17:00:?? = -3.01902996E-39
A68F : ASL 40         : A=84 X=01 Y=39 SP=?? N=0 V=1 D=0 I=0 Z=0 C=0 : FWA B7-74:B5033203:00:00 = -1.72626955E-04 : FWB A3-01:837F4F2E:00:?? = -3.01902999E-39
A691 : ROL 3F         : A=84 X=01 Y=39 SP=?? N=1 V=1 D=0 I=0 Z=0 C=0 : FWA B7-74:B5033203:00:00 = -1.72626955E-04 : FWB A3-01:837F9E2E:00:?? = -3.01905767E-39
A693 : ROL 3E         : A=84 X=01 Y=39 SP=?? N=1 V=1 D=0 I=0 Z=0 C=0 : FWA B7-74:B5033203:00:00 = -1.72626955E-04 : FWB A3-01:83FE9E2E:00:?? = -3.03044742E-39
A695 : ROL A          : A=08 X=01 Y=39 SP=?? N=0 V=1 D=0 I=0 Z=0 C=1 : FWA B7-74:B5033203:00:00 = -1.72626955E-04 : FWB A3-01:83FE9E2E:00:?? = -3.03044742E-39
A696 : DEX            : A=08 X=00 Y=39 SP=?? N=0 V=1 D=0 I=0 Z=1 C=1 : FWA B7-74:B5033203:00:00 = -1.72626955E-04 : FWB A3-01:83FE9E2E:00:?? = -3.03044742E-39
A697 : BNE A65E       : A=08 X=00 Y=39 SP=?? N=0 V=1 D=0 I=0 Z=1 C=1 : FWA B7-74:B5033203:00:00 = -1.72626955E-04 : FWB A3-01:83FE9E2E:00:?? = -3.03044742E-39
A699 : LDX 3B         : A=08 X=A3 Y=39 SP=?? N=1 V=1 D=0 I=0 Z=0 C=1 : FWA B7-74:B5033203:00:00 = -1.72626955E-04 : FWB A3-01:83FE9E2E:00:?? = -3.03044742E-39
A69B : PHX            : A=08 X=A3 Y=39 SP=?? N=1 V=1 D=0 I=0 Z=0 C=1 : FWA B7-74:B5033203:00:00 = -1.72626955E-04 : FWB A3-01:83FE9E2E:00:?? = -3.03044742E-39
A69C : DEC 3C         : A=08 X=A3 Y=39 SP=?? N=0 V=1 D=0 I=0 Z=1 C=1 : FWA B7-74:B5033203:00:00 = -1.72626955E-04 : FWB A3-00:83FE9E2E:00:?? = -1.51522371E-39
A69E : BNE A65C       : A=08 X=A3 Y=39 SP=?? N=0 V=1 D=0 I=0 Z=1 C=1 : FWA B7-74:B5033203:00:00 = -1.72626955E-04 : FWB A3-00:83FE9E2E:00:?? = -1.51522371E-39
A6A0 : PLX            : A=08 X=A3 Y=39 SP=?? N=1 V=1 D=0 I=0 Z=0 C=1 : FWA B7-74:B5033203:00:00 = -1.72626955E-04 : FWB A3-00:83FE9E2E:00:?? = -1.51522371E-39
A6A1 : ROR A          : A=84 X=A3 Y=39 SP=?? N=1 V=1 D=0 I=0 Z=0 C=0 : FWA B7-74:B5033203:00:00 = -1.72626955E-04 : FWB A3-00:83FE9E2E:00:?? = -1.51522371E-39
A6A2 : LSR 31         : A=84 X=A3 Y=39 SP=?? N=0 V=1 D=0 I=0 Z=0 C=1 : FWA B7-74:5A033203:00:00 = -8.58425921E-05 : FWB A3-00:83FE9E2E:00:?? = -1.51522371E-39
A6A4 : STX 34         : A=84 X=A3 Y=39 SP=?? N=0 V=1 D=0 I=0 Z=0 C=1 : FWA B7-74:5A0332A3:00:00 = -8.58426012E-05 : FWB A3-00:83FE9E2E:00:?? = -1.51522371E-39
A6A6 : LDX #03        : A=84 X=03 Y=39 SP=?? N=0 V=1 D=0 I=0 Z=0 C=1 : FWA B7-74:5A0332A3:00:00 = -8.58426012E-05 : FWB A3-00:83FE9E2E:00:?? = -1.51522371E-39
A6A8 : CMP 31         : A=84 X=03 Y=39 SP=?? N=0 V=1 D=0 I=0 Z=0 C=1 : FWA B7-74:5A0332A3:00:00 = -8.58426012E-05 : FWB A3-00:83FE9E2E:00:?? = -1.51522371E-39
A6AA : BCC A6AE       : A=84 X=03 Y=39 SP=?? N=0 V=1 D=0 I=0 Z=0 C=1 : FWA B7-74:5A0332A3:00:00 = -8.58426012E-05 : FWB A3-00:83FE9E2E:00:?? = -1.51522371E-39
A6AC : SBC 31         : A=2A X=03 Y=39 SP=?? N=0 V=1 D=0 I=0 Z=0 C=1 : FWA B7-74:5A0332A3:00:00 = -8.58426012E-05 : FWB A3-00:83FE9E2E:00:?? = -1.51522371E-39
A6AE : PHP            : A=2A X=03 Y=39 SP=?? N=0 V=1 D=0 I=0 Z=0 C=1 : FWA B7-74:5A0332A3:00:00 = -8.58426012E-05 : FWB A3-00:83FE9E2E:00:?? = -1.51522371E-39
A6AF : ASL A          : A=54 X=03 Y=39 SP=?? N=0 V=1 D=0 I=0 Z=0 C=0 : FWA B7-74:5A0332A3:00:00 = -8.58426012E-05 : FWB A3-00:83FE9E2E:00:?? = -1.51522371E-39
A6B0 : DEX            : A=54 X=02 Y=39 SP=?? N=0 V=1 D=0 I=0 Z=0 C=0 : FWA B7-74:5A0332A3:00:00 = -8.58426012E-05 : FWB A3-00:83FE9E2E:00:?? = -1.51522371E-39
A6B1 : BNE A6A8       : A=54 X=02 Y=39 SP=?? N=0 V=1 D=0 I=0 Z=0 C=0 : FWA B7-74:5A0332A3:00:00 = -8.58426012E-05 : FWB A3-00:83FE9E2E:00:?? = -1.51522371E-39
A6A8 : CMP 31         : A=54 X=02 Y=39 SP=?? N=1 V=1 D=0 I=0 Z=0 C=0 : FWA B7-74:5A0332A3:00:00 = -8.58426012E-05 : FWB A3-00:83FE9E2E:00:?? = -1.51522371E-39
A6AA : BCC A6AE       : A=54 X=02 Y=39 SP=?? N=1 V=1 D=0 I=0 Z=0 C=0 : FWA B7-74:5A0332A3:00:00 = -8.58426012E-05 : FWB A3-00:83FE9E2E:00:?? = -1.51522371E-39
A6AE : PHP            : A=54 X=02 Y=39 SP=?? N=1 V=1 D=0 I=0 Z=0 C=0 : FWA B7-74:5A0332A3:00:00 = -8.58426012E-05 : FWB A3-00:83FE9E2E:00:?? = -1.51522371E-39
A6AF : ASL A          : A=A8 X=02 Y=39 SP=?? N=1 V=1 D=0 I=0 Z=0 C=0 : FWA B7-74:5A0332A3:00:00 = -8.58426012E-05 : FWB A3-00:83FE9E2E:00:?? = -1.51522371E-39
A6B0 : DEX            : A=A8 X=01 Y=39 SP=?? N=0 V=1 D=0 I=0 Z=0 C=0 : FWA B7-74:5A0332A3:00:00 = -8.58426012E-05 : FWB A3-00:83FE9E2E:00:?? = -1.51522371E-39
A6B1 : BNE A6A8       : A=A8 X=01 Y=39 SP=?? N=0 V=1 D=0 I=0 Z=0 C=0 : FWA B7-74:5A0332A3:00:00 = -8.58426012E-05 : FWB A3-00:83FE9E2E:00:?? = -1.51522371E-39
A6A8 : CMP 31         : A=A8 X=01 Y=39 SP=?? N=0 V=1 D=0 I=0 Z=0 C=1 : FWA B7-74:5A0332A3:00:00 = -8.58426012E-05 : FWB A3-00:83FE9E2E:00:?? = -1.51522371E-39
A6AA : BCC A6AE       : A=A8 X=01 Y=39 SP=?? N=0 V=1 D=0 I=0 Z=0 C=1 : FWA B7-74:5A0332A3:00:00 = -8.58426012E-05 : FWB A3-00:83FE9E2E:00:?? = -1.51522371E-39
A6AC : SBC 31         : A=4E X=01 Y=39 SP=?? N=0 V=1 D=0 I=0 Z=0 C=1 : FWA B7-74:5A0332A3:00:00 = -8.58426012E-05 : FWB A3-00:83FE9E2E:00:?? = -1.51522371E-39
A6AE : PHP            : A=4E X=01 Y=39 SP=?? N=0 V=1 D=0 I=0 Z=0 C=1 : FWA B7-74:5A0332A3:00:00 = -8.58426012E-05 : FWB A3-00:83FE9E2E:00:?? = -1.51522371E-39
A6AF : ASL A          : A=9C X=01 Y=39 SP=?? N=1 V=1 D=0 I=0 Z=0 C=0 : FWA B7-74:5A0332A3:00:00 = -8.58426012E-05 : FWB A3-00:83FE9E2E:00:?? = -1.51522371E-39
A6B0 : DEX            : A=9C X=00 Y=39 SP=?? N=0 V=1 D=0 I=0 Z=1 C=0 : FWA B7-74:5A0332A3:00:00 = -8.58426012E-05 : FWB A3-00:83FE9E2E:00:?? = -1.51522371E-39
A6B1 : BNE A6A8       : A=9C X=00 Y=39 SP=?? N=0 V=1 D=0 I=0 Z=1 C=0 : FWA B7-74:5A0332A3:00:00 = -8.58426012E-05 : FWB A3-00:83FE9E2E:00:?? = -1.51522371E-39
A6B3 : PLP            : A=9C X=00 Y=39 SP=?? N=0 V=1 D=0 I=0 Z=0 C=1 : FWA B7-74:5A0332A3:00:00 = -8.58426012E-05 : FWB A3-00:83FE9E2E:00:?? = -1.51522371E-39
A6B4 : ROR A          : A=CE X=00 Y=39 SP=?? N=1 V=1 D=0 I=0 Z=0 C=0 : FWA B7-74:5A0332A3:00:00 = -8.58426012E-05 : FWB A3-00:83FE9E2E:00:?? = -1.51522371E-39
A6B5 : PLP            : A=CE X=00 Y=39 SP=?? N=1 V=1 D=0 I=0 Z=0 C=0 : FWA B7-74:5A0332A3:00:00 = -8.58426012E-05 : FWB A3-00:83FE9E2E:00:?? = -1.51522371E-39
A6B6 : ROR A          : A=67 X=00 Y=39 SP=?? N=0 V=1 D=0 I=0 Z=0 C=0 : FWA B7-74:5A0332A3:00:00 = -8.58426012E-05 : FWB A3-00:83FE9E2E:00:?? = -1.51522371E-39
A6B7 : PLP            : A=67 X=00 Y=39 SP=?? N=0 V=1 D=0 I=0 Z=0 C=1 : FWA B7-74:5A0332A3:00:00 = -8.58426012E-05 : FWB A3-00:83FE9E2E:00:?? = -1.51522371E-39
A6B8 : ROR A          : A=B3 X=00 Y=39 SP=?? N=1 V=1 D=0 I=0 Z=0 C=1 : FWA B7-74:5A0332A3:00:00 = -8.58426012E-05 : FWB A3-00:83FE9E2E:00:?? = -1.51522371E-39
A6B9 : STA 35         : A=B3 X=00 Y=39 SP=?? N=1 V=1 D=0 I=0 Z=0 C=1 : FWA B7-74:5A0332A3:B3:00 = -8.58426012E-05 : FWB A3-00:83FE9E2E:00:?? = -1.51522371E-39
A6BB : PLA            : A=F3 X=00 Y=39 SP=?? N=1 V=1 D=0 I=0 Z=0 C=1 : FWA B7-74:5A0332A3:B3:00 = -8.58426012E-05 : FWB A3-00:83FE9E2E:00:?? = -1.51522371E-39
A6BC : STA 33         : A=F3 X=00 Y=39 SP=?? N=1 V=1 D=0 I=0 Z=0 C=1 : FWA B7-74:5A03F3A3:B3:00 = -8.58454098E-05 : FWB A3-00:83FE9E2E:00:?? = -1.51522371E-39
A6BE : PLA            : A=55 X=00 Y=39 SP=?? N=0 V=1 D=0 I=0 Z=0 C=1 : FWA B7-74:5A03F3A3:B3:00 = -8.58454098E-05 : FWB A3-00:83FE9E2E:00:?? = -1.51522371E-39
A6BF : STA 32         : A=55 X=00 Y=39 SP=?? N=0 V=1 D=0 I=0 Z=0 C=1 : FWA B7-74:5A55F3A3:B3:00 = -8.61508836E-05 : FWB A3-00:83FE9E2E:00:?? = -1.51522371E-39
A6C1 : PLA            : A=5D X=00 Y=39 SP=?? N=0 V=1 D=0 I=0 Z=0 C=1 : FWA B7-74:5A55F3A3:B3:00 = -8.61508836E-05 : FWB A3-00:83FE9E2E:00:?? = -1.51522371E-39
A6C2 : STA 31         : A=5D X=00 Y=39 SP=?? N=0 V=1 D=0 I=0 Z=0 C=1 : FWA B7-74:5D55F3A3:B3:00 = -8.90119065E-05 : FWB A3-00:83FE9E2E:00:?? = -1.51522371E-39
A6C4 : BMI A712       : A=5D X=00 Y=39 SP=?? N=0 V=1 D=0 I=0 Z=0 C=1 : FWA B7-74:5D55F3A3:B3:00 = -8.90119065E-05 : FWB A3-00:83FE9E2E:00:?? = -1.51522371E-39
A6C6 : JSR 8306       : A=5D X=00 Y=39 SP=?? N=0 V=1 D=0 I=0 Z=0 C=1 : FWA B7-74:5D55F3A3:B3:00 = -8.90119065E-05 : FWB A3-00:83FE9E2E:00:?? = -1.51522371E-39
8306 : BNE 832F       : A=5D X=00 Y=39 SP=?? N=0 V=1 D=0 I=0 Z=0 C=1 : FWA B7-74:5D55F3A3:B3:00 = -8.90119065E-05 : FWB A3-00:83FE9E2E:00:?? = -1.51522371E-39
832F : LDY 30         : A=5D X=00 Y=74 SP=?? N=0 V=1 D=0 I=0 Z=0 C=1 : FWA B7-74:5D55F3A3:B3:00 = -8.90119065E-05 : FWB A3-00:83FE9E2E:00:?? = -1.51522371E-39
8331 : DEY            : A=5D X=00 Y=73 SP=?? N=0 V=1 D=0 I=0 Z=0 C=1 : FWA B7-74:5D55F3A3:B3:00 = -8.90119065E-05 : FWB A3-00:83FE9E2E:00:?? = -1.51522371E-39
8332 : ASL 35         : A=5D X=00 Y=73 SP=?? N=0 V=1 D=0 I=0 Z=0 C=1 : FWA B7-74:5D55F3A3:66:00 = -8.90119065E-05 : FWB A3-00:83FE9E2E:00:?? = -1.51522371E-39
8334 : ROL 34         : A=5D X=00 Y=73 SP=?? N=0 V=1 D=0 I=0 Z=0 C=1 : FWA B7-74:5D55F347:66:00 = -8.90119013E-05 : FWB A3-00:83FE9E2E:00:?? = -1.51522371E-39
8336 : ROL 33         : A=5D X=00 Y=73 SP=?? N=1 V=1 D=0 I=0 Z=0 C=1 : FWA B7-74:5D55E747:66:00 = -8.90117267E-05 : FWB A3-00:83FE9E2E:00:?? = -1.51522371E-39
8338 : ROL 32         : A=5D X=00 Y=73 SP=?? N=1 V=1 D=0 I=0 Z=0 C=0 : FWA B7-74:5DABE747:66:00 = -8.93321016E-05 : FWB A3-00:83FE9E2E:00:?? = -1.51522371E-39
833A : ROL A          : A=BA X=00 Y=73 SP=?? N=1 V=1 D=0 I=0 Z=0 C=0 : FWA B7-74:5DABE747:66:00 = -8.93321016E-05 : FWB A3-00:83FE9E2E:00:?? = -1.51522371E-39
833B : BPL 8331       : A=BA X=00 Y=73 SP=?? N=1 V=1 D=0 I=0 Z=0 C=0 : FWA B7-74:5DABE747:66:00 = -8.93321016E-05 : FWB A3-00:83FE9E2E:00:?? = -1.51522371E-39
833D : CPY 30         : A=BA X=00 Y=73 SP=?? N=1 V=1 D=0 I=0 Z=0 C=0 : FWA B7-74:5DABE747:66:00 = -8.93321016E-05 : FWB A3-00:83FE9E2E:00:?? = -1.51522371E-39
833F : STY 30         : A=BA X=00 Y=73 SP=?? N=1 V=1 D=0 I=0 Z=0 C=0 : FWA B7-73:5DABE747:66:00 = -4.46660508E-05 : FWB A3-00:83FE9E2E:00:?? = -1.51522371E-39
8341 : BCC 8345       : A=BA X=00 Y=73 SP=?? N=1 V=1 D=0 I=0 Z=0 C=0 : FWA B7-73:5DABE747:66:00 = -4.46660508E-05 : FWB A3-00:83FE9E2E:00:?? = -1.51522371E-39
8345 : TAY            : A=BA X=00 Y=BA SP=?? N=1 V=1 D=0 I=0 Z=0 C=0 : FWA B7-73:5DABE747:66:00 = -4.46660508E-05 : FWB A3-00:83FE9E2E:00:?? = -1.51522371E-39
8346 : STA 31         : A=BA X=00 Y=BA SP=?? N=1 V=1 D=0 I=0 Z=0 C=0 : FWA B7-73:BAABE747:66:00 = -8.90119065E-05 : FWB A3-00:83FE9E2E:00:?? = -1.51522371E-39
8348 : RTS            : A=BA X=00 Y=BA SP=?? N=1 V=1 D=0 I=0 Z=0 C=0 : FWA B7-73:BAABE747:66:00 = -8.90119065E-05 : FWB A3-00:83FE9E2E:00:?? = -1.51522371E-39
A6C9 : BRA A712       : A=BA X=00 Y=BA SP=?? N=1 V=1 D=0 I=0 Z=0 C=0 : FWA B7-73:BAABE747:66:00 = -8.90119065E-05 : FWB A3-00:83FE9E2E:00:?? = -1.51522371E-39
A712 : LDA 35         : A=66 X=00 Y=BA SP=?? N=0 V=1 D=0 I=0 Z=0 C=0 : FWA B7-73:BAABE747:66:00 = -8.90119065E-05 : FWB A3-00:83FE9E2E:00:?? = -1.51522371E-39
A714 : BPL A725       : A=66 X=00 Y=BA SP=?? N=0 V=1 D=0 I=0 Z=0 C=0 : FWA B7-73:BAABE747:66:00 = -8.90119065E-05 : FWB A3-00:83FE9E2E:00:?? = -1.51522371E-39
A725 : LDA 2F         : A=00 X=00 Y=BA SP=?? N=0 V=1 D=0 I=0 Z=1 C=0 : FWA B7-73:BAABE747:66:00 = -8.90119065E-05 : FWB A3-00:83FE9E2E:00:?? = -1.51522371E-39
A727 : BEQ A739       : A=00 X=00 Y=BA SP=?? N=0 V=1 D=0 I=0 Z=1 C=0 : FWA B7-73:BAABE747:66:00 = -8.90119065E-05 : FWB A3-00:83FE9E2E:00:?? = -1.51522371E-39
A739 : STZ 35         : A=00 X=00 Y=BA SP=?? N=0 V=1 D=0 I=0 Z=1 C=0 : FWA B7-73:BAABE747:00:00 = -8.90119065E-05 : FWB A3-00:83FE9E2E:00:?? = -1.51522371E-39
A73B : LDA #FF        : A=FF X=00 Y=BA SP=?? N=1 V=1 D=0 I=0 Z=0 C=0 : FWA B7-73:BAABE747:00:00 = -8.90119065E-05 : FWB A3-00:83FE9E2E:00:?? = -1.51522371E-39
A73D : RTS            : A=FF X=00 Y=BA SP=?? N=1 V=1 D=0 I=0 Z=0 C=0 : FWA B7-73:BAABE747:00:00 = -8.90119065E-05 : FWB A3-00:83FE9E2E:00:?? = -1.51522371E-39
A8FE : JMP A70A       : A=FF X=00 Y=BA SP=?? N=1 V=1 D=0 I=0 Z=0 C=0 : FWA B7-73:BAABE747:00:00 = -8.90119065E-05 : FWB A3-00:83FE9E2E:00:?? = -1.51522371E-39
A70A : JSR A514       : A=FF X=00 Y=BA SP=?? N=1 V=1 D=0 I=0 Z=0 C=0 : FWA B7-73:BAABE747:00:00 = -8.90119065E-05 : FWB A3-00:83FE9E2E:00:?? = -1.51522371E-39
A514 : STZ 41         : A=FF X=00 Y=BA SP=?? N=1 V=1 D=0 I=0 Z=0 C=0 : FWA B7-73:BAABE747:00:00 = -8.90119065E-05 : FWB A3-00:83FE9E2E:00:?? = -1.51522371E-39
A516 : LDY #04        : A=FF X=00 Y=04 SP=?? N=0 V=1 D=0 I=0 Z=0 C=0 : FWA B7-73:BAABE747:00:00 = -8.90119065E-05 : FWB A3-00:83FE9E2E:00:?? = -1.51522371E-39
A518 : LDA (4A),Y     : A=01 X=00 Y=04 SP=?? N=0 V=1 D=0 I=0 Z=0 C=0 : FWA B7-73:BAABE747:00:00 = -8.90119065E-05 : FWB A3-00:83FE9E2E:00:?? = -1.51522371E-39
A51A : STA 40         : A=01 X=00 Y=04 SP=?? N=0 V=1 D=0 I=0 Z=0 C=0 : FWA B7-73:BAABE747:00:00 = -8.90119065E-05 : FWB A3-00:83FE9E01:00:?? = -1.51522368E-39
A51C : DEY            : A=01 X=00 Y=03 SP=?? N=0 V=1 D=0 I=0 Z=0 C=0 : FWA B7-73:BAABE747:00:00 = -8.90119065E-05 : FWB A3-00:83FE9E01:00:?? = -1.51522368E-39
A51D : LDA (4A),Y     : A=DF X=00 Y=03 SP=?? N=1 V=1 D=0 I=0 Z=0 C=0 : FWA B7-73:BAABE747:00:00 = -8.90119065E-05 : FWB A3-00:83FE9E01:00:?? = -1.51522368E-39
A51F : STA 3F         : A=DF X=00 Y=03 SP=?? N=1 V=1 D=0 I=0 Z=0 C=0 : FWA B7-73:BAABE747:00:00 = -8.90119065E-05 : FWB A3-00:83FEDF01:00:?? = -1.51523507E-39
A521 : DEY            : A=DF X=00 Y=02 SP=?? N=0 V=1 D=0 I=0 Z=0 C=0 : FWA B7-73:BAABE747:00:00 = -8.90119065E-05 : FWB A3-00:83FEDF01:00:?? = -1.51523507E-39
A522 : LDA (4A),Y     : A=FD X=00 Y=02 SP=?? N=1 V=1 D=0 I=0 Z=0 C=0 : FWA B7-73:BAABE747:00:00 = -8.90119065E-05 : FWB A3-00:83FEDF01:00:?? = -1.51523507E-39
A524 : STA 3E         : A=FD X=00 Y=02 SP=?? N=1 V=1 D=0 I=0 Z=0 C=0 : FWA B7-73:BAABE747:00:00 = -8.90119065E-05 : FWB A3-00:83FDDF01:00:?? = -1.51519022E-39
A526 : DEY            : A=FD X=00 Y=01 SP=?? N=0 V=1 D=0 I=0 Z=0 C=0 : FWA B7-73:BAABE747:00:00 = -8.90119065E-05 : FWB A3-00:83FDDF01:00:?? = -1.51519022E-39
A527 : LDA (4A),Y     : A=03 X=00 Y=01 SP=?? N=0 V=1 D=0 I=0 Z=0 C=0 : FWA B7-73:BAABE747:00:00 = -8.90119065E-05 : FWB A3-00:83FDDF01:00:?? = -1.51519022E-39
A529 : STA 3B         : A=03 X=00 Y=01 SP=?? N=0 V=1 D=0 I=0 Z=0 C=0 : FWA B7-73:BAABE747:00:00 = -8.90119065E-05 : FWB 03-00:83FDDF01:00:?? = +1.51519022E-39
A52B : TAY            : A=03 X=00 Y=03 SP=?? N=0 V=1 D=0 I=0 Z=0 C=0 : FWA B7-73:BAABE747:00:00 = -8.90119065E-05 : FWB 03-00:83FDDF01:00:?? = +1.51519022E-39
A52C : LDA (4A)       : A=7D X=00 Y=03 SP=?? N=0 V=1 D=0 I=0 Z=0 C=0 : FWA B7-73:BAABE747:00:00 = -8.90119065E-05 : FWB 03-00:83FDDF01:00:?? = +1.51519022E-39
A52E : STA 3C         : A=7D X=00 Y=03 SP=?? N=0 V=1 D=0 I=0 Z=0 C=0 : FWA B7-73:BAABE747:00:00 = -8.90119065E-05 : FWB 03-7D:83FDDF01:00:?? = +6.44490645E-02
A530 : BNE A53B       : A=7D X=00 Y=03 SP=?? N=0 V=1 D=0 I=0 Z=0 C=0 : FWA B7-73:BAABE747:00:00 = -8.90119065E-05 : FWB 03-7D:83FDDF01:00:?? = +6.44490645E-02
A53B : TYA            : A=03 X=00 Y=03 SP=?? N=0 V=1 D=0 I=0 Z=0 C=0 : FWA B7-73:BAABE747:00:00 = -8.90119065E-05 : FWB 03-7D:83FDDF01:00:?? = +6.44490645E-02
A53C : ORA #80        : A=83 X=00 Y=03 SP=?? N=1 V=1 D=0 I=0 Z=0 C=0 : FWA B7-73:BAABE747:00:00 = -8.90119065E-05 : FWB 03-7D:83FDDF01:00:?? = +6.44490645E-02
A53E : STA 3D         : A=83 X=00 Y=03 SP=?? N=1 V=1 D=0 I=0 Z=0 C=0 : FWA B7-73:BAABE747:00:00 = -8.90119065E-05 : FWB 03-7D:83FDDF01:00:?? = +6.44490645E-02
A540 : RTS            : A=83 X=00 Y=03 SP=?? N=1 V=1 D=0 I=0 Z=0 C=0 : FWA B7-73:BAABE747:00:00 = -8.90119065E-05 : FWB 03-7D:83FDDF01:00:?? = +6.44490645E-02
A70D : BEQ A73B       : A=83 X=00 Y=03 SP=?? N=1 V=1 D=0 I=0 Z=0 C=0 : FWA B7-73:BAABE747:00:00 = -8.90119065E-05 : FWB 03-7D:83FDDF01:00:?? = +6.44490645E-02
A70F : JSR 8429       : A=83 X=00 Y=03 SP=?? N=1 V=1 D=0 I=0 Z=0 C=0 : FWA B7-73:BAABE747:00:00 = -8.90119065E-05 : FWB 03-7D:83FDDF01:00:?? = +6.44490645E-02
8429 : LDA 31         : A=BA X=00 Y=03 SP=?? N=1 V=1 D=0 I=0 Z=0 C=0 : FWA B7-73:BAABE747:00:00 = -8.90119065E-05 : FWB 03-7D:83FDDF01:00:?? = +6.44490645E-02
842B : BEQ 840A       : A=BA X=00 Y=03 SP=?? N=1 V=1 D=0 I=0 Z=0 C=0 : FWA B7-73:BAABE747:00:00 = -8.90119065E-05 : FWB 03-7D:83FDDF01:00:?? = +6.44490645E-02
842D : SEC            : A=BA X=00 Y=03 SP=?? N=1 V=1 D=0 I=0 Z=0 C=1 : FWA B7-73:BAABE747:00:00 = -8.90119065E-05 : FWB 03-7D:83FDDF01:00:?? = +6.44490645E-02
842E : LDA 30         : A=73 X=00 Y=03 SP=?? N=0 V=1 D=0 I=0 Z=0 C=1 : FWA B7-73:BAABE747:00:00 = -8.90119065E-05 : FWB 03-7D:83FDDF01:00:?? = +6.44490645E-02
8430 : SBC 3C         : A=F6 X=00 Y=03 SP=?? N=1 V=0 D=0 I=0 Z=0 C=0 : FWA B7-73:BAABE747:00:00 = -8.90119065E-05 : FWB 03-7D:83FDDF01:00:?? = +6.44490645E-02
8432 : BEQ 84A3       : A=F6 X=00 Y=03 SP=?? N=1 V=0 D=0 I=0 Z=0 C=0 : FWA B7-73:BAABE747:00:00 = -8.90119065E-05 : FWB 03-7D:83FDDF01:00:?? = +6.44490645E-02
8434 : BCC 846A       : A=F6 X=00 Y=03 SP=?? N=1 V=0 D=0 I=0 Z=0 C=0 : FWA B7-73:BAABE747:00:00 = -8.90119065E-05 : FWB 03-7D:83FDDF01:00:?? = +6.44490645E-02
846A : EOR #FF        : A=09 X=00 Y=03 SP=?? N=0 V=0 D=0 I=0 Z=0 C=0 : FWA B7-73:BAABE747:00:00 = -8.90119065E-05 : FWB 03-7D:83FDDF01:00:?? = +6.44490645E-02
846C : INC A          : A=0A X=00 Y=03 SP=?? N=0 V=0 D=0 I=0 Z=0 C=0 : FWA B7-73:BAABE747:00:00 = -8.90119065E-05 : FWB 03-7D:83FDDF01:00:?? = +6.44490645E-02
846D : CMP #25        : A=0A X=00 Y=03 SP=?? N=1 V=0 D=0 I=0 Z=0 C=0 : FWA B7-73:BAABE747:00:00 = -8.90119065E-05 : FWB 03-7D:83FDDF01:00:?? = +6.44490645E-02
846F : BCS 840A       : A=0A X=00 Y=03 SP=?? N=1 V=0 D=0 I=0 Z=0 C=0 : FWA B7-73:BAABE747:00:00 = -8.90119065E-05 : FWB 03-7D:83FDDF01:00:?? = +6.44490645E-02
8471 : LDY 3C         : A=0A X=00 Y=7D SP=?? N=0 V=0 D=0 I=0 Z=0 C=0 : FWA B7-73:BAABE747:00:00 = -8.90119065E-05 : FWB 03-7D:83FDDF01:00:?? = +6.44490645E-02
8473 : STY 30         : A=0A X=00 Y=7D SP=?? N=0 V=0 D=0 I=0 Z=0 C=0 : FWA B7-7D:BAABE747:00:00 = -9.11481923E-02 : FWB 03-7D:83FDDF01:00:?? = +6.44490645E-02
8475 : TAY            : A=0A X=00 Y=0A SP=?? N=0 V=0 D=0 I=0 Z=0 C=0 : FWA B7-7D:BAABE747:00:00 = -9.11481923E-02 : FWB 03-7D:83FDDF01:00:?? = +6.44490645E-02
8476 : AND #38        : A=08 X=00 Y=0A SP=?? N=0 V=0 D=0 I=0 Z=0 C=0 : FWA B7-7D:BAABE747:00:00 = -9.11481923E-02 : FWB 03-7D:83FDDF01:00:?? = +6.44490645E-02
8478 : BEQ 8491       : A=08 X=00 Y=0A SP=?? N=0 V=0 D=0 I=0 Z=0 C=0 : FWA B7-7D:BAABE747:00:00 = -9.11481923E-02 : FWB 03-7D:83FDDF01:00:?? = +6.44490645E-02
847A : SEC            : A=08 X=00 Y=0A SP=?? N=0 V=0 D=0 I=0 Z=0 C=1 : FWA B7-7D:BAABE747:00:00 = -9.11481923E-02 : FWB 03-7D:83FDDF01:00:?? = +6.44490645E-02
847B : LDX 34         : A=08 X=47 Y=0A SP=?? N=0 V=0 D=0 I=0 Z=0 C=1 : FWA B7-7D:BAABE747:00:00 = -9.11481923E-02 : FWB 03-7D:83FDDF01:00:?? = +6.44490645E-02
847D : STX 35         : A=08 X=47 Y=0A SP=?? N=0 V=0 D=0 I=0 Z=0 C=1 : FWA B7-7D:BAABE747:47:00 = -9.11481923E-02 : FWB 03-7D:83FDDF01:00:?? = +6.44490645E-02
847F : LDX 33         : A=08 X=E7 Y=0A SP=?? N=1 V=0 D=0 I=0 Z=0 C=1 : FWA B7-7D:BAABE747:47:00 = -9.11481923E-02 : FWB 03-7D:83FDDF01:00:?? = +6.44490645E-02
8481 : STX 34         : A=08 X=E7 Y=0A SP=?? N=1 V=0 D=0 I=0 Z=0 C=1 : FWA B7-7D:BAABE7E7:47:00 = -9.11481969E-02 : FWB 03-7D:83FDDF01:00:?? = +6.44490645E-02
8483 : LDX 32         : A=08 X=AB Y=0A SP=?? N=1 V=0 D=0 I=0 Z=0 C=1 : FWA B7-7D:BAABE7E7:47:00 = -9.11481969E-02 : FWB 03-7D:83FDDF01:00:?? = +6.44490645E-02
8485 : STX 33         : A=08 X=AB Y=0A SP=?? N=1 V=0 D=0 I=0 Z=0 C=1 : FWA B7-7D:BAABABE7:47:00 = -9.11477499E-02 : FWB 03-7D:83FDDF01:00:?? = +6.44490645E-02
8487 : LDX 31         : A=08 X=BA Y=0A SP=?? N=1 V=0 D=0 I=0 Z=0 C=1 : FWA B7-7D:BAABABE7:47:00 = -9.11477499E-02 : FWB 03-7D:83FDDF01:00:?? = +6.44490645E-02
8489 : STX 32         : A=08 X=BA Y=0A SP=?? N=1 V=0 D=0 I=0 Z=0 C=1 : FWA B7-7D:BABAABE7:47:00 = -9.11763601E-02 : FWB 03-7D:83FDDF01:00:?? = +6.44490645E-02
848B : STZ 31         : A=08 X=BA Y=0A SP=?? N=1 V=0 D=0 I=0 Z=0 C=1 : FWA B7-7D:00BAABE7:47:00 = -3.56047626E-04 : FWB 03-7D:83FDDF01:00:?? = +6.44490645E-02
848D : SBC #08        : A=00 X=BA Y=0A SP=?? N=0 V=0 D=0 I=0 Z=1 C=1 : FWA B7-7D:00BAABE7:47:00 = -3.56047626E-04 : FWB 03-7D:83FDDF01:00:?? = +6.44490645E-02
848F : BNE 847B       : A=00 X=BA Y=0A SP=?? N=0 V=0 D=0 I=0 Z=1 C=1 : FWA B7-7D:00BAABE7:47:00 = -3.56047626E-04 : FWB 03-7D:83FDDF01:00:?? = +6.44490645E-02
8491 : TYA            : A=0A X=BA Y=0A SP=?? N=0 V=0 D=0 I=0 Z=0 C=1 : FWA B7-7D:00BAABE7:47:00 = -3.56047626E-04 : FWB 03-7D:83FDDF01:00:?? = +6.44490645E-02
8492 : AND #07        : A=02 X=BA Y=0A SP=?? N=0 V=0 D=0 I=0 Z=0 C=1 : FWA B7-7D:00BAABE7:47:00 = -3.56047626E-04 : FWB 03-7D:83FDDF01:00:?? = +6.44490645E-02
8494 : BEQ 84A3       : A=02 X=BA Y=0A SP=?? N=0 V=0 D=0 I=0 Z=0 C=1 : FWA B7-7D:00BAABE7:47:00 = -3.56047626E-04 : FWB 03-7D:83FDDF01:00:?? = +6.44490645E-02
8496 : LSR 31         : A=02 X=BA Y=0A SP=?? N=0 V=0 D=0 I=0 Z=1 C=0 : FWA B7-7D:00BAABE7:47:00 = -3.56047626E-04 : FWB 03-7D:83FDDF01:00:?? = +6.44490645E-02
8498 : ROR 32         : A=02 X=BA Y=0A SP=?? N=0 V=0 D=0 I=0 Z=0 C=0 : FWA B7-7D:005DABE7:47:00 = -1.78664203E-04 : FWB 03-7D:83FDDF01:00:?? = +6.44490645E-02
849A : ROR 33         : A=02 X=BA Y=0A SP=?? N=0 V=0 D=0 I=0 Z=0 C=1 : FWA B7-7D:005D55E7:47:00 = -1.78023453E-04 : FWB 03-7D:83FDDF01:00:?? = +6.44490645E-02
849C : ROR 34         : A=02 X=BA Y=0A SP=?? N=1 V=0 D=0 I=0 Z=0 C=1 : FWA B7-7D:005D55F3:47:00 = -1.78023803E-04 : FWB 03-7D:83FDDF01:00:?? = +6.44490645E-02
849E : ROR 35         : A=02 X=BA Y=0A SP=?? N=1 V=0 D=0 I=0 Z=0 C=1 : FWA B7-7D:005D55F3:A3:00 = -1.78023813E-04 : FWB 03-7D:83FDDF01:00:?? = +6.44490645E-02
84A0 : DEC A          : A=01 X=BA Y=0A SP=?? N=0 V=0 D=0 I=0 Z=0 C=1 : FWA B7-7D:005D55F3:A3:00 = -1.78023813E-04 : FWB 03-7D:83FDDF01:00:?? = +6.44490645E-02
84A1 : BNE 8496       : A=01 X=BA Y=0A SP=?? N=0 V=0 D=0 I=0 Z=0 C=1 : FWA B7-7D:005D55F3:A3:00 = -1.78023813E-04 : FWB 03-7D:83FDDF01:00:?? = +6.44490645E-02
8496 : LSR 31         : A=01 X=BA Y=0A SP=?? N=0 V=0 D=0 I=0 Z=1 C=0 : FWA B7-7D:005D55F3:A3:00 = -1.78023813E-04 : FWB 03-7D:83FDDF01:00:?? = +6.44490645E-02
8498 : ROR 32         : A=01 X=BA Y=0A SP=?? N=0 V=0 D=0 I=0 Z=0 C=1 : FWA B7-7D:002E55F3:A3:00 = -8.83784272E-05 : FWB 03-7D:83FDDF01:00:?? = +6.44490645E-02
849A : ROR 33         : A=01 X=BA Y=0A SP=?? N=1 V=0 D=0 I=0 Z=0 C=1 : FWA B7-7D:002EAAF3:A3:00 = -8.90117266E-05 : FWB 03-7D:83FDDF01:00:?? = +6.44490645E-02
849C : ROR 34         : A=01 X=BA Y=0A SP=?? N=1 V=0 D=0 I=0 Z=0 C=1 : FWA B7-7D:002EAAF9:A3:00 = -8.90119012E-05 : FWB 03-7D:83FDDF01:00:?? = +6.44490645E-02
849E : ROR 35         : A=01 X=BA Y=0A SP=?? N=1 V=0 D=0 I=0 Z=0 C=1 : FWA B7-7D:002EAAF9:D1:00 = -8.90119064E-05 : FWB 03-7D:83FDDF01:00:?? = +6.44490645E-02
84A0 : DEC A          : A=00 X=BA Y=0A SP=?? N=0 V=0 D=0 I=0 Z=1 C=1 : FWA B7-7D:002EAAF9:D1:00 = -8.90119064E-05 : FWB 03-7D:83FDDF01:00:?? = +6.44490645E-02
84A1 : BNE 8496       : A=00 X=BA Y=0A SP=?? N=0 V=0 D=0 I=0 Z=1 C=1 : FWA B7-7D:002EAAF9:D1:00 = -8.90119064E-05 : FWB 03-7D:83FDDF01:00:?? = +6.44490645E-02
84A3 : LDA 2E         : A=B7 X=BA Y=0A SP=?? N=1 V=0 D=0 I=0 Z=0 C=1 : FWA B7-7D:002EAAF9:D1:00 = -8.90119064E-05 : FWB 03-7D:83FDDF01:00:?? = +6.44490645E-02
84A5 : EOR 3B         : A=B4 X=BA Y=0A SP=?? N=1 V=0 D=0 I=0 Z=0 C=1 : FWA B7-7D:002EAAF9:D1:00 = -8.90119064E-05 : FWB 03-7D:83FDDF01:00:?? = +6.44490645E-02
84A7 : BMI 84AD       : A=B4 X=BA Y=0A SP=?? N=1 V=0 D=0 I=0 Z=0 C=1 : FWA B7-7D:002EAAF9:D1:00 = -8.90119064E-05 : FWB 03-7D:83FDDF01:00:?? = +6.44490645E-02
84AD : LDA 31         : A=00 X=BA Y=0A SP=?? N=0 V=0 D=0 I=0 Z=1 C=1 : FWA B7-7D:002EAAF9:D1:00 = -8.90119064E-05 : FWB 03-7D:83FDDF01:00:?? = +6.44490645E-02
84AF : CMP 3D         : A=00 X=BA Y=0A SP=?? N=0 V=0 D=0 I=0 Z=0 C=0 : FWA B7-7D:002EAAF9:D1:00 = -8.90119064E-05 : FWB 03-7D:83FDDF01:00:?? = +6.44490645E-02
84B1 : BNE 84CE       : A=00 X=BA Y=0A SP=?? N=0 V=0 D=0 I=0 Z=0 C=0 : FWA B7-7D:002EAAF9:D1:00 = -8.90119064E-05 : FWB 03-7D:83FDDF01:00:?? = +6.44490645E-02
84CE : BCS 84F4       : A=00 X=BA Y=0A SP=?? N=0 V=0 D=0 I=0 Z=0 C=0 : FWA B7-7D:002EAAF9:D1:00 = -8.90119064E-05 : FWB 03-7D:83FDDF01:00:?? = +6.44490645E-02
84D0 : LDA 3B         : A=03 X=BA Y=0A SP=?? N=0 V=0 D=0 I=0 Z=0 C=0 : FWA B7-7D:002EAAF9:D1:00 = -8.90119064E-05 : FWB 03-7D:83FDDF01:00:?? = +6.44490645E-02
84D2 : STA 2E         : A=03 X=BA Y=0A SP=?? N=0 V=0 D=0 I=0 Z=0 C=0 : FWA 03-7D:002EAAF9:D1:00 = +8.90119064E-05 : FWB 03-7D:83FDDF01:00:?? = +6.44490645E-02
84D4 : SEC            : A=03 X=BA Y=0A SP=?? N=0 V=0 D=0 I=0 Z=0 C=1 : FWA 03-7D:002EAAF9:D1:00 = +8.90119064E-05 : FWB 03-7D:83FDDF01:00:?? = +6.44490645E-02
84D5 : LDA 41         : A=00 X=BA Y=0A SP=?? N=0 V=0 D=0 I=0 Z=1 C=1 : FWA 03-7D:002EAAF9:D1:00 = +8.90119064E-05 : FWB 03-7D:83FDDF01:00:?? = +6.44490645E-02
84D7 : SBC 35         : A=2F X=BA Y=0A SP=?? N=0 V=0 D=0 I=0 Z=0 C=0 : FWA 03-7D:002EAAF9:D1:00 = +8.90119064E-05 : FWB 03-7D:83FDDF01:00:?? = +6.44490645E-02
84D9 : STA 35         : A=2F X=BA Y=0A SP=?? N=0 V=0 D=0 I=0 Z=0 C=0 : FWA 03-7D:002EAAF9:2F:00 = +8.90118880E-05 : FWB 03-7D:83FDDF01:00:?? = +6.44490645E-02
84DB : LDA 40         : A=01 X=BA Y=0A SP=?? N=0 V=0 D=0 I=0 Z=0 C=0 : FWA 03-7D:002EAAF9:2F:00 = +8.90118880E-05 : FWB 03-7D:83FDDF01:00:?? = +6.44490645E-02
84DD : SBC 34         : A=07 X=BA Y=0A SP=?? N=0 V=0 D=0 I=0 Z=0 C=0 : FWA 03-7D:002EAAF9:2F:00 = +8.90118880E-05 : FWB 03-7D:83FDDF01:00:?? = +6.44490645E-02
84DF : STA 34         : A=07 X=BA Y=0A SP=?? N=0 V=0 D=0 I=0 Z=0 C=0 : FWA 03-7D:002EAA07:2F:00 = +8.90048449E-05 : FWB 03-7D:83FDDF01:00:?? = +6.44490645E-02
84E1 : LDA 3F         : A=DF X=BA Y=0A SP=?? N=1 V=0 D=0 I=0 Z=0 C=0 : FWA 03-7D:002EAA07:2F:00 = +8.90048449E-05 : FWB 03-7D:83FDDF01:00:?? = +6.44490645E-02
84E3 : SBC 33         : A=34 X=BA Y=0A SP=?? N=0 V=0 D=0 I=0 Z=0 C=1 : FWA 03-7D:002EAA07:2F:00 = +8.90048449E-05 : FWB 03-7D:83FDDF01:00:?? = +6.44490645E-02
84E5 : STA 33         : A=34 X=BA Y=0A SP=?? N=0 V=0 D=0 I=0 Z=0 C=1 : FWA 03-7D:002E3407:2F:00 = +8.81256764E-05 : FWB 03-7D:83FDDF01:00:?? = +6.44490645E-02
84E7 : LDA 3E         : A=FD X=BA Y=0A SP=?? N=1 V=0 D=0 I=0 Z=0 C=1 : FWA 03-7D:002E3407:2F:00 = +8.81256764E-05 : FWB 03-7D:83FDDF01:00:?? = +6.44490645E-02
84E9 : SBC 32         : A=CF X=BA Y=0A SP=?? N=1 V=0 D=0 I=0 Z=0 C=1 : FWA 03-7D:002E3407:2F:00 = +8.81256764E-05 : FWB 03-7D:83FDDF01:00:?? = +6.44490645E-02
84EB : STA 32         : A=CF X=BA Y=0A SP=?? N=1 V=0 D=0 I=0 Z=0 C=1 : FWA 03-7D:00CF3407:2F:00 = +3.95208806E-04 : FWB 03-7D:83FDDF01:00:?? = +6.44490645E-02
84ED : LDA 3D         : A=83 X=BA Y=0A SP=?? N=1 V=0 D=0 I=0 Z=0 C=1 : FWA 03-7D:00CF3407:2F:00 = +3.95208806E-04 : FWB 03-7D:83FDDF01:00:?? = +6.44490645E-02
84EF : SBC 31         : A=83 X=BA Y=0A SP=?? N=1 V=0 D=0 I=0 Z=0 C=1 : FWA 03-7D:00CF3407:2F:00 = +3.95208806E-04 : FWB 03-7D:83FDDF01:00:?? = +6.44490645E-02
84F1 : JMP 8304       : A=83 X=BA Y=0A SP=?? N=1 V=0 D=0 I=0 Z=0 C=1 : FWA 03-7D:00CF3407:2F:00 = +3.95208806E-04 : FWB 03-7D:83FDDF01:00:?? = +6.44490645E-02
8304 : BMI 8346       : A=83 X=BA Y=0A SP=?? N=1 V=0 D=0 I=0 Z=0 C=1 : FWA 03-7D:00CF3407:2F:00 = +3.95208806E-04 : FWB 03-7D:83FDDF01:00:?? = +6.44490645E-02
8346 : STA 31         : A=83 X=BA Y=0A SP=?? N=1 V=0 D=0 I=0 Z=0 C=1 : FWA 03-7D:83CF3407:2F:00 = +6.43600526E-02 : FWB 03-7D:83FDDF01:00:?? = +6.44490645E-02
8348 : RTS            : A=83 X=BA Y=0A SP=?? N=1 V=0 D=0 I=0 Z=0 C=1 : FWA 03-7D:83CF3407:2F:00 = +6.43600526E-02 : FWB 03-7D:83FDDF01:00:?? = +6.44490645E-02
A712 : LDA 35         : A=2F X=BA Y=0A SP=?? N=0 V=0 D=0 I=0 Z=0 C=1 : FWA 03-7D:83CF3407:2F:00 = +6.43600526E-02 : FWB 03-7D:83FDDF01:00:?? = +6.44490645E-02
A714 : BPL A725       : A=2F X=BA Y=0A SP=?? N=0 V=0 D=0 I=0 Z=0 C=1 : FWA 03-7D:83CF3407:2F:00 = +6.43600526E-02 : FWB 03-7D:83FDDF01:00:?? = +6.44490645E-02
A725 : LDA 2F         : A=00 X=BA Y=0A SP=?? N=0 V=0 D=0 I=0 Z=1 C=1 : FWA 03-7D:83CF3407:2F:00 = +6.43600526E-02 : FWB 03-7D:83FDDF01:00:?? = +6.44490645E-02
A727 : BEQ A739       : A=00 X=BA Y=0A SP=?? N=0 V=0 D=0 I=0 Z=1 C=1 : FWA 03-7D:83CF3407:2F:00 = +6.43600526E-02 : FWB 03-7D:83FDDF01:00:?? = +6.44490645E-02
A739 : STZ 35         : A=00 X=BA Y=0A SP=?? N=0 V=0 D=0 I=0 Z=1 C=1 : FWA 03-7D:83CF3407:00:00 = +6.43600526E-02 : FWB 03-7D:83FDDF01:00:?? = +6.44490645E-02
A73B : LDA #FF        : A=FF X=BA Y=0A SP=?? N=1 V=0 D=0 I=0 Z=0 C=1 : FWA 03-7D:83CF3407:00:00 = +6.43600526E-02 : FWB 03-7D:83FDDF01:00:?? = +6.44490645E-02
A73D : RTS            : A=FF X=BA Y=0A SP=?? N=1 V=0 D=0 I=0 Z=0 C=1 : FWA 03-7D:83CF3407:00:00 = +6.43600526E-02 : FWB 03-7D:83FDDF01:00:?? = +6.44490645E-02
A93B : PLP            : A=FF X=BA Y=0A SP=?? N=0 V=0 D=0 I=0 Z=0 C=1 : FWA 03-7D:83CF3407:00:00 = +6.43600526E-02 : FWB 03-7D:83FDDF01:00:?? = +6.44490645E-02
A93C : BNE A946       : A=FF X=BA Y=0A SP=?? N=0 V=0 D=0 I=0 Z=0 C=1 : FWA 03-7D:83CF3407:00:00 = +6.43600526E-02 : FWB 03-7D:83FDDF01:00:?? = +6.44490645E-02
A946 : BCS A94B       : A=FF X=BA Y=0A SP=?? N=0 V=0 D=0 I=0 Z=0 C=1 : FWA 03-7D:83CF3407:00:00 = +6.43600526E-02 : FWB 03-7D:83FDDF01:00:?? = +6.44490645E-02
A94B : PLA            : A=03 X=BA Y=0A SP=?? N=0 V=0 D=0 I=0 Z=0 C=1 : FWA 03-7D:83CF3407:00:00 = +6.43600526E-02 : FWB 03-7D:83FDDF01:00:?? = +6.44490645E-02
