A7AF : LDA 31         : A=FA X=29 Y=FF SP=?? N=1 V=0 D=0 I=0 Z=0 C=1 : FWA 7A-8A:FA000000:00:00 = +1.00000000E+03 : FWB ??-??:????????:??:?? = ???????????????
A7B1 : EOR 2E         : A=80 X=29 Y=FF SP=?? N=1 V=0 D=0 I=0 Z=0 C=1 : FWA 7A-8A:FA000000:00:00 = +1.00000000E+03 : FWB ??-??:????????:??:?? = ???????????????
A7B3 : BMI A7CD       : A=80 X=29 Y=FF SP=?? N=1 V=0 D=0 I=0 Z=0 C=1 : FWA 7A-8A:FA000000:00:00 = +1.00000000E+03 : FWB ??-??:????????:??:?? = ???????????????
A7CD : LDY #80        : A=80 X=29 Y=80 SP=?? N=1 V=0 D=0 I=0 Z=0 C=1 : FWA 7A-8A:FA000000:00:00 = +1.00000000E+03 : FWB ??-??:????????:??:?? = ???????????????
A7CF : LDX 30         : A=80 X=8A Y=80 SP=?? N=1 V=0 D=0 I=0 Z=0 C=1 : FWA 7A-8A:FA000000:00:00 = +1.00000000E+03 : FWB ??-??:????????:??:?? = ???????????????
A7D1 : BEQ A7DB       : A=80 X=8A Y=80 SP=?? N=1 V=0 D=0 I=0 Z=0 C=1 : FWA 7A-8A:FA000000:00:00 = +1.00000000E+03 : FWB ??-??:????????:??:?? = ???????????????
A7D3 : LDA 31         : A=FA X=8A Y=80 SP=?? N=1 V=0 D=0 I=0 Z=0 C=1 : FWA 7A-8A:FA000000:00:00 = +1.00000000E+03 : FWB ??-??:????????:??:?? = ???????????????
A7D5 : CMP #B5        : A=FA X=8A Y=80 SP=?? N=0 V=0 D=0 I=0 Z=0 C=1 : FWA 7A-8A:FA000000:00:00 = +1.00000000E+03 : FWB ??-??:????????:??:?? = ???????????????
A7D7 : BCS A7DB       : A=FA X=8A Y=80 SP=?? N=0 V=0 D=0 I=0 Z=0 C=1 : FWA 7A-8A:FA000000:00:00 = +1.00000000E+03 : FWB ??-??:????????:??:?? = ???????????????
A7DB : PHX            : A=FA X=8A Y=80 SP=?? N=0 V=0 D=0 I=0 Z=0 C=1 : FWA 7A-8A:FA000000:00:00 = +1.00000000E+03 : FWB ??-??:????????:??:?? = ???????????????
A7DC : STY 30         : A=FA X=8A Y=80 SP=?? N=0 V=0 D=0 I=0 Z=0 C=1 : FWA 7A-80:FA000000:00:00 = +9.76562500E-01 : FWB ??-??:????????:??:?? = ???????????????
A7DE : JSR A5E3       : A=FA X=8A Y=80 SP=?? N=0 V=0 D=0 I=0 Z=0 C=1 : FWA 7A-80:FA000000:00:00 = +9.76562500E-01 : FWB ??-??:????????:??:?? = ???????????????
A5E3 : JSR A5CC       : A=FA X=8A Y=80 SP=?? N=0 V=0 D=0 I=0 Z=0 C=1 : FWA 7A-80:FA000000:00:00 = +9.76562500E-01 : FWB ??-??:????????:??:?? = ???????????????
A5CC : JSR AD10       : A=FA X=8A Y=80 SP=?? N=0 V=0 D=0 I=0 Z=0 C=1 : FWA 7A-80:FA000000:00:00 = +9.76562500E-01 : FWB ??-??:????????:??:?? = ???????????????
AD10 : LDA 31         : A=FA X=8A Y=80 SP=?? N=1 V=0 D=0 I=0 Z=0 C=1 : FWA 7A-80:FA000000:00:00 = +9.76562500E-01 : FWB ??-??:????????:??:?? = ???????????????
AD12 : EOR 2E         : A=80 X=8A Y=80 SP=?? N=1 V=0 D=0 I=0 Z=0 C=1 : FWA 7A-80:FA000000:00:00 = +9.76562500E-01 : FWB ??-??:????????:??:?? = ???????????????
AD14 : STA 2E         : A=80 X=8A Y=80 SP=?? N=1 V=0 D=0 I=0 Z=0 C=1 : FWA 80-80:FA000000:00:00 = -9.76562500E-01 : FWB ??-??:????????:??:?? = ???????????????
AD16 : LDA #FF        : A=FF X=8A Y=80 SP=?? N=1 V=0 D=0 I=0 Z=0 C=1 : FWA 80-80:FA000000:00:00 = -9.76562500E-01 : FWB ??-??:????????:??:?? = ???????????????
AD18 : RTS            : A=FF X=8A Y=80 SP=?? N=1 V=0 D=0 I=0 Z=0 C=1 : FWA 80-80:FA000000:00:00 = -9.76562500E-01 : FWB ??-??:????????:??:?? = ???????????????
A5CF : STZ 3B         : A=FF X=8A Y=80 SP=?? N=1 V=0 D=0 I=0 Z=0 C=1 : FWA 80-80:FA000000:00:00 = -9.76562500E-01 : FWB 00-??:????????:??:?? = ???????????????
A5D1 : LDY #80        : A=FF X=8A Y=80 SP=?? N=1 V=0 D=0 I=0 Z=0 C=1 : FWA 80-80:FA000000:00:00 = -9.76562500E-01 : FWB 00-??:????????:??:?? = ???????????????
A5D3 : STY 3D         : A=FF X=8A Y=80 SP=?? N=1 V=0 D=0 I=0 Z=0 C=1 : FWA 80-80:FA000000:00:00 = -9.76562500E-01 : FWB 00-??:80??????:??:?? = ???????????????
A5D5 : INY            : A=FF X=8A Y=81 SP=?? N=1 V=0 D=0 I=0 Z=0 C=1 : FWA 80-80:FA000000:00:00 = -9.76562500E-01 : FWB 00-??:80??????:??:?? = ???????????????
A5D6 : STY 3C         : A=FF X=8A Y=81 SP=?? N=1 V=0 D=0 I=0 Z=0 C=1 : FWA 80-80:FA000000:00:00 = -9.76562500E-01 : FWB 00-81:80??????:??:?? = ???????????????
A5D8 : STZ 3E         : A=FF X=8A Y=81 SP=?? N=1 V=0 D=0 I=0 Z=0 C=1 : FWA 80-80:FA000000:00:00 = -9.76562500E-01 : FWB 00-81:8000????:??:?? = ???????????????
A5DA : STZ 3F         : A=FF X=8A Y=81 SP=?? N=1 V=0 D=0 I=0 Z=0 C=1 : FWA 80-80:FA000000:00:00 = -9.76562500E-01 : FWB 00-81:800000??:??:?? = ???????????????
A5DC : STZ 40         : A=FF X=8A Y=81 SP=?? N=1 V=0 D=0 I=0 Z=0 C=1 : FWA 80-80:FA000000:00:00 = -9.76562500E-01 : FWB 00-81:80000000:??:?? = ???????????????
A5DE : STZ 41         : A=FF X=8A Y=81 SP=?? N=1 V=0 D=0 I=0 Z=0 C=1 : FWA 80-80:FA000000:00:00 = -9.76562500E-01 : FWB 00-81:80000000:00:?? = +1.00000000E+00
A5E0 : JMP A70F       : A=FF X=8A Y=81 SP=?? N=1 V=0 D=0 I=0 Z=0 C=1 : FWA 80-80:FA000000:00:00 = -9.76562500E-01 : FWB 00-81:80000000:00:?? = +1.00000000E+00
A70F : JSR 8429       : A=FF X=8A Y=81 SP=?? N=1 V=0 D=0 I=0 Z=0 C=1 : FWA 80-80:FA000000:00:00 = -9.76562500E-01 : FWB 00-81:80000000:00:?? = +1.00000000E+00
8429 : LDA 31         : A=FA X=8A Y=81 SP=?? N=1 V=0 D=0 I=0 Z=0 C=1 : FWA 80-80:FA000000:00:00 = -9.76562500E-01 : FWB 00-81:80000000:00:?? = +1.00000000E+00
842B : BEQ 840A       : A=FA X=8A Y=81 SP=?? N=1 V=0 D=0 I=0 Z=0 C=1 : FWA 80-80:FA000000:00:00 = -9.76562500E-01 : FWB 00-81:80000000:00:?? = +1.00000000E+00
842D : SEC            : A=FA X=8A Y=81 SP=?? N=1 V=0 D=0 I=0 Z=0 C=1 : FWA 80-80:FA000000:00:00 = -9.76562500E-01 : FWB 00-81:80000000:00:?? = +1.00000000E+00
842E : LDA 30         : A=80 X=8A Y=81 SP=?? N=1 V=0 D=0 I=0 Z=0 C=1 : FWA 80-80:FA000000:00:00 = -9.76562500E-01 : FWB 00-81:80000000:00:?? = +1.00000000E+00
8430 : SBC 3C         : A=FF X=8A Y=81 SP=?? N=1 V=0 D=0 I=0 Z=0 C=0 : FWA 80-80:FA000000:00:00 = -9.76562500E-01 : FWB 00-81:80000000:00:?? = +1.00000000E+00
8432 : BEQ 84A3       : A=FF X=8A Y=81 SP=?? N=1 V=0 D=0 I=0 Z=0 C=0 : FWA 80-80:FA000000:00:00 = -9.76562500E-01 : FWB 00-81:80000000:00:?? = +1.00000000E+00
8434 : BCC 846A       : A=FF X=8A Y=81 SP=?? N=1 V=0 D=0 I=0 Z=0 C=0 : FWA 80-80:FA000000:00:00 = -9.76562500E-01 : FWB 00-81:80000000:00:?? = +1.00000000E+00
846A : EOR #FF        : A=00 X=8A Y=81 SP=?? N=0 V=0 D=0 I=0 Z=1 C=0 : FWA 80-80:FA000000:00:00 = -9.76562500E-01 : FWB 00-81:80000000:00:?? = +1.00000000E+00
846C : INC A          : A=01 X=8A Y=81 SP=?? N=0 V=0 D=0 I=0 Z=0 C=0 : FWA 80-80:FA000000:00:00 = -9.76562500E-01 : FWB 00-81:80000000:00:?? = +1.00000000E+00
846D : CMP #25        : A=01 X=8A Y=81 SP=?? N=1 V=0 D=0 I=0 Z=0 C=0 : FWA 80-80:FA000000:00:00 = -9.76562500E-01 : FWB 00-81:80000000:00:?? = +1.00000000E+00
846F : BCS 840A       : A=01 X=8A Y=81 SP=?? N=1 V=0 D=0 I=0 Z=0 C=0 : FWA 80-80:FA000000:00:00 = -9.76562500E-01 : FWB 00-81:80000000:00:?? = +1.00000000E+00
8471 : LDY 3C         : A=01 X=8A Y=81 SP=?? N=1 V=0 D=0 I=0 Z=0 C=0 : FWA 80-80:FA000000:00:00 = -9.76562500E-01 : FWB 00-81:80000000:00:?? = +1.00000000E+00
8473 : STY 30         : A=01 X=8A Y=81 SP=?? N=1 V=0 D=0 I=0 Z=0 C=0 : FWA 80-81:FA000000:00:00 = -1.95312500E+00 : FWB 00-81:80000000:00:?? = +1.00000000E+00
8475 : TAY            : A=01 X=8A Y=01 SP=?? N=0 V=0 D=0 I=0 Z=0 C=0 : FWA 80-81:FA000000:00:00 = -1.95312500E+00 : FWB 00-81:80000000:00:?? = +1.00000000E+00
8476 : AND #38        : A=00 X=8A Y=01 SP=?? N=0 V=0 D=0 I=0 Z=1 C=0 : FWA 80-81:FA000000:00:00 = -1.95312500E+00 : FWB 00-81:80000000:00:?? = +1.00000000E+00
8478 : BEQ 8491       : A=00 X=8A Y=01 SP=?? N=0 V=0 D=0 I=0 Z=1 C=0 : FWA 80-81:FA000000:00:00 = -1.95312500E+00 : FWB 00-81:80000000:00:?? = +1.00000000E+00
8491 : TYA            : A=01 X=8A Y=01 SP=?? N=0 V=0 D=0 I=0 Z=0 C=0 : FWA 80-81:FA000000:00:00 = -1.95312500E+00 : FWB 00-81:80000000:00:?? = +1.00000000E+00
8492 : AND #07        : A=01 X=8A Y=01 SP=?? N=0 V=0 D=0 I=0 Z=0 C=0 : FWA 80-81:FA000000:00:00 = -1.95312500E+00 : FWB 00-81:80000000:00:?? = +1.00000000E+00
8494 : BEQ 84A3       : A=01 X=8A Y=01 SP=?? N=0 V=0 D=0 I=0 Z=0 C=0 : FWA 80-81:FA000000:00:00 = -1.95312500E+00 : FWB 00-81:80000000:00:?? = +1.00000000E+00
8496 : LSR 31         : A=01 X=8A Y=01 SP=?? N=0 V=0 D=0 I=0 Z=0 C=0 : FWA 80-81:7D000000:00:00 = -9.76562500E-01 : FWB 00-81:80000000:00:?? = +1.00000000E+00
8498 : ROR 32         : A=01 X=8A Y=01 SP=?? N=0 V=0 D=0 I=0 Z=1 C=0 : FWA 80-81:7D000000:00:00 = -9.76562500E-01 : FWB 00-81:80000000:00:?? = +1.00000000E+00
849A : ROR 33         : A=01 X=8A Y=01 SP=?? N=0 V=0 D=0 I=0 Z=1 C=0 : FWA 80-81:7D000000:00:00 = -9.76562500E-01 : FWB 00-81:80000000:00:?? = +1.00000000E+00
849C : ROR 34         : A=01 X=8A Y=01 SP=?? N=0 V=0 D=0 I=0 Z=1 C=0 : FWA 80-81:7D000000:00:00 = -9.76562500E-01 : FWB 00-81:80000000:00:?? = +1.00000000E+00
849E : ROR 35         : A=01 X=8A Y=01 SP=?? N=0 V=0 D=0 I=0 Z=1 C=0 : FWA 80-81:7D000000:00:00 = -9.76562500E-01 : FWB 00-81:80000000:00:?? = +1.00000000E+00
84A0 : DEC A          : A=00 X=8A Y=01 SP=?? N=0 V=0 D=0 I=0 Z=1 C=0 : FWA 80-81:7D000000:00:00 = -9.76562500E-01 : FWB 00-81:80000000:00:?? = +1.00000000E+00
84A1 : BNE 8496       : A=00 X=8A Y=01 SP=?? N=0 V=0 D=0 I=0 Z=1 C=0 : FWA 80-81:7D000000:00:00 = -9.76562500E-01 : FWB 00-81:80000000:00:?? = +1.00000000E+00
84A3 : LDA 2E         : A=80 X=8A Y=01 SP=?? N=1 V=0 D=0 I=0 Z=0 C=0 : FWA 80-81:7D000000:00:00 = -9.76562500E-01 : FWB 00-81:80000000:00:?? = +1.00000000E+00
84A5 : EOR 3B         : A=80 X=8A Y=01 SP=?? N=1 V=0 D=0 I=0 Z=0 C=0 : FWA 80-81:7D000000:00:00 = -9.76562500E-01 : FWB 00-81:80000000:00:?? = +1.00000000E+00
84A7 : BMI 84AD       : A=80 X=8A Y=01 SP=?? N=1 V=0 D=0 I=0 Z=0 C=0 : FWA 80-81:7D000000:00:00 = -9.76562500E-01 : FWB 00-81:80000000:00:?? = +1.00000000E+00
84AD : LDA 31         : A=7D X=8A Y=01 SP=?? N=0 V=0 D=0 I=0 Z=0 C=0 : FWA 80-81:7D000000:00:00 = -9.76562500E-01 : FWB 00-81:80000000:00:?? = +1.00000000E+00
84AF : CMP 3D         : A=7D X=8A Y=01 SP=?? N=1 V=0 D=0 I=0 Z=0 C=0 : FWA 80-81:7D000000:00:00 = -9.76562500E-01 : FWB 00-81:80000000:00:?? = +1.00000000E+00
84B1 : BNE 84CE       : A=7D X=8A Y=01 SP=?? N=1 V=0 D=0 I=0 Z=0 C=0 : FWA 80-81:7D000000:00:00 = -9.76562500E-01 : FWB 00-81:80000000:00:?? = +1.00000000E+00
84CE : BCS 84F4       : A=7D X=8A Y=01 SP=?? N=1 V=0 D=0 I=0 Z=0 C=0 : FWA 80-81:7D000000:00:00 = -9.76562500E-01 : FWB 00-81:80000000:00:?? = +1.00000000E+00
84D0 : LDA 3B         : A=00 X=8A Y=01 SP=?? N=0 V=0 D=0 I=0 Z=1 C=0 : FWA 80-81:7D000000:00:00 = -9.76562500E-01 : FWB 00-81:80000000:00:?? = +1.00000000E+00
84D2 : STA 2E         : A=00 X=8A Y=01 SP=?? N=0 V=0 D=0 I=0 Z=1 C=0 : FWA 00-81:7D000000:00:00 = +9.76562500E-01 : FWB 00-81:80000000:00:?? = +1.00000000E+00
84D4 : SEC            : A=00 X=8A Y=01 SP=?? N=0 V=0 D=0 I=0 Z=1 C=1 : FWA 00-81:7D000000:00:00 = +9.76562500E-01 : FWB 00-81:80000000:00:?? = +1.00000000E+00
84D5 : LDA 41         : A=00 X=8A Y=01 SP=?? N=0 V=0 D=0 I=0 Z=1 C=1 : FWA 00-81:7D000000:00:00 = +9.76562500E-01 : FWB 00-81:80000000:00:?? = +1.00000000E+00
84D7 : SBC 35         : A=00 X=8A Y=01 SP=?? N=0 V=0 D=0 I=0 Z=1 C=1 : FWA 00-81:7D000000:00:00 = +9.76562500E-01 : FWB 00-81:80000000:00:?? = +1.00000000E+00
84D9 : STA 35         : A=00 X=8A Y=01 SP=?? N=0 V=0 D=0 I=0 Z=1 C=1 : FWA 00-81:7D000000:00:00 = +9.76562500E-01 : FWB 00-81:80000000:00:?? = +1.00000000E+00
84DB : LDA 40         : A=00 X=8A Y=01 SP=?? N=0 V=0 D=0 I=0 Z=1 C=1 : FWA 00-81:7D000000:00:00 = +9.76562500E-01 : FWB 00-81:80000000:00:?? = +1.00000000E+00
84DD : SBC 34         : A=00 X=8A Y=01 SP=?? N=0 V=0 D=0 I=0 Z=1 C=1 : FWA 00-81:7D000000:00:00 = +9.76562500E-01 : FWB 00-81:80000000:00:?? = +1.00000000E+00
84DF : STA 34         : A=00 X=8A Y=01 SP=?? N=0 V=0 D=0 I=0 Z=1 C=1 : FWA 00-81:7D000000:00:00 = +9.76562500E-01 : FWB 00-81:80000000:00:?? = +1.00000000E+00
84E1 : LDA 3F         : A=00 X=8A Y=01 SP=?? N=0 V=0 D=0 I=0 Z=1 C=1 : FWA 00-81:7D000000:00:00 = +9.76562500E-01 : FWB 00-81:80000000:00:?? = +1.00000000E+00
84E3 : SBC 33         : A=00 X=8A Y=01 SP=?? N=0 V=0 D=0 I=0 Z=1 C=1 : FWA 00-81:7D000000:00:00 = +9.76562500E-01 : FWB 00-81:80000000:00:?? = +1.00000000E+00
84E5 : STA 33         : A=00 X=8A Y=01 SP=?? N=0 V=0 D=0 I=0 Z=1 C=1 : FWA 00-81:7D000000:00:00 = +9.76562500E-01 : FWB 00-81:80000000:00:?? = +1.00000000E+00
84E7 : LDA 3E         : A=00 X=8A Y=01 SP=?? N=0 V=0 D=0 I=0 Z=1 C=1 : FWA 00-81:7D000000:00:00 = +9.76562500E-01 : FWB 00-81:80000000:00:?? = +1.00000000E+00
84E9 : SBC 32         : A=00 X=8A Y=01 SP=?? N=0 V=0 D=0 I=0 Z=1 C=1 : FWA 00-81:7D000000:00:00 = +9.76562500E-01 : FWB 00-81:80000000:00:?? = +1.00000000E+00
84EB : STA 32         : A=00 X=8A Y=01 SP=?? N=0 V=0 D=0 I=0 Z=1 C=1 : FWA 00-81:7D000000:00:00 = +9.76562500E-01 : FWB 00-81:80000000:00:?? = +1.00000000E+00
84ED : LDA 3D         : A=80 X=8A Y=01 SP=?? N=1 V=0 D=0 I=0 Z=0 C=1 : FWA 00-81:7D000000:00:00 = +9.76562500E-01 : FWB 00-81:80000000:00:?? = +1.00000000E+00
84EF : SBC 31         : A=03 X=8A Y=01 SP=?? N=0 V=1 D=0 I=0 Z=0 C=1 : FWA 00-81:7D000000:00:00 = +9.76562500E-01 : FWB 00-81:80000000:00:?? = +1.00000000E+00
84F1 : JMP 8304       : A=03 X=8A Y=01 SP=?? N=0 V=1 D=0 I=0 Z=0 C=1 : FWA 00-81:7D000000:00:00 = +9.76562500E-01 : FWB 00-81:80000000:00:?? = +1.00000000E+00
8304 : BMI 8346       : A=03 X=8A Y=01 SP=?? N=0 V=1 D=0 I=0 Z=0 C=1 : FWA 00-81:7D000000:00:00 = +9.76562500E-01 : FWB 00-81:80000000:00:?? = +1.00000000E+00
8306 : BNE 832F       : A=03 X=8A Y=01 SP=?? N=0 V=1 D=0 I=0 Z=0 C=1 : FWA 00-81:7D000000:00:00 = +9.76562500E-01 : FWB 00-81:80000000:00:?? = +1.00000000E+00
832F : LDY 30         : A=03 X=8A Y=81 SP=?? N=1 V=1 D=0 I=0 Z=0 C=1 : FWA 00-81:7D000000:00:00 = +9.76562500E-01 : FWB 00-81:80000000:00:?? = +1.00000000E+00
8331 : DEY            : A=03 X=8A Y=80 SP=?? N=1 V=1 D=0 I=0 Z=0 C=1 : FWA 00-81:7D000000:00:00 = +9.76562500E-01 : FWB 00-81:80000000:00:?? = +1.00000000E+00
8332 : ASL 35         : A=03 X=8A Y=80 SP=?? N=0 V=1 D=0 I=0 Z=1 C=0 : FWA 00-81:7D000000:00:00 = +9.76562500E-01 : FWB 00-81:80000000:00:?? = +1.00000000E+00
8334 : ROL 34         : A=03 X=8A Y=80 SP=?? N=0 V=1 D=0 I=0 Z=1 C=0 : FWA 00-81:7D000000:00:00 = +9.76562500E-01 : FWB 00-81:80000000:00:?? = +1.00000000E+00
8336 : ROL 33         : A=03 X=8A Y=80 SP=?? N=0 V=1 D=0 I=0 Z=1 C=0 : FWA 00-81:7D000000:00:00 = +9.76562500E-01 : FWB 00-81:80000000:00:?? = +1.00000000E+00
8338 : ROL 32         : A=03 X=8A Y=80 SP=?? N=0 V=1 D=0 I=0 Z=1 C=0 : FWA 00-81:7D000000:00:00 = +9.76562500E-01 : FWB 00-81:80000000:00:?? = +1.00000000E+00
833A : ROL A          : A=06 X=8A Y=80 SP=?? N=0 V=1 D=0 I=0 Z=0 C=0 : FWA 00-81:7D000000:00:00 = +9.76562500E-01 : FWB 00-81:80000000:00:?? = +1.00000000E+00
833B : BPL 8331       : A=06 X=8A Y=80 SP=?? N=0 V=1 D=0 I=0 Z=0 C=0 : FWA 00-81:7D000000:00:00 = +9.76562500E-01 : FWB 00-81:80000000:00:?? = +1.00000000E+00
8331 : DEY            : A=06 X=8A Y=7F SP=?? N=0 V=1 D=0 I=0 Z=0 C=0 : FWA 00-81:7D000000:00:00 = +9.76562500E-01 : FWB 00-81:80000000:00:?? = +1.00000000E+00
8332 : ASL 35         : A=06 X=8A Y=7F SP=?? N=0 V=1 D=0 I=0 Z=1 C=0 : FWA 00-81:7D000000:00:00 = +9.76562500E-01 : FWB 00-81:80000000:00:?? = +1.00000000E+00
8334 : ROL 34         : A=06 X=8A Y=7F SP=?? N=0 V=1 D=0 I=0 Z=1 C=0 : FWA 00-81:7D000000:00:00 = +9.76562500E-01 : FWB 00-81:80000000:00:?? = +1.00000000E+00
8336 : ROL 33         : A=06 X=8A Y=7F SP=?? N=0 V=1 D=0 I=0 Z=1 C=0 : FWA 00-81:7D000000:00:00 = +9.76562500E-01 : FWB 00-81:80000000:00:?? = +1.00000000E+00
8338 : ROL 32         : A=06 X=8A Y=7F SP=?? N=0 V=1 D=0 I=0 Z=1 C=0 : FWA 00-81:7D000000:00:00 = +9.76562500E-01 : FWB 00-81:80000000:00:?? = +1.00000000E+00
833A : ROL A          : A=0C X=8A Y=7F SP=?? N=0 V=1 D=0 I=0 Z=0 C=0 : FWA 00-81:7D000000:00:00 = +9.76562500E-01 : FWB 00-81:80000000:00:?? = +1.00000000E+00
833B : BPL 8331       : A=0C X=8A Y=7F SP=?? N=0 V=1 D=0 I=0 Z=0 C=0 : FWA 00-81:7D000000:00:00 = +9.76562500E-01 : FWB 00-81:80000000:00:?? = +1.00000000E+00
8331 : DEY            : A=0C X=8A Y=7E SP=?? N=0 V=1 D=0 I=0 Z=0 C=0 : FWA 00-81:7D000000:00:00 = +9.76562500E-01 : FWB 00-81:80000000:00:?? = +1.00000000E+00
8332 : ASL 35         : A=0C X=8A Y=7E SP=?? N=0 V=1 D=0 I=0 Z=1 C=0 : FWA 00-81:7D000000:00:00 = +9.76562500E-01 : FWB 00-81:80000000:00:?? = +1.00000000E+00
8334 : ROL 34         : A=0C X=8A Y=7E SP=?? N=0 V=1 D=0 I=0 Z=1 C=0 : FWA 00-81:7D000000:00:00 = +9.76562500E-01 : FWB 00-81:80000000:00:?? = +1.00000000E+00
8336 : ROL 33         : A=0C X=8A Y=7E SP=?? N=0 V=1 D=0 I=0 Z=1 C=0 : FWA 00-81:7D000000:00:00 = +9.76562500E-01 : FWB 00-81:80000000:00:?? = +1.00000000E+00
8338 : ROL 32         : A=0C X=8A Y=7E SP=?? N=0 V=1 D=0 I=0 Z=1 C=0 : FWA 00-81:7D000000:00:00 = +9.76562500E-01 : FWB 00-81:80000000:00:?? = +1.00000000E+00
833A : ROL A          : A=18 X=8A Y=7E SP=?? N=0 V=1 D=0 I=0 Z=0 C=0 : FWA 00-81:7D000000:00:00 = +9.76562500E-01 : FWB 00-81:80000000:00:?? = +1.00000000E+00
833B : BPL 8331       : A=18 X=8A Y=7E SP=?? N=0 V=1 D=0 I=0 Z=0 C=0 : FWA 00-81:7D000000:00:00 = +9.76562500E-01 : FWB 00-81:80000000:00:?? = +1.00000000E+00
8331 : DEY            : A=18 X=8A Y=7D SP=?? N=0 V=1 D=0 I=0 Z=0 C=0 : FWA 00-81:7D000000:00:00 = +9.76562500E-01 : FWB 00-81:80000000:00:?? = +1.00000000E+00
8332 : ASL 35         : A=18 X=8A Y=7D SP=?? N=0 V=1 D=0 I=0 Z=1 C=0 : FWA 00-81:7D000000:00:00 = +9.76562500E-01 : FWB 00-81:80000000:00:?? = +1.00000000E+00
8334 : ROL 34         : A=18 X=8A Y=7D SP=?? N=0 V=1 D=0 I=0 Z=1 C=0 : FWA 00-81:7D000000:00:00 = +9.76562500E-01 : FWB 00-81:80000000:00:?? = +1.00000000E+00
8336 : ROL 33         : A=18 X=8A Y=7D SP=?? N=0 V=1 D=0 I=0 Z=1 C=0 : FWA 00-81:7D000000:00:00 = +9.76562500E-01 : FWB 00-81:80000000:00:?? = +1.00000000E+00
8338 : ROL 32         : A=18 X=8A Y=7D SP=?? N=0 V=1 D=0 I=0 Z=1 C=0 : FWA 00-81:7D000000:00:00 = +9.76562500E-01 : FWB 00-81:80000000:00:?? = +1.00000000E+00
833A : ROL A          : A=30 X=8A Y=7D SP=?? N=0 V=1 D=0 I=0 Z=0 C=0 : FWA 00-81:7D000000:00:00 = +9.76562500E-01 : FWB 00-81:80000000:00:?? = +1.00000000E+00
833B : BPL 8331       : A=30 X=8A Y=7D SP=?? N=0 V=1 D=0 I=0 Z=0 C=0 : FWA 00-81:7D000000:00:00 = +9.76562500E-01 : FWB 00-81:80000000:00:?? = +1.00000000E+00
8331 : DEY            : A=30 X=8A Y=7C SP=?? N=0 V=1 D=0 I=0 Z=0 C=0 : FWA 00-81:7D000000:00:00 = +9.76562500E-01 : FWB 00-81:80000000:00:?? = +1.00000000E+00
8332 : ASL 35         : A=30 X=8A Y=7C SP=?? N=0 V=1 D=0 I=0 Z=1 C=0 : FWA 00-81:7D000000:00:00 = +9.76562500E-01 : FWB 00-81:80000000:00:?? = +1.00000000E+00
8334 : ROL 34         : A=30 X=8A Y=7C SP=?? N=0 V=1 D=0 I=0 Z=1 C=0 : FWA 00-81:7D000000:00:00 = +9.76562500E-01 : FWB 00-81:80000000:00:?? = +1.00000000E+00
8336 : ROL 33         : A=30 X=8A Y=7C SP=?? N=0 V=1 D=0 I=0 Z=1 C=0 : FWA 00-81:7D000000:00:00 = +9.76562500E-01 : FWB 00-81:80000000:00:?? = +1.00000000E+00
8338 : ROL 32         : A=30 X=8A Y=7C SP=?? N=0 V=1 D=0 I=0 Z=1 C=0 : FWA 00-81:7D000000:00:00 = +9.76562500E-01 : FWB 00-81:80000000:00:?? = +1.00000000E+00
833A : ROL A          : A=60 X=8A Y=7C SP=?? N=0 V=1 D=0 I=0 Z=0 C=0 : FWA 00-81:7D000000:00:00 = +9.76562500E-01 : FWB 00-81:80000000:00:?? = +1.00000000E+00
833B : BPL 8331       : A=60 X=8A Y=7C SP=?? N=0 V=1 D=0 I=0 Z=0 C=0 : FWA 00-81:7D000000:00:00 = +9.76562500E-01 : FWB 00-81:80000000:00:?? = +1.00000000E+00
8331 : DEY            : A=60 X=8A Y=7B SP=?? N=0 V=1 D=0 I=0 Z=0 C=0 : FWA 00-81:7D000000:00:00 = +9.76562500E-01 : FWB 00-81:80000000:00:?? = +1.00000000E+00
8332 : ASL 35         : A=60 X=8A Y=7B SP=?? N=0 V=1 D=0 I=0 Z=1 C=0 : FWA 00-81:7D000000:00:00 = +9.76562500E-01 : FWB 00-81:80000000:00:?? = +1.00000000E+00
8334 : ROL 34         : A=60 X=8A Y=7B SP=?? N=0 V=1 D=0 I=0 Z=1 C=0 : FWA 00-81:7D000000:00:00 = +9.76562500E-01 : FWB 00-81:80000000:00:?? = +1.00000000E+00
8336 : ROL 33         : A=60 X=8A Y=7B SP=?? N=0 V=1 D=0 I=0 Z=1 C=0 : FWA 00-81:7D000000:00:00 = +9.76562500E-01 : FWB 00-81:80000000:00:?? = +1.00000000E+00
8338 : ROL 32         : A=60 X=8A Y=7B SP=?? N=0 V=1 D=0 I=0 Z=1 C=0 : FWA 00-81:7D000000:00:00 = +9.76562500E-01 : FWB 00-81:80000000:00:?? = +1.00000000E+00
833A : ROL A          : A=C0 X=8A Y=7B SP=?? N=1 V=1 D=0 I=0 Z=0 C=0 : FWA 00-81:7D000000:00:00 = +9.76562500E-01 : FWB 00-81:80000000:00:?? = +1.00000000E+00
833B : BPL 8331       : A=C0 X=8A Y=7B SP=?? N=1 V=1 D=0 I=0 Z=0 C=0 : FWA 00-81:7D000000:00:00 = +9.76562500E-01 : FWB 00-81:80000000:00:?? = +1.00000000E+00
833D : CPY 30         : A=C0 X=8A Y=7B SP=?? N=1 V=1 D=0 I=0 Z=0 C=0 : FWA 00-81:7D000000:00:00 = +9.76562500E-01 : FWB 00-81:80000000:00:?? = +1.00000000E+00
833F : STY 30         : A=C0 X=8A Y=7B SP=?? N=1 V=1 D=0 I=0 Z=0 C=0 : FWA 00-7B:7D000000:00:00 = +1.52587891E-02 : FWB 00-81:80000000:00:?? = +1.00000000E+00
8341 : BCC 8345       : A=C0 X=8A Y=7B SP=?? N=1 V=1 D=0 I=0 Z=0 C=0 : FWA 00-7B:7D000000:00:00 = +1.52587891E-02 : FWB 00-81:80000000:00:?? = +1.00000000E+00
8345 : TAY            : A=C0 X=8A Y=C0 SP=?? N=1 V=1 D=0 I=0 Z=0 C=0 : FWA 00-7B:7D000000:00:00 = +1.52587891E-02 : FWB 00-81:80000000:00:?? = +1.00000000E+00
8346 : STA 31         : A=C0 X=8A Y=C0 SP=?? N=1 V=1 D=0 I=0 Z=0 C=0 : FWA 00-7B:C0000000:00:00 = +2.34375000E-02 : FWB 00-81:80000000:00:?? = +1.00000000E+00
8348 : RTS            : A=C0 X=8A Y=C0 SP=?? N=1 V=1 D=0 I=0 Z=0 C=0 : FWA 00-7B:C0000000:00:00 = +2.34375000E-02 : FWB 00-81:80000000:00:?? = +1.00000000E+00
A712 : LDA 35         : A=00 X=8A Y=C0 SP=?? N=0 V=1 D=0 I=0 Z=1 C=0 : FWA 00-7B:C0000000:00:00 = +2.34375000E-02 : FWB 00-81:80000000:00:?? = +1.00000000E+00
A714 : BPL A725       : A=00 X=8A Y=C0 SP=?? N=0 V=1 D=0 I=0 Z=1 C=0 : FWA 00-7B:C0000000:00:00 = +2.34375000E-02 : FWB 00-81:80000000:00:?? = +1.00000000E+00
A725 : LDA 2F         : A=00 X=8A Y=C0 SP=?? N=0 V=1 D=0 I=0 Z=1 C=0 : FWA 00-7B:C0000000:00:00 = +2.34375000E-02 : FWB 00-81:80000000:00:?? = +1.00000000E+00
A727 : BEQ A739       : A=00 X=8A Y=C0 SP=?? N=0 V=1 D=0 I=0 Z=1 C=0 : FWA 00-7B:C0000000:00:00 = +2.34375000E-02 : FWB 00-81:80000000:00:?? = +1.00000000E+00
A739 : STZ 35         : A=00 X=8A Y=C0 SP=?? N=0 V=1 D=0 I=0 Z=1 C=0 : FWA 00-7B:C0000000:00:00 = +2.34375000E-02 : FWB 00-81:80000000:00:?? = +1.00000000E+00
A73B : LDA #FF        : A=FF X=8A Y=C0 SP=?? N=1 V=1 D=0 I=0 Z=0 C=0 : FWA 00-7B:C0000000:00:00 = +2.34375000E-02 : FWB 00-81:80000000:00:?? = +1.00000000E+00
A73D : RTS            : A=FF X=8A Y=C0 SP=?? N=1 V=1 D=0 I=0 Z=0 C=0 : FWA 00-7B:C0000000:00:00 = +2.34375000E-02 : FWB 00-81:80000000:00:?? = +1.00000000E+00
A5E6 : LDX 31         : A=FF X=C0 Y=C0 SP=?? N=1 V=1 D=0 I=0 Z=0 C=0 : FWA 00-7B:C0000000:00:00 = +2.34375000E-02 : FWB 00-81:80000000:00:?? = +1.00000000E+00
A5E8 : BEQ A5BA       : A=FF X=C0 Y=C0 SP=?? N=1 V=1 D=0 I=0 Z=0 C=0 : FWA 00-7B:C0000000:00:00 = +2.34375000E-02 : FWB 00-81:80000000:00:?? = +1.00000000E+00
A5EA : DEC 30         : A=FF X=C0 Y=C0 SP=?? N=0 V=1 D=0 I=0 Z=0 C=0 : FWA 00-7A:C0000000:00:00 = +1.17187500E-02 : FWB 00-81:80000000:00:?? = +1.00000000E+00
A5EC : JSR A545       : A=FF X=C0 Y=C0 SP=?? N=0 V=1 D=0 I=0 Z=0 C=0 : FWA 00-7A:C0000000:00:00 = +1.17187500E-02 : FWB 00-81:80000000:00:?? = +1.00000000E+00
A545 : LDA #6C        : A=6C X=C0 Y=C0 SP=?? N=0 V=1 D=0 I=0 Z=0 C=0 : FWA 00-7A:C0000000:00:00 = +1.17187500E-02 : FWB 00-81:80000000:00:?? = +1.00000000E+00
A547 : STA 4A         : A=6C X=C0 Y=C0 SP=?? N=0 V=1 D=0 I=0 Z=0 C=0 : FWA 00-7A:C0000000:00:00 = +1.17187500E-02 : FWB 00-81:80000000:00:?? = +1.00000000E+00
A549 : LDA #04        : A=04 X=C0 Y=C0 SP=?? N=0 V=1 D=0 I=0 Z=0 C=0 : FWA 00-7A:C0000000:00:00 = +1.17187500E-02 : FWB 00-81:80000000:00:?? = +1.00000000E+00
A54B : STA 4B         : A=04 X=C0 Y=C0 SP=?? N=0 V=1 D=0 I=0 Z=0 C=0 : FWA 00-7A:C0000000:00:00 = +1.17187500E-02 : FWB 00-81:80000000:00:?? = +1.00000000E+00
A54D : LDA 30         : A=7A X=C0 Y=C0 SP=?? N=0 V=1 D=0 I=0 Z=0 C=0 : FWA 00-7A:C0000000:00:00 = +1.17187500E-02 : FWB 00-81:80000000:00:?? = +1.00000000E+00
A54F : STA (4A)       : A=7A X=C0 Y=C0 SP=?? N=0 V=1 D=0 I=0 Z=0 C=0 : FWA 00-7A:C0000000:00:00 = +1.17187500E-02 : FWB 00-81:80000000:00:?? = +1.00000000E+00
A551 : LDY #01        : A=7A X=C0 Y=01 SP=?? N=0 V=1 D=0 I=0 Z=0 C=0 : FWA 00-7A:C0000000:00:00 = +1.17187500E-02 : FWB 00-81:80000000:00:?? = +1.00000000E+00
A553 : LDA 2E         : A=00 X=C0 Y=01 SP=?? N=0 V=1 D=0 I=0 Z=1 C=0 : FWA 00-7A:C0000000:00:00 = +1.17187500E-02 : FWB 00-81:80000000:00:?? = +1.00000000E+00
A555 : EOR 31         : A=C0 X=C0 Y=01 SP=?? N=1 V=1 D=0 I=0 Z=0 C=0 : FWA 00-7A:C0000000:00:00 = +1.17187500E-02 : FWB 00-81:80000000:00:?? = +1.00000000E+00
A557 : AND #80        : A=80 X=C0 Y=01 SP=?? N=1 V=1 D=0 I=0 Z=0 C=0 : FWA 00-7A:C0000000:00:00 = +1.17187500E-02 : FWB 00-81:80000000:00:?? = +1.00000000E+00
A559 : EOR 31         : A=40 X=C0 Y=01 SP=?? N=0 V=1 D=0 I=0 Z=0 C=0 : FWA 00-7A:C0000000:00:00 = +1.17187500E-02 : FWB 00-81:80000000:00:?? = +1.00000000E+00
A55B : STA (4A),Y     : A=40 X=C0 Y=01 SP=?? N=0 V=1 D=0 I=0 Z=0 C=0 : FWA 00-7A:C0000000:00:00 = +1.17187500E-02 : FWB 00-81:80000000:00:?? = +1.00000000E+00
A55D : LDA 32         : A=00 X=C0 Y=01 SP=?? N=0 V=1 D=0 I=0 Z=1 C=0 : FWA 00-7A:C0000000:00:00 = +1.17187500E-02 : FWB 00-81:80000000:00:?? = +1.00000000E+00
A55F : INY            : A=00 X=C0 Y=02 SP=?? N=0 V=1 D=0 I=0 Z=0 C=0 : FWA 00-7A:C0000000:00:00 = +1.17187500E-02 : FWB 00-81:80000000:00:?? = +1.00000000E+00
A560 : STA (4A),Y     : A=00 X=C0 Y=02 SP=?? N=0 V=1 D=0 I=0 Z=0 C=0 : FWA 00-7A:C0000000:00:00 = +1.17187500E-02 : FWB 00-81:80000000:00:?? = +1.00000000E+00
A562 : LDA 33         : A=00 X=C0 Y=02 SP=?? N=0 V=1 D=0 I=0 Z=1 C=0 : FWA 00-7A:C0000000:00:00 = +1.17187500E-02 : FWB 00-81:80000000:00:?? = +1.00000000E+00
A564 : INY            : A=00 X=C0 Y=03 SP=?? N=0 V=1 D=0 I=0 Z=0 C=0 : FWA 00-7A:C0000000:00:00 = +1.17187500E-02 : FWB 00-81:80000000:00:?? = +1.00000000E+00
A565 : STA (4A),Y     : A=00 X=C0 Y=03 SP=?? N=0 V=1 D=0 I=0 Z=0 C=0 : FWA 00-7A:C0000000:00:00 = +1.17187500E-02 : FWB 00-81:80000000:00:?? = +1.00000000E+00
A567 : LDA 34         : A=00 X=C0 Y=03 SP=?? N=0 V=1 D=0 I=0 Z=1 C=0 : FWA 00-7A:C0000000:00:00 = +1.17187500E-02 : FWB 00-81:80000000:00:?? = +1.00000000E+00
A569 : INY            : A=00 X=C0 Y=04 SP=?? N=0 V=1 D=0 I=0 Z=0 C=0 : FWA 00-7A:C0000000:00:00 = +1.17187500E-02 : FWB 00-81:80000000:00:?? = +1.00000000E+00
A56A : STA (4A),Y     : A=00 X=C0 Y=04 SP=?? N=0 V=1 D=0 I=0 Z=0 C=0 : FWA 00-7A:C0000000:00:00 = +1.17187500E-02 : FWB 00-81:80000000:00:?? = +1.00000000E+00
A56C : RTS            : A=00 X=C0 Y=04 SP=?? N=0 V=1 D=0 I=0 Z=0 C=0 : FWA 00-7A:C0000000:00:00 = +1.17187500E-02 : FWB 00-81:80000000:00:?? = +1.00000000E+00
A5EF : TXA            : A=C0 X=C0 Y=04 SP=?? N=1 V=1 D=0 I=0 Z=0 C=0 : FWA 00-7A:C0000000:00:00 = +1.17187500E-02 : FWB 00-81:80000000:00:?? = +1.00000000E+00
A5F0 : EOR 2E         : A=C0 X=C0 Y=04 SP=?? N=1 V=1 D=0 I=0 Z=0 C=0 : FWA 00-7A:C0000000:00:00 = +1.17187500E-02 : FWB 00-81:80000000:00:?? = +1.00000000E+00
A5F2 : STA 2E         : A=C0 X=C0 Y=04 SP=?? N=1 V=1 D=0 I=0 Z=0 C=0 : FWA C0-7A:C0000000:00:00 = -1.17187500E-02 : FWB 00-81:80000000:00:?? = +1.00000000E+00
A5F4 : JSR A5CF       : A=C0 X=C0 Y=04 SP=?? N=1 V=1 D=0 I=0 Z=0 C=0 : FWA C0-7A:C0000000:00:00 = -1.17187500E-02 : FWB 00-81:80000000:00:?? = +1.00000000E+00
A5CF : STZ 3B         : A=C0 X=C0 Y=04 SP=?? N=1 V=1 D=0 I=0 Z=0 C=0 : FWA C0-7A:C0000000:00:00 = -1.17187500E-02 : FWB 00-81:80000000:00:?? = +1.00000000E+00
A5D1 : LDY #80        : A=C0 X=C0 Y=80 SP=?? N=1 V=1 D=0 I=0 Z=0 C=0 : FWA C0-7A:C0000000:00:00 = -1.17187500E-02 : FWB 00-81:80000000:00:?? = +1.00000000E+00
A5D3 : STY 3D         : A=C0 X=C0 Y=80 SP=?? N=1 V=1 D=0 I=0 Z=0 C=0 : FWA C0-7A:C0000000:00:00 = -1.17187500E-02 : FWB 00-81:80000000:00:?? = +1.00000000E+00
A5D5 : INY            : A=C0 X=C0 Y=81 SP=?? N=1 V=1 D=0 I=0 Z=0 C=0 : FWA C0-7A:C0000000:00:00 = -1.17187500E-02 : FWB 00-81:80000000:00:?? = +1.00000000E+00
A5D6 : STY 3C         : A=C0 X=C0 Y=81 SP=?? N=1 V=1 D=0 I=0 Z=0 C=0 : FWA C0-7A:C0000000:00:00 = -1.17187500E-02 : FWB 00-81:80000000:00:?? = +1.00000000E+00
A5D8 : STZ 3E         : A=C0 X=C0 Y=81 SP=?? N=1 V=1 D=0 I=0 Z=0 C=0 : FWA C0-7A:C0000000:00:00 = -1.17187500E-02 : FWB 00-81:80000000:00:?? = +1.00000000E+00
A5DA : STZ 3F         : A=C0 X=C0 Y=81 SP=?? N=1 V=1 D=0 I=0 Z=0 C=0 : FWA C0-7A:C0000000:00:00 = -1.17187500E-02 : FWB 00-81:80000000:00:?? = +1.00000000E+00
A5DC : STZ 40         : A=C0 X=C0 Y=81 SP=?? N=1 V=1 D=0 I=0 Z=0 C=0 : FWA C0-7A:C0000000:00:00 = -1.17187500E-02 : FWB 00-81:80000000:00:?? = +1.00000000E+00
A5DE : STZ 41         : A=C0 X=C0 Y=81 SP=?? N=1 V=1 D=0 I=0 Z=0 C=0 : FWA C0-7A:C0000000:00:00 = -1.17187500E-02 : FWB 00-81:80000000:00:?? = +1.00000000E+00
A5E0 : JMP A70F       : A=C0 X=C0 Y=81 SP=?? N=1 V=1 D=0 I=0 Z=0 C=0 : FWA C0-7A:C0000000:00:00 = -1.17187500E-02 : FWB 00-81:80000000:00:?? = +1.00000000E+00
A70F : JSR 8429       : A=C0 X=C0 Y=81 SP=?? N=1 V=1 D=0 I=0 Z=0 C=0 : FWA C0-7A:C0000000:00:00 = -1.17187500E-02 : FWB 00-81:80000000:00:?? = +1.00000000E+00
8429 : LDA 31         : A=C0 X=C0 Y=81 SP=?? N=1 V=1 D=0 I=0 Z=0 C=0 : FWA C0-7A:C0000000:00:00 = -1.17187500E-02 : FWB 00-81:80000000:00:?? = +1.00000000E+00
842B : BEQ 840A       : A=C0 X=C0 Y=81 SP=?? N=1 V=1 D=0 I=0 Z=0 C=0 : FWA C0-7A:C0000000:00:00 = -1.17187500E-02 : FWB 00-81:80000000:00:?? = +1.00000000E+00
842D : SEC            : A=C0 X=C0 Y=81 SP=?? N=1 V=1 D=0 I=0 Z=0 C=1 : FWA C0-7A:C0000000:00:00 = -1.17187500E-02 : FWB 00-81:80000000:00:?? = +1.00000000E+00
842E : LDA 30         : A=7A X=C0 Y=81 SP=?? N=0 V=1 D=0 I=0 Z=0 C=1 : FWA C0-7A:C0000000:00:00 = -1.17187500E-02 : FWB 00-81:80000000:00:?? = +1.00000000E+00
8430 : SBC 3C         : A=F9 X=C0 Y=81 SP=?? N=1 V=1 D=0 I=0 Z=0 C=0 : FWA C0-7A:C0000000:00:00 = -1.17187500E-02 : FWB 00-81:80000000:00:?? = +1.00000000E+00
8432 : BEQ 84A3       : A=F9 X=C0 Y=81 SP=?? N=1 V=1 D=0 I=0 Z=0 C=0 : FWA C0-7A:C0000000:00:00 = -1.17187500E-02 : FWB 00-81:80000000:00:?? = +1.00000000E+00
8434 : BCC 846A       : A=F9 X=C0 Y=81 SP=?? N=1 V=1 D=0 I=0 Z=0 C=0 : FWA C0-7A:C0000000:00:00 = -1.17187500E-02 : FWB 00-81:80000000:00:?? = +1.00000000E+00
846A : EOR #FF        : A=06 X=C0 Y=81 SP=?? N=0 V=1 D=0 I=0 Z=0 C=0 : FWA C0-7A:C0000000:00:00 = -1.17187500E-02 : FWB 00-81:80000000:00:?? = +1.00000000E+00
846C : INC A          : A=07 X=C0 Y=81 SP=?? N=0 V=1 D=0 I=0 Z=0 C=0 : FWA C0-7A:C0000000:00:00 = -1.17187500E-02 : FWB 00-81:80000000:00:?? = +1.00000000E+00
846D : CMP #25        : A=07 X=C0 Y=81 SP=?? N=1 V=1 D=0 I=0 Z=0 C=0 : FWA C0-7A:C0000000:00:00 = -1.17187500E-02 : FWB 00-81:80000000:00:?? = +1.00000000E+00
846F : BCS 840A       : A=07 X=C0 Y=81 SP=?? N=1 V=1 D=0 I=0 Z=0 C=0 : FWA C0-7A:C0000000:00:00 = -1.17187500E-02 : FWB 00-81:80000000:00:?? = +1.00000000E+00
8471 : LDY 3C         : A=07 X=C0 Y=81 SP=?? N=1 V=1 D=0 I=0 Z=0 C=0 : FWA C0-7A:C0000000:00:00 = -1.17187500E-02 : FWB 00-81:80000000:00:?? = +1.00000000E+00
8473 : STY 30         : A=07 X=C0 Y=81 SP=?? N=1 V=1 D=0 I=0 Z=0 C=0 : FWA C0-81:C0000000:00:00 = -1.50000000E+00 : FWB 00-81:80000000:00:?? = +1.00000000E+00
8475 : TAY            : A=07 X=C0 Y=07 SP=?? N=0 V=1 D=0 I=0 Z=0 C=0 : FWA C0-81:C0000000:00:00 = -1.50000000E+00 : FWB 00-81:80000000:00:?? = +1.00000000E+00
8476 : AND #38        : A=00 X=C0 Y=07 SP=?? N=0 V=1 D=0 I=0 Z=1 C=0 : FWA C0-81:C0000000:00:00 = -1.50000000E+00 : FWB 00-81:80000000:00:?? = +1.00000000E+00
8478 : BEQ 8491       : A=00 X=C0 Y=07 SP=?? N=0 V=1 D=0 I=0 Z=1 C=0 : FWA C0-81:C0000000:00:00 = -1.50000000E+00 : FWB 00-81:80000000:00:?? = +1.00000000E+00
8491 : TYA            : A=07 X=C0 Y=07 SP=?? N=0 V=1 D=0 I=0 Z=0 C=0 : FWA C0-81:C0000000:00:00 = -1.50000000E+00 : FWB 00-81:80000000:00:?? = +1.00000000E+00
8492 : AND #07        : A=07 X=C0 Y=07 SP=?? N=0 V=1 D=0 I=0 Z=0 C=0 : FWA C0-81:C0000000:00:00 = -1.50000000E+00 : FWB 00-81:80000000:00:?? = +1.00000000E+00
8494 : BEQ 84A3       : A=07 X=C0 Y=07 SP=?? N=0 V=1 D=0 I=0 Z=0 C=0 : FWA C0-81:C0000000:00:00 = -1.50000000E+00 : FWB 00-81:80000000:00:?? = +1.00000000E+00
8496 : LSR 31         : A=07 X=C0 Y=07 SP=?? N=0 V=1 D=0 I=0 Z=0 C=0 : FWA C0-81:60000000:00:00 = -7.50000000E-01 : FWB 00-81:80000000:00:?? = +1.00000000E+00
8498 : ROR 32         : A=07 X=C0 Y=07 SP=?? N=0 V=1 D=0 I=0 Z=1 C=0 : FWA C0-81:60000000:00:00 = -7.50000000E-01 : FWB 00-81:80000000:00:?? = +1.00000000E+00
849A : ROR 33         : A=07 X=C0 Y=07 SP=?? N=0 V=1 D=0 I=0 Z=1 C=0 : FWA C0-81:60000000:00:00 = -7.50000000E-01 : FWB 00-81:80000000:00:?? = +1.00000000E+00
849C : ROR 34         : A=07 X=C0 Y=07 SP=?? N=0 V=1 D=0 I=0 Z=1 C=0 : FWA C0-81:60000000:00:00 = -7.50000000E-01 : FWB 00-81:80000000:00:?? = +1.00000000E+00
849E : ROR 35         : A=07 X=C0 Y=07 SP=?? N=0 V=1 D=0 I=0 Z=1 C=0 : FWA C0-81:60000000:00:00 = -7.50000000E-01 : FWB 00-81:80000000:00:?? = +1.00000000E+00
84A0 : DEC A          : A=06 X=C0 Y=07 SP=?? N=0 V=1 D=0 I=0 Z=0 C=0 : FWA C0-81:60000000:00:00 = -7.50000000E-01 : FWB 00-81:80000000:00:?? = +1.00000000E+00
84A1 : BNE 8496       : A=06 X=C0 Y=07 SP=?? N=0 V=1 D=0 I=0 Z=0 C=0 : FWA C0-81:60000000:00:00 = -7.50000000E-01 : FWB 00-81:80000000:00:?? = +1.00000000E+00
8496 : LSR 31         : A=06 X=C0 Y=07 SP=?? N=0 V=1 D=0 I=0 Z=0 C=0 : FWA C0-81:30000000:00:00 = -3.75000000E-01 : FWB 00-81:80000000:00:?? = +1.00000000E+00
8498 : ROR 32         : A=06 X=C0 Y=07 SP=?? N=0 V=1 D=0 I=0 Z=1 C=0 : FWA C0-81:30000000:00:00 = -3.75000000E-01 : FWB 00-81:80000000:00:?? = +1.00000000E+00
849A : ROR 33         : A=06 X=C0 Y=07 SP=?? N=0 V=1 D=0 I=0 Z=1 C=0 : FWA C0-81:30000000:00:00 = -3.75000000E-01 : FWB 00-81:80000000:00:?? = +1.00000000E+00
849C : ROR 34         : A=06 X=C0 Y=07 SP=?? N=0 V=1 D=0 I=0 Z=1 C=0 : FWA C0-81:30000000:00:00 = -3.75000000E-01 : FWB 00-81:80000000:00:?? = +1.00000000E+00
849E : ROR 35         : A=06 X=C0 Y=07 SP=?? N=0 V=1 D=0 I=0 Z=1 C=0 : FWA C0-81:30000000:00:00 = -3.75000000E-01 : FWB 00-81:80000000:00:?? = +1.00000000E+00
84A0 : DEC A          : A=05 X=C0 Y=07 SP=?? N=0 V=1 D=0 I=0 Z=0 C=0 : FWA C0-81:30000000:00:00 = -3.75000000E-01 : FWB 00-81:80000000:00:?? = +1.00000000E+00
84A1 : BNE 8496       : A=05 X=C0 Y=07 SP=?? N=0 V=1 D=0 I=0 Z=0 C=0 : FWA C0-81:30000000:00:00 = -3.75000000E-01 : FWB 00-81:80000000:00:?? = +1.00000000E+00
8496 : LSR 31         : A=05 X=C0 Y=07 SP=?? N=0 V=1 D=0 I=0 Z=0 C=0 : FWA C0-81:18000000:00:00 = -1.87500000E-01 : FWB 00-81:80000000:00:?? = +1.00000000E+00
8498 : ROR 32         : A=05 X=C0 Y=07 SP=?? N=0 V=1 D=0 I=0 Z=1 C=0 : FWA C0-81:18000000:00:00 = -1.87500000E-01 : FWB 00-81:80000000:00:?? = +1.00000000E+00
849A : ROR 33         : A=05 X=C0 Y=07 SP=?? N=0 V=1 D=0 I=0 Z=1 C=0 : FWA C0-81:18000000:00:00 = -1.87500000E-01 : FWB 00-81:80000000:00:?? = +1.00000000E+00
849C : ROR 34         : A=05 X=C0 Y=07 SP=?? N=0 V=1 D=0 I=0 Z=1 C=0 : FWA C0-81:18000000:00:00 = -1.87500000E-01 : FWB 00-81:80000000:00:?? = +1.00000000E+00
849E : ROR 35         : A=05 X=C0 Y=07 SP=?? N=0 V=1 D=0 I=0 Z=1 C=0 : FWA C0-81:18000000:00:00 = -1.87500000E-01 : FWB 00-81:80000000:00:?? = +1.00000000E+00
84A0 : DEC A          : A=04 X=C0 Y=07 SP=?? N=0 V=1 D=0 I=0 Z=0 C=0 : FWA C0-81:18000000:00:00 = -1.87500000E-01 : FWB 00-81:80000000:00:?? = +1.00000000E+00
84A1 : BNE 8496       : A=04 X=C0 Y=07 SP=?? N=0 V=1 D=0 I=0 Z=0 C=0 : FWA C0-81:18000000:00:00 = -1.87500000E-01 : FWB 00-81:80000000:00:?? = +1.00000000E+00
8496 : LSR 31         : A=04 X=C0 Y=07 SP=?? N=0 V=1 D=0 I=0 Z=0 C=0 : FWA C0-81:0C000000:00:00 = -9.37500000E-02 : FWB 00-81:80000000:00:?? = +1.00000000E+00
8498 : ROR 32         : A=04 X=C0 Y=07 SP=?? N=0 V=1 D=0 I=0 Z=1 C=0 : FWA C0-81:0C000000:00:00 = -9.37500000E-02 : FWB 00-81:80000000:00:?? = +1.00000000E+00
849A : ROR 33         : A=04 X=C0 Y=07 SP=?? N=0 V=1 D=0 I=0 Z=1 C=0 : FWA C0-81:0C000000:00:00 = -9.37500000E-02 : FWB 00-81:80000000:00:?? = +1.00000000E+00
849C : ROR 34         : A=04 X=C0 Y=07 SP=?? N=0 V=1 D=0 I=0 Z=1 C=0 : FWA C0-81:0C000000:00:00 = -9.37500000E-02 : FWB 00-81:80000000:00:?? = +1.00000000E+00
849E : ROR 35         : A=04 X=C0 Y=07 SP=?? N=0 V=1 D=0 I=0 Z=1 C=0 : FWA C0-81:0C000000:00:00 = -9.37500000E-02 : FWB 00-81:80000000:00:?? = +1.00000000E+00
84A0 : DEC A          : A=03 X=C0 Y=07 SP=?? N=0 V=1 D=0 I=0 Z=0 C=0 : FWA C0-81:0C000000:00:00 = -9.37500000E-02 : FWB 00-81:80000000:00:?? = +1.00000000E+00
84A1 : BNE 8496       : A=03 X=C0 Y=07 SP=?? N=0 V=1 D=0 I=0 Z=0 C=0 : FWA C0-81:0C000000:00:00 = -9.37500000E-02 : FWB 00-81:80000000:00:?? = +1.00000000E+00
8496 : LSR 31         : A=03 X=C0 Y=07 SP=?? N=0 V=1 D=0 I=0 Z=0 C=0 : FWA C0-81:06000000:00:00 = -4.68750000E-02 : FWB 00-81:80000000:00:?? = +1.00000000E+00
8498 : ROR 32         : A=03 X=C0 Y=07 SP=?? N=0 V=1 D=0 I=0 Z=1 C=0 : FWA C0-81:06000000:00:00 = -4.68750000E-02 : FWB 00-81:80000000:00:?? = +1.00000000E+00
849A : ROR 33         : A=03 X=C0 Y=07 SP=?? N=0 V=1 D=0 I=0 Z=1 C=0 : FWA C0-81:06000000:00:00 = -4.68750000E-02 : FWB 00-81:80000000:00:?? = +1.00000000E+00
849C : ROR 34         : A=03 X=C0 Y=07 SP=?? N=0 V=1 D=0 I=0 Z=1 C=0 : FWA C0-81:06000000:00:00 = -4.68750000E-02 : FWB 00-81:80000000:00:?? = +1.00000000E+00
849E : ROR 35         : A=03 X=C0 Y=07 SP=?? N=0 V=1 D=0 I=0 Z=1 C=0 : FWA C0-81:06000000:00:00 = -4.68750000E-02 : FWB 00-81:80000000:00:?? = +1.00000000E+00
84A0 : DEC A          : A=02 X=C0 Y=07 SP=?? N=0 V=1 D=0 I=0 Z=0 C=0 : FWA C0-81:06000000:00:00 = -4.68750000E-02 : FWB 00-81:80000000:00:?? = +1.00000000E+00
84A1 : BNE 8496       : A=02 X=C0 Y=07 SP=?? N=0 V=1 D=0 I=0 Z=0 C=0 : FWA C0-81:06000000:00:00 = -4.68750000E-02 : FWB 00-81:80000000:00:?? = +1.00000000E+00
8496 : LSR 31         : A=02 X=C0 Y=07 SP=?? N=0 V=1 D=0 I=0 Z=0 C=0 : FWA C0-81:03000000:00:00 = -2.34375000E-02 : FWB 00-81:80000000:00:?? = +1.00000000E+00
8498 : ROR 32         : A=02 X=C0 Y=07 SP=?? N=0 V=1 D=0 I=0 Z=1 C=0 : FWA C0-81:03000000:00:00 = -2.34375000E-02 : FWB 00-81:80000000:00:?? = +1.00000000E+00
849A : ROR 33         : A=02 X=C0 Y=07 SP=?? N=0 V=1 D=0 I=0 Z=1 C=0 : FWA C0-81:03000000:00:00 = -2.34375000E-02 : FWB 00-81:80000000:00:?? = +1.00000000E+00
849C : ROR 34         : A=02 X=C0 Y=07 SP=?? N=0 V=1 D=0 I=0 Z=1 C=0 : FWA C0-81:03000000:00:00 = -2.34375000E-02 : FWB 00-81:80000000:00:?? = +1.00000000E+00
849E : ROR 35         : A=02 X=C0 Y=07 SP=?? N=0 V=1 D=0 I=0 Z=1 C=0 : FWA C0-81:03000000:00:00 = -2.34375000E-02 : FWB 00-81:80000000:00:?? = +1.00000000E+00
84A0 : DEC A          : A=01 X=C0 Y=07 SP=?? N=0 V=1 D=0 I=0 Z=0 C=0 : FWA C0-81:03000000:00:00 = -2.34375000E-02 : FWB 00-81:80000000:00:?? = +1.00000000E+00
84A1 : BNE 8496       : A=01 X=C0 Y=07 SP=?? N=0 V=1 D=0 I=0 Z=0 C=0 : FWA C0-81:03000000:00:00 = -2.34375000E-02 : FWB 00-81:80000000:00:?? = +1.00000000E+00
8496 : LSR 31         : A=01 X=C0 Y=07 SP=?? N=0 V=1 D=0 I=0 Z=0 C=1 : FWA C0-81:01000000:00:00 = -7.81250000E-03 : FWB 00-81:80000000:00:?? = +1.00000000E+00
8498 : ROR 32         : A=01 X=C0 Y=07 SP=?? N=1 V=1 D=0 I=0 Z=0 C=0 : FWA C0-81:01800000:00:00 = -1.17187500E-02 : FWB 00-81:80000000:00:?? = +1.00000000E+00
849A : ROR 33         : A=01 X=C0 Y=07 SP=?? N=0 V=1 D=0 I=0 Z=1 C=0 : FWA C0-81:01800000:00:00 = -1.17187500E-02 : FWB 00-81:80000000:00:?? = +1.00000000E+00
849C : ROR 34         : A=01 X=C0 Y=07 SP=?? N=0 V=1 D=0 I=0 Z=1 C=0 : FWA C0-81:01800000:00:00 = -1.17187500E-02 : FWB 00-81:80000000:00:?? = +1.00000000E+00
849E : ROR 35         : A=01 X=C0 Y=07 SP=?? N=0 V=1 D=0 I=0 Z=1 C=0 : FWA C0-81:01800000:00:00 = -1.17187500E-02 : FWB 00-81:80000000:00:?? = +1.00000000E+00
84A0 : DEC A          : A=00 X=C0 Y=07 SP=?? N=0 V=1 D=0 I=0 Z=1 C=0 : FWA C0-81:01800000:00:00 = -1.17187500E-02 : FWB 00-81:80000000:00:?? = +1.00000000E+00
84A1 : BNE 8496       : A=00 X=C0 Y=07 SP=?? N=0 V=1 D=0 I=0 Z=1 C=0 : FWA C0-81:01800000:00:00 = -1.17187500E-02 : FWB 00-81:80000000:00:?? = +1.00000000E+00
84A3 : LDA 2E         : A=C0 X=C0 Y=07 SP=?? N=1 V=1 D=0 I=0 Z=0 C=0 : FWA C0-81:01800000:00:00 = -1.17187500E-02 : FWB 00-81:80000000:00:?? = +1.00000000E+00
84A5 : EOR 3B         : A=C0 X=C0 Y=07 SP=?? N=1 V=1 D=0 I=0 Z=0 C=0 : FWA C0-81:01800000:00:00 = -1.17187500E-02 : FWB 00-81:80000000:00:?? = +1.00000000E+00
84A7 : BMI 84AD       : A=C0 X=C0 Y=07 SP=?? N=1 V=1 D=0 I=0 Z=0 C=0 : FWA C0-81:01800000:00:00 = -1.17187500E-02 : FWB 00-81:80000000:00:?? = +1.00000000E+00
84AD : LDA 31         : A=01 X=C0 Y=07 SP=?? N=0 V=1 D=0 I=0 Z=0 C=0 : FWA C0-81:01800000:00:00 = -1.17187500E-02 : FWB 00-81:80000000:00:?? = +1.00000000E+00
84AF : CMP 3D         : A=01 X=C0 Y=07 SP=?? N=1 V=1 D=0 I=0 Z=0 C=0 : FWA C0-81:01800000:00:00 = -1.17187500E-02 : FWB 00-81:80000000:00:?? = +1.00000000E+00
84B1 : BNE 84CE       : A=01 X=C0 Y=07 SP=?? N=1 V=1 D=0 I=0 Z=0 C=0 : FWA C0-81:01800000:00:00 = -1.17187500E-02 : FWB 00-81:80000000:00:?? = +1.00000000E+00
84CE : BCS 84F4       : A=01 X=C0 Y=07 SP=?? N=1 V=1 D=0 I=0 Z=0 C=0 : FWA C0-81:01800000:00:00 = -1.17187500E-02 : FWB 00-81:80000000:00:?? = +1.00000000E+00
84D0 : LDA 3B         : A=00 X=C0 Y=07 SP=?? N=0 V=1 D=0 I=0 Z=1 C=0 : FWA C0-81:01800000:00:00 = -1.17187500E-02 : FWB 00-81:80000000:00:?? = +1.00000000E+00
84D2 : STA 2E         : A=00 X=C0 Y=07 SP=?? N=0 V=1 D=0 I=0 Z=1 C=0 : FWA 00-81:01800000:00:00 = +1.17187500E-02 : FWB 00-81:80000000:00:?? = +1.00000000E+00
84D4 : SEC            : A=00 X=C0 Y=07 SP=?? N=0 V=1 D=0 I=0 Z=1 C=1 : FWA 00-81:01800000:00:00 = +1.17187500E-02 : FWB 00-81:80000000:00:?? = +1.00000000E+00
84D5 : LDA 41         : A=00 X=C0 Y=07 SP=?? N=0 V=1 D=0 I=0 Z=1 C=1 : FWA 00-81:01800000:00:00 = +1.17187500E-02 : FWB 00-81:80000000:00:?? = +1.00000000E+00
84D7 : SBC 35         : A=00 X=C0 Y=07 SP=?? N=0 V=0 D=0 I=0 Z=1 C=1 : FWA 00-81:01800000:00:00 = +1.17187500E-02 : FWB 00-81:80000000:00:?? = +1.00000000E+00
84D9 : STA 35         : A=00 X=C0 Y=07 SP=?? N=0 V=0 D=0 I=0 Z=1 C=1 : FWA 00-81:01800000:00:00 = +1.17187500E-02 : FWB 00-81:80000000:00:?? = +1.00000000E+00
84DB : LDA 40         : A=00 X=C0 Y=07 SP=?? N=0 V=0 D=0 I=0 Z=1 C=1 : FWA 00-81:01800000:00:00 = +1.17187500E-02 : FWB 00-81:80000000:00:?? = +1.00000000E+00
84DD : SBC 34         : A=00 X=C0 Y=07 SP=?? N=0 V=0 D=0 I=0 Z=1 C=1 : FWA 00-81:01800000:00:00 = +1.17187500E-02 : FWB 00-81:80000000:00:?? = +1.00000000E+00
84DF : STA 34         : A=00 X=C0 Y=07 SP=?? N=0 V=0 D=0 I=0 Z=1 C=1 : FWA 00-81:01800000:00:00 = +1.17187500E-02 : FWB 00-81:80000000:00:?? = +1.00000000E+00
84E1 : LDA 3F         : A=00 X=C0 Y=07 SP=?? N=0 V=0 D=0 I=0 Z=1 C=1 : FWA 00-81:01800000:00:00 = +1.17187500E-02 : FWB 00-81:80000000:00:?? = +1.00000000E+00
84E3 : SBC 33         : A=00 X=C0 Y=07 SP=?? N=0 V=0 D=0 I=0 Z=1 C=1 : FWA 00-81:01800000:00:00 = +1.17187500E-02 : FWB 00-81:80000000:00:?? = +1.00000000E+00
84E5 : STA 33         : A=00 X=C0 Y=07 SP=?? N=0 V=0 D=0 I=0 Z=1 C=1 : FWA 00-81:01800000:00:00 = +1.17187500E-02 : FWB 00-81:80000000:00:?? = +1.00000000E+00
84E7 : LDA 3E         : A=00 X=C0 Y=07 SP=?? N=0 V=0 D=0 I=0 Z=1 C=1 : FWA 00-81:01800000:00:00 = +1.17187500E-02 : FWB 00-81:80000000:00:?? = +1.00000000E+00
84E9 : SBC 32         : A=80 X=C0 Y=07 SP=?? N=1 V=1 D=0 I=0 Z=0 C=0 : FWA 00-81:01800000:00:00 = +1.17187500E-02 : FWB 00-81:80000000:00:?? = +1.00000000E+00
84EB : STA 32         : A=80 X=C0 Y=07 SP=?? N=1 V=1 D=0 I=0 Z=0 C=0 : FWA 00-81:01800000:00:00 = +1.17187500E-02 : FWB 00-81:80000000:00:?? = +1.00000000E+00
84ED : LDA 3D         : A=80 X=C0 Y=07 SP=?? N=1 V=1 D=0 I=0 Z=0 C=0 : FWA 00-81:01800000:00:00 = +1.17187500E-02 : FWB 00-81:80000000:00:?? = +1.00000000E+00
84EF : SBC 31         : A=7E X=C0 Y=07 SP=?? N=0 V=1 D=0 I=0 Z=0 C=1 : FWA 00-81:01800000:00:00 = +1.17187500E-02 : FWB 00-81:80000000:00:?? = +1.00000000E+00
84F1 : JMP 8304       : A=7E X=C0 Y=07 SP=?? N=0 V=1 D=0 I=0 Z=0 C=1 : FWA 00-81:01800000:00:00 = +1.17187500E-02 : FWB 00-81:80000000:00:?? = +1.00000000E+00
8304 : BMI 8346       : A=7E X=C0 Y=07 SP=?? N=0 V=1 D=0 I=0 Z=0 C=1 : FWA 00-81:01800000:00:00 = +1.17187500E-02 : FWB 00-81:80000000:00:?? = +1.00000000E+00
8306 : BNE 832F       : A=7E X=C0 Y=07 SP=?? N=0 V=1 D=0 I=0 Z=0 C=1 : FWA 00-81:01800000:00:00 = +1.17187500E-02 : FWB 00-81:80000000:00:?? = +1.00000000E+00
832F : LDY 30         : A=7E X=C0 Y=81 SP=?? N=1 V=1 D=0 I=0 Z=0 C=1 : FWA 00-81:01800000:00:00 = +1.17187500E-02 : FWB 00-81:80000000:00:?? = +1.00000000E+00
8331 : DEY            : A=7E X=C0 Y=80 SP=?? N=1 V=1 D=0 I=0 Z=0 C=1 : FWA 00-81:01800000:00:00 = +1.17187500E-02 : FWB 00-81:80000000:00:?? = +1.00000000E+00
8332 : ASL 35         : A=7E X=C0 Y=80 SP=?? N=0 V=1 D=0 I=0 Z=1 C=0 : FWA 00-81:01800000:00:00 = +1.17187500E-02 : FWB 00-81:80000000:00:?? = +1.00000000E+00
8334 : ROL 34         : A=7E X=C0 Y=80 SP=?? N=0 V=1 D=0 I=0 Z=1 C=0 : FWA 00-81:01800000:00:00 = +1.17187500E-02 : FWB 00-81:80000000:00:?? = +1.00000000E+00
8336 : ROL 33         : A=7E X=C0 Y=80 SP=?? N=0 V=1 D=0 I=0 Z=1 C=0 : FWA 00-81:01800000:00:00 = +1.17187500E-02 : FWB 00-81:80000000:00:?? = +1.00000000E+00
8338 : ROL 32         : A=7E X=C0 Y=80 SP=?? N=0 V=1 D=0 I=0 Z=1 C=1 : FWA 00-81:01000000:00:00 = +7.81250000E-03 : FWB 00-81:80000000:00:?? = +1.00000000E+00
833A : ROL A          : A=FD X=C0 Y=80 SP=?? N=1 V=1 D=0 I=0 Z=0 C=0 : FWA 00-81:01000000:00:00 = +7.81250000E-03 : FWB 00-81:80000000:00:?? = +1.00000000E+00
833B : BPL 8331       : A=FD X=C0 Y=80 SP=?? N=1 V=1 D=0 I=0 Z=0 C=0 : FWA 00-81:01000000:00:00 = +7.81250000E-03 : FWB 00-81:80000000:00:?? = +1.00000000E+00
833D : CPY 30         : A=FD X=C0 Y=80 SP=?? N=1 V=1 D=0 I=0 Z=0 C=0 : FWA 00-81:01000000:00:00 = +7.81250000E-03 : FWB 00-81:80000000:00:?? = +1.00000000E+00
833F : STY 30         : A=FD X=C0 Y=80 SP=?? N=1 V=1 D=0 I=0 Z=0 C=0 : FWA 00-80:01000000:00:00 = +3.90625000E-03 : FWB 00-81:80000000:00:?? = +1.00000000E+00
8341 : BCC 8345       : A=FD X=C0 Y=80 SP=?? N=1 V=1 D=0 I=0 Z=0 C=0 : FWA 00-80:01000000:00:00 = +3.90625000E-03 : FWB 00-81:80000000:00:?? = +1.00000000E+00
8345 : TAY            : A=FD X=C0 Y=FD SP=?? N=1 V=1 D=0 I=0 Z=0 C=0 : FWA 00-80:01000000:00:00 = +3.90625000E-03 : FWB 00-81:80000000:00:?? = +1.00000000E+00
8346 : STA 31         : A=FD X=C0 Y=FD SP=?? N=1 V=1 D=0 I=0 Z=0 C=0 : FWA 00-80:FD000000:00:00 = +9.88281250E-01 : FWB 00-81:80000000:00:?? = +1.00000000E+00
8348 : RTS            : A=FD X=C0 Y=FD SP=?? N=1 V=1 D=0 I=0 Z=0 C=0 : FWA 00-80:FD000000:00:00 = +9.88281250E-01 : FWB 00-81:80000000:00:?? = +1.00000000E+00
A712 : LDA 35         : A=00 X=C0 Y=FD SP=?? N=0 V=1 D=0 I=0 Z=1 C=0 : FWA 00-80:FD000000:00:00 = +9.88281250E-01 : FWB 00-81:80000000:00:?? = +1.00000000E+00
A714 : BPL A725       : A=00 X=C0 Y=FD SP=?? N=0 V=1 D=0 I=0 Z=1 C=0 : FWA 00-80:FD000000:00:00 = +9.88281250E-01 : FWB 00-81:80000000:00:?? = +1.00000000E+00
A725 : LDA 2F         : A=00 X=C0 Y=FD SP=?? N=0 V=1 D=0 I=0 Z=1 C=0 : FWA 00-80:FD000000:00:00 = +9.88281250E-01 : FWB 00-81:80000000:00:?? = +1.00000000E+00
A727 : BEQ A739       : A=00 X=C0 Y=FD SP=?? N=0 V=1 D=0 I=0 Z=1 C=0 : FWA 00-80:FD000000:00:00 = +9.88281250E-01 : FWB 00-81:80000000:00:?? = +1.00000000E+00
A739 : STZ 35         : A=00 X=C0 Y=FD SP=?? N=0 V=1 D=0 I=0 Z=1 C=0 : FWA 00-80:FD000000:00:00 = +9.88281250E-01 : FWB 00-81:80000000:00:?? = +1.00000000E+00
A73B : LDA #FF        : A=FF X=C0 Y=FD SP=?? N=1 V=1 D=0 I=0 Z=0 C=0 : FWA 00-80:FD000000:00:00 = +9.88281250E-01 : FWB 00-81:80000000:00:?? = +1.00000000E+00
A73D : RTS            : A=FF X=C0 Y=FD SP=?? N=1 V=1 D=0 I=0 Z=0 C=0 : FWA 00-80:FD000000:00:00 = +9.88281250E-01 : FWB 00-81:80000000:00:?? = +1.00000000E+00
A5F7 : BRA A634       : A=FF X=C0 Y=FD SP=?? N=1 V=1 D=0 I=0 Z=0 C=0 : FWA 00-80:FD000000:00:00 = +9.88281250E-01 : FWB 00-81:80000000:00:?? = +1.00000000E+00
A634 : LDA 31         : A=FD X=C0 Y=FD SP=?? N=1 V=1 D=0 I=0 Z=0 C=0 : FWA 00-80:FD000000:00:00 = +9.88281250E-01 : FWB 00-81:80000000:00:?? = +1.00000000E+00
A636 : BEQ A62C       : A=FD X=C0 Y=FD SP=?? N=1 V=1 D=0 I=0 Z=0 C=0 : FWA 00-80:FD000000:00:00 = +9.88281250E-01 : FWB 00-81:80000000:00:?? = +1.00000000E+00
A638 : JSR A514       : A=FD X=C0 Y=FD SP=?? N=1 V=1 D=0 I=0 Z=0 C=0 : FWA 00-80:FD000000:00:00 = +9.88281250E-01 : FWB 00-81:80000000:00:?? = +1.00000000E+00
A514 : STZ 41         : A=FD X=C0 Y=FD SP=?? N=1 V=1 D=0 I=0 Z=0 C=0 : FWA 00-80:FD000000:00:00 = +9.88281250E-01 : FWB 00-81:80000000:00:?? = +1.00000000E+00
A516 : LDY #04        : A=FD X=C0 Y=04 SP=?? N=0 V=1 D=0 I=0 Z=0 C=0 : FWA 00-80:FD000000:00:00 = +9.88281250E-01 : FWB 00-81:80000000:00:?? = +1.00000000E+00
A518 : LDA (4A),Y     : A=00 X=C0 Y=04 SP=?? N=0 V=1 D=0 I=0 Z=1 C=0 : FWA 00-80:FD000000:00:00 = +9.88281250E-01 : FWB 00-81:80000000:00:?? = +1.00000000E+00
A51A : STA 40         : A=00 X=C0 Y=04 SP=?? N=0 V=1 D=0 I=0 Z=1 C=0 : FWA 00-80:FD000000:00:00 = +9.88281250E-01 : FWB 00-81:80000000:00:?? = +1.00000000E+00
A51C : DEY            : A=00 X=C0 Y=03 SP=?? N=0 V=1 D=0 I=0 Z=0 C=0 : FWA 00-80:FD000000:00:00 = +9.88281250E-01 : FWB 00-81:80000000:00:?? = +1.00000000E+00
A51D : LDA (4A),Y     : A=00 X=C0 Y=03 SP=?? N=0 V=1 D=0 I=0 Z=1 C=0 : FWA 00-80:FD000000:00:00 = +9.88281250E-01 : FWB 00-81:80000000:00:?? = +1.00000000E+00
A51F : STA 3F         : A=00 X=C0 Y=03 SP=?? N=0 V=1 D=0 I=0 Z=1 C=0 : FWA 00-80:FD000000:00:00 = +9.88281250E-01 : FWB 00-81:80000000:00:?? = +1.00000000E+00
A521 : DEY            : A=00 X=C0 Y=02 SP=?? N=0 V=1 D=0 I=0 Z=0 C=0 : FWA 00-80:FD000000:00:00 = +9.88281250E-01 : FWB 00-81:80000000:00:?? = +1.00000000E+00
A522 : LDA (4A),Y     : A=00 X=C0 Y=02 SP=?? N=0 V=1 D=0 I=0 Z=1 C=0 : FWA 00-80:FD000000:00:00 = +9.88281250E-01 : FWB 00-81:80000000:00:?? = +1.00000000E+00
A524 : STA 3E         : A=00 X=C0 Y=02 SP=?? N=0 V=1 D=0 I=0 Z=1 C=0 : FWA 00-80:FD000000:00:00 = +9.88281250E-01 : FWB 00-81:80000000:00:?? = +1.00000000E+00
A526 : DEY            : A=00 X=C0 Y=01 SP=?? N=0 V=1 D=0 I=0 Z=0 C=0 : FWA 00-80:FD000000:00:00 = +9.88281250E-01 : FWB 00-81:80000000:00:?? = +1.00000000E+00
A527 : LDA (4A),Y     : A=40 X=C0 Y=01 SP=?? N=0 V=1 D=0 I=0 Z=0 C=0 : FWA 00-80:FD000000:00:00 = +9.88281250E-01 : FWB 00-81:80000000:00:?? = +1.00000000E+00
A529 : STA 3B         : A=40 X=C0 Y=01 SP=?? N=0 V=1 D=0 I=0 Z=0 C=0 : FWA 00-80:FD000000:00:00 = +9.88281250E-01 : FWB 40-81:80000000:00:?? = +1.00000000E+00
A52B : TAY            : A=40 X=C0 Y=40 SP=?? N=0 V=1 D=0 I=0 Z=0 C=0 : FWA 00-80:FD000000:00:00 = +9.88281250E-01 : FWB 40-81:80000000:00:?? = +1.00000000E+00
A52C : LDA (4A)       : A=7A X=C0 Y=40 SP=?? N=0 V=1 D=0 I=0 Z=0 C=0 : FWA 00-80:FD000000:00:00 = +9.88281250E-01 : FWB 40-81:80000000:00:?? = +1.00000000E+00
A52E : STA 3C         : A=7A X=C0 Y=40 SP=?? N=0 V=1 D=0 I=0 Z=0 C=0 : FWA 00-80:FD000000:00:00 = +9.88281250E-01 : FWB 40-7A:80000000:00:?? = +7.81250000E-03
A530 : BNE A53B       : A=7A X=C0 Y=40 SP=?? N=0 V=1 D=0 I=0 Z=0 C=0 : FWA 00-80:FD000000:00:00 = +9.88281250E-01 : FWB 40-7A:80000000:00:?? = +7.81250000E-03
A53B : TYA            : A=40 X=C0 Y=40 SP=?? N=0 V=1 D=0 I=0 Z=0 C=0 : FWA 00-80:FD000000:00:00 = +9.88281250E-01 : FWB 40-7A:80000000:00:?? = +7.81250000E-03
A53C : ORA #80        : A=C0 X=C0 Y=40 SP=?? N=1 V=1 D=0 I=0 Z=0 C=0 : FWA 00-80:FD000000:00:00 = +9.88281250E-01 : FWB 40-7A:80000000:00:?? = +7.81250000E-03
A53E : STA 3D         : A=C0 X=C0 Y=40 SP=?? N=1 V=1 D=0 I=0 Z=0 C=0 : FWA 00-80:FD000000:00:00 = +9.88281250E-01 : FWB 40-7A:C0000000:00:?? = +1.17187500E-02
A540 : RTS            : A=C0 X=C0 Y=40 SP=?? N=1 V=1 D=0 I=0 Z=0 C=0 : FWA 00-80:FD000000:00:00 = +9.88281250E-01 : FWB 40-7A:C0000000:00:?? = +1.17187500E-02
A63B : BNE A640       : A=C0 X=C0 Y=40 SP=?? N=1 V=1 D=0 I=0 Z=0 C=0 : FWA 00-80:FD000000:00:00 = +9.88281250E-01 : FWB 40-7A:C0000000:00:?? = +1.17187500E-02
A640 : LDA 3B         : A=40 X=C0 Y=40 SP=?? N=0 V=1 D=0 I=0 Z=0 C=0 : FWA 00-80:FD000000:00:00 = +9.88281250E-01 : FWB 40-7A:C0000000:00:?? = +1.17187500E-02
A642 : EOR 2E         : A=40 X=C0 Y=40 SP=?? N=0 V=1 D=0 I=0 Z=0 C=0 : FWA 00-80:FD000000:00:00 = +9.88281250E-01 : FWB 40-7A:C0000000:00:?? = +1.17187500E-02
A644 : STA 2E         : A=40 X=C0 Y=40 SP=?? N=0 V=1 D=0 I=0 Z=0 C=0 : FWA 40-80:FD000000:00:00 = +9.88281250E-01 : FWB 40-7A:C0000000:00:?? = +1.17187500E-02
A646 : SEC            : A=40 X=C0 Y=40 SP=?? N=0 V=1 D=0 I=0 Z=0 C=1 : FWA 40-80:FD000000:00:00 = +9.88281250E-01 : FWB 40-7A:C0000000:00:?? = +1.17187500E-02
A647 : LDA 3C         : A=7A X=C0 Y=40 SP=?? N=0 V=1 D=0 I=0 Z=0 C=1 : FWA 40-80:FD000000:00:00 = +9.88281250E-01 : FWB 40-7A:C0000000:00:?? = +1.17187500E-02
A649 : ADC #81        : A=FC X=C0 Y=40 SP=?? N=1 V=0 D=0 I=0 Z=0 C=0 : FWA 40-80:FD000000:00:00 = +9.88281250E-01 : FWB 40-7A:C0000000:00:?? = +1.17187500E-02
A64B : ROL 2F         : A=FC X=C0 Y=40 SP=?? N=0 V=0 D=0 I=0 Z=1 C=0 : FWA 40-80:FD000000:00:00 = +9.88281250E-01 : FWB 40-7A:C0000000:00:?? = +1.17187500E-02
A64D : SBC 30         : A=7B X=C0 Y=40 SP=?? N=0 V=0 D=0 I=0 Z=0 C=1 : FWA 40-80:FD000000:00:00 = +9.88281250E-01 : FWB 40-7A:C0000000:00:?? = +1.17187500E-02
A64F : BCS A653       : A=7B X=C0 Y=40 SP=?? N=0 V=0 D=0 I=0 Z=0 C=1 : FWA 40-80:FD000000:00:00 = +9.88281250E-01 : FWB 40-7A:C0000000:00:?? = +1.17187500E-02
A653 : STA 30         : A=7B X=C0 Y=40 SP=?? N=0 V=0 D=0 I=0 Z=0 C=1 : FWA 40-7B:FD000000:00:00 = +3.08837891E-02 : FWB 40-7A:C0000000:00:?? = +1.17187500E-02
A655 : LDA 3D         : A=C0 X=C0 Y=40 SP=?? N=1 V=0 D=0 I=0 Z=0 C=1 : FWA 40-7B:FD000000:00:00 = +3.08837891E-02 : FWB 40-7A:C0000000:00:?? = +1.17187500E-02
A657 : CLC            : A=C0 X=C0 Y=40 SP=?? N=1 V=0 D=0 I=0 Z=0 C=0 : FWA 40-7B:FD000000:00:00 = +3.08837891E-02 : FWB 40-7A:C0000000:00:?? = +1.17187500E-02
A658 : LDY #04        : A=C0 X=C0 Y=04 SP=?? N=0 V=0 D=0 I=0 Z=0 C=0 : FWA 40-7B:FD000000:00:00 = +3.08837891E-02 : FWB 40-7A:C0000000:00:?? = +1.17187500E-02
A65A : STY 3C         : A=C0 X=C0 Y=04 SP=?? N=0 V=0 D=0 I=0 Z=0 C=0 : FWA 40-7B:FD000000:00:00 = +3.08837891E-02 : FWB 40-04:C0000000:00:?? = +3.52648305E-38
A65C : LDX #08        : A=C0 X=08 Y=04 SP=?? N=0 V=0 D=0 I=0 Z=0 C=0 : FWA 40-7B:FD000000:00:00 = +3.08837891E-02 : FWB 40-04:C0000000:00:?? = +3.52648305E-38
A65E : BCS A676       : A=C0 X=08 Y=04 SP=?? N=0 V=0 D=0 I=0 Z=0 C=0 : FWA 40-7B:FD000000:00:00 = +3.08837891E-02 : FWB 40-04:C0000000:00:?? = +3.52648305E-38
A660 : CMP 31         : A=C0 X=08 Y=04 SP=?? N=1 V=0 D=0 I=0 Z=0 C=0 : FWA 40-7B:FD000000:00:00 = +3.08837891E-02 : FWB 40-04:C0000000:00:?? = +3.52648305E-38
A662 : BNE A674       : A=C0 X=08 Y=04 SP=?? N=1 V=0 D=0 I=0 Z=0 C=0 : FWA 40-7B:FD000000:00:00 = +3.08837891E-02 : FWB 40-04:C0000000:00:?? = +3.52648305E-38
A674 : BCC A68D       : A=C0 X=08 Y=04 SP=?? N=1 V=0 D=0 I=0 Z=0 C=0 : FWA 40-7B:FD000000:00:00 = +3.08837891E-02 : FWB 40-04:C0000000:00:?? = +3.52648305E-38
A68D : ROL 3B         : A=C0 X=08 Y=04 SP=?? N=1 V=0 D=0 I=0 Z=0 C=0 : FWA 40-7B:FD000000:00:00 = +3.08837891E-02 : FWB 80-04:C0000000:00:?? = -3.52648305E-38
A68F : ASL 40         : A=C0 X=08 Y=04 SP=?? N=0 V=0 D=0 I=0 Z=1 C=0 : FWA 40-7B:FD000000:00:00 = +3.08837891E-02 : FWB 80-04:C0000000:00:?? = -3.52648305E-38
A691 : ROL 3F         : A=C0 X=08 Y=04 SP=?? N=0 V=0 D=0 I=0 Z=1 C=0 : FWA 40-7B:FD000000:00:00 = +3.08837891E-02 : FWB 80-04:C0000000:00:?? = -3.52648305E-38
A693 : ROL 3E         : A=C0 X=08 Y=04 SP=?? N=0 V=0 D=0 I=0 Z=1 C=0 : FWA 40-7B:FD000000:00:00 = +3.08837891E-02 : FWB 80-04:C0000000:00:?? = -3.52648305E-38
A695 : ROL A          : A=80 X=08 Y=04 SP=?? N=1 V=0 D=0 I=0 Z=0 C=1 : FWA 40-7B:FD000000:00:00 = +3.08837891E-02 : FWB 80-04:C0000000:00:?? = -3.52648305E-38
A696 : DEX            : A=80 X=07 Y=04 SP=?? N=0 V=0 D=0 I=0 Z=0 C=1 : FWA 40-7B:FD000000:00:00 = +3.08837891E-02 : FWB 80-04:C0000000:00:?? = -3.52648305E-38
A697 : BNE A65E       : A=80 X=07 Y=04 SP=?? N=0 V=0 D=0 I=0 Z=0 C=1 : FWA 40-7B:FD000000:00:00 = +3.08837891E-02 : FWB 80-04:C0000000:00:?? = -3.52648305E-38
A65E : BCS A676       : A=80 X=07 Y=04 SP=?? N=0 V=0 D=0 I=0 Z=0 C=1 : FWA 40-7B:FD000000:00:00 = +3.08837891E-02 : FWB 80-04:C0000000:00:?? = -3.52648305E-38
A676 : TAY            : A=80 X=07 Y=80 SP=?? N=1 V=0 D=0 I=0 Z=0 C=1 : FWA 40-7B:FD000000:00:00 = +3.08837891E-02 : FWB 80-04:C0000000:00:?? = -3.52648305E-38
A677 : LDA 40         : A=00 X=07 Y=80 SP=?? N=0 V=0 D=0 I=0 Z=1 C=1 : FWA 40-7B:FD000000:00:00 = +3.08837891E-02 : FWB 80-04:C0000000:00:?? = -3.52648305E-38
A679 : SBC 34         : A=00 X=07 Y=80 SP=?? N=0 V=0 D=0 I=0 Z=1 C=1 : FWA 40-7B:FD000000:00:00 = +3.08837891E-02 : FWB 80-04:C0000000:00:?? = -3.52648305E-38
A67B : STA 40         : A=00 X=07 Y=80 SP=?? N=0 V=0 D=0 I=0 Z=1 C=1 : FWA 40-7B:FD000000:00:00 = +3.08837891E-02 : FWB 80-04:C0000000:00:?? = -3.52648305E-38
A67D : LDA 3F         : A=00 X=07 Y=80 SP=?? N=0 V=0 D=0 I=0 Z=1 C=1 : FWA 40-7B:FD000000:00:00 = +3.08837891E-02 : FWB 80-04:C0000000:00:?? = -3.52648305E-38
A67F : SBC 33         : A=00 X=07 Y=80 SP=?? N=0 V=0 D=0 I=0 Z=1 C=1 : FWA 40-7B:FD000000:00:00 = +3.08837891E-02 : FWB 80-04:C0000000:00:?? = -3.52648305E-38
A681 : STA 3F         : A=00 X=07 Y=80 SP=?? N=0 V=0 D=0 I=0 Z=1 C=1 : FWA 40-7B:FD000000:00:00 = +3.08837891E-02 : FWB 80-04:C0000000:00:?? = -3.52648305E-38
A683 : LDA 3E         : A=00 X=07 Y=80 SP=?? N=0 V=0 D=0 I=0 Z=1 C=1 : FWA 40-7B:FD000000:00:00 = +3.08837891E-02 : FWB 80-04:C0000000:00:?? = -3.52648305E-38
A685 : SBC 32         : A=00 X=07 Y=80 SP=?? N=0 V=0 D=0 I=0 Z=1 C=1 : FWA 40-7B:FD000000:00:00 = +3.08837891E-02 : FWB 80-04:C0000000:00:?? = -3.52648305E-38
A687 : STA 3E         : A=00 X=07 Y=80 SP=?? N=0 V=0 D=0 I=0 Z=1 C=1 : FWA 40-7B:FD000000:00:00 = +3.08837891E-02 : FWB 80-04:C0000000:00:?? = -3.52648305E-38
A689 : TYA            : A=80 X=07 Y=80 SP=?? N=1 V=0 D=0 I=0 Z=0 C=1 : FWA 40-7B:FD000000:00:00 = +3.08837891E-02 : FWB 80-04:C0000000:00:?? = -3.52648305E-38
A68A : SBC 31         : A=83 X=07 Y=80 SP=?? N=1 V=0 D=0 I=0 Z=0 C=0 : FWA 40-7B:FD000000:00:00 = +3.08837891E-02 : FWB 80-04:C0000000:00:?? = -3.52648305E-38
A68C : SEC            : A=83 X=07 Y=80 SP=?? N=1 V=0 D=0 I=0 Z=0 C=1 : FWA 40-7B:FD000000:00:00 = +3.08837891E-02 : FWB 80-04:C0000000:00:?? = -3.52648305E-38
A68D : ROL 3B         : A=83 X=07 Y=80 SP=?? N=0 V=0 D=0 I=0 Z=0 C=1 : FWA 40-7B:FD000000:00:00 = +3.08837891E-02 : FWB 01-04:C0000000:00:?? = +3.52648305E-38
A68F : ASL 40         : A=83 X=07 Y=80 SP=?? N=0 V=0 D=0 I=0 Z=1 C=0 : FWA 40-7B:FD000000:00:00 = +3.08837891E-02 : FWB 01-04:C0000000:00:?? = +3.52648305E-38
A691 : ROL 3F         : A=83 X=07 Y=80 SP=?? N=0 V=0 D=0 I=0 Z=1 C=0 : FWA 40-7B:FD000000:00:00 = +3.08837891E-02 : FWB 01-04:C0000000:00:?? = +3.52648305E-38
A693 : ROL 3E         : A=83 X=07 Y=80 SP=?? N=0 V=0 D=0 I=0 Z=1 C=0 : FWA 40-7B:FD000000:00:00 = +3.08837891E-02 : FWB 01-04:C0000000:00:?? = +3.52648305E-38
A695 : ROL A          : A=06 X=07 Y=80 SP=?? N=0 V=0 D=0 I=0 Z=0 C=1 : FWA 40-7B:FD000000:00:00 = +3.08837891E-02 : FWB 01-04:C0000000:00:?? = +3.52648305E-38
A696 : DEX            : A=06 X=06 Y=80 SP=?? N=0 V=0 D=0 I=0 Z=0 C=1 : FWA 40-7B:FD000000:00:00 = +3.08837891E-02 : FWB 01-04:C0000000:00:?? = +3.52648305E-38
A697 : BNE A65E       : A=06 X=06 Y=80 SP=?? N=0 V=0 D=0 I=0 Z=0 C=1 : FWA 40-7B:FD000000:00:00 = +3.08837891E-02 : FWB 01-04:C0000000:00:?? = +3.52648305E-38
A65E : BCS A676       : A=06 X=06 Y=80 SP=?? N=0 V=0 D=0 I=0 Z=0 C=1 : FWA 40-7B:FD000000:00:00 = +3.08837891E-02 : FWB 01-04:C0000000:00:?? = +3.52648305E-38
A676 : TAY            : A=06 X=06 Y=06 SP=?? N=0 V=0 D=0 I=0 Z=0 C=1 : FWA 40-7B:FD000000:00:00 = +3.08837891E-02 : FWB 01-04:C0000000:00:?? = +3.52648305E-38
A677 : LDA 40         : A=00 X=06 Y=06 SP=?? N=0 V=0 D=0 I=0 Z=1 C=1 : FWA 40-7B:FD000000:00:00 = +3.08837891E-02 : FWB 01-04:C0000000:00:?? = +3.52648305E-38
A679 : SBC 34         : A=00 X=06 Y=06 SP=?? N=0 V=0 D=0 I=0 Z=1 C=1 : FWA 40-7B:FD000000:00:00 = +3.08837891E-02 : FWB 01-04:C0000000:00:?? = +3.52648305E-38
A67B : STA 40         : A=00 X=06 Y=06 SP=?? N=0 V=0 D=0 I=0 Z=1 C=1 : FWA 40-7B:FD000000:00:00 = +3.08837891E-02 : FWB 01-04:C0000000:00:?? = +3.52648305E-38
A67D : LDA 3F         : A=00 X=06 Y=06 SP=?? N=0 V=0 D=0 I=0 Z=1 C=1 : FWA 40-7B:FD000000:00:00 = +3.08837891E-02 : FWB 01-04:C0000000:00:?? = +3.52648305E-38
A67F : SBC 33         : A=00 X=06 Y=06 SP=?? N=0 V=0 D=0 I=0 Z=1 C=1 : FWA 40-7B:FD000000:00:00 = +3.08837891E-02 : FWB 01-04:C0000000:00:?? = +3.52648305E-38
A681 : STA 3F         : A=00 X=06 Y=06 SP=?? N=0 V=0 D=0 I=0 Z=1 C=1 : FWA 40-7B:FD000000:00:00 = +3.08837891E-02 : FWB 01-04:C0000000:00:?? = +3.52648305E-38
A683 : LDA 3E         : A=00 X=06 Y=06 SP=?? N=0 V=0 D=0 I=0 Z=1 C=1 : FWA 40-7B:FD000000:00:00 = +3.08837891E-02 : FWB 01-04:C0000000:00:?? = +3.52648305E-38
A685 : SBC 32         : A=00 X=06 Y=06 SP=?? N=0 V=0 D=0 I=0 Z=1 C=1 : FWA 40-7B:FD000000:00:00 = +3.08837891E-02 : FWB 01-04:C0000000:00:?? = +3.52648305E-38
A687 : STA 3E         : A=00 X=06 Y=06 SP=?? N=0 V=0 D=0 I=0 Z=1 C=1 : FWA 40-7B:FD000000:00:00 = +3.08837891E-02 : FWB 01-04:C0000000:00:?? = +3.52648305E-38
A689 : TYA            : A=06 X=06 Y=06 SP=?? N=0 V=0 D=0 I=0 Z=0 C=1 : FWA 40-7B:FD000000:00:00 = +3.08837891E-02 : FWB 01-04:C0000000:00:?? = +3.52648305E-38
A68A : SBC 31         : A=09 X=06 Y=06 SP=?? N=0 V=0 D=0 I=0 Z=0 C=0 : FWA 40-7B:FD000000:00:00 = +3.08837891E-02 : FWB 01-04:C0000000:00:?? = +3.52648305E-38
A68C : SEC            : A=09 X=06 Y=06 SP=?? N=0 V=0 D=0 I=0 Z=0 C=1 : FWA 40-7B:FD000000:00:00 = +3.08837891E-02 : FWB 01-04:C0000000:00:?? = +3.52648305E-38
A68D : ROL 3B         : A=09 X=06 Y=06 SP=?? N=0 V=0 D=0 I=0 Z=0 C=0 : FWA 40-7B:FD000000:00:00 = +3.08837891E-02 : FWB 03-04:C0000000:00:?? = +3.52648305E-38
A68F : ASL 40         : A=09 X=06 Y=06 SP=?? N=0 V=0 D=0 I=0 Z=1 C=0 : FWA 40-7B:FD000000:00:00 = +3.08837891E-02 : FWB 03-04:C0000000:00:?? = +3.52648305E-38
A691 : ROL 3F         : A=09 X=06 Y=06 SP=?? N=0 V=0 D=0 I=0 Z=1 C=0 : FWA 40-7B:FD000000:00:00 = +3.08837891E-02 : FWB 03-04:C0000000:00:?? = +3.52648305E-38
A693 : ROL 3E         : A=09 X=06 Y=06 SP=?? N=0 V=0 D=0 I=0 Z=1 C=0 : FWA 40-7B:FD000000:00:00 = +3.08837891E-02 : FWB 03-04:C0000000:00:?? = +3.52648305E-38
A695 : ROL A          : A=12 X=06 Y=06 SP=?? N=0 V=0 D=0 I=0 Z=0 C=0 : FWA 40-7B:FD000000:00:00 = +3.08837891E-02 : FWB 03-04:C0000000:00:?? = +3.52648305E-38
A696 : DEX            : A=12 X=05 Y=06 SP=?? N=0 V=0 D=0 I=0 Z=0 C=0 : FWA 40-7B:FD000000:00:00 = +3.08837891E-02 : FWB 03-04:C0000000:00:?? = +3.52648305E-38
A697 : BNE A65E       : A=12 X=05 Y=06 SP=?? N=0 V=0 D=0 I=0 Z=0 C=0 : FWA 40-7B:FD000000:00:00 = +3.08837891E-02 : FWB 03-04:C0000000:00:?? = +3.52648305E-38
A65E : BCS A676       : A=12 X=05 Y=06 SP=?? N=0 V=0 D=0 I=0 Z=0 C=0 : FWA 40-7B:FD000000:00:00 = +3.08837891E-02 : FWB 03-04:C0000000:00:?? = +3.52648305E-38
A660 : CMP 31         : A=12 X=05 Y=06 SP=?? N=0 V=0 D=0 I=0 Z=0 C=0 : FWA 40-7B:FD000000:00:00 = +3.08837891E-02 : FWB 03-04:C0000000:00:?? = +3.52648305E-38
A662 : BNE A674       : A=12 X=05 Y=06 SP=?? N=0 V=0 D=0 I=0 Z=0 C=0 : FWA 40-7B:FD000000:00:00 = +3.08837891E-02 : FWB 03-04:C0000000:00:?? = +3.52648305E-38
A674 : BCC A68D       : A=12 X=05 Y=06 SP=?? N=0 V=0 D=0 I=0 Z=0 C=0 : FWA 40-7B:FD000000:00:00 = +3.08837891E-02 : FWB 03-04:C0000000:00:?? = +3.52648305E-38
A68D : ROL 3B         : A=12 X=05 Y=06 SP=?? N=0 V=0 D=0 I=0 Z=0 C=0 : FWA 40-7B:FD000000:00:00 = +3.08837891E-02 : FWB 06-04:C0000000:00:?? = +3.52648305E-38
A68F : ASL 40         : A=12 X=05 Y=06 SP=?? N=0 V=0 D=0 I=0 Z=1 C=0 : FWA 40-7B:FD000000:00:00 = +3.08837891E-02 : FWB 06-04:C0000000:00:?? = +3.52648305E-38
A691 : ROL 3F         : A=12 X=05 Y=06 SP=?? N=0 V=0 D=0 I=0 Z=1 C=0 : FWA 40-7B:FD000000:00:00 = +3.08837891E-02 : FWB 06-04:C0000000:00:?? = +3.52648305E-38
A693 : ROL 3E         : A=12 X=05 Y=06 SP=?? N=0 V=0 D=0 I=0 Z=1 C=0 : FWA 40-7B:FD000000:00:00 = +3.08837891E-02 : FWB 06-04:C0000000:00:?? = +3.52648305E-38
A695 : ROL A          : A=24 X=05 Y=06 SP=?? N=0 V=0 D=0 I=0 Z=0 C=0 : FWA 40-7B:FD000000:00:00 = +3.08837891E-02 : FWB 06-04:C0000000:00:?? = +3.52648305E-38
A696 : DEX            : A=24 X=04 Y=06 SP=?? N=0 V=0 D=0 I=0 Z=0 C=0 : FWA 40-7B:FD000000:00:00 = +3.08837891E-02 : FWB 06-04:C0000000:00:?? = +3.52648305E-38
A697 : BNE A65E       : A=24 X=04 Y=06 SP=?? N=0 V=0 D=0 I=0 Z=0 C=0 : FWA 40-7B:FD000000:00:00 = +3.08837891E-02 : FWB 06-04:C0000000:00:?? = +3.52648305E-38
A65E : BCS A676       : A=24 X=04 Y=06 SP=?? N=0 V=0 D=0 I=0 Z=0 C=0 : FWA 40-7B:FD000000:00:00 = +3.08837891E-02 : FWB 06-04:C0000000:00:?? = +3.52648305E-38
A660 : CMP 31         : A=24 X=04 Y=06 SP=?? N=0 V=0 D=0 I=0 Z=0 C=0 : FWA 40-7B:FD000000:00:00 = +3.08837891E-02 : FWB 06-04:C0000000:00:?? = +3.52648305E-38
A662 : BNE A674       : A=24 X=04 Y=06 SP=?? N=0 V=0 D=0 I=0 Z=0 C=0 : FWA 40-7B:FD000000:00:00 = +3.08837891E-02 : FWB 06-04:C0000000:00:?? = +3.52648305E-38
A674 : BCC A68D       : A=24 X=04 Y=06 SP=?? N=0 V=0 D=0 I=0 Z=0 C=0 : FWA 40-7B:FD000000:00:00 = +3.08837891E-02 : FWB 06-04:C0000000:00:?? = +3.52648305E-38
A68D : ROL 3B         : A=24 X=04 Y=06 SP=?? N=0 V=0 D=0 I=0 Z=0 C=0 : FWA 40-7B:FD000000:00:00 = +3.08837891E-02 : FWB 0C-04:C0000000:00:?? = +3.52648305E-38
A68F : ASL 40         : A=24 X=04 Y=06 SP=?? N=0 V=0 D=0 I=0 Z=1 C=0 : FWA 40-7B:FD000000:00:00 = +3.08837891E-02 : FWB 0C-04:C0000000:00:?? = +3.52648305E-38
A691 : ROL 3F         : A=24 X=04 Y=06 SP=?? N=0 V=0 D=0 I=0 Z=1 C=0 : FWA 40-7B:FD000000:00:00 = +3.08837891E-02 : FWB 0C-04:C0000000:00:?? = +3.52648305E-38
A693 : ROL 3E         : A=24 X=04 Y=06 SP=?? N=0 V=0 D=0 I=0 Z=1 C=0 : FWA 40-7B:FD000000:00:00 = +3.08837891E-02 : FWB 0C-04:C0000000:00:?? = +3.52648305E-38
A695 : ROL A          : A=48 X=04 Y=06 SP=?? N=0 V=0 D=0 I=0 Z=0 C=0 : FWA 40-7B:FD000000:00:00 = +3.08837891E-02 : FWB 0C-04:C0000000:00:?? = +3.52648305E-38
A696 : DEX            : A=48 X=03 Y=06 SP=?? N=0 V=0 D=0 I=0 Z=0 C=0 : FWA 40-7B:FD000000:00:00 = +3.08837891E-02 : FWB 0C-04:C0000000:00:?? = +3.52648305E-38
A697 : BNE A65E       : A=48 X=03 Y=06 SP=?? N=0 V=0 D=0 I=0 Z=0 C=0 : FWA 40-7B:FD000000:00:00 = +3.08837891E-02 : FWB 0C-04:C0000000:00:?? = +3.52648305E-38
A65E : BCS A676       : A=48 X=03 Y=06 SP=?? N=0 V=0 D=0 I=0 Z=0 C=0 : FWA 40-7B:FD000000:00:00 = +3.08837891E-02 : FWB 0C-04:C0000000:00:?? = +3.52648305E-38
A660 : CMP 31         : A=48 X=03 Y=06 SP=?? N=0 V=0 D=0 I=0 Z=0 C=0 : FWA 40-7B:FD000000:00:00 = +3.08837891E-02 : FWB 0C-04:C0000000:00:?? = +3.52648305E-38
A662 : BNE A674       : A=48 X=03 Y=06 SP=?? N=0 V=0 D=0 I=0 Z=0 C=0 : FWA 40-7B:FD000000:00:00 = +3.08837891E-02 : FWB 0C-04:C0000000:00:?? = +3.52648305E-38
A674 : BCC A68D       : A=48 X=03 Y=06 SP=?? N=0 V=0 D=0 I=0 Z=0 C=0 : FWA 40-7B:FD000000:00:00 = +3.08837891E-02 : FWB 0C-04:C0000000:00:?? = +3.52648305E-38
A68D : ROL 3B         : A=48 X=03 Y=06 SP=?? N=0 V=0 D=0 I=0 Z=0 C=0 : FWA 40-7B:FD000000:00:00 = +3.08837891E-02 : FWB 18-04:C0000000:00:?? = +3.52648305E-38
A68F : ASL 40         : A=48 X=03 Y=06 SP=?? N=0 V=0 D=0 I=0 Z=1 C=0 : FWA 40-7B:FD000000:00:00 = +3.08837891E-02 : FWB 18-04:C0000000:00:?? = +3.52648305E-38
A691 : ROL 3F         : A=48 X=03 Y=06 SP=?? N=0 V=0 D=0 I=0 Z=1 C=0 : FWA 40-7B:FD000000:00:00 = +3.08837891E-02 : FWB 18-04:C0000000:00:?? = +3.52648305E-38
A693 : ROL 3E         : A=48 X=03 Y=06 SP=?? N=0 V=0 D=0 I=0 Z=1 C=0 : FWA 40-7B:FD000000:00:00 = +3.08837891E-02 : FWB 18-04:C0000000:00:?? = +3.52648305E-38
A695 : ROL A          : A=90 X=03 Y=06 SP=?? N=1 V=0 D=0 I=0 Z=0 C=0 : FWA 40-7B:FD000000:00:00 = +3.08837891E-02 : FWB 18-04:C0000000:00:?? = +3.52648305E-38
A696 : DEX            : A=90 X=02 Y=06 SP=?? N=0 V=0 D=0 I=0 Z=0 C=0 : FWA 40-7B:FD000000:00:00 = +3.08837891E-02 : FWB 18-04:C0000000:00:?? = +3.52648305E-38
A697 : BNE A65E       : A=90 X=02 Y=06 SP=?? N=0 V=0 D=0 I=0 Z=0 C=0 : FWA 40-7B:FD000000:00:00 = +3.08837891E-02 : FWB 18-04:C0000000:00:?? = +3.52648305E-38
A65E : BCS A676       : A=90 X=02 Y=06 SP=?? N=0 V=0 D=0 I=0 Z=0 C=0 : FWA 40-7B:FD000000:00:00 = +3.08837891E-02 : FWB 18-04:C0000000:00:?? = +3.52648305E-38
A660 : CMP 31         : A=90 X=02 Y=06 SP=?? N=1 V=0 D=0 I=0 Z=0 C=0 : FWA 40-7B:FD000000:00:00 = +3.08837891E-02 : FWB 18-04:C0000000:00:?? = +3.52648305E-38
A662 : BNE A674       : A=90 X=02 Y=06 SP=?? N=1 V=0 D=0 I=0 Z=0 C=0 : FWA 40-7B:FD000000:00:00 = +3.08837891E-02 : FWB 18-04:C0000000:00:?? = +3.52648305E-38
A674 : BCC A68D       : A=90 X=02 Y=06 SP=?? N=1 V=0 D=0 I=0 Z=0 C=0 : FWA 40-7B:FD000000:00:00 = +3.08837891E-02 : FWB 18-04:C0000000:00:?? = +3.52648305E-38
A68D : ROL 3B         : A=90 X=02 Y=06 SP=?? N=0 V=0 D=0 I=0 Z=0 C=0 : FWA 40-7B:FD000000:00:00 = +3.08837891E-02 : FWB 30-04:C0000000:00:?? = +3.52648305E-38
A68F : ASL 40         : A=90 X=02 Y=06 SP=?? N=0 V=0 D=0 I=0 Z=1 C=0 : FWA 40-7B:FD000000:00:00 = +3.08837891E-02 : FWB 30-04:C0000000:00:?? = +3.52648305E-38
A691 : ROL 3F         : A=90 X=02 Y=06 SP=?? N=0 V=0 D=0 I=0 Z=1 C=0 : FWA 40-7B:FD000000:00:00 = +3.08837891E-02 : FWB 30-04:C0000000:00:?? = +3.52648305E-38
A693 : ROL 3E         : A=90 X=02 Y=06 SP=?? N=0 V=0 D=0 I=0 Z=1 C=0 : FWA 40-7B:FD000000:00:00 = +3.08837891E-02 : FWB 30-04:C0000000:00:?? = +3.52648305E-38
A695 : ROL A          : A=20 X=02 Y=06 SP=?? N=0 V=0 D=0 I=0 Z=0 C=1 : FWA 40-7B:FD000000:00:00 = +3.08837891E-02 : FWB 30-04:C0000000:00:?? = +3.52648305E-38
A696 : DEX            : A=20 X=01 Y=06 SP=?? N=0 V=0 D=0 I=0 Z=0 C=1 : FWA 40-7B:FD000000:00:00 = +3.08837891E-02 : FWB 30-04:C0000000:00:?? = +3.52648305E-38
A697 : BNE A65E       : A=20 X=01 Y=06 SP=?? N=0 V=0 D=0 I=0 Z=0 C=1 : FWA 40-7B:FD000000:00:00 = +3.08837891E-02 : FWB 30-04:C0000000:00:?? = +3.52648305E-38
A65E : BCS A676       : A=20 X=01 Y=06 SP=?? N=0 V=0 D=0 I=0 Z=0 C=1 : FWA 40-7B:FD000000:00:00 = +3.08837891E-02 : FWB 30-04:C0000000:00:?? = +3.52648305E-38
A676 : TAY            : A=20 X=01 Y=20 SP=?? N=0 V=0 D=0 I=0 Z=0 C=1 : FWA 40-7B:FD000000:00:00 = +3.08837891E-02 : FWB 30-04:C0000000:00:?? = +3.52648305E-38
A677 : LDA 40         : A=00 X=01 Y=20 SP=?? N=0 V=0 D=0 I=0 Z=1 C=1 : FWA 40-7B:FD000000:00:00 = +3.08837891E-02 : FWB 30-04:C0000000:00:?? = +3.52648305E-38
A679 : SBC 34         : A=00 X=01 Y=20 SP=?? N=0 V=0 D=0 I=0 Z=1 C=1 : FWA 40-7B:FD000000:00:00 = +3.08837891E-02 : FWB 30-04:C0000000:00:?? = +3.52648305E-38
A67B : STA 40         : A=00 X=01 Y=20 SP=?? N=0 V=0 D=0 I=0 Z=1 C=1 : FWA 40-7B:FD000000:00:00 = +3.08837891E-02 : FWB 30-04:C0000000:00:?? = +3.52648305E-38
A67D : LDA 3F         : A=00 X=01 Y=20 SP=?? N=0 V=0 D=0 I=0 Z=1 C=1 : FWA 40-7B:FD000000:00:00 = +3.08837891E-02 : FWB 30-04:C0000000:00:?? = +3.52648305E-38
A67F : SBC 33         : A=00 X=01 Y=20 SP=?? N=0 V=0 D=0 I=0 Z=1 C=1 : FWA 40-7B:FD000000:00:00 = +3.08837891E-02 : FWB 30-04:C0000000:00:?? = +3.52648305E-38
A681 : STA 3F         : A=00 X=01 Y=20 SP=?? N=0 V=0 D=0 I=0 Z=1 C=1 : FWA 40-7B:FD000000:00:00 = +3.08837891E-02 : FWB 30-04:C0000000:00:?? = +3.52648305E-38
A683 : LDA 3E         : A=00 X=01 Y=20 SP=?? N=0 V=0 D=0 I=0 Z=1 C=1 : FWA 40-7B:FD000000:00:00 = +3.08837891E-02 : FWB 30-04:C0000000:00:?? = +3.52648305E-38
A685 : SBC 32         : A=00 X=01 Y=20 SP=?? N=0 V=0 D=0 I=0 Z=1 C=1 : FWA 40-7B:FD000000:00:00 = +3.08837891E-02 : FWB 30-04:C0000000:00:?? = +3.52648305E-38
A687 : STA 3E         : A=00 X=01 Y=20 SP=?? N=0 V=0 D=0 I=0 Z=1 C=1 : FWA 40-7B:FD000000:00:00 = +3.08837891E-02 : FWB 30-04:C0000000:00:?? = +3.52648305E-38
A689 : TYA            : A=20 X=01 Y=20 SP=?? N=0 V=0 D=0 I=0 Z=0 C=1 : FWA 40-7B:FD000000:00:00 = +3.08837891E-02 : FWB 30-04:C0000000:00:?? = +3.52648305E-38
A68A : SBC 31         : A=23 X=01 Y=20 SP=?? N=0 V=0 D=0 I=0 Z=0 C=0 : FWA 40-7B:FD000000:00:00 = +3.08837891E-02 : FWB 30-04:C0000000:00:?? = +3.52648305E-38
A68C : SEC            : A=23 X=01 Y=20 SP=?? N=0 V=0 D=0 I=0 Z=0 C=1 : FWA 40-7B:FD000000:00:00 = +3.08837891E-02 : FWB 30-04:C0000000:00:?? = +3.52648305E-38
A68D : ROL 3B         : A=23 X=01 Y=20 SP=?? N=0 V=0 D=0 I=0 Z=0 C=0 : FWA 40-7B:FD000000:00:00 = +3.08837891E-02 : FWB 61-04:C0000000:00:?? = +3.52648305E-38
A68F : ASL 40         : A=23 X=01 Y=20 SP=?? N=0 V=0 D=0 I=0 Z=1 C=0 : FWA 40-7B:FD000000:00:00 = +3.08837891E-02 : FWB 61-04:C0000000:00:?? = +3.52648305E-38
A691 : ROL 3F         : A=23 X=01 Y=20 SP=?? N=0 V=0 D=0 I=0 Z=1 C=0 : FWA 40-7B:FD000000:00:00 = +3.08837891E-02 : FWB 61-04:C0000000:00:?? = +3.52648305E-38
A693 : ROL 3E         : A=23 X=01 Y=20 SP=?? N=0 V=0 D=0 I=0 Z=1 C=0 : FWA 40-7B:FD000000:00:00 = +3.08837891E-02 : FWB 61-04:C0000000:00:?? = +3.52648305E-38
A695 : ROL A          : A=46 X=01 Y=20 SP=?? N=0 V=0 D=0 I=0 Z=0 C=0 : FWA 40-7B:FD000000:00:00 = +3.08837891E-02 : FWB 61-04:C0000000:00:?? = +3.52648305E-38
A696 : DEX            : A=46 X=00 Y=20 SP=?? N=0 V=0 D=0 I=0 Z=1 C=0 : FWA 40-7B:FD000000:00:00 = +3.08837891E-02 : FWB 61-04:C0000000:00:?? = +3.52648305E-38
A697 : BNE A65E       : A=46 X=00 Y=20 SP=?? N=0 V=0 D=0 I=0 Z=1 C=0 : FWA 40-7B:FD000000:00:00 = +3.08837891E-02 : FWB 61-04:C0000000:00:?? = +3.52648305E-38
A699 : LDX 3B         : A=46 X=61 Y=20 SP=?? N=0 V=0 D=0 I=0 Z=0 C=0 : FWA 40-7B:FD000000:00:00 = +3.08837891E-02 : FWB 61-04:C0000000:00:?? = +3.52648305E-38
A69B : PHX            : A=46 X=61 Y=20 SP=?? N=0 V=0 D=0 I=0 Z=0 C=0 : FWA 40-7B:FD000000:00:00 = +3.08837891E-02 : FWB 61-04:C0000000:00:?? = +3.52648305E-38
A69C : DEC 3C         : A=46 X=61 Y=20 SP=?? N=0 V=0 D=0 I=0 Z=0 C=0 : FWA 40-7B:FD000000:00:00 = +3.08837891E-02 : FWB 61-03:C0000000:00:?? = +1.76324153E-38
A69E : BNE A65C       : A=46 X=61 Y=20 SP=?? N=0 V=0 D=0 I=0 Z=0 C=0 : FWA 40-7B:FD000000:00:00 = +3.08837891E-02 : FWB 61-03:C0000000:00:?? = +1.76324153E-38
A65C : LDX #08        : A=46 X=08 Y=20 SP=?? N=0 V=0 D=0 I=0 Z=0 C=0 : FWA 40-7B:FD000000:00:00 = +3.08837891E-02 : FWB 61-03:C0000000:00:?? = +1.76324153E-38
A65E : BCS A676       : A=46 X=08 Y=20 SP=?? N=0 V=0 D=0 I=0 Z=0 C=0 : FWA 40-7B:FD000000:00:00 = +3.08837891E-02 : FWB 61-03:C0000000:00:?? = +1.76324153E-38
A660 : CMP 31         : A=46 X=08 Y=20 SP=?? N=0 V=0 D=0 I=0 Z=0 C=0 : FWA 40-7B:FD000000:00:00 = +3.08837891E-02 : FWB 61-03:C0000000:00:?? = +1.76324153E-38
A662 : BNE A674       : A=46 X=08 Y=20 SP=?? N=0 V=0 D=0 I=0 Z=0 C=0 : FWA 40-7B:FD000000:00:00 = +3.08837891E-02 : FWB 61-03:C0000000:00:?? = +1.76324153E-38
A674 : BCC A68D       : A=46 X=08 Y=20 SP=?? N=0 V=0 D=0 I=0 Z=0 C=0 : FWA 40-7B:FD000000:00:00 = +3.08837891E-02 : FWB 61-03:C0000000:00:?? = +1.76324153E-38
A68D : ROL 3B         : A=46 X=08 Y=20 SP=?? N=1 V=0 D=0 I=0 Z=0 C=0 : FWA 40-7B:FD000000:00:00 = +3.08837891E-02 : FWB C2-03:C0000000:00:?? = -1.76324153E-38
A68F : ASL 40         : A=46 X=08 Y=20 SP=?? N=0 V=0 D=0 I=0 Z=1 C=0 : FWA 40-7B:FD000000:00:00 = +3.08837891E-02 : FWB C2-03:C0000000:00:?? = -1.76324153E-38
A691 : ROL 3F         : A=46 X=08 Y=20 SP=?? N=0 V=0 D=0 I=0 Z=1 C=0 : FWA 40-7B:FD000000:00:00 = +3.08837891E-02 : FWB C2-03:C0000000:00:?? = -1.76324153E-38
A693 : ROL 3E         : A=46 X=08 Y=20 SP=?? N=0 V=0 D=0 I=0 Z=1 C=0 : FWA 40-7B:FD000000:00:00 = +3.08837891E-02 : FWB C2-03:C0000000:00:?? = -1.76324153E-38
A695 : ROL A          : A=8C X=08 Y=20 SP=?? N=1 V=0 D=0 I=0 Z=0 C=0 : FWA 40-7B:FD000000:00:00 = +3.08837891E-02 : FWB C2-03:C0000000:00:?? = -1.76324153E-38
A696 : DEX            : A=8C X=07 Y=20 SP=?? N=0 V=0 D=0 I=0 Z=0 C=0 : FWA 40-7B:FD000000:00:00 = +3.08837891E-02 : FWB C2-03:C0000000:00:?? = -1.76324153E-38
A697 : BNE A65E       : A=8C X=07 Y=20 SP=?? N=0 V=0 D=0 I=0 Z=0 C=0 : FWA 40-7B:FD000000:00:00 = +3.08837891E-02 : FWB C2-03:C0000000:00:?? = -1.76324153E-38
A65E : BCS A676       : A=8C X=07 Y=20 SP=?? N=0 V=0 D=0 I=0 Z=0 C=0 : FWA 40-7B:FD000000:00:00 = +3.08837891E-02 : FWB C2-03:C0000000:00:?? = -1.76324153E-38
A660 : CMP 31         : A=8C X=07 Y=20 SP=?? N=1 V=0 D=0 I=0 Z=0 C=0 : FWA 40-7B:FD000000:00:00 = +3.08837891E-02 : FWB C2-03:C0000000:00:?? = -1.76324153E-38
A662 : BNE A674       : A=8C X=07 Y=20 SP=?? N=1 V=0 D=0 I=0 Z=0 C=0 : FWA 40-7B:FD000000:00:00 = +3.08837891E-02 : FWB C2-03:C0000000:00:?? = -1.76324153E-38
A674 : BCC A68D       : A=8C X=07 Y=20 SP=?? N=1 V=0 D=0 I=0 Z=0 C=0 : FWA 40-7B:FD000000:00:00 = +3.08837891E-02 : FWB C2-03:C0000000:00:?? = -1.76324153E-38
A68D : ROL 3B         : A=8C X=07 Y=20 SP=?? N=1 V=0 D=0 I=0 Z=0 C=1 : FWA 40-7B:FD000000:00:00 = +3.08837891E-02 : FWB 84-03:C0000000:00:?? = -1.76324153E-38
A68F : ASL 40         : A=8C X=07 Y=20 SP=?? N=0 V=0 D=0 I=0 Z=1 C=0 : FWA 40-7B:FD000000:00:00 = +3.08837891E-02 : FWB 84-03:C0000000:00:?? = -1.76324153E-38
A691 : ROL 3F         : A=8C X=07 Y=20 SP=?? N=0 V=0 D=0 I=0 Z=1 C=0 : FWA 40-7B:FD000000:00:00 = +3.08837891E-02 : FWB 84-03:C0000000:00:?? = -1.76324153E-38
A693 : ROL 3E         : A=8C X=07 Y=20 SP=?? N=0 V=0 D=0 I=0 Z=1 C=0 : FWA 40-7B:FD000000:00:00 = +3.08837891E-02 : FWB 84-03:C0000000:00:?? = -1.76324153E-38
A695 : ROL A          : A=18 X=07 Y=20 SP=?? N=0 V=0 D=0 I=0 Z=0 C=1 : FWA 40-7B:FD000000:00:00 = +3.08837891E-02 : FWB 84-03:C0000000:00:?? = -1.76324153E-38
A696 : DEX            : A=18 X=06 Y=20 SP=?? N=0 V=0 D=0 I=0 Z=0 C=1 : FWA 40-7B:FD000000:00:00 = +3.08837891E-02 : FWB 84-03:C0000000:00:?? = -1.76324153E-38
A697 : BNE A65E       : A=18 X=06 Y=20 SP=?? N=0 V=0 D=0 I=0 Z=0 C=1 : FWA 40-7B:FD000000:00:00 = +3.08837891E-02 : FWB 84-03:C0000000:00:?? = -1.76324153E-38
A65E : BCS A676       : A=18 X=06 Y=20 SP=?? N=0 V=0 D=0 I=0 Z=0 C=1 : FWA 40-7B:FD000000:00:00 = +3.08837891E-02 : FWB 84-03:C0000000:00:?? = -1.76324153E-38
A676 : TAY            : A=18 X=06 Y=18 SP=?? N=0 V=0 D=0 I=0 Z=0 C=1 : FWA 40-7B:FD000000:00:00 = +3.08837891E-02 : FWB 84-03:C0000000:00:?? = -1.76324153E-38
A677 : LDA 40         : A=00 X=06 Y=18 SP=?? N=0 V=0 D=0 I=0 Z=1 C=1 : FWA 40-7B:FD000000:00:00 = +3.08837891E-02 : FWB 84-03:C0000000:00:?? = -1.76324153E-38
A679 : SBC 34         : A=00 X=06 Y=18 SP=?? N=0 V=0 D=0 I=0 Z=1 C=1 : FWA 40-7B:FD000000:00:00 = +3.08837891E-02 : FWB 84-03:C0000000:00:?? = -1.76324153E-38
A67B : STA 40         : A=00 X=06 Y=18 SP=?? N=0 V=0 D=0 I=0 Z=1 C=1 : FWA 40-7B:FD000000:00:00 = +3.08837891E-02 : FWB 84-03:C0000000:00:?? = -1.76324153E-38
A67D : LDA 3F         : A=00 X=06 Y=18 SP=?? N=0 V=0 D=0 I=0 Z=1 C=1 : FWA 40-7B:FD000000:00:00 = +3.08837891E-02 : FWB 84-03:C0000000:00:?? = -1.76324153E-38
A67F : SBC 33         : A=00 X=06 Y=18 SP=?? N=0 V=0 D=0 I=0 Z=1 C=1 : FWA 40-7B:FD000000:00:00 = +3.08837891E-02 : FWB 84-03:C0000000:00:?? = -1.76324153E-38
A681 : STA 3F         : A=00 X=06 Y=18 SP=?? N=0 V=0 D=0 I=0 Z=1 C=1 : FWA 40-7B:FD000000:00:00 = +3.08837891E-02 : FWB 84-03:C0000000:00:?? = -1.76324153E-38
A683 : LDA 3E         : A=00 X=06 Y=18 SP=?? N=0 V=0 D=0 I=0 Z=1 C=1 : FWA 40-7B:FD000000:00:00 = +3.08837891E-02 : FWB 84-03:C0000000:00:?? = -1.76324153E-38
A685 : SBC 32         : A=00 X=06 Y=18 SP=?? N=0 V=0 D=0 I=0 Z=1 C=1 : FWA 40-7B:FD000000:00:00 = +3.08837891E-02 : FWB 84-03:C0000000:00:?? = -1.76324153E-38
A687 : STA 3E         : A=00 X=06 Y=18 SP=?? N=0 V=0 D=0 I=0 Z=1 C=1 : FWA 40-7B:FD000000:00:00 = +3.08837891E-02 : FWB 84-03:C0000000:00:?? = -1.76324153E-38
A689 : TYA            : A=18 X=06 Y=18 SP=?? N=0 V=0 D=0 I=0 Z=0 C=1 : FWA 40-7B:FD000000:00:00 = +3.08837891E-02 : FWB 84-03:C0000000:00:?? = -1.76324153E-38
A68A : SBC 31         : A=1B X=06 Y=18 SP=?? N=0 V=0 D=0 I=0 Z=0 C=0 : FWA 40-7B:FD000000:00:00 = +3.08837891E-02 : FWB 84-03:C0000000:00:?? = -1.76324153E-38
A68C : SEC            : A=1B X=06 Y=18 SP=?? N=0 V=0 D=0 I=0 Z=0 C=1 : FWA 40-7B:FD000000:00:00 = +3.08837891E-02 : FWB 84-03:C0000000:00:?? = -1.76324153E-38
A68D : ROL 3B         : A=1B X=06 Y=18 SP=?? N=0 V=0 D=0 I=0 Z=0 C=1 : FWA 40-7B:FD000000:00:00 = +3.08837891E-02 : FWB 09-03:C0000000:00:?? = +1.76324153E-38
A68F : ASL 40         : A=1B X=06 Y=18 SP=?? N=0 V=0 D=0 I=0 Z=1 C=0 : FWA 40-7B:FD000000:00:00 = +3.08837891E-02 : FWB 09-03:C0000000:00:?? = +1.76324153E-38
A691 : ROL 3F         : A=1B X=06 Y=18 SP=?? N=0 V=0 D=0 I=0 Z=1 C=0 : FWA 40-7B:FD000000:00:00 = +3.08837891E-02 : FWB 09-03:C0000000:00:?? = +1.76324153E-38
A693 : ROL 3E         : A=1B X=06 Y=18 SP=?? N=0 V=0 D=0 I=0 Z=1 C=0 : FWA 40-7B:FD000000:00:00 = +3.08837891E-02 : FWB 09-03:C0000000:00:?? = +1.76324153E-38
A695 : ROL A          : A=36 X=06 Y=18 SP=?? N=0 V=0 D=0 I=0 Z=0 C=0 : FWA 40-7B:FD000000:00:00 = +3.08837891E-02 : FWB 09-03:C0000000:00:?? = +1.76324153E-38
A696 : DEX            : A=36 X=05 Y=18 SP=?? N=0 V=0 D=0 I=0 Z=0 C=0 : FWA 40-7B:FD000000:00:00 = +3.08837891E-02 : FWB 09-03:C0000000:00:?? = +1.76324153E-38
A697 : BNE A65E       : A=36 X=05 Y=18 SP=?? N=0 V=0 D=0 I=0 Z=0 C=0 : FWA 40-7B:FD000000:00:00 = +3.08837891E-02 : FWB 09-03:C0000000:00:?? = +1.76324153E-38
A65E : BCS A676       : A=36 X=05 Y=18 SP=?? N=0 V=0 D=0 I=0 Z=0 C=0 : FWA 40-7B:FD000000:00:00 = +3.08837891E-02 : FWB 09-03:C0000000:00:?? = +1.76324153E-38
A660 : CMP 31         : A=36 X=05 Y=18 SP=?? N=0 V=0 D=0 I=0 Z=0 C=0 : FWA 40-7B:FD000000:00:00 = +3.08837891E-02 : FWB 09-03:C0000000:00:?? = +1.76324153E-38
A662 : BNE A674       : A=36 X=05 Y=18 SP=?? N=0 V=0 D=0 I=0 Z=0 C=0 : FWA 40-7B:FD000000:00:00 = +3.08837891E-02 : FWB 09-03:C0000000:00:?? = +1.76324153E-38
A674 : BCC A68D       : A=36 X=05 Y=18 SP=?? N=0 V=0 D=0 I=0 Z=0 C=0 : FWA 40-7B:FD000000:00:00 = +3.08837891E-02 : FWB 09-03:C0000000:00:?? = +1.76324153E-38
A68D : ROL 3B         : A=36 X=05 Y=18 SP=?? N=0 V=0 D=0 I=0 Z=0 C=0 : FWA 40-7B:FD000000:00:00 = +3.08837891E-02 : FWB 12-03:C0000000:00:?? = +1.76324153E-38
A68F : ASL 40         : A=36 X=05 Y=18 SP=?? N=0 V=0 D=0 I=0 Z=1 C=0 : FWA 40-7B:FD000000:00:00 = +3.08837891E-02 : FWB 12-03:C0000000:00:?? = +1.76324153E-38
A691 : ROL 3F         : A=36 X=05 Y=18 SP=?? N=0 V=0 D=0 I=0 Z=1 C=0 : FWA 40-7B:FD000000:00:00 = +3.08837891E-02 : FWB 12-03:C0000000:00:?? = +1.76324153E-38
A693 : ROL 3E         : A=36 X=05 Y=18 SP=?? N=0 V=0 D=0 I=0 Z=1 C=0 : FWA 40-7B:FD000000:00:00 = +3.08837891E-02 : FWB 12-03:C0000000:00:?? = +1.76324153E-38
A695 : ROL A          : A=6C X=05 Y=18 SP=?? N=0 V=0 D=0 I=0 Z=0 C=0 : FWA 40-7B:FD000000:00:00 = +3.08837891E-02 : FWB 12-03:C0000000:00:?? = +1.76324153E-38
A696 : DEX            : A=6C X=04 Y=18 SP=?? N=0 V=0 D=0 I=0 Z=0 C=0 : FWA 40-7B:FD000000:00:00 = +3.08837891E-02 : FWB 12-03:C0000000:00:?? = +1.76324153E-38
A697 : BNE A65E       : A=6C X=04 Y=18 SP=?? N=0 V=0 D=0 I=0 Z=0 C=0 : FWA 40-7B:FD000000:00:00 = +3.08837891E-02 : FWB 12-03:C0000000:00:?? = +1.76324153E-38
A65E : BCS A676       : A=6C X=04 Y=18 SP=?? N=0 V=0 D=0 I=0 Z=0 C=0 : FWA 40-7B:FD000000:00:00 = +3.08837891E-02 : FWB 12-03:C0000000:00:?? = +1.76324153E-38
A660 : CMP 31         : A=6C X=04 Y=18 SP=?? N=0 V=0 D=0 I=0 Z=0 C=0 : FWA 40-7B:FD000000:00:00 = +3.08837891E-02 : FWB 12-03:C0000000:00:?? = +1.76324153E-38
A662 : BNE A674       : A=6C X=04 Y=18 SP=?? N=0 V=0 D=0 I=0 Z=0 C=0 : FWA 40-7B:FD000000:00:00 = +3.08837891E-02 : FWB 12-03:C0000000:00:?? = +1.76324153E-38
A674 : BCC A68D       : A=6C X=04 Y=18 SP=?? N=0 V=0 D=0 I=0 Z=0 C=0 : FWA 40-7B:FD000000:00:00 = +3.08837891E-02 : FWB 12-03:C0000000:00:?? = +1.76324153E-38
A68D : ROL 3B         : A=6C X=04 Y=18 SP=?? N=0 V=0 D=0 I=0 Z=0 C=0 : FWA 40-7B:FD000000:00:00 = +3.08837891E-02 : FWB 24-03:C0000000:00:?? = +1.76324153E-38
A68F : ASL 40         : A=6C X=04 Y=18 SP=?? N=0 V=0 D=0 I=0 Z=1 C=0 : FWA 40-7B:FD000000:00:00 = +3.08837891E-02 : FWB 24-03:C0000000:00:?? = +1.76324153E-38
A691 : ROL 3F         : A=6C X=04 Y=18 SP=?? N=0 V=0 D=0 I=0 Z=1 C=0 : FWA 40-7B:FD000000:00:00 = +3.08837891E-02 : FWB 24-03:C0000000:00:?? = +1.76324153E-38
A693 : ROL 3E         : A=6C X=04 Y=18 SP=?? N=0 V=0 D=0 I=0 Z=1 C=0 : FWA 40-7B:FD000000:00:00 = +3.08837891E-02 : FWB 24-03:C0000000:00:?? = +1.76324153E-38
A695 : ROL A          : A=D8 X=04 Y=18 SP=?? N=1 V=0 D=0 I=0 Z=0 C=0 : FWA 40-7B:FD000000:00:00 = +3.08837891E-02 : FWB 24-03:C0000000:00:?? = +1.76324153E-38
A696 : DEX            : A=D8 X=03 Y=18 SP=?? N=0 V=0 D=0 I=0 Z=0 C=0 : FWA 40-7B:FD000000:00:00 = +3.08837891E-02 : FWB 24-03:C0000000:00:?? = +1.76324153E-38
A697 : BNE A65E       : A=D8 X=03 Y=18 SP=?? N=0 V=0 D=0 I=0 Z=0 C=0 : FWA 40-7B:FD000000:00:00 = +3.08837891E-02 : FWB 24-03:C0000000:00:?? = +1.76324153E-38
A65E : BCS A676       : A=D8 X=03 Y=18 SP=?? N=0 V=0 D=0 I=0 Z=0 C=0 : FWA 40-7B:FD000000:00:00 = +3.08837891E-02 : FWB 24-03:C0000000:00:?? = +1.76324153E-38
A660 : CMP 31         : A=D8 X=03 Y=18 SP=?? N=1 V=0 D=0 I=0 Z=0 C=0 : FWA 40-7B:FD000000:00:00 = +3.08837891E-02 : FWB 24-03:C0000000:00:?? = +1.76324153E-38
A662 : BNE A674       : A=D8 X=03 Y=18 SP=?? N=1 V=0 D=0 I=0 Z=0 C=0 : FWA 40-7B:FD000000:00:00 = +3.08837891E-02 : FWB 24-03:C0000000:00:?? = +1.76324153E-38
A674 : BCC A68D       : A=D8 X=03 Y=18 SP=?? N=1 V=0 D=0 I=0 Z=0 C=0 : FWA 40-7B:FD000000:00:00 = +3.08837891E-02 : FWB 24-03:C0000000:00:?? = +1.76324153E-38
A68D : ROL 3B         : A=D8 X=03 Y=18 SP=?? N=0 V=0 D=0 I=0 Z=0 C=0 : FWA 40-7B:FD000000:00:00 = +3.08837891E-02 : FWB 48-03:C0000000:00:?? = +1.76324153E-38
A68F : ASL 40         : A=D8 X=03 Y=18 SP=?? N=0 V=0 D=0 I=0 Z=1 C=0 : FWA 40-7B:FD000000:00:00 = +3.08837891E-02 : FWB 48-03:C0000000:00:?? = +1.76324153E-38
A691 : ROL 3F         : A=D8 X=03 Y=18 SP=?? N=0 V=0 D=0 I=0 Z=1 C=0 : FWA 40-7B:FD000000:00:00 = +3.08837891E-02 : FWB 48-03:C0000000:00:?? = +1.76324153E-38
A693 : ROL 3E         : A=D8 X=03 Y=18 SP=?? N=0 V=0 D=0 I=0 Z=1 C=0 : FWA 40-7B:FD000000:00:00 = +3.08837891E-02 : FWB 48-03:C0000000:00:?? = +1.76324153E-38
A695 : ROL A          : A=B0 X=03 Y=18 SP=?? N=1 V=0 D=0 I=0 Z=0 C=1 : FWA 40-7B:FD000000:00:00 = +3.08837891E-02 : FWB 48-03:C0000000:00:?? = +1.76324153E-38
A696 : DEX            : A=B0 X=02 Y=18 SP=?? N=0 V=0 D=0 I=0 Z=0 C=1 : FWA 40-7B:FD000000:00:00 = +3.08837891E-02 : FWB 48-03:C0000000:00:?? = +1.76324153E-38
A697 : BNE A65E       : A=B0 X=02 Y=18 SP=?? N=0 V=0 D=0 I=0 Z=0 C=1 : FWA 40-7B:FD000000:00:00 = +3.08837891E-02 : FWB 48-03:C0000000:00:?? = +1.76324153E-38
A65E : BCS A676       : A=B0 X=02 Y=18 SP=?? N=0 V=0 D=0 I=0 Z=0 C=1 : FWA 40-7B:FD000000:00:00 = +3.08837891E-02 : FWB 48-03:C0000000:00:?? = +1.76324153E-38
A676 : TAY            : A=B0 X=02 Y=B0 SP=?? N=1 V=0 D=0 I=0 Z=0 C=1 : FWA 40-7B:FD000000:00:00 = +3.08837891E-02 : FWB 48-03:C0000000:00:?? = +1.76324153E-38
A677 : LDA 40         : A=00 X=02 Y=B0 SP=?? N=0 V=0 D=0 I=0 Z=1 C=1 : FWA 40-7B:FD000000:00:00 = +3.08837891E-02 : FWB 48-03:C0000000:00:?? = +1.76324153E-38
A679 : SBC 34         : A=00 X=02 Y=B0 SP=?? N=0 V=0 D=0 I=0 Z=1 C=1 : FWA 40-7B:FD000000:00:00 = +3.08837891E-02 : FWB 48-03:C0000000:00:?? = +1.76324153E-38
A67B : STA 40         : A=00 X=02 Y=B0 SP=?? N=0 V=0 D=0 I=0 Z=1 C=1 : FWA 40-7B:FD000000:00:00 = +3.08837891E-02 : FWB 48-03:C0000000:00:?? = +1.76324153E-38
A67D : LDA 3F         : A=00 X=02 Y=B0 SP=?? N=0 V=0 D=0 I=0 Z=1 C=1 : FWA 40-7B:FD000000:00:00 = +3.08837891E-02 : FWB 48-03:C0000000:00:?? = +1.76324153E-38
A67F : SBC 33         : A=00 X=02 Y=B0 SP=?? N=0 V=0 D=0 I=0 Z=1 C=1 : FWA 40-7B:FD000000:00:00 = +3.08837891E-02 : FWB 48-03:C0000000:00:?? = +1.76324153E-38
A681 : STA 3F         : A=00 X=02 Y=B0 SP=?? N=0 V=0 D=0 I=0 Z=1 C=1 : FWA 40-7B:FD000000:00:00 = +3.08837891E-02 : FWB 48-03:C0000000:00:?? = +1.76324153E-38
A683 : LDA 3E         : A=00 X=02 Y=B0 SP=?? N=0 V=0 D=0 I=0 Z=1 C=1 : FWA 40-7B:FD000000:00:00 = +3.08837891E-02 : FWB 48-03:C0000000:00:?? = +1.76324153E-38
A685 : SBC 32         : A=00 X=02 Y=B0 SP=?? N=0 V=0 D=0 I=0 Z=1 C=1 : FWA 40-7B:FD000000:00:00 = +3.08837891E-02 : FWB 48-03:C0000000:00:?? = +1.76324153E-38
A687 : STA 3E         : A=00 X=02 Y=B0 SP=?? N=0 V=0 D=0 I=0 Z=1 C=1 : FWA 40-7B:FD000000:00:00 = +3.08837891E-02 : FWB 48-03:C0000000:00:?? = +1.76324153E-38
A689 : TYA            : A=B0 X=02 Y=B0 SP=?? N=1 V=0 D=0 I=0 Z=0 C=1 : FWA 40-7B:FD000000:00:00 = +3.08837891E-02 : FWB 48-03:C0000000:00:?? = +1.76324153E-38
A68A : SBC 31         : A=B3 X=02 Y=B0 SP=?? N=1 V=0 D=0 I=0 Z=0 C=0 : FWA 40-7B:FD000000:00:00 = +3.08837891E-02 : FWB 48-03:C0000000:00:?? = +1.76324153E-38
A68C : SEC            : A=B3 X=02 Y=B0 SP=?? N=1 V=0 D=0 I=0 Z=0 C=1 : FWA 40-7B:FD000000:00:00 = +3.08837891E-02 : FWB 48-03:C0000000:00:?? = +1.76324153E-38
A68D : ROL 3B         : A=B3 X=02 Y=B0 SP=?? N=1 V=0 D=0 I=0 Z=0 C=0 : FWA 40-7B:FD000000:00:00 = +3.08837891E-02 : FWB 91-03:C0000000:00:?? = -1.76324153E-38
A68F : ASL 40         : A=B3 X=02 Y=B0 SP=?? N=0 V=0 D=0 I=0 Z=1 C=0 : FWA 40-7B:FD000000:00:00 = +3.08837891E-02 : FWB 91-03:C0000000:00:?? = -1.76324153E-38
A691 : ROL 3F         : A=B3 X=02 Y=B0 SP=?? N=0 V=0 D=0 I=0 Z=1 C=0 : FWA 40-7B:FD000000:00:00 = +3.08837891E-02 : FWB 91-03:C0000000:00:?? = -1.76324153E-38
A693 : ROL 3E         : A=B3 X=02 Y=B0 SP=?? N=0 V=0 D=0 I=0 Z=1 C=0 : FWA 40-7B:FD000000:00:00 = +3.08837891E-02 : FWB 91-03:C0000000:00:?? = -1.76324153E-38
A695 : ROL A          : A=66 X=02 Y=B0 SP=?? N=0 V=0 D=0 I=0 Z=0 C=1 : FWA 40-7B:FD000000:00:00 = +3.08837891E-02 : FWB 91-03:C0000000:00:?? = -1.76324153E-38
A696 : DEX            : A=66 X=01 Y=B0 SP=?? N=0 V=0 D=0 I=0 Z=0 C=1 : FWA 40-7B:FD000000:00:00 = +3.08837891E-02 : FWB 91-03:C0000000:00:?? = -1.76324153E-38
A697 : BNE A65E       : A=66 X=01 Y=B0 SP=?? N=0 V=0 D=0 I=0 Z=0 C=1 : FWA 40-7B:FD000000:00:00 = +3.08837891E-02 : FWB 91-03:C0000000:00:?? = -1.76324153E-38
A65E : BCS A676       : A=66 X=01 Y=B0 SP=?? N=0 V=0 D=0 I=0 Z=0 C=1 : FWA 40-7B:FD000000:00:00 = +3.08837891E-02 : FWB 91-03:C0000000:00:?? = -1.76324153E-38
A676 : TAY            : A=66 X=01 Y=66 SP=?? N=0 V=0 D=0 I=0 Z=0 C=1 : FWA 40-7B:FD000000:00:00 = +3.08837891E-02 : FWB 91-03:C0000000:00:?? = -1.76324153E-38
A677 : LDA 40         : A=00 X=01 Y=66 SP=?? N=0 V=0 D=0 I=0 Z=1 C=1 : FWA 40-7B:FD000000:00:00 = +3.08837891E-02 : FWB 91-03:C0000000:00:?? = -1.76324153E-38
A679 : SBC 34         : A=00 X=01 Y=66 SP=?? N=0 V=0 D=0 I=0 Z=1 C=1 : FWA 40-7B:FD000000:00:00 = +3.08837891E-02 : FWB 91-03:C0000000:00:?? = -1.76324153E-38
A67B : STA 40         : A=00 X=01 Y=66 SP=?? N=0 V=0 D=0 I=0 Z=1 C=1 : FWA 40-7B:FD000000:00:00 = +3.08837891E-02 : FWB 91-03:C0000000:00:?? = -1.76324153E-38
A67D : LDA 3F         : A=00 X=01 Y=66 SP=?? N=0 V=0 D=0 I=0 Z=1 C=1 : FWA 40-7B:FD000000:00:00 = +3.08837891E-02 : FWB 91-03:C0000000:00:?? = -1.76324153E-38
A67F : SBC 33         : A=00 X=01 Y=66 SP=?? N=0 V=0 D=0 I=0 Z=1 C=1 : FWA 40-7B:FD000000:00:00 = +3.08837891E-02 : FWB 91-03:C0000000:00:?? = -1.76324153E-38
A681 : STA 3F         : A=00 X=01 Y=66 SP=?? N=0 V=0 D=0 I=0 Z=1 C=1 : FWA 40-7B:FD000000:00:00 = +3.08837891E-02 : FWB 91-03:C0000000:00:?? = -1.76324153E-38
A683 : LDA 3E         : A=00 X=01 Y=66 SP=?? N=0 V=0 D=0 I=0 Z=1 C=1 : FWA 40-7B:FD000000:00:00 = +3.08837891E-02 : FWB 91-03:C0000000:00:?? = -1.76324153E-38
A685 : SBC 32         : A=00 X=01 Y=66 SP=?? N=0 V=0 D=0 I=0 Z=1 C=1 : FWA 40-7B:FD000000:00:00 = +3.08837891E-02 : FWB 91-03:C0000000:00:?? = -1.76324153E-38
A687 : STA 3E         : A=00 X=01 Y=66 SP=?? N=0 V=0 D=0 I=0 Z=1 C=1 : FWA 40-7B:FD000000:00:00 = +3.08837891E-02 : FWB 91-03:C0000000:00:?? = -1.76324153E-38
A689 : TYA            : A=66 X=01 Y=66 SP=?? N=0 V=0 D=0 I=0 Z=0 C=1 : FWA 40-7B:FD000000:00:00 = +3.08837891E-02 : FWB 91-03:C0000000:00:?? = -1.76324153E-38
A68A : SBC 31         : A=69 X=01 Y=66 SP=?? N=0 V=0 D=0 I=0 Z=0 C=0 : FWA 40-7B:FD000000:00:00 = +3.08837891E-02 : FWB 91-03:C0000000:00:?? = -1.76324153E-38
A68C : SEC            : A=69 X=01 Y=66 SP=?? N=0 V=0 D=0 I=0 Z=0 C=1 : FWA 40-7B:FD000000:00:00 = +3.08837891E-02 : FWB 91-03:C0000000:00:?? = -1.76324153E-38
A68D : ROL 3B         : A=69 X=01 Y=66 SP=?? N=0 V=0 D=0 I=0 Z=0 C=1 : FWA 40-7B:FD000000:00:00 = +3.08837891E-02 : FWB 23-03:C0000000:00:?? = +1.76324153E-38
A68F : ASL 40         : A=69 X=01 Y=66 SP=?? N=0 V=0 D=0 I=0 Z=1 C=0 : FWA 40-7B:FD000000:00:00 = +3.08837891E-02 : FWB 23-03:C0000000:00:?? = +1.76324153E-38
A691 : ROL 3F         : A=69 X=01 Y=66 SP=?? N=0 V=0 D=0 I=0 Z=1 C=0 : FWA 40-7B:FD000000:00:00 = +3.08837891E-02 : FWB 23-03:C0000000:00:?? = +1.76324153E-38
A693 : ROL 3E         : A=69 X=01 Y=66 SP=?? N=0 V=0 D=0 I=0 Z=1 C=0 : FWA 40-7B:FD000000:00:00 = +3.08837891E-02 : FWB 23-03:C0000000:00:?? = +1.76324153E-38
A695 : ROL A          : A=D2 X=01 Y=66 SP=?? N=1 V=0 D=0 I=0 Z=0 C=0 : FWA 40-7B:FD000000:00:00 = +3.08837891E-02 : FWB 23-03:C0000000:00:?? = +1.76324153E-38
A696 : DEX            : A=D2 X=00 Y=66 SP=?? N=0 V=0 D=0 I=0 Z=1 C=0 : FWA 40-7B:FD000000:00:00 = +3.08837891E-02 : FWB 23-03:C0000000:00:?? = +1.76324153E-38
A697 : BNE A65E       : A=D2 X=00 Y=66 SP=?? N=0 V=0 D=0 I=0 Z=1 C=0 : FWA 40-7B:FD000000:00:00 = +3.08837891E-02 : FWB 23-03:C0000000:00:?? = +1.76324153E-38
A699 : LDX 3B         : A=D2 X=23 Y=66 SP=?? N=0 V=0 D=0 I=0 Z=0 C=0 : FWA 40-7B:FD000000:00:00 = +3.08837891E-02 : FWB 23-03:C0000000:00:?? = +1.76324153E-38
A69B : PHX            : A=D2 X=23 Y=66 SP=?? N=0 V=0 D=0 I=0 Z=0 C=0 : FWA 40-7B:FD000000:00:00 = +3.08837891E-02 : FWB 23-03:C0000000:00:?? = +1.76324153E-38
A69C : DEC 3C         : A=D2 X=23 Y=66 SP=?? N=0 V=0 D=0 I=0 Z=0 C=0 : FWA 40-7B:FD000000:00:00 = +3.08837891E-02 : FWB 23-02:C0000000:00:?? = +8.81620763E-39
A69E : BNE A65C       : A=D2 X=23 Y=66 SP=?? N=0 V=0 D=0 I=0 Z=0 C=0 : FWA 40-7B:FD000000:00:00 = +3.08837891E-02 : FWB 23-02:C0000000:00:?? = +8.81620763E-39
A65C : LDX #08        : A=D2 X=08 Y=66 SP=?? N=0 V=0 D=0 I=0 Z=0 C=0 : FWA 40-7B:FD000000:00:00 = +3.08837891E-02 : FWB 23-02:C0000000:00:?? = +8.81620763E-39
A65E : BCS A676       : A=D2 X=08 Y=66 SP=?? N=0 V=0 D=0 I=0 Z=0 C=0 : FWA 40-7B:FD000000:00:00 = +3.08837891E-02 : FWB 23-02:C0000000:00:?? = +8.81620763E-39
A660 : CMP 31         : A=D2 X=08 Y=66 SP=?? N=1 V=0 D=0 I=0 Z=0 C=0 : FWA 40-7B:FD000000:00:00 = +3.08837891E-02 : FWB 23-02:C0000000:00:?? = +8.81620763E-39
A662 : BNE A674       : A=D2 X=08 Y=66 SP=?? N=1 V=0 D=0 I=0 Z=0 C=0 : FWA 40-7B:FD000000:00:00 = +3.08837891E-02 : FWB 23-02:C0000000:00:?? = +8.81620763E-39
A674 : BCC A68D       : A=D2 X=08 Y=66 SP=?? N=1 V=0 D=0 I=0 Z=0 C=0 : FWA 40-7B:FD000000:00:00 = +3.08837891E-02 : FWB 23-02:C0000000:00:?? = +8.81620763E-39
A68D : ROL 3B         : A=D2 X=08 Y=66 SP=?? N=0 V=0 D=0 I=0 Z=0 C=0 : FWA 40-7B:FD000000:00:00 = +3.08837891E-02 : FWB 46-02:C0000000:00:?? = +8.81620763E-39
A68F : ASL 40         : A=D2 X=08 Y=66 SP=?? N=0 V=0 D=0 I=0 Z=1 C=0 : FWA 40-7B:FD000000:00:00 = +3.08837891E-02 : FWB 46-02:C0000000:00:?? = +8.81620763E-39
A691 : ROL 3F         : A=D2 X=08 Y=66 SP=?? N=0 V=0 D=0 I=0 Z=1 C=0 : FWA 40-7B:FD000000:00:00 = +3.08837891E-02 : FWB 46-02:C0000000:00:?? = +8.81620763E-39
A693 : ROL 3E         : A=D2 X=08 Y=66 SP=?? N=0 V=0 D=0 I=0 Z=1 C=0 : FWA 40-7B:FD000000:00:00 = +3.08837891E-02 : FWB 46-02:C0000000:00:?? = +8.81620763E-39
A695 : ROL A          : A=A4 X=08 Y=66 SP=?? N=1 V=0 D=0 I=0 Z=0 C=1 : FWA 40-7B:FD000000:00:00 = +3.08837891E-02 : FWB 46-02:C0000000:00:?? = +8.81620763E-39
A696 : DEX            : A=A4 X=07 Y=66 SP=?? N=0 V=0 D=0 I=0 Z=0 C=1 : FWA 40-7B:FD000000:00:00 = +3.08837891E-02 : FWB 46-02:C0000000:00:?? = +8.81620763E-39
A697 : BNE A65E       : A=A4 X=07 Y=66 SP=?? N=0 V=0 D=0 I=0 Z=0 C=1 : FWA 40-7B:FD000000:00:00 = +3.08837891E-02 : FWB 46-02:C0000000:00:?? = +8.81620763E-39
A65E : BCS A676       : A=A4 X=07 Y=66 SP=?? N=0 V=0 D=0 I=0 Z=0 C=1 : FWA 40-7B:FD000000:00:00 = +3.08837891E-02 : FWB 46-02:C0000000:00:?? = +8.81620763E-39
A676 : TAY            : A=A4 X=07 Y=A4 SP=?? N=1 V=0 D=0 I=0 Z=0 C=1 : FWA 40-7B:FD000000:00:00 = +3.08837891E-02 : FWB 46-02:C0000000:00:?? = +8.81620763E-39
A677 : LDA 40         : A=00 X=07 Y=A4 SP=?? N=0 V=0 D=0 I=0 Z=1 C=1 : FWA 40-7B:FD000000:00:00 = +3.08837891E-02 : FWB 46-02:C0000000:00:?? = +8.81620763E-39
A679 : SBC 34         : A=00 X=07 Y=A4 SP=?? N=0 V=0 D=0 I=0 Z=1 C=1 : FWA 40-7B:FD000000:00:00 = +3.08837891E-02 : FWB 46-02:C0000000:00:?? = +8.81620763E-39
A67B : STA 40         : A=00 X=07 Y=A4 SP=?? N=0 V=0 D=0 I=0 Z=1 C=1 : FWA 40-7B:FD000000:00:00 = +3.08837891E-02 : FWB 46-02:C0000000:00:?? = +8.81620763E-39
A67D : LDA 3F         : A=00 X=07 Y=A4 SP=?? N=0 V=0 D=0 I=0 Z=1 C=1 : FWA 40-7B:FD000000:00:00 = +3.08837891E-02 : FWB 46-02:C0000000:00:?? = +8.81620763E-39
A67F : SBC 33         : A=00 X=07 Y=A4 SP=?? N=0 V=0 D=0 I=0 Z=1 C=1 : FWA 40-7B:FD000000:00:00 = +3.08837891E-02 : FWB 46-02:C0000000:00:?? = +8.81620763E-39
A681 : STA 3F         : A=00 X=07 Y=A4 SP=?? N=0 V=0 D=0 I=0 Z=1 C=1 : FWA 40-7B:FD000000:00:00 = +3.08837891E-02 : FWB 46-02:C0000000:00:?? = +8.81620763E-39
A683 : LDA 3E         : A=00 X=07 Y=A4 SP=?? N=0 V=0 D=0 I=0 Z=1 C=1 : FWA 40-7B:FD000000:00:00 = +3.08837891E-02 : FWB 46-02:C0000000:00:?? = +8.81620763E-39
A685 : SBC 32         : A=00 X=07 Y=A4 SP=?? N=0 V=0 D=0 I=0 Z=1 C=1 : FWA 40-7B:FD000000:00:00 = +3.08837891E-02 : FWB 46-02:C0000000:00:?? = +8.81620763E-39
A687 : STA 3E         : A=00 X=07 Y=A4 SP=?? N=0 V=0 D=0 I=0 Z=1 C=1 : FWA 40-7B:FD000000:00:00 = +3.08837891E-02 : FWB 46-02:C0000000:00:?? = +8.81620763E-39
A689 : TYA            : A=A4 X=07 Y=A4 SP=?? N=1 V=0 D=0 I=0 Z=0 C=1 : FWA 40-7B:FD000000:00:00 = +3.08837891E-02 : FWB 46-02:C0000000:00:?? = +8.81620763E-39
A68A : SBC 31         : A=A7 X=07 Y=A4 SP=?? N=1 V=0 D=0 I=0 Z=0 C=0 : FWA 40-7B:FD000000:00:00 = +3.08837891E-02 : FWB 46-02:C0000000:00:?? = +8.81620763E-39
A68C : SEC            : A=A7 X=07 Y=A4 SP=?? N=1 V=0 D=0 I=0 Z=0 C=1 : FWA 40-7B:FD000000:00:00 = +3.08837891E-02 : FWB 46-02:C0000000:00:?? = +8.81620763E-39
A68D : ROL 3B         : A=A7 X=07 Y=A4 SP=?? N=1 V=0 D=0 I=0 Z=0 C=0 : FWA 40-7B:FD000000:00:00 = +3.08837891E-02 : FWB 8D-02:C0000000:00:?? = -8.81620763E-39
A68F : ASL 40         : A=A7 X=07 Y=A4 SP=?? N=0 V=0 D=0 I=0 Z=1 C=0 : FWA 40-7B:FD000000:00:00 = +3.08837891E-02 : FWB 8D-02:C0000000:00:?? = -8.81620763E-39
A691 : ROL 3F         : A=A7 X=07 Y=A4 SP=?? N=0 V=0 D=0 I=0 Z=1 C=0 : FWA 40-7B:FD000000:00:00 = +3.08837891E-02 : FWB 8D-02:C0000000:00:?? = -8.81620763E-39
A693 : ROL 3E         : A=A7 X=07 Y=A4 SP=?? N=0 V=0 D=0 I=0 Z=1 C=0 : FWA 40-7B:FD000000:00:00 = +3.08837891E-02 : FWB 8D-02:C0000000:00:?? = -8.81620763E-39
A695 : ROL A          : A=4E X=07 Y=A4 SP=?? N=0 V=0 D=0 I=0 Z=0 C=1 : FWA 40-7B:FD000000:00:00 = +3.08837891E-02 : FWB 8D-02:C0000000:00:?? = -8.81620763E-39
A696 : DEX            : A=4E X=06 Y=A4 SP=?? N=0 V=0 D=0 I=0 Z=0 C=1 : FWA 40-7B:FD000000:00:00 = +3.08837891E-02 : FWB 8D-02:C0000000:00:?? = -8.81620763E-39
A697 : BNE A65E       : A=4E X=06 Y=A4 SP=?? N=0 V=0 D=0 I=0 Z=0 C=1 : FWA 40-7B:FD000000:00:00 = +3.08837891E-02 : FWB 8D-02:C0000000:00:?? = -8.81620763E-39
A65E : BCS A676       : A=4E X=06 Y=A4 SP=?? N=0 V=0 D=0 I=0 Z=0 C=1 : FWA 40-7B:FD000000:00:00 = +3.08837891E-02 : FWB 8D-02:C0000000:00:?? = -8.81620763E-39
A676 : TAY            : A=4E X=06 Y=4E SP=?? N=0 V=0 D=0 I=0 Z=0 C=1 : FWA 40-7B:FD000000:00:00 = +3.08837891E-02 : FWB 8D-02:C0000000:00:?? = -8.81620763E-39
A677 : LDA 40         : A=00 X=06 Y=4E SP=?? N=0 V=0 D=0 I=0 Z=1 C=1 : FWA 40-7B:FD000000:00:00 = +3.08837891E-02 : FWB 8D-02:C0000000:00:?? = -8.81620763E-39
A679 : SBC 34         : A=00 X=06 Y=4E SP=?? N=0 V=0 D=0 I=0 Z=1 C=1 : FWA 40-7B:FD000000:00:00 = +3.08837891E-02 : FWB 8D-02:C0000000:00:?? = -8.81620763E-39
A67B : STA 40         : A=00 X=06 Y=4E SP=?? N=0 V=0 D=0 I=0 Z=1 C=1 : FWA 40-7B:FD000000:00:00 = +3.08837891E-02 : FWB 8D-02:C0000000:00:?? = -8.81620763E-39
A67D : LDA 3F         : A=00 X=06 Y=4E SP=?? N=0 V=0 D=0 I=0 Z=1 C=1 : FWA 40-7B:FD000000:00:00 = +3.08837891E-02 : FWB 8D-02:C0000000:00:?? = -8.81620763E-39
A67F : SBC 33         : A=00 X=06 Y=4E SP=?? N=0 V=0 D=0 I=0 Z=1 C=1 : FWA 40-7B:FD000000:00:00 = +3.08837891E-02 : FWB 8D-02:C0000000:00:?? = -8.81620763E-39
A681 : STA 3F         : A=00 X=06 Y=4E SP=?? N=0 V=0 D=0 I=0 Z=1 C=1 : FWA 40-7B:FD000000:00:00 = +3.08837891E-02 : FWB 8D-02:C0000000:00:?? = -8.81620763E-39
A683 : LDA 3E         : A=00 X=06 Y=4E SP=?? N=0 V=0 D=0 I=0 Z=1 C=1 : FWA 40-7B:FD000000:00:00 = +3.08837891E-02 : FWB 8D-02:C0000000:00:?? = -8.81620763E-39
A685 : SBC 32         : A=00 X=06 Y=4E SP=?? N=0 V=0 D=0 I=0 Z=1 C=1 : FWA 40-7B:FD000000:00:00 = +3.08837891E-02 : FWB 8D-02:C0000000:00:?? = -8.81620763E-39
A687 : STA 3E         : A=00 X=06 Y=4E SP=?? N=0 V=0 D=0 I=0 Z=1 C=1 : FWA 40-7B:FD000000:00:00 = +3.08837891E-02 : FWB 8D-02:C0000000:00:?? = -8.81620763E-39
A689 : TYA            : A=4E X=06 Y=4E SP=?? N=0 V=0 D=0 I=0 Z=0 C=1 : FWA 40-7B:FD000000:00:00 = +3.08837891E-02 : FWB 8D-02:C0000000:00:?? = -8.81620763E-39
A68A : SBC 31         : A=51 X=06 Y=4E SP=?? N=0 V=0 D=0 I=0 Z=0 C=0 : FWA 40-7B:FD000000:00:00 = +3.08837891E-02 : FWB 8D-02:C0000000:00:?? = -8.81620763E-39
A68C : SEC            : A=51 X=06 Y=4E SP=?? N=0 V=0 D=0 I=0 Z=0 C=1 : FWA 40-7B:FD000000:00:00 = +3.08837891E-02 : FWB 8D-02:C0000000:00:?? = -8.81620763E-39
A68D : ROL 3B         : A=51 X=06 Y=4E SP=?? N=0 V=0 D=0 I=0 Z=0 C=1 : FWA 40-7B:FD000000:00:00 = +3.08837891E-02 : FWB 1B-02:C0000000:00:?? = +8.81620763E-39
A68F : ASL 40         : A=51 X=06 Y=4E SP=?? N=0 V=0 D=0 I=0 Z=1 C=0 : FWA 40-7B:FD000000:00:00 = +3.08837891E-02 : FWB 1B-02:C0000000:00:?? = +8.81620763E-39
A691 : ROL 3F         : A=51 X=06 Y=4E SP=?? N=0 V=0 D=0 I=0 Z=1 C=0 : FWA 40-7B:FD000000:00:00 = +3.08837891E-02 : FWB 1B-02:C0000000:00:?? = +8.81620763E-39
A693 : ROL 3E         : A=51 X=06 Y=4E SP=?? N=0 V=0 D=0 I=0 Z=1 C=0 : FWA 40-7B:FD000000:00:00 = +3.08837891E-02 : FWB 1B-02:C0000000:00:?? = +8.81620763E-39
A695 : ROL A          : A=A2 X=06 Y=4E SP=?? N=1 V=0 D=0 I=0 Z=0 C=0 : FWA 40-7B:FD000000:00:00 = +3.08837891E-02 : FWB 1B-02:C0000000:00:?? = +8.81620763E-39
A696 : DEX            : A=A2 X=05 Y=4E SP=?? N=0 V=0 D=0 I=0 Z=0 C=0 : FWA 40-7B:FD000000:00:00 = +3.08837891E-02 : FWB 1B-02:C0000000:00:?? = +8.81620763E-39
A697 : BNE A65E       : A=A2 X=05 Y=4E SP=?? N=0 V=0 D=0 I=0 Z=0 C=0 : FWA 40-7B:FD000000:00:00 = +3.08837891E-02 : FWB 1B-02:C0000000:00:?? = +8.81620763E-39
A65E : BCS A676       : A=A2 X=05 Y=4E SP=?? N=0 V=0 D=0 I=0 Z=0 C=0 : FWA 40-7B:FD000000:00:00 = +3.08837891E-02 : FWB 1B-02:C0000000:00:?? = +8.81620763E-39
A660 : CMP 31         : A=A2 X=05 Y=4E SP=?? N=1 V=0 D=0 I=0 Z=0 C=0 : FWA 40-7B:FD000000:00:00 = +3.08837891E-02 : FWB 1B-02:C0000000:00:?? = +8.81620763E-39
A662 : BNE A674       : A=A2 X=05 Y=4E SP=?? N=1 V=0 D=0 I=0 Z=0 C=0 : FWA 40-7B:FD000000:00:00 = +3.08837891E-02 : FWB 1B-02:C0000000:00:?? = +8.81620763E-39
A674 : BCC A68D       : A=A2 X=05 Y=4E SP=?? N=1 V=0 D=0 I=0 Z=0 C=0 : FWA 40-7B:FD000000:00:00 = +3.08837891E-02 : FWB 1B-02:C0000000:00:?? = +8.81620763E-39
A68D : ROL 3B         : A=A2 X=05 Y=4E SP=?? N=0 V=0 D=0 I=0 Z=0 C=0 : FWA 40-7B:FD000000:00:00 = +3.08837891E-02 : FWB 36-02:C0000000:00:?? = +8.81620763E-39
A68F : ASL 40         : A=A2 X=05 Y=4E SP=?? N=0 V=0 D=0 I=0 Z=1 C=0 : FWA 40-7B:FD000000:00:00 = +3.08837891E-02 : FWB 36-02:C0000000:00:?? = +8.81620763E-39
A691 : ROL 3F         : A=A2 X=05 Y=4E SP=?? N=0 V=0 D=0 I=0 Z=1 C=0 : FWA 40-7B:FD000000:00:00 = +3.08837891E-02 : FWB 36-02:C0000000:00:?? = +8.81620763E-39
A693 : ROL 3E         : A=A2 X=05 Y=4E SP=?? N=0 V=0 D=0 I=0 Z=1 C=0 : FWA 40-7B:FD000000:00:00 = +3.08837891E-02 : FWB 36-02:C0000000:00:?? = +8.81620763E-39
A695 : ROL A          : A=44 X=05 Y=4E SP=?? N=0 V=0 D=0 I=0 Z=0 C=1 : FWA 40-7B:FD000000:00:00 = +3.08837891E-02 : FWB 36-02:C0000000:00:?? = +8.81620763E-39
A696 : DEX            : A=44 X=04 Y=4E SP=?? N=0 V=0 D=0 I=0 Z=0 C=1 : FWA 40-7B:FD000000:00:00 = +3.08837891E-02 : FWB 36-02:C0000000:00:?? = +8.81620763E-39
A697 : BNE A65E       : A=44 X=04 Y=4E SP=?? N=0 V=0 D=0 I=0 Z=0 C=1 : FWA 40-7B:FD000000:00:00 = +3.08837891E-02 : FWB 36-02:C0000000:00:?? = +8.81620763E-39
A65E : BCS A676       : A=44 X=04 Y=4E SP=?? N=0 V=0 D=0 I=0 Z=0 C=1 : FWA 40-7B:FD000000:00:00 = +3.08837891E-02 : FWB 36-02:C0000000:00:?? = +8.81620763E-39
A676 : TAY            : A=44 X=04 Y=44 SP=?? N=0 V=0 D=0 I=0 Z=0 C=1 : FWA 40-7B:FD000000:00:00 = +3.08837891E-02 : FWB 36-02:C0000000:00:?? = +8.81620763E-39
A677 : LDA 40         : A=00 X=04 Y=44 SP=?? N=0 V=0 D=0 I=0 Z=1 C=1 : FWA 40-7B:FD000000:00:00 = +3.08837891E-02 : FWB 36-02:C0000000:00:?? = +8.81620763E-39
A679 : SBC 34         : A=00 X=04 Y=44 SP=?? N=0 V=0 D=0 I=0 Z=1 C=1 : FWA 40-7B:FD000000:00:00 = +3.08837891E-02 : FWB 36-02:C0000000:00:?? = +8.81620763E-39
A67B : STA 40         : A=00 X=04 Y=44 SP=?? N=0 V=0 D=0 I=0 Z=1 C=1 : FWA 40-7B:FD000000:00:00 = +3.08837891E-02 : FWB 36-02:C0000000:00:?? = +8.81620763E-39
A67D : LDA 3F         : A=00 X=04 Y=44 SP=?? N=0 V=0 D=0 I=0 Z=1 C=1 : FWA 40-7B:FD000000:00:00 = +3.08837891E-02 : FWB 36-02:C0000000:00:?? = +8.81620763E-39
A67F : SBC 33         : A=00 X=04 Y=44 SP=?? N=0 V=0 D=0 I=0 Z=1 C=1 : FWA 40-7B:FD000000:00:00 = +3.08837891E-02 : FWB 36-02:C0000000:00:?? = +8.81620763E-39
A681 : STA 3F         : A=00 X=04 Y=44 SP=?? N=0 V=0 D=0 I=0 Z=1 C=1 : FWA 40-7B:FD000000:00:00 = +3.08837891E-02 : FWB 36-02:C0000000:00:?? = +8.81620763E-39
A683 : LDA 3E         : A=00 X=04 Y=44 SP=?? N=0 V=0 D=0 I=0 Z=1 C=1 : FWA 40-7B:FD000000:00:00 = +3.08837891E-02 : FWB 36-02:C0000000:00:?? = +8.81620763E-39
A685 : SBC 32         : A=00 X=04 Y=44 SP=?? N=0 V=0 D=0 I=0 Z=1 C=1 : FWA 40-7B:FD000000:00:00 = +3.08837891E-02 : FWB 36-02:C0000000:00:?? = +8.81620763E-39
A687 : STA 3E         : A=00 X=04 Y=44 SP=?? N=0 V=0 D=0 I=0 Z=1 C=1 : FWA 40-7B:FD000000:00:00 = +3.08837891E-02 : FWB 36-02:C0000000:00:?? = +8.81620763E-39
A689 : TYA            : A=44 X=04 Y=44 SP=?? N=0 V=0 D=0 I=0 Z=0 C=1 : FWA 40-7B:FD000000:00:00 = +3.08837891E-02 : FWB 36-02:C0000000:00:?? = +8.81620763E-39
A68A : SBC 31         : A=47 X=04 Y=44 SP=?? N=0 V=0 D=0 I=0 Z=0 C=0 : FWA 40-7B:FD000000:00:00 = +3.08837891E-02 : FWB 36-02:C0000000:00:?? = +8.81620763E-39
A68C : SEC            : A=47 X=04 Y=44 SP=?? N=0 V=0 D=0 I=0 Z=0 C=1 : FWA 40-7B:FD000000:00:00 = +3.08837891E-02 : FWB 36-02:C0000000:00:?? = +8.81620763E-39
A68D : ROL 3B         : A=47 X=04 Y=44 SP=?? N=0 V=0 D=0 I=0 Z=0 C=0 : FWA 40-7B:FD000000:00:00 = +3.08837891E-02 : FWB 6D-02:C0000000:00:?? = +8.81620763E-39
A68F : ASL 40         : A=47 X=04 Y=44 SP=?? N=0 V=0 D=0 I=0 Z=1 C=0 : FWA 40-7B:FD000000:00:00 = +3.08837891E-02 : FWB 6D-02:C0000000:00:?? = +8.81620763E-39
A691 : ROL 3F         : A=47 X=04 Y=44 SP=?? N=0 V=0 D=0 I=0 Z=1 C=0 : FWA 40-7B:FD000000:00:00 = +3.08837891E-02 : FWB 6D-02:C0000000:00:?? = +8.81620763E-39
A693 : ROL 3E         : A=47 X=04 Y=44 SP=?? N=0 V=0 D=0 I=0 Z=1 C=0 : FWA 40-7B:FD000000:00:00 = +3.08837891E-02 : FWB 6D-02:C0000000:00:?? = +8.81620763E-39
A695 : ROL A          : A=8E X=04 Y=44 SP=?? N=1 V=0 D=0 I=0 Z=0 C=0 : FWA 40-7B:FD000000:00:00 = +3.08837891E-02 : FWB 6D-02:C0000000:00:?? = +8.81620763E-39
A696 : DEX            : A=8E X=03 Y=44 SP=?? N=0 V=0 D=0 I=0 Z=0 C=0 : FWA 40-7B:FD000000:00:00 = +3.08837891E-02 : FWB 6D-02:C0000000:00:?? = +8.81620763E-39
A697 : BNE A65E       : A=8E X=03 Y=44 SP=?? N=0 V=0 D=0 I=0 Z=0 C=0 : FWA 40-7B:FD000000:00:00 = +3.08837891E-02 : FWB 6D-02:C0000000:00:?? = +8.81620763E-39
A65E : BCS A676       : A=8E X=03 Y=44 SP=?? N=0 V=0 D=0 I=0 Z=0 C=0 : FWA 40-7B:FD000000:00:00 = +3.08837891E-02 : FWB 6D-02:C0000000:00:?? = +8.81620763E-39
A660 : CMP 31         : A=8E X=03 Y=44 SP=?? N=1 V=0 D=0 I=0 Z=0 C=0 : FWA 40-7B:FD000000:00:00 = +3.08837891E-02 : FWB 6D-02:C0000000:00:?? = +8.81620763E-39
A662 : BNE A674       : A=8E X=03 Y=44 SP=?? N=1 V=0 D=0 I=0 Z=0 C=0 : FWA 40-7B:FD000000:00:00 = +3.08837891E-02 : FWB 6D-02:C0000000:00:?? = +8.81620763E-39
A674 : BCC A68D       : A=8E X=03 Y=44 SP=?? N=1 V=0 D=0 I=0 Z=0 C=0 : FWA 40-7B:FD000000:00:00 = +3.08837891E-02 : FWB 6D-02:C0000000:00:?? = +8.81620763E-39
A68D : ROL 3B         : A=8E X=03 Y=44 SP=?? N=1 V=0 D=0 I=0 Z=0 C=0 : FWA 40-7B:FD000000:00:00 = +3.08837891E-02 : FWB DA-02:C0000000:00:?? = -8.81620763E-39
A68F : ASL 40         : A=8E X=03 Y=44 SP=?? N=0 V=0 D=0 I=0 Z=1 C=0 : FWA 40-7B:FD000000:00:00 = +3.08837891E-02 : FWB DA-02:C0000000:00:?? = -8.81620763E-39
A691 : ROL 3F         : A=8E X=03 Y=44 SP=?? N=0 V=0 D=0 I=0 Z=1 C=0 : FWA 40-7B:FD000000:00:00 = +3.08837891E-02 : FWB DA-02:C0000000:00:?? = -8.81620763E-39
A693 : ROL 3E         : A=8E X=03 Y=44 SP=?? N=0 V=0 D=0 I=0 Z=1 C=0 : FWA 40-7B:FD000000:00:00 = +3.08837891E-02 : FWB DA-02:C0000000:00:?? = -8.81620763E-39
A695 : ROL A          : A=1C X=03 Y=44 SP=?? N=0 V=0 D=0 I=0 Z=0 C=1 : FWA 40-7B:FD000000:00:00 = +3.08837891E-02 : FWB DA-02:C0000000:00:?? = -8.81620763E-39
A696 : DEX            : A=1C X=02 Y=44 SP=?? N=0 V=0 D=0 I=0 Z=0 C=1 : FWA 40-7B:FD000000:00:00 = +3.08837891E-02 : FWB DA-02:C0000000:00:?? = -8.81620763E-39
A697 : BNE A65E       : A=1C X=02 Y=44 SP=?? N=0 V=0 D=0 I=0 Z=0 C=1 : FWA 40-7B:FD000000:00:00 = +3.08837891E-02 : FWB DA-02:C0000000:00:?? = -8.81620763E-39
A65E : BCS A676       : A=1C X=02 Y=44 SP=?? N=0 V=0 D=0 I=0 Z=0 C=1 : FWA 40-7B:FD000000:00:00 = +3.08837891E-02 : FWB DA-02:C0000000:00:?? = -8.81620763E-39
A676 : TAY            : A=1C X=02 Y=1C SP=?? N=0 V=0 D=0 I=0 Z=0 C=1 : FWA 40-7B:FD000000:00:00 = +3.08837891E-02 : FWB DA-02:C0000000:00:?? = -8.81620763E-39
A677 : LDA 40         : A=00 X=02 Y=1C SP=?? N=0 V=0 D=0 I=0 Z=1 C=1 : FWA 40-7B:FD000000:00:00 = +3.08837891E-02 : FWB DA-02:C0000000:00:?? = -8.81620763E-39
A679 : SBC 34         : A=00 X=02 Y=1C SP=?? N=0 V=0 D=0 I=0 Z=1 C=1 : FWA 40-7B:FD000000:00:00 = +3.08837891E-02 : FWB DA-02:C0000000:00:?? = -8.81620763E-39
A67B : STA 40         : A=00 X=02 Y=1C SP=?? N=0 V=0 D=0 I=0 Z=1 C=1 : FWA 40-7B:FD000000:00:00 = +3.08837891E-02 : FWB DA-02:C0000000:00:?? = -8.81620763E-39
A67D : LDA 3F         : A=00 X=02 Y=1C SP=?? N=0 V=0 D=0 I=0 Z=1 C=1 : FWA 40-7B:FD000000:00:00 = +3.08837891E-02 : FWB DA-02:C0000000:00:?? = -8.81620763E-39
A67F : SBC 33         : A=00 X=02 Y=1C SP=?? N=0 V=0 D=0 I=0 Z=1 C=1 : FWA 40-7B:FD000000:00:00 = +3.08837891E-02 : FWB DA-02:C0000000:00:?? = -8.81620763E-39
A681 : STA 3F         : A=00 X=02 Y=1C SP=?? N=0 V=0 D=0 I=0 Z=1 C=1 : FWA 40-7B:FD000000:00:00 = +3.08837891E-02 : FWB DA-02:C0000000:00:?? = -8.81620763E-39
A683 : LDA 3E         : A=00 X=02 Y=1C SP=?? N=0 V=0 D=0 I=0 Z=1 C=1 : FWA 40-7B:FD000000:00:00 = +3.08837891E-02 : FWB DA-02:C0000000:00:?? = -8.81620763E-39
A685 : SBC 32         : A=00 X=02 Y=1C SP=?? N=0 V=0 D=0 I=0 Z=1 C=1 : FWA 40-7B:FD000000:00:00 = +3.08837891E-02 : FWB DA-02:C0000000:00:?? = -8.81620763E-39
A687 : STA 3E         : A=00 X=02 Y=1C SP=?? N=0 V=0 D=0 I=0 Z=1 C=1 : FWA 40-7B:FD000000:00:00 = +3.08837891E-02 : FWB DA-02:C0000000:00:?? = -8.81620763E-39
A689 : TYA            : A=1C X=02 Y=1C SP=?? N=0 V=0 D=0 I=0 Z=0 C=1 : FWA 40-7B:FD000000:00:00 = +3.08837891E-02 : FWB DA-02:C0000000:00:?? = -8.81620763E-39
A68A : SBC 31         : A=1F X=02 Y=1C SP=?? N=0 V=0 D=0 I=0 Z=0 C=0 : FWA 40-7B:FD000000:00:00 = +3.08837891E-02 : FWB DA-02:C0000000:00:?? = -8.81620763E-39
A68C : SEC            : A=1F X=02 Y=1C SP=?? N=0 V=0 D=0 I=0 Z=0 C=1 : FWA 40-7B:FD000000:00:00 = +3.08837891E-02 : FWB DA-02:C0000000:00:?? = -8.81620763E-39
A68D : ROL 3B         : A=1F X=02 Y=1C SP=?? N=1 V=0 D=0 I=0 Z=0 C=1 : FWA 40-7B:FD000000:00:00 = +3.08837891E-02 : FWB B5-02:C0000000:00:?? = -8.81620763E-39
A68F : ASL 40         : A=1F X=02 Y=1C SP=?? N=0 V=0 D=0 I=0 Z=1 C=0 : FWA 40-7B:FD000000:00:00 = +3.08837891E-02 : FWB B5-02:C0000000:00:?? = -8.81620763E-39
A691 : ROL 3F         : A=1F X=02 Y=1C SP=?? N=0 V=0 D=0 I=0 Z=1 C=0 : FWA 40-7B:FD000000:00:00 = +3.08837891E-02 : FWB B5-02:C0000000:00:?? = -8.81620763E-39
A693 : ROL 3E         : A=1F X=02 Y=1C SP=?? N=0 V=0 D=0 I=0 Z=1 C=0 : FWA 40-7B:FD000000:00:00 = +3.08837891E-02 : FWB B5-02:C0000000:00:?? = -8.81620763E-39
A695 : ROL A          : A=3E X=02 Y=1C SP=?? N=0 V=0 D=0 I=0 Z=0 C=0 : FWA 40-7B:FD000000:00:00 = +3.08837891E-02 : FWB B5-02:C0000000:00:?? = -8.81620763E-39
A696 : DEX            : A=3E X=01 Y=1C SP=?? N=0 V=0 D=0 I=0 Z=0 C=0 : FWA 40-7B:FD000000:00:00 = +3.08837891E-02 : FWB B5-02:C0000000:00:?? = -8.81620763E-39
A697 : BNE A65E       : A=3E X=01 Y=1C SP=?? N=0 V=0 D=0 I=0 Z=0 C=0 : FWA 40-7B:FD000000:00:00 = +3.08837891E-02 : FWB B5-02:C0000000:00:?? = -8.81620763E-39
A65E : BCS A676       : A=3E X=01 Y=1C SP=?? N=0 V=0 D=0 I=0 Z=0 C=0 : FWA 40-7B:FD000000:00:00 = +3.08837891E-02 : FWB B5-02:C0000000:00:?? = -8.81620763E-39
A660 : CMP 31         : A=3E X=01 Y=1C SP=?? N=0 V=0 D=0 I=0 Z=0 C=0 : FWA 40-7B:FD000000:00:00 = +3.08837891E-02 : FWB B5-02:C0000000:00:?? = -8.81620763E-39
A662 : BNE A674       : A=3E X=01 Y=1C SP=?? N=0 V=0 D=0 I=0 Z=0 C=0 : FWA 40-7B:FD000000:00:00 = +3.08837891E-02 : FWB B5-02:C0000000:00:?? = -8.81620763E-39
A674 : BCC A68D       : A=3E X=01 Y=1C SP=?? N=0 V=0 D=0 I=0 Z=0 C=0 : FWA 40-7B:FD000000:00:00 = +3.08837891E-02 : FWB B5-02:C0000000:00:?? = -8.81620763E-39
A68D : ROL 3B         : A=3E X=01 Y=1C SP=?? N=0 V=0 D=0 I=0 Z=0 C=1 : FWA 40-7B:FD000000:00:00 = +3.08837891E-02 : FWB 6A-02:C0000000:00:?? = +8.81620763E-39
A68F : ASL 40         : A=3E X=01 Y=1C SP=?? N=0 V=0 D=0 I=0 Z=1 C=0 : FWA 40-7B:FD000000:00:00 = +3.08837891E-02 : FWB 6A-02:C0000000:00:?? = +8.81620763E-39
A691 : ROL 3F         : A=3E X=01 Y=1C SP=?? N=0 V=0 D=0 I=0 Z=1 C=0 : FWA 40-7B:FD000000:00:00 = +3.08837891E-02 : FWB 6A-02:C0000000:00:?? = +8.81620763E-39
A693 : ROL 3E         : A=3E X=01 Y=1C SP=?? N=0 V=0 D=0 I=0 Z=1 C=0 : FWA 40-7B:FD000000:00:00 = +3.08837891E-02 : FWB 6A-02:C0000000:00:?? = +8.81620763E-39
A695 : ROL A          : A=7C X=01 Y=1C SP=?? N=0 V=0 D=0 I=0 Z=0 C=0 : FWA 40-7B:FD000000:00:00 = +3.08837891E-02 : FWB 6A-02:C0000000:00:?? = +8.81620763E-39
A696 : DEX            : A=7C X=00 Y=1C SP=?? N=0 V=0 D=0 I=0 Z=1 C=0 : FWA 40-7B:FD000000:00:00 = +3.08837891E-02 : FWB 6A-02:C0000000:00:?? = +8.81620763E-39
A697 : BNE A65E       : A=7C X=00 Y=1C SP=?? N=0 V=0 D=0 I=0 Z=1 C=0 : FWA 40-7B:FD000000:00:00 = +3.08837891E-02 : FWB 6A-02:C0000000:00:?? = +8.81620763E-39
A699 : LDX 3B         : A=7C X=6A Y=1C SP=?? N=0 V=0 D=0 I=0 Z=0 C=0 : FWA 40-7B:FD000000:00:00 = +3.08837891E-02 : FWB 6A-02:C0000000:00:?? = +8.81620763E-39
A69B : PHX            : A=7C X=6A Y=1C SP=?? N=0 V=0 D=0 I=0 Z=0 C=0 : FWA 40-7B:FD000000:00:00 = +3.08837891E-02 : FWB 6A-02:C0000000:00:?? = +8.81620763E-39
A69C : DEC 3C         : A=7C X=6A Y=1C SP=?? N=0 V=0 D=0 I=0 Z=0 C=0 : FWA 40-7B:FD000000:00:00 = +3.08837891E-02 : FWB 6A-01:C0000000:00:?? = +4.40810382E-39
A69E : BNE A65C       : A=7C X=6A Y=1C SP=?? N=0 V=0 D=0 I=0 Z=0 C=0 : FWA 40-7B:FD000000:00:00 = +3.08837891E-02 : FWB 6A-01:C0000000:00:?? = +4.40810382E-39
A65C : LDX #08        : A=7C X=08 Y=1C SP=?? N=0 V=0 D=0 I=0 Z=0 C=0 : FWA 40-7B:FD000000:00:00 = +3.08837891E-02 : FWB 6A-01:C0000000:00:?? = +4.40810382E-39
A65E : BCS A676       : A=7C X=08 Y=1C SP=?? N=0 V=0 D=0 I=0 Z=0 C=0 : FWA 40-7B:FD000000:00:00 = +3.08837891E-02 : FWB 6A-01:C0000000:00:?? = +4.40810382E-39
A660 : CMP 31         : A=7C X=08 Y=1C SP=?? N=0 V=0 D=0 I=0 Z=0 C=0 : FWA 40-7B:FD000000:00:00 = +3.08837891E-02 : FWB 6A-01:C0000000:00:?? = +4.40810382E-39
A662 : BNE A674       : A=7C X=08 Y=1C SP=?? N=0 V=0 D=0 I=0 Z=0 C=0 : FWA 40-7B:FD000000:00:00 = +3.08837891E-02 : FWB 6A-01:C0000000:00:?? = +4.40810382E-39
A674 : BCC A68D       : A=7C X=08 Y=1C SP=?? N=0 V=0 D=0 I=0 Z=0 C=0 : FWA 40-7B:FD000000:00:00 = +3.08837891E-02 : FWB 6A-01:C0000000:00:?? = +4.40810382E-39
A68D : ROL 3B         : A=7C X=08 Y=1C SP=?? N=1 V=0 D=0 I=0 Z=0 C=0 : FWA 40-7B:FD000000:00:00 = +3.08837891E-02 : FWB D4-01:C0000000:00:?? = -4.40810382E-39
A68F : ASL 40         : A=7C X=08 Y=1C SP=?? N=0 V=0 D=0 I=0 Z=1 C=0 : FWA 40-7B:FD000000:00:00 = +3.08837891E-02 : FWB D4-01:C0000000:00:?? = -4.40810382E-39
A691 : ROL 3F         : A=7C X=08 Y=1C SP=?? N=0 V=0 D=0 I=0 Z=1 C=0 : FWA 40-7B:FD000000:00:00 = +3.08837891E-02 : FWB D4-01:C0000000:00:?? = -4.40810382E-39
A693 : ROL 3E         : A=7C X=08 Y=1C SP=?? N=0 V=0 D=0 I=0 Z=1 C=0 : FWA 40-7B:FD000000:00:00 = +3.08837891E-02 : FWB D4-01:C0000000:00:?? = -4.40810382E-39
A695 : ROL A          : A=F8 X=08 Y=1C SP=?? N=1 V=0 D=0 I=0 Z=0 C=0 : FWA 40-7B:FD000000:00:00 = +3.08837891E-02 : FWB D4-01:C0000000:00:?? = -4.40810382E-39
A696 : DEX            : A=F8 X=07 Y=1C SP=?? N=0 V=0 D=0 I=0 Z=0 C=0 : FWA 40-7B:FD000000:00:00 = +3.08837891E-02 : FWB D4-01:C0000000:00:?? = -4.40810382E-39
A697 : BNE A65E       : A=F8 X=07 Y=1C SP=?? N=0 V=0 D=0 I=0 Z=0 C=0 : FWA 40-7B:FD000000:00:00 = +3.08837891E-02 : FWB D4-01:C0000000:00:?? = -4.40810382E-39
A65E : BCS A676       : A=F8 X=07 Y=1C SP=?? N=0 V=0 D=0 I=0 Z=0 C=0 : FWA 40-7B:FD000000:00:00 = +3.08837891E-02 : FWB D4-01:C0000000:00:?? = -4.40810382E-39
A660 : CMP 31         : A=F8 X=07 Y=1C SP=?? N=1 V=0 D=0 I=0 Z=0 C=0 : FWA 40-7B:FD000000:00:00 = +3.08837891E-02 : FWB D4-01:C0000000:00:?? = -4.40810382E-39
A662 : BNE A674       : A=F8 X=07 Y=1C SP=?? N=1 V=0 D=0 I=0 Z=0 C=0 : FWA 40-7B:FD000000:00:00 = +3.08837891E-02 : FWB D4-01:C0000000:00:?? = -4.40810382E-39
A674 : BCC A68D       : A=F8 X=07 Y=1C SP=?? N=1 V=0 D=0 I=0 Z=0 C=0 : FWA 40-7B:FD000000:00:00 = +3.08837891E-02 : FWB D4-01:C0000000:00:?? = -4.40810382E-39
A68D : ROL 3B         : A=F8 X=07 Y=1C SP=?? N=1 V=0 D=0 I=0 Z=0 C=1 : FWA 40-7B:FD000000:00:00 = +3.08837891E-02 : FWB A8-01:C0000000:00:?? = -4.40810382E-39
A68F : ASL 40         : A=F8 X=07 Y=1C SP=?? N=0 V=0 D=0 I=0 Z=1 C=0 : FWA 40-7B:FD000000:00:00 = +3.08837891E-02 : FWB A8-01:C0000000:00:?? = -4.40810382E-39
A691 : ROL 3F         : A=F8 X=07 Y=1C SP=?? N=0 V=0 D=0 I=0 Z=1 C=0 : FWA 40-7B:FD000000:00:00 = +3.08837891E-02 : FWB A8-01:C0000000:00:?? = -4.40810382E-39
A693 : ROL 3E         : A=F8 X=07 Y=1C SP=?? N=0 V=0 D=0 I=0 Z=1 C=0 : FWA 40-7B:FD000000:00:00 = +3.08837891E-02 : FWB A8-01:C0000000:00:?? = -4.40810382E-39
A695 : ROL A          : A=F0 X=07 Y=1C SP=?? N=1 V=0 D=0 I=0 Z=0 C=1 : FWA 40-7B:FD000000:00:00 = +3.08837891E-02 : FWB A8-01:C0000000:00:?? = -4.40810382E-39
A696 : DEX            : A=F0 X=06 Y=1C SP=?? N=0 V=0 D=0 I=0 Z=0 C=1 : FWA 40-7B:FD000000:00:00 = +3.08837891E-02 : FWB A8-01:C0000000:00:?? = -4.40810382E-39
A697 : BNE A65E       : A=F0 X=06 Y=1C SP=?? N=0 V=0 D=0 I=0 Z=0 C=1 : FWA 40-7B:FD000000:00:00 = +3.08837891E-02 : FWB A8-01:C0000000:00:?? = -4.40810382E-39
A65E : BCS A676       : A=F0 X=06 Y=1C SP=?? N=0 V=0 D=0 I=0 Z=0 C=1 : FWA 40-7B:FD000000:00:00 = +3.08837891E-02 : FWB A8-01:C0000000:00:?? = -4.40810382E-39
A676 : TAY            : A=F0 X=06 Y=F0 SP=?? N=1 V=0 D=0 I=0 Z=0 C=1 : FWA 40-7B:FD000000:00:00 = +3.08837891E-02 : FWB A8-01:C0000000:00:?? = -4.40810382E-39
A677 : LDA 40         : A=00 X=06 Y=F0 SP=?? N=0 V=0 D=0 I=0 Z=1 C=1 : FWA 40-7B:FD000000:00:00 = +3.08837891E-02 : FWB A8-01:C0000000:00:?? = -4.40810382E-39
A679 : SBC 34         : A=00 X=06 Y=F0 SP=?? N=0 V=0 D=0 I=0 Z=1 C=1 : FWA 40-7B:FD000000:00:00 = +3.08837891E-02 : FWB A8-01:C0000000:00:?? = -4.40810382E-39
A67B : STA 40         : A=00 X=06 Y=F0 SP=?? N=0 V=0 D=0 I=0 Z=1 C=1 : FWA 40-7B:FD000000:00:00 = +3.08837891E-02 : FWB A8-01:C0000000:00:?? = -4.40810382E-39
A67D : LDA 3F         : A=00 X=06 Y=F0 SP=?? N=0 V=0 D=0 I=0 Z=1 C=1 : FWA 40-7B:FD000000:00:00 = +3.08837891E-02 : FWB A8-01:C0000000:00:?? = -4.40810382E-39
A67F : SBC 33         : A=00 X=06 Y=F0 SP=?? N=0 V=0 D=0 I=0 Z=1 C=1 : FWA 40-7B:FD000000:00:00 = +3.08837891E-02 : FWB A8-01:C0000000:00:?? = -4.40810382E-39
A681 : STA 3F         : A=00 X=06 Y=F0 SP=?? N=0 V=0 D=0 I=0 Z=1 C=1 : FWA 40-7B:FD000000:00:00 = +3.08837891E-02 : FWB A8-01:C0000000:00:?? = -4.40810382E-39
A683 : LDA 3E         : A=00 X=06 Y=F0 SP=?? N=0 V=0 D=0 I=0 Z=1 C=1 : FWA 40-7B:FD000000:00:00 = +3.08837891E-02 : FWB A8-01:C0000000:00:?? = -4.40810382E-39
A685 : SBC 32         : A=00 X=06 Y=F0 SP=?? N=0 V=0 D=0 I=0 Z=1 C=1 : FWA 40-7B:FD000000:00:00 = +3.08837891E-02 : FWB A8-01:C0000000:00:?? = -4.40810382E-39
A687 : STA 3E         : A=00 X=06 Y=F0 SP=?? N=0 V=0 D=0 I=0 Z=1 C=1 : FWA 40-7B:FD000000:00:00 = +3.08837891E-02 : FWB A8-01:C0000000:00:?? = -4.40810382E-39
A689 : TYA            : A=F0 X=06 Y=F0 SP=?? N=1 V=0 D=0 I=0 Z=0 C=1 : FWA 40-7B:FD000000:00:00 = +3.08837891E-02 : FWB A8-01:C0000000:00:?? = -4.40810382E-39
A68A : SBC 31         : A=F3 X=06 Y=F0 SP=?? N=1 V=0 D=0 I=0 Z=0 C=0 : FWA 40-7B:FD000000:00:00 = +3.08837891E-02 : FWB A8-01:C0000000:00:?? = -4.40810382E-39
A68C : SEC            : A=F3 X=06 Y=F0 SP=?? N=1 V=0 D=0 I=0 Z=0 C=1 : FWA 40-7B:FD000000:00:00 = +3.08837891E-02 : FWB A8-01:C0000000:00:?? = -4.40810382E-39
A68D : ROL 3B         : A=F3 X=06 Y=F0 SP=?? N=0 V=0 D=0 I=0 Z=0 C=1 : FWA 40-7B:FD000000:00:00 = +3.08837891E-02 : FWB 51-01:C0000000:00:?? = +4.40810382E-39
A68F : ASL 40         : A=F3 X=06 Y=F0 SP=?? N=0 V=0 D=0 I=0 Z=1 C=0 : FWA 40-7B:FD000000:00:00 = +3.08837891E-02 : FWB 51-01:C0000000:00:?? = +4.40810382E-39
A691 : ROL 3F         : A=F3 X=06 Y=F0 SP=?? N=0 V=0 D=0 I=0 Z=1 C=0 : FWA 40-7B:FD000000:00:00 = +3.08837891E-02 : FWB 51-01:C0000000:00:?? = +4.40810382E-39
A693 : ROL 3E         : A=F3 X=06 Y=F0 SP=?? N=0 V=0 D=0 I=0 Z=1 C=0 : FWA 40-7B:FD000000:00:00 = +3.08837891E-02 : FWB 51-01:C0000000:00:?? = +4.40810382E-39
A695 : ROL A          : A=E6 X=06 Y=F0 SP=?? N=1 V=0 D=0 I=0 Z=0 C=1 : FWA 40-7B:FD000000:00:00 = +3.08837891E-02 : FWB 51-01:C0000000:00:?? = +4.40810382E-39
A696 : DEX            : A=E6 X=05 Y=F0 SP=?? N=0 V=0 D=0 I=0 Z=0 C=1 : FWA 40-7B:FD000000:00:00 = +3.08837891E-02 : FWB 51-01:C0000000:00:?? = +4.40810382E-39
A697 : BNE A65E       : A=E6 X=05 Y=F0 SP=?? N=0 V=0 D=0 I=0 Z=0 C=1 : FWA 40-7B:FD000000:00:00 = +3.08837891E-02 : FWB 51-01:C0000000:00:?? = +4.40810382E-39
A65E : BCS A676       : A=E6 X=05 Y=F0 SP=?? N=0 V=0 D=0 I=0 Z=0 C=1 : FWA 40-7B:FD000000:00:00 = +3.08837891E-02 : FWB 51-01:C0000000:00:?? = +4.40810382E-39
A676 : TAY            : A=E6 X=05 Y=E6 SP=?? N=1 V=0 D=0 I=0 Z=0 C=1 : FWA 40-7B:FD000000:00:00 = +3.08837891E-02 : FWB 51-01:C0000000:00:?? = +4.40810382E-39
A677 : LDA 40         : A=00 X=05 Y=E6 SP=?? N=0 V=0 D=0 I=0 Z=1 C=1 : FWA 40-7B:FD000000:00:00 = +3.08837891E-02 : FWB 51-01:C0000000:00:?? = +4.40810382E-39
A679 : SBC 34         : A=00 X=05 Y=E6 SP=?? N=0 V=0 D=0 I=0 Z=1 C=1 : FWA 40-7B:FD000000:00:00 = +3.08837891E-02 : FWB 51-01:C0000000:00:?? = +4.40810382E-39
A67B : STA 40         : A=00 X=05 Y=E6 SP=?? N=0 V=0 D=0 I=0 Z=1 C=1 : FWA 40-7B:FD000000:00:00 = +3.08837891E-02 : FWB 51-01:C0000000:00:?? = +4.40810382E-39
A67D : LDA 3F         : A=00 X=05 Y=E6 SP=?? N=0 V=0 D=0 I=0 Z=1 C=1 : FWA 40-7B:FD000000:00:00 = +3.08837891E-02 : FWB 51-01:C0000000:00:?? = +4.40810382E-39
A67F : SBC 33         : A=00 X=05 Y=E6 SP=?? N=0 V=0 D=0 I=0 Z=1 C=1 : FWA 40-7B:FD000000:00:00 = +3.08837891E-02 : FWB 51-01:C0000000:00:?? = +4.40810382E-39
A681 : STA 3F         : A=00 X=05 Y=E6 SP=?? N=0 V=0 D=0 I=0 Z=1 C=1 : FWA 40-7B:FD000000:00:00 = +3.08837891E-02 : FWB 51-01:C0000000:00:?? = +4.40810382E-39
A683 : LDA 3E         : A=00 X=05 Y=E6 SP=?? N=0 V=0 D=0 I=0 Z=1 C=1 : FWA 40-7B:FD000000:00:00 = +3.08837891E-02 : FWB 51-01:C0000000:00:?? = +4.40810382E-39
A685 : SBC 32         : A=00 X=05 Y=E6 SP=?? N=0 V=0 D=0 I=0 Z=1 C=1 : FWA 40-7B:FD000000:00:00 = +3.08837891E-02 : FWB 51-01:C0000000:00:?? = +4.40810382E-39
A687 : STA 3E         : A=00 X=05 Y=E6 SP=?? N=0 V=0 D=0 I=0 Z=1 C=1 : FWA 40-7B:FD000000:00:00 = +3.08837891E-02 : FWB 51-01:C0000000:00:?? = +4.40810382E-39
A689 : TYA            : A=E6 X=05 Y=E6 SP=?? N=1 V=0 D=0 I=0 Z=0 C=1 : FWA 40-7B:FD000000:00:00 = +3.08837891E-02 : FWB 51-01:C0000000:00:?? = +4.40810382E-39
A68A : SBC 31         : A=E9 X=05 Y=E6 SP=?? N=1 V=0 D=0 I=0 Z=0 C=0 : FWA 40-7B:FD000000:00:00 = +3.08837891E-02 : FWB 51-01:C0000000:00:?? = +4.40810382E-39
A68C : SEC            : A=E9 X=05 Y=E6 SP=?? N=1 V=0 D=0 I=0 Z=0 C=1 : FWA 40-7B:FD000000:00:00 = +3.08837891E-02 : FWB 51-01:C0000000:00:?? = +4.40810382E-39
A68D : ROL 3B         : A=E9 X=05 Y=E6 SP=?? N=1 V=0 D=0 I=0 Z=0 C=0 : FWA 40-7B:FD000000:00:00 = +3.08837891E-02 : FWB A3-01:C0000000:00:?? = -4.40810382E-39
A68F : ASL 40         : A=E9 X=05 Y=E6 SP=?? N=0 V=0 D=0 I=0 Z=1 C=0 : FWA 40-7B:FD000000:00:00 = +3.08837891E-02 : FWB A3-01:C0000000:00:?? = -4.40810382E-39
A691 : ROL 3F         : A=E9 X=05 Y=E6 SP=?? N=0 V=0 D=0 I=0 Z=1 C=0 : FWA 40-7B:FD000000:00:00 = +3.08837891E-02 : FWB A3-01:C0000000:00:?? = -4.40810382E-39
A693 : ROL 3E         : A=E9 X=05 Y=E6 SP=?? N=0 V=0 D=0 I=0 Z=1 C=0 : FWA 40-7B:FD000000:00:00 = +3.08837891E-02 : FWB A3-01:C0000000:00:?? = -4.40810382E-39
A695 : ROL A          : A=D2 X=05 Y=E6 SP=?? N=1 V=0 D=0 I=0 Z=0 C=1 : FWA 40-7B:FD000000:00:00 = +3.08837891E-02 : FWB A3-01:C0000000:00:?? = -4.40810382E-39
A696 : DEX            : A=D2 X=04 Y=E6 SP=?? N=0 V=0 D=0 I=0 Z=0 C=1 : FWA 40-7B:FD000000:00:00 = +3.08837891E-02 : FWB A3-01:C0000000:00:?? = -4.40810382E-39
A697 : BNE A65E       : A=D2 X=04 Y=E6 SP=?? N=0 V=0 D=0 I=0 Z=0 C=1 : FWA 40-7B:FD000000:00:00 = +3.08837891E-02 : FWB A3-01:C0000000:00:?? = -4.40810382E-39
A65E : BCS A676       : A=D2 X=04 Y=E6 SP=?? N=0 V=0 D=0 I=0 Z=0 C=1 : FWA 40-7B:FD000000:00:00 = +3.08837891E-02 : FWB A3-01:C0000000:00:?? = -4.40810382E-39
A676 : TAY            : A=D2 X=04 Y=D2 SP=?? N=1 V=0 D=0 I=0 Z=0 C=1 : FWA 40-7B:FD000000:00:00 = +3.08837891E-02 : FWB A3-01:C0000000:00:?? = -4.40810382E-39
A677 : LDA 40         : A=00 X=04 Y=D2 SP=?? N=0 V=0 D=0 I=0 Z=1 C=1 : FWA 40-7B:FD000000:00:00 = +3.08837891E-02 : FWB A3-01:C0000000:00:?? = -4.40810382E-39
A679 : SBC 34         : A=00 X=04 Y=D2 SP=?? N=0 V=0 D=0 I=0 Z=1 C=1 : FWA 40-7B:FD000000:00:00 = +3.08837891E-02 : FWB A3-01:C0000000:00:?? = -4.40810382E-39
A67B : STA 40         : A=00 X=04 Y=D2 SP=?? N=0 V=0 D=0 I=0 Z=1 C=1 : FWA 40-7B:FD000000:00:00 = +3.08837891E-02 : FWB A3-01:C0000000:00:?? = -4.40810382E-39
A67D : LDA 3F         : A=00 X=04 Y=D2 SP=?? N=0 V=0 D=0 I=0 Z=1 C=1 : FWA 40-7B:FD000000:00:00 = +3.08837891E-02 : FWB A3-01:C0000000:00:?? = -4.40810382E-39
A67F : SBC 33         : A=00 X=04 Y=D2 SP=?? N=0 V=0 D=0 I=0 Z=1 C=1 : FWA 40-7B:FD000000:00:00 = +3.08837891E-02 : FWB A3-01:C0000000:00:?? = -4.40810382E-39
A681 : STA 3F         : A=00 X=04 Y=D2 SP=?? N=0 V=0 D=0 I=0 Z=1 C=1 : FWA 40-7B:FD000000:00:00 = +3.08837891E-02 : FWB A3-01:C0000000:00:?? = -4.40810382E-39
A683 : LDA 3E         : A=00 X=04 Y=D2 SP=?? N=0 V=0 D=0 I=0 Z=1 C=1 : FWA 40-7B:FD000000:00:00 = +3.08837891E-02 : FWB A3-01:C0000000:00:?? = -4.40810382E-39
A685 : SBC 32         : A=00 X=04 Y=D2 SP=?? N=0 V=0 D=0 I=0 Z=1 C=1 : FWA 40-7B:FD000000:00:00 = +3.08837891E-02 : FWB A3-01:C0000000:00:?? = -4.40810382E-39
A687 : STA 3E         : A=00 X=04 Y=D2 SP=?? N=0 V=0 D=0 I=0 Z=1 C=1 : FWA 40-7B:FD000000:00:00 = +3.08837891E-02 : FWB A3-01:C0000000:00:?? = -4.40810382E-39
A689 : TYA            : A=D2 X=04 Y=D2 SP=?? N=1 V=0 D=0 I=0 Z=0 C=1 : FWA 40-7B:FD000000:00:00 = +3.08837891E-02 : FWB A3-01:C0000000:00:?? = -4.40810382E-39
A68A : SBC 31         : A=D5 X=04 Y=D2 SP=?? N=1 V=0 D=0 I=0 Z=0 C=0 : FWA 40-7B:FD000000:00:00 = +3.08837891E-02 : FWB A3-01:C0000000:00:?? = -4.40810382E-39
A68C : SEC            : A=D5 X=04 Y=D2 SP=?? N=1 V=0 D=0 I=0 Z=0 C=1 : FWA 40-7B:FD000000:00:00 = +3.08837891E-02 : FWB A3-01:C0000000:00:?? = -4.40810382E-39
A68D : ROL 3B         : A=D5 X=04 Y=D2 SP=?? N=0 V=0 D=0 I=0 Z=0 C=1 : FWA 40-7B:FD000000:00:00 = +3.08837891E-02 : FWB 47-01:C0000000:00:?? = +4.40810382E-39
A68F : ASL 40         : A=D5 X=04 Y=D2 SP=?? N=0 V=0 D=0 I=0 Z=1 C=0 : FWA 40-7B:FD000000:00:00 = +3.08837891E-02 : FWB 47-01:C0000000:00:?? = +4.40810382E-39
A691 : ROL 3F         : A=D5 X=04 Y=D2 SP=?? N=0 V=0 D=0 I=0 Z=1 C=0 : FWA 40-7B:FD000000:00:00 = +3.08837891E-02 : FWB 47-01:C0000000:00:?? = +4.40810382E-39
A693 : ROL 3E         : A=D5 X=04 Y=D2 SP=?? N=0 V=0 D=0 I=0 Z=1 C=0 : FWA 40-7B:FD000000:00:00 = +3.08837891E-02 : FWB 47-01:C0000000:00:?? = +4.40810382E-39
A695 : ROL A          : A=AA X=04 Y=D2 SP=?? N=1 V=0 D=0 I=0 Z=0 C=1 : FWA 40-7B:FD000000:00:00 = +3.08837891E-02 : FWB 47-01:C0000000:00:?? = +4.40810382E-39
A696 : DEX            : A=AA X=03 Y=D2 SP=?? N=0 V=0 D=0 I=0 Z=0 C=1 : FWA 40-7B:FD000000:00:00 = +3.08837891E-02 : FWB 47-01:C0000000:00:?? = +4.40810382E-39
A697 : BNE A65E       : A=AA X=03 Y=D2 SP=?? N=0 V=0 D=0 I=0 Z=0 C=1 : FWA 40-7B:FD000000:00:00 = +3.08837891E-02 : FWB 47-01:C0000000:00:?? = +4.40810382E-39
A65E : BCS A676       : A=AA X=03 Y=D2 SP=?? N=0 V=0 D=0 I=0 Z=0 C=1 : FWA 40-7B:FD000000:00:00 = +3.08837891E-02 : FWB 47-01:C0000000:00:?? = +4.40810382E-39
A676 : TAY            : A=AA X=03 Y=AA SP=?? N=1 V=0 D=0 I=0 Z=0 C=1 : FWA 40-7B:FD000000:00:00 = +3.08837891E-02 : FWB 47-01:C0000000:00:?? = +4.40810382E-39
A677 : LDA 40         : A=00 X=03 Y=AA SP=?? N=0 V=0 D=0 I=0 Z=1 C=1 : FWA 40-7B:FD000000:00:00 = +3.08837891E-02 : FWB 47-01:C0000000:00:?? = +4.40810382E-39
A679 : SBC 34         : A=00 X=03 Y=AA SP=?? N=0 V=0 D=0 I=0 Z=1 C=1 : FWA 40-7B:FD000000:00:00 = +3.08837891E-02 : FWB 47-01:C0000000:00:?? = +4.40810382E-39
A67B : STA 40         : A=00 X=03 Y=AA SP=?? N=0 V=0 D=0 I=0 Z=1 C=1 : FWA 40-7B:FD000000:00:00 = +3.08837891E-02 : FWB 47-01:C0000000:00:?? = +4.40810382E-39
A67D : LDA 3F         : A=00 X=03 Y=AA SP=?? N=0 V=0 D=0 I=0 Z=1 C=1 : FWA 40-7B:FD000000:00:00 = +3.08837891E-02 : FWB 47-01:C0000000:00:?? = +4.40810382E-39
A67F : SBC 33         : A=00 X=03 Y=AA SP=?? N=0 V=0 D=0 I=0 Z=1 C=1 : FWA 40-7B:FD000000:00:00 = +3.08837891E-02 : FWB 47-01:C0000000:00:?? = +4.40810382E-39
A681 : STA 3F         : A=00 X=03 Y=AA SP=?? N=0 V=0 D=0 I=0 Z=1 C=1 : FWA 40-7B:FD000000:00:00 = +3.08837891E-02 : FWB 47-01:C0000000:00:?? = +4.40810382E-39
A683 : LDA 3E         : A=00 X=03 Y=AA SP=?? N=0 V=0 D=0 I=0 Z=1 C=1 : FWA 40-7B:FD000000:00:00 = +3.08837891E-02 : FWB 47-01:C0000000:00:?? = +4.40810382E-39
A685 : SBC 32         : A=00 X=03 Y=AA SP=?? N=0 V=0 D=0 I=0 Z=1 C=1 : FWA 40-7B:FD000000:00:00 = +3.08837891E-02 : FWB 47-01:C0000000:00:?? = +4.40810382E-39
A687 : STA 3E         : A=00 X=03 Y=AA SP=?? N=0 V=0 D=0 I=0 Z=1 C=1 : FWA 40-7B:FD000000:00:00 = +3.08837891E-02 : FWB 47-01:C0000000:00:?? = +4.40810382E-39
A689 : TYA            : A=AA X=03 Y=AA SP=?? N=1 V=0 D=0 I=0 Z=0 C=1 : FWA 40-7B:FD000000:00:00 = +3.08837891E-02 : FWB 47-01:C0000000:00:?? = +4.40810382E-39
A68A : SBC 31         : A=AD X=03 Y=AA SP=?? N=1 V=0 D=0 I=0 Z=0 C=0 : FWA 40-7B:FD000000:00:00 = +3.08837891E-02 : FWB 47-01:C0000000:00:?? = +4.40810382E-39
A68C : SEC            : A=AD X=03 Y=AA SP=?? N=1 V=0 D=0 I=0 Z=0 C=1 : FWA 40-7B:FD000000:00:00 = +3.08837891E-02 : FWB 47-01:C0000000:00:?? = +4.40810382E-39
A68D : ROL 3B         : A=AD X=03 Y=AA SP=?? N=1 V=0 D=0 I=0 Z=0 C=0 : FWA 40-7B:FD000000:00:00 = +3.08837891E-02 : FWB 8F-01:C0000000:00:?? = -4.40810382E-39
A68F : ASL 40         : A=AD X=03 Y=AA SP=?? N=0 V=0 D=0 I=0 Z=1 C=0 : FWA 40-7B:FD000000:00:00 = +3.08837891E-02 : FWB 8F-01:C0000000:00:?? = -4.40810382E-39
A691 : ROL 3F         : A=AD X=03 Y=AA SP=?? N=0 V=0 D=0 I=0 Z=1 C=0 : FWA 40-7B:FD000000:00:00 = +3.08837891E-02 : FWB 8F-01:C0000000:00:?? = -4.40810382E-39
A693 : ROL 3E         : A=AD X=03 Y=AA SP=?? N=0 V=0 D=0 I=0 Z=1 C=0 : FWA 40-7B:FD000000:00:00 = +3.08837891E-02 : FWB 8F-01:C0000000:00:?? = -4.40810382E-39
A695 : ROL A          : A=5A X=03 Y=AA SP=?? N=0 V=0 D=0 I=0 Z=0 C=1 : FWA 40-7B:FD000000:00:00 = +3.08837891E-02 : FWB 8F-01:C0000000:00:?? = -4.40810382E-39
A696 : DEX            : A=5A X=02 Y=AA SP=?? N=0 V=0 D=0 I=0 Z=0 C=1 : FWA 40-7B:FD000000:00:00 = +3.08837891E-02 : FWB 8F-01:C0000000:00:?? = -4.40810382E-39
A697 : BNE A65E       : A=5A X=02 Y=AA SP=?? N=0 V=0 D=0 I=0 Z=0 C=1 : FWA 40-7B:FD000000:00:00 = +3.08837891E-02 : FWB 8F-01:C0000000:00:?? = -4.40810382E-39
A65E : BCS A676       : A=5A X=02 Y=AA SP=?? N=0 V=0 D=0 I=0 Z=0 C=1 : FWA 40-7B:FD000000:00:00 = +3.08837891E-02 : FWB 8F-01:C0000000:00:?? = -4.40810382E-39
A676 : TAY            : A=5A X=02 Y=5A SP=?? N=0 V=0 D=0 I=0 Z=0 C=1 : FWA 40-7B:FD000000:00:00 = +3.08837891E-02 : FWB 8F-01:C0000000:00:?? = -4.40810382E-39
A677 : LDA 40         : A=00 X=02 Y=5A SP=?? N=0 V=0 D=0 I=0 Z=1 C=1 : FWA 40-7B:FD000000:00:00 = +3.08837891E-02 : FWB 8F-01:C0000000:00:?? = -4.40810382E-39
A679 : SBC 34         : A=00 X=02 Y=5A SP=?? N=0 V=0 D=0 I=0 Z=1 C=1 : FWA 40-7B:FD000000:00:00 = +3.08837891E-02 : FWB 8F-01:C0000000:00:?? = -4.40810382E-39
A67B : STA 40         : A=00 X=02 Y=5A SP=?? N=0 V=0 D=0 I=0 Z=1 C=1 : FWA 40-7B:FD000000:00:00 = +3.08837891E-02 : FWB 8F-01:C0000000:00:?? = -4.40810382E-39
A67D : LDA 3F         : A=00 X=02 Y=5A SP=?? N=0 V=0 D=0 I=0 Z=1 C=1 : FWA 40-7B:FD000000:00:00 = +3.08837891E-02 : FWB 8F-01:C0000000:00:?? = -4.40810382E-39
A67F : SBC 33         : A=00 X=02 Y=5A SP=?? N=0 V=0 D=0 I=0 Z=1 C=1 : FWA 40-7B:FD000000:00:00 = +3.08837891E-02 : FWB 8F-01:C0000000:00:?? = -4.40810382E-39
A681 : STA 3F         : A=00 X=02 Y=5A SP=?? N=0 V=0 D=0 I=0 Z=1 C=1 : FWA 40-7B:FD000000:00:00 = +3.08837891E-02 : FWB 8F-01:C0000000:00:?? = -4.40810382E-39
A683 : LDA 3E         : A=00 X=02 Y=5A SP=?? N=0 V=0 D=0 I=0 Z=1 C=1 : FWA 40-7B:FD000000:00:00 = +3.08837891E-02 : FWB 8F-01:C0000000:00:?? = -4.40810382E-39
A685 : SBC 32         : A=00 X=02 Y=5A SP=?? N=0 V=0 D=0 I=0 Z=1 C=1 : FWA 40-7B:FD000000:00:00 = +3.08837891E-02 : FWB 8F-01:C0000000:00:?? = -4.40810382E-39
A687 : STA 3E         : A=00 X=02 Y=5A SP=?? N=0 V=0 D=0 I=0 Z=1 C=1 : FWA 40-7B:FD000000:00:00 = +3.08837891E-02 : FWB 8F-01:C0000000:00:?? = -4.40810382E-39
A689 : TYA            : A=5A X=02 Y=5A SP=?? N=0 V=0 D=0 I=0 Z=0 C=1 : FWA 40-7B:FD000000:00:00 = +3.08837891E-02 : FWB 8F-01:C0000000:00:?? = -4.40810382E-39
A68A : SBC 31         : A=5D X=02 Y=5A SP=?? N=0 V=0 D=0 I=0 Z=0 C=0 : FWA 40-7B:FD000000:00:00 = +3.08837891E-02 : FWB 8F-01:C0000000:00:?? = -4.40810382E-39
A68C : SEC            : A=5D X=02 Y=5A SP=?? N=0 V=0 D=0 I=0 Z=0 C=1 : FWA 40-7B:FD000000:00:00 = +3.08837891E-02 : FWB 8F-01:C0000000:00:?? = -4.40810382E-39
A68D : ROL 3B         : A=5D X=02 Y=5A SP=?? N=0 V=0 D=0 I=0 Z=0 C=1 : FWA 40-7B:FD000000:00:00 = +3.08837891E-02 : FWB 1F-01:C0000000:00:?? = +4.40810382E-39
A68F : ASL 40         : A=5D X=02 Y=5A SP=?? N=0 V=0 D=0 I=0 Z=1 C=0 : FWA 40-7B:FD000000:00:00 = +3.08837891E-02 : FWB 1F-01:C0000000:00:?? = +4.40810382E-39
A691 : ROL 3F         : A=5D X=02 Y=5A SP=?? N=0 V=0 D=0 I=0 Z=1 C=0 : FWA 40-7B:FD000000:00:00 = +3.08837891E-02 : FWB 1F-01:C0000000:00:?? = +4.40810382E-39
A693 : ROL 3E         : A=5D X=02 Y=5A SP=?? N=0 V=0 D=0 I=0 Z=1 C=0 : FWA 40-7B:FD000000:00:00 = +3.08837891E-02 : FWB 1F-01:C0000000:00:?? = +4.40810382E-39
A695 : ROL A          : A=BA X=02 Y=5A SP=?? N=1 V=0 D=0 I=0 Z=0 C=0 : FWA 40-7B:FD000000:00:00 = +3.08837891E-02 : FWB 1F-01:C0000000:00:?? = +4.40810382E-39
A696 : DEX            : A=BA X=01 Y=5A SP=?? N=0 V=0 D=0 I=0 Z=0 C=0 : FWA 40-7B:FD000000:00:00 = +3.08837891E-02 : FWB 1F-01:C0000000:00:?? = +4.40810382E-39
A697 : BNE A65E       : A=BA X=01 Y=5A SP=?? N=0 V=0 D=0 I=0 Z=0 C=0 : FWA 40-7B:FD000000:00:00 = +3.08837891E-02 : FWB 1F-01:C0000000:00:?? = +4.40810382E-39
A65E : BCS A676       : A=BA X=01 Y=5A SP=?? N=0 V=0 D=0 I=0 Z=0 C=0 : FWA 40-7B:FD000000:00:00 = +3.08837891E-02 : FWB 1F-01:C0000000:00:?? = +4.40810382E-39
A660 : CMP 31         : A=BA X=01 Y=5A SP=?? N=1 V=0 D=0 I=0 Z=0 C=0 : FWA 40-7B:FD000000:00:00 = +3.08837891E-02 : FWB 1F-01:C0000000:00:?? = +4.40810382E-39
A662 : BNE A674       : A=BA X=01 Y=5A SP=?? N=1 V=0 D=0 I=0 Z=0 C=0 : FWA 40-7B:FD000000:00:00 = +3.08837891E-02 : FWB 1F-01:C0000000:00:?? = +4.40810382E-39
A674 : BCC A68D       : A=BA X=01 Y=5A SP=?? N=1 V=0 D=0 I=0 Z=0 C=0 : FWA 40-7B:FD000000:00:00 = +3.08837891E-02 : FWB 1F-01:C0000000:00:?? = +4.40810382E-39
A68D : ROL 3B         : A=BA X=01 Y=5A SP=?? N=0 V=0 D=0 I=0 Z=0 C=0 : FWA 40-7B:FD000000:00:00 = +3.08837891E-02 : FWB 3E-01:C0000000:00:?? = +4.40810382E-39
A68F : ASL 40         : A=BA X=01 Y=5A SP=?? N=0 V=0 D=0 I=0 Z=1 C=0 : FWA 40-7B:FD000000:00:00 = +3.08837891E-02 : FWB 3E-01:C0000000:00:?? = +4.40810382E-39
A691 : ROL 3F         : A=BA X=01 Y=5A SP=?? N=0 V=0 D=0 I=0 Z=1 C=0 : FWA 40-7B:FD000000:00:00 = +3.08837891E-02 : FWB 3E-01:C0000000:00:?? = +4.40810382E-39
A693 : ROL 3E         : A=BA X=01 Y=5A SP=?? N=0 V=0 D=0 I=0 Z=1 C=0 : FWA 40-7B:FD000000:00:00 = +3.08837891E-02 : FWB 3E-01:C0000000:00:?? = +4.40810382E-39
A695 : ROL A          : A=74 X=01 Y=5A SP=?? N=0 V=0 D=0 I=0 Z=0 C=1 : FWA 40-7B:FD000000:00:00 = +3.08837891E-02 : FWB 3E-01:C0000000:00:?? = +4.40810382E-39
A696 : DEX            : A=74 X=00 Y=5A SP=?? N=0 V=0 D=0 I=0 Z=1 C=1 : FWA 40-7B:FD000000:00:00 = +3.08837891E-02 : FWB 3E-01:C0000000:00:?? = +4.40810382E-39
A697 : BNE A65E       : A=74 X=00 Y=5A SP=?? N=0 V=0 D=0 I=0 Z=1 C=1 : FWA 40-7B:FD000000:00:00 = +3.08837891E-02 : FWB 3E-01:C0000000:00:?? = +4.40810382E-39
A699 : LDX 3B         : A=74 X=3E Y=5A SP=?? N=0 V=0 D=0 I=0 Z=0 C=1 : FWA 40-7B:FD000000:00:00 = +3.08837891E-02 : FWB 3E-01:C0000000:00:?? = +4.40810382E-39
A69B : PHX            : A=74 X=3E Y=5A SP=?? N=0 V=0 D=0 I=0 Z=0 C=1 : FWA 40-7B:FD000000:00:00 = +3.08837891E-02 : FWB 3E-01:C0000000:00:?? = +4.40810382E-39
A69C : DEC 3C         : A=74 X=3E Y=5A SP=?? N=0 V=0 D=0 I=0 Z=1 C=1 : FWA 40-7B:FD000000:00:00 = +3.08837891E-02 : FWB 3E-00:C0000000:00:?? = +2.20405191E-39
A69E : BNE A65C       : A=74 X=3E Y=5A SP=?? N=0 V=0 D=0 I=0 Z=1 C=1 : FWA 40-7B:FD000000:00:00 = +3.08837891E-02 : FWB 3E-00:C0000000:00:?? = +2.20405191E-39
A6A0 : PLX            : A=74 X=3E Y=5A SP=?? N=0 V=0 D=0 I=0 Z=0 C=1 : FWA 40-7B:FD000000:00:00 = +3.08837891E-02 : FWB 3E-00:C0000000:00:?? = +2.20405191E-39
A6A1 : ROR A          : A=BA X=3E Y=5A SP=?? N=1 V=0 D=0 I=0 Z=0 C=0 : FWA 40-7B:FD000000:00:00 = +3.08837891E-02 : FWB 3E-00:C0000000:00:?? = +2.20405191E-39
A6A2 : LSR 31         : A=BA X=3E Y=5A SP=?? N=0 V=0 D=0 I=0 Z=0 C=1 : FWA 40-7B:7E000000:00:00 = +1.53808594E-02 : FWB 3E-00:C0000000:00:?? = +2.20405191E-39
A6A4 : STX 34         : A=BA X=3E Y=5A SP=?? N=0 V=0 D=0 I=0 Z=0 C=1 : FWA 40-7B:7E00003E:00:00 = +1.53808598E-02 : FWB 3E-00:C0000000:00:?? = +2.20405191E-39
A6A6 : LDX #03        : A=BA X=03 Y=5A SP=?? N=0 V=0 D=0 I=0 Z=0 C=1 : FWA 40-7B:7E00003E:00:00 = +1.53808598E-02 : FWB 3E-00:C0000000:00:?? = +2.20405191E-39
A6A8 : CMP 31         : A=BA X=03 Y=5A SP=?? N=0 V=0 D=0 I=0 Z=0 C=1 : FWA 40-7B:7E00003E:00:00 = +1.53808598E-02 : FWB 3E-00:C0000000:00:?? = +2.20405191E-39
A6AA : BCC A6AE       : A=BA X=03 Y=5A SP=?? N=0 V=0 D=0 I=0 Z=0 C=1 : FWA 40-7B:7E00003E:00:00 = +1.53808598E-02 : FWB 3E-00:C0000000:00:?? = +2.20405191E-39
A6AC : SBC 31         : A=3C X=03 Y=5A SP=?? N=0 V=1 D=0 I=0 Z=0 C=1 : FWA 40-7B:7E00003E:00:00 = +1.53808598E-02 : FWB 3E-00:C0000000:00:?? = +2.20405191E-39
A6AE : PHP            : A=3C X=03 Y=5A SP=?? N=0 V=1 D=0 I=0 Z=0 C=1 : FWA 40-7B:7E00003E:00:00 = +1.53808598E-02 : FWB 3E-00:C0000000:00:?? = +2.20405191E-39
A6AF : ASL A          : A=78 X=03 Y=5A SP=?? N=0 V=1 D=0 I=0 Z=0 C=0 : FWA 40-7B:7E00003E:00:00 = +1.53808598E-02 : FWB 3E-00:C0000000:00:?? = +2.20405191E-39
A6B0 : DEX            : A=78 X=02 Y=5A SP=?? N=0 V=1 D=0 I=0 Z=0 C=0 : FWA 40-7B:7E00003E:00:00 = +1.53808598E-02 : FWB 3E-00:C0000000:00:?? = +2.20405191E-39
A6B1 : BNE A6A8       : A=78 X=02 Y=5A SP=?? N=0 V=1 D=0 I=0 Z=0 C=0 : FWA 40-7B:7E00003E:00:00 = +1.53808598E-02 : FWB 3E-00:C0000000:00:?? = +2.20405191E-39
A6A8 : CMP 31         : A=78 X=02 Y=5A SP=?? N=1 V=1 D=0 I=0 Z=0 C=0 : FWA 40-7B:7E00003E:00:00 = +1.53808598E-02 : FWB 3E-00:C0000000:00:?? = +2.20405191E-39
A6AA : BCC A6AE       : A=78 X=02 Y=5A SP=?? N=1 V=1 D=0 I=0 Z=0 C=0 : FWA 40-7B:7E00003E:00:00 = +1.53808598E-02 : FWB 3E-00:C0000000:00:?? = +2.20405191E-39
A6AE : PHP            : A=78 X=02 Y=5A SP=?? N=1 V=1 D=0 I=0 Z=0 C=0 : FWA 40-7B:7E00003E:00:00 = +1.53808598E-02 : FWB 3E-00:C0000000:00:?? = +2.20405191E-39
A6AF : ASL A          : A=F0 X=02 Y=5A SP=?? N=1 V=1 D=0 I=0 Z=0 C=0 : FWA 40-7B:7E00003E:00:00 = +1.53808598E-02 : FWB 3E-00:C0000000:00:?? = +2.20405191E-39
A6B0 : DEX            : A=F0 X=01 Y=5A SP=?? N=0 V=1 D=0 I=0 Z=0 C=0 : FWA 40-7B:7E00003E:00:00 = +1.53808598E-02 : FWB 3E-00:C0000000:00:?? = +2.20405191E-39
A6B1 : BNE A6A8       : A=F0 X=01 Y=5A SP=?? N=0 V=1 D=0 I=0 Z=0 C=0 : FWA 40-7B:7E00003E:00:00 = +1.53808598E-02 : FWB 3E-00:C0000000:00:?? = +2.20405191E-39
A6A8 : CMP 31         : A=F0 X=01 Y=5A SP=?? N=0 V=1 D=0 I=0 Z=0 C=1 : FWA 40-7B:7E00003E:00:00 = +1.53808598E-02 : FWB 3E-00:C0000000:00:?? = +2.20405191E-39
A6AA : BCC A6AE       : A=F0 X=01 Y=5A SP=?? N=0 V=1 D=0 I=0 Z=0 C=1 : FWA 40-7B:7E00003E:00:00 = +1.53808598E-02 : FWB 3E-00:C0000000:00:?? = +2.20405191E-39
A6AC : SBC 31         : A=72 X=01 Y=5A SP=?? N=0 V=1 D=0 I=0 Z=0 C=1 : FWA 40-7B:7E00003E:00:00 = +1.53808598E-02 : FWB 3E-00:C0000000:00:?? = +2.20405191E-39
A6AE : PHP            : A=72 X=01 Y=5A SP=?? N=0 V=1 D=0 I=0 Z=0 C=1 : FWA 40-7B:7E00003E:00:00 = +1.53808598E-02 : FWB 3E-00:C0000000:00:?? = +2.20405191E-39
A6AF : ASL A          : A=E4 X=01 Y=5A SP=?? N=1 V=1 D=0 I=0 Z=0 C=0 : FWA 40-7B:7E00003E:00:00 = +1.53808598E-02 : FWB 3E-00:C0000000:00:?? = +2.20405191E-39
A6B0 : DEX            : A=E4 X=00 Y=5A SP=?? N=0 V=1 D=0 I=0 Z=1 C=0 : FWA 40-7B:7E00003E:00:00 = +1.53808598E-02 : FWB 3E-00:C0000000:00:?? = +2.20405191E-39
A6B1 : BNE A6A8       : A=E4 X=00 Y=5A SP=?? N=0 V=1 D=0 I=0 Z=1 C=0 : FWA 40-7B:7E00003E:00:00 = +1.53808598E-02 : FWB 3E-00:C0000000:00:?? = +2.20405191E-39
A6B3 : PLP            : A=E4 X=00 Y=5A SP=?? N=0 V=1 D=0 I=0 Z=0 C=1 : FWA 40-7B:7E00003E:00:00 = +1.53808598E-02 : FWB 3E-00:C0000000:00:?? = +2.20405191E-39
A6B4 : ROR A          : A=F2 X=00 Y=5A SP=?? N=1 V=1 D=0 I=0 Z=0 C=0 : FWA 40-7B:7E00003E:00:00 = +1.53808598E-02 : FWB 3E-00:C0000000:00:?? = +2.20405191E-39
A6B5 : PLP            : A=F2 X=00 Y=5A SP=?? N=1 V=1 D=0 I=0 Z=0 C=0 : FWA 40-7B:7E00003E:00:00 = +1.53808598E-02 : FWB 3E-00:C0000000:00:?? = +2.20405191E-39
A6B6 : ROR A          : A=79 X=00 Y=5A SP=?? N=0 V=1 D=0 I=0 Z=0 C=0 : FWA 40-7B:7E00003E:00:00 = +1.53808598E-02 : FWB 3E-00:C0000000:00:?? = +2.20405191E-39
A6B7 : PLP            : A=79 X=00 Y=5A SP=?? N=0 V=1 D=0 I=0 Z=0 C=1 : FWA 40-7B:7E00003E:00:00 = +1.53808598E-02 : FWB 3E-00:C0000000:00:?? = +2.20405191E-39
A6B8 : ROR A          : A=BC X=00 Y=5A SP=?? N=1 V=1 D=0 I=0 Z=0 C=1 : FWA 40-7B:7E00003E:00:00 = +1.53808598E-02 : FWB 3E-00:C0000000:00:?? = +2.20405191E-39
A6B9 : STA 35         : A=BC X=00 Y=5A SP=?? N=1 V=1 D=0 I=0 Z=0 C=1 : FWA 40-7B:7E00003E:BC:00 = +1.53808598E-02 : FWB 3E-00:C0000000:00:?? = +2.20405191E-39
A6BB : PLA            : A=6A X=00 Y=5A SP=?? N=0 V=1 D=0 I=0 Z=0 C=1 : FWA 40-7B:7E00003E:BC:00 = +1.53808598E-02 : FWB 3E-00:C0000000:00:?? = +2.20405191E-39
A6BC : STA 33         : A=6A X=00 Y=5A SP=?? N=0 V=1 D=0 I=0 Z=0 C=1 : FWA 40-7B:7E006A3E:BC:00 = +1.53810573E-02 : FWB 3E-00:C0000000:00:?? = +2.20405191E-39
A6BE : PLA            : A=23 X=00 Y=5A SP=?? N=0 V=1 D=0 I=0 Z=0 C=1 : FWA 40-7B:7E006A3E:BC:00 = +1.53810573E-02 : FWB 3E-00:C0000000:00:?? = +2.20405191E-39
A6BF : STA 32         : A=23 X=00 Y=5A SP=?? N=0 V=1 D=0 I=0 Z=0 C=1 : FWA 40-7B:7E236A3E:BC:00 = +1.53977466E-02 : FWB 3E-00:C0000000:00:?? = +2.20405191E-39
A6C1 : PLA            : A=61 X=00 Y=5A SP=?? N=0 V=1 D=0 I=0 Z=0 C=1 : FWA 40-7B:7E236A3E:BC:00 = +1.53977466E-02 : FWB 3E-00:C0000000:00:?? = +2.20405191E-39
A6C2 : STA 31         : A=61 X=00 Y=5A SP=?? N=0 V=1 D=0 I=0 Z=0 C=1 : FWA 40-7B:61236A3E:BC:00 = +1.18577075E-02 : FWB 3E-00:C0000000:00:?? = +2.20405191E-39
A6C4 : BMI A712       : A=61 X=00 Y=5A SP=?? N=0 V=1 D=0 I=0 Z=0 C=1 : FWA 40-7B:61236A3E:BC:00 = +1.18577075E-02 : FWB 3E-00:C0000000:00:?? = +2.20405191E-39
A6C6 : JSR 8306       : A=61 X=00 Y=5A SP=?? N=0 V=1 D=0 I=0 Z=0 C=1 : FWA 40-7B:61236A3E:BC:00 = +1.18577075E-02 : FWB 3E-00:C0000000:00:?? = +2.20405191E-39
8306 : BNE 832F       : A=61 X=00 Y=5A SP=?? N=0 V=1 D=0 I=0 Z=0 C=1 : FWA 40-7B:61236A3E:BC:00 = +1.18577075E-02 : FWB 3E-00:C0000000:00:?? = +2.20405191E-39
832F : LDY 30         : A=61 X=00 Y=7B SP=?? N=0 V=1 D=0 I=0 Z=0 C=1 : FWA 40-7B:61236A3E:BC:00 = +1.18577075E-02 : FWB 3E-00:C0000000:00:?? = +2.20405191E-39
8331 : DEY            : A=61 X=00 Y=7A SP=?? N=0 V=1 D=0 I=0 Z=0 C=1 : FWA 40-7B:61236A3E:BC:00 = +1.18577075E-02 : FWB 3E-00:C0000000:00:?? = +2.20405191E-39
8332 : ASL 35         : A=61 X=00 Y=7A SP=?? N=0 V=1 D=0 I=0 Z=0 C=1 : FWA 40-7B:61236A3E:78:00 = +1.18577075E-02 : FWB 3E-00:C0000000:00:?? = +2.20405191E-39
8334 : ROL 34         : A=61 X=00 Y=7A SP=?? N=0 V=1 D=0 I=0 Z=0 C=0 : FWA 40-7B:61236A7D:78:00 = +1.18577080E-02 : FWB 3E-00:C0000000:00:?? = +2.20405191E-39
8336 : ROL 33         : A=61 X=00 Y=7A SP=?? N=1 V=1 D=0 I=0 Z=0 C=0 : FWA 40-7B:6123D47D:78:00 = +1.18579054E-02 : FWB 3E-00:C0000000:00:?? = +2.20405191E-39
8338 : ROL 32         : A=61 X=00 Y=7A SP=?? N=0 V=1 D=0 I=0 Z=0 C=0 : FWA 40-7B:6146D47D:78:00 = +1.18745947E-02 : FWB 3E-00:C0000000:00:?? = +2.20405191E-39
833A : ROL A          : A=C2 X=00 Y=7A SP=?? N=1 V=1 D=0 I=0 Z=0 C=0 : FWA 40-7B:6146D47D:78:00 = +1.18745947E-02 : FWB 3E-00:C0000000:00:?? = +2.20405191E-39
833B : BPL 8331       : A=C2 X=00 Y=7A SP=?? N=1 V=1 D=0 I=0 Z=0 C=0 : FWA 40-7B:6146D47D:78:00 = +1.18745947E-02 : FWB 3E-00:C0000000:00:?? = +2.20405191E-39
833D : CPY 30         : A=C2 X=00 Y=7A SP=?? N=1 V=1 D=0 I=0 Z=0 C=0 : FWA 40-7B:6146D47D:78:00 = +1.18745947E-02 : FWB 3E-00:C0000000:00:?? = +2.20405191E-39
833F : STY 30         : A=C2 X=00 Y=7A SP=?? N=1 V=1 D=0 I=0 Z=0 C=0 : FWA 40-7A:6146D47D:78:00 = +5.93729735E-03 : FWB 3E-00:C0000000:00:?? = +2.20405191E-39
8341 : BCC 8345       : A=C2 X=00 Y=7A SP=?? N=1 V=1 D=0 I=0 Z=0 C=0 : FWA 40-7A:6146D47D:78:00 = +5.93729735E-03 : FWB 3E-00:C0000000:00:?? = +2.20405191E-39
8345 : TAY            : A=C2 X=00 Y=C2 SP=?? N=1 V=1 D=0 I=0 Z=0 C=0 : FWA 40-7A:6146D47D:78:00 = +5.93729735E-03 : FWB 3E-00:C0000000:00:?? = +2.20405191E-39
8346 : STA 31         : A=C2 X=00 Y=C2 SP=?? N=1 V=1 D=0 I=0 Z=0 C=0 : FWA 40-7A:C246D47D:78:00 = +1.18577075E-02 : FWB 3E-00:C0000000:00:?? = +2.20405191E-39
8348 : RTS            : A=C2 X=00 Y=C2 SP=?? N=1 V=1 D=0 I=0 Z=0 C=0 : FWA 40-7A:C246D47D:78:00 = +1.18577075E-02 : FWB 3E-00:C0000000:00:?? = +2.20405191E-39
A6C9 : BRA A712       : A=C2 X=00 Y=C2 SP=?? N=1 V=1 D=0 I=0 Z=0 C=0 : FWA 40-7A:C246D47D:78:00 = +1.18577075E-02 : FWB 3E-00:C0000000:00:?? = +2.20405191E-39
A712 : LDA 35         : A=78 X=00 Y=C2 SP=?? N=0 V=1 D=0 I=0 Z=0 C=0 : FWA 40-7A:C246D47D:78:00 = +1.18577075E-02 : FWB 3E-00:C0000000:00:?? = +2.20405191E-39
A714 : BPL A725       : A=78 X=00 Y=C2 SP=?? N=0 V=1 D=0 I=0 Z=0 C=0 : FWA 40-7A:C246D47D:78:00 = +1.18577075E-02 : FWB 3E-00:C0000000:00:?? = +2.20405191E-39
A725 : LDA 2F         : A=00 X=00 Y=C2 SP=?? N=0 V=1 D=0 I=0 Z=1 C=0 : FWA 40-7A:C246D47D:78:00 = +1.18577075E-02 : FWB 3E-00:C0000000:00:?? = +2.20405191E-39
A727 : BEQ A739       : A=00 X=00 Y=C2 SP=?? N=0 V=1 D=0 I=0 Z=1 C=0 : FWA 40-7A:C246D47D:78:00 = +1.18577075E-02 : FWB 3E-00:C0000000:00:?? = +2.20405191E-39
A739 : STZ 35         : A=00 X=00 Y=C2 SP=?? N=0 V=1 D=0 I=0 Z=1 C=0 : FWA 40-7A:C246D47D:00:00 = +1.18577075E-02 : FWB 3E-00:C0000000:00:?? = +2.20405191E-39
A73B : LDA #FF        : A=FF X=00 Y=C2 SP=?? N=1 V=1 D=0 I=0 Z=0 C=0 : FWA 40-7A:C246D47D:00:00 = +1.18577075E-02 : FWB 3E-00:C0000000:00:?? = +2.20405191E-39
A73D : RTS            : A=FF X=00 Y=C2 SP=?? N=1 V=1 D=0 I=0 Z=0 C=0 : FWA 40-7A:C246D47D:00:00 = +1.18577075E-02 : FWB 3E-00:C0000000:00:?? = +2.20405191E-39
A7E1 : LDA 30         : A=7A X=00 Y=C2 SP=?? N=0 V=1 D=0 I=0 Z=0 C=0 : FWA 40-7A:C246D47D:00:00 = +1.18577075E-02 : FWB 3E-00:C0000000:00:?? = +2.20405191E-39
A7E3 : BEQ A7EF       : A=7A X=00 Y=C2 SP=?? N=0 V=1 D=0 I=0 Z=0 C=0 : FWA 40-7A:C246D47D:00:00 = +1.18577075E-02 : FWB 3E-00:C0000000:00:?? = +2.20405191E-39
A7E5 : CMP #6E        : A=7A X=00 Y=C2 SP=?? N=0 V=1 D=0 I=0 Z=0 C=1 : FWA 40-7A:C246D47D:00:00 = +1.18577075E-02 : FWB 3E-00:C0000000:00:?? = +2.20405191E-39
A7E7 : BCC A7ED       : A=7A X=00 Y=C2 SP=?? N=0 V=1 D=0 I=0 Z=0 C=1 : FWA 40-7A:C246D47D:00:00 = +1.18577075E-02 : FWB 3E-00:C0000000:00:?? = +2.20405191E-39
A7E9 : CLC            : A=7A X=00 Y=C2 SP=?? N=0 V=1 D=0 I=0 Z=0 C=0 : FWA 40-7A:C246D47D:00:00 = +1.18577075E-02 : FWB 3E-00:C0000000:00:?? = +2.20405191E-39
A7EA : JSR A8B9       : A=7A X=00 Y=C2 SP=?? N=0 V=1 D=0 I=0 Z=0 C=0 : FWA 40-7A:C246D47D:00:00 = +1.18577075E-02 : FWB 3E-00:C0000000:00:?? = +2.20405191E-39
A8B9 : LDX #E7        : A=7A X=E7 Y=C2 SP=?? N=1 V=1 D=0 I=0 Z=0 C=0 : FWA 40-7A:C246D47D:00:00 = +1.18577075E-02 : FWB 3E-00:C0000000:00:?? = +2.20405191E-39
A8BB : PHP            : A=7A X=E7 Y=C2 SP=?? N=1 V=1 D=0 I=0 Z=0 C=0 : FWA 40-7A:C246D47D:00:00 = +1.18577075E-02 : FWB 3E-00:C0000000:00:?? = +2.20405191E-39
A8BC : JSR A6CB       : A=7A X=E7 Y=C2 SP=?? N=1 V=1 D=0 I=0 Z=0 C=0 : FWA 40-7A:C246D47D:00:00 = +1.18577075E-02 : FWB 3E-00:C0000000:00:?? = +2.20405191E-39
A6CB : JSR A545       : A=7A X=E7 Y=C2 SP=?? N=1 V=1 D=0 I=0 Z=0 C=0 : FWA 40-7A:C246D47D:00:00 = +1.18577075E-02 : FWB 3E-00:C0000000:00:?? = +2.20405191E-39
A545 : LDA #6C        : A=6C X=E7 Y=C2 SP=?? N=0 V=1 D=0 I=0 Z=0 C=0 : FWA 40-7A:C246D47D:00:00 = +1.18577075E-02 : FWB 3E-00:C0000000:00:?? = +2.20405191E-39
A547 : STA 4A         : A=6C X=E7 Y=C2 SP=?? N=0 V=1 D=0 I=0 Z=0 C=0 : FWA 40-7A:C246D47D:00:00 = +1.18577075E-02 : FWB 3E-00:C0000000:00:?? = +2.20405191E-39
A549 : LDA #04        : A=04 X=E7 Y=C2 SP=?? N=0 V=1 D=0 I=0 Z=0 C=0 : FWA 40-7A:C246D47D:00:00 = +1.18577075E-02 : FWB 3E-00:C0000000:00:?? = +2.20405191E-39
A54B : STA 4B         : A=04 X=E7 Y=C2 SP=?? N=0 V=1 D=0 I=0 Z=0 C=0 : FWA 40-7A:C246D47D:00:00 = +1.18577075E-02 : FWB 3E-00:C0000000:00:?? = +2.20405191E-39
A54D : LDA 30         : A=7A X=E7 Y=C2 SP=?? N=0 V=1 D=0 I=0 Z=0 C=0 : FWA 40-7A:C246D47D:00:00 = +1.18577075E-02 : FWB 3E-00:C0000000:00:?? = +2.20405191E-39
A54F : STA (4A)       : A=7A X=E7 Y=C2 SP=?? N=0 V=1 D=0 I=0 Z=0 C=0 : FWA 40-7A:C246D47D:00:00 = +1.18577075E-02 : FWB 3E-00:C0000000:00:?? = +2.20405191E-39
A551 : LDY #01        : A=7A X=E7 Y=01 SP=?? N=0 V=1 D=0 I=0 Z=0 C=0 : FWA 40-7A:C246D47D:00:00 = +1.18577075E-02 : FWB 3E-00:C0000000:00:?? = +2.20405191E-39
A553 : LDA 2E         : A=40 X=E7 Y=01 SP=?? N=0 V=1 D=0 I=0 Z=0 C=0 : FWA 40-7A:C246D47D:00:00 = +1.18577075E-02 : FWB 3E-00:C0000000:00:?? = +2.20405191E-39
A555 : EOR 31         : A=82 X=E7 Y=01 SP=?? N=1 V=1 D=0 I=0 Z=0 C=0 : FWA 40-7A:C246D47D:00:00 = +1.18577075E-02 : FWB 3E-00:C0000000:00:?? = +2.20405191E-39
A557 : AND #80        : A=80 X=E7 Y=01 SP=?? N=1 V=1 D=0 I=0 Z=0 C=0 : FWA 40-7A:C246D47D:00:00 = +1.18577075E-02 : FWB 3E-00:C0000000:00:?? = +2.20405191E-39
A559 : EOR 31         : A=42 X=E7 Y=01 SP=?? N=0 V=1 D=0 I=0 Z=0 C=0 : FWA 40-7A:C246D47D:00:00 = +1.18577075E-02 : FWB 3E-00:C0000000:00:?? = +2.20405191E-39
A55B : STA (4A),Y     : A=42 X=E7 Y=01 SP=?? N=0 V=1 D=0 I=0 Z=0 C=0 : FWA 40-7A:C246D47D:00:00 = +1.18577075E-02 : FWB 3E-00:C0000000:00:?? = +2.20405191E-39
A55D : LDA 32         : A=46 X=E7 Y=01 SP=?? N=0 V=1 D=0 I=0 Z=0 C=0 : FWA 40-7A:C246D47D:00:00 = +1.18577075E-02 : FWB 3E-00:C0000000:00:?? = +2.20405191E-39
A55F : INY            : A=46 X=E7 Y=02 SP=?? N=0 V=1 D=0 I=0 Z=0 C=0 : FWA 40-7A:C246D47D:00:00 = +1.18577075E-02 : FWB 3E-00:C0000000:00:?? = +2.20405191E-39
A560 : STA (4A),Y     : A=46 X=E7 Y=02 SP=?? N=0 V=1 D=0 I=0 Z=0 C=0 : FWA 40-7A:C246D47D:00:00 = +1.18577075E-02 : FWB 3E-00:C0000000:00:?? = +2.20405191E-39
A562 : LDA 33         : A=D4 X=E7 Y=02 SP=?? N=1 V=1 D=0 I=0 Z=0 C=0 : FWA 40-7A:C246D47D:00:00 = +1.18577075E-02 : FWB 3E-00:C0000000:00:?? = +2.20405191E-39
A564 : INY            : A=D4 X=E7 Y=03 SP=?? N=0 V=1 D=0 I=0 Z=0 C=0 : FWA 40-7A:C246D47D:00:00 = +1.18577075E-02 : FWB 3E-00:C0000000:00:?? = +2.20405191E-39
A565 : STA (4A),Y     : A=D4 X=E7 Y=03 SP=?? N=0 V=1 D=0 I=0 Z=0 C=0 : FWA 40-7A:C246D47D:00:00 = +1.18577075E-02 : FWB 3E-00:C0000000:00:?? = +2.20405191E-39
A567 : LDA 34         : A=7D X=E7 Y=03 SP=?? N=0 V=1 D=0 I=0 Z=0 C=0 : FWA 40-7A:C246D47D:00:00 = +1.18577075E-02 : FWB 3E-00:C0000000:00:?? = +2.20405191E-39
A569 : INY            : A=7D X=E7 Y=04 SP=?? N=0 V=1 D=0 I=0 Z=0 C=0 : FWA 40-7A:C246D47D:00:00 = +1.18577075E-02 : FWB 3E-00:C0000000:00:?? = +2.20405191E-39
A56A : STA (4A),Y     : A=7D X=E7 Y=04 SP=?? N=0 V=1 D=0 I=0 Z=0 C=0 : FWA 40-7A:C246D47D:00:00 = +1.18577075E-02 : FWB 3E-00:C0000000:00:?? = +2.20405191E-39
A56C : RTS            : A=7D X=E7 Y=04 SP=?? N=0 V=1 D=0 I=0 Z=0 C=0 : FWA 40-7A:C246D47D:00:00 = +1.18577075E-02 : FWB 3E-00:C0000000:00:?? = +2.20405191E-39
A6CE : JSR A3ED       : A=7D X=E7 Y=04 SP=?? N=0 V=1 D=0 I=0 Z=0 C=0 : FWA 40-7A:C246D47D:00:00 = +1.18577075E-02 : FWB 3E-00:C0000000:00:?? = +2.20405191E-39
A3ED : LDA 2E         : A=40 X=E7 Y=04 SP=?? N=0 V=1 D=0 I=0 Z=0 C=0 : FWA 40-7A:C246D47D:00:00 = +1.18577075E-02 : FWB 3E-00:C0000000:00:?? = +2.20405191E-39
A3EF : STA 3B         : A=40 X=E7 Y=04 SP=?? N=0 V=1 D=0 I=0 Z=0 C=0 : FWA 40-7A:C246D47D:00:00 = +1.18577075E-02 : FWB 40-00:C0000000:00:?? = +2.20405191E-39
A3F1 : LDA 30         : A=7A X=E7 Y=04 SP=?? N=0 V=1 D=0 I=0 Z=0 C=0 : FWA 40-7A:C246D47D:00:00 = +1.18577075E-02 : FWB 40-00:C0000000:00:?? = +2.20405191E-39
A3F3 : STA 3C         : A=7A X=E7 Y=04 SP=?? N=0 V=1 D=0 I=0 Z=0 C=0 : FWA 40-7A:C246D47D:00:00 = +1.18577075E-02 : FWB 40-7A:C0000000:00:?? = +1.17187500E-02
A3F5 : LDA 31         : A=C2 X=E7 Y=04 SP=?? N=1 V=1 D=0 I=0 Z=0 C=0 : FWA 40-7A:C246D47D:00:00 = +1.18577075E-02 : FWB 40-7A:C0000000:00:?? = +1.17187500E-02
A3F7 : STA 3D         : A=C2 X=E7 Y=04 SP=?? N=1 V=1 D=0 I=0 Z=0 C=0 : FWA 40-7A:C246D47D:00:00 = +1.18577075E-02 : FWB 40-7A:C2000000:00:?? = +1.18408203E-02
A3F9 : LDA 32         : A=46 X=E7 Y=04 SP=?? N=0 V=1 D=0 I=0 Z=0 C=0 : FWA 40-7A:C246D47D:00:00 = +1.18577075E-02 : FWB 40-7A:C2000000:00:?? = +1.18408203E-02
A3FB : STA 3E         : A=46 X=E7 Y=04 SP=?? N=0 V=1 D=0 I=0 Z=0 C=0 : FWA 40-7A:C246D47D:00:00 = +1.18577075E-02 : FWB 40-7A:C2460000:00:?? = +1.18575096E-02
A3FD : LDA 33         : A=D4 X=E7 Y=04 SP=?? N=1 V=1 D=0 I=0 Z=0 C=0 : FWA 40-7A:C246D47D:00:00 = +1.18577075E-02 : FWB 40-7A:C2460000:00:?? = +1.18575096E-02
A3FF : STA 3F         : A=D4 X=E7 Y=04 SP=?? N=1 V=1 D=0 I=0 Z=0 C=0 : FWA 40-7A:C246D47D:00:00 = +1.18577075E-02 : FWB 40-7A:C246D400:00:?? = +1.18577071E-02
A401 : LDA 34         : A=7D X=E7 Y=04 SP=?? N=0 V=1 D=0 I=0 Z=0 C=0 : FWA 40-7A:C246D47D:00:00 = +1.18577075E-02 : FWB 40-7A:C246D400:00:?? = +1.18577071E-02
A403 : STA 40         : A=7D X=E7 Y=04 SP=?? N=0 V=1 D=0 I=0 Z=0 C=0 : FWA 40-7A:C246D47D:00:00 = +1.18577075E-02 : FWB 40-7A:C246D47D:00:?? = +1.18577075E-02
A405 : LDA 35         : A=00 X=E7 Y=04 SP=?? N=0 V=1 D=0 I=0 Z=1 C=0 : FWA 40-7A:C246D47D:00:00 = +1.18577075E-02 : FWB 40-7A:C246D47D:00:?? = +1.18577075E-02
A407 : STA 41         : A=00 X=E7 Y=04 SP=?? N=0 V=1 D=0 I=0 Z=1 C=0 : FWA 40-7A:C246D47D:00:00 = +1.18577075E-02 : FWB 40-7A:C246D47D:00:?? = +1.18577075E-02
A409 : RTS            : A=00 X=E7 Y=04 SP=?? N=0 V=1 D=0 I=0 Z=1 C=0 : FWA 40-7A:C246D47D:00:00 = +1.18577075E-02 : FWB 40-7A:C246D47D:00:?? = +1.18577075E-02
A6D1 : LDA 30         : A=7A X=E7 Y=04 SP=?? N=0 V=1 D=0 I=0 Z=0 C=0 : FWA 40-7A:C246D47D:00:00 = +1.18577075E-02 : FWB 40-7A:C246D47D:00:?? = +1.18577075E-02
A6D3 : BEQ A72B       : A=7A X=E7 Y=04 SP=?? N=0 V=1 D=0 I=0 Z=0 C=0 : FWA 40-7A:C246D47D:00:00 = +1.18577075E-02 : FWB 40-7A:C246D47D:00:?? = +1.18577075E-02
A6D5 : STZ 34         : A=7A X=E7 Y=04 SP=?? N=0 V=1 D=0 I=0 Z=0 C=0 : FWA 40-7A:C246D400:00:00 = +1.18577071E-02 : FWB 40-7A:C246D47D:00:?? = +1.18577075E-02
A6D7 : ASL 40         : A=7A X=E7 Y=04 SP=?? N=1 V=1 D=0 I=0 Z=0 C=0 : FWA 40-7A:C246D400:00:00 = +1.18577071E-02 : FWB 40-7A:C246D4FA:00:?? = +1.18577080E-02
A6D9 : BCC A6ED       : A=7A X=E7 Y=04 SP=?? N=1 V=1 D=0 I=0 Z=0 C=0 : FWA 40-7A:C246D400:00:00 = +1.18577071E-02 : FWB 40-7A:C246D4FA:00:?? = +1.18577080E-02
A6ED : JSR A73E       : A=7A X=E7 Y=04 SP=?? N=1 V=1 D=0 I=0 Z=0 C=0 : FWA 40-7A:C246D400:00:00 = +1.18577071E-02 : FWB 40-7A:C246D4FA:00:?? = +1.18577080E-02
A73E : CLC            : A=7A X=E7 Y=04 SP=?? N=1 V=1 D=0 I=0 Z=0 C=0 : FWA 40-7A:C246D400:00:00 = +1.18577071E-02 : FWB 40-7A:C246D4FA:00:?? = +1.18577080E-02
A73F : LDA 30         : A=7A X=E7 Y=04 SP=?? N=0 V=1 D=0 I=0 Z=0 C=0 : FWA 40-7A:C246D400:00:00 = +1.18577071E-02 : FWB 40-7A:C246D4FA:00:?? = +1.18577080E-02
A741 : ADC 3C         : A=F4 X=E7 Y=04 SP=?? N=1 V=1 D=0 I=0 Z=0 C=0 : FWA 40-7A:C246D400:00:00 = +1.18577071E-02 : FWB 40-7A:C246D4FA:00:?? = +1.18577080E-02
A743 : ROL 2F         : A=F4 X=E7 Y=04 SP=?? N=0 V=1 D=0 I=0 Z=1 C=0 : FWA 40-7A:C246D400:00:00 = +1.18577071E-02 : FWB 40-7A:C246D4FA:00:?? = +1.18577080E-02
A745 : SBC #7F        : A=74 X=E7 Y=04 SP=?? N=0 V=1 D=0 I=0 Z=0 C=1 : FWA 40-7A:C246D400:00:00 = +1.18577071E-02 : FWB 40-7A:C246D4FA:00:?? = +1.18577080E-02
A747 : STA 30         : A=74 X=E7 Y=04 SP=?? N=0 V=1 D=0 I=0 Z=0 C=1 : FWA 40-74:C246D400:00:00 = +1.85276673E-04 : FWB 40-7A:C246D4FA:00:?? = +1.18577080E-02
A749 : BCS A74D       : A=74 X=E7 Y=04 SP=?? N=0 V=1 D=0 I=0 Z=0 C=1 : FWA 40-74:C246D400:00:00 = +1.85276673E-04 : FWB 40-7A:C246D4FA:00:?? = +1.18577080E-02
A74D : LDA 2E         : A=40 X=E7 Y=04 SP=?? N=0 V=1 D=0 I=0 Z=0 C=1 : FWA 40-74:C246D400:00:00 = +1.85276673E-04 : FWB 40-7A:C246D4FA:00:?? = +1.18577080E-02
A74F : EOR 3B         : A=00 X=E7 Y=04 SP=?? N=0 V=1 D=0 I=0 Z=1 C=1 : FWA 40-74:C246D400:00:00 = +1.85276673E-04 : FWB 40-7A:C246D4FA:00:?? = +1.18577080E-02
A751 : STA 2E         : A=00 X=E7 Y=04 SP=?? N=0 V=1 D=0 I=0 Z=1 C=1 : FWA 00-74:C246D400:00:00 = +1.85276673E-04 : FWB 40-7A:C246D4FA:00:?? = +1.18577080E-02
A753 : PHX            : A=00 X=E7 Y=04 SP=?? N=0 V=1 D=0 I=0 Z=1 C=1 : FWA 00-74:C246D400:00:00 = +1.85276673E-04 : FWB 40-7A:C246D4FA:00:?? = +1.18577080E-02
A754 : LDX #F8        : A=00 X=F8 Y=04 SP=?? N=1 V=1 D=0 I=0 Z=0 C=1 : FWA 00-74:C246D400:00:00 = +1.85276673E-04 : FWB 40-7A:C246D4FA:00:?? = +1.18577080E-02
A756 : LDY #04        : A=00 X=F8 Y=04 SP=?? N=0 V=1 D=0 I=0 Z=0 C=1 : FWA 00-74:C246D400:00:00 = +1.85276673E-04 : FWB 40-7A:C246D4FA:00:?? = +1.18577080E-02
A758 : LDA 39,X       : A=C2 X=F8 Y=04 SP=?? N=1 V=1 D=0 I=0 Z=0 C=1 : FWA 00-74:C246D400:00:00 = +1.85276673E-04 : FWB 40-7A:C246D4FA:00:?? = +1.18577080E-02
A75A : STZ 39,X       : A=C2 X=F8 Y=04 SP=?? N=1 V=1 D=0 I=0 Z=0 C=1 : FWA 00-74:0046D400:00:00 = +2.63855327E-07 : FWB 40-7A:C246D4FA:00:?? = +1.18577080E-02
A75C : STA 0041,Y     : A=C2 X=F8 Y=04 SP=?? N=1 V=1 D=0 I=0 Z=0 C=1 : FWA 00-74:0046D400:00:00 = +2.63855327E-07 : FWB 40-7A:C246D4FA:00:?? = +1.18577080E-02
A75F : INX            : A=C2 X=F9 Y=04 SP=?? N=1 V=1 D=0 I=0 Z=0 C=1 : FWA 00-74:0046D400:00:00 = +2.63855327E-07 : FWB 40-7A:C246D4FA:00:?? = +1.18577080E-02
A760 : DEY            : A=C2 X=F9 Y=03 SP=?? N=0 V=1 D=0 I=0 Z=0 C=1 : FWA 00-74:0046D400:00:00 = +2.63855327E-07 : FWB 40-7A:C246D4FA:00:?? = +1.18577080E-02
A761 : BNE A758       : A=C2 X=F9 Y=03 SP=?? N=0 V=1 D=0 I=0 Z=0 C=1 : FWA 00-74:0046D400:00:00 = +2.63855327E-07 : FWB 40-7A:C246D4FA:00:?? = +1.18577080E-02
A758 : LDA 39,X       : A=46 X=F9 Y=03 SP=?? N=0 V=1 D=0 I=0 Z=0 C=1 : FWA 00-74:0046D400:00:00 = +2.63855327E-07 : FWB 40-7A:C246D4FA:00:?? = +1.18577080E-02
A75A : STZ 39,X       : A=46 X=F9 Y=03 SP=?? N=0 V=1 D=0 I=0 Z=0 C=1 : FWA 00-74:0000D400:00:00 = +3.08500603E-09 : FWB 40-7A:C246D4FA:00:?? = +1.18577080E-02
A75C : STA 0041,Y     : A=46 X=F9 Y=03 SP=?? N=0 V=1 D=0 I=0 Z=0 C=1 : FWA 00-74:0000D400:00:00 = +3.08500603E-09 : FWB 40-7A:C246D4FA:00:?? = +1.18577080E-02
A75F : INX            : A=46 X=FA Y=03 SP=?? N=1 V=1 D=0 I=0 Z=0 C=1 : FWA 00-74:0000D400:00:00 = +3.08500603E-09 : FWB 40-7A:C246D4FA:00:?? = +1.18577080E-02
A760 : DEY            : A=46 X=FA Y=02 SP=?? N=0 V=1 D=0 I=0 Z=0 C=1 : FWA 00-74:0000D400:00:00 = +3.08500603E-09 : FWB 40-7A:C246D4FA:00:?? = +1.18577080E-02
A761 : BNE A758       : A=46 X=FA Y=02 SP=?? N=0 V=1 D=0 I=0 Z=0 C=1 : FWA 00-74:0000D400:00:00 = +3.08500603E-09 : FWB 40-7A:C246D4FA:00:?? = +1.18577080E-02
A758 : LDA 39,X       : A=D4 X=FA Y=02 SP=?? N=1 V=1 D=0 I=0 Z=0 C=1 : FWA 00-74:0000D400:00:00 = +3.08500603E-09 : FWB 40-7A:C246D4FA:00:?? = +1.18577080E-02
A75A : STZ 39,X       : A=D4 X=FA Y=02 SP=?? N=1 V=1 D=0 I=0 Z=0 C=1 : FWA 00-74:00000000:00:00 = +0.00000000E+00 : FWB 40-7A:C246D4FA:00:?? = +1.18577080E-02
A75C : STA 0041,Y     : A=D4 X=FA Y=02 SP=?? N=1 V=1 D=0 I=0 Z=0 C=1 : FWA 00-74:00000000:00:00 = +0.00000000E+00 : FWB 40-7A:C246D4FA:00:?? = +1.18577080E-02
A75F : INX            : A=D4 X=FB Y=02 SP=?? N=1 V=1 D=0 I=0 Z=0 C=1 : FWA 00-74:00000000:00:00 = +0.00000000E+00 : FWB 40-7A:C246D4FA:00:?? = +1.18577080E-02
A760 : DEY            : A=D4 X=FB Y=01 SP=?? N=0 V=1 D=0 I=0 Z=0 C=1 : FWA 00-74:00000000:00:00 = +0.00000000E+00 : FWB 40-7A:C246D4FA:00:?? = +1.18577080E-02
A761 : BNE A758       : A=D4 X=FB Y=01 SP=?? N=0 V=1 D=0 I=0 Z=0 C=1 : FWA 00-74:00000000:00:00 = +0.00000000E+00 : FWB 40-7A:C246D4FA:00:?? = +1.18577080E-02
A758 : LDA 39,X       : A=00 X=FB Y=01 SP=?? N=0 V=1 D=0 I=0 Z=1 C=1 : FWA 00-74:00000000:00:00 = +0.00000000E+00 : FWB 40-7A:C246D4FA:00:?? = +1.18577080E-02
A75A : STZ 39,X       : A=00 X=FB Y=01 SP=?? N=0 V=1 D=0 I=0 Z=1 C=1 : FWA 00-74:00000000:00:00 = +0.00000000E+00 : FWB 40-7A:C246D4FA:00:?? = +1.18577080E-02
A75C : STA 0041,Y     : A=00 X=FB Y=01 SP=?? N=0 V=1 D=0 I=0 Z=1 C=1 : FWA 00-74:00000000:00:00 = +0.00000000E+00 : FWB 40-7A:C246D4FA:00:?? = +1.18577080E-02
A75F : INX            : A=00 X=FC Y=01 SP=?? N=1 V=1 D=0 I=0 Z=0 C=1 : FWA 00-74:00000000:00:00 = +0.00000000E+00 : FWB 40-7A:C246D4FA:00:?? = +1.18577080E-02
A760 : DEY            : A=00 X=FC Y=00 SP=?? N=0 V=1 D=0 I=0 Z=1 C=1 : FWA 00-74:00000000:00:00 = +0.00000000E+00 : FWB 40-7A:C246D4FA:00:?? = +1.18577080E-02
A761 : BNE A758       : A=00 X=FC Y=00 SP=?? N=0 V=1 D=0 I=0 Z=1 C=1 : FWA 00-74:00000000:00:00 = +0.00000000E+00 : FWB 40-7A:C246D4FA:00:?? = +1.18577080E-02
A763 : STZ 3C         : A=00 X=FC Y=00 SP=?? N=0 V=1 D=0 I=0 Z=1 C=1 : FWA 00-74:00000000:00:00 = +0.00000000E+00 : FWB 40-00:C246D4FA:00:?? = +2.23018700E-39
A765 : STZ 3B         : A=00 X=FC Y=00 SP=?? N=0 V=1 D=0 I=0 Z=1 C=1 : FWA 00-74:00000000:00:00 = +0.00000000E+00 : FWB 00-00:C246D4FA:00:?? = +2.23018700E-39
A767 : STZ 3A         : A=00 X=FC Y=00 SP=?? N=0 V=1 D=0 I=0 Z=1 C=1 : FWA 00-74:00000000:00:00 = +0.00000000E+00 : FWB 00-00:C246D4FA:00:?? = +2.23018700E-39
A769 : BRA A79B       : A=00 X=FC Y=00 SP=?? N=0 V=1 D=0 I=0 Z=1 C=1 : FWA 00-74:00000000:00:00 = +0.00000000E+00 : FWB 00-00:C246D4FA:00:?? = +2.23018700E-39
A79B : LDA 46,X       : A=00 X=FC Y=00 SP=?? N=0 V=1 D=0 I=0 Z=1 C=1 : FWA 00-74:00000000:00:00 = +0.00000000E+00 : FWB 00-00:C246D4FA:00:?? = +2.23018700E-39
A79D : BNE A76B       : A=00 X=FC Y=00 SP=?? N=0 V=1 D=0 I=0 Z=1 C=1 : FWA 00-74:00000000:00:00 = +0.00000000E+00 : FWB 00-00:C246D4FA:00:?? = +2.23018700E-39
A79F : INX            : A=00 X=FD Y=00 SP=?? N=1 V=1 D=0 I=0 Z=0 C=1 : FWA 00-74:00000000:00:00 = +0.00000000E+00 : FWB 00-00:C246D4FA:00:?? = +2.23018700E-39
A7A0 : BMI A79B       : A=00 X=FD Y=00 SP=?? N=1 V=1 D=0 I=0 Z=0 C=1 : FWA 00-74:00000000:00:00 = +0.00000000E+00 : FWB 00-00:C246D4FA:00:?? = +2.23018700E-39
A79B : LDA 46,X       : A=D4 X=FD Y=00 SP=?? N=1 V=1 D=0 I=0 Z=0 C=1 : FWA 00-74:00000000:00:00 = +0.00000000E+00 : FWB 00-00:C246D4FA:00:?? = +2.23018700E-39
A79D : BNE A76B       : A=D4 X=FD Y=00 SP=?? N=1 V=1 D=0 I=0 Z=0 C=1 : FWA 00-74:00000000:00:00 = +0.00000000E+00 : FWB 00-00:C246D4FA:00:?? = +2.23018700E-39
A76B : PHX            : A=D4 X=FD Y=00 SP=?? N=1 V=1 D=0 I=0 Z=0 C=1 : FWA 00-74:00000000:00:00 = +0.00000000E+00 : FWB 00-00:C246D4FA:00:?? = +2.23018700E-39
A76C : LSR 3D         : A=D4 X=FD Y=00 SP=?? N=0 V=1 D=0 I=0 Z=0 C=0 : FWA 00-74:00000000:00:00 = +0.00000000E+00 : FWB 00-00:6146D4FA:00:?? = +1.11668160E-39
A76E : ROR 3E         : A=D4 X=FD Y=00 SP=?? N=0 V=1 D=0 I=0 Z=0 C=0 : FWA 00-74:00000000:00:00 = +0.00000000E+00 : FWB 00-00:6123D4FA:00:?? = +1.11511215E-39
A770 : ROR 3F         : A=D4 X=FD Y=00 SP=?? N=0 V=1 D=0 I=0 Z=0 C=0 : FWA 00-74:00000000:00:00 = +0.00000000E+00 : FWB 00-00:61236AFA:00:?? = +1.11509358E-39
A772 : ROR 40         : A=D4 X=FD Y=00 SP=?? N=0 V=1 D=0 I=0 Z=0 C=0 : FWA 00-74:00000000:00:00 = +0.00000000E+00 : FWB 00-00:61236A7D:00:?? = +1.11509350E-39
A774 : ROR 41         : A=D4 X=FD Y=00 SP=?? N=0 V=1 D=0 I=0 Z=1 C=0 : FWA 00-74:00000000:00:00 = +0.00000000E+00 : FWB 00-00:61236A7D:00:?? = +1.11509350E-39
A776 : ASL 46,X       : A=D4 X=FD Y=00 SP=?? N=1 V=1 D=0 I=0 Z=0 C=1 : FWA 00-74:00000000:00:00 = +0.00000000E+00 : FWB 00-00:61236A7D:00:?? = +1.11509350E-39
A778 : BCC A797       : A=D4 X=FD Y=00 SP=?? N=1 V=1 D=0 I=0 Z=0 C=1 : FWA 00-74:00000000:00:00 = +0.00000000E+00 : FWB 00-00:61236A7D:00:?? = +1.11509350E-39
A77A : CLC            : A=D4 X=FD Y=00 SP=?? N=1 V=1 D=0 I=0 Z=0 C=0 : FWA 00-74:00000000:00:00 = +0.00000000E+00 : FWB 00-00:61236A7D:00:?? = +1.11509350E-39
A77B : TYA            : A=00 X=FD Y=00 SP=?? N=0 V=1 D=0 I=0 Z=1 C=0 : FWA 00-74:00000000:00:00 = +0.00000000E+00 : FWB 00-00:61236A7D:00:?? = +1.11509350E-39
A77C : ADC 42,X       : A=6A X=FD Y=00 SP=?? N=0 V=0 D=0 I=0 Z=0 C=0 : FWA 00-74:00000000:00:00 = +0.00000000E+00 : FWB 00-00:61236A7D:00:?? = +1.11509350E-39
A77E : TAY            : A=6A X=FD Y=6A SP=?? N=0 V=0 D=0 I=0 Z=0 C=0 : FWA 00-74:00000000:00:00 = +0.00000000E+00 : FWB 00-00:61236A7D:00:?? = +1.11509350E-39
A77F : LDA 34         : A=00 X=FD Y=6A SP=?? N=0 V=0 D=0 I=0 Z=1 C=0 : FWA 00-74:00000000:00:00 = +0.00000000E+00 : FWB 00-00:61236A7D:00:?? = +1.11509350E-39
A781 : ADC 41,X       : A=23 X=FD Y=6A SP=?? N=0 V=0 D=0 I=0 Z=0 C=0 : FWA 00-74:00000000:00:00 = +0.00000000E+00 : FWB 00-00:61236A7D:00:?? = +1.11509350E-39
A783 : STA 34         : A=23 X=FD Y=6A SP=?? N=0 V=0 D=0 I=0 Z=0 C=0 : FWA 00-74:00000023:00:00 = +1.98951966E-12 : FWB 00-00:61236A7D:00:?? = +1.11509350E-39
A785 : LDA 33         : A=00 X=FD Y=6A SP=?? N=0 V=0 D=0 I=0 Z=1 C=0 : FWA 00-74:00000023:00:00 = +1.98951966E-12 : FWB 00-00:61236A7D:00:?? = +1.11509350E-39
A787 : ADC 40,X       : A=61 X=FD Y=6A SP=?? N=0 V=0 D=0 I=0 Z=0 C=0 : FWA 00-74:00000023:00:00 = +1.98951966E-12 : FWB 00-00:61236A7D:00:?? = +1.11509350E-39
A789 : STA 33         : A=61 X=FD Y=6A SP=?? N=0 V=0 D=0 I=0 Z=0 C=0 : FWA 00-74:00006123:00:00 = +1.41352530E-09 : FWB 00-00:61236A7D:00:?? = +1.11509350E-39
A78B : LDA 32         : A=00 X=FD Y=6A SP=?? N=0 V=0 D=0 I=0 Z=1 C=0 : FWA 00-74:00006123:00:00 = +1.41352530E-09 : FWB 00-00:61236A7D:00:?? = +1.11509350E-39
A78D : ADC 3F,X       : A=00 X=FD Y=6A SP=?? N=0 V=0 D=0 I=0 Z=1 C=0 : FWA 00-74:00006123:00:00 = +1.41352530E-09 : FWB 00-00:61236A7D:00:?? = +1.11509350E-39
A78F : STA 32         : A=00 X=FD Y=6A SP=?? N=0 V=0 D=0 I=0 Z=1 C=0 : FWA 00-74:00006123:00:00 = +1.41352530E-09 : FWB 00-00:61236A7D:00:?? = +1.11509350E-39
A791 : LDA 31         : A=00 X=FD Y=6A SP=?? N=0 V=0 D=0 I=0 Z=1 C=0 : FWA 00-74:00006123:00:00 = +1.41352530E-09 : FWB 00-00:61236A7D:00:?? = +1.11509350E-39
A793 : ADC 3E,X       : A=00 X=FD Y=6A SP=?? N=0 V=0 D=0 I=0 Z=1 C=0 : FWA 00-74:00006123:00:00 = +1.41352530E-09 : FWB 00-00:61236A7D:00:?? = +1.11509350E-39
A795 : STA 31         : A=00 X=FD Y=6A SP=?? N=0 V=0 D=0 I=0 Z=1 C=0 : FWA 00-74:00006123:00:00 = +1.41352530E-09 : FWB 00-00:61236A7D:00:?? = +1.11509350E-39
A797 : INX            : A=00 X=FE Y=6A SP=?? N=1 V=0 D=0 I=0 Z=0 C=0 : FWA 00-74:00006123:00:00 = +1.41352530E-09 : FWB 00-00:61236A7D:00:?? = +1.11509350E-39
A798 : BMI A776       : A=00 X=FE Y=6A SP=?? N=1 V=0 D=0 I=0 Z=0 C=0 : FWA 00-74:00006123:00:00 = +1.41352530E-09 : FWB 00-00:61236A7D:00:?? = +1.11509350E-39
A776 : ASL 46,X       : A=00 X=FE Y=6A SP=?? N=1 V=0 D=0 I=0 Z=0 C=0 : FWA 00-74:00006123:00:00 = +1.41352530E-09 : FWB 00-00:61236A7D:00:?? = +1.11509350E-39
A778 : BCC A797       : A=00 X=FE Y=6A SP=?? N=1 V=0 D=0 I=0 Z=0 C=0 : FWA 00-74:00006123:00:00 = +1.41352530E-09 : FWB 00-00:61236A7D:00:?? = +1.11509350E-39
A797 : INX            : A=00 X=FF Y=6A SP=?? N=1 V=0 D=0 I=0 Z=0 C=0 : FWA 00-74:00006123:00:00 = +1.41352530E-09 : FWB 00-00:61236A7D:00:?? = +1.11509350E-39
A798 : BMI A776       : A=00 X=FF Y=6A SP=?? N=1 V=0 D=0 I=0 Z=0 C=0 : FWA 00-74:00006123:00:00 = +1.41352530E-09 : FWB 00-00:61236A7D:00:?? = +1.11509350E-39
A776 : ASL 46,X       : A=00 X=FF Y=6A SP=?? N=1 V=0 D=0 I=0 Z=0 C=1 : FWA 00-74:00006123:00:00 = +1.41352530E-09 : FWB 00-00:61236A7D:00:?? = +1.11509350E-39
A778 : BCC A797       : A=00 X=FF Y=6A SP=?? N=1 V=0 D=0 I=0 Z=0 C=1 : FWA 00-74:00006123:00:00 = +1.41352530E-09 : FWB 00-00:61236A7D:00:?? = +1.11509350E-39
A77A : CLC            : A=00 X=FF Y=6A SP=?? N=1 V=0 D=0 I=0 Z=0 C=0 : FWA 00-74:00006123:00:00 = +1.41352530E-09 : FWB 00-00:61236A7D:00:?? = +1.11509350E-39
A77B : TYA            : A=6A X=FF Y=6A SP=?? N=0 V=0 D=0 I=0 Z=0 C=0 : FWA 00-74:00006123:00:00 = +1.41352530E-09 : FWB 00-00:61236A7D:00:?? = +1.11509350E-39
A77C : ADC 42,X       : A=6A X=FF Y=6A SP=?? N=0 V=0 D=0 I=0 Z=0 C=0 : FWA 00-74:00006123:00:00 = +1.41352530E-09 : FWB 00-00:61236A7D:00:?? = +1.11509350E-39
A77E : TAY            : A=6A X=FF Y=6A SP=?? N=0 V=0 D=0 I=0 Z=0 C=0 : FWA 00-74:00006123:00:00 = +1.41352530E-09 : FWB 00-00:61236A7D:00:?? = +1.11509350E-39
A77F : LDA 34         : A=23 X=FF Y=6A SP=?? N=0 V=0 D=0 I=0 Z=0 C=0 : FWA 00-74:00006123:00:00 = +1.41352530E-09 : FWB 00-00:61236A7D:00:?? = +1.11509350E-39
A781 : ADC 41,X       : A=A0 X=FF Y=6A SP=?? N=1 V=1 D=0 I=0 Z=0 C=0 : FWA 00-74:00006123:00:00 = +1.41352530E-09 : FWB 00-00:61236A7D:00:?? = +1.11509350E-39
A783 : STA 34         : A=A0 X=FF Y=6A SP=?? N=1 V=1 D=0 I=0 Z=0 C=0 : FWA 00-74:000061A0:00:00 = +1.42063072E-09 : FWB 00-00:61236A7D:00:?? = +1.11509350E-39
A785 : LDA 33         : A=61 X=FF Y=6A SP=?? N=0 V=1 D=0 I=0 Z=0 C=0 : FWA 00-74:000061A0:00:00 = +1.42063072E-09 : FWB 00-00:61236A7D:00:?? = +1.11509350E-39
A787 : ADC 40,X       : A=CB X=FF Y=6A SP=?? N=1 V=1 D=0 I=0 Z=0 C=0 : FWA 00-74:000061A0:00:00 = +1.42063072E-09 : FWB 00-00:61236A7D:00:?? = +1.11509350E-39
A789 : STA 33         : A=CB X=FF Y=6A SP=?? N=1 V=1 D=0 I=0 Z=0 C=0 : FWA 00-74:0000CBA0:00:00 = +2.96313374E-09 : FWB 00-00:61236A7D:00:?? = +1.11509350E-39
A78B : LDA 32         : A=00 X=FF Y=6A SP=?? N=0 V=1 D=0 I=0 Z=1 C=0 : FWA 00-74:0000CBA0:00:00 = +2.96313374E-09 : FWB 00-00:61236A7D:00:?? = +1.11509350E-39
A78D : ADC 3F,X       : A=23 X=FF Y=6A SP=?? N=0 V=0 D=0 I=0 Z=0 C=0 : FWA 00-74:0000CBA0:00:00 = +2.96313374E-09 : FWB 00-00:61236A7D:00:?? = +1.11509350E-39
A78F : STA 32         : A=23 X=FF Y=6A SP=?? N=0 V=0 D=0 I=0 Z=0 C=0 : FWA 00-74:0023CBA0:00:00 = +1.33348294E-07 : FWB 00-00:61236A7D:00:?? = +1.11509350E-39
A791 : LDA 31         : A=00 X=FF Y=6A SP=?? N=0 V=0 D=0 I=0 Z=1 C=0 : FWA 00-74:0023CBA0:00:00 = +1.33348294E-07 : FWB 00-00:61236A7D:00:?? = +1.11509350E-39
A793 : ADC 3E,X       : A=61 X=FF Y=6A SP=?? N=0 V=0 D=0 I=0 Z=0 C=0 : FWA 00-74:0023CBA0:00:00 = +1.33348294E-07 : FWB 00-00:61236A7D:00:?? = +1.11509350E-39
A795 : STA 31         : A=61 X=FF Y=6A SP=?? N=0 V=0 D=0 I=0 Z=0 C=0 : FWA 00-74:6123CBA0:00:00 = +9.26397570E-05 : FWB 00-00:61236A7D:00:?? = +1.11509350E-39
A797 : INX            : A=61 X=00 Y=6A SP=?? N=0 V=0 D=0 I=0 Z=1 C=0 : FWA 00-74:6123CBA0:00:00 = +9.26397570E-05 : FWB 00-00:61236A7D:00:?? = +1.11509350E-39
A798 : BMI A776       : A=61 X=00 Y=6A SP=?? N=0 V=0 D=0 I=0 Z=1 C=0 : FWA 00-74:6123CBA0:00:00 = +9.26397570E-05 : FWB 00-00:61236A7D:00:?? = +1.11509350E-39
A79A : PLX            : A=61 X=FD Y=6A SP=?? N=1 V=0 D=0 I=0 Z=0 C=0 : FWA 00-74:6123CBA0:00:00 = +9.26397570E-05 : FWB 00-00:61236A7D:00:?? = +1.11509350E-39
A79B : LDA 46,X       : A=A8 X=FD Y=6A SP=?? N=1 V=0 D=0 I=0 Z=0 C=0 : FWA 00-74:6123CBA0:00:00 = +9.26397570E-05 : FWB 00-00:61236A7D:00:?? = +1.11509350E-39
A79D : BNE A76B       : A=A8 X=FD Y=6A SP=?? N=1 V=0 D=0 I=0 Z=0 C=0 : FWA 00-74:6123CBA0:00:00 = +9.26397570E-05 : FWB 00-00:61236A7D:00:?? = +1.11509350E-39
A76B : PHX            : A=A8 X=FD Y=6A SP=?? N=1 V=0 D=0 I=0 Z=0 C=0 : FWA 00-74:6123CBA0:00:00 = +9.26397570E-05 : FWB 00-00:61236A7D:00:?? = +1.11509350E-39
A76C : LSR 3D         : A=A8 X=FD Y=6A SP=?? N=0 V=0 D=0 I=0 Z=0 C=1 : FWA 00-74:6123CBA0:00:00 = +9.26397570E-05 : FWB 00-00:30236A7D:00:?? = +5.52601084E-40
A76E : ROR 3E         : A=A8 X=FD Y=6A SP=?? N=1 V=0 D=0 I=0 Z=0 C=1 : FWA 00-74:6123CBA0:00:00 = +9.26397570E-05 : FWB 00-00:30916A7D:00:?? = +5.57533655E-40
A770 : ROR 3F         : A=A8 X=FD Y=6A SP=?? N=1 V=0 D=0 I=0 Z=0 C=0 : FWA 00-74:6123CBA0:00:00 = +9.26397570E-05 : FWB 00-00:3091B57D:00:?? = +5.57546792E-40
A772 : ROR 40         : A=A8 X=FD Y=6A SP=?? N=0 V=0 D=0 I=0 Z=0 C=1 : FWA 00-74:6123CBA0:00:00 = +9.26397570E-05 : FWB 00-00:3091B53E:00:?? = +5.57546749E-40
A774 : ROR 41         : A=A8 X=FD Y=6A SP=?? N=1 V=0 D=0 I=0 Z=0 C=0 : FWA 00-74:6123CBA0:00:00 = +9.26397570E-05 : FWB 00-00:3091B53E:80:?? = +5.57546749E-40
A776 : ASL 46,X       : A=A8 X=FD Y=6A SP=?? N=0 V=0 D=0 I=0 Z=0 C=1 : FWA 00-74:6123CBA0:00:00 = +9.26397570E-05 : FWB 00-00:3091B53E:80:?? = +5.57546749E-40
A778 : BCC A797       : A=A8 X=FD Y=6A SP=?? N=0 V=0 D=0 I=0 Z=0 C=1 : FWA 00-74:6123CBA0:00:00 = +9.26397570E-05 : FWB 00-00:3091B53E:80:?? = +5.57546749E-40
A77A : CLC            : A=A8 X=FD Y=6A SP=?? N=0 V=0 D=0 I=0 Z=0 C=0 : FWA 00-74:6123CBA0:00:00 = +9.26397570E-05 : FWB 00-00:3091B53E:80:?? = +5.57546749E-40
A77B : TYA            : A=6A X=FD Y=6A SP=?? N=0 V=0 D=0 I=0 Z=0 C=0 : FWA 00-74:6123CBA0:00:00 = +9.26397570E-05 : FWB 00-00:3091B53E:80:?? = +5.57546749E-40
A77C : ADC 42,X       : A=1F X=FD Y=6A SP=?? N=0 V=0 D=0 I=0 Z=0 C=1 : FWA 00-74:6123CBA0:00:00 = +9.26397570E-05 : FWB 00-00:3091B53E:80:?? = +5.57546749E-40
A77E : TAY            : A=1F X=FD Y=1F SP=?? N=0 V=0 D=0 I=0 Z=0 C=1 : FWA 00-74:6123CBA0:00:00 = +9.26397570E-05 : FWB 00-00:3091B53E:80:?? = +5.57546749E-40
A77F : LDA 34         : A=A0 X=FD Y=1F SP=?? N=1 V=0 D=0 I=0 Z=0 C=1 : FWA 00-74:6123CBA0:00:00 = +9.26397570E-05 : FWB 00-00:3091B53E:80:?? = +5.57546749E-40
A781 : ADC 41,X       : A=32 X=FD Y=1F SP=?? N=0 V=1 D=0 I=0 Z=0 C=1 : FWA 00-74:6123CBA0:00:00 = +9.26397570E-05 : FWB 00-00:3091B53E:80:?? = +5.57546749E-40
A783 : STA 34         : A=32 X=FD Y=1F SP=?? N=0 V=1 D=0 I=0 Z=0 C=1 : FWA 00-74:6123CB32:00:00 = +9.26397507E-05 : FWB 00-00:3091B53E:80:?? = +5.57546749E-40
A785 : LDA 33         : A=CB X=FD Y=1F SP=?? N=1 V=1 D=0 I=0 Z=0 C=1 : FWA 00-74:6123CB32:00:00 = +9.26397507E-05 : FWB 00-00:3091B53E:80:?? = +5.57546749E-40
A787 : ADC 40,X       : A=FC X=FD Y=1F SP=?? N=1 V=0 D=0 I=0 Z=0 C=0 : FWA 00-74:6123CB32:00:00 = +9.26397507E-05 : FWB 00-00:3091B53E:80:?? = +5.57546749E-40
A789 : STA 33         : A=FC X=FD Y=1F SP=?? N=1 V=0 D=0 I=0 Z=0 C=0 : FWA 00-74:6123FC32:00:00 = +9.26404638E-05 : FWB 00-00:3091B53E:80:?? = +5.57546749E-40
A78B : LDA 32         : A=23 X=FD Y=1F SP=?? N=0 V=0 D=0 I=0 Z=0 C=0 : FWA 00-74:6123FC32:00:00 = +9.26404638E-05 : FWB 00-00:3091B53E:80:?? = +5.57546749E-40
A78D : ADC 3F,X       : A=23 X=FD Y=1F SP=?? N=0 V=0 D=0 I=0 Z=0 C=0 : FWA 00-74:6123FC32:00:00 = +9.26404638E-05 : FWB 00-00:3091B53E:80:?? = +5.57546749E-40
A78F : STA 32         : A=23 X=FD Y=1F SP=?? N=0 V=0 D=0 I=0 Z=0 C=0 : FWA 00-74:6123FC32:00:00 = +9.26404638E-05 : FWB 00-00:3091B53E:80:?? = +5.57546749E-40
A791 : LDA 31         : A=61 X=FD Y=1F SP=?? N=0 V=0 D=0 I=0 Z=0 C=0 : FWA 00-74:6123FC32:00:00 = +9.26404638E-05 : FWB 00-00:3091B53E:80:?? = +5.57546749E-40
A793 : ADC 3E,X       : A=61 X=FD Y=1F SP=?? N=0 V=0 D=0 I=0 Z=0 C=0 : FWA 00-74:6123FC32:00:00 = +9.26404638E-05 : FWB 00-00:3091B53E:80:?? = +5.57546749E-40
A795 : STA 31         : A=61 X=FD Y=1F SP=?? N=0 V=0 D=0 I=0 Z=0 C=0 : FWA 00-74:6123FC32:00:00 = +9.26404638E-05 : FWB 00-00:3091B53E:80:?? = +5.57546749E-40
A797 : INX            : A=61 X=FE Y=1F SP=?? N=1 V=0 D=0 I=0 Z=0 C=0 : FWA 00-74:6123FC32:00:00 = +9.26404638E-05 : FWB 00-00:3091B53E:80:?? = +5.57546749E-40
A798 : BMI A776       : A=61 X=FE Y=1F SP=?? N=1 V=0 D=0 I=0 Z=0 C=0 : FWA 00-74:6123FC32:00:00 = +9.26404638E-05 : FWB 00-00:3091B53E:80:?? = +5.57546749E-40
A776 : ASL 46,X       : A=61 X=FE Y=1F SP=?? N=0 V=0 D=0 I=0 Z=0 C=1 : FWA 00-74:6123FC32:00:00 = +9.26404638E-05 : FWB 00-00:3091B53E:80:?? = +5.57546749E-40
A778 : BCC A797       : A=61 X=FE Y=1F SP=?? N=0 V=0 D=0 I=0 Z=0 C=1 : FWA 00-74:6123FC32:00:00 = +9.26404638E-05 : FWB 00-00:3091B53E:80:?? = +5.57546749E-40
A77A : CLC            : A=61 X=FE Y=1F SP=?? N=0 V=0 D=0 I=0 Z=0 C=0 : FWA 00-74:6123FC32:00:00 = +9.26404638E-05 : FWB 00-00:3091B53E:80:?? = +5.57546749E-40
A77B : TYA            : A=1F X=FE Y=1F SP=?? N=0 V=0 D=0 I=0 Z=0 C=0 : FWA 00-74:6123FC32:00:00 = +9.26404638E-05 : FWB 00-00:3091B53E:80:?? = +5.57546749E-40
A77C : ADC 42,X       : A=5D X=FE Y=1F SP=?? N=0 V=0 D=0 I=0 Z=0 C=0 : FWA 00-74:6123FC32:00:00 = +9.26404638E-05 : FWB 00-00:3091B53E:80:?? = +5.57546749E-40
A77E : TAY            : A=5D X=FE Y=5D SP=?? N=0 V=0 D=0 I=0 Z=0 C=0 : FWA 00-74:6123FC32:00:00 = +9.26404638E-05 : FWB 00-00:3091B53E:80:?? = +5.57546749E-40
A77F : LDA 34         : A=32 X=FE Y=5D SP=?? N=0 V=0 D=0 I=0 Z=0 C=0 : FWA 00-74:6123FC32:00:00 = +9.26404638E-05 : FWB 00-00:3091B53E:80:?? = +5.57546749E-40
A781 : ADC 41,X       : A=E7 X=FE Y=5D SP=?? N=1 V=0 D=0 I=0 Z=0 C=0 : FWA 00-74:6123FC32:00:00 = +9.26404638E-05 : FWB 00-00:3091B53E:80:?? = +5.57546749E-40
A783 : STA 34         : A=E7 X=FE Y=5D SP=?? N=1 V=0 D=0 I=0 Z=0 C=0 : FWA 00-74:6123FCE7:00:00 = +9.26404741E-05 : FWB 00-00:3091B53E:80:?? = +5.57546749E-40
A785 : LDA 33         : A=FC X=FE Y=5D SP=?? N=1 V=0 D=0 I=0 Z=0 C=0 : FWA 00-74:6123FCE7:00:00 = +9.26404741E-05 : FWB 00-00:3091B53E:80:?? = +5.57546749E-40
A787 : ADC 40,X       : A=8D X=FE Y=5D SP=?? N=1 V=0 D=0 I=0 Z=0 C=1 : FWA 00-74:6123FCE7:00:00 = +9.26404741E-05 : FWB 00-00:3091B53E:80:?? = +5.57546749E-40
A789 : STA 33         : A=8D X=FE Y=5D SP=?? N=1 V=0 D=0 I=0 Z=0 C=1 : FWA 00-74:61238DE7:00:00 = +9.26388588E-05 : FWB 00-00:3091B53E:80:?? = +5.57546749E-40
A78B : LDA 32         : A=23 X=FE Y=5D SP=?? N=0 V=0 D=0 I=0 Z=0 C=1 : FWA 00-74:61238DE7:00:00 = +9.26388588E-05 : FWB 00-00:3091B53E:80:?? = +5.57546749E-40
A78D : ADC 3F,X       : A=54 X=FE Y=5D SP=?? N=0 V=0 D=0 I=0 Z=0 C=0 : FWA 00-74:61238DE7:00:00 = +9.26388588E-05 : FWB 00-00:3091B53E:80:?? = +5.57546749E-40
A78F : STA 32         : A=54 X=FE Y=5D SP=?? N=0 V=0 D=0 I=0 Z=0 C=0 : FWA 00-74:61548DE7:00:00 = +9.28213980E-05 : FWB 00-00:3091B53E:80:?? = +5.57546749E-40
A791 : LDA 31         : A=61 X=FE Y=5D SP=?? N=0 V=0 D=0 I=0 Z=0 C=0 : FWA 00-74:61548DE7:00:00 = +9.28213980E-05 : FWB 00-00:3091B53E:80:?? = +5.57546749E-40
A793 : ADC 3E,X       : A=61 X=FE Y=5D SP=?? N=0 V=0 D=0 I=0 Z=0 C=0 : FWA 00-74:61548DE7:00:00 = +9.28213980E-05 : FWB 00-00:3091B53E:80:?? = +5.57546749E-40
A795 : STA 31         : A=61 X=FE Y=5D SP=?? N=0 V=0 D=0 I=0 Z=0 C=0 : FWA 00-74:61548DE7:00:00 = +9.28213980E-05 : FWB 00-00:3091B53E:80:?? = +5.57546749E-40
A797 : INX            : A=61 X=FF Y=5D SP=?? N=1 V=0 D=0 I=0 Z=0 C=0 : FWA 00-74:61548DE7:00:00 = +9.28213980E-05 : FWB 00-00:3091B53E:80:?? = +5.57546749E-40
A798 : BMI A776       : A=61 X=FF Y=5D SP=?? N=1 V=0 D=0 I=0 Z=0 C=0 : FWA 00-74:61548DE7:00:00 = +9.28213980E-05 : FWB 00-00:3091B53E:80:?? = +5.57546749E-40
A776 : ASL 46,X       : A=61 X=FF Y=5D SP=?? N=0 V=0 D=0 I=0 Z=0 C=1 : FWA 00-74:61548DE7:00:00 = +9.28213980E-05 : FWB 00-00:3091B53E:80:?? = +5.57546749E-40
A778 : BCC A797       : A=61 X=FF Y=5D SP=?? N=0 V=0 D=0 I=0 Z=0 C=1 : FWA 00-74:61548DE7:00:00 = +9.28213980E-05 : FWB 00-00:3091B53E:80:?? = +5.57546749E-40
A77A : CLC            : A=61 X=FF Y=5D SP=?? N=0 V=0 D=0 I=0 Z=0 C=0 : FWA 00-74:61548DE7:00:00 = +9.28213980E-05 : FWB 00-00:3091B53E:80:?? = +5.57546749E-40
A77B : TYA            : A=5D X=FF Y=5D SP=?? N=0 V=0 D=0 I=0 Z=0 C=0 : FWA 00-74:61548DE7:00:00 = +9.28213980E-05 : FWB 00-00:3091B53E:80:?? = +5.57546749E-40
A77C : ADC 42,X       : A=DD X=FF Y=5D SP=?? N=1 V=0 D=0 I=0 Z=0 C=0 : FWA 00-74:61548DE7:00:00 = +9.28213980E-05 : FWB 00-00:3091B53E:80:?? = +5.57546749E-40
A77E : TAY            : A=DD X=FF Y=DD SP=?? N=1 V=0 D=0 I=0 Z=0 C=0 : FWA 00-74:61548DE7:00:00 = +9.28213980E-05 : FWB 00-00:3091B53E:80:?? = +5.57546749E-40
A77F : LDA 34         : A=E7 X=FF Y=DD SP=?? N=1 V=0 D=0 I=0 Z=0 C=0 : FWA 00-74:61548DE7:00:00 = +9.28213980E-05 : FWB 00-00:3091B53E:80:?? = +5.57546749E-40
A781 : ADC 41,X       : A=25 X=FF Y=DD SP=?? N=0 V=0 D=0 I=0 Z=0 C=1 : FWA 00-74:61548DE7:00:00 = +9.28213980E-05 : FWB 00-00:3091B53E:80:?? = +5.57546749E-40
A783 : STA 34         : A=25 X=FF Y=DD SP=?? N=0 V=0 D=0 I=0 Z=0 C=1 : FWA 00-74:61548D25:00:00 = +9.28213870E-05 : FWB 00-00:3091B53E:80:?? = +5.57546749E-40
A785 : LDA 33         : A=8D X=FF Y=DD SP=?? N=1 V=0 D=0 I=0 Z=0 C=1 : FWA 00-74:61548D25:00:00 = +9.28213870E-05 : FWB 00-00:3091B53E:80:?? = +5.57546749E-40
A787 : ADC 40,X       : A=43 X=FF Y=DD SP=?? N=0 V=1 D=0 I=0 Z=0 C=1 : FWA 00-74:61548D25:00:00 = +9.28213870E-05 : FWB 00-00:3091B53E:80:?? = +5.57546749E-40
A789 : STA 33         : A=43 X=FF Y=DD SP=?? N=0 V=1 D=0 I=0 Z=0 C=1 : FWA 00-74:61544325:00:00 = +9.28203102E-05 : FWB 00-00:3091B53E:80:?? = +5.57546749E-40
A78B : LDA 32         : A=54 X=FF Y=DD SP=?? N=0 V=1 D=0 I=0 Z=0 C=1 : FWA 00-74:61544325:00:00 = +9.28203102E-05 : FWB 00-00:3091B53E:80:?? = +5.57546749E-40
A78D : ADC 3F,X       : A=E6 X=FF Y=DD SP=?? N=1 V=0 D=0 I=0 Z=0 C=0 : FWA 00-74:61544325:00:00 = +9.28203102E-05 : FWB 00-00:3091B53E:80:?? = +5.57546749E-40
A78F : STA 32         : A=E6 X=FF Y=DD SP=?? N=1 V=0 D=0 I=0 Z=0 C=0 : FWA 00-74:61E64325:00:00 = +9.33642025E-05 : FWB 00-00:3091B53E:80:?? = +5.57546749E-40
A791 : LDA 31         : A=61 X=FF Y=DD SP=?? N=0 V=0 D=0 I=0 Z=0 C=0 : FWA 00-74:61E64325:00:00 = +9.33642025E-05 : FWB 00-00:3091B53E:80:?? = +5.57546749E-40
A793 : ADC 3E,X       : A=91 X=FF Y=DD SP=?? N=1 V=1 D=0 I=0 Z=0 C=0 : FWA 00-74:61E64325:00:00 = +9.33642025E-05 : FWB 00-00:3091B53E:80:?? = +5.57546749E-40
A795 : STA 31         : A=91 X=FF Y=DD SP=?? N=1 V=1 D=0 I=0 Z=0 C=0 : FWA 00-74:91E64325:00:00 = +1.39140570E-04 : FWB 00-00:3091B53E:80:?? = +5.57546749E-40
A797 : INX            : A=91 X=00 Y=DD SP=?? N=0 V=1 D=0 I=0 Z=1 C=0 : FWA 00-74:91E64325:00:00 = +1.39140570E-04 : FWB 00-00:3091B53E:80:?? = +5.57546749E-40
A798 : BMI A776       : A=91 X=00 Y=DD SP=?? N=0 V=1 D=0 I=0 Z=1 C=0 : FWA 00-74:91E64325:00:00 = +1.39140570E-04 : FWB 00-00:3091B53E:80:?? = +5.57546749E-40
A79A : PLX            : A=91 X=FD Y=DD SP=?? N=1 V=1 D=0 I=0 Z=0 C=0 : FWA 00-74:91E64325:00:00 = +1.39140570E-04 : FWB 00-00:3091B53E:80:?? = +5.57546749E-40
A79B : LDA 46,X       : A=50 X=FD Y=DD SP=?? N=0 V=1 D=0 I=0 Z=0 C=0 : FWA 00-74:91E64325:00:00 = +1.39140570E-04 : FWB 00-00:3091B53E:80:?? = +5.57546749E-40
A79D : BNE A76B       : A=50 X=FD Y=DD SP=?? N=0 V=1 D=0 I=0 Z=0 C=0 : FWA 00-74:91E64325:00:00 = +1.39140570E-04 : FWB 00-00:3091B53E:80:?? = +5.57546749E-40
A76B : PHX            : A=50 X=FD Y=DD SP=?? N=0 V=1 D=0 I=0 Z=0 C=0 : FWA 00-74:91E64325:00:00 = +1.39140570E-04 : FWB 00-00:3091B53E:80:?? = +5.57546749E-40
A76C : LSR 3D         : A=50 X=FD Y=DD SP=?? N=0 V=1 D=0 I=0 Z=0 C=0 : FWA 00-74:91E64325:00:00 = +1.39140570E-04 : FWB 00-00:1891B53E:80:?? = +2.82040260E-40
A76E : ROR 3E         : A=50 X=FD Y=DD SP=?? N=0 V=1 D=0 I=0 Z=0 C=1 : FWA 00-74:91E64325:00:00 = +1.39140570E-04 : FWB 00-00:1848B53E:80:?? = +2.78766827E-40
A770 : ROR 3F         : A=50 X=FD Y=DD SP=?? N=1 V=1 D=0 I=0 Z=0 C=1 : FWA 00-74:91E64325:00:00 = +1.39140570E-04 : FWB 00-00:1848DA3E:80:?? = +2.78773308E-40
A772 : ROR 40         : A=50 X=FD Y=DD SP=?? N=1 V=1 D=0 I=0 Z=0 C=0 : FWA 00-74:91E64325:00:00 = +1.39140570E-04 : FWB 00-00:1848DA9F:80:?? = +2.78773375E-40
A774 : ROR 41         : A=50 X=FD Y=DD SP=?? N=0 V=1 D=0 I=0 Z=0 C=0 : FWA 00-74:91E64325:00:00 = +1.39140570E-04 : FWB 00-00:1848DA9F:40:?? = +2.78773374E-40
A776 : ASL 46,X       : A=50 X=FD Y=DD SP=?? N=1 V=1 D=0 I=0 Z=0 C=0 : FWA 00-74:91E64325:00:00 = +1.39140570E-04 : FWB 00-00:1848DA9F:40:?? = +2.78773374E-40
A778 : BCC A797       : A=50 X=FD Y=DD SP=?? N=1 V=1 D=0 I=0 Z=0 C=0 : FWA 00-74:91E64325:00:00 = +1.39140570E-04 : FWB 00-00:1848DA9F:40:?? = +2.78773374E-40
A797 : INX            : A=50 X=FE Y=DD SP=?? N=1 V=1 D=0 I=0 Z=0 C=0 : FWA 00-74:91E64325:00:00 = +1.39140570E-04 : FWB 00-00:1848DA9F:40:?? = +2.78773374E-40
A798 : BMI A776       : A=50 X=FE Y=DD SP=?? N=1 V=1 D=0 I=0 Z=0 C=0 : FWA 00-74:91E64325:00:00 = +1.39140570E-04 : FWB 00-00:1848DA9F:40:?? = +2.78773374E-40
A776 : ASL 46,X       : A=50 X=FE Y=DD SP=?? N=0 V=1 D=0 I=0 Z=0 C=0 : FWA 00-74:91E64325:00:00 = +1.39140570E-04 : FWB 00-00:1848DA9F:40:?? = +2.78773374E-40
A778 : BCC A797       : A=50 X=FE Y=DD SP=?? N=0 V=1 D=0 I=0 Z=0 C=0 : FWA 00-74:91E64325:00:00 = +1.39140570E-04 : FWB 00-00:1848DA9F:40:?? = +2.78773374E-40
A797 : INX            : A=50 X=FF Y=DD SP=?? N=1 V=1 D=0 I=0 Z=0 C=0 : FWA 00-74:91E64325:00:00 = +1.39140570E-04 : FWB 00-00:1848DA9F:40:?? = +2.78773374E-40
A798 : BMI A776       : A=50 X=FF Y=DD SP=?? N=1 V=1 D=0 I=0 Z=0 C=0 : FWA 00-74:91E64325:00:00 = +1.39140570E-04 : FWB 00-00:1848DA9F:40:?? = +2.78773374E-40
A776 : ASL 46,X       : A=50 X=FF Y=DD SP=?? N=0 V=1 D=0 I=0 Z=0 C=0 : FWA 00-74:91E64325:00:00 = +1.39140570E-04 : FWB 00-00:1848DA9F:40:?? = +2.78773374E-40
A778 : BCC A797       : A=50 X=FF Y=DD SP=?? N=0 V=1 D=0 I=0 Z=0 C=0 : FWA 00-74:91E64325:00:00 = +1.39140570E-04 : FWB 00-00:1848DA9F:40:?? = +2.78773374E-40
A797 : INX            : A=50 X=00 Y=DD SP=?? N=0 V=1 D=0 I=0 Z=1 C=0 : FWA 00-74:91E64325:00:00 = +1.39140570E-04 : FWB 00-00:1848DA9F:40:?? = +2.78773374E-40
A798 : BMI A776       : A=50 X=00 Y=DD SP=?? N=0 V=1 D=0 I=0 Z=1 C=0 : FWA 00-74:91E64325:00:00 = +1.39140570E-04 : FWB 00-00:1848DA9F:40:?? = +2.78773374E-40
A79A : PLX            : A=50 X=FD Y=DD SP=?? N=1 V=1 D=0 I=0 Z=0 C=0 : FWA 00-74:91E64325:00:00 = +1.39140570E-04 : FWB 00-00:1848DA9F:40:?? = +2.78773374E-40
A79B : LDA 46,X       : A=A0 X=FD Y=DD SP=?? N=1 V=1 D=0 I=0 Z=0 C=0 : FWA 00-74:91E64325:00:00 = +1.39140570E-04 : FWB 00-00:1848DA9F:40:?? = +2.78773374E-40
A79D : BNE A76B       : A=A0 X=FD Y=DD SP=?? N=1 V=1 D=0 I=0 Z=0 C=0 : FWA 00-74:91E64325:00:00 = +1.39140570E-04 : FWB 00-00:1848DA9F:40:?? = +2.78773374E-40
A76B : PHX            : A=A0 X=FD Y=DD SP=?? N=1 V=1 D=0 I=0 Z=0 C=0 : FWA 00-74:91E64325:00:00 = +1.39140570E-04 : FWB 00-00:1848DA9F:40:?? = +2.78773374E-40
A76C : LSR 3D         : A=A0 X=FD Y=DD SP=?? N=0 V=1 D=0 I=0 Z=0 C=0 : FWA 00-74:91E64325:00:00 = +1.39140570E-04 : FWB 00-00:0C48DA9F:40:?? = +1.41020130E-40
A76E : ROR 3E         : A=A0 X=FD Y=DD SP=?? N=0 V=1 D=0 I=0 Z=0 C=0 : FWA 00-74:91E64325:00:00 = +1.39140570E-04 : FWB 00-00:0C24DA9F:40:?? = +1.39405834E-40
A770 : ROR 3F         : A=A0 X=FD Y=DD SP=?? N=0 V=1 D=0 I=0 Z=0 C=0 : FWA 00-74:91E64325:00:00 = +1.39140570E-04 : FWB 00-00:0C246D9F:40:?? = +1.39386742E-40
A772 : ROR 40         : A=A0 X=FD Y=DD SP=?? N=0 V=1 D=0 I=0 Z=0 C=1 : FWA 00-74:91E64325:00:00 = +1.39140570E-04 : FWB 00-00:0C246D4F:40:?? = +1.39386687E-40
A774 : ROR 41         : A=A0 X=FD Y=DD SP=?? N=1 V=1 D=0 I=0 Z=0 C=0 : FWA 00-74:91E64325:00:00 = +1.39140570E-04 : FWB 00-00:0C246D4F:A0:?? = +1.39386687E-40
A776 : ASL 46,X       : A=A0 X=FD Y=DD SP=?? N=0 V=1 D=0 I=0 Z=0 C=1 : FWA 00-74:91E64325:00:00 = +1.39140570E-04 : FWB 00-00:0C246D4F:A0:?? = +1.39386687E-40
A778 : BCC A797       : A=A0 X=FD Y=DD SP=?? N=0 V=1 D=0 I=0 Z=0 C=1 : FWA 00-74:91E64325:00:00 = +1.39140570E-04 : FWB 00-00:0C246D4F:A0:?? = +1.39386687E-40
A77A : CLC            : A=A0 X=FD Y=DD SP=?? N=0 V=1 D=0 I=0 Z=0 C=0 : FWA 00-74:91E64325:00:00 = +1.39140570E-04 : FWB 00-00:0C246D4F:A0:?? = +1.39386687E-40
A77B : TYA            : A=DD X=FD Y=DD SP=?? N=1 V=1 D=0 I=0 Z=0 C=0 : FWA 00-74:91E64325:00:00 = +1.39140570E-04 : FWB 00-00:0C246D4F:A0:?? = +1.39386687E-40
A77C : ADC 42,X       : A=4A X=FD Y=DD SP=?? N=0 V=0 D=0 I=0 Z=0 C=1 : FWA 00-74:91E64325:00:00 = +1.39140570E-04 : FWB 00-00:0C246D4F:A0:?? = +1.39386687E-40
A77E : TAY            : A=4A X=FD Y=4A SP=?? N=0 V=0 D=0 I=0 Z=0 C=1 : FWA 00-74:91E64325:00:00 = +1.39140570E-04 : FWB 00-00:0C246D4F:A0:?? = +1.39386687E-40
A77F : LDA 34         : A=25 X=FD Y=4A SP=?? N=0 V=0 D=0 I=0 Z=0 C=1 : FWA 00-74:91E64325:00:00 = +1.39140570E-04 : FWB 00-00:0C246D4F:A0:?? = +1.39386687E-40
A781 : ADC 41,X       : A=4A X=FD Y=4A SP=?? N=0 V=0 D=0 I=0 Z=0 C=0 : FWA 00-74:91E64325:00:00 = +1.39140570E-04 : FWB 00-00:0C246D4F:A0:?? = +1.39386687E-40
A783 : STA 34         : A=4A X=FD Y=4A SP=?? N=0 V=0 D=0 I=0 Z=0 C=0 : FWA 00-74:91E6434A:00:00 = +1.39140572E-04 : FWB 00-00:0C246D4F:A0:?? = +1.39386687E-40
A785 : LDA 33         : A=43 X=FD Y=4A SP=?? N=0 V=0 D=0 I=0 Z=0 C=0 : FWA 00-74:91E6434A:00:00 = +1.39140572E-04 : FWB 00-00:0C246D4F:A0:?? = +1.39386687E-40
A787 : ADC 40,X       : A=4F X=FD Y=4A SP=?? N=0 V=0 D=0 I=0 Z=0 C=0 : FWA 00-74:91E6434A:00:00 = +1.39140572E-04 : FWB 00-00:0C246D4F:A0:?? = +1.39386687E-40
A789 : STA 33         : A=4F X=FD Y=4A SP=?? N=0 V=0 D=0 I=0 Z=0 C=0 : FWA 00-74:91E64F4A:00:00 = +1.39140746E-04 : FWB 00-00:0C246D4F:A0:?? = +1.39386687E-40
A78B : LDA 32         : A=E6 X=FD Y=4A SP=?? N=1 V=0 D=0 I=0 Z=0 C=0 : FWA 00-74:91E64F4A:00:00 = +1.39140746E-04 : FWB 00-00:0C246D4F:A0:?? = +1.39386687E-40
A78D : ADC 3F,X       : A=E6 X=FD Y=4A SP=?? N=1 V=0 D=0 I=0 Z=0 C=0 : FWA 00-74:91E64F4A:00:00 = +1.39140746E-04 : FWB 00-00:0C246D4F:A0:?? = +1.39386687E-40
A78F : STA 32         : A=E6 X=FD Y=4A SP=?? N=1 V=0 D=0 I=0 Z=0 C=0 : FWA 00-74:91E64F4A:00:00 = +1.39140746E-04 : FWB 00-00:0C246D4F:A0:?? = +1.39386687E-40
A791 : LDA 31         : A=91 X=FD Y=4A SP=?? N=1 V=0 D=0 I=0 Z=0 C=0 : FWA 00-74:91E64F4A:00:00 = +1.39140746E-04 : FWB 00-00:0C246D4F:A0:?? = +1.39386687E-40
A793 : ADC 3E,X       : A=91 X=FD Y=4A SP=?? N=1 V=0 D=0 I=0 Z=0 C=0 : FWA 00-74:91E64F4A:00:00 = +1.39140746E-04 : FWB 00-00:0C246D4F:A0:?? = +1.39386687E-40
A795 : STA 31         : A=91 X=FD Y=4A SP=?? N=1 V=0 D=0 I=0 Z=0 C=0 : FWA 00-74:91E64F4A:00:00 = +1.39140746E-04 : FWB 00-00:0C246D4F:A0:?? = +1.39386687E-40
A797 : INX            : A=91 X=FE Y=4A SP=?? N=1 V=0 D=0 I=0 Z=0 C=0 : FWA 00-74:91E64F4A:00:00 = +1.39140746E-04 : FWB 00-00:0C246D4F:A0:?? = +1.39386687E-40
A798 : BMI A776       : A=91 X=FE Y=4A SP=?? N=1 V=0 D=0 I=0 Z=0 C=0 : FWA 00-74:91E64F4A:00:00 = +1.39140746E-04 : FWB 00-00:0C246D4F:A0:?? = +1.39386687E-40
A776 : ASL 46,X       : A=91 X=FE Y=4A SP=?? N=0 V=0 D=0 I=0 Z=0 C=0 : FWA 00-74:91E64F4A:00:00 = +1.39140746E-04 : FWB 00-00:0C246D4F:A0:?? = +1.39386687E-40
A778 : BCC A797       : A=91 X=FE Y=4A SP=?? N=0 V=0 D=0 I=0 Z=0 C=0 : FWA 00-74:91E64F4A:00:00 = +1.39140746E-04 : FWB 00-00:0C246D4F:A0:?? = +1.39386687E-40
A797 : INX            : A=91 X=FF Y=4A SP=?? N=1 V=0 D=0 I=0 Z=0 C=0 : FWA 00-74:91E64F4A:00:00 = +1.39140746E-04 : FWB 00-00:0C246D4F:A0:?? = +1.39386687E-40
A798 : BMI A776       : A=91 X=FF Y=4A SP=?? N=1 V=0 D=0 I=0 Z=0 C=0 : FWA 00-74:91E64F4A:00:00 = +1.39140746E-04 : FWB 00-00:0C246D4F:A0:?? = +1.39386687E-40
A776 : ASL 46,X       : A=91 X=FF Y=4A SP=?? N=0 V=0 D=0 I=0 Z=0 C=0 : FWA 00-74:91E64F4A:00:00 = +1.39140746E-04 : FWB 00-00:0C246D4F:A0:?? = +1.39386687E-40
A778 : BCC A797       : A=91 X=FF Y=4A SP=?? N=0 V=0 D=0 I=0 Z=0 C=0 : FWA 00-74:91E64F4A:00:00 = +1.39140746E-04 : FWB 00-00:0C246D4F:A0:?? = +1.39386687E-40
A797 : INX            : A=91 X=00 Y=4A SP=?? N=0 V=0 D=0 I=0 Z=1 C=0 : FWA 00-74:91E64F4A:00:00 = +1.39140746E-04 : FWB 00-00:0C246D4F:A0:?? = +1.39386687E-40
A798 : BMI A776       : A=91 X=00 Y=4A SP=?? N=0 V=0 D=0 I=0 Z=1 C=0 : FWA 00-74:91E64F4A:00:00 = +1.39140746E-04 : FWB 00-00:0C246D4F:A0:?? = +1.39386687E-40
A79A : PLX            : A=91 X=FD Y=4A SP=?? N=1 V=0 D=0 I=0 Z=0 C=0 : FWA 00-74:91E64F4A:00:00 = +1.39140746E-04 : FWB 00-00:0C246D4F:A0:?? = +1.39386687E-40
A79B : LDA 46,X       : A=40 X=FD Y=4A SP=?? N=0 V=0 D=0 I=0 Z=0 C=0 : FWA 00-74:91E64F4A:00:00 = +1.39140746E-04 : FWB 00-00:0C246D4F:A0:?? = +1.39386687E-40
A79D : BNE A76B       : A=40 X=FD Y=4A SP=?? N=0 V=0 D=0 I=0 Z=0 C=0 : FWA 00-74:91E64F4A:00:00 = +1.39140746E-04 : FWB 00-00:0C246D4F:A0:?? = +1.39386687E-40
A76B : PHX            : A=40 X=FD Y=4A SP=?? N=0 V=0 D=0 I=0 Z=0 C=0 : FWA 00-74:91E64F4A:00:00 = +1.39140746E-04 : FWB 00-00:0C246D4F:A0:?? = +1.39386687E-40
A76C : LSR 3D         : A=40 X=FD Y=4A SP=?? N=0 V=0 D=0 I=0 Z=0 C=0 : FWA 00-74:91E64F4A:00:00 = +1.39140746E-04 : FWB 00-00:06246D4F:A0:?? = +7.05100651E-41
A76E : ROR 3E         : A=40 X=FD Y=4A SP=?? N=0 V=0 D=0 I=0 Z=0 C=0 : FWA 00-74:91E64F4A:00:00 = +1.39140746E-04 : FWB 00-00:06126D4F:A0:?? = +6.97029172E-41
A770 : ROR 3F         : A=40 X=FD Y=4A SP=?? N=0 V=0 D=0 I=0 Z=0 C=1 : FWA 00-74:91E64F4A:00:00 = +1.39140746E-04 : FWB 00-00:0612364F:A0:?? = +6.96932833E-41
A772 : ROR 40         : A=40 X=FD Y=4A SP=?? N=1 V=0 D=0 I=0 Z=0 C=1 : FWA 00-74:91E64F4A:00:00 = +1.39140746E-04 : FWB 00-00:061236A7:A0:?? = +6.96933435E-41
A774 : ROR 41         : A=40 X=FD Y=4A SP=?? N=1 V=0 D=0 I=0 Z=0 C=0 : FWA 00-74:91E64F4A:00:00 = +1.39140746E-04 : FWB 00-00:061236A7:D0:?? = +6.96933436E-41
A776 : ASL 46,X       : A=40 X=FD Y=4A SP=?? N=1 V=0 D=0 I=0 Z=0 C=0 : FWA 00-74:91E64F4A:00:00 = +1.39140746E-04 : FWB 00-00:061236A7:D0:?? = +6.96933436E-41
A778 : BCC A797       : A=40 X=FD Y=4A SP=?? N=1 V=0 D=0 I=0 Z=0 C=0 : FWA 00-74:91E64F4A:00:00 = +1.39140746E-04 : FWB 00-00:061236A7:D0:?? = +6.96933436E-41
A797 : INX            : A=40 X=FE Y=4A SP=?? N=1 V=0 D=0 I=0 Z=0 C=0 : FWA 00-74:91E64F4A:00:00 = +1.39140746E-04 : FWB 00-00:061236A7:D0:?? = +6.96933436E-41
A798 : BMI A776       : A=40 X=FE Y=4A SP=?? N=1 V=0 D=0 I=0 Z=0 C=0 : FWA 00-74:91E64F4A:00:00 = +1.39140746E-04 : FWB 00-00:061236A7:D0:?? = +6.96933436E-41
A776 : ASL 46,X       : A=40 X=FE Y=4A SP=?? N=1 V=0 D=0 I=0 Z=0 C=0 : FWA 00-74:91E64F4A:00:00 = +1.39140746E-04 : FWB 00-00:061236A7:D0:?? = +6.96933436E-41
A778 : BCC A797       : A=40 X=FE Y=4A SP=?? N=1 V=0 D=0 I=0 Z=0 C=0 : FWA 00-74:91E64F4A:00:00 = +1.39140746E-04 : FWB 00-00:061236A7:D0:?? = +6.96933436E-41
A797 : INX            : A=40 X=FF Y=4A SP=?? N=1 V=0 D=0 I=0 Z=0 C=0 : FWA 00-74:91E64F4A:00:00 = +1.39140746E-04 : FWB 00-00:061236A7:D0:?? = +6.96933436E-41
A798 : BMI A776       : A=40 X=FF Y=4A SP=?? N=1 V=0 D=0 I=0 Z=0 C=0 : FWA 00-74:91E64F4A:00:00 = +1.39140746E-04 : FWB 00-00:061236A7:D0:?? = +6.96933436E-41
A776 : ASL 46,X       : A=40 X=FF Y=4A SP=?? N=0 V=0 D=0 I=0 Z=0 C=0 : FWA 00-74:91E64F4A:00:00 = +1.39140746E-04 : FWB 00-00:061236A7:D0:?? = +6.96933436E-41
A778 : BCC A797       : A=40 X=FF Y=4A SP=?? N=0 V=0 D=0 I=0 Z=0 C=0 : FWA 00-74:91E64F4A:00:00 = +1.39140746E-04 : FWB 00-00:061236A7:D0:?? = +6.96933436E-41
A797 : INX            : A=40 X=00 Y=4A SP=?? N=0 V=0 D=0 I=0 Z=1 C=0 : FWA 00-74:91E64F4A:00:00 = +1.39140746E-04 : FWB 00-00:061236A7:D0:?? = +6.96933436E-41
A798 : BMI A776       : A=40 X=00 Y=4A SP=?? N=0 V=0 D=0 I=0 Z=1 C=0 : FWA 00-74:91E64F4A:00:00 = +1.39140746E-04 : FWB 00-00:061236A7:D0:?? = +6.96933436E-41
A79A : PLX            : A=40 X=FD Y=4A SP=?? N=1 V=0 D=0 I=0 Z=0 C=0 : FWA 00-74:91E64F4A:00:00 = +1.39140746E-04 : FWB 00-00:061236A7:D0:?? = +6.96933436E-41
A79B : LDA 46,X       : A=80 X=FD Y=4A SP=?? N=1 V=0 D=0 I=0 Z=0 C=0 : FWA 00-74:91E64F4A:00:00 = +1.39140746E-04 : FWB 00-00:061236A7:D0:?? = +6.96933436E-41
A79D : BNE A76B       : A=80 X=FD Y=4A SP=?? N=1 V=0 D=0 I=0 Z=0 C=0 : FWA 00-74:91E64F4A:00:00 = +1.39140746E-04 : FWB 00-00:061236A7:D0:?? = +6.96933436E-41
A76B : PHX            : A=80 X=FD Y=4A SP=?? N=1 V=0 D=0 I=0 Z=0 C=0 : FWA 00-74:91E64F4A:00:00 = +1.39140746E-04 : FWB 00-00:061236A7:D0:?? = +6.96933436E-41
A76C : LSR 3D         : A=80 X=FD Y=4A SP=?? N=0 V=0 D=0 I=0 Z=0 C=0 : FWA 00-74:91E64F4A:00:00 = +1.39140746E-04 : FWB 00-00:031236A7:D0:?? = +3.52550326E-41
A76E : ROR 3E         : A=80 X=FD Y=4A SP=?? N=0 V=0 D=0 I=0 Z=0 C=0 : FWA 00-74:91E64F4A:00:00 = +1.39140746E-04 : FWB 00-00:030936A7:D0:?? = +3.48514586E-41
A770 : ROR 3F         : A=80 X=FD Y=4A SP=?? N=0 V=0 D=0 I=0 Z=0 C=0 : FWA 00-74:91E64F4A:00:00 = +1.39140746E-04 : FWB 00-00:03091BA7:D0:?? = +3.48467292E-41
A772 : ROR 40         : A=80 X=FD Y=4A SP=?? N=0 V=0 D=0 I=0 Z=0 C=1 : FWA 00-74:91E64F4A:00:00 = +1.39140746E-04 : FWB 00-00:03091B53:D0:?? = +3.48466717E-41
A774 : ROR 41         : A=80 X=FD Y=4A SP=?? N=1 V=0 D=0 I=0 Z=0 C=0 : FWA 00-74:91E64F4A:00:00 = +1.39140746E-04 : FWB 00-00:03091B53:E8:?? = +3.48466718E-41
A776 : ASL 46,X       : A=80 X=FD Y=4A SP=?? N=0 V=0 D=0 I=0 Z=1 C=1 : FWA 00-74:91E64F4A:00:00 = +1.39140746E-04 : FWB 00-00:03091B53:E8:?? = +3.48466718E-41
A778 : BCC A797       : A=80 X=FD Y=4A SP=?? N=0 V=0 D=0 I=0 Z=1 C=1 : FWA 00-74:91E64F4A:00:00 = +1.39140746E-04 : FWB 00-00:03091B53:E8:?? = +3.48466718E-41
A77A : CLC            : A=80 X=FD Y=4A SP=?? N=0 V=0 D=0 I=0 Z=1 C=0 : FWA 00-74:91E64F4A:00:00 = +1.39140746E-04 : FWB 00-00:03091B53:E8:?? = +3.48466718E-41
A77B : TYA            : A=4A X=FD Y=4A SP=?? N=0 V=0 D=0 I=0 Z=0 C=0 : FWA 00-74:91E64F4A:00:00 = +1.39140746E-04 : FWB 00-00:03091B53:E8:?? = +3.48466718E-41
A77C : ADC 42,X       : A=65 X=FD Y=4A SP=?? N=0 V=0 D=0 I=0 Z=0 C=0 : FWA 00-74:91E64F4A:00:00 = +1.39140746E-04 : FWB 00-00:03091B53:E8:?? = +3.48466718E-41
A77E : TAY            : A=65 X=FD Y=65 SP=?? N=0 V=0 D=0 I=0 Z=0 C=0 : FWA 00-74:91E64F4A:00:00 = +1.39140746E-04 : FWB 00-00:03091B53:E8:?? = +3.48466718E-41
A77F : LDA 34         : A=4A X=FD Y=65 SP=?? N=0 V=0 D=0 I=0 Z=0 C=0 : FWA 00-74:91E64F4A:00:00 = +1.39140746E-04 : FWB 00-00:03091B53:E8:?? = +3.48466718E-41
A781 : ADC 41,X       : A=53 X=FD Y=65 SP=?? N=0 V=0 D=0 I=0 Z=0 C=0 : FWA 00-74:91E64F4A:00:00 = +1.39140746E-04 : FWB 00-00:03091B53:E8:?? = +3.48466718E-41
A783 : STA 34         : A=53 X=FD Y=65 SP=?? N=0 V=0 D=0 I=0 Z=0 C=0 : FWA 00-74:91E64F53:00:00 = +1.39140747E-04 : FWB 00-00:03091B53:E8:?? = +3.48466718E-41
A785 : LDA 33         : A=4F X=FD Y=65 SP=?? N=0 V=0 D=0 I=0 Z=0 C=0 : FWA 00-74:91E64F53:00:00 = +1.39140747E-04 : FWB 00-00:03091B53:E8:?? = +3.48466718E-41
A787 : ADC 40,X       : A=52 X=FD Y=65 SP=?? N=0 V=0 D=0 I=0 Z=0 C=0 : FWA 00-74:91E64F53:00:00 = +1.39140747E-04 : FWB 00-00:03091B53:E8:?? = +3.48466718E-41
A789 : STA 33         : A=52 X=FD Y=65 SP=?? N=0 V=0 D=0 I=0 Z=0 C=0 : FWA 00-74:91E65253:00:00 = +1.39140791E-04 : FWB 00-00:03091B53:E8:?? = +3.48466718E-41
A78B : LDA 32         : A=E6 X=FD Y=65 SP=?? N=1 V=0 D=0 I=0 Z=0 C=0 : FWA 00-74:91E65253:00:00 = +1.39140791E-04 : FWB 00-00:03091B53:E8:?? = +3.48466718E-41
A78D : ADC 3F,X       : A=E6 X=FD Y=65 SP=?? N=1 V=0 D=0 I=0 Z=0 C=0 : FWA 00-74:91E65253:00:00 = +1.39140791E-04 : FWB 00-00:03091B53:E8:?? = +3.48466718E-41
A78F : STA 32         : A=E6 X=FD Y=65 SP=?? N=1 V=0 D=0 I=0 Z=0 C=0 : FWA 00-74:91E65253:00:00 = +1.39140791E-04 : FWB 00-00:03091B53:E8:?? = +3.48466718E-41
A791 : LDA 31         : A=91 X=FD Y=65 SP=?? N=1 V=0 D=0 I=0 Z=0 C=0 : FWA 00-74:91E65253:00:00 = +1.39140791E-04 : FWB 00-00:03091B53:E8:?? = +3.48466718E-41
A793 : ADC 3E,X       : A=91 X=FD Y=65 SP=?? N=1 V=0 D=0 I=0 Z=0 C=0 : FWA 00-74:91E65253:00:00 = +1.39140791E-04 : FWB 00-00:03091B53:E8:?? = +3.48466718E-41
A795 : STA 31         : A=91 X=FD Y=65 SP=?? N=1 V=0 D=0 I=0 Z=0 C=0 : FWA 00-74:91E65253:00:00 = +1.39140791E-04 : FWB 00-00:03091B53:E8:?? = +3.48466718E-41
A797 : INX            : A=91 X=FE Y=65 SP=?? N=1 V=0 D=0 I=0 Z=0 C=0 : FWA 00-74:91E65253:00:00 = +1.39140791E-04 : FWB 00-00:03091B53:E8:?? = +3.48466718E-41
A798 : BMI A776       : A=91 X=FE Y=65 SP=?? N=1 V=0 D=0 I=0 Z=0 C=0 : FWA 00-74:91E65253:00:00 = +1.39140791E-04 : FWB 00-00:03091B53:E8:?? = +3.48466718E-41
A776 : ASL 46,X       : A=91 X=FE Y=65 SP=?? N=1 V=0 D=0 I=0 Z=0 C=1 : FWA 00-74:91E65253:00:00 = +1.39140791E-04 : FWB 00-00:03091B53:E8:?? = +3.48466718E-41
A778 : BCC A797       : A=91 X=FE Y=65 SP=?? N=1 V=0 D=0 I=0 Z=0 C=1 : FWA 00-74:91E65253:00:00 = +1.39140791E-04 : FWB 00-00:03091B53:E8:?? = +3.48466718E-41
A77A : CLC            : A=91 X=FE Y=65 SP=?? N=1 V=0 D=0 I=0 Z=0 C=0 : FWA 00-74:91E65253:00:00 = +1.39140791E-04 : FWB 00-00:03091B53:E8:?? = +3.48466718E-41
A77B : TYA            : A=65 X=FE Y=65 SP=?? N=0 V=0 D=0 I=0 Z=0 C=0 : FWA 00-74:91E65253:00:00 = +1.39140791E-04 : FWB 00-00:03091B53:E8:?? = +3.48466718E-41
A77C : ADC 42,X       : A=B8 X=FE Y=65 SP=?? N=1 V=1 D=0 I=0 Z=0 C=0 : FWA 00-74:91E65253:00:00 = +1.39140791E-04 : FWB 00-00:03091B53:E8:?? = +3.48466718E-41
A77E : TAY            : A=B8 X=FE Y=B8 SP=?? N=1 V=1 D=0 I=0 Z=0 C=0 : FWA 00-74:91E65253:00:00 = +1.39140791E-04 : FWB 00-00:03091B53:E8:?? = +3.48466718E-41
A77F : LDA 34         : A=53 X=FE Y=B8 SP=?? N=0 V=1 D=0 I=0 Z=0 C=0 : FWA 00-74:91E65253:00:00 = +1.39140791E-04 : FWB 00-00:03091B53:E8:?? = +3.48466718E-41
A781 : ADC 41,X       : A=6E X=FE Y=B8 SP=?? N=0 V=0 D=0 I=0 Z=0 C=0 : FWA 00-74:91E65253:00:00 = +1.39140791E-04 : FWB 00-00:03091B53:E8:?? = +3.48466718E-41
A783 : STA 34         : A=6E X=FE Y=B8 SP=?? N=0 V=0 D=0 I=0 Z=0 C=0 : FWA 00-74:91E6526E:00:00 = +1.39140792E-04 : FWB 00-00:03091B53:E8:?? = +3.48466718E-41
A785 : LDA 33         : A=52 X=FE Y=B8 SP=?? N=0 V=0 D=0 I=0 Z=0 C=0 : FWA 00-74:91E6526E:00:00 = +1.39140792E-04 : FWB 00-00:03091B53:E8:?? = +3.48466718E-41
A787 : ADC 40,X       : A=5B X=FE Y=B8 SP=?? N=0 V=0 D=0 I=0 Z=0 C=0 : FWA 00-74:91E6526E:00:00 = +1.39140792E-04 : FWB 00-00:03091B53:E8:?? = +3.48466718E-41
A789 : STA 33         : A=5B X=FE Y=B8 SP=?? N=0 V=0 D=0 I=0 Z=0 C=0 : FWA 00-74:91E65B6E:00:00 = +1.39140923E-04 : FWB 00-00:03091B53:E8:?? = +3.48466718E-41
A78B : LDA 32         : A=E6 X=FE Y=B8 SP=?? N=1 V=0 D=0 I=0 Z=0 C=0 : FWA 00-74:91E65B6E:00:00 = +1.39140923E-04 : FWB 00-00:03091B53:E8:?? = +3.48466718E-41
A78D : ADC 3F,X       : A=E9 X=FE Y=B8 SP=?? N=1 V=0 D=0 I=0 Z=0 C=0 : FWA 00-74:91E65B6E:00:00 = +1.39140923E-04 : FWB 00-00:03091B53:E8:?? = +3.48466718E-41
A78F : STA 32         : A=E9 X=FE Y=B8 SP=?? N=1 V=0 D=0 I=0 Z=0 C=0 : FWA 00-74:91E95B6E:00:00 = +1.39152099E-04 : FWB 00-00:03091B53:E8:?? = +3.48466718E-41
A791 : LDA 31         : A=91 X=FE Y=B8 SP=?? N=1 V=0 D=0 I=0 Z=0 C=0 : FWA 00-74:91E95B6E:00:00 = +1.39152099E-04 : FWB 00-00:03091B53:E8:?? = +3.48466718E-41
A793 : ADC 3E,X       : A=91 X=FE Y=B8 SP=?? N=1 V=0 D=0 I=0 Z=0 C=0 : FWA 00-74:91E95B6E:00:00 = +1.39152099E-04 : FWB 00-00:03091B53:E8:?? = +3.48466718E-41
A795 : STA 31         : A=91 X=FE Y=B8 SP=?? N=1 V=0 D=0 I=0 Z=0 C=0 : FWA 00-74:91E95B6E:00:00 = +1.39152099E-04 : FWB 00-00:03091B53:E8:?? = +3.48466718E-41
A797 : INX            : A=91 X=FF Y=B8 SP=?? N=1 V=0 D=0 I=0 Z=0 C=0 : FWA 00-74:91E95B6E:00:00 = +1.39152099E-04 : FWB 00-00:03091B53:E8:?? = +3.48466718E-41
A798 : BMI A776       : A=91 X=FF Y=B8 SP=?? N=1 V=0 D=0 I=0 Z=0 C=0 : FWA 00-74:91E95B6E:00:00 = +1.39152099E-04 : FWB 00-00:03091B53:E8:?? = +3.48466718E-41
A776 : ASL 46,X       : A=91 X=FF Y=B8 SP=?? N=1 V=0 D=0 I=0 Z=0 C=0 : FWA 00-74:91E95B6E:00:00 = +1.39152099E-04 : FWB 00-00:03091B53:E8:?? = +3.48466718E-41
A778 : BCC A797       : A=91 X=FF Y=B8 SP=?? N=1 V=0 D=0 I=0 Z=0 C=0 : FWA 00-74:91E95B6E:00:00 = +1.39152099E-04 : FWB 00-00:03091B53:E8:?? = +3.48466718E-41
A797 : INX            : A=91 X=00 Y=B8 SP=?? N=0 V=0 D=0 I=0 Z=1 C=0 : FWA 00-74:91E95B6E:00:00 = +1.39152099E-04 : FWB 00-00:03091B53:E8:?? = +3.48466718E-41
A798 : BMI A776       : A=91 X=00 Y=B8 SP=?? N=0 V=0 D=0 I=0 Z=1 C=0 : FWA 00-74:91E95B6E:00:00 = +1.39152099E-04 : FWB 00-00:03091B53:E8:?? = +3.48466718E-41
A79A : PLX            : A=91 X=FD Y=B8 SP=?? N=1 V=0 D=0 I=0 Z=0 C=0 : FWA 00-74:91E95B6E:00:00 = +1.39152099E-04 : FWB 00-00:03091B53:E8:?? = +3.48466718E-41
A79B : LDA 46,X       : A=00 X=FD Y=B8 SP=?? N=0 V=0 D=0 I=0 Z=1 C=0 : FWA 00-74:91E95B6E:00:00 = +1.39152099E-04 : FWB 00-00:03091B53:E8:?? = +3.48466718E-41
A79D : BNE A76B       : A=00 X=FD Y=B8 SP=?? N=0 V=0 D=0 I=0 Z=1 C=0 : FWA 00-74:91E95B6E:00:00 = +1.39152099E-04 : FWB 00-00:03091B53:E8:?? = +3.48466718E-41
A79F : INX            : A=00 X=FE Y=B8 SP=?? N=1 V=0 D=0 I=0 Z=0 C=0 : FWA 00-74:91E95B6E:00:00 = +1.39152099E-04 : FWB 00-00:03091B53:E8:?? = +3.48466718E-41
A7A0 : BMI A79B       : A=00 X=FE Y=B8 SP=?? N=1 V=0 D=0 I=0 Z=0 C=0 : FWA 00-74:91E95B6E:00:00 = +1.39152099E-04 : FWB 00-00:03091B53:E8:?? = +3.48466718E-41
A79B : LDA 46,X       : A=80 X=FE Y=B8 SP=?? N=1 V=0 D=0 I=0 Z=0 C=0 : FWA 00-74:91E95B6E:00:00 = +1.39152099E-04 : FWB 00-00:03091B53:E8:?? = +3.48466718E-41
A79D : BNE A76B       : A=80 X=FE Y=B8 SP=?? N=1 V=0 D=0 I=0 Z=0 C=0 : FWA 00-74:91E95B6E:00:00 = +1.39152099E-04 : FWB 00-00:03091B53:E8:?? = +3.48466718E-41
A76B : PHX            : A=80 X=FE Y=B8 SP=?? N=1 V=0 D=0 I=0 Z=0 C=0 : FWA 00-74:91E95B6E:00:00 = +1.39152099E-04 : FWB 00-00:03091B53:E8:?? = +3.48466718E-41
A76C : LSR 3D         : A=80 X=FE Y=B8 SP=?? N=0 V=0 D=0 I=0 Z=0 C=1 : FWA 00-74:91E95B6E:00:00 = +1.39152099E-04 : FWB 00-00:01091B53:E8:?? = +1.18877978E-41
A76E : ROR 3E         : A=80 X=FE Y=B8 SP=?? N=1 V=0 D=0 I=0 Z=0 C=1 : FWA 00-74:91E95B6E:00:00 = +1.39152099E-04 : FWB 00-00:01841B53:E8:?? = +1.74033085E-41
A770 : ROR 3F         : A=80 X=FE Y=B8 SP=?? N=1 V=0 D=0 I=0 Z=0 C=1 : FWA 00-74:91E95B6E:00:00 = +1.39152099E-04 : FWB 00-00:01848D53:E8:?? = +1.74232770E-41
A772 : ROR 40         : A=80 X=FE Y=B8 SP=?? N=1 V=0 D=0 I=0 Z=0 C=1 : FWA 00-74:91E95B6E:00:00 = +1.39152099E-04 : FWB 00-00:01848DA9:E8:?? = +1.74233359E-41
A774 : ROR 41         : A=80 X=FE Y=B8 SP=?? N=1 V=0 D=0 I=0 Z=0 C=0 : FWA 00-74:91E95B6E:00:00 = +1.39152099E-04 : FWB 00-00:01848DA9:F4:?? = +1.74233359E-41
A776 : ASL 46,X       : A=80 X=FE Y=B8 SP=?? N=0 V=0 D=0 I=0 Z=1 C=1 : FWA 00-74:91E95B6E:00:00 = +1.39152099E-04 : FWB 00-00:01848DA9:F4:?? = +1.74233359E-41
A778 : BCC A797       : A=80 X=FE Y=B8 SP=?? N=0 V=0 D=0 I=0 Z=1 C=1 : FWA 00-74:91E95B6E:00:00 = +1.39152099E-04 : FWB 00-00:01848DA9:F4:?? = +1.74233359E-41
A77A : CLC            : A=80 X=FE Y=B8 SP=?? N=0 V=0 D=0 I=0 Z=1 C=0 : FWA 00-74:91E95B6E:00:00 = +1.39152099E-04 : FWB 00-00:01848DA9:F4:?? = +1.74233359E-41
A77B : TYA            : A=B8 X=FE Y=B8 SP=?? N=1 V=0 D=0 I=0 Z=0 C=0 : FWA 00-74:91E95B6E:00:00 = +1.39152099E-04 : FWB 00-00:01848DA9:F4:?? = +1.74233359E-41
A77C : ADC 42,X       : A=61 X=FE Y=B8 SP=?? N=0 V=1 D=0 I=0 Z=0 C=1 : FWA 00-74:91E95B6E:00:00 = +1.39152099E-04 : FWB 00-00:01848DA9:F4:?? = +1.74233359E-41
A77E : TAY            : A=61 X=FE Y=61 SP=?? N=0 V=1 D=0 I=0 Z=0 C=1 : FWA 00-74:91E95B6E:00:00 = +1.39152099E-04 : FWB 00-00:01848DA9:F4:?? = +1.74233359E-41
A77F : LDA 34         : A=6E X=FE Y=61 SP=?? N=0 V=1 D=0 I=0 Z=0 C=1 : FWA 00-74:91E95B6E:00:00 = +1.39152099E-04 : FWB 00-00:01848DA9:F4:?? = +1.74233359E-41
A781 : ADC 41,X       : A=FC X=FE Y=61 SP=?? N=1 V=0 D=0 I=0 Z=0 C=0 : FWA 00-74:91E95B6E:00:00 = +1.39152099E-04 : FWB 00-00:01848DA9:F4:?? = +1.74233359E-41
A783 : STA 34         : A=FC X=FE Y=61 SP=?? N=1 V=0 D=0 I=0 Z=0 C=0 : FWA 00-74:91E95BFC:00:00 = +1.39152107E-04 : FWB 00-00:01848DA9:F4:?? = +1.74233359E-41
A785 : LDA 33         : A=5B X=FE Y=61 SP=?? N=0 V=0 D=0 I=0 Z=0 C=0 : FWA 00-74:91E95BFC:00:00 = +1.39152107E-04 : FWB 00-00:01848DA9:F4:?? = +1.74233359E-41
A787 : ADC 40,X       : A=DF X=FE Y=61 SP=?? N=1 V=0 D=0 I=0 Z=0 C=0 : FWA 00-74:91E95BFC:00:00 = +1.39152107E-04 : FWB 00-00:01848DA9:F4:?? = +1.74233359E-41
A789 : STA 33         : A=DF X=FE Y=61 SP=?? N=1 V=0 D=0 I=0 Z=0 C=0 : FWA 00-74:91E9DFFC:00:00 = +1.39154028E-04 : FWB 00-00:01848DA9:F4:?? = +1.74233359E-41
A78B : LDA 32         : A=E9 X=FE Y=61 SP=?? N=1 V=0 D=0 I=0 Z=0 C=0 : FWA 00-74:91E9DFFC:00:00 = +1.39154028E-04 : FWB 00-00:01848DA9:F4:?? = +1.74233359E-41
A78D : ADC 3F,X       : A=EA X=FE Y=61 SP=?? N=1 V=0 D=0 I=0 Z=0 C=0 : FWA 00-74:91E9DFFC:00:00 = +1.39154028E-04 : FWB 00-00:01848DA9:F4:?? = +1.74233359E-41
A78F : STA 32         : A=EA X=FE Y=61 SP=?? N=1 V=0 D=0 I=0 Z=0 C=0 : FWA 00-74:91EADFFC:00:00 = +1.39157753E-04 : FWB 00-00:01848DA9:F4:?? = +1.74233359E-41
A791 : LDA 31         : A=91 X=FE Y=61 SP=?? N=1 V=0 D=0 I=0 Z=0 C=0 : FWA 00-74:91EADFFC:00:00 = +1.39157753E-04 : FWB 00-00:01848DA9:F4:?? = +1.74233359E-41
A793 : ADC 3E,X       : A=91 X=FE Y=61 SP=?? N=1 V=0 D=0 I=0 Z=0 C=0 : FWA 00-74:91EADFFC:00:00 = +1.39157753E-04 : FWB 00-00:01848DA9:F4:?? = +1.74233359E-41
A795 : STA 31         : A=91 X=FE Y=61 SP=?? N=1 V=0 D=0 I=0 Z=0 C=0 : FWA 00-74:91EADFFC:00:00 = +1.39157753E-04 : FWB 00-00:01848DA9:F4:?? = +1.74233359E-41
A797 : INX            : A=91 X=FF Y=61 SP=?? N=1 V=0 D=0 I=0 Z=0 C=0 : FWA 00-74:91EADFFC:00:00 = +1.39157753E-04 : FWB 00-00:01848DA9:F4:?? = +1.74233359E-41
A798 : BMI A776       : A=91 X=FF Y=61 SP=?? N=1 V=0 D=0 I=0 Z=0 C=0 : FWA 00-74:91EADFFC:00:00 = +1.39157753E-04 : FWB 00-00:01848DA9:F4:?? = +1.74233359E-41
A776 : ASL 46,X       : A=91 X=FF Y=61 SP=?? N=0 V=0 D=0 I=0 Z=1 C=1 : FWA 00-74:91EADFFC:00:00 = +1.39157753E-04 : FWB 00-00:01848DA9:F4:?? = +1.74233359E-41
A778 : BCC A797       : A=91 X=FF Y=61 SP=?? N=0 V=0 D=0 I=0 Z=1 C=1 : FWA 00-74:91EADFFC:00:00 = +1.39157753E-04 : FWB 00-00:01848DA9:F4:?? = +1.74233359E-41
A77A : CLC            : A=91 X=FF Y=61 SP=?? N=0 V=0 D=0 I=0 Z=1 C=0 : FWA 00-74:91EADFFC:00:00 = +1.39157753E-04 : FWB 00-00:01848DA9:F4:?? = +1.74233359E-41
A77B : TYA            : A=61 X=FF Y=61 SP=?? N=0 V=0 D=0 I=0 Z=0 C=0 : FWA 00-74:91EADFFC:00:00 = +1.39157753E-04 : FWB 00-00:01848DA9:F4:?? = +1.74233359E-41
A77C : ADC 42,X       : A=55 X=FF Y=61 SP=?? N=0 V=0 D=0 I=0 Z=0 C=1 : FWA 00-74:91EADFFC:00:00 = +1.39157753E-04 : FWB 00-00:01848DA9:F4:?? = +1.74233359E-41
A77E : TAY            : A=55 X=FF Y=55 SP=?? N=0 V=0 D=0 I=0 Z=0 C=1 : FWA 00-74:91EADFFC:00:00 = +1.39157753E-04 : FWB 00-00:01848DA9:F4:?? = +1.74233359E-41
A77F : LDA 34         : A=FC X=FF Y=55 SP=?? N=1 V=0 D=0 I=0 Z=0 C=1 : FWA 00-74:91EADFFC:00:00 = +1.39157753E-04 : FWB 00-00:01848DA9:F4:?? = +1.74233359E-41
A781 : ADC 41,X       : A=A6 X=FF Y=55 SP=?? N=1 V=0 D=0 I=0 Z=0 C=1 : FWA 00-74:91EADFFC:00:00 = +1.39157753E-04 : FWB 00-00:01848DA9:F4:?? = +1.74233359E-41
A783 : STA 34         : A=A6 X=FF Y=55 SP=?? N=1 V=0 D=0 I=0 Z=0 C=1 : FWA 00-74:91EADFA6:00:00 = +1.39157748E-04 : FWB 00-00:01848DA9:F4:?? = +1.74233359E-41
A785 : LDA 33         : A=DF X=FF Y=55 SP=?? N=1 V=0 D=0 I=0 Z=0 C=1 : FWA 00-74:91EADFA6:00:00 = +1.39157748E-04 : FWB 00-00:01848DA9:F4:?? = +1.74233359E-41
A787 : ADC 40,X       : A=6D X=FF Y=55 SP=?? N=0 V=1 D=0 I=0 Z=0 C=1 : FWA 00-74:91EADFA6:00:00 = +1.39157748E-04 : FWB 00-00:01848DA9:F4:?? = +1.74233359E-41
A789 : STA 33         : A=6D X=FF Y=55 SP=?? N=0 V=1 D=0 I=0 Z=0 C=1 : FWA 00-74:91EA6DA6:00:00 = +1.39156089E-04 : FWB 00-00:01848DA9:F4:?? = +1.74233359E-41
A78B : LDA 32         : A=EA X=FF Y=55 SP=?? N=1 V=1 D=0 I=0 Z=0 C=1 : FWA 00-74:91EA6DA6:00:00 = +1.39156089E-04 : FWB 00-00:01848DA9:F4:?? = +1.74233359E-41
A78D : ADC 3F,X       : A=6F X=FF Y=55 SP=?? N=0 V=1 D=0 I=0 Z=0 C=1 : FWA 00-74:91EA6DA6:00:00 = +1.39156089E-04 : FWB 00-00:01848DA9:F4:?? = +1.74233359E-41
A78F : STA 32         : A=6F X=FF Y=55 SP=?? N=0 V=1 D=0 I=0 Z=0 C=1 : FWA 00-74:916F6DA6:00:00 = +1.38697879E-04 : FWB 00-00:01848DA9:F4:?? = +1.74233359E-41
A791 : LDA 31         : A=91 X=FF Y=55 SP=?? N=1 V=1 D=0 I=0 Z=0 C=1 : FWA 00-74:916F6DA6:00:00 = +1.38697879E-04 : FWB 00-00:01848DA9:F4:?? = +1.74233359E-41
A793 : ADC 3E,X       : A=93 X=FF Y=55 SP=?? N=1 V=0 D=0 I=0 Z=0 C=0 : FWA 00-74:916F6DA6:00:00 = +1.38697879E-04 : FWB 00-00:01848DA9:F4:?? = +1.74233359E-41
A795 : STA 31         : A=93 X=FF Y=55 SP=?? N=1 V=0 D=0 I=0 Z=0 C=0 : FWA 00-74:936F6DA6:00:00 = +1.40605227E-04 : FWB 00-00:01848DA9:F4:?? = +1.74233359E-41
A797 : INX            : A=93 X=00 Y=55 SP=?? N=0 V=0 D=0 I=0 Z=1 C=0 : FWA 00-74:936F6DA6:00:00 = +1.40605227E-04 : FWB 00-00:01848DA9:F4:?? = +1.74233359E-41
A798 : BMI A776       : A=93 X=00 Y=55 SP=?? N=0 V=0 D=0 I=0 Z=1 C=0 : FWA 00-74:936F6DA6:00:00 = +1.40605227E-04 : FWB 00-00:01848DA9:F4:?? = +1.74233359E-41
A79A : PLX            : A=93 X=FE Y=55 SP=?? N=1 V=0 D=0 I=0 Z=0 C=0 : FWA 00-74:936F6DA6:00:00 = +1.40605227E-04 : FWB 00-00:01848DA9:F4:?? = +1.74233359E-41
A79B : LDA 46,X       : A=00 X=FE Y=55 SP=?? N=0 V=0 D=0 I=0 Z=1 C=0 : FWA 00-74:936F6DA6:00:00 = +1.40605227E-04 : FWB 00-00:01848DA9:F4:?? = +1.74233359E-41
A79D : BNE A76B       : A=00 X=FE Y=55 SP=?? N=0 V=0 D=0 I=0 Z=1 C=0 : FWA 00-74:936F6DA6:00:00 = +1.40605227E-04 : FWB 00-00:01848DA9:F4:?? = +1.74233359E-41
A79F : INX            : A=00 X=FF Y=55 SP=?? N=1 V=0 D=0 I=0 Z=0 C=0 : FWA 00-74:936F6DA6:00:00 = +1.40605227E-04 : FWB 00-00:01848DA9:F4:?? = +1.74233359E-41
A7A0 : BMI A79B       : A=00 X=FF Y=55 SP=?? N=1 V=0 D=0 I=0 Z=0 C=0 : FWA 00-74:936F6DA6:00:00 = +1.40605227E-04 : FWB 00-00:01848DA9:F4:?? = +1.74233359E-41
A79B : LDA 46,X       : A=00 X=FF Y=55 SP=?? N=0 V=0 D=0 I=0 Z=1 C=0 : FWA 00-74:936F6DA6:00:00 = +1.40605227E-04 : FWB 00-00:01848DA9:F4:?? = +1.74233359E-41
A79D : BNE A76B       : A=00 X=FF Y=55 SP=?? N=0 V=0 D=0 I=0 Z=1 C=0 : FWA 00-74:936F6DA6:00:00 = +1.40605227E-04 : FWB 00-00:01848DA9:F4:?? = +1.74233359E-41
A79F : INX            : A=00 X=00 Y=55 SP=?? N=0 V=0 D=0 I=0 Z=1 C=0 : FWA 00-74:936F6DA6:00:00 = +1.40605227E-04 : FWB 00-00:01848DA9:F4:?? = +1.74233359E-41
A7A0 : BMI A79B       : A=00 X=00 Y=55 SP=?? N=0 V=0 D=0 I=0 Z=1 C=0 : FWA 00-74:936F6DA6:00:00 = +1.40605227E-04 : FWB 00-00:01848DA9:F4:?? = +1.74233359E-41
A7A2 : PLX            : A=00 X=E7 Y=55 SP=?? N=1 V=0 D=0 I=0 Z=0 C=0 : FWA 00-74:936F6DA6:00:00 = +1.40605227E-04 : FWB 00-00:01848DA9:F4:?? = +1.74233359E-41
A7A3 : STY 35         : A=00 X=E7 Y=55 SP=?? N=1 V=0 D=0 I=0 Z=0 C=0 : FWA 00-74:936F6DA6:55:00 = +1.40605227E-04 : FWB 00-00:01848DA9:F4:?? = +1.74233359E-41
A7A5 : LDA 31         : A=93 X=E7 Y=55 SP=?? N=1 V=0 D=0 I=0 Z=0 C=0 : FWA 00-74:936F6DA6:55:00 = +1.40605227E-04 : FWB 00-00:01848DA9:F4:?? = +1.74233359E-41
A7A7 : BMI A73D       : A=93 X=E7 Y=55 SP=?? N=1 V=0 D=0 I=0 Z=0 C=0 : FWA 00-74:936F6DA6:55:00 = +1.40605227E-04 : FWB 00-00:01848DA9:F4:?? = +1.74233359E-41
A73D : RTS            : A=93 X=E7 Y=55 SP=?? N=1 V=0 D=0 I=0 Z=0 C=0 : FWA 00-74:936F6DA6:55:00 = +1.40605227E-04 : FWB 00-00:01848DA9:F4:?? = +1.74233359E-41
A6F0 : BRA A712       : A=93 X=E7 Y=55 SP=?? N=1 V=0 D=0 I=0 Z=0 C=0 : FWA 00-74:936F6DA6:55:00 = +1.40605227E-04 : FWB 00-00:01848DA9:F4:?? = +1.74233359E-41
A712 : LDA 35         : A=55 X=E7 Y=55 SP=?? N=0 V=0 D=0 I=0 Z=0 C=0 : FWA 00-74:936F6DA6:55:00 = +1.40605227E-04 : FWB 00-00:01848DA9:F4:?? = +1.74233359E-41
A714 : BPL A725       : A=55 X=E7 Y=55 SP=?? N=0 V=0 D=0 I=0 Z=0 C=0 : FWA 00-74:936F6DA6:55:00 = +1.40605227E-04 : FWB 00-00:01848DA9:F4:?? = +1.74233359E-41
A725 : LDA 2F         : A=00 X=E7 Y=55 SP=?? N=0 V=0 D=0 I=0 Z=1 C=0 : FWA 00-74:936F6DA6:55:00 = +1.40605227E-04 : FWB 00-00:01848DA9:F4:?? = +1.74233359E-41
A727 : BEQ A739       : A=00 X=E7 Y=55 SP=?? N=0 V=0 D=0 I=0 Z=1 C=0 : FWA 00-74:936F6DA6:55:00 = +1.40605227E-04 : FWB 00-00:01848DA9:F4:?? = +1.74233359E-41
A739 : STZ 35         : A=00 X=E7 Y=55 SP=?? N=0 V=0 D=0 I=0 Z=1 C=0 : FWA 00-74:936F6DA6:00:00 = +1.40605227E-04 : FWB 00-00:01848DA9:F4:?? = +1.74233359E-41
A73B : LDA #FF        : A=FF X=E7 Y=55 SP=?? N=1 V=0 D=0 I=0 Z=0 C=0 : FWA 00-74:936F6DA6:00:00 = +1.40605227E-04 : FWB 00-00:01848DA9:F4:?? = +1.74233359E-41
A73D : RTS            : A=FF X=E7 Y=55 SP=?? N=1 V=0 D=0 I=0 Z=0 C=0 : FWA 00-74:936F6DA6:00:00 = +1.40605227E-04 : FWB 00-00:01848DA9:F4:?? = +1.74233359E-41
A8BF : PLP            : A=FF X=E7 Y=55 SP=?? N=1 V=1 D=0 I=0 Z=0 C=0 : FWA 00-74:936F6DA6:00:00 = +1.40605227E-04 : FWB 00-00:01848DA9:F4:?? = +1.74233359E-41
A8C0 : ROR 2E         : A=FF X=E7 Y=55 SP=?? N=0 V=1 D=0 I=0 Z=1 C=0 : FWA 00-74:936F6DA6:00:00 = +1.40605227E-04 : FWB 00-00:01848DA9:F4:?? = +1.74233359E-41
A8C2 : TXA            : A=E7 X=E7 Y=55 SP=?? N=1 V=1 D=0 I=0 Z=0 C=0 : FWA 00-74:936F6DA6:00:00 = +1.40605227E-04 : FWB 00-00:01848DA9:F4:?? = +1.74233359E-41
A8C3 : JSR AA55       : A=E7 X=E7 Y=55 SP=?? N=1 V=1 D=0 I=0 Z=0 C=0 : FWA 00-74:936F6DA6:00:00 = +1.40605227E-04 : FWB 00-00:01848DA9:F4:?? = +1.74233359E-41
AA55 : PHX            : A=E7 X=E7 Y=55 SP=?? N=1 V=1 D=0 I=0 Z=0 C=0 : FWA 00-74:936F6DA6:00:00 = +1.40605227E-04 : FWB 00-00:01848DA9:F4:?? = +1.74233359E-41
AA56 : TAX            : A=E7 X=E7 Y=55 SP=?? N=1 V=1 D=0 I=0 Z=0 C=0 : FWA 00-74:936F6DA6:00:00 = +1.40605227E-04 : FWB 00-00:01848DA9:F4:?? = +1.74233359E-41
AA57 : LDY #01        : A=E7 X=E7 Y=01 SP=?? N=0 V=1 D=0 I=0 Z=0 C=0 : FWA 00-74:936F6DA6:00:00 = +1.40605227E-04 : FWB 00-00:01848DA9:F4:?? = +1.74233359E-41
AA59 : DEX            : A=E7 X=E6 Y=01 SP=?? N=1 V=1 D=0 I=0 Z=0 C=0 : FWA 00-74:936F6DA6:00:00 = +1.40605227E-04 : FWB 00-00:01848DA9:F4:?? = +1.74233359E-41
AA5A : LDA BF00,X     : A=77 X=E6 Y=01 SP=?? N=0 V=1 D=0 I=0 Z=0 C=0 : FWA 00-74:936F6DA6:00:00 = +1.40605227E-04 : FWB 00-00:01848DA9:F4:?? = +1.74233359E-41
AA5D : CMP 30         : A=77 X=E6 Y=01 SP=?? N=0 V=1 D=0 I=0 Z=0 C=1 : FWA 00-74:936F6DA6:00:00 = +1.40605227E-04 : FWB 00-00:01848DA9:F4:?? = +1.74233359E-41
AA5F : BNE AA66       : A=77 X=E6 Y=01 SP=?? N=0 V=1 D=0 I=0 Z=0 C=1 : FWA 00-74:936F6DA6:00:00 = +1.40605227E-04 : FWB 00-00:01848DA9:F4:?? = +1.74233359E-41
AA66 : BCS AA6B       : A=77 X=E6 Y=01 SP=?? N=0 V=1 D=0 I=0 Z=0 C=1 : FWA 00-74:936F6DA6:00:00 = +1.40605227E-04 : FWB 00-00:01848DA9:F4:?? = +1.74233359E-41
AA6B : PLX            : A=77 X=E7 Y=01 SP=?? N=1 V=1 D=0 I=0 Z=0 C=1 : FWA 00-74:936F6DA6:00:00 = +1.40605227E-04 : FWB 00-00:01848DA9:F4:?? = +1.74233359E-41
AA6C : TYA            : A=01 X=E7 Y=01 SP=?? N=0 V=1 D=0 I=0 Z=0 C=1 : FWA 00-74:936F6DA6:00:00 = +1.40605227E-04 : FWB 00-00:01848DA9:F4:?? = +1.74233359E-41
AA6D : RTS            : A=01 X=E7 Y=01 SP=?? N=0 V=1 D=0 I=0 Z=0 C=1 : FWA 00-74:936F6DA6:00:00 = +1.40605227E-04 : FWB 00-00:01848DA9:F4:?? = +1.74233359E-41
A8C6 : DEC A          : A=00 X=E7 Y=01 SP=?? N=0 V=1 D=0 I=0 Z=1 C=1 : FWA 00-74:936F6DA6:00:00 = +1.40605227E-04 : FWB 00-00:01848DA9:F4:?? = +1.74233359E-41
A8C7 : DEC A          : A=FF X=E7 Y=01 SP=?? N=1 V=1 D=0 I=0 Z=0 C=1 : FWA 00-74:936F6DA6:00:00 = +1.40605227E-04 : FWB 00-00:01848DA9:F4:?? = +1.74233359E-41
A8C8 : STA 47         : A=FF X=E7 Y=01 SP=?? N=1 V=1 D=0 I=0 Z=0 C=1 : FWA 00-74:936F6DA6:00:00 = +1.40605227E-04 : FWB 00-00:01848DA9:F4:?? = +1.74233359E-41
A8CA : TXA            : A=E7 X=E7 Y=01 SP=?? N=1 V=1 D=0 I=0 Z=0 C=1 : FWA 00-74:936F6DA6:00:00 = +1.40605227E-04 : FWB 00-00:01848DA9:F4:?? = +1.74233359E-41
A8CB : INY            : A=E7 X=E7 Y=02 SP=?? N=0 V=1 D=0 I=0 Z=0 C=1 : FWA 00-74:936F6DA6:00:00 = +1.40605227E-04 : FWB 00-00:01848DA9:F4:?? = +1.74233359E-41
A8CC : CLC            : A=E7 X=E7 Y=02 SP=?? N=0 V=1 D=0 I=0 Z=0 C=0 : FWA 00-74:936F6DA6:00:00 = +1.40605227E-04 : FWB 00-00:01848DA9:F4:?? = +1.74233359E-41
A8CD : ADC #F0        : A=D7 X=E7 Y=02 SP=?? N=1 V=0 D=0 I=0 Z=0 C=1 : FWA 00-74:936F6DA6:00:00 = +1.40605227E-04 : FWB 00-00:01848DA9:F4:?? = +1.74233359E-41
A8CF : ADC #0A        : A=E2 X=E7 Y=02 SP=?? N=1 V=0 D=0 I=0 Z=0 C=0 : FWA 00-74:936F6DA6:00:00 = +1.40605227E-04 : FWB 00-00:01848DA9:F4:?? = +1.74233359E-41
A8D1 : DEY            : A=E2 X=E7 Y=01 SP=?? N=0 V=0 D=0 I=0 Z=0 C=0 : FWA 00-74:936F6DA6:00:00 = +1.40605227E-04 : FWB 00-00:01848DA9:F4:?? = +1.74233359E-41
A8D2 : BPL A8CF       : A=E2 X=E7 Y=01 SP=?? N=0 V=0 D=0 I=0 Z=0 C=0 : FWA 00-74:936F6DA6:00:00 = +1.40605227E-04 : FWB 00-00:01848DA9:F4:?? = +1.74233359E-41
A8CF : ADC #0A        : A=EC X=E7 Y=01 SP=?? N=1 V=0 D=0 I=0 Z=0 C=0 : FWA 00-74:936F6DA6:00:00 = +1.40605227E-04 : FWB 00-00:01848DA9:F4:?? = +1.74233359E-41
A8D1 : DEY            : A=EC X=E7 Y=00 SP=?? N=0 V=0 D=0 I=0 Z=1 C=0 : FWA 00-74:936F6DA6:00:00 = +1.40605227E-04 : FWB 00-00:01848DA9:F4:?? = +1.74233359E-41
A8D2 : BPL A8CF       : A=EC X=E7 Y=00 SP=?? N=0 V=0 D=0 I=0 Z=1 C=0 : FWA 00-74:936F6DA6:00:00 = +1.40605227E-04 : FWB 00-00:01848DA9:F4:?? = +1.74233359E-41
A8CF : ADC #0A        : A=F6 X=E7 Y=00 SP=?? N=1 V=0 D=0 I=0 Z=0 C=0 : FWA 00-74:936F6DA6:00:00 = +1.40605227E-04 : FWB 00-00:01848DA9:F4:?? = +1.74233359E-41
A8D1 : DEY            : A=F6 X=E7 Y=FF SP=?? N=1 V=0 D=0 I=0 Z=0 C=0 : FWA 00-74:936F6DA6:00:00 = +1.40605227E-04 : FWB 00-00:01848DA9:F4:?? = +1.74233359E-41
A8D2 : BPL A8CF       : A=F6 X=E7 Y=FF SP=?? N=1 V=0 D=0 I=0 Z=0 C=0 : FWA 00-74:936F6DA6:00:00 = +1.40605227E-04 : FWB 00-00:01848DA9:F4:?? = +1.74233359E-41
A8D4 : STA 4C         : A=F6 X=E7 Y=FF SP=?? N=1 V=0 D=0 I=0 Z=0 C=0 : FWA 00-74:936F6DA6:00:00 = +1.40605227E-04 : FWB 00-00:01848DA9:F4:?? = +1.74233359E-41
A8D6 : LDA #BE        : A=BE X=E7 Y=FF SP=?? N=1 V=0 D=0 I=0 Z=0 C=0 : FWA 00-74:936F6DA6:00:00 = +1.40605227E-04 : FWB 00-00:01848DA9:F4:?? = +1.74233359E-41
A8D8 : JSR A631       : A=BE X=E7 Y=FF SP=?? N=1 V=0 D=0 I=0 Z=0 C=0 : FWA 00-74:936F6DA6:00:00 = +1.40605227E-04 : FWB 00-00:01848DA9:F4:?? = +1.74233359E-41
A631 : JSR A5B4       : A=BE X=E7 Y=FF SP=?? N=1 V=0 D=0 I=0 Z=0 C=0 : FWA 00-74:936F6DA6:00:00 = +1.40605227E-04 : FWB 00-00:01848DA9:F4:?? = +1.74233359E-41
A5B4 : LDY #BF        : A=BE X=E7 Y=BF SP=?? N=1 V=0 D=0 I=0 Z=0 C=0 : FWA 00-74:936F6DA6:00:00 = +1.40605227E-04 : FWB 00-00:01848DA9:F4:?? = +1.74233359E-41
A5B6 : STA 4A         : A=BE X=E7 Y=BF SP=?? N=1 V=0 D=0 I=0 Z=0 C=0 : FWA 00-74:936F6DA6:00:00 = +1.40605227E-04 : FWB 00-00:01848DA9:F4:?? = +1.74233359E-41
A5B8 : STY 4B         : A=BE X=E7 Y=BF SP=?? N=1 V=0 D=0 I=0 Z=0 C=0 : FWA 00-74:936F6DA6:00:00 = +1.40605227E-04 : FWB 00-00:01848DA9:F4:?? = +1.74233359E-41
A5BA : RTS            : A=BE X=E7 Y=BF SP=?? N=1 V=0 D=0 I=0 Z=0 C=0 : FWA 00-74:936F6DA6:00:00 = +1.40605227E-04 : FWB 00-00:01848DA9:F4:?? = +1.74233359E-41
A634 : LDA 31         : A=93 X=E7 Y=BF SP=?? N=1 V=0 D=0 I=0 Z=0 C=0 : FWA 00-74:936F6DA6:00:00 = +1.40605227E-04 : FWB 00-00:01848DA9:F4:?? = +1.74233359E-41
A636 : BEQ A62C       : A=93 X=E7 Y=BF SP=?? N=1 V=0 D=0 I=0 Z=0 C=0 : FWA 00-74:936F6DA6:00:00 = +1.40605227E-04 : FWB 00-00:01848DA9:F4:?? = +1.74233359E-41
A638 : JSR A514       : A=93 X=E7 Y=BF SP=?? N=1 V=0 D=0 I=0 Z=0 C=0 : FWA 00-74:936F6DA6:00:00 = +1.40605227E-04 : FWB 00-00:01848DA9:F4:?? = +1.74233359E-41
A514 : STZ 41         : A=93 X=E7 Y=BF SP=?? N=1 V=0 D=0 I=0 Z=0 C=0 : FWA 00-74:936F6DA6:00:00 = +1.40605227E-04 : FWB 00-00:01848DA9:00:?? = +1.74233353E-41
A516 : LDY #04        : A=93 X=E7 Y=04 SP=?? N=0 V=0 D=0 I=0 Z=0 C=0 : FWA 00-74:936F6DA6:00:00 = +1.40605227E-04 : FWB 00-00:01848DA9:00:?? = +1.74233353E-41
A518 : LDA (4A),Y     : A=00 X=E7 Y=04 SP=?? N=0 V=0 D=0 I=0 Z=1 C=0 : FWA 00-74:936F6DA6:00:00 = +1.40605227E-04 : FWB 00-00:01848DA9:00:?? = +1.74233353E-41
A51A : STA 40         : A=00 X=E7 Y=04 SP=?? N=0 V=0 D=0 I=0 Z=1 C=0 : FWA 00-74:936F6DA6:00:00 = +1.40605227E-04 : FWB 00-00:01848D00:00:?? = +1.74232196E-41
A51C : DEY            : A=00 X=E7 Y=03 SP=?? N=0 V=0 D=0 I=0 Z=0 C=0 : FWA 00-74:936F6DA6:00:00 = +1.40605227E-04 : FWB 00-00:01848D00:00:?? = +1.74232196E-41
A51D : LDA (4A),Y     : A=00 X=E7 Y=03 SP=?? N=0 V=0 D=0 I=0 Z=1 C=0 : FWA 00-74:936F6DA6:00:00 = +1.40605227E-04 : FWB 00-00:01848D00:00:?? = +1.74232196E-41
A51F : STA 3F         : A=00 X=E7 Y=03 SP=?? N=0 V=0 D=0 I=0 Z=1 C=0 : FWA 00-74:936F6DA6:00:00 = +1.40605227E-04 : FWB 00-00:01840000:00:?? = +1.73985217E-41
A521 : DEY            : A=00 X=E7 Y=02 SP=?? N=0 V=0 D=0 I=0 Z=0 C=0 : FWA 00-74:936F6DA6:00:00 = +1.40605227E-04 : FWB 00-00:01840000:00:?? = +1.73985217E-41
A522 : LDA (4A),Y     : A=00 X=E7 Y=02 SP=?? N=0 V=0 D=0 I=0 Z=1 C=0 : FWA 00-74:936F6DA6:00:00 = +1.40605227E-04 : FWB 00-00:01840000:00:?? = +1.73985217E-41
A524 : STA 3E         : A=00 X=E7 Y=02 SP=?? N=0 V=0 D=0 I=0 Z=1 C=0 : FWA 00-74:936F6DA6:00:00 = +1.40605227E-04 : FWB 00-00:01000000:00:?? = +1.14794370E-41
A526 : DEY            : A=00 X=E7 Y=01 SP=?? N=0 V=0 D=0 I=0 Z=0 C=0 : FWA 00-74:936F6DA6:00:00 = +1.40605227E-04 : FWB 00-00:01000000:00:?? = +1.14794370E-41
A527 : LDA (4A),Y     : A=40 X=E7 Y=01 SP=?? N=0 V=0 D=0 I=0 Z=0 C=0 : FWA 00-74:936F6DA6:00:00 = +1.40605227E-04 : FWB 00-00:01000000:00:?? = +1.14794370E-41
A529 : STA 3B         : A=40 X=E7 Y=01 SP=?? N=0 V=0 D=0 I=0 Z=0 C=0 : FWA 00-74:936F6DA6:00:00 = +1.40605227E-04 : FWB 40-00:01000000:00:?? = +1.14794370E-41
A52B : TAY            : A=40 X=E7 Y=40 SP=?? N=0 V=0 D=0 I=0 Z=0 C=0 : FWA 00-74:936F6DA6:00:00 = +1.40605227E-04 : FWB 40-00:01000000:00:?? = +1.14794370E-41
A52C : LDA (4A)       : A=82 X=E7 Y=40 SP=?? N=1 V=0 D=0 I=0 Z=0 C=0 : FWA 00-74:936F6DA6:00:00 = +1.40605227E-04 : FWB 40-00:01000000:00:?? = +1.14794370E-41
A52E : STA 3C         : A=82 X=E7 Y=40 SP=?? N=1 V=0 D=0 I=0 Z=0 C=0 : FWA 00-74:936F6DA6:00:00 = +1.40605227E-04 : FWB 40-82:01000000:00:?? = +1.56250000E-02
A530 : BNE A53B       : A=82 X=E7 Y=40 SP=?? N=1 V=0 D=0 I=0 Z=0 C=0 : FWA 00-74:936F6DA6:00:00 = +1.40605227E-04 : FWB 40-82:01000000:00:?? = +1.56250000E-02
A53B : TYA            : A=40 X=E7 Y=40 SP=?? N=0 V=0 D=0 I=0 Z=0 C=0 : FWA 00-74:936F6DA6:00:00 = +1.40605227E-04 : FWB 40-82:01000000:00:?? = +1.56250000E-02
A53C : ORA #80        : A=C0 X=E7 Y=40 SP=?? N=1 V=0 D=0 I=0 Z=0 C=0 : FWA 00-74:936F6DA6:00:00 = +1.40605227E-04 : FWB 40-82:01000000:00:?? = +1.56250000E-02
A53E : STA 3D         : A=C0 X=E7 Y=40 SP=?? N=1 V=0 D=0 I=0 Z=0 C=0 : FWA 00-74:936F6DA6:00:00 = +1.40605227E-04 : FWB 40-82:C0000000:00:?? = +3.00000000E+00
A540 : RTS            : A=C0 X=E7 Y=40 SP=?? N=1 V=0 D=0 I=0 Z=0 C=0 : FWA 00-74:936F6DA6:00:00 = +1.40605227E-04 : FWB 40-82:C0000000:00:?? = +3.00000000E+00
A63B : BNE A640       : A=C0 X=E7 Y=40 SP=?? N=1 V=0 D=0 I=0 Z=0 C=0 : FWA 00-74:936F6DA6:00:00 = +1.40605227E-04 : FWB 40-82:C0000000:00:?? = +3.00000000E+00
A640 : LDA 3B         : A=40 X=E7 Y=40 SP=?? N=0 V=0 D=0 I=0 Z=0 C=0 : FWA 00-74:936F6DA6:00:00 = +1.40605227E-04 : FWB 40-82:C0000000:00:?? = +3.00000000E+00
A642 : EOR 2E         : A=40 X=E7 Y=40 SP=?? N=0 V=0 D=0 I=0 Z=0 C=0 : FWA 00-74:936F6DA6:00:00 = +1.40605227E-04 : FWB 40-82:C0000000:00:?? = +3.00000000E+00
A644 : STA 2E         : A=40 X=E7 Y=40 SP=?? N=0 V=0 D=0 I=0 Z=0 C=0 : FWA 40-74:936F6DA6:00:00 = +1.40605227E-04 : FWB 40-82:C0000000:00:?? = +3.00000000E+00
A646 : SEC            : A=40 X=E7 Y=40 SP=?? N=0 V=0 D=0 I=0 Z=0 C=1 : FWA 40-74:936F6DA6:00:00 = +1.40605227E-04 : FWB 40-82:C0000000:00:?? = +3.00000000E+00
A647 : LDA 3C         : A=82 X=E7 Y=40 SP=?? N=1 V=0 D=0 I=0 Z=0 C=1 : FWA 40-74:936F6DA6:00:00 = +1.40605227E-04 : FWB 40-82:C0000000:00:?? = +3.00000000E+00
A649 : ADC #81        : A=04 X=E7 Y=40 SP=?? N=0 V=1 D=0 I=0 Z=0 C=1 : FWA 40-74:936F6DA6:00:00 = +1.40605227E-04 : FWB 40-82:C0000000:00:?? = +3.00000000E+00
A64B : ROL 2F         : A=04 X=E7 Y=40 SP=?? N=0 V=1 D=0 I=0 Z=0 C=0 : FWA 40-74:936F6DA6:00:01 = +1.40605227E-04 : FWB 40-82:C0000000:00:?? = +3.00000000E+00
A64D : SBC 30         : A=8F X=E7 Y=40 SP=?? N=1 V=0 D=0 I=0 Z=0 C=0 : FWA 40-74:936F6DA6:00:01 = +1.40605227E-04 : FWB 40-82:C0000000:00:?? = +3.00000000E+00
A64F : BCS A653       : A=8F X=E7 Y=40 SP=?? N=1 V=0 D=0 I=0 Z=0 C=0 : FWA 40-74:936F6DA6:00:01 = +1.40605227E-04 : FWB 40-82:C0000000:00:?? = +3.00000000E+00
A651 : DEC 2F         : A=8F X=E7 Y=40 SP=?? N=0 V=0 D=0 I=0 Z=1 C=0 : FWA 40-74:936F6DA6:00:00 = +1.40605227E-04 : FWB 40-82:C0000000:00:?? = +3.00000000E+00
A653 : STA 30         : A=8F X=E7 Y=40 SP=?? N=0 V=0 D=0 I=0 Z=1 C=0 : FWA 40-8F:936F6DA6:00:00 = +1.88717142E+04 : FWB 40-82:C0000000:00:?? = +3.00000000E+00
A655 : LDA 3D         : A=C0 X=E7 Y=40 SP=?? N=1 V=0 D=0 I=0 Z=0 C=0 : FWA 40-8F:936F6DA6:00:00 = +1.88717142E+04 : FWB 40-82:C0000000:00:?? = +3.00000000E+00
A657 : CLC            : A=C0 X=E7 Y=40 SP=?? N=1 V=0 D=0 I=0 Z=0 C=0 : FWA 40-8F:936F6DA6:00:00 = +1.88717142E+04 : FWB 40-82:C0000000:00:?? = +3.00000000E+00
A658 : LDY #04        : A=C0 X=E7 Y=04 SP=?? N=0 V=0 D=0 I=0 Z=0 C=0 : FWA 40-8F:936F6DA6:00:00 = +1.88717142E+04 : FWB 40-82:C0000000:00:?? = +3.00000000E+00
A65A : STY 3C         : A=C0 X=E7 Y=04 SP=?? N=0 V=0 D=0 I=0 Z=0 C=0 : FWA 40-8F:936F6DA6:00:00 = +1.88717142E+04 : FWB 40-04:C0000000:00:?? = +3.52648305E-38
A65C : LDX #08        : A=C0 X=08 Y=04 SP=?? N=0 V=0 D=0 I=0 Z=0 C=0 : FWA 40-8F:936F6DA6:00:00 = +1.88717142E+04 : FWB 40-04:C0000000:00:?? = +3.52648305E-38
A65E : BCS A676       : A=C0 X=08 Y=04 SP=?? N=0 V=0 D=0 I=0 Z=0 C=0 : FWA 40-8F:936F6DA6:00:00 = +1.88717142E+04 : FWB 40-04:C0000000:00:?? = +3.52648305E-38
A660 : CMP 31         : A=C0 X=08 Y=04 SP=?? N=0 V=0 D=0 I=0 Z=0 C=1 : FWA 40-8F:936F6DA6:00:00 = +1.88717142E+04 : FWB 40-04:C0000000:00:?? = +3.52648305E-38
A662 : BNE A674       : A=C0 X=08 Y=04 SP=?? N=0 V=0 D=0 I=0 Z=0 C=1 : FWA 40-8F:936F6DA6:00:00 = +1.88717142E+04 : FWB 40-04:C0000000:00:?? = +3.52648305E-38
A674 : BCC A68D       : A=C0 X=08 Y=04 SP=?? N=0 V=0 D=0 I=0 Z=0 C=1 : FWA 40-8F:936F6DA6:00:00 = +1.88717142E+04 : FWB 40-04:C0000000:00:?? = +3.52648305E-38
A676 : TAY            : A=C0 X=08 Y=C0 SP=?? N=1 V=0 D=0 I=0 Z=0 C=1 : FWA 40-8F:936F6DA6:00:00 = +1.88717142E+04 : FWB 40-04:C0000000:00:?? = +3.52648305E-38
A677 : LDA 40         : A=00 X=08 Y=C0 SP=?? N=0 V=0 D=0 I=0 Z=1 C=1 : FWA 40-8F:936F6DA6:00:00 = +1.88717142E+04 : FWB 40-04:C0000000:00:?? = +3.52648305E-38
A679 : SBC 34         : A=5A X=08 Y=C0 SP=?? N=0 V=0 D=0 I=0 Z=0 C=0 : FWA 40-8F:936F6DA6:00:00 = +1.88717142E+04 : FWB 40-04:C0000000:00:?? = +3.52648305E-38
A67B : STA 40         : A=5A X=08 Y=C0 SP=?? N=0 V=0 D=0 I=0 Z=0 C=0 : FWA 40-8F:936F6DA6:00:00 = +1.88717142E+04 : FWB 40-04:C000005A:00:?? = +3.52648315E-38
A67D : LDA 3F         : A=00 X=08 Y=C0 SP=?? N=0 V=0 D=0 I=0 Z=1 C=0 : FWA 40-8F:936F6DA6:00:00 = +1.88717142E+04 : FWB 40-04:C000005A:00:?? = +3.52648315E-38
A67F : SBC 33         : A=92 X=08 Y=C0 SP=?? N=1 V=0 D=0 I=0 Z=0 C=0 : FWA 40-8F:936F6DA6:00:00 = +1.88717142E+04 : FWB 40-04:C000005A:00:?? = +3.52648315E-38
A681 : STA 3F         : A=92 X=08 Y=C0 SP=?? N=1 V=0 D=0 I=0 Z=0 C=0 : FWA 40-8F:936F6DA6:00:00 = +1.88717142E+04 : FWB 40-04:C000925A:00:?? = +3.52652407E-38
A683 : LDA 3E         : A=00 X=08 Y=C0 SP=?? N=0 V=0 D=0 I=0 Z=1 C=0 : FWA 40-8F:936F6DA6:00:00 = +1.88717142E+04 : FWB 40-04:C000925A:00:?? = +3.52652407E-38
A685 : SBC 32         : A=90 X=08 Y=C0 SP=?? N=1 V=0 D=0 I=0 Z=0 C=0 : FWA 40-8F:936F6DA6:00:00 = +1.88717142E+04 : FWB 40-04:C000925A:00:?? = +3.52652407E-38
A687 : STA 3E         : A=90 X=08 Y=C0 SP=?? N=1 V=0 D=0 I=0 Z=0 C=0 : FWA 40-8F:936F6DA6:00:00 = +1.88717142E+04 : FWB 40-04:C090925A:00:?? = +3.53685556E-38
A689 : TYA            : A=C0 X=08 Y=C0 SP=?? N=1 V=0 D=0 I=0 Z=0 C=0 : FWA 40-8F:936F6DA6:00:00 = +1.88717142E+04 : FWB 40-04:C090925A:00:?? = +3.53685556E-38
A68A : SBC 31         : A=2C X=08 Y=C0 SP=?? N=0 V=0 D=0 I=0 Z=0 C=1 : FWA 40-8F:936F6DA6:00:00 = +1.88717142E+04 : FWB 40-04:C090925A:00:?? = +3.53685556E-38
A68C : SEC            : A=2C X=08 Y=C0 SP=?? N=0 V=0 D=0 I=0 Z=0 C=1 : FWA 40-8F:936F6DA6:00:00 = +1.88717142E+04 : FWB 40-04:C090925A:00:?? = +3.53685556E-38
A68D : ROL 3B         : A=2C X=08 Y=C0 SP=?? N=1 V=0 D=0 I=0 Z=0 C=0 : FWA 40-8F:936F6DA6:00:00 = +1.88717142E+04 : FWB 81-04:C090925A:00:?? = -3.53685556E-38
A68F : ASL 40         : A=2C X=08 Y=C0 SP=?? N=1 V=0 D=0 I=0 Z=0 C=0 : FWA 40-8F:936F6DA6:00:00 = +1.88717142E+04 : FWB 81-04:C09092B4:00:?? = -3.53685566E-38
A691 : ROL 3F         : A=2C X=08 Y=C0 SP=?? N=0 V=0 D=0 I=0 Z=0 C=1 : FWA 40-8F:936F6DA6:00:00 = +1.88717142E+04 : FWB 81-04:C09024B4:00:?? = -3.53682483E-38
A693 : ROL 3E         : A=2C X=08 Y=C0 SP=?? N=0 V=0 D=0 I=0 Z=0 C=1 : FWA 40-8F:936F6DA6:00:00 = +1.88717142E+04 : FWB 81-04:C02124B4:00:?? = -3.52886097E-38
A695 : ROL A          : A=59 X=08 Y=C0 SP=?? N=0 V=0 D=0 I=0 Z=0 C=0 : FWA 40-8F:936F6DA6:00:00 = +1.88717142E+04 : FWB 81-04:C02124B4:00:?? = -3.52886097E-38
A696 : DEX            : A=59 X=07 Y=C0 SP=?? N=0 V=0 D=0 I=0 Z=0 C=0 : FWA 40-8F:936F6DA6:00:00 = +1.88717142E+04 : FWB 81-04:C02124B4:00:?? = -3.52886097E-38
A697 : BNE A65E       : A=59 X=07 Y=C0 SP=?? N=0 V=0 D=0 I=0 Z=0 C=0 : FWA 40-8F:936F6DA6:00:00 = +1.88717142E+04 : FWB 81-04:C02124B4:00:?? = -3.52886097E-38
A65E : BCS A676       : A=59 X=07 Y=C0 SP=?? N=0 V=0 D=0 I=0 Z=0 C=0 : FWA 40-8F:936F6DA6:00:00 = +1.88717142E+04 : FWB 81-04:C02124B4:00:?? = -3.52886097E-38
A660 : CMP 31         : A=59 X=07 Y=C0 SP=?? N=1 V=0 D=0 I=0 Z=0 C=0 : FWA 40-8F:936F6DA6:00:00 = +1.88717142E+04 : FWB 81-04:C02124B4:00:?? = -3.52886097E-38
A662 : BNE A674       : A=59 X=07 Y=C0 SP=?? N=1 V=0 D=0 I=0 Z=0 C=0 : FWA 40-8F:936F6DA6:00:00 = +1.88717142E+04 : FWB 81-04:C02124B4:00:?? = -3.52886097E-38
A674 : BCC A68D       : A=59 X=07 Y=C0 SP=?? N=1 V=0 D=0 I=0 Z=0 C=0 : FWA 40-8F:936F6DA6:00:00 = +1.88717142E+04 : FWB 81-04:C02124B4:00:?? = -3.52886097E-38
A68D : ROL 3B         : A=59 X=07 Y=C0 SP=?? N=0 V=0 D=0 I=0 Z=0 C=1 : FWA 40-8F:936F6DA6:00:00 = +1.88717142E+04 : FWB 02-04:C02124B4:00:?? = +3.52886097E-38
A68F : ASL 40         : A=59 X=07 Y=C0 SP=?? N=0 V=0 D=0 I=0 Z=0 C=1 : FWA 40-8F:936F6DA6:00:00 = +1.88717142E+04 : FWB 02-04:C0212468:00:?? = +3.52886089E-38
A691 : ROL 3F         : A=59 X=07 Y=C0 SP=?? N=0 V=0 D=0 I=0 Z=0 C=0 : FWA 40-8F:936F6DA6:00:00 = +1.88717142E+04 : FWB 02-04:C0214968:00:?? = +3.52887126E-38
A693 : ROL 3E         : A=59 X=07 Y=C0 SP=?? N=0 V=0 D=0 I=0 Z=0 C=0 : FWA 40-8F:936F6DA6:00:00 = +1.88717142E+04 : FWB 02-04:C0424968:00:?? = +3.53123889E-38
A695 : ROL A          : A=B2 X=07 Y=C0 SP=?? N=1 V=0 D=0 I=0 Z=0 C=0 : FWA 40-8F:936F6DA6:00:00 = +1.88717142E+04 : FWB 02-04:C0424968:00:?? = +3.53123889E-38
A696 : DEX            : A=B2 X=06 Y=C0 SP=?? N=0 V=0 D=0 I=0 Z=0 C=0 : FWA 40-8F:936F6DA6:00:00 = +1.88717142E+04 : FWB 02-04:C0424968:00:?? = +3.53123889E-38
A697 : BNE A65E       : A=B2 X=06 Y=C0 SP=?? N=0 V=0 D=0 I=0 Z=0 C=0 : FWA 40-8F:936F6DA6:00:00 = +1.88717142E+04 : FWB 02-04:C0424968:00:?? = +3.53123889E-38
A65E : BCS A676       : A=B2 X=06 Y=C0 SP=?? N=0 V=0 D=0 I=0 Z=0 C=0 : FWA 40-8F:936F6DA6:00:00 = +1.88717142E+04 : FWB 02-04:C0424968:00:?? = +3.53123889E-38
A660 : CMP 31         : A=B2 X=06 Y=C0 SP=?? N=0 V=0 D=0 I=0 Z=0 C=1 : FWA 40-8F:936F6DA6:00:00 = +1.88717142E+04 : FWB 02-04:C0424968:00:?? = +3.53123889E-38
A662 : BNE A674       : A=B2 X=06 Y=C0 SP=?? N=0 V=0 D=0 I=0 Z=0 C=1 : FWA 40-8F:936F6DA6:00:00 = +1.88717142E+04 : FWB 02-04:C0424968:00:?? = +3.53123889E-38
A674 : BCC A68D       : A=B2 X=06 Y=C0 SP=?? N=0 V=0 D=0 I=0 Z=0 C=1 : FWA 40-8F:936F6DA6:00:00 = +1.88717142E+04 : FWB 02-04:C0424968:00:?? = +3.53123889E-38
A676 : TAY            : A=B2 X=06 Y=B2 SP=?? N=1 V=0 D=0 I=0 Z=0 C=1 : FWA 40-8F:936F6DA6:00:00 = +1.88717142E+04 : FWB 02-04:C0424968:00:?? = +3.53123889E-38
A677 : LDA 40         : A=68 X=06 Y=B2 SP=?? N=0 V=0 D=0 I=0 Z=0 C=1 : FWA 40-8F:936F6DA6:00:00 = +1.88717142E+04 : FWB 02-04:C0424968:00:?? = +3.53123889E-38
A679 : SBC 34         : A=C2 X=06 Y=B2 SP=?? N=1 V=1 D=0 I=0 Z=0 C=0 : FWA 40-8F:936F6DA6:00:00 = +1.88717142E+04 : FWB 02-04:C0424968:00:?? = +3.53123889E-38
A67B : STA 40         : A=C2 X=06 Y=B2 SP=?? N=1 V=1 D=0 I=0 Z=0 C=0 : FWA 40-8F:936F6DA6:00:00 = +1.88717142E+04 : FWB 02-04:C04249C2:00:?? = +3.53123899E-38
A67D : LDA 3F         : A=49 X=06 Y=B2 SP=?? N=0 V=1 D=0 I=0 Z=0 C=0 : FWA 40-8F:936F6DA6:00:00 = +1.88717142E+04 : FWB 02-04:C04249C2:00:?? = +3.53123899E-38
A67F : SBC 33         : A=DB X=06 Y=B2 SP=?? N=1 V=0 D=0 I=0 Z=0 C=0 : FWA 40-8F:936F6DA6:00:00 = +1.88717142E+04 : FWB 02-04:C04249C2:00:?? = +3.53123899E-38
A681 : STA 3F         : A=DB X=06 Y=B2 SP=?? N=1 V=0 D=0 I=0 Z=0 C=0 : FWA 40-8F:936F6DA6:00:00 = +1.88717142E+04 : FWB 02-04:C042DBC2:00:?? = +3.53127991E-38
A683 : LDA 3E         : A=42 X=06 Y=B2 SP=?? N=0 V=0 D=0 I=0 Z=0 C=0 : FWA 40-8F:936F6DA6:00:00 = +1.88717142E+04 : FWB 02-04:C042DBC2:00:?? = +3.53127991E-38
A685 : SBC 32         : A=D2 X=06 Y=B2 SP=?? N=1 V=0 D=0 I=0 Z=0 C=0 : FWA 40-8F:936F6DA6:00:00 = +1.88717142E+04 : FWB 02-04:C042DBC2:00:?? = +3.53127991E-38
A687 : STA 3E         : A=D2 X=06 Y=B2 SP=?? N=1 V=0 D=0 I=0 Z=0 C=0 : FWA 40-8F:936F6DA6:00:00 = +1.88717142E+04 : FWB 02-04:C0D2DBC2:00:?? = +3.54161140E-38
A689 : TYA            : A=B2 X=06 Y=B2 SP=?? N=1 V=0 D=0 I=0 Z=0 C=0 : FWA 40-8F:936F6DA6:00:00 = +1.88717142E+04 : FWB 02-04:C0D2DBC2:00:?? = +3.54161140E-38
A68A : SBC 31         : A=1E X=06 Y=B2 SP=?? N=0 V=0 D=0 I=0 Z=0 C=1 : FWA 40-8F:936F6DA6:00:00 = +1.88717142E+04 : FWB 02-04:C0D2DBC2:00:?? = +3.54161140E-38
A68C : SEC            : A=1E X=06 Y=B2 SP=?? N=0 V=0 D=0 I=0 Z=0 C=1 : FWA 40-8F:936F6DA6:00:00 = +1.88717142E+04 : FWB 02-04:C0D2DBC2:00:?? = +3.54161140E-38
A68D : ROL 3B         : A=1E X=06 Y=B2 SP=?? N=0 V=0 D=0 I=0 Z=0 C=0 : FWA 40-8F:936F6DA6:00:00 = +1.88717142E+04 : FWB 05-04:C0D2DBC2:00:?? = +3.54161140E-38
A68F : ASL 40         : A=1E X=06 Y=B2 SP=?? N=1 V=0 D=0 I=0 Z=0 C=1 : FWA 40-8F:936F6DA6:00:00 = +1.88717142E+04 : FWB 05-04:C0D2DB84:00:?? = +3.54161133E-38
A691 : ROL 3F         : A=1E X=06 Y=B2 SP=?? N=1 V=0 D=0 I=0 Z=0 C=1 : FWA 40-8F:936F6DA6:00:00 = +1.88717142E+04 : FWB 05-04:C0D2B784:00:?? = +3.54160125E-38
A693 : ROL 3E         : A=1E X=06 Y=B2 SP=?? N=1 V=0 D=0 I=0 Z=0 C=1 : FWA 40-8F:936F6DA6:00:00 = +1.88717142E+04 : FWB 05-04:C0A5B784:00:?? = +3.53837265E-38
A695 : ROL A          : A=3D X=06 Y=B2 SP=?? N=0 V=0 D=0 I=0 Z=0 C=0 : FWA 40-8F:936F6DA6:00:00 = +1.88717142E+04 : FWB 05-04:C0A5B784:00:?? = +3.53837265E-38
A696 : DEX            : A=3D X=05 Y=B2 SP=?? N=0 V=0 D=0 I=0 Z=0 C=0 : FWA 40-8F:936F6DA6:00:00 = +1.88717142E+04 : FWB 05-04:C0A5B784:00:?? = +3.53837265E-38
A697 : BNE A65E       : A=3D X=05 Y=B2 SP=?? N=0 V=0 D=0 I=0 Z=0 C=0 : FWA 40-8F:936F6DA6:00:00 = +1.88717142E+04 : FWB 05-04:C0A5B784:00:?? = +3.53837265E-38
A65E : BCS A676       : A=3D X=05 Y=B2 SP=?? N=0 V=0 D=0 I=0 Z=0 C=0 : FWA 40-8F:936F6DA6:00:00 = +1.88717142E+04 : FWB 05-04:C0A5B784:00:?? = +3.53837265E-38
A660 : CMP 31         : A=3D X=05 Y=B2 SP=?? N=1 V=0 D=0 I=0 Z=0 C=0 : FWA 40-8F:936F6DA6:00:00 = +1.88717142E+04 : FWB 05-04:C0A5B784:00:?? = +3.53837265E-38
A662 : BNE A674       : A=3D X=05 Y=B2 SP=?? N=1 V=0 D=0 I=0 Z=0 C=0 : FWA 40-8F:936F6DA6:00:00 = +1.88717142E+04 : FWB 05-04:C0A5B784:00:?? = +3.53837265E-38
A674 : BCC A68D       : A=3D X=05 Y=B2 SP=?? N=1 V=0 D=0 I=0 Z=0 C=0 : FWA 40-8F:936F6DA6:00:00 = +1.88717142E+04 : FWB 05-04:C0A5B784:00:?? = +3.53837265E-38
A68D : ROL 3B         : A=3D X=05 Y=B2 SP=?? N=0 V=0 D=0 I=0 Z=0 C=0 : FWA 40-8F:936F6DA6:00:00 = +1.88717142E+04 : FWB 0A-04:C0A5B784:00:?? = +3.53837265E-38
A68F : ASL 40         : A=3D X=05 Y=B2 SP=?? N=0 V=0 D=0 I=0 Z=0 C=1 : FWA 40-8F:936F6DA6:00:00 = +1.88717142E+04 : FWB 0A-04:C0A5B708:00:?? = +3.53837252E-38
A691 : ROL 3F         : A=3D X=05 Y=B2 SP=?? N=0 V=0 D=0 I=0 Z=0 C=1 : FWA 40-8F:936F6DA6:00:00 = +1.88717142E+04 : FWB 0A-04:C0A56F08:00:?? = +3.53835234E-38
A693 : ROL 3E         : A=3D X=05 Y=B2 SP=?? N=0 V=0 D=0 I=0 Z=0 C=1 : FWA 40-8F:936F6DA6:00:00 = +1.88717142E+04 : FWB 0A-04:C04B6F08:00:?? = +3.53189516E-38
A695 : ROL A          : A=7B X=05 Y=B2 SP=?? N=0 V=0 D=0 I=0 Z=0 C=0 : FWA 40-8F:936F6DA6:00:00 = +1.88717142E+04 : FWB 0A-04:C04B6F08:00:?? = +3.53189516E-38
A696 : DEX            : A=7B X=04 Y=B2 SP=?? N=0 V=0 D=0 I=0 Z=0 C=0 : FWA 40-8F:936F6DA6:00:00 = +1.88717142E+04 : FWB 0A-04:C04B6F08:00:?? = +3.53189516E-38
A697 : BNE A65E       : A=7B X=04 Y=B2 SP=?? N=0 V=0 D=0 I=0 Z=0 C=0 : FWA 40-8F:936F6DA6:00:00 = +1.88717142E+04 : FWB 0A-04:C04B6F08:00:?? = +3.53189516E-38
A65E : BCS A676       : A=7B X=04 Y=B2 SP=?? N=0 V=0 D=0 I=0 Z=0 C=0 : FWA 40-8F:936F6DA6:00:00 = +1.88717142E+04 : FWB 0A-04:C04B6F08:00:?? = +3.53189516E-38
A660 : CMP 31         : A=7B X=04 Y=B2 SP=?? N=1 V=0 D=0 I=0 Z=0 C=0 : FWA 40-8F:936F6DA6:00:00 = +1.88717142E+04 : FWB 0A-04:C04B6F08:00:?? = +3.53189516E-38
A662 : BNE A674       : A=7B X=04 Y=B2 SP=?? N=1 V=0 D=0 I=0 Z=0 C=0 : FWA 40-8F:936F6DA6:00:00 = +1.88717142E+04 : FWB 0A-04:C04B6F08:00:?? = +3.53189516E-38
A674 : BCC A68D       : A=7B X=04 Y=B2 SP=?? N=1 V=0 D=0 I=0 Z=0 C=0 : FWA 40-8F:936F6DA6:00:00 = +1.88717142E+04 : FWB 0A-04:C04B6F08:00:?? = +3.53189516E-38
A68D : ROL 3B         : A=7B X=04 Y=B2 SP=?? N=0 V=0 D=0 I=0 Z=0 C=0 : FWA 40-8F:936F6DA6:00:00 = +1.88717142E+04 : FWB 14-04:C04B6F08:00:?? = +3.53189516E-38
A68F : ASL 40         : A=7B X=04 Y=B2 SP=?? N=0 V=0 D=0 I=0 Z=0 C=0 : FWA 40-8F:936F6DA6:00:00 = +1.88717142E+04 : FWB 14-04:C04B6F10:00:?? = +3.53189516E-38
A691 : ROL 3F         : A=7B X=04 Y=B2 SP=?? N=1 V=0 D=0 I=0 Z=0 C=0 : FWA 40-8F:936F6DA6:00:00 = +1.88717142E+04 : FWB 14-04:C04BDE10:00:?? = +3.53192627E-38
A693 : ROL 3E         : A=7B X=04 Y=B2 SP=?? N=1 V=0 D=0 I=0 Z=0 C=0 : FWA 40-8F:936F6DA6:00:00 = +1.88717142E+04 : FWB 14-04:C096DE10:00:?? = +3.53730726E-38
A695 : ROL A          : A=F6 X=04 Y=B2 SP=?? N=1 V=0 D=0 I=0 Z=0 C=0 : FWA 40-8F:936F6DA6:00:00 = +1.88717142E+04 : FWB 14-04:C096DE10:00:?? = +3.53730726E-38
A696 : DEX            : A=F6 X=03 Y=B2 SP=?? N=0 V=0 D=0 I=0 Z=0 C=0 : FWA 40-8F:936F6DA6:00:00 = +1.88717142E+04 : FWB 14-04:C096DE10:00:?? = +3.53730726E-38
A697 : BNE A65E       : A=F6 X=03 Y=B2 SP=?? N=0 V=0 D=0 I=0 Z=0 C=0 : FWA 40-8F:936F6DA6:00:00 = +1.88717142E+04 : FWB 14-04:C096DE10:00:?? = +3.53730726E-38
A65E : BCS A676       : A=F6 X=03 Y=B2 SP=?? N=0 V=0 D=0 I=0 Z=0 C=0 : FWA 40-8F:936F6DA6:00:00 = +1.88717142E+04 : FWB 14-04:C096DE10:00:?? = +3.53730726E-38
A660 : CMP 31         : A=F6 X=03 Y=B2 SP=?? N=0 V=0 D=0 I=0 Z=0 C=1 : FWA 40-8F:936F6DA6:00:00 = +1.88717142E+04 : FWB 14-04:C096DE10:00:?? = +3.53730726E-38
A662 : BNE A674       : A=F6 X=03 Y=B2 SP=?? N=0 V=0 D=0 I=0 Z=0 C=1 : FWA 40-8F:936F6DA6:00:00 = +1.88717142E+04 : FWB 14-04:C096DE10:00:?? = +3.53730726E-38
A674 : BCC A68D       : A=F6 X=03 Y=B2 SP=?? N=0 V=0 D=0 I=0 Z=0 C=1 : FWA 40-8F:936F6DA6:00:00 = +1.88717142E+04 : FWB 14-04:C096DE10:00:?? = +3.53730726E-38
A676 : TAY            : A=F6 X=03 Y=F6 SP=?? N=1 V=0 D=0 I=0 Z=0 C=1 : FWA 40-8F:936F6DA6:00:00 = +1.88717142E+04 : FWB 14-04:C096DE10:00:?? = +3.53730726E-38
A677 : LDA 40         : A=10 X=03 Y=F6 SP=?? N=0 V=0 D=0 I=0 Z=0 C=1 : FWA 40-8F:936F6DA6:00:00 = +1.88717142E+04 : FWB 14-04:C096DE10:00:?? = +3.53730726E-38
A679 : SBC 34         : A=6A X=03 Y=F6 SP=?? N=0 V=0 D=0 I=0 Z=0 C=0 : FWA 40-8F:936F6DA6:00:00 = +1.88717142E+04 : FWB 14-04:C096DE10:00:?? = +3.53730726E-38
A67B : STA 40         : A=6A X=03 Y=F6 SP=?? N=0 V=0 D=0 I=0 Z=0 C=0 : FWA 40-8F:936F6DA6:00:00 = +1.88717142E+04 : FWB 14-04:C096DE6A:00:?? = +3.53730736E-38
A67D : LDA 3F         : A=DE X=03 Y=F6 SP=?? N=1 V=0 D=0 I=0 Z=0 C=0 : FWA 40-8F:936F6DA6:00:00 = +1.88717142E+04 : FWB 14-04:C096DE6A:00:?? = +3.53730736E-38
A67F : SBC 33         : A=70 X=03 Y=F6 SP=?? N=0 V=1 D=0 I=0 Z=0 C=1 : FWA 40-8F:936F6DA6:00:00 = +1.88717142E+04 : FWB 14-04:C096DE6A:00:?? = +3.53730736E-38
A681 : STA 3F         : A=70 X=03 Y=F6 SP=?? N=0 V=1 D=0 I=0 Z=0 C=1 : FWA 40-8F:936F6DA6:00:00 = +1.88717142E+04 : FWB 14-04:C096706A:00:?? = +3.53727653E-38
A683 : LDA 3E         : A=96 X=03 Y=F6 SP=?? N=1 V=1 D=0 I=0 Z=0 C=1 : FWA 40-8F:936F6DA6:00:00 = +1.88717142E+04 : FWB 14-04:C096706A:00:?? = +3.53727653E-38
A685 : SBC 32         : A=27 X=03 Y=F6 SP=?? N=0 V=1 D=0 I=0 Z=0 C=1 : FWA 40-8F:936F6DA6:00:00 = +1.88717142E+04 : FWB 14-04:C096706A:00:?? = +3.53727653E-38
A687 : STA 3E         : A=27 X=03 Y=F6 SP=?? N=0 V=1 D=0 I=0 Z=0 C=1 : FWA 40-8F:936F6DA6:00:00 = +1.88717142E+04 : FWB 14-04:C027706A:00:?? = +3.52931267E-38
A689 : TYA            : A=F6 X=03 Y=F6 SP=?? N=1 V=1 D=0 I=0 Z=0 C=1 : FWA 40-8F:936F6DA6:00:00 = +1.88717142E+04 : FWB 14-04:C027706A:00:?? = +3.52931267E-38
A68A : SBC 31         : A=63 X=03 Y=F6 SP=?? N=0 V=0 D=0 I=0 Z=0 C=1 : FWA 40-8F:936F6DA6:00:00 = +1.88717142E+04 : FWB 14-04:C027706A:00:?? = +3.52931267E-38
A68C : SEC            : A=63 X=03 Y=F6 SP=?? N=0 V=0 D=0 I=0 Z=0 C=1 : FWA 40-8F:936F6DA6:00:00 = +1.88717142E+04 : FWB 14-04:C027706A:00:?? = +3.52931267E-38
A68D : ROL 3B         : A=63 X=03 Y=F6 SP=?? N=0 V=0 D=0 I=0 Z=0 C=0 : FWA 40-8F:936F6DA6:00:00 = +1.88717142E+04 : FWB 29-04:C027706A:00:?? = +3.52931267E-38
A68F : ASL 40         : A=63 X=03 Y=F6 SP=?? N=1 V=0 D=0 I=0 Z=0 C=0 : FWA 40-8F:936F6DA6:00:00 = +1.88717142E+04 : FWB 29-04:C02770D4:00:?? = +3.52931279E-38
A691 : ROL 3F         : A=63 X=03 Y=F6 SP=?? N=1 V=0 D=0 I=0 Z=0 C=0 : FWA 40-8F:936F6DA6:00:00 = +1.88717142E+04 : FWB 29-04:C027E0D4:00:?? = +3.52934418E-38
A693 : ROL 3E         : A=63 X=03 Y=F6 SP=?? N=0 V=0 D=0 I=0 Z=0 C=0 : FWA 40-8F:936F6DA6:00:00 = +1.88717142E+04 : FWB 29-04:C04EE0D4:00:?? = +3.53214229E-38
A695 : ROL A          : A=C6 X=03 Y=F6 SP=?? N=1 V=0 D=0 I=0 Z=0 C=0 : FWA 40-8F:936F6DA6:00:00 = +1.88717142E+04 : FWB 29-04:C04EE0D4:00:?? = +3.53214229E-38
A696 : DEX            : A=C6 X=02 Y=F6 SP=?? N=0 V=0 D=0 I=0 Z=0 C=0 : FWA 40-8F:936F6DA6:00:00 = +1.88717142E+04 : FWB 29-04:C04EE0D4:00:?? = +3.53214229E-38
A697 : BNE A65E       : A=C6 X=02 Y=F6 SP=?? N=0 V=0 D=0 I=0 Z=0 C=0 : FWA 40-8F:936F6DA6:00:00 = +1.88717142E+04 : FWB 29-04:C04EE0D4:00:?? = +3.53214229E-38
A65E : BCS A676       : A=C6 X=02 Y=F6 SP=?? N=0 V=0 D=0 I=0 Z=0 C=0 : FWA 40-8F:936F6DA6:00:00 = +1.88717142E+04 : FWB 29-04:C04EE0D4:00:?? = +3.53214229E-38
A660 : CMP 31         : A=C6 X=02 Y=F6 SP=?? N=0 V=0 D=0 I=0 Z=0 C=1 : FWA 40-8F:936F6DA6:00:00 = +1.88717142E+04 : FWB 29-04:C04EE0D4:00:?? = +3.53214229E-38
A662 : BNE A674       : A=C6 X=02 Y=F6 SP=?? N=0 V=0 D=0 I=0 Z=0 C=1 : FWA 40-8F:936F6DA6:00:00 = +1.88717142E+04 : FWB 29-04:C04EE0D4:00:?? = +3.53214229E-38
A674 : BCC A68D       : A=C6 X=02 Y=F6 SP=?? N=0 V=0 D=0 I=0 Z=0 C=1 : FWA 40-8F:936F6DA6:00:00 = +1.88717142E+04 : FWB 29-04:C04EE0D4:00:?? = +3.53214229E-38
A676 : TAY            : A=C6 X=02 Y=C6 SP=?? N=1 V=0 D=0 I=0 Z=0 C=1 : FWA 40-8F:936F6DA6:00:00 = +1.88717142E+04 : FWB 29-04:C04EE0D4:00:?? = +3.53214229E-38
A677 : LDA 40         : A=D4 X=02 Y=C6 SP=?? N=1 V=0 D=0 I=0 Z=0 C=1 : FWA 40-8F:936F6DA6:00:00 = +1.88717142E+04 : FWB 29-04:C04EE0D4:00:?? = +3.53214229E-38
A679 : SBC 34         : A=2E X=02 Y=C6 SP=?? N=0 V=0 D=0 I=0 Z=0 C=1 : FWA 40-8F:936F6DA6:00:00 = +1.88717142E+04 : FWB 29-04:C04EE0D4:00:?? = +3.53214229E-38
A67B : STA 40         : A=2E X=02 Y=C6 SP=?? N=0 V=0 D=0 I=0 Z=0 C=1 : FWA 40-8F:936F6DA6:00:00 = +1.88717142E+04 : FWB 29-04:C04EE02E:00:?? = +3.53214211E-38
A67D : LDA 3F         : A=E0 X=02 Y=C6 SP=?? N=1 V=0 D=0 I=0 Z=0 C=1 : FWA 40-8F:936F6DA6:00:00 = +1.88717142E+04 : FWB 29-04:C04EE02E:00:?? = +3.53214211E-38
A67F : SBC 33         : A=73 X=02 Y=C6 SP=?? N=0 V=1 D=0 I=0 Z=0 C=1 : FWA 40-8F:936F6DA6:00:00 = +1.88717142E+04 : FWB 29-04:C04EE02E:00:?? = +3.53214211E-38
A681 : STA 3F         : A=73 X=02 Y=C6 SP=?? N=0 V=1 D=0 I=0 Z=0 C=1 : FWA 40-8F:936F6DA6:00:00 = +1.88717142E+04 : FWB 29-04:C04E732E:00:?? = +3.53211156E-38
A683 : LDA 3E         : A=4E X=02 Y=C6 SP=?? N=0 V=1 D=0 I=0 Z=0 C=1 : FWA 40-8F:936F6DA6:00:00 = +1.88717142E+04 : FWB 29-04:C04E732E:00:?? = +3.53211156E-38
A685 : SBC 32         : A=DF X=02 Y=C6 SP=?? N=1 V=0 D=0 I=0 Z=0 C=0 : FWA 40-8F:936F6DA6:00:00 = +1.88717142E+04 : FWB 29-04:C04E732E:00:?? = +3.53211156E-38
A687 : STA 3E         : A=DF X=02 Y=C6 SP=?? N=1 V=0 D=0 I=0 Z=0 C=0 : FWA 40-8F:936F6DA6:00:00 = +1.88717142E+04 : FWB 29-04:C0DF732E:00:?? = +3.54251480E-38
A689 : TYA            : A=C6 X=02 Y=C6 SP=?? N=1 V=0 D=0 I=0 Z=0 C=0 : FWA 40-8F:936F6DA6:00:00 = +1.88717142E+04 : FWB 29-04:C0DF732E:00:?? = +3.54251480E-38
A68A : SBC 31         : A=32 X=02 Y=C6 SP=?? N=0 V=0 D=0 I=0 Z=0 C=1 : FWA 40-8F:936F6DA6:00:00 = +1.88717142E+04 : FWB 29-04:C0DF732E:00:?? = +3.54251480E-38
A68C : SEC            : A=32 X=02 Y=C6 SP=?? N=0 V=0 D=0 I=0 Z=0 C=1 : FWA 40-8F:936F6DA6:00:00 = +1.88717142E+04 : FWB 29-04:C0DF732E:00:?? = +3.54251480E-38
A68D : ROL 3B         : A=32 X=02 Y=C6 SP=?? N=0 V=0 D=0 I=0 Z=0 C=0 : FWA 40-8F:936F6DA6:00:00 = +1.88717142E+04 : FWB 53-04:C0DF732E:00:?? = +3.54251480E-38
A68F : ASL 40         : A=32 X=02 Y=C6 SP=?? N=0 V=0 D=0 I=0 Z=0 C=0 : FWA 40-8F:936F6DA6:00:00 = +1.88717142E+04 : FWB 53-04:C0DF735C:00:?? = +3.54251485E-38
A691 : ROL 3F         : A=32 X=02 Y=C6 SP=?? N=1 V=0 D=0 I=0 Z=0 C=0 : FWA 40-8F:936F6DA6:00:00 = +1.88717142E+04 : FWB 53-04:C0DFE65C:00:?? = +3.54254708E-38
A693 : ROL 3E         : A=32 X=02 Y=C6 SP=?? N=1 V=0 D=0 I=0 Z=0 C=1 : FWA 40-8F:936F6DA6:00:00 = +1.88717142E+04 : FWB 53-04:C0BEE65C:00:?? = +3.54017944E-38
A695 : ROL A          : A=65 X=02 Y=C6 SP=?? N=0 V=0 D=0 I=0 Z=0 C=0 : FWA 40-8F:936F6DA6:00:00 = +1.88717142E+04 : FWB 53-04:C0BEE65C:00:?? = +3.54017944E-38
A696 : DEX            : A=65 X=01 Y=C6 SP=?? N=0 V=0 D=0 I=0 Z=0 C=0 : FWA 40-8F:936F6DA6:00:00 = +1.88717142E+04 : FWB 53-04:C0BEE65C:00:?? = +3.54017944E-38
A697 : BNE A65E       : A=65 X=01 Y=C6 SP=?? N=0 V=0 D=0 I=0 Z=0 C=0 : FWA 40-8F:936F6DA6:00:00 = +1.88717142E+04 : FWB 53-04:C0BEE65C:00:?? = +3.54017944E-38
A65E : BCS A676       : A=65 X=01 Y=C6 SP=?? N=0 V=0 D=0 I=0 Z=0 C=0 : FWA 40-8F:936F6DA6:00:00 = +1.88717142E+04 : FWB 53-04:C0BEE65C:00:?? = +3.54017944E-38
A660 : CMP 31         : A=65 X=01 Y=C6 SP=?? N=1 V=0 D=0 I=0 Z=0 C=0 : FWA 40-8F:936F6DA6:00:00 = +1.88717142E+04 : FWB 53-04:C0BEE65C:00:?? = +3.54017944E-38
A662 : BNE A674       : A=65 X=01 Y=C6 SP=?? N=1 V=0 D=0 I=0 Z=0 C=0 : FWA 40-8F:936F6DA6:00:00 = +1.88717142E+04 : FWB 53-04:C0BEE65C:00:?? = +3.54017944E-38
A674 : BCC A68D       : A=65 X=01 Y=C6 SP=?? N=1 V=0 D=0 I=0 Z=0 C=0 : FWA 40-8F:936F6DA6:00:00 = +1.88717142E+04 : FWB 53-04:C0BEE65C:00:?? = +3.54017944E-38
A68D : ROL 3B         : A=65 X=01 Y=C6 SP=?? N=1 V=0 D=0 I=0 Z=0 C=0 : FWA 40-8F:936F6DA6:00:00 = +1.88717142E+04 : FWB A6-04:C0BEE65C:00:?? = -3.54017944E-38
A68F : ASL 40         : A=65 X=01 Y=C6 SP=?? N=1 V=0 D=0 I=0 Z=0 C=0 : FWA 40-8F:936F6DA6:00:00 = +1.88717142E+04 : FWB A6-04:C0BEE6B8:00:?? = -3.54017955E-38
A691 : ROL 3F         : A=65 X=01 Y=C6 SP=?? N=1 V=0 D=0 I=0 Z=0 C=1 : FWA 40-8F:936F6DA6:00:00 = +1.88717142E+04 : FWB A6-04:C0BECCB8:00:?? = -3.54017226E-38
A693 : ROL 3E         : A=65 X=01 Y=C6 SP=?? N=0 V=0 D=0 I=0 Z=0 C=1 : FWA 40-8F:936F6DA6:00:00 = +1.88717142E+04 : FWB A6-04:C07DCCB8:00:?? = -3.53550874E-38
A695 : ROL A          : A=CB X=01 Y=C6 SP=?? N=1 V=0 D=0 I=0 Z=0 C=0 : FWA 40-8F:936F6DA6:00:00 = +1.88717142E+04 : FWB A6-04:C07DCCB8:00:?? = -3.53550874E-38
A696 : DEX            : A=CB X=00 Y=C6 SP=?? N=0 V=0 D=0 I=0 Z=1 C=0 : FWA 40-8F:936F6DA6:00:00 = +1.88717142E+04 : FWB A6-04:C07DCCB8:00:?? = -3.53550874E-38
A697 : BNE A65E       : A=CB X=00 Y=C6 SP=?? N=0 V=0 D=0 I=0 Z=1 C=0 : FWA 40-8F:936F6DA6:00:00 = +1.88717142E+04 : FWB A6-04:C07DCCB8:00:?? = -3.53550874E-38
A699 : LDX 3B         : A=CB X=A6 Y=C6 SP=?? N=1 V=0 D=0 I=0 Z=0 C=0 : FWA 40-8F:936F6DA6:00:00 = +1.88717142E+04 : FWB A6-04:C07DCCB8:00:?? = -3.53550874E-38
A69B : PHX            : A=CB X=A6 Y=C6 SP=?? N=1 V=0 D=0 I=0 Z=0 C=0 : FWA 40-8F:936F6DA6:00:00 = +1.88717142E+04 : FWB A6-04:C07DCCB8:00:?? = -3.53550874E-38
A69C : DEC 3C         : A=CB X=A6 Y=C6 SP=?? N=0 V=0 D=0 I=0 Z=0 C=0 : FWA 40-8F:936F6DA6:00:00 = +1.88717142E+04 : FWB A6-03:C07DCCB8:00:?? = -1.76775437E-38
A69E : BNE A65C       : A=CB X=A6 Y=C6 SP=?? N=0 V=0 D=0 I=0 Z=0 C=0 : FWA 40-8F:936F6DA6:00:00 = +1.88717142E+04 : FWB A6-03:C07DCCB8:00:?? = -1.76775437E-38
A65C : LDX #08        : A=CB X=08 Y=C6 SP=?? N=0 V=0 D=0 I=0 Z=0 C=0 : FWA 40-8F:936F6DA6:00:00 = +1.88717142E+04 : FWB A6-03:C07DCCB8:00:?? = -1.76775437E-38
A65E : BCS A676       : A=CB X=08 Y=C6 SP=?? N=0 V=0 D=0 I=0 Z=0 C=0 : FWA 40-8F:936F6DA6:00:00 = +1.88717142E+04 : FWB A6-03:C07DCCB8:00:?? = -1.76775437E-38
A660 : CMP 31         : A=CB X=08 Y=C6 SP=?? N=0 V=0 D=0 I=0 Z=0 C=1 : FWA 40-8F:936F6DA6:00:00 = +1.88717142E+04 : FWB A6-03:C07DCCB8:00:?? = -1.76775437E-38
A662 : BNE A674       : A=CB X=08 Y=C6 SP=?? N=0 V=0 D=0 I=0 Z=0 C=1 : FWA 40-8F:936F6DA6:00:00 = +1.88717142E+04 : FWB A6-03:C07DCCB8:00:?? = -1.76775437E-38
A674 : BCC A68D       : A=CB X=08 Y=C6 SP=?? N=0 V=0 D=0 I=0 Z=0 C=1 : FWA 40-8F:936F6DA6:00:00 = +1.88717142E+04 : FWB A6-03:C07DCCB8:00:?? = -1.76775437E-38
A676 : TAY            : A=CB X=08 Y=CB SP=?? N=1 V=0 D=0 I=0 Z=0 C=1 : FWA 40-8F:936F6DA6:00:00 = +1.88717142E+04 : FWB A6-03:C07DCCB8:00:?? = -1.76775437E-38
A677 : LDA 40         : A=B8 X=08 Y=CB SP=?? N=1 V=0 D=0 I=0 Z=0 C=1 : FWA 40-8F:936F6DA6:00:00 = +1.88717142E+04 : FWB A6-03:C07DCCB8:00:?? = -1.76775437E-38
A679 : SBC 34         : A=12 X=08 Y=CB SP=?? N=0 V=0 D=0 I=0 Z=0 C=1 : FWA 40-8F:936F6DA6:00:00 = +1.88717142E+04 : FWB A6-03:C07DCCB8:00:?? = -1.76775437E-38
A67B : STA 40         : A=12 X=08 Y=CB SP=?? N=0 V=0 D=0 I=0 Z=0 C=1 : FWA 40-8F:936F6DA6:00:00 = +1.88717142E+04 : FWB A6-03:C07DCC12:00:?? = -1.76775428E-38
A67D : LDA 3F         : A=CC X=08 Y=CB SP=?? N=1 V=0 D=0 I=0 Z=0 C=1 : FWA 40-8F:936F6DA6:00:00 = +1.88717142E+04 : FWB A6-03:C07DCC12:00:?? = -1.76775428E-38
A67F : SBC 33         : A=5F X=08 Y=CB SP=?? N=0 V=1 D=0 I=0 Z=0 C=1 : FWA 40-8F:936F6DA6:00:00 = +1.88717142E+04 : FWB A6-03:C07DCC12:00:?? = -1.76775428E-38
A681 : STA 3F         : A=5F X=08 Y=CB SP=?? N=0 V=1 D=0 I=0 Z=0 C=1 : FWA 40-8F:936F6DA6:00:00 = +1.88717142E+04 : FWB A6-03:C07D5F12:00:?? = -1.76773900E-38
A683 : LDA 3E         : A=7D X=08 Y=CB SP=?? N=0 V=1 D=0 I=0 Z=0 C=1 : FWA 40-8F:936F6DA6:00:00 = +1.88717142E+04 : FWB A6-03:C07D5F12:00:?? = -1.76773900E-38
A685 : SBC 32         : A=0E X=08 Y=CB SP=?? N=0 V=0 D=0 I=0 Z=0 C=1 : FWA 40-8F:936F6DA6:00:00 = +1.88717142E+04 : FWB A6-03:C07D5F12:00:?? = -1.76773900E-38
A687 : STA 3E         : A=0E X=08 Y=CB SP=?? N=0 V=0 D=0 I=0 Z=0 C=1 : FWA 40-8F:936F6DA6:00:00 = +1.88717142E+04 : FWB A6-03:C00E5F12:00:?? = -1.76375707E-38
A689 : TYA            : A=CB X=08 Y=CB SP=?? N=1 V=0 D=0 I=0 Z=0 C=1 : FWA 40-8F:936F6DA6:00:00 = +1.88717142E+04 : FWB A6-03:C00E5F12:00:?? = -1.76375707E-38
A68A : SBC 31         : A=38 X=08 Y=CB SP=?? N=0 V=0 D=0 I=0 Z=0 C=1 : FWA 40-8F:936F6DA6:00:00 = +1.88717142E+04 : FWB A6-03:C00E5F12:00:?? = -1.76375707E-38
A68C : SEC            : A=38 X=08 Y=CB SP=?? N=0 V=0 D=0 I=0 Z=0 C=1 : FWA 40-8F:936F6DA6:00:00 = +1.88717142E+04 : FWB A6-03:C00E5F12:00:?? = -1.76375707E-38
A68D : ROL 3B         : A=38 X=08 Y=CB SP=?? N=0 V=0 D=0 I=0 Z=0 C=1 : FWA 40-8F:936F6DA6:00:00 = +1.88717142E+04 : FWB 4D-03:C00E5F12:00:?? = +1.76375707E-38
A68F : ASL 40         : A=38 X=08 Y=CB SP=?? N=0 V=0 D=0 I=0 Z=0 C=0 : FWA 40-8F:936F6DA6:00:00 = +1.88717142E+04 : FWB 4D-03:C00E5F24:00:?? = +1.76375708E-38
A691 : ROL 3F         : A=38 X=08 Y=CB SP=?? N=1 V=0 D=0 I=0 Z=0 C=0 : FWA 40-8F:936F6DA6:00:00 = +1.88717142E+04 : FWB 4D-03:C00EBE24:00:?? = +1.76377040E-38
A693 : ROL 3E         : A=38 X=08 Y=CB SP=?? N=0 V=0 D=0 I=0 Z=0 C=0 : FWA 40-8F:936F6DA6:00:00 = +1.88717142E+04 : FWB 4D-03:C01CBE24:00:?? = +1.76427262E-38
A695 : ROL A          : A=70 X=08 Y=CB SP=?? N=0 V=0 D=0 I=0 Z=0 C=0 : FWA 40-8F:936F6DA6:00:00 = +1.88717142E+04 : FWB 4D-03:C01CBE24:00:?? = +1.76427262E-38
A696 : DEX            : A=70 X=07 Y=CB SP=?? N=0 V=0 D=0 I=0 Z=0 C=0 : FWA 40-8F:936F6DA6:00:00 = +1.88717142E+04 : FWB 4D-03:C01CBE24:00:?? = +1.76427262E-38
A697 : BNE A65E       : A=70 X=07 Y=CB SP=?? N=0 V=0 D=0 I=0 Z=0 C=0 : FWA 40-8F:936F6DA6:00:00 = +1.88717142E+04 : FWB 4D-03:C01CBE24:00:?? = +1.76427262E-38
A65E : BCS A676       : A=70 X=07 Y=CB SP=?? N=0 V=0 D=0 I=0 Z=0 C=0 : FWA 40-8F:936F6DA6:00:00 = +1.88717142E+04 : FWB 4D-03:C01CBE24:00:?? = +1.76427262E-38
A660 : CMP 31         : A=70 X=07 Y=CB SP=?? N=1 V=0 D=0 I=0 Z=0 C=0 : FWA 40-8F:936F6DA6:00:00 = +1.88717142E+04 : FWB 4D-03:C01CBE24:00:?? = +1.76427262E-38
A662 : BNE A674       : A=70 X=07 Y=CB SP=?? N=1 V=0 D=0 I=0 Z=0 C=0 : FWA 40-8F:936F6DA6:00:00 = +1.88717142E+04 : FWB 4D-03:C01CBE24:00:?? = +1.76427262E-38
A674 : BCC A68D       : A=70 X=07 Y=CB SP=?? N=1 V=0 D=0 I=0 Z=0 C=0 : FWA 40-8F:936F6DA6:00:00 = +1.88717142E+04 : FWB 4D-03:C01CBE24:00:?? = +1.76427262E-38
A68D : ROL 3B         : A=70 X=07 Y=CB SP=?? N=1 V=0 D=0 I=0 Z=0 C=0 : FWA 40-8F:936F6DA6:00:00 = +1.88717142E+04 : FWB 9A-03:C01CBE24:00:?? = -1.76427262E-38
A68F : ASL 40         : A=70 X=07 Y=CB SP=?? N=0 V=0 D=0 I=0 Z=0 C=0 : FWA 40-8F:936F6DA6:00:00 = +1.88717142E+04 : FWB 9A-03:C01CBE48:00:?? = -1.76427264E-38
A691 : ROL 3F         : A=70 X=07 Y=CB SP=?? N=0 V=0 D=0 I=0 Z=0 C=1 : FWA 40-8F:936F6DA6:00:00 = +1.88717142E+04 : FWB 9A-03:C01C7C48:00:?? = -1.76426339E-38
A693 : ROL 3E         : A=70 X=07 Y=CB SP=?? N=0 V=0 D=0 I=0 Z=0 C=0 : FWA 40-8F:936F6DA6:00:00 = +1.88717142E+04 : FWB 9A-03:C0397C48:00:?? = -1.76530372E-38
A695 : ROL A          : A=E0 X=07 Y=CB SP=?? N=1 V=0 D=0 I=0 Z=0 C=0 : FWA 40-8F:936F6DA6:00:00 = +1.88717142E+04 : FWB 9A-03:C0397C48:00:?? = -1.76530372E-38
A696 : DEX            : A=E0 X=06 Y=CB SP=?? N=0 V=0 D=0 I=0 Z=0 C=0 : FWA 40-8F:936F6DA6:00:00 = +1.88717142E+04 : FWB 9A-03:C0397C48:00:?? = -1.76530372E-38
A697 : BNE A65E       : A=E0 X=06 Y=CB SP=?? N=0 V=0 D=0 I=0 Z=0 C=0 : FWA 40-8F:936F6DA6:00:00 = +1.88717142E+04 : FWB 9A-03:C0397C48:00:?? = -1.76530372E-38
A65E : BCS A676       : A=E0 X=06 Y=CB SP=?? N=0 V=0 D=0 I=0 Z=0 C=0 : FWA 40-8F:936F6DA6:00:00 = +1.88717142E+04 : FWB 9A-03:C0397C48:00:?? = -1.76530372E-38
A660 : CMP 31         : A=E0 X=06 Y=CB SP=?? N=0 V=0 D=0 I=0 Z=0 C=1 : FWA 40-8F:936F6DA6:00:00 = +1.88717142E+04 : FWB 9A-03:C0397C48:00:?? = -1.76530372E-38
A662 : BNE A674       : A=E0 X=06 Y=CB SP=?? N=0 V=0 D=0 I=0 Z=0 C=1 : FWA 40-8F:936F6DA6:00:00 = +1.88717142E+04 : FWB 9A-03:C0397C48:00:?? = -1.76530372E-38
A674 : BCC A68D       : A=E0 X=06 Y=CB SP=?? N=0 V=0 D=0 I=0 Z=0 C=1 : FWA 40-8F:936F6DA6:00:00 = +1.88717142E+04 : FWB 9A-03:C0397C48:00:?? = -1.76530372E-38
A676 : TAY            : A=E0 X=06 Y=E0 SP=?? N=1 V=0 D=0 I=0 Z=0 C=1 : FWA 40-8F:936F6DA6:00:00 = +1.88717142E+04 : FWB 9A-03:C0397C48:00:?? = -1.76530372E-38
A677 : LDA 40         : A=48 X=06 Y=E0 SP=?? N=0 V=0 D=0 I=0 Z=0 C=1 : FWA 40-8F:936F6DA6:00:00 = +1.88717142E+04 : FWB 9A-03:C0397C48:00:?? = -1.76530372E-38
A679 : SBC 34         : A=A2 X=06 Y=E0 SP=?? N=1 V=1 D=0 I=0 Z=0 C=0 : FWA 40-8F:936F6DA6:00:00 = +1.88717142E+04 : FWB 9A-03:C0397C48:00:?? = -1.76530372E-38
A67B : STA 40         : A=A2 X=06 Y=E0 SP=?? N=1 V=1 D=0 I=0 Z=0 C=0 : FWA 40-8F:936F6DA6:00:00 = +1.88717142E+04 : FWB 9A-03:C0397CA2:00:?? = -1.76530377E-38
A67D : LDA 3F         : A=7C X=06 Y=E0 SP=?? N=0 V=1 D=0 I=0 Z=0 C=0 : FWA 40-8F:936F6DA6:00:00 = +1.88717142E+04 : FWB 9A-03:C0397CA2:00:?? = -1.76530377E-38
A67F : SBC 33         : A=0E X=06 Y=E0 SP=?? N=0 V=0 D=0 I=0 Z=0 C=1 : FWA 40-8F:936F6DA6:00:00 = +1.88717142E+04 : FWB 9A-03:C0397CA2:00:?? = -1.76530377E-38
A681 : STA 3F         : A=0E X=06 Y=E0 SP=?? N=0 V=0 D=0 I=0 Z=0 C=1 : FWA 40-8F:936F6DA6:00:00 = +1.88717142E+04 : FWB 9A-03:C0390EA2:00:?? = -1.76528835E-38
A683 : LDA 3E         : A=39 X=06 Y=E0 SP=?? N=0 V=0 D=0 I=0 Z=0 C=1 : FWA 40-8F:936F6DA6:00:00 = +1.88717142E+04 : FWB 9A-03:C0390EA2:00:?? = -1.76528835E-38
A685 : SBC 32         : A=CA X=06 Y=E0 SP=?? N=1 V=0 D=0 I=0 Z=0 C=0 : FWA 40-8F:936F6DA6:00:00 = +1.88717142E+04 : FWB 9A-03:C0390EA2:00:?? = -1.76528835E-38
A687 : STA 3E         : A=CA X=06 Y=E0 SP=?? N=1 V=0 D=0 I=0 Z=0 C=0 : FWA 40-8F:936F6DA6:00:00 = +1.88717142E+04 : FWB 9A-03:C0CA0EA2:00:?? = -1.77048997E-38
A689 : TYA            : A=E0 X=06 Y=E0 SP=?? N=1 V=0 D=0 I=0 Z=0 C=0 : FWA 40-8F:936F6DA6:00:00 = +1.88717142E+04 : FWB 9A-03:C0CA0EA2:00:?? = -1.77048997E-38
A68A : SBC 31         : A=4C X=06 Y=E0 SP=?? N=0 V=0 D=0 I=0 Z=0 C=1 : FWA 40-8F:936F6DA6:00:00 = +1.88717142E+04 : FWB 9A-03:C0CA0EA2:00:?? = -1.77048997E-38
A68C : SEC            : A=4C X=06 Y=E0 SP=?? N=0 V=0 D=0 I=0 Z=0 C=1 : FWA 40-8F:936F6DA6:00:00 = +1.88717142E+04 : FWB 9A-03:C0CA0EA2:00:?? = -1.77048997E-38
A68D : ROL 3B         : A=4C X=06 Y=E0 SP=?? N=0 V=0 D=0 I=0 Z=0 C=1 : FWA 40-8F:936F6DA6:00:00 = +1.88717142E+04 : FWB 35-03:C0CA0EA2:00:?? = +1.77048997E-38
A68F : ASL 40         : A=4C X=06 Y=E0 SP=?? N=0 V=0 D=0 I=0 Z=0 C=1 : FWA 40-8F:936F6DA6:00:00 = +1.88717142E+04 : FWB 35-03:C0CA0E44:00:?? = +1.77048992E-38
A691 : ROL 3F         : A=4C X=06 Y=E0 SP=?? N=0 V=0 D=0 I=0 Z=0 C=0 : FWA 40-8F:936F6DA6:00:00 = +1.88717142E+04 : FWB 35-03:C0CA1D44:00:?? = +1.77049202E-38
A693 : ROL 3E         : A=4C X=06 Y=E0 SP=?? N=1 V=0 D=0 I=0 Z=0 C=1 : FWA 40-8F:936F6DA6:00:00 = +1.88717142E+04 : FWB 35-03:C0941D44:00:?? = +1.76855487E-38
A695 : ROL A          : A=99 X=06 Y=E0 SP=?? N=1 V=0 D=0 I=0 Z=0 C=0 : FWA 40-8F:936F6DA6:00:00 = +1.88717142E+04 : FWB 35-03:C0941D44:00:?? = +1.76855487E-38
A696 : DEX            : A=99 X=05 Y=E0 SP=?? N=0 V=0 D=0 I=0 Z=0 C=0 : FWA 40-8F:936F6DA6:00:00 = +1.88717142E+04 : FWB 35-03:C0941D44:00:?? = +1.76855487E-38
A697 : BNE A65E       : A=99 X=05 Y=E0 SP=?? N=0 V=0 D=0 I=0 Z=0 C=0 : FWA 40-8F:936F6DA6:00:00 = +1.88717142E+04 : FWB 35-03:C0941D44:00:?? = +1.76855487E-38
A65E : BCS A676       : A=99 X=05 Y=E0 SP=?? N=0 V=0 D=0 I=0 Z=0 C=0 : FWA 40-8F:936F6DA6:00:00 = +1.88717142E+04 : FWB 35-03:C0941D44:00:?? = +1.76855487E-38
A660 : CMP 31         : A=99 X=05 Y=E0 SP=?? N=0 V=0 D=0 I=0 Z=0 C=1 : FWA 40-8F:936F6DA6:00:00 = +1.88717142E+04 : FWB 35-03:C0941D44:00:?? = +1.76855487E-38
A662 : BNE A674       : A=99 X=05 Y=E0 SP=?? N=0 V=0 D=0 I=0 Z=0 C=1 : FWA 40-8F:936F6DA6:00:00 = +1.88717142E+04 : FWB 35-03:C0941D44:00:?? = +1.76855487E-38
A674 : BCC A68D       : A=99 X=05 Y=E0 SP=?? N=0 V=0 D=0 I=0 Z=0 C=1 : FWA 40-8F:936F6DA6:00:00 = +1.88717142E+04 : FWB 35-03:C0941D44:00:?? = +1.76855487E-38
A676 : TAY            : A=99 X=05 Y=99 SP=?? N=1 V=0 D=0 I=0 Z=0 C=1 : FWA 40-8F:936F6DA6:00:00 = +1.88717142E+04 : FWB 35-03:C0941D44:00:?? = +1.76855487E-38
A677 : LDA 40         : A=44 X=05 Y=99 SP=?? N=0 V=0 D=0 I=0 Z=0 C=1 : FWA 40-8F:936F6DA6:00:00 = +1.88717142E+04 : FWB 35-03:C0941D44:00:?? = +1.76855487E-38
A679 : SBC 34         : A=9E X=05 Y=99 SP=?? N=1 V=1 D=0 I=0 Z=0 C=0 : FWA 40-8F:936F6DA6:00:00 = +1.88717142E+04 : FWB 35-03:C0941D44:00:?? = +1.76855487E-38
A67B : STA 40         : A=9E X=05 Y=99 SP=?? N=1 V=1 D=0 I=0 Z=0 C=0 : FWA 40-8F:936F6DA6:00:00 = +1.88717142E+04 : FWB 35-03:C0941D9E:00:?? = +1.76855492E-38
A67D : LDA 3F         : A=1D X=05 Y=99 SP=?? N=0 V=1 D=0 I=0 Z=0 C=0 : FWA 40-8F:936F6DA6:00:00 = +1.88717142E+04 : FWB 35-03:C0941D9E:00:?? = +1.76855492E-38
A67F : SBC 33         : A=AF X=05 Y=99 SP=?? N=1 V=0 D=0 I=0 Z=0 C=0 : FWA 40-8F:936F6DA6:00:00 = +1.88717142E+04 : FWB 35-03:C0941D9E:00:?? = +1.76855492E-38
A681 : STA 3F         : A=AF X=05 Y=99 SP=?? N=1 V=0 D=0 I=0 Z=0 C=0 : FWA 40-8F:936F6DA6:00:00 = +1.88717142E+04 : FWB 35-03:C094AF9E:00:?? = +1.76857538E-38
A683 : LDA 3E         : A=94 X=05 Y=99 SP=?? N=1 V=0 D=0 I=0 Z=0 C=0 : FWA 40-8F:936F6DA6:00:00 = +1.88717142E+04 : FWB 35-03:C094AF9E:00:?? = +1.76857538E-38
A685 : SBC 32         : A=24 X=05 Y=99 SP=?? N=0 V=1 D=0 I=0 Z=0 C=1 : FWA 40-8F:936F6DA6:00:00 = +1.88717142E+04 : FWB 35-03:C094AF9E:00:?? = +1.76857538E-38
A687 : STA 3E         : A=24 X=05 Y=99 SP=?? N=0 V=1 D=0 I=0 Z=0 C=1 : FWA 40-8F:936F6DA6:00:00 = +1.88717142E+04 : FWB 35-03:C024AF9E:00:?? = +1.76455757E-38
A689 : TYA            : A=99 X=05 Y=99 SP=?? N=1 V=1 D=0 I=0 Z=0 C=1 : FWA 40-8F:936F6DA6:00:00 = +1.88717142E+04 : FWB 35-03:C024AF9E:00:?? = +1.76455757E-38
A68A : SBC 31         : A=06 X=05 Y=99 SP=?? N=0 V=0 D=0 I=0 Z=0 C=1 : FWA 40-8F:936F6DA6:00:00 = +1.88717142E+04 : FWB 35-03:C024AF9E:00:?? = +1.76455757E-38
A68C : SEC            : A=06 X=05 Y=99 SP=?? N=0 V=0 D=0 I=0 Z=0 C=1 : FWA 40-8F:936F6DA6:00:00 = +1.88717142E+04 : FWB 35-03:C024AF9E:00:?? = +1.76455757E-38
A68D : ROL 3B         : A=06 X=05 Y=99 SP=?? N=0 V=0 D=0 I=0 Z=0 C=0 : FWA 40-8F:936F6DA6:00:00 = +1.88717142E+04 : FWB 6B-03:C024AF9E:00:?? = +1.76455757E-38
A68F : ASL 40         : A=06 X=05 Y=99 SP=?? N=0 V=0 D=0 I=0 Z=0 C=1 : FWA 40-8F:936F6DA6:00:00 = +1.88717142E+04 : FWB 6B-03:C024AF3C:00:?? = +1.76455752E-38
A691 : ROL 3F         : A=06 X=05 Y=99 SP=?? N=0 V=0 D=0 I=0 Z=0 C=1 : FWA 40-8F:936F6DA6:00:00 = +1.88717142E+04 : FWB 6B-03:C0245F3C:00:?? = +1.76454631E-38
A693 : ROL 3E         : A=06 X=05 Y=99 SP=?? N=0 V=0 D=0 I=0 Z=0 C=0 : FWA 40-8F:936F6DA6:00:00 = +1.88717142E+04 : FWB 6B-03:C0495F3C:00:?? = +1.76587362E-38
A695 : ROL A          : A=0C X=05 Y=99 SP=?? N=0 V=0 D=0 I=0 Z=0 C=0 : FWA 40-8F:936F6DA6:00:00 = +1.88717142E+04 : FWB 6B-03:C0495F3C:00:?? = +1.76587362E-38
A696 : DEX            : A=0C X=04 Y=99 SP=?? N=0 V=0 D=0 I=0 Z=0 C=0 : FWA 40-8F:936F6DA6:00:00 = +1.88717142E+04 : FWB 6B-03:C0495F3C:00:?? = +1.76587362E-38
A697 : BNE A65E       : A=0C X=04 Y=99 SP=?? N=0 V=0 D=0 I=0 Z=0 C=0 : FWA 40-8F:936F6DA6:00:00 = +1.88717142E+04 : FWB 6B-03:C0495F3C:00:?? = +1.76587362E-38
A65E : BCS A676       : A=0C X=04 Y=99 SP=?? N=0 V=0 D=0 I=0 Z=0 C=0 : FWA 40-8F:936F6DA6:00:00 = +1.88717142E+04 : FWB 6B-03:C0495F3C:00:?? = +1.76587362E-38
A660 : CMP 31         : A=0C X=04 Y=99 SP=?? N=0 V=0 D=0 I=0 Z=0 C=0 : FWA 40-8F:936F6DA6:00:00 = +1.88717142E+04 : FWB 6B-03:C0495F3C:00:?? = +1.76587362E-38
A662 : BNE A674       : A=0C X=04 Y=99 SP=?? N=0 V=0 D=0 I=0 Z=0 C=0 : FWA 40-8F:936F6DA6:00:00 = +1.88717142E+04 : FWB 6B-03:C0495F3C:00:?? = +1.76587362E-38
A674 : BCC A68D       : A=0C X=04 Y=99 SP=?? N=0 V=0 D=0 I=0 Z=0 C=0 : FWA 40-8F:936F6DA6:00:00 = +1.88717142E+04 : FWB 6B-03:C0495F3C:00:?? = +1.76587362E-38
A68D : ROL 3B         : A=0C X=04 Y=99 SP=?? N=1 V=0 D=0 I=0 Z=0 C=0 : FWA 40-8F:936F6DA6:00:00 = +1.88717142E+04 : FWB D6-03:C0495F3C:00:?? = -1.76587362E-38
A68F : ASL 40         : A=0C X=04 Y=99 SP=?? N=0 V=0 D=0 I=0 Z=0 C=0 : FWA 40-8F:936F6DA6:00:00 = +1.88717142E+04 : FWB D6-03:C0495F78:00:?? = -1.76587365E-38
A691 : ROL 3F         : A=0C X=04 Y=99 SP=?? N=1 V=0 D=0 I=0 Z=0 C=0 : FWA 40-8F:936F6DA6:00:00 = +1.88717142E+04 : FWB D6-03:C049BE78:00:?? = -1.76588696E-38
A693 : ROL 3E         : A=0C X=04 Y=99 SP=?? N=1 V=0 D=0 I=0 Z=0 C=0 : FWA 40-8F:936F6DA6:00:00 = +1.88717142E+04 : FWB D6-03:C092BE78:00:?? = -1.76850571E-38
A695 : ROL A          : A=18 X=04 Y=99 SP=?? N=0 V=0 D=0 I=0 Z=0 C=0 : FWA 40-8F:936F6DA6:00:00 = +1.88717142E+04 : FWB D6-03:C092BE78:00:?? = -1.76850571E-38
A696 : DEX            : A=18 X=03 Y=99 SP=?? N=0 V=0 D=0 I=0 Z=0 C=0 : FWA 40-8F:936F6DA6:00:00 = +1.88717142E+04 : FWB D6-03:C092BE78:00:?? = -1.76850571E-38
A697 : BNE A65E       : A=18 X=03 Y=99 SP=?? N=0 V=0 D=0 I=0 Z=0 C=0 : FWA 40-8F:936F6DA6:00:00 = +1.88717142E+04 : FWB D6-03:C092BE78:00:?? = -1.76850571E-38
A65E : BCS A676       : A=18 X=03 Y=99 SP=?? N=0 V=0 D=0 I=0 Z=0 C=0 : FWA 40-8F:936F6DA6:00:00 = +1.88717142E+04 : FWB D6-03:C092BE78:00:?? = -1.76850571E-38
A660 : CMP 31         : A=18 X=03 Y=99 SP=?? N=1 V=0 D=0 I=0 Z=0 C=0 : FWA 40-8F:936F6DA6:00:00 = +1.88717142E+04 : FWB D6-03:C092BE78:00:?? = -1.76850571E-38
A662 : BNE A674       : A=18 X=03 Y=99 SP=?? N=1 V=0 D=0 I=0 Z=0 C=0 : FWA 40-8F:936F6DA6:00:00 = +1.88717142E+04 : FWB D6-03:C092BE78:00:?? = -1.76850571E-38
A674 : BCC A68D       : A=18 X=03 Y=99 SP=?? N=1 V=0 D=0 I=0 Z=0 C=0 : FWA 40-8F:936F6DA6:00:00 = +1.88717142E+04 : FWB D6-03:C092BE78:00:?? = -1.76850571E-38
A68D : ROL 3B         : A=18 X=03 Y=99 SP=?? N=1 V=0 D=0 I=0 Z=0 C=1 : FWA 40-8F:936F6DA6:00:00 = +1.88717142E+04 : FWB AC-03:C092BE78:00:?? = -1.76850571E-38
A68F : ASL 40         : A=18 X=03 Y=99 SP=?? N=1 V=0 D=0 I=0 Z=0 C=0 : FWA 40-8F:936F6DA6:00:00 = +1.88717142E+04 : FWB AC-03:C092BEF0:00:?? = -1.76850578E-38
A691 : ROL 3F         : A=18 X=03 Y=99 SP=?? N=0 V=0 D=0 I=0 Z=0 C=1 : FWA 40-8F:936F6DA6:00:00 = +1.88717142E+04 : FWB AC-03:C0927CF0:00:?? = -1.76849653E-38
A693 : ROL 3E         : A=18 X=03 Y=99 SP=?? N=0 V=0 D=0 I=0 Z=0 C=1 : FWA 40-8F:936F6DA6:00:00 = +1.88717142E+04 : FWB AC-03:C0257CF0:00:?? = -1.76458634E-38
A695 : ROL A          : A=31 X=03 Y=99 SP=?? N=0 V=0 D=0 I=0 Z=0 C=0 : FWA 40-8F:936F6DA6:00:00 = +1.88717142E+04 : FWB AC-03:C0257CF0:00:?? = -1.76458634E-38
A696 : DEX            : A=31 X=02 Y=99 SP=?? N=0 V=0 D=0 I=0 Z=0 C=0 : FWA 40-8F:936F6DA6:00:00 = +1.88717142E+04 : FWB AC-03:C0257CF0:00:?? = -1.76458634E-38
A697 : BNE A65E       : A=31 X=02 Y=99 SP=?? N=0 V=0 D=0 I=0 Z=0 C=0 : FWA 40-8F:936F6DA6:00:00 = +1.88717142E+04 : FWB AC-03:C0257CF0:00:?? = -1.76458634E-38
A65E : BCS A676       : A=31 X=02 Y=99 SP=?? N=0 V=0 D=0 I=0 Z=0 C=0 : FWA 40-8F:936F6DA6:00:00 = +1.88717142E+04 : FWB AC-03:C0257CF0:00:?? = -1.76458634E-38
A660 : CMP 31         : A=31 X=02 Y=99 SP=?? N=1 V=0 D=0 I=0 Z=0 C=0 : FWA 40-8F:936F6DA6:00:00 = +1.88717142E+04 : FWB AC-03:C0257CF0:00:?? = -1.76458634E-38
A662 : BNE A674       : A=31 X=02 Y=99 SP=?? N=1 V=0 D=0 I=0 Z=0 C=0 : FWA 40-8F:936F6DA6:00:00 = +1.88717142E+04 : FWB AC-03:C0257CF0:00:?? = -1.76458634E-38
A674 : BCC A68D       : A=31 X=02 Y=99 SP=?? N=1 V=0 D=0 I=0 Z=0 C=0 : FWA 40-8F:936F6DA6:00:00 = +1.88717142E+04 : FWB AC-03:C0257CF0:00:?? = -1.76458634E-38
A68D : ROL 3B         : A=31 X=02 Y=99 SP=?? N=0 V=0 D=0 I=0 Z=0 C=1 : FWA 40-8F:936F6DA6:00:00 = +1.88717142E+04 : FWB 58-03:C0257CF0:00:?? = +1.76458634E-38
A68F : ASL 40         : A=31 X=02 Y=99 SP=?? N=1 V=0 D=0 I=0 Z=0 C=1 : FWA 40-8F:936F6DA6:00:00 = +1.88717142E+04 : FWB 58-03:C0257CE0:00:?? = +1.76458633E-38
A691 : ROL 3F         : A=31 X=02 Y=99 SP=?? N=1 V=0 D=0 I=0 Z=0 C=0 : FWA 40-8F:936F6DA6:00:00 = +1.88717142E+04 : FWB 58-03:C025F9E0:00:?? = +1.76460385E-38
A693 : ROL 3E         : A=31 X=02 Y=99 SP=?? N=0 V=0 D=0 I=0 Z=0 C=0 : FWA 40-8F:936F6DA6:00:00 = +1.88717142E+04 : FWB 58-03:C04AF9E0:00:?? = +1.76593116E-38
A695 : ROL A          : A=62 X=02 Y=99 SP=?? N=0 V=0 D=0 I=0 Z=0 C=0 : FWA 40-8F:936F6DA6:00:00 = +1.88717142E+04 : FWB 58-03:C04AF9E0:00:?? = +1.76593116E-38
A696 : DEX            : A=62 X=01 Y=99 SP=?? N=0 V=0 D=0 I=0 Z=0 C=0 : FWA 40-8F:936F6DA6:00:00 = +1.88717142E+04 : FWB 58-03:C04AF9E0:00:?? = +1.76593116E-38
A697 : BNE A65E       : A=62 X=01 Y=99 SP=?? N=0 V=0 D=0 I=0 Z=0 C=0 : FWA 40-8F:936F6DA6:00:00 = +1.88717142E+04 : FWB 58-03:C04AF9E0:00:?? = +1.76593116E-38
A65E : BCS A676       : A=62 X=01 Y=99 SP=?? N=0 V=0 D=0 I=0 Z=0 C=0 : FWA 40-8F:936F6DA6:00:00 = +1.88717142E+04 : FWB 58-03:C04AF9E0:00:?? = +1.76593116E-38
A660 : CMP 31         : A=62 X=01 Y=99 SP=?? N=1 V=0 D=0 I=0 Z=0 C=0 : FWA 40-8F:936F6DA6:00:00 = +1.88717142E+04 : FWB 58-03:C04AF9E0:00:?? = +1.76593116E-38
A662 : BNE A674       : A=62 X=01 Y=99 SP=?? N=1 V=0 D=0 I=0 Z=0 C=0 : FWA 40-8F:936F6DA6:00:00 = +1.88717142E+04 : FWB 58-03:C04AF9E0:00:?? = +1.76593116E-38
A674 : BCC A68D       : A=62 X=01 Y=99 SP=?? N=1 V=0 D=0 I=0 Z=0 C=0 : FWA 40-8F:936F6DA6:00:00 = +1.88717142E+04 : FWB 58-03:C04AF9E0:00:?? = +1.76593116E-38
A68D : ROL 3B         : A=62 X=01 Y=99 SP=?? N=1 V=0 D=0 I=0 Z=0 C=0 : FWA 40-8F:936F6DA6:00:00 = +1.88717142E+04 : FWB B0-03:C04AF9E0:00:?? = -1.76593116E-38
A68F : ASL 40         : A=62 X=01 Y=99 SP=?? N=1 V=0 D=0 I=0 Z=0 C=1 : FWA 40-8F:936F6DA6:00:00 = +1.88717142E+04 : FWB B0-03:C04AF9C0:00:?? = -1.76593114E-38
A691 : ROL 3F         : A=62 X=01 Y=99 SP=?? N=1 V=0 D=0 I=0 Z=0 C=1 : FWA 40-8F:936F6DA6:00:00 = +1.88717142E+04 : FWB B0-03:C04AF3C0:00:?? = -1.76593030E-38
A693 : ROL 3E         : A=62 X=01 Y=99 SP=?? N=1 V=0 D=0 I=0 Z=0 C=0 : FWA 40-8F:936F6DA6:00:00 = +1.88717142E+04 : FWB B0-03:C095F3C0:00:?? = -1.76862080E-38
A695 : ROL A          : A=C4 X=01 Y=99 SP=?? N=1 V=0 D=0 I=0 Z=0 C=0 : FWA 40-8F:936F6DA6:00:00 = +1.88717142E+04 : FWB B0-03:C095F3C0:00:?? = -1.76862080E-38
A696 : DEX            : A=C4 X=00 Y=99 SP=?? N=0 V=0 D=0 I=0 Z=1 C=0 : FWA 40-8F:936F6DA6:00:00 = +1.88717142E+04 : FWB B0-03:C095F3C0:00:?? = -1.76862080E-38
A697 : BNE A65E       : A=C4 X=00 Y=99 SP=?? N=0 V=0 D=0 I=0 Z=1 C=0 : FWA 40-8F:936F6DA6:00:00 = +1.88717142E+04 : FWB B0-03:C095F3C0:00:?? = -1.76862080E-38
A699 : LDX 3B         : A=C4 X=B0 Y=99 SP=?? N=1 V=0 D=0 I=0 Z=0 C=0 : FWA 40-8F:936F6DA6:00:00 = +1.88717142E+04 : FWB B0-03:C095F3C0:00:?? = -1.76862080E-38
A69B : PHX            : A=C4 X=B0 Y=99 SP=?? N=1 V=0 D=0 I=0 Z=0 C=0 : FWA 40-8F:936F6DA6:00:00 = +1.88717142E+04 : FWB B0-03:C095F3C0:00:?? = -1.76862080E-38
A69C : DEC 3C         : A=C4 X=B0 Y=99 SP=?? N=0 V=0 D=0 I=0 Z=0 C=0 : FWA 40-8F:936F6DA6:00:00 = +1.88717142E+04 : FWB B0-02:C095F3C0:00:?? = -8.84310398E-39
A69E : BNE A65C       : A=C4 X=B0 Y=99 SP=?? N=0 V=0 D=0 I=0 Z=0 C=0 : FWA 40-8F:936F6DA6:00:00 = +1.88717142E+04 : FWB B0-02:C095F3C0:00:?? = -8.84310398E-39
A65C : LDX #08        : A=C4 X=08 Y=99 SP=?? N=0 V=0 D=0 I=0 Z=0 C=0 : FWA 40-8F:936F6DA6:00:00 = +1.88717142E+04 : FWB B0-02:C095F3C0:00:?? = -8.84310398E-39
A65E : BCS A676       : A=C4 X=08 Y=99 SP=?? N=0 V=0 D=0 I=0 Z=0 C=0 : FWA 40-8F:936F6DA6:00:00 = +1.88717142E+04 : FWB B0-02:C095F3C0:00:?? = -8.84310398E-39
A660 : CMP 31         : A=C4 X=08 Y=99 SP=?? N=0 V=0 D=0 I=0 Z=0 C=1 : FWA 40-8F:936F6DA6:00:00 = +1.88717142E+04 : FWB B0-02:C095F3C0:00:?? = -8.84310398E-39
A662 : BNE A674       : A=C4 X=08 Y=99 SP=?? N=0 V=0 D=0 I=0 Z=0 C=1 : FWA 40-8F:936F6DA6:00:00 = +1.88717142E+04 : FWB B0-02:C095F3C0:00:?? = -8.84310398E-39
A674 : BCC A68D       : A=C4 X=08 Y=99 SP=?? N=0 V=0 D=0 I=0 Z=0 C=1 : FWA 40-8F:936F6DA6:00:00 = +1.88717142E+04 : FWB B0-02:C095F3C0:00:?? = -8.84310398E-39
A676 : TAY            : A=C4 X=08 Y=C4 SP=?? N=1 V=0 D=0 I=0 Z=0 C=1 : FWA 40-8F:936F6DA6:00:00 = +1.88717142E+04 : FWB B0-02:C095F3C0:00:?? = -8.84310398E-39
A677 : LDA 40         : A=C0 X=08 Y=C4 SP=?? N=1 V=0 D=0 I=0 Z=0 C=1 : FWA 40-8F:936F6DA6:00:00 = +1.88717142E+04 : FWB B0-02:C095F3C0:00:?? = -8.84310398E-39
A679 : SBC 34         : A=1A X=08 Y=C4 SP=?? N=0 V=0 D=0 I=0 Z=0 C=1 : FWA 40-8F:936F6DA6:00:00 = +1.88717142E+04 : FWB B0-02:C095F3C0:00:?? = -8.84310398E-39
A67B : STA 40         : A=1A X=08 Y=C4 SP=?? N=0 V=0 D=0 I=0 Z=0 C=1 : FWA 40-8F:936F6DA6:00:00 = +1.88717142E+04 : FWB B0-02:C095F31A:00:?? = -8.84310352E-39
A67D : LDA 3F         : A=F3 X=08 Y=C4 SP=?? N=1 V=0 D=0 I=0 Z=0 C=1 : FWA 40-8F:936F6DA6:00:00 = +1.88717142E+04 : FWB B0-02:C095F31A:00:?? = -8.84310352E-39
A67F : SBC 33         : A=86 X=08 Y=C4 SP=?? N=1 V=0 D=0 I=0 Z=0 C=1 : FWA 40-8F:936F6DA6:00:00 = +1.88717142E+04 : FWB B0-02:C095F31A:00:?? = -8.84310352E-39
A681 : STA 3F         : A=86 X=08 Y=C4 SP=?? N=1 V=0 D=0 I=0 Z=0 C=1 : FWA 40-8F:936F6DA6:00:00 = +1.88717142E+04 : FWB B0-02:C095861A:00:?? = -8.84302715E-39
A683 : LDA 3E         : A=95 X=08 Y=C4 SP=?? N=1 V=0 D=0 I=0 Z=0 C=1 : FWA 40-8F:936F6DA6:00:00 = +1.88717142E+04 : FWB B0-02:C095861A:00:?? = -8.84302715E-39
A685 : SBC 32         : A=26 X=08 Y=C4 SP=?? N=0 V=1 D=0 I=0 Z=0 C=1 : FWA 40-8F:936F6DA6:00:00 = +1.88717142E+04 : FWB B0-02:C095861A:00:?? = -8.84302715E-39
A687 : STA 3E         : A=26 X=08 Y=C4 SP=?? N=0 V=1 D=0 I=0 Z=0 C=1 : FWA 40-8F:936F6DA6:00:00 = +1.88717142E+04 : FWB B0-02:C026861A:00:?? = -8.82311751E-39
A689 : TYA            : A=C4 X=08 Y=C4 SP=?? N=1 V=1 D=0 I=0 Z=0 C=1 : FWA 40-8F:936F6DA6:00:00 = +1.88717142E+04 : FWB B0-02:C026861A:00:?? = -8.82311751E-39
A68A : SBC 31         : A=31 X=08 Y=C4 SP=?? N=0 V=0 D=0 I=0 Z=0 C=1 : FWA 40-8F:936F6DA6:00:00 = +1.88717142E+04 : FWB B0-02:C026861A:00:?? = -8.82311751E-39
A68C : SEC            : A=31 X=08 Y=C4 SP=?? N=0 V=0 D=0 I=0 Z=0 C=1 : FWA 40-8F:936F6DA6:00:00 = +1.88717142E+04 : FWB B0-02:C026861A:00:?? = -8.82311751E-39
A68D : ROL 3B         : A=31 X=08 Y=C4 SP=?? N=0 V=0 D=0 I=0 Z=0 C=1 : FWA 40-8F:936F6DA6:00:00 = +1.88717142E+04 : FWB 61-02:C026861A:00:?? = +8.82311751E-39
A68F : ASL 40         : A=31 X=08 Y=C4 SP=?? N=0 V=0 D=0 I=0 Z=0 C=0 : FWA 40-8F:936F6DA6:00:00 = +1.88717142E+04 : FWB 61-02:C0268634:00:?? = +8.82311758E-39
A691 : ROL 3F         : A=31 X=08 Y=C4 SP=?? N=0 V=0 D=0 I=0 Z=0 C=1 : FWA 40-8F:936F6DA6:00:00 = +1.88717142E+04 : FWB 61-02:C0260C34:00:?? = +8.82303210E-39
A693 : ROL 3E         : A=31 X=08 Y=C4 SP=?? N=0 V=0 D=0 I=0 Z=0 C=0 : FWA 40-8F:936F6DA6:00:00 = +1.88717142E+04 : FWB 61-02:C04D0C34:00:?? = +8.83002738E-39
A695 : ROL A          : A=62 X=08 Y=C4 SP=?? N=0 V=0 D=0 I=0 Z=0 C=0 : FWA 40-8F:936F6DA6:00:00 = +1.88717142E+04 : FWB 61-02:C04D0C34:00:?? = +8.83002738E-39
A696 : DEX            : A=62 X=07 Y=C4 SP=?? N=0 V=0 D=0 I=0 Z=0 C=0 : FWA 40-8F:936F6DA6:00:00 = +1.88717142E+04 : FWB 61-02:C04D0C34:00:?? = +8.83002738E-39
A697 : BNE A65E       : A=62 X=07 Y=C4 SP=?? N=0 V=0 D=0 I=0 Z=0 C=0 : FWA 40-8F:936F6DA6:00:00 = +1.88717142E+04 : FWB 61-02:C04D0C34:00:?? = +8.83002738E-39
A65E : BCS A676       : A=62 X=07 Y=C4 SP=?? N=0 V=0 D=0 I=0 Z=0 C=0 : FWA 40-8F:936F6DA6:00:00 = +1.88717142E+04 : FWB 61-02:C04D0C34:00:?? = +8.83002738E-39
A660 : CMP 31         : A=62 X=07 Y=C4 SP=?? N=1 V=0 D=0 I=0 Z=0 C=0 : FWA 40-8F:936F6DA6:00:00 = +1.88717142E+04 : FWB 61-02:C04D0C34:00:?? = +8.83002738E-39
A662 : BNE A674       : A=62 X=07 Y=C4 SP=?? N=1 V=0 D=0 I=0 Z=0 C=0 : FWA 40-8F:936F6DA6:00:00 = +1.88717142E+04 : FWB 61-02:C04D0C34:00:?? = +8.83002738E-39
A674 : BCC A68D       : A=62 X=07 Y=C4 SP=?? N=1 V=0 D=0 I=0 Z=0 C=0 : FWA 40-8F:936F6DA6:00:00 = +1.88717142E+04 : FWB 61-02:C04D0C34:00:?? = +8.83002738E-39
A68D : ROL 3B         : A=62 X=07 Y=C4 SP=?? N=1 V=0 D=0 I=0 Z=0 C=0 : FWA 40-8F:936F6DA6:00:00 = +1.88717142E+04 : FWB C2-02:C04D0C34:00:?? = -8.83002738E-39
A68F : ASL 40         : A=62 X=07 Y=C4 SP=?? N=0 V=0 D=0 I=0 Z=0 C=0 : FWA 40-8F:936F6DA6:00:00 = +1.88717142E+04 : FWB C2-02:C04D0C68:00:?? = -8.83002752E-39
A691 : ROL 3F         : A=62 X=07 Y=C4 SP=?? N=0 V=0 D=0 I=0 Z=0 C=0 : FWA 40-8F:936F6DA6:00:00 = +1.88717142E+04 : FWB C2-02:C04D1868:00:?? = -8.83003593E-39
A693 : ROL 3E         : A=62 X=07 Y=C4 SP=?? N=1 V=0 D=0 I=0 Z=0 C=0 : FWA 40-8F:936F6DA6:00:00 = +1.88717142E+04 : FWB C2-02:C09A1868:00:?? = -8.84384713E-39
A695 : ROL A          : A=C4 X=07 Y=C4 SP=?? N=1 V=0 D=0 I=0 Z=0 C=0 : FWA 40-8F:936F6DA6:00:00 = +1.88717142E+04 : FWB C2-02:C09A1868:00:?? = -8.84384713E-39
A696 : DEX            : A=C4 X=06 Y=C4 SP=?? N=0 V=0 D=0 I=0 Z=0 C=0 : FWA 40-8F:936F6DA6:00:00 = +1.88717142E+04 : FWB C2-02:C09A1868:00:?? = -8.84384713E-39
A697 : BNE A65E       : A=C4 X=06 Y=C4 SP=?? N=0 V=0 D=0 I=0 Z=0 C=0 : FWA 40-8F:936F6DA6:00:00 = +1.88717142E+04 : FWB C2-02:C09A1868:00:?? = -8.84384713E-39
A65E : BCS A676       : A=C4 X=06 Y=C4 SP=?? N=0 V=0 D=0 I=0 Z=0 C=0 : FWA 40-8F:936F6DA6:00:00 = +1.88717142E+04 : FWB C2-02:C09A1868:00:?? = -8.84384713E-39
A660 : CMP 31         : A=C4 X=06 Y=C4 SP=?? N=0 V=0 D=0 I=0 Z=0 C=1 : FWA 40-8F:936F6DA6:00:00 = +1.88717142E+04 : FWB C2-02:C09A1868:00:?? = -8.84384713E-39
A662 : BNE A674       : A=C4 X=06 Y=C4 SP=?? N=0 V=0 D=0 I=0 Z=0 C=1 : FWA 40-8F:936F6DA6:00:00 = +1.88717142E+04 : FWB C2-02:C09A1868:00:?? = -8.84384713E-39
A674 : BCC A68D       : A=C4 X=06 Y=C4 SP=?? N=0 V=0 D=0 I=0 Z=0 C=1 : FWA 40-8F:936F6DA6:00:00 = +1.88717142E+04 : FWB C2-02:C09A1868:00:?? = -8.84384713E-39
A676 : TAY            : A=C4 X=06 Y=C4 SP=?? N=1 V=0 D=0 I=0 Z=0 C=1 : FWA 40-8F:936F6DA6:00:00 = +1.88717142E+04 : FWB C2-02:C09A1868:00:?? = -8.84384713E-39
A677 : LDA 40         : A=68 X=06 Y=C4 SP=?? N=0 V=0 D=0 I=0 Z=0 C=1 : FWA 40-8F:936F6DA6:00:00 = +1.88717142E+04 : FWB C2-02:C09A1868:00:?? = -8.84384713E-39
A679 : SBC 34         : A=C2 X=06 Y=C4 SP=?? N=1 V=1 D=0 I=0 Z=0 C=0 : FWA 40-8F:936F6DA6:00:00 = +1.88717142E+04 : FWB C2-02:C09A1868:00:?? = -8.84384713E-39
A67B : STA 40         : A=C2 X=06 Y=C4 SP=?? N=1 V=1 D=0 I=0 Z=0 C=0 : FWA 40-8F:936F6DA6:00:00 = +1.88717142E+04 : FWB C2-02:C09A18C2:00:?? = -8.84384737E-39
A67D : LDA 3F         : A=18 X=06 Y=C4 SP=?? N=0 V=1 D=0 I=0 Z=0 C=0 : FWA 40-8F:936F6DA6:00:00 = +1.88717142E+04 : FWB C2-02:C09A18C2:00:?? = -8.84384737E-39
A67F : SBC 33         : A=AA X=06 Y=C4 SP=?? N=1 V=0 D=0 I=0 Z=0 C=0 : FWA 40-8F:936F6DA6:00:00 = +1.88717142E+04 : FWB C2-02:C09A18C2:00:?? = -8.84384737E-39
A681 : STA 3F         : A=AA X=06 Y=C4 SP=?? N=1 V=0 D=0 I=0 Z=0 C=0 : FWA 40-8F:936F6DA6:00:00 = +1.88717142E+04 : FWB C2-02:C09AAAC2:00:?? = -8.84394967E-39
A683 : LDA 3E         : A=9A X=06 Y=C4 SP=?? N=1 V=0 D=0 I=0 Z=0 C=0 : FWA 40-8F:936F6DA6:00:00 = +1.88717142E+04 : FWB C2-02:C09AAAC2:00:?? = -8.84394967E-39
A685 : SBC 32         : A=2A X=06 Y=C4 SP=?? N=0 V=1 D=0 I=0 Z=0 C=1 : FWA 40-8F:936F6DA6:00:00 = +1.88717142E+04 : FWB C2-02:C09AAAC2:00:?? = -8.84394967E-39
A687 : STA 3E         : A=2A X=06 Y=C4 SP=?? N=0 V=1 D=0 I=0 Z=0 C=1 : FWA 40-8F:936F6DA6:00:00 = +1.88717142E+04 : FWB C2-02:C02AAAC2:00:?? = -8.82386065E-39
A689 : TYA            : A=C4 X=06 Y=C4 SP=?? N=1 V=1 D=0 I=0 Z=0 C=1 : FWA 40-8F:936F6DA6:00:00 = +1.88717142E+04 : FWB C2-02:C02AAAC2:00:?? = -8.82386065E-39
A68A : SBC 31         : A=31 X=06 Y=C4 SP=?? N=0 V=0 D=0 I=0 Z=0 C=1 : FWA 40-8F:936F6DA6:00:00 = +1.88717142E+04 : FWB C2-02:C02AAAC2:00:?? = -8.82386065E-39
A68C : SEC            : A=31 X=06 Y=C4 SP=?? N=0 V=0 D=0 I=0 Z=0 C=1 : FWA 40-8F:936F6DA6:00:00 = +1.88717142E+04 : FWB C2-02:C02AAAC2:00:?? = -8.82386065E-39
A68D : ROL 3B         : A=31 X=06 Y=C4 SP=?? N=1 V=0 D=0 I=0 Z=0 C=1 : FWA 40-8F:936F6DA6:00:00 = +1.88717142E+04 : FWB 85-02:C02AAAC2:00:?? = -8.82386065E-39
A68F : ASL 40         : A=31 X=06 Y=C4 SP=?? N=1 V=0 D=0 I=0 Z=0 C=1 : FWA 40-8F:936F6DA6:00:00 = +1.88717142E+04 : FWB 85-02:C02AAA84:00:?? = -8.82386048E-39
A691 : ROL 3F         : A=31 X=06 Y=C4 SP=?? N=0 V=0 D=0 I=0 Z=0 C=1 : FWA 40-8F:936F6DA6:00:00 = +1.88717142E+04 : FWB 85-02:C02A5584:00:?? = -8.82380093E-39
A693 : ROL 3E         : A=31 X=06 Y=C4 SP=?? N=0 V=0 D=0 I=0 Z=0 C=0 : FWA 40-8F:936F6DA6:00:00 = +1.88717142E+04 : FWB 85-02:C0555584:00:?? = -8.83151367E-39
A695 : ROL A          : A=62 X=06 Y=C4 SP=?? N=0 V=0 D=0 I=0 Z=0 C=0 : FWA 40-8F:936F6DA6:00:00 = +1.88717142E+04 : FWB 85-02:C0555584:00:?? = -8.83151367E-39
A696 : DEX            : A=62 X=05 Y=C4 SP=?? N=0 V=0 D=0 I=0 Z=0 C=0 : FWA 40-8F:936F6DA6:00:00 = +1.88717142E+04 : FWB 85-02:C0555584:00:?? = -8.83151367E-39
A697 : BNE A65E       : A=62 X=05 Y=C4 SP=?? N=0 V=0 D=0 I=0 Z=0 C=0 : FWA 40-8F:936F6DA6:00:00 = +1.88717142E+04 : FWB 85-02:C0555584:00:?? = -8.83151367E-39
A65E : BCS A676       : A=62 X=05 Y=C4 SP=?? N=0 V=0 D=0 I=0 Z=0 C=0 : FWA 40-8F:936F6DA6:00:00 = +1.88717142E+04 : FWB 85-02:C0555584:00:?? = -8.83151367E-39
A660 : CMP 31         : A=62 X=05 Y=C4 SP=?? N=1 V=0 D=0 I=0 Z=0 C=0 : FWA 40-8F:936F6DA6:00:00 = +1.88717142E+04 : FWB 85-02:C0555584:00:?? = -8.83151367E-39
A662 : BNE A674       : A=62 X=05 Y=C4 SP=?? N=1 V=0 D=0 I=0 Z=0 C=0 : FWA 40-8F:936F6DA6:00:00 = +1.88717142E+04 : FWB 85-02:C0555584:00:?? = -8.83151367E-39
A674 : BCC A68D       : A=62 X=05 Y=C4 SP=?? N=1 V=0 D=0 I=0 Z=0 C=0 : FWA 40-8F:936F6DA6:00:00 = +1.88717142E+04 : FWB 85-02:C0555584:00:?? = -8.83151367E-39
A68D : ROL 3B         : A=62 X=05 Y=C4 SP=?? N=0 V=0 D=0 I=0 Z=0 C=1 : FWA 40-8F:936F6DA6:00:00 = +1.88717142E+04 : FWB 0A-02:C0555584:00:?? = +8.83151367E-39
A68F : ASL 40         : A=62 X=05 Y=C4 SP=?? N=0 V=0 D=0 I=0 Z=0 C=1 : FWA 40-8F:936F6DA6:00:00 = +1.88717142E+04 : FWB 0A-02:C0555508:00:?? = +8.83151334E-39
A691 : ROL 3F         : A=62 X=05 Y=C4 SP=?? N=1 V=0 D=0 I=0 Z=0 C=0 : FWA 40-8F:936F6DA6:00:00 = +1.88717142E+04 : FWB 0A-02:C055AB08:00:?? = +8.83157359E-39
A693 : ROL 3E         : A=62 X=05 Y=C4 SP=?? N=1 V=0 D=0 I=0 Z=0 C=0 : FWA 40-8F:936F6DA6:00:00 = +1.88717142E+04 : FWB 0A-02:C0AAAB08:00:?? = +8.84681972E-39
A695 : ROL A          : A=C4 X=05 Y=C4 SP=?? N=1 V=0 D=0 I=0 Z=0 C=0 : FWA 40-8F:936F6DA6:00:00 = +1.88717142E+04 : FWB 0A-02:C0AAAB08:00:?? = +8.84681972E-39
A696 : DEX            : A=C4 X=04 Y=C4 SP=?? N=0 V=0 D=0 I=0 Z=0 C=0 : FWA 40-8F:936F6DA6:00:00 = +1.88717142E+04 : FWB 0A-02:C0AAAB08:00:?? = +8.84681972E-39
A697 : BNE A65E       : A=C4 X=04 Y=C4 SP=?? N=0 V=0 D=0 I=0 Z=0 C=0 : FWA 40-8F:936F6DA6:00:00 = +1.88717142E+04 : FWB 0A-02:C0AAAB08:00:?? = +8.84681972E-39
A65E : BCS A676       : A=C4 X=04 Y=C4 SP=?? N=0 V=0 D=0 I=0 Z=0 C=0 : FWA 40-8F:936F6DA6:00:00 = +1.88717142E+04 : FWB 0A-02:C0AAAB08:00:?? = +8.84681972E-39
A660 : CMP 31         : A=C4 X=04 Y=C4 SP=?? N=0 V=0 D=0 I=0 Z=0 C=1 : FWA 40-8F:936F6DA6:00:00 = +1.88717142E+04 : FWB 0A-02:C0AAAB08:00:?? = +8.84681972E-39
A662 : BNE A674       : A=C4 X=04 Y=C4 SP=?? N=0 V=0 D=0 I=0 Z=0 C=1 : FWA 40-8F:936F6DA6:00:00 = +1.88717142E+04 : FWB 0A-02:C0AAAB08:00:?? = +8.84681972E-39
A674 : BCC A68D       : A=C4 X=04 Y=C4 SP=?? N=0 V=0 D=0 I=0 Z=0 C=1 : FWA 40-8F:936F6DA6:00:00 = +1.88717142E+04 : FWB 0A-02:C0AAAB08:00:?? = +8.84681972E-39
A676 : TAY            : A=C4 X=04 Y=C4 SP=?? N=1 V=0 D=0 I=0 Z=0 C=1 : FWA 40-8F:936F6DA6:00:00 = +1.88717142E+04 : FWB 0A-02:C0AAAB08:00:?? = +8.84681972E-39
A677 : LDA 40         : A=08 X=04 Y=C4 SP=?? N=0 V=0 D=0 I=0 Z=0 C=1 : FWA 40-8F:936F6DA6:00:00 = +1.88717142E+04 : FWB 0A-02:C0AAAB08:00:?? = +8.84681972E-39
A679 : SBC 34         : A=62 X=04 Y=C4 SP=?? N=0 V=0 D=0 I=0 Z=0 C=0 : FWA 40-8F:936F6DA6:00:00 = +1.88717142E+04 : FWB 0A-02:C0AAAB08:00:?? = +8.84681972E-39
A67B : STA 40         : A=62 X=04 Y=C4 SP=?? N=0 V=0 D=0 I=0 Z=0 C=0 : FWA 40-8F:936F6DA6:00:00 = +1.88717142E+04 : FWB 0A-02:C0AAAB62:00:?? = +8.84681996E-39
A67D : LDA 3F         : A=AB X=04 Y=C4 SP=?? N=1 V=0 D=0 I=0 Z=0 C=0 : FWA 40-8F:936F6DA6:00:00 = +1.88717142E+04 : FWB 0A-02:C0AAAB62:00:?? = +8.84681996E-39
A67F : SBC 33         : A=3D X=04 Y=C4 SP=?? N=0 V=1 D=0 I=0 Z=0 C=1 : FWA 40-8F:936F6DA6:00:00 = +1.88717142E+04 : FWB 0A-02:C0AAAB62:00:?? = +8.84681996E-39
A681 : STA 3F         : A=3D X=04 Y=C4 SP=?? N=0 V=1 D=0 I=0 Z=0 C=1 : FWA 40-8F:936F6DA6:00:00 = +1.88717142E+04 : FWB 0A-02:C0AA3D62:00:?? = +8.84674289E-39
A683 : LDA 3E         : A=AA X=04 Y=C4 SP=?? N=1 V=1 D=0 I=0 Z=0 C=1 : FWA 40-8F:936F6DA6:00:00 = +1.88717142E+04 : FWB 0A-02:C0AA3D62:00:?? = +8.84674289E-39
A685 : SBC 32         : A=3B X=04 Y=C4 SP=?? N=0 V=1 D=0 I=0 Z=0 C=1 : FWA 40-8F:936F6DA6:00:00 = +1.88717142E+04 : FWB 0A-02:C0AA3D62:00:?? = +8.84674289E-39
A687 : STA 3E         : A=3B X=04 Y=C4 SP=?? N=0 V=1 D=0 I=0 Z=0 C=1 : FWA 40-8F:936F6DA6:00:00 = +1.88717142E+04 : FWB 0A-02:C03B3D62:00:?? = +8.82683324E-39
A689 : TYA            : A=C4 X=04 Y=C4 SP=?? N=1 V=1 D=0 I=0 Z=0 C=1 : FWA 40-8F:936F6DA6:00:00 = +1.88717142E+04 : FWB 0A-02:C03B3D62:00:?? = +8.82683324E-39
A68A : SBC 31         : A=31 X=04 Y=C4 SP=?? N=0 V=0 D=0 I=0 Z=0 C=1 : FWA 40-8F:936F6DA6:00:00 = +1.88717142E+04 : FWB 0A-02:C03B3D62:00:?? = +8.82683324E-39
A68C : SEC            : A=31 X=04 Y=C4 SP=?? N=0 V=0 D=0 I=0 Z=0 C=1 : FWA 40-8F:936F6DA6:00:00 = +1.88717142E+04 : FWB 0A-02:C03B3D62:00:?? = +8.82683324E-39
A68D : ROL 3B         : A=31 X=04 Y=C4 SP=?? N=0 V=0 D=0 I=0 Z=0 C=0 : FWA 40-8F:936F6DA6:00:00 = +1.88717142E+04 : FWB 15-02:C03B3D62:00:?? = +8.82683324E-39
A68F : ASL 40         : A=31 X=04 Y=C4 SP=?? N=1 V=0 D=0 I=0 Z=0 C=0 : FWA 40-8F:936F6DA6:00:00 = +1.88717142E+04 : FWB 15-02:C03B3DC4:00:?? = +8.82683351E-39
A691 : ROL 3F         : A=31 X=04 Y=C4 SP=?? N=0 V=0 D=0 I=0 Z=0 C=0 : FWA 40-8F:936F6DA6:00:00 = +1.88717142E+04 : FWB 15-02:C03B7AC4:00:?? = +8.82687625E-39
A693 : ROL 3E         : A=31 X=04 Y=C4 SP=?? N=0 V=0 D=0 I=0 Z=0 C=0 : FWA 40-8F:936F6DA6:00:00 = +1.88717142E+04 : FWB 15-02:C0767AC4:00:?? = +8.83745886E-39
A695 : ROL A          : A=62 X=04 Y=C4 SP=?? N=0 V=0 D=0 I=0 Z=0 C=0 : FWA 40-8F:936F6DA6:00:00 = +1.88717142E+04 : FWB 15-02:C0767AC4:00:?? = +8.83745886E-39
A696 : DEX            : A=62 X=03 Y=C4 SP=?? N=0 V=0 D=0 I=0 Z=0 C=0 : FWA 40-8F:936F6DA6:00:00 = +1.88717142E+04 : FWB 15-02:C0767AC4:00:?? = +8.83745886E-39
A697 : BNE A65E       : A=62 X=03 Y=C4 SP=?? N=0 V=0 D=0 I=0 Z=0 C=0 : FWA 40-8F:936F6DA6:00:00 = +1.88717142E+04 : FWB 15-02:C0767AC4:00:?? = +8.83745886E-39
A65E : BCS A676       : A=62 X=03 Y=C4 SP=?? N=0 V=0 D=0 I=0 Z=0 C=0 : FWA 40-8F:936F6DA6:00:00 = +1.88717142E+04 : FWB 15-02:C0767AC4:00:?? = +8.83745886E-39
A660 : CMP 31         : A=62 X=03 Y=C4 SP=?? N=1 V=0 D=0 I=0 Z=0 C=0 : FWA 40-8F:936F6DA6:00:00 = +1.88717142E+04 : FWB 15-02:C0767AC4:00:?? = +8.83745886E-39
A662 : BNE A674       : A=62 X=03 Y=C4 SP=?? N=1 V=0 D=0 I=0 Z=0 C=0 : FWA 40-8F:936F6DA6:00:00 = +1.88717142E+04 : FWB 15-02:C0767AC4:00:?? = +8.83745886E-39
A674 : BCC A68D       : A=62 X=03 Y=C4 SP=?? N=1 V=0 D=0 I=0 Z=0 C=0 : FWA 40-8F:936F6DA6:00:00 = +1.88717142E+04 : FWB 15-02:C0767AC4:00:?? = +8.83745886E-39
A68D : ROL 3B         : A=62 X=03 Y=C4 SP=?? N=0 V=0 D=0 I=0 Z=0 C=0 : FWA 40-8F:936F6DA6:00:00 = +1.88717142E+04 : FWB 2A-02:C0767AC4:00:?? = +8.83745886E-39
A68F : ASL 40         : A=62 X=03 Y=C4 SP=?? N=1 V=0 D=0 I=0 Z=0 C=1 : FWA 40-8F:936F6DA6:00:00 = +1.88717142E+04 : FWB 2A-02:C0767A88:00:?? = +8.83745869E-39
A691 : ROL 3F         : A=62 X=03 Y=C4 SP=?? N=1 V=0 D=0 I=0 Z=0 C=0 : FWA 40-8F:936F6DA6:00:00 = +1.88717142E+04 : FWB 2A-02:C076F588:00:?? = +8.83754487E-39
A693 : ROL 3E         : A=62 X=03 Y=C4 SP=?? N=1 V=0 D=0 I=0 Z=0 C=0 : FWA 40-8F:936F6DA6:00:00 = +1.88717142E+04 : FWB 2A-02:C0ECF588:00:?? = +8.85871009E-39
A695 : ROL A          : A=C4 X=03 Y=C4 SP=?? N=1 V=0 D=0 I=0 Z=0 C=0 : FWA 40-8F:936F6DA6:00:00 = +1.88717142E+04 : FWB 2A-02:C0ECF588:00:?? = +8.85871009E-39
A696 : DEX            : A=C4 X=02 Y=C4 SP=?? N=0 V=0 D=0 I=0 Z=0 C=0 : FWA 40-8F:936F6DA6:00:00 = +1.88717142E+04 : FWB 2A-02:C0ECF588:00:?? = +8.85871009E-39
A697 : BNE A65E       : A=C4 X=02 Y=C4 SP=?? N=0 V=0 D=0 I=0 Z=0 C=0 : FWA 40-8F:936F6DA6:00:00 = +1.88717142E+04 : FWB 2A-02:C0ECF588:00:?? = +8.85871009E-39
A65E : BCS A676       : A=C4 X=02 Y=C4 SP=?? N=0 V=0 D=0 I=0 Z=0 C=0 : FWA 40-8F:936F6DA6:00:00 = +1.88717142E+04 : FWB 2A-02:C0ECF588:00:?? = +8.85871009E-39
A660 : CMP 31         : A=C4 X=02 Y=C4 SP=?? N=0 V=0 D=0 I=0 Z=0 C=1 : FWA 40-8F:936F6DA6:00:00 = +1.88717142E+04 : FWB 2A-02:C0ECF588:00:?? = +8.85871009E-39
A662 : BNE A674       : A=C4 X=02 Y=C4 SP=?? N=0 V=0 D=0 I=0 Z=0 C=1 : FWA 40-8F:936F6DA6:00:00 = +1.88717142E+04 : FWB 2A-02:C0ECF588:00:?? = +8.85871009E-39
A674 : BCC A68D       : A=C4 X=02 Y=C4 SP=?? N=0 V=0 D=0 I=0 Z=0 C=1 : FWA 40-8F:936F6DA6:00:00 = +1.88717142E+04 : FWB 2A-02:C0ECF588:00:?? = +8.85871009E-39
A676 : TAY            : A=C4 X=02 Y=C4 SP=?? N=1 V=0 D=0 I=0 Z=0 C=1 : FWA 40-8F:936F6DA6:00:00 = +1.88717142E+04 : FWB 2A-02:C0ECF588:00:?? = +8.85871009E-39
A677 : LDA 40         : A=88 X=02 Y=C4 SP=?? N=1 V=0 D=0 I=0 Z=0 C=1 : FWA 40-8F:936F6DA6:00:00 = +1.88717142E+04 : FWB 2A-02:C0ECF588:00:?? = +8.85871009E-39
A679 : SBC 34         : A=E2 X=02 Y=C4 SP=?? N=1 V=0 D=0 I=0 Z=0 C=0 : FWA 40-8F:936F6DA6:00:00 = +1.88717142E+04 : FWB 2A-02:C0ECF588:00:?? = +8.85871009E-39
A67B : STA 40         : A=E2 X=02 Y=C4 SP=?? N=1 V=0 D=0 I=0 Z=0 C=0 : FWA 40-8F:936F6DA6:00:00 = +1.88717142E+04 : FWB 2A-02:C0ECF5E2:00:?? = +8.85871033E-39
A67D : LDA 3F         : A=F5 X=02 Y=C4 SP=?? N=1 V=0 D=0 I=0 Z=0 C=0 : FWA 40-8F:936F6DA6:00:00 = +1.88717142E+04 : FWB 2A-02:C0ECF5E2:00:?? = +8.85871033E-39
A67F : SBC 33         : A=87 X=02 Y=C4 SP=?? N=1 V=0 D=0 I=0 Z=0 C=1 : FWA 40-8F:936F6DA6:00:00 = +1.88717142E+04 : FWB 2A-02:C0ECF5E2:00:?? = +8.85871033E-39
A681 : STA 3F         : A=87 X=02 Y=C4 SP=?? N=1 V=0 D=0 I=0 Z=0 C=1 : FWA 40-8F:936F6DA6:00:00 = +1.88717142E+04 : FWB 2A-02:C0EC87E2:00:?? = +8.85863326E-39
A683 : LDA 3E         : A=EC X=02 Y=C4 SP=?? N=1 V=0 D=0 I=0 Z=0 C=1 : FWA 40-8F:936F6DA6:00:00 = +1.88717142E+04 : FWB 2A-02:C0EC87E2:00:?? = +8.85863326E-39
A685 : SBC 32         : A=7D X=02 Y=C4 SP=?? N=0 V=1 D=0 I=0 Z=0 C=1 : FWA 40-8F:936F6DA6:00:00 = +1.88717142E+04 : FWB 2A-02:C0EC87E2:00:?? = +8.85863326E-39
A687 : STA 3E         : A=7D X=02 Y=C4 SP=?? N=0 V=1 D=0 I=0 Z=0 C=1 : FWA 40-8F:936F6DA6:00:00 = +1.88717142E+04 : FWB 2A-02:C07D87E2:00:?? = +8.83872361E-39
A689 : TYA            : A=C4 X=02 Y=C4 SP=?? N=1 V=1 D=0 I=0 Z=0 C=1 : FWA 40-8F:936F6DA6:00:00 = +1.88717142E+04 : FWB 2A-02:C07D87E2:00:?? = +8.83872361E-39
A68A : SBC 31         : A=31 X=02 Y=C4 SP=?? N=0 V=0 D=0 I=0 Z=0 C=1 : FWA 40-8F:936F6DA6:00:00 = +1.88717142E+04 : FWB 2A-02:C07D87E2:00:?? = +8.83872361E-39
A68C : SEC            : A=31 X=02 Y=C4 SP=?? N=0 V=0 D=0 I=0 Z=0 C=1 : FWA 40-8F:936F6DA6:00:00 = +1.88717142E+04 : FWB 2A-02:C07D87E2:00:?? = +8.83872361E-39
A68D : ROL 3B         : A=31 X=02 Y=C4 SP=?? N=0 V=0 D=0 I=0 Z=0 C=0 : FWA 40-8F:936F6DA6:00:00 = +1.88717142E+04 : FWB 55-02:C07D87E2:00:?? = +8.83872361E-39
A68F : ASL 40         : A=31 X=02 Y=C4 SP=?? N=1 V=0 D=0 I=0 Z=0 C=1 : FWA 40-8F:936F6DA6:00:00 = +1.88717142E+04 : FWB 55-02:C07D87C4:00:?? = +8.83872353E-39
A691 : ROL 3F         : A=31 X=02 Y=C4 SP=?? N=0 V=0 D=0 I=0 Z=0 C=1 : FWA 40-8F:936F6DA6:00:00 = +1.88717142E+04 : FWB 55-02:C07D0FC4:00:?? = +8.83863945E-39
A693 : ROL 3E         : A=31 X=02 Y=C4 SP=?? N=1 V=0 D=0 I=0 Z=0 C=0 : FWA 40-8F:936F6DA6:00:00 = +1.88717142E+04 : FWB 55-02:C0FB0FC4:00:?? = +8.86123959E-39
A695 : ROL A          : A=62 X=02 Y=C4 SP=?? N=0 V=0 D=0 I=0 Z=0 C=0 : FWA 40-8F:936F6DA6:00:00 = +1.88717142E+04 : FWB 55-02:C0FB0FC4:00:?? = +8.86123959E-39
A696 : DEX            : A=62 X=01 Y=C4 SP=?? N=0 V=0 D=0 I=0 Z=0 C=0 : FWA 40-8F:936F6DA6:00:00 = +1.88717142E+04 : FWB 55-02:C0FB0FC4:00:?? = +8.86123959E-39
A697 : BNE A65E       : A=62 X=01 Y=C4 SP=?? N=0 V=0 D=0 I=0 Z=0 C=0 : FWA 40-8F:936F6DA6:00:00 = +1.88717142E+04 : FWB 55-02:C0FB0FC4:00:?? = +8.86123959E-39
A65E : BCS A676       : A=62 X=01 Y=C4 SP=?? N=0 V=0 D=0 I=0 Z=0 C=0 : FWA 40-8F:936F6DA6:00:00 = +1.88717142E+04 : FWB 55-02:C0FB0FC4:00:?? = +8.86123959E-39
A660 : CMP 31         : A=62 X=01 Y=C4 SP=?? N=1 V=0 D=0 I=0 Z=0 C=0 : FWA 40-8F:936F6DA6:00:00 = +1.88717142E+04 : FWB 55-02:C0FB0FC4:00:?? = +8.86123959E-39
A662 : BNE A674       : A=62 X=01 Y=C4 SP=?? N=1 V=0 D=0 I=0 Z=0 C=0 : FWA 40-8F:936F6DA6:00:00 = +1.88717142E+04 : FWB 55-02:C0FB0FC4:00:?? = +8.86123959E-39
A674 : BCC A68D       : A=62 X=01 Y=C4 SP=?? N=1 V=0 D=0 I=0 Z=0 C=0 : FWA 40-8F:936F6DA6:00:00 = +1.88717142E+04 : FWB 55-02:C0FB0FC4:00:?? = +8.86123959E-39
A68D : ROL 3B         : A=62 X=01 Y=C4 SP=?? N=1 V=0 D=0 I=0 Z=0 C=0 : FWA 40-8F:936F6DA6:00:00 = +1.88717142E+04 : FWB AA-02:C0FB0FC4:00:?? = -8.86123959E-39
A68F : ASL 40         : A=62 X=01 Y=C4 SP=?? N=1 V=0 D=0 I=0 Z=0 C=1 : FWA 40-8F:936F6DA6:00:00 = +1.88717142E+04 : FWB AA-02:C0FB0F88:00:?? = -8.86123943E-39
A691 : ROL 3F         : A=62 X=01 Y=C4 SP=?? N=0 V=0 D=0 I=0 Z=0 C=0 : FWA 40-8F:936F6DA6:00:00 = +1.88717142E+04 : FWB AA-02:C0FB1F88:00:?? = -8.86125064E-39
A693 : ROL 3E         : A=62 X=01 Y=C4 SP=?? N=1 V=0 D=0 I=0 Z=0 C=1 : FWA 40-8F:936F6DA6:00:00 = +1.88717142E+04 : FWB AA-02:C0F61F88:00:?? = -8.86035381E-39
A695 : ROL A          : A=C5 X=01 Y=C4 SP=?? N=1 V=0 D=0 I=0 Z=0 C=0 : FWA 40-8F:936F6DA6:00:00 = +1.88717142E+04 : FWB AA-02:C0F61F88:00:?? = -8.86035381E-39
A696 : DEX            : A=C5 X=00 Y=C4 SP=?? N=0 V=0 D=0 I=0 Z=1 C=0 : FWA 40-8F:936F6DA6:00:00 = +1.88717142E+04 : FWB AA-02:C0F61F88:00:?? = -8.86035381E-39
A697 : BNE A65E       : A=C5 X=00 Y=C4 SP=?? N=0 V=0 D=0 I=0 Z=1 C=0 : FWA 40-8F:936F6DA6:00:00 = +1.88717142E+04 : FWB AA-02:C0F61F88:00:?? = -8.86035381E-39
A699 : LDX 3B         : A=C5 X=AA Y=C4 SP=?? N=1 V=0 D=0 I=0 Z=0 C=0 : FWA 40-8F:936F6DA6:00:00 = +1.88717142E+04 : FWB AA-02:C0F61F88:00:?? = -8.86035381E-39
A69B : PHX            : A=C5 X=AA Y=C4 SP=?? N=1 V=0 D=0 I=0 Z=0 C=0 : FWA 40-8F:936F6DA6:00:00 = +1.88717142E+04 : FWB AA-02:C0F61F88:00:?? = -8.86035381E-39
A69C : DEC 3C         : A=C5 X=AA Y=C4 SP=?? N=0 V=0 D=0 I=0 Z=0 C=0 : FWA 40-8F:936F6DA6:00:00 = +1.88717142E+04 : FWB AA-01:C0F61F88:00:?? = -4.43017690E-39
A69E : BNE A65C       : A=C5 X=AA Y=C4 SP=?? N=0 V=0 D=0 I=0 Z=0 C=0 : FWA 40-8F:936F6DA6:00:00 = +1.88717142E+04 : FWB AA-01:C0F61F88:00:?? = -4.43017690E-39
A65C : LDX #08        : A=C5 X=08 Y=C4 SP=?? N=0 V=0 D=0 I=0 Z=0 C=0 : FWA 40-8F:936F6DA6:00:00 = +1.88717142E+04 : FWB AA-01:C0F61F88:00:?? = -4.43017690E-39
A65E : BCS A676       : A=C5 X=08 Y=C4 SP=?? N=0 V=0 D=0 I=0 Z=0 C=0 : FWA 40-8F:936F6DA6:00:00 = +1.88717142E+04 : FWB AA-01:C0F61F88:00:?? = -4.43017690E-39
A660 : CMP 31         : A=C5 X=08 Y=C4 SP=?? N=0 V=0 D=0 I=0 Z=0 C=1 : FWA 40-8F:936F6DA6:00:00 = +1.88717142E+04 : FWB AA-01:C0F61F88:00:?? = -4.43017690E-39
A662 : BNE A674       : A=C5 X=08 Y=C4 SP=?? N=0 V=0 D=0 I=0 Z=0 C=1 : FWA 40-8F:936F6DA6:00:00 = +1.88717142E+04 : FWB AA-01:C0F61F88:00:?? = -4.43017690E-39
A674 : BCC A68D       : A=C5 X=08 Y=C4 SP=?? N=0 V=0 D=0 I=0 Z=0 C=1 : FWA 40-8F:936F6DA6:00:00 = +1.88717142E+04 : FWB AA-01:C0F61F88:00:?? = -4.43017690E-39
A676 : TAY            : A=C5 X=08 Y=C5 SP=?? N=1 V=0 D=0 I=0 Z=0 C=1 : FWA 40-8F:936F6DA6:00:00 = +1.88717142E+04 : FWB AA-01:C0F61F88:00:?? = -4.43017690E-39
A677 : LDA 40         : A=88 X=08 Y=C5 SP=?? N=1 V=0 D=0 I=0 Z=0 C=1 : FWA 40-8F:936F6DA6:00:00 = +1.88717142E+04 : FWB AA-01:C0F61F88:00:?? = -4.43017690E-39
A679 : SBC 34         : A=E2 X=08 Y=C5 SP=?? N=1 V=0 D=0 I=0 Z=0 C=0 : FWA 40-8F:936F6DA6:00:00 = +1.88717142E+04 : FWB AA-01:C0F61F88:00:?? = -4.43017690E-39
A67B : STA 40         : A=E2 X=08 Y=C5 SP=?? N=1 V=0 D=0 I=0 Z=0 C=0 : FWA 40-8F:936F6DA6:00:00 = +1.88717142E+04 : FWB AA-01:C0F61FE2:00:?? = -4.43017703E-39
A67D : LDA 3F         : A=1F X=08 Y=C5 SP=?? N=0 V=0 D=0 I=0 Z=0 C=0 : FWA 40-8F:936F6DA6:00:00 = +1.88717142E+04 : FWB AA-01:C0F61FE2:00:?? = -4.43017703E-39
A67F : SBC 33         : A=B1 X=08 Y=C5 SP=?? N=1 V=0 D=0 I=0 Z=0 C=0 : FWA 40-8F:936F6DA6:00:00 = +1.88717142E+04 : FWB AA-01:C0F61FE2:00:?? = -4.43017703E-39
A681 : STA 3F         : A=B1 X=08 Y=C5 SP=?? N=1 V=0 D=0 I=0 Z=0 C=0 : FWA 40-8F:936F6DA6:00:00 = +1.88717142E+04 : FWB AA-01:C0F6B1E2:00:?? = -4.43022818E-39
A683 : LDA 3E         : A=F6 X=08 Y=C5 SP=?? N=1 V=0 D=0 I=0 Z=0 C=0 : FWA 40-8F:936F6DA6:00:00 = +1.88717142E+04 : FWB AA-01:C0F6B1E2:00:?? = -4.43022818E-39
A685 : SBC 32         : A=86 X=08 Y=C5 SP=?? N=1 V=0 D=0 I=0 Z=0 C=1 : FWA 40-8F:936F6DA6:00:00 = +1.88717142E+04 : FWB AA-01:C0F6B1E2:00:?? = -4.43022818E-39
A687 : STA 3E         : A=86 X=08 Y=C5 SP=?? N=1 V=0 D=0 I=0 Z=0 C=1 : FWA 40-8F:936F6DA6:00:00 = +1.88717142E+04 : FWB AA-01:C086B1E2:00:?? = -4.42018367E-39
A689 : TYA            : A=C5 X=08 Y=C5 SP=?? N=1 V=0 D=0 I=0 Z=0 C=1 : FWA 40-8F:936F6DA6:00:00 = +1.88717142E+04 : FWB AA-01:C086B1E2:00:?? = -4.42018367E-39
A68A : SBC 31         : A=32 X=08 Y=C5 SP=?? N=0 V=0 D=0 I=0 Z=0 C=1 : FWA 40-8F:936F6DA6:00:00 = +1.88717142E+04 : FWB AA-01:C086B1E2:00:?? = -4.42018367E-39
A68C : SEC            : A=32 X=08 Y=C5 SP=?? N=0 V=0 D=0 I=0 Z=0 C=1 : FWA 40-8F:936F6DA6:00:00 = +1.88717142E+04 : FWB AA-01:C086B1E2:00:?? = -4.42018367E-39
A68D : ROL 3B         : A=32 X=08 Y=C5 SP=?? N=0 V=0 D=0 I=0 Z=0 C=1 : FWA 40-8F:936F6DA6:00:00 = +1.88717142E+04 : FWB 55-01:C086B1E2:00:?? = +4.42018367E-39
A68F : ASL 40         : A=32 X=08 Y=C5 SP=?? N=1 V=0 D=0 I=0 Z=0 C=1 : FWA 40-8F:936F6DA6:00:00 = +1.88717142E+04 : FWB 55-01:C086B1C4:00:?? = +4.42018363E-39
A691 : ROL 3F         : A=32 X=08 Y=C5 SP=?? N=0 V=0 D=0 I=0 Z=0 C=1 : FWA 40-8F:936F6DA6:00:00 = +1.88717142E+04 : FWB 55-01:C08663C4:00:?? = +4.42015630E-39
A693 : ROL 3E         : A=32 X=08 Y=C5 SP=?? N=0 V=0 D=0 I=0 Z=0 C=1 : FWA 40-8F:936F6DA6:00:00 = +1.88717142E+04 : FWB 55-01:C00D63C4:00:?? = +4.40930465E-39
A695 : ROL A          : A=65 X=08 Y=C5 SP=?? N=0 V=0 D=0 I=0 Z=0 C=0 : FWA 40-8F:936F6DA6:00:00 = +1.88717142E+04 : FWB 55-01:C00D63C4:00:?? = +4.40930465E-39
A696 : DEX            : A=65 X=07 Y=C5 SP=?? N=0 V=0 D=0 I=0 Z=0 C=0 : FWA 40-8F:936F6DA6:00:00 = +1.88717142E+04 : FWB 55-01:C00D63C4:00:?? = +4.40930465E-39
A697 : BNE A65E       : A=65 X=07 Y=C5 SP=?? N=0 V=0 D=0 I=0 Z=0 C=0 : FWA 40-8F:936F6DA6:00:00 = +1.88717142E+04 : FWB 55-01:C00D63C4:00:?? = +4.40930465E-39
A65E : BCS A676       : A=65 X=07 Y=C5 SP=?? N=0 V=0 D=0 I=0 Z=0 C=0 : FWA 40-8F:936F6DA6:00:00 = +1.88717142E+04 : FWB 55-01:C00D63C4:00:?? = +4.40930465E-39
A660 : CMP 31         : A=65 X=07 Y=C5 SP=?? N=1 V=0 D=0 I=0 Z=0 C=0 : FWA 40-8F:936F6DA6:00:00 = +1.88717142E+04 : FWB 55-01:C00D63C4:00:?? = +4.40930465E-39
A662 : BNE A674       : A=65 X=07 Y=C5 SP=?? N=1 V=0 D=0 I=0 Z=0 C=0 : FWA 40-8F:936F6DA6:00:00 = +1.88717142E+04 : FWB 55-01:C00D63C4:00:?? = +4.40930465E-39
A674 : BCC A68D       : A=65 X=07 Y=C5 SP=?? N=1 V=0 D=0 I=0 Z=0 C=0 : FWA 40-8F:936F6DA6:00:00 = +1.88717142E+04 : FWB 55-01:C00D63C4:00:?? = +4.40930465E-39
A68D : ROL 3B         : A=65 X=07 Y=C5 SP=?? N=1 V=0 D=0 I=0 Z=0 C=0 : FWA 40-8F:936F6DA6:00:00 = +1.88717142E+04 : FWB AA-01:C00D63C4:00:?? = -4.40930465E-39
A68F : ASL 40         : A=65 X=07 Y=C5 SP=?? N=1 V=0 D=0 I=0 Z=0 C=1 : FWA 40-8F:936F6DA6:00:00 = +1.88717142E+04 : FWB AA-01:C00D6388:00:?? = -4.40930456E-39
A691 : ROL 3F         : A=65 X=07 Y=C5 SP=?? N=1 V=0 D=0 I=0 Z=0 C=0 : FWA 40-8F:936F6DA6:00:00 = +1.88717142E+04 : FWB AA-01:C00DC788:00:?? = -4.40933960E-39
A693 : ROL 3E         : A=65 X=07 Y=C5 SP=?? N=0 V=0 D=0 I=0 Z=0 C=0 : FWA 40-8F:936F6DA6:00:00 = +1.88717142E+04 : FWB AA-01:C01AC788:00:?? = -4.41050548E-39
A695 : ROL A          : A=CA X=07 Y=C5 SP=?? N=1 V=0 D=0 I=0 Z=0 C=0 : FWA 40-8F:936F6DA6:00:00 = +1.88717142E+04 : FWB AA-01:C01AC788:00:?? = -4.41050548E-39
A696 : DEX            : A=CA X=06 Y=C5 SP=?? N=0 V=0 D=0 I=0 Z=0 C=0 : FWA 40-8F:936F6DA6:00:00 = +1.88717142E+04 : FWB AA-01:C01AC788:00:?? = -4.41050548E-39
A697 : BNE A65E       : A=CA X=06 Y=C5 SP=?? N=0 V=0 D=0 I=0 Z=0 C=0 : FWA 40-8F:936F6DA6:00:00 = +1.88717142E+04 : FWB AA-01:C01AC788:00:?? = -4.41050548E-39
A65E : BCS A676       : A=CA X=06 Y=C5 SP=?? N=0 V=0 D=0 I=0 Z=0 C=0 : FWA 40-8F:936F6DA6:00:00 = +1.88717142E+04 : FWB AA-01:C01AC788:00:?? = -4.41050548E-39
A660 : CMP 31         : A=CA X=06 Y=C5 SP=?? N=0 V=0 D=0 I=0 Z=0 C=1 : FWA 40-8F:936F6DA6:00:00 = +1.88717142E+04 : FWB AA-01:C01AC788:00:?? = -4.41050548E-39
A662 : BNE A674       : A=CA X=06 Y=C5 SP=?? N=0 V=0 D=0 I=0 Z=0 C=1 : FWA 40-8F:936F6DA6:00:00 = +1.88717142E+04 : FWB AA-01:C01AC788:00:?? = -4.41050548E-39
A674 : BCC A68D       : A=CA X=06 Y=C5 SP=?? N=0 V=0 D=0 I=0 Z=0 C=1 : FWA 40-8F:936F6DA6:00:00 = +1.88717142E+04 : FWB AA-01:C01AC788:00:?? = -4.41050548E-39
A676 : TAY            : A=CA X=06 Y=CA SP=?? N=1 V=0 D=0 I=0 Z=0 C=1 : FWA 40-8F:936F6DA6:00:00 = +1.88717142E+04 : FWB AA-01:C01AC788:00:?? = -4.41050548E-39
A677 : LDA 40         : A=88 X=06 Y=CA SP=?? N=1 V=0 D=0 I=0 Z=0 C=1 : FWA 40-8F:936F6DA6:00:00 = +1.88717142E+04 : FWB AA-01:C01AC788:00:?? = -4.41050548E-39
A679 : SBC 34         : A=E2 X=06 Y=CA SP=?? N=1 V=0 D=0 I=0 Z=0 C=0 : FWA 40-8F:936F6DA6:00:00 = +1.88717142E+04 : FWB AA-01:C01AC788:00:?? = -4.41050548E-39
A67B : STA 40         : A=E2 X=06 Y=CA SP=?? N=1 V=0 D=0 I=0 Z=0 C=0 : FWA 40-8F:936F6DA6:00:00 = +1.88717142E+04 : FWB AA-01:C01AC7E2:00:?? = -4.41050560E-39
A67D : LDA 3F         : A=C7 X=06 Y=CA SP=?? N=1 V=0 D=0 I=0 Z=0 C=0 : FWA 40-8F:936F6DA6:00:00 = +1.88717142E+04 : FWB AA-01:C01AC7E2:00:?? = -4.41050560E-39
A67F : SBC 33         : A=59 X=06 Y=CA SP=?? N=0 V=1 D=0 I=0 Z=0 C=1 : FWA 40-8F:936F6DA6:00:00 = +1.88717142E+04 : FWB AA-01:C01AC7E2:00:?? = -4.41050560E-39
A681 : STA 3F         : A=59 X=06 Y=CA SP=?? N=0 V=1 D=0 I=0 Z=0 C=1 : FWA 40-8F:936F6DA6:00:00 = +1.88717142E+04 : FWB AA-01:C01A59E2:00:?? = -4.41046706E-39
A683 : LDA 3E         : A=1A X=06 Y=CA SP=?? N=0 V=1 D=0 I=0 Z=0 C=1 : FWA 40-8F:936F6DA6:00:00 = +1.88717142E+04 : FWB AA-01:C01A59E2:00:?? = -4.41046706E-39
A685 : SBC 32         : A=AB X=06 Y=CA SP=?? N=1 V=0 D=0 I=0 Z=0 C=0 : FWA 40-8F:936F6DA6:00:00 = +1.88717142E+04 : FWB AA-01:C01A59E2:00:?? = -4.41046706E-39
A687 : STA 3E         : A=AB X=06 Y=CA SP=?? N=1 V=0 D=0 I=0 Z=0 C=0 : FWA 40-8F:936F6DA6:00:00 = +1.88717142E+04 : FWB AA-01:C0AB59E2:00:?? = -4.42347111E-39
A689 : TYA            : A=CA X=06 Y=CA SP=?? N=1 V=0 D=0 I=0 Z=0 C=0 : FWA 40-8F:936F6DA6:00:00 = +1.88717142E+04 : FWB AA-01:C0AB59E2:00:?? = -4.42347111E-39
A68A : SBC 31         : A=36 X=06 Y=CA SP=?? N=0 V=0 D=0 I=0 Z=0 C=1 : FWA 40-8F:936F6DA6:00:00 = +1.88717142E+04 : FWB AA-01:C0AB59E2:00:?? = -4.42347111E-39
A68C : SEC            : A=36 X=06 Y=CA SP=?? N=0 V=0 D=0 I=0 Z=0 C=1 : FWA 40-8F:936F6DA6:00:00 = +1.88717142E+04 : FWB AA-01:C0AB59E2:00:?? = -4.42347111E-39
A68D : ROL 3B         : A=36 X=06 Y=CA SP=?? N=0 V=0 D=0 I=0 Z=0 C=1 : FWA 40-8F:936F6DA6:00:00 = +1.88717142E+04 : FWB 55-01:C0AB59E2:00:?? = +4.42347111E-39
A68F : ASL 40         : A=36 X=06 Y=CA SP=?? N=1 V=0 D=0 I=0 Z=0 C=1 : FWA 40-8F:936F6DA6:00:00 = +1.88717142E+04 : FWB 55-01:C0AB59C4:00:?? = +4.42347107E-39
A691 : ROL 3F         : A=36 X=06 Y=CA SP=?? N=1 V=0 D=0 I=0 Z=0 C=0 : FWA 40-8F:936F6DA6:00:00 = +1.88717142E+04 : FWB 55-01:C0ABB3C4:00:?? = +4.42350260E-39
A693 : ROL 3E         : A=36 X=06 Y=CA SP=?? N=0 V=0 D=0 I=0 Z=0 C=1 : FWA 40-8F:936F6DA6:00:00 = +1.88717142E+04 : FWB 55-01:C056B3C4:00:?? = +4.41587954E-39
A695 : ROL A          : A=6D X=06 Y=CA SP=?? N=0 V=0 D=0 I=0 Z=0 C=0 : FWA 40-8F:936F6DA6:00:00 = +1.88717142E+04 : FWB 55-01:C056B3C4:00:?? = +4.41587954E-39
A696 : DEX            : A=6D X=05 Y=CA SP=?? N=0 V=0 D=0 I=0 Z=0 C=0 : FWA 40-8F:936F6DA6:00:00 = +1.88717142E+04 : FWB 55-01:C056B3C4:00:?? = +4.41587954E-39
A697 : BNE A65E       : A=6D X=05 Y=CA SP=?? N=0 V=0 D=0 I=0 Z=0 C=0 : FWA 40-8F:936F6DA6:00:00 = +1.88717142E+04 : FWB 55-01:C056B3C4:00:?? = +4.41587954E-39
A65E : BCS A676       : A=6D X=05 Y=CA SP=?? N=0 V=0 D=0 I=0 Z=0 C=0 : FWA 40-8F:936F6DA6:00:00 = +1.88717142E+04 : FWB 55-01:C056B3C4:00:?? = +4.41587954E-39
A660 : CMP 31         : A=6D X=05 Y=CA SP=?? N=1 V=0 D=0 I=0 Z=0 C=0 : FWA 40-8F:936F6DA6:00:00 = +1.88717142E+04 : FWB 55-01:C056B3C4:00:?? = +4.41587954E-39
A662 : BNE A674       : A=6D X=05 Y=CA SP=?? N=1 V=0 D=0 I=0 Z=0 C=0 : FWA 40-8F:936F6DA6:00:00 = +1.88717142E+04 : FWB 55-01:C056B3C4:00:?? = +4.41587954E-39
A674 : BCC A68D       : A=6D X=05 Y=CA SP=?? N=1 V=0 D=0 I=0 Z=0 C=0 : FWA 40-8F:936F6DA6:00:00 = +1.88717142E+04 : FWB 55-01:C056B3C4:00:?? = +4.41587954E-39
A68D : ROL 3B         : A=6D X=05 Y=CA SP=?? N=1 V=0 D=0 I=0 Z=0 C=0 : FWA 40-8F:936F6DA6:00:00 = +1.88717142E+04 : FWB AA-01:C056B3C4:00:?? = -4.41587954E-39
A68F : ASL 40         : A=6D X=05 Y=CA SP=?? N=1 V=0 D=0 I=0 Z=0 C=1 : FWA 40-8F:936F6DA6:00:00 = +1.88717142E+04 : FWB AA-01:C056B388:00:?? = -4.41587946E-39
A691 : ROL 3F         : A=6D X=05 Y=CA SP=?? N=0 V=0 D=0 I=0 Z=0 C=1 : FWA 40-8F:936F6DA6:00:00 = +1.88717142E+04 : FWB AA-01:C0566788:00:?? = -4.41585283E-39
A693 : ROL 3E         : A=6D X=05 Y=CA SP=?? N=1 V=0 D=0 I=0 Z=0 C=0 : FWA 40-8F:936F6DA6:00:00 = +1.88717142E+04 : FWB AA-01:C0AD6788:00:?? = -4.42365526E-39
A695 : ROL A          : A=DA X=05 Y=CA SP=?? N=1 V=0 D=0 I=0 Z=0 C=0 : FWA 40-8F:936F6DA6:00:00 = +1.88717142E+04 : FWB AA-01:C0AD6788:00:?? = -4.42365526E-39
A696 : DEX            : A=DA X=04 Y=CA SP=?? N=0 V=0 D=0 I=0 Z=0 C=0 : FWA 40-8F:936F6DA6:00:00 = +1.88717142E+04 : FWB AA-01:C0AD6788:00:?? = -4.42365526E-39
A697 : BNE A65E       : A=DA X=04 Y=CA SP=?? N=0 V=0 D=0 I=0 Z=0 C=0 : FWA 40-8F:936F6DA6:00:00 = +1.88717142E+04 : FWB AA-01:C0AD6788:00:?? = -4.42365526E-39
A65E : BCS A676       : A=DA X=04 Y=CA SP=?? N=0 V=0 D=0 I=0 Z=0 C=0 : FWA 40-8F:936F6DA6:00:00 = +1.88717142E+04 : FWB AA-01:C0AD6788:00:?? = -4.42365526E-39
A660 : CMP 31         : A=DA X=04 Y=CA SP=?? N=0 V=0 D=0 I=0 Z=0 C=1 : FWA 40-8F:936F6DA6:00:00 = +1.88717142E+04 : FWB AA-01:C0AD6788:00:?? = -4.42365526E-39
A662 : BNE A674       : A=DA X=04 Y=CA SP=?? N=0 V=0 D=0 I=0 Z=0 C=1 : FWA 40-8F:936F6DA6:00:00 = +1.88717142E+04 : FWB AA-01:C0AD6788:00:?? = -4.42365526E-39
A674 : BCC A68D       : A=DA X=04 Y=CA SP=?? N=0 V=0 D=0 I=0 Z=0 C=1 : FWA 40-8F:936F6DA6:00:00 = +1.88717142E+04 : FWB AA-01:C0AD6788:00:?? = -4.42365526E-39
A676 : TAY            : A=DA X=04 Y=DA SP=?? N=1 V=0 D=0 I=0 Z=0 C=1 : FWA 40-8F:936F6DA6:00:00 = +1.88717142E+04 : FWB AA-01:C0AD6788:00:?? = -4.42365526E-39
A677 : LDA 40         : A=88 X=04 Y=DA SP=?? N=1 V=0 D=0 I=0 Z=0 C=1 : FWA 40-8F:936F6DA6:00:00 = +1.88717142E+04 : FWB AA-01:C0AD6788:00:?? = -4.42365526E-39
A679 : SBC 34         : A=E2 X=04 Y=DA SP=?? N=1 V=0 D=0 I=0 Z=0 C=0 : FWA 40-8F:936F6DA6:00:00 = +1.88717142E+04 : FWB AA-01:C0AD6788:00:?? = -4.42365526E-39
A67B : STA 40         : A=E2 X=04 Y=DA SP=?? N=1 V=0 D=0 I=0 Z=0 C=0 : FWA 40-8F:936F6DA6:00:00 = +1.88717142E+04 : FWB AA-01:C0AD67E2:00:?? = -4.42365538E-39
A67D : LDA 3F         : A=67 X=04 Y=DA SP=?? N=0 V=0 D=0 I=0 Z=0 C=0 : FWA 40-8F:936F6DA6:00:00 = +1.88717142E+04 : FWB AA-01:C0AD67E2:00:?? = -4.42365538E-39
A67F : SBC 33         : A=F9 X=04 Y=DA SP=?? N=1 V=0 D=0 I=0 Z=0 C=0 : FWA 40-8F:936F6DA6:00:00 = +1.88717142E+04 : FWB AA-01:C0AD67E2:00:?? = -4.42365538E-39
A681 : STA 3F         : A=F9 X=04 Y=DA SP=?? N=1 V=0 D=0 I=0 Z=0 C=0 : FWA 40-8F:936F6DA6:00:00 = +1.88717142E+04 : FWB AA-01:C0ADF9E2:00:?? = -4.42370653E-39
A683 : LDA 3E         : A=AD X=04 Y=DA SP=?? N=1 V=0 D=0 I=0 Z=0 C=0 : FWA 40-8F:936F6DA6:00:00 = +1.88717142E+04 : FWB AA-01:C0ADF9E2:00:?? = -4.42370653E-39
A685 : SBC 32         : A=3D X=04 Y=DA SP=?? N=0 V=1 D=0 I=0 Z=0 C=1 : FWA 40-8F:936F6DA6:00:00 = +1.88717142E+04 : FWB AA-01:C0ADF9E2:00:?? = -4.42370653E-39
A687 : STA 3E         : A=3D X=04 Y=DA SP=?? N=0 V=1 D=0 I=0 Z=0 C=1 : FWA 40-8F:936F6DA6:00:00 = +1.88717142E+04 : FWB AA-01:C03DF9E2:00:?? = -4.41366202E-39
A689 : TYA            : A=DA X=04 Y=DA SP=?? N=1 V=1 D=0 I=0 Z=0 C=1 : FWA 40-8F:936F6DA6:00:00 = +1.88717142E+04 : FWB AA-01:C03DF9E2:00:?? = -4.41366202E-39
A68A : SBC 31         : A=47 X=04 Y=DA SP=?? N=0 V=0 D=0 I=0 Z=0 C=1 : FWA 40-8F:936F6DA6:00:00 = +1.88717142E+04 : FWB AA-01:C03DF9E2:00:?? = -4.41366202E-39
A68C : SEC            : A=47 X=04 Y=DA SP=?? N=0 V=0 D=0 I=0 Z=0 C=1 : FWA 40-8F:936F6DA6:00:00 = +1.88717142E+04 : FWB AA-01:C03DF9E2:00:?? = -4.41366202E-39
A68D : ROL 3B         : A=47 X=04 Y=DA SP=?? N=0 V=0 D=0 I=0 Z=0 C=1 : FWA 40-8F:936F6DA6:00:00 = +1.88717142E+04 : FWB 55-01:C03DF9E2:00:?? = +4.41366202E-39
A68F : ASL 40         : A=47 X=04 Y=DA SP=?? N=1 V=0 D=0 I=0 Z=0 C=1 : FWA 40-8F:936F6DA6:00:00 = +1.88717142E+04 : FWB 55-01:C03DF9C4:00:?? = +4.41366198E-39
A691 : ROL 3F         : A=47 X=04 Y=DA SP=?? N=1 V=0 D=0 I=0 Z=0 C=1 : FWA 40-8F:936F6DA6:00:00 = +1.88717142E+04 : FWB 55-01:C03DF3C4:00:?? = +4.41365988E-39
A693 : ROL 3E         : A=47 X=04 Y=DA SP=?? N=0 V=0 D=0 I=0 Z=0 C=0 : FWA 40-8F:936F6DA6:00:00 = +1.88717142E+04 : FWB 55-01:C07BF3C4:00:?? = +4.41922023E-39
A695 : ROL A          : A=8E X=04 Y=DA SP=?? N=1 V=0 D=0 I=0 Z=0 C=0 : FWA 40-8F:936F6DA6:00:00 = +1.88717142E+04 : FWB 55-01:C07BF3C4:00:?? = +4.41922023E-39
A696 : DEX            : A=8E X=03 Y=DA SP=?? N=0 V=0 D=0 I=0 Z=0 C=0 : FWA 40-8F:936F6DA6:00:00 = +1.88717142E+04 : FWB 55-01:C07BF3C4:00:?? = +4.41922023E-39
A697 : BNE A65E       : A=8E X=03 Y=DA SP=?? N=0 V=0 D=0 I=0 Z=0 C=0 : FWA 40-8F:936F6DA6:00:00 = +1.88717142E+04 : FWB 55-01:C07BF3C4:00:?? = +4.41922023E-39
A65E : BCS A676       : A=8E X=03 Y=DA SP=?? N=0 V=0 D=0 I=0 Z=0 C=0 : FWA 40-8F:936F6DA6:00:00 = +1.88717142E+04 : FWB 55-01:C07BF3C4:00:?? = +4.41922023E-39
A660 : CMP 31         : A=8E X=03 Y=DA SP=?? N=1 V=0 D=0 I=0 Z=0 C=0 : FWA 40-8F:936F6DA6:00:00 = +1.88717142E+04 : FWB 55-01:C07BF3C4:00:?? = +4.41922023E-39
A662 : BNE A674       : A=8E X=03 Y=DA SP=?? N=1 V=0 D=0 I=0 Z=0 C=0 : FWA 40-8F:936F6DA6:00:00 = +1.88717142E+04 : FWB 55-01:C07BF3C4:00:?? = +4.41922023E-39
A674 : BCC A68D       : A=8E X=03 Y=DA SP=?? N=1 V=0 D=0 I=0 Z=0 C=0 : FWA 40-8F:936F6DA6:00:00 = +1.88717142E+04 : FWB 55-01:C07BF3C4:00:?? = +4.41922023E-39
A68D : ROL 3B         : A=8E X=03 Y=DA SP=?? N=1 V=0 D=0 I=0 Z=0 C=0 : FWA 40-8F:936F6DA6:00:00 = +1.88717142E+04 : FWB AA-01:C07BF3C4:00:?? = -4.41922023E-39
A68F : ASL 40         : A=8E X=03 Y=DA SP=?? N=1 V=0 D=0 I=0 Z=0 C=1 : FWA 40-8F:936F6DA6:00:00 = +1.88717142E+04 : FWB AA-01:C07BF388:00:?? = -4.41922015E-39
A691 : ROL 3F         : A=8E X=03 Y=DA SP=?? N=1 V=0 D=0 I=0 Z=0 C=1 : FWA 40-8F:936F6DA6:00:00 = +1.88717142E+04 : FWB AA-01:C07BE788:00:?? = -4.41921595E-39
A693 : ROL 3E         : A=8E X=03 Y=DA SP=?? N=1 V=0 D=0 I=0 Z=0 C=0 : FWA 40-8F:936F6DA6:00:00 = +1.88717142E+04 : FWB AA-01:C0F7E788:00:?? = -4.43033665E-39
A695 : ROL A          : A=1C X=03 Y=DA SP=?? N=0 V=0 D=0 I=0 Z=0 C=1 : FWA 40-8F:936F6DA6:00:00 = +1.88717142E+04 : FWB AA-01:C0F7E788:00:?? = -4.43033665E-39
A696 : DEX            : A=1C X=02 Y=DA SP=?? N=0 V=0 D=0 I=0 Z=0 C=1 : FWA 40-8F:936F6DA6:00:00 = +1.88717142E+04 : FWB AA-01:C0F7E788:00:?? = -4.43033665E-39
A697 : BNE A65E       : A=1C X=02 Y=DA SP=?? N=0 V=0 D=0 I=0 Z=0 C=1 : FWA 40-8F:936F6DA6:00:00 = +1.88717142E+04 : FWB AA-01:C0F7E788:00:?? = -4.43033665E-39
A65E : BCS A676       : A=1C X=02 Y=DA SP=?? N=0 V=0 D=0 I=0 Z=0 C=1 : FWA 40-8F:936F6DA6:00:00 = +1.88717142E+04 : FWB AA-01:C0F7E788:00:?? = -4.43033665E-39
A676 : TAY            : A=1C X=02 Y=1C SP=?? N=0 V=0 D=0 I=0 Z=0 C=1 : FWA 40-8F:936F6DA6:00:00 = +1.88717142E+04 : FWB AA-01:C0F7E788:00:?? = -4.43033665E-39
A677 : LDA 40         : A=88 X=02 Y=1C SP=?? N=1 V=0 D=0 I=0 Z=0 C=1 : FWA 40-8F:936F6DA6:00:00 = +1.88717142E+04 : FWB AA-01:C0F7E788:00:?? = -4.43033665E-39
A679 : SBC 34         : A=E2 X=02 Y=1C SP=?? N=1 V=0 D=0 I=0 Z=0 C=0 : FWA 40-8F:936F6DA6:00:00 = +1.88717142E+04 : FWB AA-01:C0F7E788:00:?? = -4.43033665E-39
A67B : STA 40         : A=E2 X=02 Y=1C SP=?? N=1 V=0 D=0 I=0 Z=0 C=0 : FWA 40-8F:936F6DA6:00:00 = +1.88717142E+04 : FWB AA-01:C0F7E7E2:00:?? = -4.43033678E-39
A67D : LDA 3F         : A=E7 X=02 Y=1C SP=?? N=1 V=0 D=0 I=0 Z=0 C=0 : FWA 40-8F:936F6DA6:00:00 = +1.88717142E+04 : FWB AA-01:C0F7E7E2:00:?? = -4.43033678E-39
A67F : SBC 33         : A=79 X=02 Y=1C SP=?? N=0 V=1 D=0 I=0 Z=0 C=1 : FWA 40-8F:936F6DA6:00:00 = +1.88717142E+04 : FWB AA-01:C0F7E7E2:00:?? = -4.43033678E-39
A681 : STA 3F         : A=79 X=02 Y=1C SP=?? N=0 V=1 D=0 I=0 Z=0 C=1 : FWA 40-8F:936F6DA6:00:00 = +1.88717142E+04 : FWB AA-01:C0F779E2:00:?? = -4.43029824E-39
A683 : LDA 3E         : A=F7 X=02 Y=1C SP=?? N=1 V=1 D=0 I=0 Z=0 C=1 : FWA 40-8F:936F6DA6:00:00 = +1.88717142E+04 : FWB AA-01:C0F779E2:00:?? = -4.43029824E-39
A685 : SBC 32         : A=88 X=02 Y=1C SP=?? N=1 V=0 D=0 I=0 Z=0 C=1 : FWA 40-8F:936F6DA6:00:00 = +1.88717142E+04 : FWB AA-01:C0F779E2:00:?? = -4.43029824E-39
A687 : STA 3E         : A=88 X=02 Y=1C SP=?? N=1 V=0 D=0 I=0 Z=0 C=1 : FWA 40-8F:936F6DA6:00:00 = +1.88717142E+04 : FWB AA-01:C08879E2:00:?? = -4.42034342E-39
A689 : TYA            : A=1C X=02 Y=1C SP=?? N=0 V=0 D=0 I=0 Z=0 C=1 : FWA 40-8F:936F6DA6:00:00 = +1.88717142E+04 : FWB AA-01:C08879E2:00:?? = -4.42034342E-39
A68A : SBC 31         : A=89 X=02 Y=1C SP=?? N=1 V=1 D=0 I=0 Z=0 C=0 : FWA 40-8F:936F6DA6:00:00 = +1.88717142E+04 : FWB AA-01:C08879E2:00:?? = -4.42034342E-39
A68C : SEC            : A=89 X=02 Y=1C SP=?? N=1 V=1 D=0 I=0 Z=0 C=1 : FWA 40-8F:936F6DA6:00:00 = +1.88717142E+04 : FWB AA-01:C08879E2:00:?? = -4.42034342E-39
A68D : ROL 3B         : A=89 X=02 Y=1C SP=?? N=0 V=1 D=0 I=0 Z=0 C=1 : FWA 40-8F:936F6DA6:00:00 = +1.88717142E+04 : FWB 55-01:C08879E2:00:?? = +4.42034342E-39
A68F : ASL 40         : A=89 X=02 Y=1C SP=?? N=1 V=1 D=0 I=0 Z=0 C=1 : FWA 40-8F:936F6DA6:00:00 = +1.88717142E+04 : FWB 55-01:C08879C4:00:?? = +4.42034337E-39
A691 : ROL 3F         : A=89 X=02 Y=1C SP=?? N=1 V=1 D=0 I=0 Z=0 C=0 : FWA 40-8F:936F6DA6:00:00 = +1.88717142E+04 : FWB 55-01:C088F3C4:00:?? = +4.42038611E-39
A693 : ROL 3E         : A=89 X=02 Y=1C SP=?? N=0 V=1 D=0 I=0 Z=0 C=1 : FWA 40-8F:936F6DA6:00:00 = +1.88717142E+04 : FWB 55-01:C010F3C4:00:?? = +4.40962414E-39
A695 : ROL A          : A=13 X=02 Y=1C SP=?? N=0 V=1 D=0 I=0 Z=0 C=1 : FWA 40-8F:936F6DA6:00:00 = +1.88717142E+04 : FWB 55-01:C010F3C4:00:?? = +4.40962414E-39
A696 : DEX            : A=13 X=01 Y=1C SP=?? N=0 V=1 D=0 I=0 Z=0 C=1 : FWA 40-8F:936F6DA6:00:00 = +1.88717142E+04 : FWB 55-01:C010F3C4:00:?? = +4.40962414E-39
A697 : BNE A65E       : A=13 X=01 Y=1C SP=?? N=0 V=1 D=0 I=0 Z=0 C=1 : FWA 40-8F:936F6DA6:00:00 = +1.88717142E+04 : FWB 55-01:C010F3C4:00:?? = +4.40962414E-39
A65E : BCS A676       : A=13 X=01 Y=1C SP=?? N=0 V=1 D=0 I=0 Z=0 C=1 : FWA 40-8F:936F6DA6:00:00 = +1.88717142E+04 : FWB 55-01:C010F3C4:00:?? = +4.40962414E-39
A676 : TAY            : A=13 X=01 Y=13 SP=?? N=0 V=1 D=0 I=0 Z=0 C=1 : FWA 40-8F:936F6DA6:00:00 = +1.88717142E+04 : FWB 55-01:C010F3C4:00:?? = +4.40962414E-39
A677 : LDA 40         : A=C4 X=01 Y=13 SP=?? N=1 V=1 D=0 I=0 Z=0 C=1 : FWA 40-8F:936F6DA6:00:00 = +1.88717142E+04 : FWB 55-01:C010F3C4:00:?? = +4.40962414E-39
A679 : SBC 34         : A=1E X=01 Y=13 SP=?? N=0 V=0 D=0 I=0 Z=0 C=1 : FWA 40-8F:936F6DA6:00:00 = +1.88717142E+04 : FWB 55-01:C010F3C4:00:?? = +4.40962414E-39
A67B : STA 40         : A=1E X=01 Y=13 SP=?? N=0 V=0 D=0 I=0 Z=0 C=1 : FWA 40-8F:936F6DA6:00:00 = +1.88717142E+04 : FWB 55-01:C010F31E:00:?? = +4.40962392E-39
A67D : LDA 3F         : A=F3 X=01 Y=13 SP=?? N=1 V=0 D=0 I=0 Z=0 C=1 : FWA 40-8F:936F6DA6:00:00 = +1.88717142E+04 : FWB 55-01:C010F31E:00:?? = +4.40962392E-39
A67F : SBC 33         : A=86 X=01 Y=13 SP=?? N=1 V=0 D=0 I=0 Z=0 C=1 : FWA 40-8F:936F6DA6:00:00 = +1.88717142E+04 : FWB 55-01:C010F31E:00:?? = +4.40962392E-39
A681 : STA 3F         : A=86 X=01 Y=13 SP=?? N=1 V=0 D=0 I=0 Z=0 C=1 : FWA 40-8F:936F6DA6:00:00 = +1.88717142E+04 : FWB 55-01:C010861E:00:?? = +4.40958573E-39
A683 : LDA 3E         : A=10 X=01 Y=13 SP=?? N=0 V=0 D=0 I=0 Z=0 C=1 : FWA 40-8F:936F6DA6:00:00 = +1.88717142E+04 : FWB 55-01:C010861E:00:?? = +4.40958573E-39
A685 : SBC 32         : A=A1 X=01 Y=13 SP=?? N=1 V=0 D=0 I=0 Z=0 C=0 : FWA 40-8F:936F6DA6:00:00 = +1.88717142E+04 : FWB 55-01:C010861E:00:?? = +4.40958573E-39
A687 : STA 3E         : A=A1 X=01 Y=13 SP=?? N=1 V=0 D=0 I=0 Z=0 C=0 : FWA 40-8F:936F6DA6:00:00 = +1.88717142E+04 : FWB 55-01:C0A1861E:00:?? = +4.42258978E-39
A689 : TYA            : A=13 X=01 Y=13 SP=?? N=0 V=0 D=0 I=0 Z=0 C=0 : FWA 40-8F:936F6DA6:00:00 = +1.88717142E+04 : FWB 55-01:C0A1861E:00:?? = +4.42258978E-39
A68A : SBC 31         : A=7F X=01 Y=13 SP=?? N=0 V=0 D=0 I=0 Z=0 C=0 : FWA 40-8F:936F6DA6:00:00 = +1.88717142E+04 : FWB 55-01:C0A1861E:00:?? = +4.42258978E-39
A68C : SEC            : A=7F X=01 Y=13 SP=?? N=0 V=0 D=0 I=0 Z=0 C=1 : FWA 40-8F:936F6DA6:00:00 = +1.88717142E+04 : FWB 55-01:C0A1861E:00:?? = +4.42258978E-39
A68D : ROL 3B         : A=7F X=01 Y=13 SP=?? N=1 V=0 D=0 I=0 Z=0 C=0 : FWA 40-8F:936F6DA6:00:00 = +1.88717142E+04 : FWB AB-01:C0A1861E:00:?? = -4.42258978E-39
A68F : ASL 40         : A=7F X=01 Y=13 SP=?? N=0 V=0 D=0 I=0 Z=0 C=0 : FWA 40-8F:936F6DA6:00:00 = +1.88717142E+04 : FWB AB-01:C0A1863C:00:?? = -4.42258982E-39
A691 : ROL 3F         : A=7F X=01 Y=13 SP=?? N=0 V=0 D=0 I=0 Z=0 C=1 : FWA 40-8F:936F6DA6:00:00 = +1.88717142E+04 : FWB AB-01:C0A10C3C:00:?? = -4.42254708E-39
A693 : ROL 3E         : A=7F X=01 Y=13 SP=?? N=0 V=0 D=0 I=0 Z=0 C=1 : FWA 40-8F:936F6DA6:00:00 = +1.88717142E+04 : FWB AB-01:C0430C3C:00:?? = -4.41411687E-39
A695 : ROL A          : A=FF X=01 Y=13 SP=?? N=1 V=0 D=0 I=0 Z=0 C=0 : FWA 40-8F:936F6DA6:00:00 = +1.88717142E+04 : FWB AB-01:C0430C3C:00:?? = -4.41411687E-39
A696 : DEX            : A=FF X=00 Y=13 SP=?? N=0 V=0 D=0 I=0 Z=1 C=0 : FWA 40-8F:936F6DA6:00:00 = +1.88717142E+04 : FWB AB-01:C0430C3C:00:?? = -4.41411687E-39
A697 : BNE A65E       : A=FF X=00 Y=13 SP=?? N=0 V=0 D=0 I=0 Z=1 C=0 : FWA 40-8F:936F6DA6:00:00 = +1.88717142E+04 : FWB AB-01:C0430C3C:00:?? = -4.41411687E-39
A699 : LDX 3B         : A=FF X=AB Y=13 SP=?? N=1 V=0 D=0 I=0 Z=0 C=0 : FWA 40-8F:936F6DA6:00:00 = +1.88717142E+04 : FWB AB-01:C0430C3C:00:?? = -4.41411687E-39
A69B : PHX            : A=FF X=AB Y=13 SP=?? N=1 V=0 D=0 I=0 Z=0 C=0 : FWA 40-8F:936F6DA6:00:00 = +1.88717142E+04 : FWB AB-01:C0430C3C:00:?? = -4.41411687E-39
A69C : DEC 3C         : A=FF X=AB Y=13 SP=?? N=0 V=0 D=0 I=0 Z=1 C=0 : FWA 40-8F:936F6DA6:00:00 = +1.88717142E+04 : FWB AB-00:C0430C3C:00:?? = -2.20705843E-39
A69E : BNE A65C       : A=FF X=AB Y=13 SP=?? N=0 V=0 D=0 I=0 Z=1 C=0 : FWA 40-8F:936F6DA6:00:00 = +1.88717142E+04 : FWB AB-00:C0430C3C:00:?? = -2.20705843E-39
A6A0 : PLX            : A=FF X=AB Y=13 SP=?? N=1 V=0 D=0 I=0 Z=0 C=0 : FWA 40-8F:936F6DA6:00:00 = +1.88717142E+04 : FWB AB-00:C0430C3C:00:?? = -2.20705843E-39
A6A1 : ROR A          : A=7F X=AB Y=13 SP=?? N=0 V=0 D=0 I=0 Z=0 C=1 : FWA 40-8F:936F6DA6:00:00 = +1.88717142E+04 : FWB AB-00:C0430C3C:00:?? = -2.20705843E-39
A6A2 : LSR 31         : A=7F X=AB Y=13 SP=?? N=0 V=0 D=0 I=0 Z=0 C=1 : FWA 40-8F:496F6DA6:00:00 = +9.39971416E+03 : FWB AB-00:C0430C3C:00:?? = -2.20705843E-39
A6A4 : STX 34         : A=7F X=AB Y=13 SP=?? N=0 V=0 D=0 I=0 Z=0 C=1 : FWA 40-8F:496F6DAB:00:00 = +9.39971420E+03 : FWB AB-00:C0430C3C:00:?? = -2.20705843E-39
A6A6 : LDX #03        : A=7F X=03 Y=13 SP=?? N=0 V=0 D=0 I=0 Z=0 C=1 : FWA 40-8F:496F6DAB:00:00 = +9.39971420E+03 : FWB AB-00:C0430C3C:00:?? = -2.20705843E-39
A6A8 : CMP 31         : A=7F X=03 Y=13 SP=?? N=0 V=0 D=0 I=0 Z=0 C=1 : FWA 40-8F:496F6DAB:00:00 = +9.39971420E+03 : FWB AB-00:C0430C3C:00:?? = -2.20705843E-39
A6AA : BCC A6AE       : A=7F X=03 Y=13 SP=?? N=0 V=0 D=0 I=0 Z=0 C=1 : FWA 40-8F:496F6DAB:00:00 = +9.39971420E+03 : FWB AB-00:C0430C3C:00:?? = -2.20705843E-39
A6AC : SBC 31         : A=36 X=03 Y=13 SP=?? N=0 V=0 D=0 I=0 Z=0 C=1 : FWA 40-8F:496F6DAB:00:00 = +9.39971420E+03 : FWB AB-00:C0430C3C:00:?? = -2.20705843E-39
A6AE : PHP            : A=36 X=03 Y=13 SP=?? N=0 V=0 D=0 I=0 Z=0 C=1 : FWA 40-8F:496F6DAB:00:00 = +9.39971420E+03 : FWB AB-00:C0430C3C:00:?? = -2.20705843E-39
A6AF : ASL A          : A=6C X=03 Y=13 SP=?? N=0 V=0 D=0 I=0 Z=0 C=0 : FWA 40-8F:496F6DAB:00:00 = +9.39971420E+03 : FWB AB-00:C0430C3C:00:?? = -2.20705843E-39
A6B0 : DEX            : A=6C X=02 Y=13 SP=?? N=0 V=0 D=0 I=0 Z=0 C=0 : FWA 40-8F:496F6DAB:00:00 = +9.39971420E+03 : FWB AB-00:C0430C3C:00:?? = -2.20705843E-39
A6B1 : BNE A6A8       : A=6C X=02 Y=13 SP=?? N=0 V=0 D=0 I=0 Z=0 C=0 : FWA 40-8F:496F6DAB:00:00 = +9.39971420E+03 : FWB AB-00:C0430C3C:00:?? = -2.20705843E-39
A6A8 : CMP 31         : A=6C X=02 Y=13 SP=?? N=0 V=0 D=0 I=0 Z=0 C=1 : FWA 40-8F:496F6DAB:00:00 = +9.39971420E+03 : FWB AB-00:C0430C3C:00:?? = -2.20705843E-39
A6AA : BCC A6AE       : A=6C X=02 Y=13 SP=?? N=0 V=0 D=0 I=0 Z=0 C=1 : FWA 40-8F:496F6DAB:00:00 = +9.39971420E+03 : FWB AB-00:C0430C3C:00:?? = -2.20705843E-39
A6AC : SBC 31         : A=23 X=02 Y=13 SP=?? N=0 V=0 D=0 I=0 Z=0 C=1 : FWA 40-8F:496F6DAB:00:00 = +9.39971420E+03 : FWB AB-00:C0430C3C:00:?? = -2.20705843E-39
A6AE : PHP            : A=23 X=02 Y=13 SP=?? N=0 V=0 D=0 I=0 Z=0 C=1 : FWA 40-8F:496F6DAB:00:00 = +9.39971420E+03 : FWB AB-00:C0430C3C:00:?? = -2.20705843E-39
A6AF : ASL A          : A=46 X=02 Y=13 SP=?? N=0 V=0 D=0 I=0 Z=0 C=0 : FWA 40-8F:496F6DAB:00:00 = +9.39971420E+03 : FWB AB-00:C0430C3C:00:?? = -2.20705843E-39
A6B0 : DEX            : A=46 X=01 Y=13 SP=?? N=0 V=0 D=0 I=0 Z=0 C=0 : FWA 40-8F:496F6DAB:00:00 = +9.39971420E+03 : FWB AB-00:C0430C3C:00:?? = -2.20705843E-39
A6B1 : BNE A6A8       : A=46 X=01 Y=13 SP=?? N=0 V=0 D=0 I=0 Z=0 C=0 : FWA 40-8F:496F6DAB:00:00 = +9.39971420E+03 : FWB AB-00:C0430C3C:00:?? = -2.20705843E-39
A6A8 : CMP 31         : A=46 X=01 Y=13 SP=?? N=1 V=0 D=0 I=0 Z=0 C=0 : FWA 40-8F:496F6DAB:00:00 = +9.39971420E+03 : FWB AB-00:C0430C3C:00:?? = -2.20705843E-39
A6AA : BCC A6AE       : A=46 X=01 Y=13 SP=?? N=1 V=0 D=0 I=0 Z=0 C=0 : FWA 40-8F:496F6DAB:00:00 = +9.39971420E+03 : FWB AB-00:C0430C3C:00:?? = -2.20705843E-39
A6AE : PHP            : A=46 X=01 Y=13 SP=?? N=1 V=0 D=0 I=0 Z=0 C=0 : FWA 40-8F:496F6DAB:00:00 = +9.39971420E+03 : FWB AB-00:C0430C3C:00:?? = -2.20705843E-39
A6AF : ASL A          : A=8C X=01 Y=13 SP=?? N=1 V=0 D=0 I=0 Z=0 C=0 : FWA 40-8F:496F6DAB:00:00 = +9.39971420E+03 : FWB AB-00:C0430C3C:00:?? = -2.20705843E-39
A6B0 : DEX            : A=8C X=00 Y=13 SP=?? N=0 V=0 D=0 I=0 Z=1 C=0 : FWA 40-8F:496F6DAB:00:00 = +9.39971420E+03 : FWB AB-00:C0430C3C:00:?? = -2.20705843E-39
A6B1 : BNE A6A8       : A=8C X=00 Y=13 SP=?? N=0 V=0 D=0 I=0 Z=1 C=0 : FWA 40-8F:496F6DAB:00:00 = +9.39971420E+03 : FWB AB-00:C0430C3C:00:?? = -2.20705843E-39
A6B3 : PLP            : A=8C X=00 Y=13 SP=?? N=1 V=0 D=0 I=0 Z=0 C=0 : FWA 40-8F:496F6DAB:00:00 = +9.39971420E+03 : FWB AB-00:C0430C3C:00:?? = -2.20705843E-39
A6B4 : ROR A          : A=46 X=00 Y=13 SP=?? N=0 V=0 D=0 I=0 Z=0 C=0 : FWA 40-8F:496F6DAB:00:00 = +9.39971420E+03 : FWB AB-00:C0430C3C:00:?? = -2.20705843E-39
A6B5 : PLP            : A=46 X=00 Y=13 SP=?? N=0 V=0 D=0 I=0 Z=0 C=1 : FWA 40-8F:496F6DAB:00:00 = +9.39971420E+03 : FWB AB-00:C0430C3C:00:?? = -2.20705843E-39
A6B6 : ROR A          : A=A3 X=00 Y=13 SP=?? N=1 V=0 D=0 I=0 Z=0 C=0 : FWA 40-8F:496F6DAB:00:00 = +9.39971420E+03 : FWB AB-00:C0430C3C:00:?? = -2.20705843E-39
A6B7 : PLP            : A=A3 X=00 Y=13 SP=?? N=0 V=0 D=0 I=0 Z=0 C=1 : FWA 40-8F:496F6DAB:00:00 = +9.39971420E+03 : FWB AB-00:C0430C3C:00:?? = -2.20705843E-39
A6B8 : ROR A          : A=D1 X=00 Y=13 SP=?? N=1 V=0 D=0 I=0 Z=0 C=1 : FWA 40-8F:496F6DAB:00:00 = +9.39971420E+03 : FWB AB-00:C0430C3C:00:?? = -2.20705843E-39
A6B9 : STA 35         : A=D1 X=00 Y=13 SP=?? N=1 V=0 D=0 I=0 Z=0 C=1 : FWA 40-8F:496F6DAB:D1:00 = +9.39971420E+03 : FWB AB-00:C0430C3C:00:?? = -2.20705843E-39
A6BB : PLA            : A=AA X=00 Y=13 SP=?? N=1 V=0 D=0 I=0 Z=0 C=1 : FWA 40-8F:496F6DAB:D1:00 = +9.39971420E+03 : FWB AB-00:C0430C3C:00:?? = -2.20705843E-39
A6BC : STA 33         : A=AA X=00 Y=13 SP=?? N=1 V=0 D=0 I=0 Z=0 C=1 : FWA 40-8F:496FAAAB:D1:00 = +9.39983334E+03 : FWB AB-00:C0430C3C:00:?? = -2.20705843E-39
A6BE : PLA            : A=B0 X=00 Y=13 SP=?? N=1 V=0 D=0 I=0 Z=0 C=1 : FWA 40-8F:496FAAAB:D1:00 = +9.39983334E+03 : FWB AB-00:C0430C3C:00:?? = -2.20705843E-39
A6BF : STA 32         : A=B0 X=00 Y=13 SP=?? N=1 V=0 D=0 I=0 Z=0 C=1 : FWA 40-8F:49B0AAAB:D1:00 = +9.43233334E+03 : FWB AB-00:C0430C3C:00:?? = -2.20705843E-39
A6C1 : PLA            : A=A6 X=00 Y=13 SP=?? N=1 V=0 D=0 I=0 Z=0 C=1 : FWA 40-8F:49B0AAAB:D1:00 = +9.43233334E+03 : FWB AB-00:C0430C3C:00:?? = -2.20705843E-39
A6C2 : STA 31         : A=A6 X=00 Y=13 SP=?? N=1 V=0 D=0 I=0 Z=0 C=1 : FWA 40-8F:A6B0AAAB:D1:00 = +2.13363333E+04 : FWB AB-00:C0430C3C:00:?? = -2.20705843E-39
A6C4 : BMI A712       : A=A6 X=00 Y=13 SP=?? N=1 V=0 D=0 I=0 Z=0 C=1 : FWA 40-8F:A6B0AAAB:D1:00 = +2.13363333E+04 : FWB AB-00:C0430C3C:00:?? = -2.20705843E-39
A712 : LDA 35         : A=D1 X=00 Y=13 SP=?? N=1 V=0 D=0 I=0 Z=0 C=1 : FWA 40-8F:A6B0AAAB:D1:00 = +2.13363333E+04 : FWB AB-00:C0430C3C:00:?? = -2.20705843E-39
A714 : BPL A725       : A=D1 X=00 Y=13 SP=?? N=1 V=0 D=0 I=0 Z=0 C=1 : FWA 40-8F:A6B0AAAB:D1:00 = +2.13363333E+04 : FWB AB-00:C0430C3C:00:?? = -2.20705843E-39
A716 : ASL A          : A=A2 X=00 Y=13 SP=?? N=1 V=0 D=0 I=0 Z=0 C=1 : FWA 40-8F:A6B0AAAB:D1:00 = +2.13363333E+04 : FWB AB-00:C0430C3C:00:?? = -2.20705843E-39
A717 : BNE A71E       : A=A2 X=00 Y=13 SP=?? N=1 V=0 D=0 I=0 Z=0 C=1 : FWA 40-8F:A6B0AAAB:D1:00 = +2.13363333E+04 : FWB AB-00:C0430C3C:00:?? = -2.20705843E-39
A71E : INC 34         : A=A2 X=00 Y=13 SP=?? N=1 V=0 D=0 I=0 Z=0 C=1 : FWA 40-8F:A6B0AAAC:D1:00 = +2.13363333E+04 : FWB AB-00:C0430C3C:00:?? = -2.20705843E-39
A720 : BNE A725       : A=A2 X=00 Y=13 SP=?? N=1 V=0 D=0 I=0 Z=0 C=1 : FWA 40-8F:A6B0AAAC:D1:00 = +2.13363333E+04 : FWB AB-00:C0430C3C:00:?? = -2.20705843E-39
A725 : LDA 2F         : A=00 X=00 Y=13 SP=?? N=0 V=0 D=0 I=0 Z=1 C=1 : FWA 40-8F:A6B0AAAC:D1:00 = +2.13363333E+04 : FWB AB-00:C0430C3C:00:?? = -2.20705843E-39
A727 : BEQ A739       : A=00 X=00 Y=13 SP=?? N=0 V=0 D=0 I=0 Z=1 C=1 : FWA 40-8F:A6B0AAAC:D1:00 = +2.13363333E+04 : FWB AB-00:C0430C3C:00:?? = -2.20705843E-39
A739 : STZ 35         : A=00 X=00 Y=13 SP=?? N=0 V=0 D=0 I=0 Z=1 C=1 : FWA 40-8F:A6B0AAAC:00:00 = +2.13363333E+04 : FWB AB-00:C0430C3C:00:?? = -2.20705843E-39
A73B : LDA #FF        : A=FF X=00 Y=13 SP=?? N=1 V=0 D=0 I=0 Z=0 C=1 : FWA 40-8F:A6B0AAAC:00:00 = +2.13363333E+04 : FWB AB-00:C0430C3C:00:?? = -2.20705843E-39
A73D : RTS            : A=FF X=00 Y=13 SP=?? N=1 V=0 D=0 I=0 Z=0 C=1 : FWA 40-8F:A6B0AAAC:00:00 = +2.13363333E+04 : FWB AB-00:C0430C3C:00:?? = -2.20705843E-39
A8DB : JSR A541       : A=FF X=00 Y=13 SP=?? N=1 V=0 D=0 I=0 Z=0 C=1 : FWA 40-8F:A6B0AAAC:00:00 = +2.13363333E+04 : FWB AB-00:C0430C3C:00:?? = -2.20705843E-39
A541 : LDA #76        : A=76 X=00 Y=13 SP=?? N=0 V=0 D=0 I=0 Z=0 C=1 : FWA 40-8F:A6B0AAAC:00:00 = +2.13363333E+04 : FWB AB-00:C0430C3C:00:?? = -2.20705843E-39
A543 : BRA A547       : A=76 X=00 Y=13 SP=?? N=0 V=0 D=0 I=0 Z=0 C=1 : FWA 40-8F:A6B0AAAC:00:00 = +2.13363333E+04 : FWB AB-00:C0430C3C:00:?? = -2.20705843E-39
A547 : STA 4A         : A=76 X=00 Y=13 SP=?? N=0 V=0 D=0 I=0 Z=0 C=1 : FWA 40-8F:A6B0AAAC:00:00 = +2.13363333E+04 : FWB AB-00:C0430C3C:00:?? = -2.20705843E-39
A549 : LDA #04        : A=04 X=00 Y=13 SP=?? N=0 V=0 D=0 I=0 Z=0 C=1 : FWA 40-8F:A6B0AAAC:00:00 = +2.13363333E+04 : FWB AB-00:C0430C3C:00:?? = -2.20705843E-39
A54B : STA 4B         : A=04 X=00 Y=13 SP=?? N=0 V=0 D=0 I=0 Z=0 C=1 : FWA 40-8F:A6B0AAAC:00:00 = +2.13363333E+04 : FWB AB-00:C0430C3C:00:?? = -2.20705843E-39
A54D : LDA 30         : A=8F X=00 Y=13 SP=?? N=1 V=0 D=0 I=0 Z=0 C=1 : FWA 40-8F:A6B0AAAC:00:00 = +2.13363333E+04 : FWB AB-00:C0430C3C:00:?? = -2.20705843E-39
A54F : STA (4A)       : A=8F X=00 Y=13 SP=?? N=1 V=0 D=0 I=0 Z=0 C=1 : FWA 40-8F:A6B0AAAC:00:00 = +2.13363333E+04 : FWB AB-00:C0430C3C:00:?? = -2.20705843E-39
A551 : LDY #01        : A=8F X=00 Y=01 SP=?? N=0 V=0 D=0 I=0 Z=0 C=1 : FWA 40-8F:A6B0AAAC:00:00 = +2.13363333E+04 : FWB AB-00:C0430C3C:00:?? = -2.20705843E-39
A553 : LDA 2E         : A=40 X=00 Y=01 SP=?? N=0 V=0 D=0 I=0 Z=0 C=1 : FWA 40-8F:A6B0AAAC:00:00 = +2.13363333E+04 : FWB AB-00:C0430C3C:00:?? = -2.20705843E-39
A555 : EOR 31         : A=E6 X=00 Y=01 SP=?? N=1 V=0 D=0 I=0 Z=0 C=1 : FWA 40-8F:A6B0AAAC:00:00 = +2.13363333E+04 : FWB AB-00:C0430C3C:00:?? = -2.20705843E-39
A557 : AND #80        : A=80 X=00 Y=01 SP=?? N=1 V=0 D=0 I=0 Z=0 C=1 : FWA 40-8F:A6B0AAAC:00:00 = +2.13363333E+04 : FWB AB-00:C0430C3C:00:?? = -2.20705843E-39
A559 : EOR 31         : A=26 X=00 Y=01 SP=?? N=0 V=0 D=0 I=0 Z=0 C=1 : FWA 40-8F:A6B0AAAC:00:00 = +2.13363333E+04 : FWB AB-00:C0430C3C:00:?? = -2.20705843E-39
A55B : STA (4A),Y     : A=26 X=00 Y=01 SP=?? N=0 V=0 D=0 I=0 Z=0 C=1 : FWA 40-8F:A6B0AAAC:00:00 = +2.13363333E+04 : FWB AB-00:C0430C3C:00:?? = -2.20705843E-39
A55D : LDA 32         : A=B0 X=00 Y=01 SP=?? N=1 V=0 D=0 I=0 Z=0 C=1 : FWA 40-8F:A6B0AAAC:00:00 = +2.13363333E+04 : FWB AB-00:C0430C3C:00:?? = -2.20705843E-39
A55F : INY            : A=B0 X=00 Y=02 SP=?? N=0 V=0 D=0 I=0 Z=0 C=1 : FWA 40-8F:A6B0AAAC:00:00 = +2.13363333E+04 : FWB AB-00:C0430C3C:00:?? = -2.20705843E-39
A560 : STA (4A),Y     : A=B0 X=00 Y=02 SP=?? N=0 V=0 D=0 I=0 Z=0 C=1 : FWA 40-8F:A6B0AAAC:00:00 = +2.13363333E+04 : FWB AB-00:C0430C3C:00:?? = -2.20705843E-39
A562 : LDA 33         : A=AA X=00 Y=02 SP=?? N=1 V=0 D=0 I=0 Z=0 C=1 : FWA 40-8F:A6B0AAAC:00:00 = +2.13363333E+04 : FWB AB-00:C0430C3C:00:?? = -2.20705843E-39
A564 : INY            : A=AA X=00 Y=03 SP=?? N=0 V=0 D=0 I=0 Z=0 C=1 : FWA 40-8F:A6B0AAAC:00:00 = +2.13363333E+04 : FWB AB-00:C0430C3C:00:?? = -2.20705843E-39
A565 : STA (4A),Y     : A=AA X=00 Y=03 SP=?? N=0 V=0 D=0 I=0 Z=0 C=1 : FWA 40-8F:A6B0AAAC:00:00 = +2.13363333E+04 : FWB AB-00:C0430C3C:00:?? = -2.20705843E-39
A567 : LDA 34         : A=AC X=00 Y=03 SP=?? N=1 V=0 D=0 I=0 Z=0 C=1 : FWA 40-8F:A6B0AAAC:00:00 = +2.13363333E+04 : FWB AB-00:C0430C3C:00:?? = -2.20705843E-39
A569 : INY            : A=AC X=00 Y=04 SP=?? N=0 V=0 D=0 I=0 Z=0 C=1 : FWA 40-8F:A6B0AAAC:00:00 = +2.13363333E+04 : FWB AB-00:C0430C3C:00:?? = -2.20705843E-39
A56A : STA (4A),Y     : A=AC X=00 Y=04 SP=?? N=0 V=0 D=0 I=0 Z=0 C=1 : FWA 40-8F:A6B0AAAC:00:00 = +2.13363333E+04 : FWB AB-00:C0430C3C:00:?? = -2.20705843E-39
A56C : RTS            : A=AC X=00 Y=04 SP=?? N=0 V=0 D=0 I=0 Z=0 C=1 : FWA 40-8F:A6B0AAAC:00:00 = +2.13363333E+04 : FWB AB-00:C0430C3C:00:?? = -2.20705843E-39
A8DE : BRA A8EE       : A=AC X=00 Y=04 SP=?? N=0 V=0 D=0 I=0 Z=0 C=1 : FWA 40-8F:A6B0AAAC:00:00 = +2.13363333E+04 : FWB AB-00:C0430C3C:00:?? = -2.20705843E-39
A8EE : JSR A5AD       : A=AC X=00 Y=04 SP=?? N=0 V=0 D=0 I=0 Z=0 C=1 : FWA 40-8F:A6B0AAAC:00:00 = +2.13363333E+04 : FWB AB-00:C0430C3C:00:?? = -2.20705843E-39
A5AD : CLC            : A=AC X=00 Y=04 SP=?? N=0 V=0 D=0 I=0 Z=0 C=0 : FWA 40-8F:A6B0AAAC:00:00 = +2.13363333E+04 : FWB AB-00:C0430C3C:00:?? = -2.20705843E-39
A5AE : LDA 4C         : A=F6 X=00 Y=04 SP=?? N=1 V=0 D=0 I=0 Z=0 C=0 : FWA 40-8F:A6B0AAAC:00:00 = +2.13363333E+04 : FWB AB-00:C0430C3C:00:?? = -2.20705843E-39
A5B0 : ADC #05        : A=FB X=00 Y=04 SP=?? N=1 V=0 D=0 I=0 Z=0 C=0 : FWA 40-8F:A6B0AAAC:00:00 = +2.13363333E+04 : FWB AB-00:C0430C3C:00:?? = -2.20705843E-39
A5B2 : STA 4C         : A=FB X=00 Y=04 SP=?? N=1 V=0 D=0 I=0 Z=0 C=0 : FWA 40-8F:A6B0AAAC:00:00 = +2.13363333E+04 : FWB AB-00:C0430C3C:00:?? = -2.20705843E-39
A5B4 : LDY #BF        : A=FB X=00 Y=BF SP=?? N=1 V=0 D=0 I=0 Z=0 C=0 : FWA 40-8F:A6B0AAAC:00:00 = +2.13363333E+04 : FWB AB-00:C0430C3C:00:?? = -2.20705843E-39
A5B6 : STA 4A         : A=FB X=00 Y=BF SP=?? N=1 V=0 D=0 I=0 Z=0 C=0 : FWA 40-8F:A6B0AAAC:00:00 = +2.13363333E+04 : FWB AB-00:C0430C3C:00:?? = -2.20705843E-39
A5B8 : STY 4B         : A=FB X=00 Y=BF SP=?? N=1 V=0 D=0 I=0 Z=0 C=0 : FWA 40-8F:A6B0AAAC:00:00 = +2.13363333E+04 : FWB AB-00:C0430C3C:00:?? = -2.20705843E-39
A5BA : RTS            : A=FB X=00 Y=BF SP=?? N=1 V=0 D=0 I=0 Z=0 C=0 : FWA 40-8F:A6B0AAAC:00:00 = +2.13363333E+04 : FWB AB-00:C0430C3C:00:?? = -2.20705843E-39
A8F1 : JSR A70A       : A=FB X=00 Y=BF SP=?? N=1 V=0 D=0 I=0 Z=0 C=0 : FWA 40-8F:A6B0AAAC:00:00 = +2.13363333E+04 : FWB AB-00:C0430C3C:00:?? = -2.20705843E-39
A70A : JSR A514       : A=FB X=00 Y=BF SP=?? N=1 V=0 D=0 I=0 Z=0 C=0 : FWA 40-8F:A6B0AAAC:00:00 = +2.13363333E+04 : FWB AB-00:C0430C3C:00:?? = -2.20705843E-39
A514 : STZ 41         : A=FB X=00 Y=BF SP=?? N=1 V=0 D=0 I=0 Z=0 C=0 : FWA 40-8F:A6B0AAAC:00:00 = +2.13363333E+04 : FWB AB-00:C0430C3C:00:?? = -2.20705843E-39
A516 : LDY #04        : A=FB X=00 Y=04 SP=?? N=0 V=0 D=0 I=0 Z=0 C=0 : FWA 40-8F:A6B0AAAC:00:00 = +2.13363333E+04 : FWB AB-00:C0430C3C:00:?? = -2.20705843E-39
A518 : LDA (4A),Y     : A=66 X=00 Y=04 SP=?? N=0 V=0 D=0 I=0 Z=0 C=0 : FWA 40-8F:A6B0AAAC:00:00 = +2.13363333E+04 : FWB AB-00:C0430C3C:00:?? = -2.20705843E-39
A51A : STA 40         : A=66 X=00 Y=04 SP=?? N=0 V=0 D=0 I=0 Z=0 C=0 : FWA 40-8F:A6B0AAAC:00:00 = +2.13363333E+04 : FWB AB-00:C0430C66:00:?? = -2.20705846E-39
A51C : DEY            : A=66 X=00 Y=03 SP=?? N=0 V=0 D=0 I=0 Z=0 C=0 : FWA 40-8F:A6B0AAAC:00:00 = +2.13363333E+04 : FWB AB-00:C0430C66:00:?? = -2.20705846E-39
A51D : LDA (4A),Y     : A=66 X=00 Y=03 SP=?? N=0 V=0 D=0 I=0 Z=0 C=0 : FWA 40-8F:A6B0AAAC:00:00 = +2.13363333E+04 : FWB AB-00:C0430C66:00:?? = -2.20705846E-39
A51F : STA 3F         : A=66 X=00 Y=03 SP=?? N=0 V=0 D=0 I=0 Z=0 C=0 : FWA 40-8F:A6B0AAAC:00:00 = +2.13363333E+04 : FWB AB-00:C0436666:00:?? = -2.20707423E-39
A521 : DEY            : A=66 X=00 Y=02 SP=?? N=0 V=0 D=0 I=0 Z=0 C=0 : FWA 40-8F:A6B0AAAC:00:00 = +2.13363333E+04 : FWB AB-00:C0436666:00:?? = -2.20707423E-39
A522 : LDA (4A),Y     : A=66 X=00 Y=02 SP=?? N=0 V=0 D=0 I=0 Z=0 C=0 : FWA 40-8F:A6B0AAAC:00:00 = +2.13363333E+04 : FWB AB-00:C0436666:00:?? = -2.20707423E-39
A524 : STA 3E         : A=66 X=00 Y=02 SP=?? N=0 V=0 D=0 I=0 Z=0 C=0 : FWA 40-8F:A6B0AAAC:00:00 = +2.13363333E+04 : FWB AB-00:C0666666:00:?? = -2.20864368E-39
A526 : DEY            : A=66 X=00 Y=01 SP=?? N=0 V=0 D=0 I=0 Z=0 C=0 : FWA 40-8F:A6B0AAAC:00:00 = +2.13363333E+04 : FWB AB-00:C0666666:00:?? = -2.20864368E-39
A527 : LDA (4A),Y     : A=E6 X=00 Y=01 SP=?? N=1 V=0 D=0 I=0 Z=0 C=0 : FWA 40-8F:A6B0AAAC:00:00 = +2.13363333E+04 : FWB AB-00:C0666666:00:?? = -2.20864368E-39
A529 : STA 3B         : A=E6 X=00 Y=01 SP=?? N=1 V=0 D=0 I=0 Z=0 C=0 : FWA 40-8F:A6B0AAAC:00:00 = +2.13363333E+04 : FWB E6-00:C0666666:00:?? = -2.20864368E-39
A52B : TAY            : A=E6 X=00 Y=E6 SP=?? N=1 V=0 D=0 I=0 Z=0 C=0 : FWA 40-8F:A6B0AAAC:00:00 = +2.13363333E+04 : FWB E6-00:C0666666:00:?? = -2.20864368E-39
A52C : LDA (4A)       : A=81 X=00 Y=E6 SP=?? N=1 V=0 D=0 I=0 Z=0 C=0 : FWA 40-8F:A6B0AAAC:00:00 = +2.13363333E+04 : FWB E6-00:C0666666:00:?? = -2.20864368E-39
A52E : STA 3C         : A=81 X=00 Y=E6 SP=?? N=1 V=0 D=0 I=0 Z=0 C=0 : FWA 40-8F:A6B0AAAC:00:00 = +2.13363333E+04 : FWB E6-81:C0666666:00:?? = -1.50312500E+00
A530 : BNE A53B       : A=81 X=00 Y=E6 SP=?? N=1 V=0 D=0 I=0 Z=0 C=0 : FWA 40-8F:A6B0AAAC:00:00 = +2.13363333E+04 : FWB E6-81:C0666666:00:?? = -1.50312500E+00
A53B : TYA            : A=E6 X=00 Y=E6 SP=?? N=1 V=0 D=0 I=0 Z=0 C=0 : FWA 40-8F:A6B0AAAC:00:00 = +2.13363333E+04 : FWB E6-81:C0666666:00:?? = -1.50312500E+00
A53C : ORA #80        : A=E6 X=00 Y=E6 SP=?? N=1 V=0 D=0 I=0 Z=0 C=0 : FWA 40-8F:A6B0AAAC:00:00 = +2.13363333E+04 : FWB E6-81:C0666666:00:?? = -1.50312500E+00
A53E : STA 3D         : A=E6 X=00 Y=E6 SP=?? N=1 V=0 D=0 I=0 Z=0 C=0 : FWA 40-8F:A6B0AAAC:00:00 = +2.13363333E+04 : FWB E6-81:E6666666:00:?? = -1.80000000E+00
A540 : RTS            : A=E6 X=00 Y=E6 SP=?? N=1 V=0 D=0 I=0 Z=0 C=0 : FWA 40-8F:A6B0AAAC:00:00 = +2.13363333E+04 : FWB E6-81:E6666666:00:?? = -1.80000000E+00
A70D : BEQ A73B       : A=E6 X=00 Y=E6 SP=?? N=1 V=0 D=0 I=0 Z=0 C=0 : FWA 40-8F:A6B0AAAC:00:00 = +2.13363333E+04 : FWB E6-81:E6666666:00:?? = -1.80000000E+00
A70F : JSR 8429       : A=E6 X=00 Y=E6 SP=?? N=1 V=0 D=0 I=0 Z=0 C=0 : FWA 40-8F:A6B0AAAC:00:00 = +2.13363333E+04 : FWB E6-81:E6666666:00:?? = -1.80000000E+00
8429 : LDA 31         : A=A6 X=00 Y=E6 SP=?? N=1 V=0 D=0 I=0 Z=0 C=0 : FWA 40-8F:A6B0AAAC:00:00 = +2.13363333E+04 : FWB E6-81:E6666666:00:?? = -1.80000000E+00
842B : BEQ 840A       : A=A6 X=00 Y=E6 SP=?? N=1 V=0 D=0 I=0 Z=0 C=0 : FWA 40-8F:A6B0AAAC:00:00 = +2.13363333E+04 : FWB E6-81:E6666666:00:?? = -1.80000000E+00
842D : SEC            : A=A6 X=00 Y=E6 SP=?? N=1 V=0 D=0 I=0 Z=0 C=1 : FWA 40-8F:A6B0AAAC:00:00 = +2.13363333E+04 : FWB E6-81:E6666666:00:?? = -1.80000000E+00
842E : LDA 30         : A=8F X=00 Y=E6 SP=?? N=1 V=0 D=0 I=0 Z=0 C=1 : FWA 40-8F:A6B0AAAC:00:00 = +2.13363333E+04 : FWB E6-81:E6666666:00:?? = -1.80000000E+00
8430 : SBC 3C         : A=0E X=00 Y=E6 SP=?? N=0 V=0 D=0 I=0 Z=0 C=1 : FWA 40-8F:A6B0AAAC:00:00 = +2.13363333E+04 : FWB E6-81:E6666666:00:?? = -1.80000000E+00
8432 : BEQ 84A3       : A=0E X=00 Y=E6 SP=?? N=0 V=0 D=0 I=0 Z=0 C=1 : FWA 40-8F:A6B0AAAC:00:00 = +2.13363333E+04 : FWB E6-81:E6666666:00:?? = -1.80000000E+00
8434 : BCC 846A       : A=0E X=00 Y=E6 SP=?? N=0 V=0 D=0 I=0 Z=0 C=1 : FWA 40-8F:A6B0AAAC:00:00 = +2.13363333E+04 : FWB E6-81:E6666666:00:?? = -1.80000000E+00
8436 : CMP #25        : A=0E X=00 Y=E6 SP=?? N=1 V=0 D=0 I=0 Z=0 C=0 : FWA 40-8F:A6B0AAAC:00:00 = +2.13363333E+04 : FWB E6-81:E6666666:00:?? = -1.80000000E+00
8438 : BCS 8428       : A=0E X=00 Y=E6 SP=?? N=1 V=0 D=0 I=0 Z=0 C=0 : FWA 40-8F:A6B0AAAC:00:00 = +2.13363333E+04 : FWB E6-81:E6666666:00:?? = -1.80000000E+00
843A : TAY            : A=0E X=00 Y=0E SP=?? N=0 V=0 D=0 I=0 Z=0 C=0 : FWA 40-8F:A6B0AAAC:00:00 = +2.13363333E+04 : FWB E6-81:E6666666:00:?? = -1.80000000E+00
843B : AND #38        : A=08 X=00 Y=0E SP=?? N=0 V=0 D=0 I=0 Z=0 C=0 : FWA 40-8F:A6B0AAAC:00:00 = +2.13363333E+04 : FWB E6-81:E6666666:00:?? = -1.80000000E+00
843D : BEQ 8456       : A=08 X=00 Y=0E SP=?? N=0 V=0 D=0 I=0 Z=0 C=0 : FWA 40-8F:A6B0AAAC:00:00 = +2.13363333E+04 : FWB E6-81:E6666666:00:?? = -1.80000000E+00
843F : SEC            : A=08 X=00 Y=0E SP=?? N=0 V=0 D=0 I=0 Z=0 C=1 : FWA 40-8F:A6B0AAAC:00:00 = +2.13363333E+04 : FWB E6-81:E6666666:00:?? = -1.80000000E+00
8440 : LDX 40         : A=08 X=66 Y=0E SP=?? N=0 V=0 D=0 I=0 Z=0 C=1 : FWA 40-8F:A6B0AAAC:00:00 = +2.13363333E+04 : FWB E6-81:E6666666:00:?? = -1.80000000E+00
8442 : STX 41         : A=08 X=66 Y=0E SP=?? N=0 V=0 D=0 I=0 Z=0 C=1 : FWA 40-8F:A6B0AAAC:00:00 = +2.13363333E+04 : FWB E6-81:E6666666:66:?? = -1.80000000E+00
8444 : LDX 3F         : A=08 X=66 Y=0E SP=?? N=0 V=0 D=0 I=0 Z=0 C=1 : FWA 40-8F:A6B0AAAC:00:00 = +2.13363333E+04 : FWB E6-81:E6666666:66:?? = -1.80000000E+00
8446 : STX 40         : A=08 X=66 Y=0E SP=?? N=0 V=0 D=0 I=0 Z=0 C=1 : FWA 40-8F:A6B0AAAC:00:00 = +2.13363333E+04 : FWB E6-81:E6666666:66:?? = -1.80000000E+00
8448 : LDX 3E         : A=08 X=66 Y=0E SP=?? N=0 V=0 D=0 I=0 Z=0 C=1 : FWA 40-8F:A6B0AAAC:00:00 = +2.13363333E+04 : FWB E6-81:E6666666:66:?? = -1.80000000E+00
844A : STX 3F         : A=08 X=66 Y=0E SP=?? N=0 V=0 D=0 I=0 Z=0 C=1 : FWA 40-8F:A6B0AAAC:00:00 = +2.13363333E+04 : FWB E6-81:E6666666:66:?? = -1.80000000E+00
844C : LDX 3D         : A=08 X=E6 Y=0E SP=?? N=1 V=0 D=0 I=0 Z=0 C=1 : FWA 40-8F:A6B0AAAC:00:00 = +2.13363333E+04 : FWB E6-81:E6666666:66:?? = -1.80000000E+00
844E : STX 3E         : A=08 X=E6 Y=0E SP=?? N=1 V=0 D=0 I=0 Z=0 C=1 : FWA 40-8F:A6B0AAAC:00:00 = +2.13363333E+04 : FWB E6-81:E6E66666:66:?? = -1.80390625E+00
8450 : STZ 3D         : A=08 X=E6 Y=0E SP=?? N=1 V=0 D=0 I=0 Z=0 C=1 : FWA 40-8F:A6B0AAAC:00:00 = +2.13363333E+04 : FWB E6-81:00E66666:66:?? = -7.03125000E-03
8452 : SBC #08        : A=00 X=E6 Y=0E SP=?? N=0 V=0 D=0 I=0 Z=1 C=1 : FWA 40-8F:A6B0AAAC:00:00 = +2.13363333E+04 : FWB E6-81:00E66666:66:?? = -7.03125000E-03
8454 : BNE 8440       : A=00 X=E6 Y=0E SP=?? N=0 V=0 D=0 I=0 Z=1 C=1 : FWA 40-8F:A6B0AAAC:00:00 = +2.13363333E+04 : FWB E6-81:00E66666:66:?? = -7.03125000E-03
8456 : TYA            : A=0E X=E6 Y=0E SP=?? N=0 V=0 D=0 I=0 Z=0 C=1 : FWA 40-8F:A6B0AAAC:00:00 = +2.13363333E+04 : FWB E6-81:00E66666:66:?? = -7.03125000E-03
8457 : AND #07        : A=06 X=E6 Y=0E SP=?? N=0 V=0 D=0 I=0 Z=0 C=1 : FWA 40-8F:A6B0AAAC:00:00 = +2.13363333E+04 : FWB E6-81:00E66666:66:?? = -7.03125000E-03
8459 : BEQ 84A3       : A=06 X=E6 Y=0E SP=?? N=0 V=0 D=0 I=0 Z=0 C=1 : FWA 40-8F:A6B0AAAC:00:00 = +2.13363333E+04 : FWB E6-81:00E66666:66:?? = -7.03125000E-03
845B : LSR 3D         : A=06 X=E6 Y=0E SP=?? N=0 V=0 D=0 I=0 Z=1 C=0 : FWA 40-8F:A6B0AAAC:00:00 = +2.13363333E+04 : FWB E6-81:00E66666:66:?? = -7.03125000E-03
845D : ROR 3E         : A=06 X=E6 Y=0E SP=?? N=0 V=0 D=0 I=0 Z=0 C=0 : FWA 40-8F:A6B0AAAC:00:00 = +2.13363333E+04 : FWB E6-81:00736666:66:?? = -3.52172851E-03
845F : ROR 3F         : A=06 X=E6 Y=0E SP=?? N=0 V=0 D=0 I=0 Z=0 C=0 : FWA 40-8F:A6B0AAAC:00:00 = +2.13363333E+04 : FWB E6-81:00733366:66:?? = -3.51564884E-03
8461 : ROR 40         : A=06 X=E6 Y=0E SP=?? N=0 V=0 D=0 I=0 Z=0 C=0 : FWA 40-8F:A6B0AAAC:00:00 = +2.13363333E+04 : FWB E6-81:00733333:66:?? = -3.51562509E-03
8463 : ROR 41         : A=06 X=E6 Y=0E SP=?? N=0 V=0 D=0 I=0 Z=0 C=0 : FWA 40-8F:A6B0AAAC:00:00 = +2.13363333E+04 : FWB E6-81:00733333:33:?? = -3.51562500E-03
8465 : DEC A          : A=05 X=E6 Y=0E SP=?? N=0 V=0 D=0 I=0 Z=0 C=0 : FWA 40-8F:A6B0AAAC:00:00 = +2.13363333E+04 : FWB E6-81:00733333:33:?? = -3.51562500E-03
8466 : BNE 845B       : A=05 X=E6 Y=0E SP=?? N=0 V=0 D=0 I=0 Z=0 C=0 : FWA 40-8F:A6B0AAAC:00:00 = +2.13363333E+04 : FWB E6-81:00733333:33:?? = -3.51562500E-03
845B : LSR 3D         : A=05 X=E6 Y=0E SP=?? N=0 V=0 D=0 I=0 Z=1 C=0 : FWA 40-8F:A6B0AAAC:00:00 = +2.13363333E+04 : FWB E6-81:00733333:33:?? = -3.51562500E-03
845D : ROR 3E         : A=05 X=E6 Y=0E SP=?? N=0 V=0 D=0 I=0 Z=0 C=1 : FWA 40-8F:A6B0AAAC:00:00 = +2.13363333E+04 : FWB E6-81:00393333:33:?? = -1.74560547E-03
845F : ROR 3F         : A=05 X=E6 Y=0E SP=?? N=1 V=0 D=0 I=0 Z=0 C=1 : FWA 40-8F:A6B0AAAC:00:00 = +2.13363333E+04 : FWB E6-81:00399933:33:?? = -1.75776482E-03
8461 : ROR 40         : A=05 X=E6 Y=0E SP=?? N=1 V=0 D=0 I=0 Z=0 C=1 : FWA 40-8F:A6B0AAAC:00:00 = +2.13363333E+04 : FWB E6-81:00399999:33:?? = -1.75781231E-03
8463 : ROR 41         : A=05 X=E6 Y=0E SP=?? N=1 V=0 D=0 I=0 Z=0 C=1 : FWA 40-8F:A6B0AAAC:00:00 = +2.13363333E+04 : FWB E6-81:00399999:99:?? = -1.75781250E-03
8465 : DEC A          : A=04 X=E6 Y=0E SP=?? N=0 V=0 D=0 I=0 Z=0 C=1 : FWA 40-8F:A6B0AAAC:00:00 = +2.13363333E+04 : FWB E6-81:00399999:99:?? = -1.75781250E-03
8466 : BNE 845B       : A=04 X=E6 Y=0E SP=?? N=0 V=0 D=0 I=0 Z=0 C=1 : FWA 40-8F:A6B0AAAC:00:00 = +2.13363333E+04 : FWB E6-81:00399999:99:?? = -1.75781250E-03
845B : LSR 3D         : A=04 X=E6 Y=0E SP=?? N=0 V=0 D=0 I=0 Z=1 C=0 : FWA 40-8F:A6B0AAAC:00:00 = +2.13363333E+04 : FWB E6-81:00399999:99:?? = -1.75781250E-03
845D : ROR 3E         : A=04 X=E6 Y=0E SP=?? N=0 V=0 D=0 I=0 Z=0 C=1 : FWA 40-8F:A6B0AAAC:00:00 = +2.13363333E+04 : FWB E6-81:001C9999:99:?? = -8.72802733E-04
845F : ROR 3F         : A=04 X=E6 Y=0E SP=?? N=1 V=0 D=0 I=0 Z=0 C=1 : FWA 40-8F:A6B0AAAC:00:00 = +2.13363333E+04 : FWB E6-81:001CCC99:99:?? = -8.78882407E-04
8461 : ROR 40         : A=04 X=E6 Y=0E SP=?? N=1 V=0 D=0 I=0 Z=0 C=1 : FWA 40-8F:A6B0AAAC:00:00 = +2.13363333E+04 : FWB E6-81:001CCCCC:99:?? = -8.78906156E-04
8463 : ROR 41         : A=04 X=E6 Y=0E SP=?? N=1 V=0 D=0 I=0 Z=0 C=1 : FWA 40-8F:A6B0AAAC:00:00 = +2.13363333E+04 : FWB E6-81:001CCCCC:CC:?? = -8.78906249E-04
8465 : DEC A          : A=03 X=E6 Y=0E SP=?? N=0 V=0 D=0 I=0 Z=0 C=1 : FWA 40-8F:A6B0AAAC:00:00 = +2.13363333E+04 : FWB E6-81:001CCCCC:CC:?? = -8.78906249E-04
8466 : BNE 845B       : A=03 X=E6 Y=0E SP=?? N=0 V=0 D=0 I=0 Z=0 C=1 : FWA 40-8F:A6B0AAAC:00:00 = +2.13363333E+04 : FWB E6-81:001CCCCC:CC:?? = -8.78906249E-04
845B : LSR 3D         : A=03 X=E6 Y=0E SP=?? N=0 V=0 D=0 I=0 Z=1 C=0 : FWA 40-8F:A6B0AAAC:00:00 = +2.13363333E+04 : FWB E6-81:001CCCCC:CC:?? = -8.78906249E-04
845D : ROR 3E         : A=03 X=E6 Y=0E SP=?? N=0 V=0 D=0 I=0 Z=0 C=0 : FWA 40-8F:A6B0AAAC:00:00 = +2.13363333E+04 : FWB E6-81:000ECCCC:CC:?? = -4.51660155E-04
845F : ROR 3F         : A=03 X=E6 Y=0E SP=?? N=0 V=0 D=0 I=0 Z=0 C=0 : FWA 40-8F:A6B0AAAC:00:00 = +2.13363333E+04 : FWB E6-81:000E66CC:CC:?? = -4.39500807E-04
8461 : ROR 40         : A=03 X=E6 Y=0E SP=?? N=0 V=0 D=0 I=0 Z=0 C=0 : FWA 40-8F:A6B0AAAC:00:00 = +2.13363333E+04 : FWB E6-81:000E6666:CC:?? = -4.39453310E-04
8463 : ROR 41         : A=03 X=E6 Y=0E SP=?? N=0 V=0 D=0 I=0 Z=0 C=0 : FWA 40-8F:A6B0AAAC:00:00 = +2.13363333E+04 : FWB E6-81:000E6666:66:?? = -4.39453124E-04
8465 : DEC A          : A=02 X=E6 Y=0E SP=?? N=0 V=0 D=0 I=0 Z=0 C=0 : FWA 40-8F:A6B0AAAC:00:00 = +2.13363333E+04 : FWB E6-81:000E6666:66:?? = -4.39453124E-04
8466 : BNE 845B       : A=02 X=E6 Y=0E SP=?? N=0 V=0 D=0 I=0 Z=0 C=0 : FWA 40-8F:A6B0AAAC:00:00 = +2.13363333E+04 : FWB E6-81:000E6666:66:?? = -4.39453124E-04
845B : LSR 3D         : A=02 X=E6 Y=0E SP=?? N=0 V=0 D=0 I=0 Z=1 C=0 : FWA 40-8F:A6B0AAAC:00:00 = +2.13363333E+04 : FWB E6-81:000E6666:66:?? = -4.39453124E-04
845D : ROR 3E         : A=02 X=E6 Y=0E SP=?? N=0 V=0 D=0 I=0 Z=0 C=0 : FWA 40-8F:A6B0AAAC:00:00 = +2.13363333E+04 : FWB E6-81:00076666:66:?? = -2.25830077E-04
845F : ROR 3F         : A=02 X=E6 Y=0E SP=?? N=0 V=0 D=0 I=0 Z=0 C=0 : FWA 40-8F:A6B0AAAC:00:00 = +2.13363333E+04 : FWB E6-81:00073366:66:?? = -2.19750404E-04
8461 : ROR 40         : A=02 X=E6 Y=0E SP=?? N=0 V=0 D=0 I=0 Z=0 C=0 : FWA 40-8F:A6B0AAAC:00:00 = +2.13363333E+04 : FWB E6-81:00073333:66:?? = -2.19726655E-04
8463 : ROR 41         : A=02 X=E6 Y=0E SP=?? N=0 V=0 D=0 I=0 Z=0 C=0 : FWA 40-8F:A6B0AAAC:00:00 = +2.13363333E+04 : FWB E6-81:00073333:33:?? = -2.19726562E-04
8465 : DEC A          : A=01 X=E6 Y=0E SP=?? N=0 V=0 D=0 I=0 Z=0 C=0 : FWA 40-8F:A6B0AAAC:00:00 = +2.13363333E+04 : FWB E6-81:00073333:33:?? = -2.19726562E-04
8466 : BNE 845B       : A=01 X=E6 Y=0E SP=?? N=0 V=0 D=0 I=0 Z=0 C=0 : FWA 40-8F:A6B0AAAC:00:00 = +2.13363333E+04 : FWB E6-81:00073333:33:?? = -2.19726562E-04
845B : LSR 3D         : A=01 X=E6 Y=0E SP=?? N=0 V=0 D=0 I=0 Z=1 C=0 : FWA 40-8F:A6B0AAAC:00:00 = +2.13363333E+04 : FWB E6-81:00073333:33:?? = -2.19726562E-04
845D : ROR 3E         : A=01 X=E6 Y=0E SP=?? N=0 V=0 D=0 I=0 Z=0 C=1 : FWA 40-8F:A6B0AAAC:00:00 = +2.13363333E+04 : FWB E6-81:00033333:33:?? = -9.76562496E-05
845F : ROR 3F         : A=01 X=E6 Y=0E SP=?? N=1 V=0 D=0 I=0 Z=0 C=1 : FWA 40-8F:A6B0AAAC:00:00 = +2.13363333E+04 : FWB E6-81:00039933:33:?? = -1.09815597E-04
8461 : ROR 40         : A=01 X=E6 Y=0E SP=?? N=1 V=0 D=0 I=0 Z=0 C=1 : FWA 40-8F:A6B0AAAC:00:00 = +2.13363333E+04 : FWB E6-81:00039999:33:?? = -1.09863095E-04
8463 : ROR 41         : A=01 X=E6 Y=0E SP=?? N=1 V=0 D=0 I=0 Z=0 C=1 : FWA 40-8F:A6B0AAAC:00:00 = +2.13363333E+04 : FWB E6-81:00039999:99:?? = -1.09863280E-04
8465 : DEC A          : A=00 X=E6 Y=0E SP=?? N=0 V=0 D=0 I=0 Z=1 C=1 : FWA 40-8F:A6B0AAAC:00:00 = +2.13363333E+04 : FWB E6-81:00039999:99:?? = -1.09863280E-04
8466 : BNE 845B       : A=00 X=E6 Y=0E SP=?? N=0 V=0 D=0 I=0 Z=1 C=1 : FWA 40-8F:A6B0AAAC:00:00 = +2.13363333E+04 : FWB E6-81:00039999:99:?? = -1.09863280E-04
8468 : BRA 84A3       : A=00 X=E6 Y=0E SP=?? N=0 V=0 D=0 I=0 Z=1 C=1 : FWA 40-8F:A6B0AAAC:00:00 = +2.13363333E+04 : FWB E6-81:00039999:99:?? = -1.09863280E-04
84A3 : LDA 2E         : A=40 X=E6 Y=0E SP=?? N=0 V=0 D=0 I=0 Z=0 C=1 : FWA 40-8F:A6B0AAAC:00:00 = +2.13363333E+04 : FWB E6-81:00039999:99:?? = -1.09863280E-04
84A5 : EOR 3B         : A=A6 X=E6 Y=0E SP=?? N=1 V=0 D=0 I=0 Z=0 C=1 : FWA 40-8F:A6B0AAAC:00:00 = +2.13363333E+04 : FWB E6-81:00039999:99:?? = -1.09863280E-04
84A7 : BMI 84AD       : A=A6 X=E6 Y=0E SP=?? N=1 V=0 D=0 I=0 Z=0 C=1 : FWA 40-8F:A6B0AAAC:00:00 = +2.13363333E+04 : FWB E6-81:00039999:99:?? = -1.09863280E-04
84AD : LDA 31         : A=A6 X=E6 Y=0E SP=?? N=1 V=0 D=0 I=0 Z=0 C=1 : FWA 40-8F:A6B0AAAC:00:00 = +2.13363333E+04 : FWB E6-81:00039999:99:?? = -1.09863280E-04
84AF : CMP 3D         : A=A6 X=E6 Y=0E SP=?? N=1 V=0 D=0 I=0 Z=0 C=1 : FWA 40-8F:A6B0AAAC:00:00 = +2.13363333E+04 : FWB E6-81:00039999:99:?? = -1.09863280E-04
84B1 : BNE 84CE       : A=A6 X=E6 Y=0E SP=?? N=1 V=0 D=0 I=0 Z=0 C=1 : FWA 40-8F:A6B0AAAC:00:00 = +2.13363333E+04 : FWB E6-81:00039999:99:?? = -1.09863280E-04
84CE : BCS 84F4       : A=A6 X=E6 Y=0E SP=?? N=1 V=0 D=0 I=0 Z=0 C=1 : FWA 40-8F:A6B0AAAC:00:00 = +2.13363333E+04 : FWB E6-81:00039999:99:?? = -1.09863280E-04
84F4 : LDA 35         : A=00 X=E6 Y=0E SP=?? N=0 V=0 D=0 I=0 Z=1 C=1 : FWA 40-8F:A6B0AAAC:00:00 = +2.13363333E+04 : FWB E6-81:00039999:99:?? = -1.09863280E-04
84F6 : SBC 41         : A=67 X=E6 Y=0E SP=?? N=0 V=0 D=0 I=0 Z=0 C=0 : FWA 40-8F:A6B0AAAC:00:00 = +2.13363333E+04 : FWB E6-81:00039999:99:?? = -1.09863280E-04
84F8 : STA 35         : A=67 X=E6 Y=0E SP=?? N=0 V=0 D=0 I=0 Z=0 C=0 : FWA 40-8F:A6B0AAAC:67:00 = +2.13363333E+04 : FWB E6-81:00039999:99:?? = -1.09863280E-04
84FA : LDA 34         : A=AC X=E6 Y=0E SP=?? N=1 V=0 D=0 I=0 Z=0 C=0 : FWA 40-8F:A6B0AAAC:67:00 = +2.13363333E+04 : FWB E6-81:00039999:99:?? = -1.09863280E-04
84FC : SBC 40         : A=12 X=E6 Y=0E SP=?? N=0 V=0 D=0 I=0 Z=0 C=1 : FWA 40-8F:A6B0AAAC:67:00 = +2.13363333E+04 : FWB E6-81:00039999:99:?? = -1.09863280E-04
84FE : STA 34         : A=12 X=E6 Y=0E SP=?? N=0 V=0 D=0 I=0 Z=0 C=1 : FWA 40-8F:A6B0AA12:67:00 = +2.13363322E+04 : FWB E6-81:00039999:99:?? = -1.09863280E-04
8500 : LDA 33         : A=AA X=E6 Y=0E SP=?? N=1 V=0 D=0 I=0 Z=0 C=1 : FWA 40-8F:A6B0AA12:67:00 = +2.13363322E+04 : FWB E6-81:00039999:99:?? = -1.09863280E-04
8502 : SBC 3F         : A=11 X=E6 Y=0E SP=?? N=0 V=0 D=0 I=0 Z=0 C=1 : FWA 40-8F:A6B0AA12:67:00 = +2.13363322E+04 : FWB E6-81:00039999:99:?? = -1.09863280E-04
8504 : STA 33         : A=11 X=E6 Y=0E SP=?? N=0 V=0 D=0 I=0 Z=0 C=1 : FWA 40-8F:A6B01112:67:00 = +2.13360333E+04 : FWB E6-81:00039999:99:?? = -1.09863280E-04
8506 : LDA 32         : A=B0 X=E6 Y=0E SP=?? N=1 V=0 D=0 I=0 Z=0 C=1 : FWA 40-8F:A6B01112:67:00 = +2.13360333E+04 : FWB E6-81:00039999:99:?? = -1.09863280E-04
8508 : SBC 3E         : A=AD X=E6 Y=0E SP=?? N=1 V=0 D=0 I=0 Z=0 C=1 : FWA 40-8F:A6B01112:67:00 = +2.13360333E+04 : FWB E6-81:00039999:99:?? = -1.09863280E-04
850A : STA 32         : A=AD X=E6 Y=0E SP=?? N=1 V=0 D=0 I=0 Z=0 C=1 : FWA 40-8F:A6AD1112:67:00 = +2.13345333E+04 : FWB E6-81:00039999:99:?? = -1.09863280E-04
850C : LDA 31         : A=A6 X=E6 Y=0E SP=?? N=1 V=0 D=0 I=0 Z=0 C=1 : FWA 40-8F:A6AD1112:67:00 = +2.13345333E+04 : FWB E6-81:00039999:99:?? = -1.09863280E-04
850E : SBC 3D         : A=A6 X=E6 Y=0E SP=?? N=1 V=0 D=0 I=0 Z=0 C=1 : FWA 40-8F:A6AD1112:67:00 = +2.13345333E+04 : FWB E6-81:00039999:99:?? = -1.09863280E-04
8510 : JMP 8304       : A=A6 X=E6 Y=0E SP=?? N=1 V=0 D=0 I=0 Z=0 C=1 : FWA 40-8F:A6AD1112:67:00 = +2.13345333E+04 : FWB E6-81:00039999:99:?? = -1.09863280E-04
8304 : BMI 8346       : A=A6 X=E6 Y=0E SP=?? N=1 V=0 D=0 I=0 Z=0 C=1 : FWA 40-8F:A6AD1112:67:00 = +2.13345333E+04 : FWB E6-81:00039999:99:?? = -1.09863280E-04
8346 : STA 31         : A=A6 X=E6 Y=0E SP=?? N=1 V=0 D=0 I=0 Z=0 C=1 : FWA 40-8F:A6AD1112:67:00 = +2.13345333E+04 : FWB E6-81:00039999:99:?? = -1.09863280E-04
8348 : RTS            : A=A6 X=E6 Y=0E SP=?? N=1 V=0 D=0 I=0 Z=0 C=1 : FWA 40-8F:A6AD1112:67:00 = +2.13345333E+04 : FWB E6-81:00039999:99:?? = -1.09863280E-04
A712 : LDA 35         : A=67 X=E6 Y=0E SP=?? N=0 V=0 D=0 I=0 Z=0 C=1 : FWA 40-8F:A6AD1112:67:00 = +2.13345333E+04 : FWB E6-81:00039999:99:?? = -1.09863280E-04
A714 : BPL A725       : A=67 X=E6 Y=0E SP=?? N=0 V=0 D=0 I=0 Z=0 C=1 : FWA 40-8F:A6AD1112:67:00 = +2.13345333E+04 : FWB E6-81:00039999:99:?? = -1.09863280E-04
A725 : LDA 2F         : A=00 X=E6 Y=0E SP=?? N=0 V=0 D=0 I=0 Z=1 C=1 : FWA 40-8F:A6AD1112:67:00 = +2.13345333E+04 : FWB E6-81:00039999:99:?? = -1.09863280E-04
A727 : BEQ A739       : A=00 X=E6 Y=0E SP=?? N=0 V=0 D=0 I=0 Z=1 C=1 : FWA 40-8F:A6AD1112:67:00 = +2.13345333E+04 : FWB E6-81:00039999:99:?? = -1.09863280E-04
A739 : STZ 35         : A=00 X=E6 Y=0E SP=?? N=0 V=0 D=0 I=0 Z=1 C=1 : FWA 40-8F:A6AD1112:00:00 = +2.13345333E+04 : FWB E6-81:00039999:99:?? = -1.09863280E-04
A73B : LDA #FF        : A=FF X=E6 Y=0E SP=?? N=1 V=0 D=0 I=0 Z=0 C=1 : FWA 40-8F:A6AD1112:00:00 = +2.13345333E+04 : FWB E6-81:00039999:99:?? = -1.09863280E-04
A73D : RTS            : A=FF X=E6 Y=0E SP=?? N=1 V=0 D=0 I=0 Z=0 C=1 : FWA 40-8F:A6AD1112:00:00 = +2.13345333E+04 : FWB E6-81:00039999:99:?? = -1.09863280E-04
A8F4 : INC 47         : A=FF X=E6 Y=0E SP=?? N=0 V=0 D=0 I=0 Z=1 C=1 : FWA 40-8F:A6AD1112:00:00 = +2.13345333E+04 : FWB E6-81:00039999:99:?? = -1.09863280E-04
A8F6 : BMI A8E0       : A=FF X=E6 Y=0E SP=?? N=0 V=0 D=0 I=0 Z=1 C=1 : FWA 40-8F:A6AD1112:00:00 = +2.13345333E+04 : FWB E6-81:00039999:99:?? = -1.09863280E-04
A8F8 : JSR A5BB       : A=FF X=E6 Y=0E SP=?? N=0 V=0 D=0 I=0 Z=1 C=1 : FWA 40-8F:A6AD1112:00:00 = +2.13345333E+04 : FWB E6-81:00039999:99:?? = -1.09863280E-04
A5BB : LDA #6C        : A=6C X=E6 Y=0E SP=?? N=0 V=0 D=0 I=0 Z=0 C=1 : FWA 40-8F:A6AD1112:00:00 = +2.13345333E+04 : FWB E6-81:00039999:99:?? = -1.09863280E-04
A5BD : LDY #04        : A=6C X=E6 Y=04 SP=?? N=0 V=0 D=0 I=0 Z=0 C=1 : FWA 40-8F:A6AD1112:00:00 = +2.13345333E+04 : FWB E6-81:00039999:99:?? = -1.09863280E-04
A5BF : BRA A5B6       : A=6C X=E6 Y=04 SP=?? N=0 V=0 D=0 I=0 Z=0 C=1 : FWA 40-8F:A6AD1112:00:00 = +2.13345333E+04 : FWB E6-81:00039999:99:?? = -1.09863280E-04
A5B6 : STA 4A         : A=6C X=E6 Y=04 SP=?? N=0 V=0 D=0 I=0 Z=0 C=1 : FWA 40-8F:A6AD1112:00:00 = +2.13345333E+04 : FWB E6-81:00039999:99:?? = -1.09863280E-04
A5B8 : STY 4B         : A=6C X=E6 Y=04 SP=?? N=0 V=0 D=0 I=0 Z=0 C=1 : FWA 40-8F:A6AD1112:00:00 = +2.13345333E+04 : FWB E6-81:00039999:99:?? = -1.09863280E-04
A5BA : RTS            : A=6C X=E6 Y=04 SP=?? N=0 V=0 D=0 I=0 Z=0 C=1 : FWA 40-8F:A6AD1112:00:00 = +2.13345333E+04 : FWB E6-81:00039999:99:?? = -1.09863280E-04
A8FB : JSR A634       : A=6C X=E6 Y=04 SP=?? N=0 V=0 D=0 I=0 Z=0 C=1 : FWA 40-8F:A6AD1112:00:00 = +2.13345333E+04 : FWB E6-81:00039999:99:?? = -1.09863280E-04
A634 : LDA 31         : A=A6 X=E6 Y=04 SP=?? N=1 V=0 D=0 I=0 Z=0 C=1 : FWA 40-8F:A6AD1112:00:00 = +2.13345333E+04 : FWB E6-81:00039999:99:?? = -1.09863280E-04
A636 : BEQ A62C       : A=A6 X=E6 Y=04 SP=?? N=1 V=0 D=0 I=0 Z=0 C=1 : FWA 40-8F:A6AD1112:00:00 = +2.13345333E+04 : FWB E6-81:00039999:99:?? = -1.09863280E-04
A638 : JSR A514       : A=A6 X=E6 Y=04 SP=?? N=1 V=0 D=0 I=0 Z=0 C=1 : FWA 40-8F:A6AD1112:00:00 = +2.13345333E+04 : FWB E6-81:00039999:99:?? = -1.09863280E-04
A514 : STZ 41         : A=A6 X=E6 Y=04 SP=?? N=1 V=0 D=0 I=0 Z=0 C=1 : FWA 40-8F:A6AD1112:00:00 = +2.13345333E+04 : FWB E6-81:00039999:00:?? = -1.09863002E-04
A516 : LDY #04        : A=A6 X=E6 Y=04 SP=?? N=0 V=0 D=0 I=0 Z=0 C=1 : FWA 40-8F:A6AD1112:00:00 = +2.13345333E+04 : FWB E6-81:00039999:00:?? = -1.09863002E-04
A518 : LDA (4A),Y     : A=7D X=E6 Y=04 SP=?? N=0 V=0 D=0 I=0 Z=0 C=1 : FWA 40-8F:A6AD1112:00:00 = +2.13345333E+04 : FWB E6-81:00039999:00:?? = -1.09863002E-04
A51A : STA 40         : A=7D X=E6 Y=04 SP=?? N=0 V=0 D=0 I=0 Z=0 C=1 : FWA 40-8F:A6AD1112:00:00 = +2.13345333E+04 : FWB E6-81:0003997D:00:?? = -1.09849963E-04
A51C : DEY            : A=7D X=E6 Y=03 SP=?? N=0 V=0 D=0 I=0 Z=0 C=1 : FWA 40-8F:A6AD1112:00:00 = +2.13345333E+04 : FWB E6-81:0003997D:00:?? = -1.09849963E-04
A51D : LDA (4A),Y     : A=D4 X=E6 Y=03 SP=?? N=1 V=0 D=0 I=0 Z=0 C=1 : FWA 40-8F:A6AD1112:00:00 = +2.13345333E+04 : FWB E6-81:0003997D:00:?? = -1.09849963E-04
A51F : STA 3F         : A=D4 X=E6 Y=03 SP=?? N=1 V=0 D=0 I=0 Z=0 C=1 : FWA 40-8F:A6AD1112:00:00 = +2.13345333E+04 : FWB E6-81:0003D47D:00:?? = -1.16883311E-04
A521 : DEY            : A=D4 X=E6 Y=02 SP=?? N=0 V=0 D=0 I=0 Z=0 C=1 : FWA 40-8F:A6AD1112:00:00 = +2.13345333E+04 : FWB E6-81:0003D47D:00:?? = -1.16883311E-04
A522 : LDA (4A),Y     : A=46 X=E6 Y=02 SP=?? N=0 V=0 D=0 I=0 Z=0 C=1 : FWA 40-8F:A6AD1112:00:00 = +2.13345333E+04 : FWB E6-81:0003D47D:00:?? = -1.16883311E-04
A524 : STA 3E         : A=46 X=E6 Y=02 SP=?? N=0 V=0 D=0 I=0 Z=0 C=1 : FWA 40-8F:A6AD1112:00:00 = +2.13345333E+04 : FWB E6-81:0046D47D:00:?? = -2.16156105E-03
A526 : DEY            : A=46 X=E6 Y=01 SP=?? N=0 V=0 D=0 I=0 Z=0 C=1 : FWA 40-8F:A6AD1112:00:00 = +2.13345333E+04 : FWB E6-81:0046D47D:00:?? = -2.16156105E-03
A527 : LDA (4A),Y     : A=42 X=E6 Y=01 SP=?? N=0 V=0 D=0 I=0 Z=0 C=1 : FWA 40-8F:A6AD1112:00:00 = +2.13345333E+04 : FWB E6-81:0046D47D:00:?? = -2.16156105E-03
A529 : STA 3B         : A=42 X=E6 Y=01 SP=?? N=0 V=0 D=0 I=0 Z=0 C=1 : FWA 40-8F:A6AD1112:00:00 = +2.13345333E+04 : FWB 42-81:0046D47D:00:?? = +2.16156105E-03
A52B : TAY            : A=42 X=E6 Y=42 SP=?? N=0 V=0 D=0 I=0 Z=0 C=1 : FWA 40-8F:A6AD1112:00:00 = +2.13345333E+04 : FWB 42-81:0046D47D:00:?? = +2.16156105E-03
A52C : LDA (4A)       : A=7A X=E6 Y=42 SP=?? N=0 V=0 D=0 I=0 Z=0 C=1 : FWA 40-8F:A6AD1112:00:00 = +2.13345333E+04 : FWB 42-81:0046D47D:00:?? = +2.16156105E-03
A52E : STA 3C         : A=7A X=E6 Y=42 SP=?? N=0 V=0 D=0 I=0 Z=0 C=1 : FWA 40-8F:A6AD1112:00:00 = +2.13345333E+04 : FWB 42-7A:0046D47D:00:?? = +1.68871957E-05
A530 : BNE A53B       : A=7A X=E6 Y=42 SP=?? N=0 V=0 D=0 I=0 Z=0 C=1 : FWA 40-8F:A6AD1112:00:00 = +2.13345333E+04 : FWB 42-7A:0046D47D:00:?? = +1.68871957E-05
A53B : TYA            : A=42 X=E6 Y=42 SP=?? N=0 V=0 D=0 I=0 Z=0 C=1 : FWA 40-8F:A6AD1112:00:00 = +2.13345333E+04 : FWB 42-7A:0046D47D:00:?? = +1.68871957E-05
A53C : ORA #80        : A=C2 X=E6 Y=42 SP=?? N=1 V=0 D=0 I=0 Z=0 C=1 : FWA 40-8F:A6AD1112:00:00 = +2.13345333E+04 : FWB 42-7A:0046D47D:00:?? = +1.68871957E-05
A53E : STA 3D         : A=C2 X=E6 Y=42 SP=?? N=1 V=0 D=0 I=0 Z=0 C=1 : FWA 40-8F:A6AD1112:00:00 = +2.13345333E+04 : FWB 42-7A:C246D47D:00:?? = +1.18577075E-02
A540 : RTS            : A=C2 X=E6 Y=42 SP=?? N=1 V=0 D=0 I=0 Z=0 C=1 : FWA 40-8F:A6AD1112:00:00 = +2.13345333E+04 : FWB 42-7A:C246D47D:00:?? = +1.18577075E-02
A63B : BNE A640       : A=C2 X=E6 Y=42 SP=?? N=1 V=0 D=0 I=0 Z=0 C=1 : FWA 40-8F:A6AD1112:00:00 = +2.13345333E+04 : FWB 42-7A:C246D47D:00:?? = +1.18577075E-02
A640 : LDA 3B         : A=42 X=E6 Y=42 SP=?? N=0 V=0 D=0 I=0 Z=0 C=1 : FWA 40-8F:A6AD1112:00:00 = +2.13345333E+04 : FWB 42-7A:C246D47D:00:?? = +1.18577075E-02
A642 : EOR 2E         : A=02 X=E6 Y=42 SP=?? N=0 V=0 D=0 I=0 Z=0 C=1 : FWA 40-8F:A6AD1112:00:00 = +2.13345333E+04 : FWB 42-7A:C246D47D:00:?? = +1.18577075E-02
A644 : STA 2E         : A=02 X=E6 Y=42 SP=?? N=0 V=0 D=0 I=0 Z=0 C=1 : FWA 02-8F:A6AD1112:00:00 = +2.13345333E+04 : FWB 42-7A:C246D47D:00:?? = +1.18577075E-02
A646 : SEC            : A=02 X=E6 Y=42 SP=?? N=0 V=0 D=0 I=0 Z=0 C=1 : FWA 02-8F:A6AD1112:00:00 = +2.13345333E+04 : FWB 42-7A:C246D47D:00:?? = +1.18577075E-02
A647 : LDA 3C         : A=7A X=E6 Y=42 SP=?? N=0 V=0 D=0 I=0 Z=0 C=1 : FWA 02-8F:A6AD1112:00:00 = +2.13345333E+04 : FWB 42-7A:C246D47D:00:?? = +1.18577075E-02
A649 : ADC #81        : A=FC X=E6 Y=42 SP=?? N=1 V=0 D=0 I=0 Z=0 C=0 : FWA 02-8F:A6AD1112:00:00 = +2.13345333E+04 : FWB 42-7A:C246D47D:00:?? = +1.18577075E-02
A64B : ROL 2F         : A=FC X=E6 Y=42 SP=?? N=0 V=0 D=0 I=0 Z=1 C=0 : FWA 02-8F:A6AD1112:00:00 = +2.13345333E+04 : FWB 42-7A:C246D47D:00:?? = +1.18577075E-02
A64D : SBC 30         : A=6C X=E6 Y=42 SP=?? N=0 V=0 D=0 I=0 Z=0 C=1 : FWA 02-8F:A6AD1112:00:00 = +2.13345333E+04 : FWB 42-7A:C246D47D:00:?? = +1.18577075E-02
A64F : BCS A653       : A=6C X=E6 Y=42 SP=?? N=0 V=0 D=0 I=0 Z=0 C=1 : FWA 02-8F:A6AD1112:00:00 = +2.13345333E+04 : FWB 42-7A:C246D47D:00:?? = +1.18577075E-02
A653 : STA 30         : A=6C X=E6 Y=42 SP=?? N=0 V=0 D=0 I=0 Z=0 C=1 : FWA 02-6C:A6AD1112:00:00 = +6.20916641E-07 : FWB 42-7A:C246D47D:00:?? = +1.18577075E-02
A655 : LDA 3D         : A=C2 X=E6 Y=42 SP=?? N=1 V=0 D=0 I=0 Z=0 C=1 : FWA 02-6C:A6AD1112:00:00 = +6.20916641E-07 : FWB 42-7A:C246D47D:00:?? = +1.18577075E-02
A657 : CLC            : A=C2 X=E6 Y=42 SP=?? N=1 V=0 D=0 I=0 Z=0 C=0 : FWA 02-6C:A6AD1112:00:00 = +6.20916641E-07 : FWB 42-7A:C246D47D:00:?? = +1.18577075E-02
A658 : LDY #04        : A=C2 X=E6 Y=04 SP=?? N=0 V=0 D=0 I=0 Z=0 C=0 : FWA 02-6C:A6AD1112:00:00 = +6.20916641E-07 : FWB 42-7A:C246D47D:00:?? = +1.18577075E-02
A65A : STY 3C         : A=C2 X=E6 Y=04 SP=?? N=0 V=0 D=0 I=0 Z=0 C=0 : FWA 02-6C:A6AD1112:00:00 = +6.20916641E-07 : FWB 42-04:C246D47D:00:?? = +3.56829906E-38
A65C : LDX #08        : A=C2 X=08 Y=04 SP=?? N=0 V=0 D=0 I=0 Z=0 C=0 : FWA 02-6C:A6AD1112:00:00 = +6.20916641E-07 : FWB 42-04:C246D47D:00:?? = +3.56829906E-38
A65E : BCS A676       : A=C2 X=08 Y=04 SP=?? N=0 V=0 D=0 I=0 Z=0 C=0 : FWA 02-6C:A6AD1112:00:00 = +6.20916641E-07 : FWB 42-04:C246D47D:00:?? = +3.56829906E-38
A660 : CMP 31         : A=C2 X=08 Y=04 SP=?? N=0 V=0 D=0 I=0 Z=0 C=1 : FWA 02-6C:A6AD1112:00:00 = +6.20916641E-07 : FWB 42-04:C246D47D:00:?? = +3.56829906E-38
A662 : BNE A674       : A=C2 X=08 Y=04 SP=?? N=0 V=0 D=0 I=0 Z=0 C=1 : FWA 02-6C:A6AD1112:00:00 = +6.20916641E-07 : FWB 42-04:C246D47D:00:?? = +3.56829906E-38
A674 : BCC A68D       : A=C2 X=08 Y=04 SP=?? N=0 V=0 D=0 I=0 Z=0 C=1 : FWA 02-6C:A6AD1112:00:00 = +6.20916641E-07 : FWB 42-04:C246D47D:00:?? = +3.56829906E-38
A676 : TAY            : A=C2 X=08 Y=C2 SP=?? N=1 V=0 D=0 I=0 Z=0 C=1 : FWA 02-6C:A6AD1112:00:00 = +6.20916641E-07 : FWB 42-04:C246D47D:00:?? = +3.56829906E-38
A677 : LDA 40         : A=7D X=08 Y=C2 SP=?? N=0 V=0 D=0 I=0 Z=0 C=1 : FWA 02-6C:A6AD1112:00:00 = +6.20916641E-07 : FWB 42-04:C246D47D:00:?? = +3.56829906E-38
A679 : SBC 34         : A=6B X=08 Y=C2 SP=?? N=0 V=0 D=0 I=0 Z=0 C=1 : FWA 02-6C:A6AD1112:00:00 = +6.20916641E-07 : FWB 42-04:C246D47D:00:?? = +3.56829906E-38
A67B : STA 40         : A=6B X=08 Y=C2 SP=?? N=0 V=0 D=0 I=0 Z=0 C=1 : FWA 02-6C:A6AD1112:00:00 = +6.20916641E-07 : FWB 42-04:C246D46B:00:?? = +3.56829904E-38
A67D : LDA 3F         : A=D4 X=08 Y=C2 SP=?? N=1 V=0 D=0 I=0 Z=0 C=1 : FWA 02-6C:A6AD1112:00:00 = +6.20916641E-07 : FWB 42-04:C246D46B:00:?? = +3.56829904E-38
A67F : SBC 33         : A=C3 X=08 Y=C2 SP=?? N=1 V=0 D=0 I=0 Z=0 C=1 : FWA 02-6C:A6AD1112:00:00 = +6.20916641E-07 : FWB 42-04:C246D46B:00:?? = +3.56829904E-38
A681 : STA 3F         : A=C3 X=08 Y=C2 SP=?? N=1 V=0 D=0 I=0 Z=0 C=1 : FWA 02-6C:A6AD1112:00:00 = +6.20916641E-07 : FWB 42-04:C246C36B:00:?? = +3.56829427E-38
A683 : LDA 3E         : A=46 X=08 Y=C2 SP=?? N=0 V=0 D=0 I=0 Z=0 C=1 : FWA 02-6C:A6AD1112:00:00 = +6.20916641E-07 : FWB 42-04:C246C36B:00:?? = +3.56829427E-38
A685 : SBC 32         : A=99 X=08 Y=C2 SP=?? N=1 V=1 D=0 I=0 Z=0 C=0 : FWA 02-6C:A6AD1112:00:00 = +6.20916641E-07 : FWB 42-04:C246C36B:00:?? = +3.56829427E-38
A687 : STA 3E         : A=99 X=08 Y=C2 SP=?? N=1 V=1 D=0 I=0 Z=0 C=0 : FWA 02-6C:A6AD1112:00:00 = +6.20916641E-07 : FWB 42-04:C299C36B:00:?? = +3.57424923E-38
A689 : TYA            : A=C2 X=08 Y=C2 SP=?? N=1 V=1 D=0 I=0 Z=0 C=0 : FWA 02-6C:A6AD1112:00:00 = +6.20916641E-07 : FWB 42-04:C299C36B:00:?? = +3.57424923E-38
A68A : SBC 31         : A=1B X=08 Y=C2 SP=?? N=0 V=0 D=0 I=0 Z=0 C=1 : FWA 02-6C:A6AD1112:00:00 = +6.20916641E-07 : FWB 42-04:C299C36B:00:?? = +3.57424923E-38
A68C : SEC            : A=1B X=08 Y=C2 SP=?? N=0 V=0 D=0 I=0 Z=0 C=1 : FWA 02-6C:A6AD1112:00:00 = +6.20916641E-07 : FWB 42-04:C299C36B:00:?? = +3.57424923E-38
A68D : ROL 3B         : A=1B X=08 Y=C2 SP=?? N=1 V=0 D=0 I=0 Z=0 C=0 : FWA 02-6C:A6AD1112:00:00 = +6.20916641E-07 : FWB 85-04:C299C36B:00:?? = -3.57424923E-38
A68F : ASL 40         : A=1B X=08 Y=C2 SP=?? N=1 V=0 D=0 I=0 Z=0 C=0 : FWA 02-6C:A6AD1112:00:00 = +6.20916641E-07 : FWB 85-04:C299C3D6:00:?? = -3.57424935E-38
A691 : ROL 3F         : A=1B X=08 Y=C2 SP=?? N=1 V=0 D=0 I=0 Z=0 C=1 : FWA 02-6C:A6AD1112:00:00 = +6.20916641E-07 : FWB 85-04:C29986D6:00:?? = -3.57423225E-38
A693 : ROL 3E         : A=1B X=08 Y=C2 SP=?? N=0 V=0 D=0 I=0 Z=0 C=1 : FWA 02-6C:A6AD1112:00:00 = +6.20916641E-07 : FWB 85-04:C23386D6:00:?? = -3.56691411E-38
A695 : ROL A          : A=37 X=08 Y=C2 SP=?? N=0 V=0 D=0 I=0 Z=0 C=0 : FWA 02-6C:A6AD1112:00:00 = +6.20916641E-07 : FWB 85-04:C23386D6:00:?? = -3.56691411E-38
A696 : DEX            : A=37 X=07 Y=C2 SP=?? N=0 V=0 D=0 I=0 Z=0 C=0 : FWA 02-6C:A6AD1112:00:00 = +6.20916641E-07 : FWB 85-04:C23386D6:00:?? = -3.56691411E-38
A697 : BNE A65E       : A=37 X=07 Y=C2 SP=?? N=0 V=0 D=0 I=0 Z=0 C=0 : FWA 02-6C:A6AD1112:00:00 = +6.20916641E-07 : FWB 85-04:C23386D6:00:?? = -3.56691411E-38
A65E : BCS A676       : A=37 X=07 Y=C2 SP=?? N=0 V=0 D=0 I=0 Z=0 C=0 : FWA 02-6C:A6AD1112:00:00 = +6.20916641E-07 : FWB 85-04:C23386D6:00:?? = -3.56691411E-38
A660 : CMP 31         : A=37 X=07 Y=C2 SP=?? N=1 V=0 D=0 I=0 Z=0 C=0 : FWA 02-6C:A6AD1112:00:00 = +6.20916641E-07 : FWB 85-04:C23386D6:00:?? = -3.56691411E-38
A662 : BNE A674       : A=37 X=07 Y=C2 SP=?? N=1 V=0 D=0 I=0 Z=0 C=0 : FWA 02-6C:A6AD1112:00:00 = +6.20916641E-07 : FWB 85-04:C23386D6:00:?? = -3.56691411E-38
A674 : BCC A68D       : A=37 X=07 Y=C2 SP=?? N=1 V=0 D=0 I=0 Z=0 C=0 : FWA 02-6C:A6AD1112:00:00 = +6.20916641E-07 : FWB 85-04:C23386D6:00:?? = -3.56691411E-38
A68D : ROL 3B         : A=37 X=07 Y=C2 SP=?? N=0 V=0 D=0 I=0 Z=0 C=1 : FWA 02-6C:A6AD1112:00:00 = +6.20916641E-07 : FWB 0A-04:C23386D6:00:?? = +3.56691411E-38
A68F : ASL 40         : A=37 X=07 Y=C2 SP=?? N=1 V=0 D=0 I=0 Z=0 C=1 : FWA 02-6C:A6AD1112:00:00 = +6.20916641E-07 : FWB 0A-04:C23386AC:00:?? = +3.56691406E-38
A691 : ROL 3F         : A=37 X=07 Y=C2 SP=?? N=0 V=0 D=0 I=0 Z=0 C=1 : FWA 02-6C:A6AD1112:00:00 = +6.20916641E-07 : FWB 0A-04:C2330DAC:00:?? = +3.56688015E-38
A693 : ROL 3E         : A=37 X=07 Y=C2 SP=?? N=0 V=0 D=0 I=0 Z=0 C=0 : FWA 02-6C:A6AD1112:00:00 = +6.20916641E-07 : FWB 0A-04:C2670DAC:00:?? = +3.57061097E-38
A695 : ROL A          : A=6E X=07 Y=C2 SP=?? N=0 V=0 D=0 I=0 Z=0 C=0 : FWA 02-6C:A6AD1112:00:00 = +6.20916641E-07 : FWB 0A-04:C2670DAC:00:?? = +3.57061097E-38
A696 : DEX            : A=6E X=06 Y=C2 SP=?? N=0 V=0 D=0 I=0 Z=0 C=0 : FWA 02-6C:A6AD1112:00:00 = +6.20916641E-07 : FWB 0A-04:C2670DAC:00:?? = +3.57061097E-38
A697 : BNE A65E       : A=6E X=06 Y=C2 SP=?? N=0 V=0 D=0 I=0 Z=0 C=0 : FWA 02-6C:A6AD1112:00:00 = +6.20916641E-07 : FWB 0A-04:C2670DAC:00:?? = +3.57061097E-38
A65E : BCS A676       : A=6E X=06 Y=C2 SP=?? N=0 V=0 D=0 I=0 Z=0 C=0 : FWA 02-6C:A6AD1112:00:00 = +6.20916641E-07 : FWB 0A-04:C2670DAC:00:?? = +3.57061097E-38
A660 : CMP 31         : A=6E X=06 Y=C2 SP=?? N=1 V=0 D=0 I=0 Z=0 C=0 : FWA 02-6C:A6AD1112:00:00 = +6.20916641E-07 : FWB 0A-04:C2670DAC:00:?? = +3.57061097E-38
A662 : BNE A674       : A=6E X=06 Y=C2 SP=?? N=1 V=0 D=0 I=0 Z=0 C=0 : FWA 02-6C:A6AD1112:00:00 = +6.20916641E-07 : FWB 0A-04:C2670DAC:00:?? = +3.57061097E-38
A674 : BCC A68D       : A=6E X=06 Y=C2 SP=?? N=1 V=0 D=0 I=0 Z=0 C=0 : FWA 02-6C:A6AD1112:00:00 = +6.20916641E-07 : FWB 0A-04:C2670DAC:00:?? = +3.57061097E-38
A68D : ROL 3B         : A=6E X=06 Y=C2 SP=?? N=0 V=0 D=0 I=0 Z=0 C=0 : FWA 02-6C:A6AD1112:00:00 = +6.20916641E-07 : FWB 14-04:C2670DAC:00:?? = +3.57061097E-38
A68F : ASL 40         : A=6E X=06 Y=C2 SP=?? N=0 V=0 D=0 I=0 Z=0 C=1 : FWA 02-6C:A6AD1112:00:00 = +6.20916641E-07 : FWB 14-04:C2670D58:00:?? = +3.57061088E-38
A691 : ROL 3F         : A=6E X=06 Y=C2 SP=?? N=0 V=0 D=0 I=0 Z=0 C=0 : FWA 02-6C:A6AD1112:00:00 = +6.20916641E-07 : FWB 14-04:C2671B58:00:?? = +3.57061480E-38
A693 : ROL 3E         : A=6E X=06 Y=C2 SP=?? N=1 V=0 D=0 I=0 Z=0 C=0 : FWA 02-6C:A6AD1112:00:00 = +6.20916641E-07 : FWB 14-04:C2CE1B58:00:?? = +3.57800469E-38
A695 : ROL A          : A=DC X=06 Y=C2 SP=?? N=1 V=0 D=0 I=0 Z=0 C=0 : FWA 02-6C:A6AD1112:00:00 = +6.20916641E-07 : FWB 14-04:C2CE1B58:00:?? = +3.57800469E-38
A696 : DEX            : A=DC X=05 Y=C2 SP=?? N=0 V=0 D=0 I=0 Z=0 C=0 : FWA 02-6C:A6AD1112:00:00 = +6.20916641E-07 : FWB 14-04:C2CE1B58:00:?? = +3.57800469E-38
A697 : BNE A65E       : A=DC X=05 Y=C2 SP=?? N=0 V=0 D=0 I=0 Z=0 C=0 : FWA 02-6C:A6AD1112:00:00 = +6.20916641E-07 : FWB 14-04:C2CE1B58:00:?? = +3.57800469E-38
A65E : BCS A676       : A=DC X=05 Y=C2 SP=?? N=0 V=0 D=0 I=0 Z=0 C=0 : FWA 02-6C:A6AD1112:00:00 = +6.20916641E-07 : FWB 14-04:C2CE1B58:00:?? = +3.57800469E-38
A660 : CMP 31         : A=DC X=05 Y=C2 SP=?? N=0 V=0 D=0 I=0 Z=0 C=1 : FWA 02-6C:A6AD1112:00:00 = +6.20916641E-07 : FWB 14-04:C2CE1B58:00:?? = +3.57800469E-38
A662 : BNE A674       : A=DC X=05 Y=C2 SP=?? N=0 V=0 D=0 I=0 Z=0 C=1 : FWA 02-6C:A6AD1112:00:00 = +6.20916641E-07 : FWB 14-04:C2CE1B58:00:?? = +3.57800469E-38
A674 : BCC A68D       : A=DC X=05 Y=C2 SP=?? N=0 V=0 D=0 I=0 Z=0 C=1 : FWA 02-6C:A6AD1112:00:00 = +6.20916641E-07 : FWB 14-04:C2CE1B58:00:?? = +3.57800469E-38
A676 : TAY            : A=DC X=05 Y=DC SP=?? N=1 V=0 D=0 I=0 Z=0 C=1 : FWA 02-6C:A6AD1112:00:00 = +6.20916641E-07 : FWB 14-04:C2CE1B58:00:?? = +3.57800469E-38
A677 : LDA 40         : A=58 X=05 Y=DC SP=?? N=0 V=0 D=0 I=0 Z=0 C=1 : FWA 02-6C:A6AD1112:00:00 = +6.20916641E-07 : FWB 14-04:C2CE1B58:00:?? = +3.57800469E-38
A679 : SBC 34         : A=46 X=05 Y=DC SP=?? N=0 V=0 D=0 I=0 Z=0 C=1 : FWA 02-6C:A6AD1112:00:00 = +6.20916641E-07 : FWB 14-04:C2CE1B58:00:?? = +3.57800469E-38
A67B : STA 40         : A=46 X=05 Y=DC SP=?? N=0 V=0 D=0 I=0 Z=0 C=1 : FWA 02-6C:A6AD1112:00:00 = +6.20916641E-07 : FWB 14-04:C2CE1B46:00:?? = +3.57800467E-38
A67D : LDA 3F         : A=1B X=05 Y=DC SP=?? N=0 V=0 D=0 I=0 Z=0 C=1 : FWA 02-6C:A6AD1112:00:00 = +6.20916641E-07 : FWB 14-04:C2CE1B46:00:?? = +3.57800467E-38
A67F : SBC 33         : A=0A X=05 Y=DC SP=?? N=0 V=0 D=0 I=0 Z=0 C=1 : FWA 02-6C:A6AD1112:00:00 = +6.20916641E-07 : FWB 14-04:C2CE1B46:00:?? = +3.57800467E-38
A681 : STA 3F         : A=0A X=05 Y=DC SP=?? N=0 V=0 D=0 I=0 Z=0 C=1 : FWA 02-6C:A6AD1112:00:00 = +6.20916641E-07 : FWB 14-04:C2CE0A46:00:?? = +3.57799991E-38
A683 : LDA 3E         : A=CE X=05 Y=DC SP=?? N=1 V=0 D=0 I=0 Z=0 C=1 : FWA 02-6C:A6AD1112:00:00 = +6.20916641E-07 : FWB 14-04:C2CE0A46:00:?? = +3.57799991E-38
A685 : SBC 32         : A=21 X=05 Y=DC SP=?? N=0 V=0 D=0 I=0 Z=0 C=1 : FWA 02-6C:A6AD1112:00:00 = +6.20916641E-07 : FWB 14-04:C2CE0A46:00:?? = +3.57799991E-38
A687 : STA 3E         : A=21 X=05 Y=DC SP=?? N=0 V=0 D=0 I=0 Z=0 C=1 : FWA 02-6C:A6AD1112:00:00 = +6.20916641E-07 : FWB 14-04:C2210A46:00:?? = +3.56558776E-38
A689 : TYA            : A=DC X=05 Y=DC SP=?? N=1 V=0 D=0 I=0 Z=0 C=1 : FWA 02-6C:A6AD1112:00:00 = +6.20916641E-07 : FWB 14-04:C2210A46:00:?? = +3.56558776E-38
A68A : SBC 31         : A=36 X=05 Y=DC SP=?? N=0 V=0 D=0 I=0 Z=0 C=1 : FWA 02-6C:A6AD1112:00:00 = +6.20916641E-07 : FWB 14-04:C2210A46:00:?? = +3.56558776E-38
A68C : SEC            : A=36 X=05 Y=DC SP=?? N=0 V=0 D=0 I=0 Z=0 C=1 : FWA 02-6C:A6AD1112:00:00 = +6.20916641E-07 : FWB 14-04:C2210A46:00:?? = +3.56558776E-38
A68D : ROL 3B         : A=36 X=05 Y=DC SP=?? N=0 V=0 D=0 I=0 Z=0 C=0 : FWA 02-6C:A6AD1112:00:00 = +6.20916641E-07 : FWB 29-04:C2210A46:00:?? = +3.56558776E-38
A68F : ASL 40         : A=36 X=05 Y=DC SP=?? N=1 V=0 D=0 I=0 Z=0 C=0 : FWA 02-6C:A6AD1112:00:00 = +6.20916641E-07 : FWB 29-04:C2210A8C:00:?? = +3.56558784E-38
A691 : ROL 3F         : A=36 X=05 Y=DC SP=?? N=0 V=0 D=0 I=0 Z=0 C=0 : FWA 02-6C:A6AD1112:00:00 = +6.20916641E-07 : FWB 29-04:C221148C:00:?? = +3.56559064E-38
A693 : ROL 3E         : A=36 X=05 Y=DC SP=?? N=0 V=0 D=0 I=0 Z=0 C=0 : FWA 02-6C:A6AD1112:00:00 = +6.20916641E-07 : FWB 29-04:C242148C:00:?? = +3.56795828E-38
A695 : ROL A          : A=6C X=05 Y=DC SP=?? N=0 V=0 D=0 I=0 Z=0 C=0 : FWA 02-6C:A6AD1112:00:00 = +6.20916641E-07 : FWB 29-04:C242148C:00:?? = +3.56795828E-38
A696 : DEX            : A=6C X=04 Y=DC SP=?? N=0 V=0 D=0 I=0 Z=0 C=0 : FWA 02-6C:A6AD1112:00:00 = +6.20916641E-07 : FWB 29-04:C242148C:00:?? = +3.56795828E-38
A697 : BNE A65E       : A=6C X=04 Y=DC SP=?? N=0 V=0 D=0 I=0 Z=0 C=0 : FWA 02-6C:A6AD1112:00:00 = +6.20916641E-07 : FWB 29-04:C242148C:00:?? = +3.56795828E-38
A65E : BCS A676       : A=6C X=04 Y=DC SP=?? N=0 V=0 D=0 I=0 Z=0 C=0 : FWA 02-6C:A6AD1112:00:00 = +6.20916641E-07 : FWB 29-04:C242148C:00:?? = +3.56795828E-38
A660 : CMP 31         : A=6C X=04 Y=DC SP=?? N=1 V=0 D=0 I=0 Z=0 C=0 : FWA 02-6C:A6AD1112:00:00 = +6.20916641E-07 : FWB 29-04:C242148C:00:?? = +3.56795828E-38
A662 : BNE A674       : A=6C X=04 Y=DC SP=?? N=1 V=0 D=0 I=0 Z=0 C=0 : FWA 02-6C:A6AD1112:00:00 = +6.20916641E-07 : FWB 29-04:C242148C:00:?? = +3.56795828E-38
A674 : BCC A68D       : A=6C X=04 Y=DC SP=?? N=1 V=0 D=0 I=0 Z=0 C=0 : FWA 02-6C:A6AD1112:00:00 = +6.20916641E-07 : FWB 29-04:C242148C:00:?? = +3.56795828E-38
A68D : ROL 3B         : A=6C X=04 Y=DC SP=?? N=0 V=0 D=0 I=0 Z=0 C=0 : FWA 02-6C:A6AD1112:00:00 = +6.20916641E-07 : FWB 52-04:C242148C:00:?? = +3.56795828E-38
A68F : ASL 40         : A=6C X=04 Y=DC SP=?? N=0 V=0 D=0 I=0 Z=0 C=1 : FWA 02-6C:A6AD1112:00:00 = +6.20916641E-07 : FWB 52-04:C2421418:00:?? = +3.56795815E-38
A691 : ROL 3F         : A=6C X=04 Y=DC SP=?? N=0 V=0 D=0 I=0 Z=0 C=0 : FWA 02-6C:A6AD1112:00:00 = +6.20916641E-07 : FWB 52-04:C2422918:00:?? = +3.56796404E-38
A693 : ROL 3E         : A=6C X=04 Y=DC SP=?? N=1 V=0 D=0 I=0 Z=0 C=0 : FWA 02-6C:A6AD1112:00:00 = +6.20916641E-07 : FWB 52-04:C2842918:00:?? = +3.57269930E-38
A695 : ROL A          : A=D8 X=04 Y=DC SP=?? N=1 V=0 D=0 I=0 Z=0 C=0 : FWA 02-6C:A6AD1112:00:00 = +6.20916641E-07 : FWB 52-04:C2842918:00:?? = +3.57269930E-38
A696 : DEX            : A=D8 X=03 Y=DC SP=?? N=0 V=0 D=0 I=0 Z=0 C=0 : FWA 02-6C:A6AD1112:00:00 = +6.20916641E-07 : FWB 52-04:C2842918:00:?? = +3.57269930E-38
A697 : BNE A65E       : A=D8 X=03 Y=DC SP=?? N=0 V=0 D=0 I=0 Z=0 C=0 : FWA 02-6C:A6AD1112:00:00 = +6.20916641E-07 : FWB 52-04:C2842918:00:?? = +3.57269930E-38
A65E : BCS A676       : A=D8 X=03 Y=DC SP=?? N=0 V=0 D=0 I=0 Z=0 C=0 : FWA 02-6C:A6AD1112:00:00 = +6.20916641E-07 : FWB 52-04:C2842918:00:?? = +3.57269930E-38
A660 : CMP 31         : A=D8 X=03 Y=DC SP=?? N=0 V=0 D=0 I=0 Z=0 C=1 : FWA 02-6C:A6AD1112:00:00 = +6.20916641E-07 : FWB 52-04:C2842918:00:?? = +3.57269930E-38
A662 : BNE A674       : A=D8 X=03 Y=DC SP=?? N=0 V=0 D=0 I=0 Z=0 C=1 : FWA 02-6C:A6AD1112:00:00 = +6.20916641E-07 : FWB 52-04:C2842918:00:?? = +3.57269930E-38
A674 : BCC A68D       : A=D8 X=03 Y=DC SP=?? N=0 V=0 D=0 I=0 Z=0 C=1 : FWA 02-6C:A6AD1112:00:00 = +6.20916641E-07 : FWB 52-04:C2842918:00:?? = +3.57269930E-38
A676 : TAY            : A=D8 X=03 Y=D8 SP=?? N=1 V=0 D=0 I=0 Z=0 C=1 : FWA 02-6C:A6AD1112:00:00 = +6.20916641E-07 : FWB 52-04:C2842918:00:?? = +3.57269930E-38
A677 : LDA 40         : A=18 X=03 Y=D8 SP=?? N=0 V=0 D=0 I=0 Z=0 C=1 : FWA 02-6C:A6AD1112:00:00 = +6.20916641E-07 : FWB 52-04:C2842918:00:?? = +3.57269930E-38
A679 : SBC 34         : A=06 X=03 Y=D8 SP=?? N=0 V=0 D=0 I=0 Z=0 C=1 : FWA 02-6C:A6AD1112:00:00 = +6.20916641E-07 : FWB 52-04:C2842918:00:?? = +3.57269930E-38
A67B : STA 40         : A=06 X=03 Y=D8 SP=?? N=0 V=0 D=0 I=0 Z=0 C=1 : FWA 02-6C:A6AD1112:00:00 = +6.20916641E-07 : FWB 52-04:C2842906:00:?? = +3.57269928E-38
A67D : LDA 3F         : A=29 X=03 Y=D8 SP=?? N=0 V=0 D=0 I=0 Z=0 C=1 : FWA 02-6C:A6AD1112:00:00 = +6.20916641E-07 : FWB 52-04:C2842906:00:?? = +3.57269928E-38
A67F : SBC 33         : A=18 X=03 Y=D8 SP=?? N=0 V=0 D=0 I=0 Z=0 C=1 : FWA 02-6C:A6AD1112:00:00 = +6.20916641E-07 : FWB 52-04:C2842906:00:?? = +3.57269928E-38
A681 : STA 3F         : A=18 X=03 Y=D8 SP=?? N=0 V=0 D=0 I=0 Z=0 C=1 : FWA 02-6C:A6AD1112:00:00 = +6.20916641E-07 : FWB 52-04:C2841806:00:?? = +3.57269452E-38
A683 : LDA 3E         : A=84 X=03 Y=D8 SP=?? N=1 V=0 D=0 I=0 Z=0 C=1 : FWA 02-6C:A6AD1112:00:00 = +6.20916641E-07 : FWB 52-04:C2841806:00:?? = +3.57269452E-38
A685 : SBC 32         : A=D7 X=03 Y=D8 SP=?? N=1 V=0 D=0 I=0 Z=0 C=0 : FWA 02-6C:A6AD1112:00:00 = +6.20916641E-07 : FWB 52-04:C2841806:00:?? = +3.57269452E-38
A687 : STA 3E         : A=D7 X=03 Y=D8 SP=?? N=1 V=0 D=0 I=0 Z=0 C=0 : FWA 02-6C:A6AD1112:00:00 = +6.20916641E-07 : FWB 52-04:C2D71806:00:?? = +3.57864948E-38
A689 : TYA            : A=D8 X=03 Y=D8 SP=?? N=1 V=0 D=0 I=0 Z=0 C=0 : FWA 02-6C:A6AD1112:00:00 = +6.20916641E-07 : FWB 52-04:C2D71806:00:?? = +3.57864948E-38
A68A : SBC 31         : A=31 X=03 Y=D8 SP=?? N=0 V=0 D=0 I=0 Z=0 C=1 : FWA 02-6C:A6AD1112:00:00 = +6.20916641E-07 : FWB 52-04:C2D71806:00:?? = +3.57864948E-38
A68C : SEC            : A=31 X=03 Y=D8 SP=?? N=0 V=0 D=0 I=0 Z=0 C=1 : FWA 02-6C:A6AD1112:00:00 = +6.20916641E-07 : FWB 52-04:C2D71806:00:?? = +3.57864948E-38
A68D : ROL 3B         : A=31 X=03 Y=D8 SP=?? N=1 V=0 D=0 I=0 Z=0 C=0 : FWA 02-6C:A6AD1112:00:00 = +6.20916641E-07 : FWB A5-04:C2D71806:00:?? = -3.57864948E-38
A68F : ASL 40         : A=31 X=03 Y=D8 SP=?? N=0 V=0 D=0 I=0 Z=0 C=0 : FWA 02-6C:A6AD1112:00:00 = +6.20916641E-07 : FWB A5-04:C2D7180C:00:?? = -3.57864948E-38
A691 : ROL 3F         : A=31 X=03 Y=D8 SP=?? N=0 V=0 D=0 I=0 Z=0 C=0 : FWA 02-6C:A6AD1112:00:00 = +6.20916641E-07 : FWB A5-04:C2D7300C:00:?? = -3.57865621E-38
A693 : ROL 3E         : A=31 X=03 Y=D8 SP=?? N=1 V=0 D=0 I=0 Z=0 C=1 : FWA 02-6C:A6AD1112:00:00 = +6.20916641E-07 : FWB A5-04:C2AE300C:00:?? = -3.57571460E-38
A695 : ROL A          : A=63 X=03 Y=D8 SP=?? N=0 V=0 D=0 I=0 Z=0 C=0 : FWA 02-6C:A6AD1112:00:00 = +6.20916641E-07 : FWB A5-04:C2AE300C:00:?? = -3.57571460E-38
A696 : DEX            : A=63 X=02 Y=D8 SP=?? N=0 V=0 D=0 I=0 Z=0 C=0 : FWA 02-6C:A6AD1112:00:00 = +6.20916641E-07 : FWB A5-04:C2AE300C:00:?? = -3.57571460E-38
A697 : BNE A65E       : A=63 X=02 Y=D8 SP=?? N=0 V=0 D=0 I=0 Z=0 C=0 : FWA 02-6C:A6AD1112:00:00 = +6.20916641E-07 : FWB A5-04:C2AE300C:00:?? = -3.57571460E-38
A65E : BCS A676       : A=63 X=02 Y=D8 SP=?? N=0 V=0 D=0 I=0 Z=0 C=0 : FWA 02-6C:A6AD1112:00:00 = +6.20916641E-07 : FWB A5-04:C2AE300C:00:?? = -3.57571460E-38
A660 : CMP 31         : A=63 X=02 Y=D8 SP=?? N=1 V=0 D=0 I=0 Z=0 C=0 : FWA 02-6C:A6AD1112:00:00 = +6.20916641E-07 : FWB A5-04:C2AE300C:00:?? = -3.57571460E-38
A662 : BNE A674       : A=63 X=02 Y=D8 SP=?? N=1 V=0 D=0 I=0 Z=0 C=0 : FWA 02-6C:A6AD1112:00:00 = +6.20916641E-07 : FWB A5-04:C2AE300C:00:?? = -3.57571460E-38
A674 : BCC A68D       : A=63 X=02 Y=D8 SP=?? N=1 V=0 D=0 I=0 Z=0 C=0 : FWA 02-6C:A6AD1112:00:00 = +6.20916641E-07 : FWB A5-04:C2AE300C:00:?? = -3.57571460E-38
A68D : ROL 3B         : A=63 X=02 Y=D8 SP=?? N=0 V=0 D=0 I=0 Z=0 C=1 : FWA 02-6C:A6AD1112:00:00 = +6.20916641E-07 : FWB 4A-04:C2AE300C:00:?? = +3.57571460E-38
A68F : ASL 40         : A=63 X=02 Y=D8 SP=?? N=0 V=0 D=0 I=0 Z=0 C=0 : FWA 02-6C:A6AD1112:00:00 = +6.20916641E-07 : FWB 4A-04:C2AE3018:00:?? = +3.57571462E-38
A691 : ROL 3F         : A=63 X=02 Y=D8 SP=?? N=0 V=0 D=0 I=0 Z=0 C=0 : FWA 02-6C:A6AD1112:00:00 = +6.20916641E-07 : FWB 4A-04:C2AE6018:00:?? = +3.57572807E-38
A693 : ROL 3E         : A=63 X=02 Y=D8 SP=?? N=0 V=0 D=0 I=0 Z=0 C=1 : FWA 02-6C:A6AD1112:00:00 = +6.20916641E-07 : FWB 4A-04:C25C6018:00:?? = +3.56984486E-38
A695 : ROL A          : A=C7 X=02 Y=D8 SP=?? N=1 V=0 D=0 I=0 Z=0 C=0 : FWA 02-6C:A6AD1112:00:00 = +6.20916641E-07 : FWB 4A-04:C25C6018:00:?? = +3.56984486E-38
A696 : DEX            : A=C7 X=01 Y=D8 SP=?? N=0 V=0 D=0 I=0 Z=0 C=0 : FWA 02-6C:A6AD1112:00:00 = +6.20916641E-07 : FWB 4A-04:C25C6018:00:?? = +3.56984486E-38
A697 : BNE A65E       : A=C7 X=01 Y=D8 SP=?? N=0 V=0 D=0 I=0 Z=0 C=0 : FWA 02-6C:A6AD1112:00:00 = +6.20916641E-07 : FWB 4A-04:C25C6018:00:?? = +3.56984486E-38
A65E : BCS A676       : A=C7 X=01 Y=D8 SP=?? N=0 V=0 D=0 I=0 Z=0 C=0 : FWA 02-6C:A6AD1112:00:00 = +6.20916641E-07 : FWB 4A-04:C25C6018:00:?? = +3.56984486E-38
A660 : CMP 31         : A=C7 X=01 Y=D8 SP=?? N=0 V=0 D=0 I=0 Z=0 C=1 : FWA 02-6C:A6AD1112:00:00 = +6.20916641E-07 : FWB 4A-04:C25C6018:00:?? = +3.56984486E-38
A662 : BNE A674       : A=C7 X=01 Y=D8 SP=?? N=0 V=0 D=0 I=0 Z=0 C=1 : FWA 02-6C:A6AD1112:00:00 = +6.20916641E-07 : FWB 4A-04:C25C6018:00:?? = +3.56984486E-38
A674 : BCC A68D       : A=C7 X=01 Y=D8 SP=?? N=0 V=0 D=0 I=0 Z=0 C=1 : FWA 02-6C:A6AD1112:00:00 = +6.20916641E-07 : FWB 4A-04:C25C6018:00:?? = +3.56984486E-38
A676 : TAY            : A=C7 X=01 Y=C7 SP=?? N=1 V=0 D=0 I=0 Z=0 C=1 : FWA 02-6C:A6AD1112:00:00 = +6.20916641E-07 : FWB 4A-04:C25C6018:00:?? = +3.56984486E-38
A677 : LDA 40         : A=18 X=01 Y=C7 SP=?? N=0 V=0 D=0 I=0 Z=0 C=1 : FWA 02-6C:A6AD1112:00:00 = +6.20916641E-07 : FWB 4A-04:C25C6018:00:?? = +3.56984486E-38
A679 : SBC 34         : A=06 X=01 Y=C7 SP=?? N=0 V=0 D=0 I=0 Z=0 C=1 : FWA 02-6C:A6AD1112:00:00 = +6.20916641E-07 : FWB 4A-04:C25C6018:00:?? = +3.56984486E-38
A67B : STA 40         : A=06 X=01 Y=C7 SP=?? N=0 V=0 D=0 I=0 Z=0 C=1 : FWA 02-6C:A6AD1112:00:00 = +6.20916641E-07 : FWB 4A-04:C25C6006:00:?? = +3.56984484E-38
A67D : LDA 3F         : A=60 X=01 Y=C7 SP=?? N=0 V=0 D=0 I=0 Z=0 C=1 : FWA 02-6C:A6AD1112:00:00 = +6.20916641E-07 : FWB 4A-04:C25C6006:00:?? = +3.56984484E-38
A67F : SBC 33         : A=4F X=01 Y=C7 SP=?? N=0 V=0 D=0 I=0 Z=0 C=1 : FWA 02-6C:A6AD1112:00:00 = +6.20916641E-07 : FWB 4A-04:C25C6006:00:?? = +3.56984484E-38
A681 : STA 3F         : A=4F X=01 Y=C7 SP=?? N=0 V=0 D=0 I=0 Z=0 C=1 : FWA 02-6C:A6AD1112:00:00 = +6.20916641E-07 : FWB 4A-04:C25C4F06:00:?? = +3.56984007E-38
A683 : LDA 3E         : A=5C X=01 Y=C7 SP=?? N=0 V=0 D=0 I=0 Z=0 C=1 : FWA 02-6C:A6AD1112:00:00 = +6.20916641E-07 : FWB 4A-04:C25C4F06:00:?? = +3.56984007E-38
A685 : SBC 32         : A=AF X=01 Y=C7 SP=?? N=1 V=1 D=0 I=0 Z=0 C=0 : FWA 02-6C:A6AD1112:00:00 = +6.20916641E-07 : FWB 4A-04:C25C4F06:00:?? = +3.56984007E-38
A687 : STA 3E         : A=AF X=01 Y=C7 SP=?? N=1 V=1 D=0 I=0 Z=0 C=0 : FWA 02-6C:A6AD1112:00:00 = +6.20916641E-07 : FWB 4A-04:C2AF4F06:00:?? = +3.57579503E-38
A689 : TYA            : A=C7 X=01 Y=C7 SP=?? N=1 V=1 D=0 I=0 Z=0 C=0 : FWA 02-6C:A6AD1112:00:00 = +6.20916641E-07 : FWB 4A-04:C2AF4F06:00:?? = +3.57579503E-38
A68A : SBC 31         : A=20 X=01 Y=C7 SP=?? N=0 V=0 D=0 I=0 Z=0 C=1 : FWA 02-6C:A6AD1112:00:00 = +6.20916641E-07 : FWB 4A-04:C2AF4F06:00:?? = +3.57579503E-38
A68C : SEC            : A=20 X=01 Y=C7 SP=?? N=0 V=0 D=0 I=0 Z=0 C=1 : FWA 02-6C:A6AD1112:00:00 = +6.20916641E-07 : FWB 4A-04:C2AF4F06:00:?? = +3.57579503E-38
A68D : ROL 3B         : A=20 X=01 Y=C7 SP=?? N=1 V=0 D=0 I=0 Z=0 C=0 : FWA 02-6C:A6AD1112:00:00 = +6.20916641E-07 : FWB 95-04:C2AF4F06:00:?? = -3.57579503E-38
A68F : ASL 40         : A=20 X=01 Y=C7 SP=?? N=0 V=0 D=0 I=0 Z=0 C=0 : FWA 02-6C:A6AD1112:00:00 = +6.20916641E-07 : FWB 95-04:C2AF4F0C:00:?? = -3.57579504E-38
A691 : ROL 3F         : A=20 X=01 Y=C7 SP=?? N=1 V=0 D=0 I=0 Z=0 C=0 : FWA 02-6C:A6AD1112:00:00 = +6.20916641E-07 : FWB 95-04:C2AF9E0C:00:?? = -3.57581718E-38
A693 : ROL 3E         : A=20 X=01 Y=C7 SP=?? N=0 V=0 D=0 I=0 Z=0 C=1 : FWA 02-6C:A6AD1112:00:00 = +6.20916641E-07 : FWB 95-04:C25E9E0C:00:?? = -3.57000571E-38
A695 : ROL A          : A=41 X=01 Y=C7 SP=?? N=0 V=0 D=0 I=0 Z=0 C=0 : FWA 02-6C:A6AD1112:00:00 = +6.20916641E-07 : FWB 95-04:C25E9E0C:00:?? = -3.57000571E-38
A696 : DEX            : A=41 X=00 Y=C7 SP=?? N=0 V=0 D=0 I=0 Z=1 C=0 : FWA 02-6C:A6AD1112:00:00 = +6.20916641E-07 : FWB 95-04:C25E9E0C:00:?? = -3.57000571E-38
A697 : BNE A65E       : A=41 X=00 Y=C7 SP=?? N=0 V=0 D=0 I=0 Z=1 C=0 : FWA 02-6C:A6AD1112:00:00 = +6.20916641E-07 : FWB 95-04:C25E9E0C:00:?? = -3.57000571E-38
A699 : LDX 3B         : A=41 X=95 Y=C7 SP=?? N=1 V=0 D=0 I=0 Z=0 C=0 : FWA 02-6C:A6AD1112:00:00 = +6.20916641E-07 : FWB 95-04:C25E9E0C:00:?? = -3.57000571E-38
A69B : PHX            : A=41 X=95 Y=C7 SP=?? N=1 V=0 D=0 I=0 Z=0 C=0 : FWA 02-6C:A6AD1112:00:00 = +6.20916641E-07 : FWB 95-04:C25E9E0C:00:?? = -3.57000571E-38
A69C : DEC 3C         : A=41 X=95 Y=C7 SP=?? N=0 V=0 D=0 I=0 Z=0 C=0 : FWA 02-6C:A6AD1112:00:00 = +6.20916641E-07 : FWB 95-03:C25E9E0C:00:?? = -1.78500286E-38
A69E : BNE A65C       : A=41 X=95 Y=C7 SP=?? N=0 V=0 D=0 I=0 Z=0 C=0 : FWA 02-6C:A6AD1112:00:00 = +6.20916641E-07 : FWB 95-03:C25E9E0C:00:?? = -1.78500286E-38
A65C : LDX #08        : A=41 X=08 Y=C7 SP=?? N=0 V=0 D=0 I=0 Z=0 C=0 : FWA 02-6C:A6AD1112:00:00 = +6.20916641E-07 : FWB 95-03:C25E9E0C:00:?? = -1.78500286E-38
A65E : BCS A676       : A=41 X=08 Y=C7 SP=?? N=0 V=0 D=0 I=0 Z=0 C=0 : FWA 02-6C:A6AD1112:00:00 = +6.20916641E-07 : FWB 95-03:C25E9E0C:00:?? = -1.78500286E-38
A660 : CMP 31         : A=41 X=08 Y=C7 SP=?? N=1 V=0 D=0 I=0 Z=0 C=0 : FWA 02-6C:A6AD1112:00:00 = +6.20916641E-07 : FWB 95-03:C25E9E0C:00:?? = -1.78500286E-38
A662 : BNE A674       : A=41 X=08 Y=C7 SP=?? N=1 V=0 D=0 I=0 Z=0 C=0 : FWA 02-6C:A6AD1112:00:00 = +6.20916641E-07 : FWB 95-03:C25E9E0C:00:?? = -1.78500286E-38
A674 : BCC A68D       : A=41 X=08 Y=C7 SP=?? N=1 V=0 D=0 I=0 Z=0 C=0 : FWA 02-6C:A6AD1112:00:00 = +6.20916641E-07 : FWB 95-03:C25E9E0C:00:?? = -1.78500286E-38
A68D : ROL 3B         : A=41 X=08 Y=C7 SP=?? N=0 V=0 D=0 I=0 Z=0 C=1 : FWA 02-6C:A6AD1112:00:00 = +6.20916641E-07 : FWB 2A-03:C25E9E0C:00:?? = +1.78500286E-38
A68F : ASL 40         : A=41 X=08 Y=C7 SP=?? N=0 V=0 D=0 I=0 Z=0 C=0 : FWA 02-6C:A6AD1112:00:00 = +6.20916641E-07 : FWB 2A-03:C25E9E18:00:?? = +1.78500286E-38
A691 : ROL 3F         : A=41 X=08 Y=C7 SP=?? N=0 V=0 D=0 I=0 Z=0 C=1 : FWA 02-6C:A6AD1112:00:00 = +6.20916641E-07 : FWB 2A-03:C25E3C18:00:?? = +1.78498913E-38
A693 : ROL 3E         : A=41 X=08 Y=C7 SP=?? N=1 V=0 D=0 I=0 Z=0 C=0 : FWA 02-6C:A6AD1112:00:00 = +6.20916641E-07 : FWB 2A-03:C2BD3C18:00:?? = +1.78839709E-38
A695 : ROL A          : A=82 X=08 Y=C7 SP=?? N=1 V=0 D=0 I=0 Z=0 C=0 : FWA 02-6C:A6AD1112:00:00 = +6.20916641E-07 : FWB 2A-03:C2BD3C18:00:?? = +1.78839709E-38
A696 : DEX            : A=82 X=07 Y=C7 SP=?? N=0 V=0 D=0 I=0 Z=0 C=0 : FWA 02-6C:A6AD1112:00:00 = +6.20916641E-07 : FWB 2A-03:C2BD3C18:00:?? = +1.78839709E-38
A697 : BNE A65E       : A=82 X=07 Y=C7 SP=?? N=0 V=0 D=0 I=0 Z=0 C=0 : FWA 02-6C:A6AD1112:00:00 = +6.20916641E-07 : FWB 2A-03:C2BD3C18:00:?? = +1.78839709E-38
A65E : BCS A676       : A=82 X=07 Y=C7 SP=?? N=0 V=0 D=0 I=0 Z=0 C=0 : FWA 02-6C:A6AD1112:00:00 = +6.20916641E-07 : FWB 2A-03:C2BD3C18:00:?? = +1.78839709E-38
A660 : CMP 31         : A=82 X=07 Y=C7 SP=?? N=1 V=0 D=0 I=0 Z=0 C=0 : FWA 02-6C:A6AD1112:00:00 = +6.20916641E-07 : FWB 2A-03:C2BD3C18:00:?? = +1.78839709E-38
A662 : BNE A674       : A=82 X=07 Y=C7 SP=?? N=1 V=0 D=0 I=0 Z=0 C=0 : FWA 02-6C:A6AD1112:00:00 = +6.20916641E-07 : FWB 2A-03:C2BD3C18:00:?? = +1.78839709E-38
A674 : BCC A68D       : A=82 X=07 Y=C7 SP=?? N=1 V=0 D=0 I=0 Z=0 C=0 : FWA 02-6C:A6AD1112:00:00 = +6.20916641E-07 : FWB 2A-03:C2BD3C18:00:?? = +1.78839709E-38
A68D : ROL 3B         : A=82 X=07 Y=C7 SP=?? N=0 V=0 D=0 I=0 Z=0 C=0 : FWA 02-6C:A6AD1112:00:00 = +6.20916641E-07 : FWB 54-03:C2BD3C18:00:?? = +1.78839709E-38
A68F : ASL 40         : A=82 X=07 Y=C7 SP=?? N=0 V=0 D=0 I=0 Z=0 C=0 : FWA 02-6C:A6AD1112:00:00 = +6.20916641E-07 : FWB 54-03:C2BD3C30:00:?? = +1.78839710E-38
A691 : ROL 3F         : A=82 X=07 Y=C7 SP=?? N=0 V=0 D=0 I=0 Z=0 C=0 : FWA 02-6C:A6AD1112:00:00 = +6.20916641E-07 : FWB 54-03:C2BD7830:00:?? = +1.78840551E-38
A693 : ROL 3E         : A=82 X=07 Y=C7 SP=?? N=0 V=0 D=0 I=0 Z=0 C=1 : FWA 02-6C:A6AD1112:00:00 = +6.20916641E-07 : FWB 54-03:C27A7830:00:?? = +1.78600200E-38
A695 : ROL A          : A=05 X=07 Y=C7 SP=?? N=0 V=0 D=0 I=0 Z=0 C=1 : FWA 02-6C:A6AD1112:00:00 = +6.20916641E-07 : FWB 54-03:C27A7830:00:?? = +1.78600200E-38
A696 : DEX            : A=05 X=06 Y=C7 SP=?? N=0 V=0 D=0 I=0 Z=0 C=1 : FWA 02-6C:A6AD1112:00:00 = +6.20916641E-07 : FWB 54-03:C27A7830:00:?? = +1.78600200E-38
A697 : BNE A65E       : A=05 X=06 Y=C7 SP=?? N=0 V=0 D=0 I=0 Z=0 C=1 : FWA 02-6C:A6AD1112:00:00 = +6.20916641E-07 : FWB 54-03:C27A7830:00:?? = +1.78600200E-38
A65E : BCS A676       : A=05 X=06 Y=C7 SP=?? N=0 V=0 D=0 I=0 Z=0 C=1 : FWA 02-6C:A6AD1112:00:00 = +6.20916641E-07 : FWB 54-03:C27A7830:00:?? = +1.78600200E-38
A676 : TAY            : A=05 X=06 Y=05 SP=?? N=0 V=0 D=0 I=0 Z=0 C=1 : FWA 02-6C:A6AD1112:00:00 = +6.20916641E-07 : FWB 54-03:C27A7830:00:?? = +1.78600200E-38
A677 : LDA 40         : A=30 X=06 Y=05 SP=?? N=0 V=0 D=0 I=0 Z=0 C=1 : FWA 02-6C:A6AD1112:00:00 = +6.20916641E-07 : FWB 54-03:C27A7830:00:?? = +1.78600200E-38
A679 : SBC 34         : A=1E X=06 Y=05 SP=?? N=0 V=0 D=0 I=0 Z=0 C=1 : FWA 02-6C:A6AD1112:00:00 = +6.20916641E-07 : FWB 54-03:C27A7830:00:?? = +1.78600200E-38
A67B : STA 40         : A=1E X=06 Y=05 SP=?? N=0 V=0 D=0 I=0 Z=0 C=1 : FWA 02-6C:A6AD1112:00:00 = +6.20916641E-07 : FWB 54-03:C27A781E:00:?? = +1.78600199E-38
A67D : LDA 3F         : A=78 X=06 Y=05 SP=?? N=0 V=0 D=0 I=0 Z=0 C=1 : FWA 02-6C:A6AD1112:00:00 = +6.20916641E-07 : FWB 54-03:C27A781E:00:?? = +1.78600199E-38
A67F : SBC 33         : A=67 X=06 Y=05 SP=?? N=0 V=0 D=0 I=0 Z=0 C=1 : FWA 02-6C:A6AD1112:00:00 = +6.20916641E-07 : FWB 54-03:C27A781E:00:?? = +1.78600199E-38
A681 : STA 3F         : A=67 X=06 Y=05 SP=?? N=0 V=0 D=0 I=0 Z=0 C=1 : FWA 02-6C:A6AD1112:00:00 = +6.20916641E-07 : FWB 54-03:C27A671E:00:?? = +1.78599961E-38
A683 : LDA 3E         : A=7A X=06 Y=05 SP=?? N=0 V=0 D=0 I=0 Z=0 C=1 : FWA 02-6C:A6AD1112:00:00 = +6.20916641E-07 : FWB 54-03:C27A671E:00:?? = +1.78599961E-38
A685 : SBC 32         : A=CD X=06 Y=05 SP=?? N=1 V=1 D=0 I=0 Z=0 C=0 : FWA 02-6C:A6AD1112:00:00 = +6.20916641E-07 : FWB 54-03:C27A671E:00:?? = +1.78599961E-38
A687 : STA 3E         : A=CD X=06 Y=05 SP=?? N=1 V=1 D=0 I=0 Z=0 C=0 : FWA 02-6C:A6AD1112:00:00 = +6.20916641E-07 : FWB 54-03:C2CD671E:00:?? = +1.78897709E-38
A689 : TYA            : A=05 X=06 Y=05 SP=?? N=0 V=1 D=0 I=0 Z=0 C=0 : FWA 02-6C:A6AD1112:00:00 = +6.20916641E-07 : FWB 54-03:C2CD671E:00:?? = +1.78897709E-38
A68A : SBC 31         : A=5E X=06 Y=05 SP=?? N=0 V=0 D=0 I=0 Z=0 C=0 : FWA 02-6C:A6AD1112:00:00 = +6.20916641E-07 : FWB 54-03:C2CD671E:00:?? = +1.78897709E-38
A68C : SEC            : A=5E X=06 Y=05 SP=?? N=0 V=0 D=0 I=0 Z=0 C=1 : FWA 02-6C:A6AD1112:00:00 = +6.20916641E-07 : FWB 54-03:C2CD671E:00:?? = +1.78897709E-38
A68D : ROL 3B         : A=5E X=06 Y=05 SP=?? N=1 V=0 D=0 I=0 Z=0 C=0 : FWA 02-6C:A6AD1112:00:00 = +6.20916641E-07 : FWB A9-03:C2CD671E:00:?? = -1.78897709E-38
A68F : ASL 40         : A=5E X=06 Y=05 SP=?? N=0 V=0 D=0 I=0 Z=0 C=0 : FWA 02-6C:A6AD1112:00:00 = +6.20916641E-07 : FWB A9-03:C2CD673C:00:?? = -1.78897711E-38
A691 : ROL 3F         : A=5E X=06 Y=05 SP=?? N=1 V=0 D=0 I=0 Z=0 C=0 : FWA 02-6C:A6AD1112:00:00 = +6.20916641E-07 : FWB A9-03:C2CDCE3C:00:?? = -1.78899154E-38
A693 : ROL 3E         : A=5E X=06 Y=05 SP=?? N=1 V=0 D=0 I=0 Z=0 C=1 : FWA 02-6C:A6AD1112:00:00 = +6.20916641E-07 : FWB A9-03:C29ACE3C:00:?? = -1.78716200E-38
A695 : ROL A          : A=BD X=06 Y=05 SP=?? N=1 V=0 D=0 I=0 Z=0 C=0 : FWA 02-6C:A6AD1112:00:00 = +6.20916641E-07 : FWB A9-03:C29ACE3C:00:?? = -1.78716200E-38
A696 : DEX            : A=BD X=05 Y=05 SP=?? N=0 V=0 D=0 I=0 Z=0 C=0 : FWA 02-6C:A6AD1112:00:00 = +6.20916641E-07 : FWB A9-03:C29ACE3C:00:?? = -1.78716200E-38
A697 : BNE A65E       : A=BD X=05 Y=05 SP=?? N=0 V=0 D=0 I=0 Z=0 C=0 : FWA 02-6C:A6AD1112:00:00 = +6.20916641E-07 : FWB A9-03:C29ACE3C:00:?? = -1.78716200E-38
A65E : BCS A676       : A=BD X=05 Y=05 SP=?? N=0 V=0 D=0 I=0 Z=0 C=0 : FWA 02-6C:A6AD1112:00:00 = +6.20916641E-07 : FWB A9-03:C29ACE3C:00:?? = -1.78716200E-38
A660 : CMP 31         : A=BD X=05 Y=05 SP=?? N=0 V=0 D=0 I=0 Z=0 C=1 : FWA 02-6C:A6AD1112:00:00 = +6.20916641E-07 : FWB A9-03:C29ACE3C:00:?? = -1.78716200E-38
A662 : BNE A674       : A=BD X=05 Y=05 SP=?? N=0 V=0 D=0 I=0 Z=0 C=1 : FWA 02-6C:A6AD1112:00:00 = +6.20916641E-07 : FWB A9-03:C29ACE3C:00:?? = -1.78716200E-38
A674 : BCC A68D       : A=BD X=05 Y=05 SP=?? N=0 V=0 D=0 I=0 Z=0 C=1 : FWA 02-6C:A6AD1112:00:00 = +6.20916641E-07 : FWB A9-03:C29ACE3C:00:?? = -1.78716200E-38
A676 : TAY            : A=BD X=05 Y=BD SP=?? N=1 V=0 D=0 I=0 Z=0 C=1 : FWA 02-6C:A6AD1112:00:00 = +6.20916641E-07 : FWB A9-03:C29ACE3C:00:?? = -1.78716200E-38
A677 : LDA 40         : A=3C X=05 Y=BD SP=?? N=0 V=0 D=0 I=0 Z=0 C=1 : FWA 02-6C:A6AD1112:00:00 = +6.20916641E-07 : FWB A9-03:C29ACE3C:00:?? = -1.78716200E-38
A679 : SBC 34         : A=2A X=05 Y=BD SP=?? N=0 V=0 D=0 I=0 Z=0 C=1 : FWA 02-6C:A6AD1112:00:00 = +6.20916641E-07 : FWB A9-03:C29ACE3C:00:?? = -1.78716200E-38
A67B : STA 40         : A=2A X=05 Y=BD SP=?? N=0 V=0 D=0 I=0 Z=0 C=1 : FWA 02-6C:A6AD1112:00:00 = +6.20916641E-07 : FWB A9-03:C29ACE2A:00:?? = -1.78716199E-38
A67D : LDA 3F         : A=CE X=05 Y=BD SP=?? N=1 V=0 D=0 I=0 Z=0 C=1 : FWA 02-6C:A6AD1112:00:00 = +6.20916641E-07 : FWB A9-03:C29ACE2A:00:?? = -1.78716199E-38
A67F : SBC 33         : A=BD X=05 Y=BD SP=?? N=1 V=0 D=0 I=0 Z=0 C=1 : FWA 02-6C:A6AD1112:00:00 = +6.20916641E-07 : FWB A9-03:C29ACE2A:00:?? = -1.78716199E-38
A681 : STA 3F         : A=BD X=05 Y=BD SP=?? N=1 V=0 D=0 I=0 Z=0 C=1 : FWA 02-6C:A6AD1112:00:00 = +6.20916641E-07 : FWB A9-03:C29ABD2A:00:?? = -1.78715961E-38
A683 : LDA 3E         : A=9A X=05 Y=BD SP=?? N=1 V=0 D=0 I=0 Z=0 C=1 : FWA 02-6C:A6AD1112:00:00 = +6.20916641E-07 : FWB A9-03:C29ABD2A:00:?? = -1.78715961E-38
A685 : SBC 32         : A=ED X=05 Y=BD SP=?? N=1 V=0 D=0 I=0 Z=0 C=0 : FWA 02-6C:A6AD1112:00:00 = +6.20916641E-07 : FWB A9-03:C29ABD2A:00:?? = -1.78715961E-38
A687 : STA 3E         : A=ED X=05 Y=BD SP=?? N=1 V=0 D=0 I=0 Z=0 C=0 : FWA 02-6C:A6AD1112:00:00 = +6.20916641E-07 : FWB A9-03:C2EDBD2A:00:?? = -1.79013709E-38
A689 : TYA            : A=BD X=05 Y=BD SP=?? N=1 V=0 D=0 I=0 Z=0 C=0 : FWA 02-6C:A6AD1112:00:00 = +6.20916641E-07 : FWB A9-03:C2EDBD2A:00:?? = -1.79013709E-38
A68A : SBC 31         : A=16 X=05 Y=BD SP=?? N=0 V=0 D=0 I=0 Z=0 C=1 : FWA 02-6C:A6AD1112:00:00 = +6.20916641E-07 : FWB A9-03:C2EDBD2A:00:?? = -1.79013709E-38
A68C : SEC            : A=16 X=05 Y=BD SP=?? N=0 V=0 D=0 I=0 Z=0 C=1 : FWA 02-6C:A6AD1112:00:00 = +6.20916641E-07 : FWB A9-03:C2EDBD2A:00:?? = -1.79013709E-38
A68D : ROL 3B         : A=16 X=05 Y=BD SP=?? N=0 V=0 D=0 I=0 Z=0 C=1 : FWA 02-6C:A6AD1112:00:00 = +6.20916641E-07 : FWB 53-03:C2EDBD2A:00:?? = +1.79013709E-38
A68F : ASL 40         : A=16 X=05 Y=BD SP=?? N=0 V=0 D=0 I=0 Z=0 C=0 : FWA 02-6C:A6AD1112:00:00 = +6.20916641E-07 : FWB 53-03:C2EDBD54:00:?? = +1.79013711E-38
A691 : ROL 3F         : A=16 X=05 Y=BD SP=?? N=0 V=0 D=0 I=0 Z=0 C=1 : FWA 02-6C:A6AD1112:00:00 = +6.20916641E-07 : FWB 53-03:C2ED7A54:00:?? = +1.79012773E-38
A693 : ROL 3E         : A=16 X=05 Y=BD SP=?? N=1 V=0 D=0 I=0 Z=0 C=1 : FWA 02-6C:A6AD1112:00:00 = +6.20916641E-07 : FWB 53-03:C2DB7A54:00:?? = +1.78948201E-38
A695 : ROL A          : A=2D X=05 Y=BD SP=?? N=0 V=0 D=0 I=0 Z=0 C=0 : FWA 02-6C:A6AD1112:00:00 = +6.20916641E-07 : FWB 53-03:C2DB7A54:00:?? = +1.78948201E-38
A696 : DEX            : A=2D X=04 Y=BD SP=?? N=0 V=0 D=0 I=0 Z=0 C=0 : FWA 02-6C:A6AD1112:00:00 = +6.20916641E-07 : FWB 53-03:C2DB7A54:00:?? = +1.78948201E-38
A697 : BNE A65E       : A=2D X=04 Y=BD SP=?? N=0 V=0 D=0 I=0 Z=0 C=0 : FWA 02-6C:A6AD1112:00:00 = +6.20916641E-07 : FWB 53-03:C2DB7A54:00:?? = +1.78948201E-38
A65E : BCS A676       : A=2D X=04 Y=BD SP=?? N=0 V=0 D=0 I=0 Z=0 C=0 : FWA 02-6C:A6AD1112:00:00 = +6.20916641E-07 : FWB 53-03:C2DB7A54:00:?? = +1.78948201E-38
A660 : CMP 31         : A=2D X=04 Y=BD SP=?? N=1 V=0 D=0 I=0 Z=0 C=0 : FWA 02-6C:A6AD1112:00:00 = +6.20916641E-07 : FWB 53-03:C2DB7A54:00:?? = +1.78948201E-38
A662 : BNE A674       : A=2D X=04 Y=BD SP=?? N=1 V=0 D=0 I=0 Z=0 C=0 : FWA 02-6C:A6AD1112:00:00 = +6.20916641E-07 : FWB 53-03:C2DB7A54:00:?? = +1.78948201E-38
A674 : BCC A68D       : A=2D X=04 Y=BD SP=?? N=1 V=0 D=0 I=0 Z=0 C=0 : FWA 02-6C:A6AD1112:00:00 = +6.20916641E-07 : FWB 53-03:C2DB7A54:00:?? = +1.78948201E-38
A68D : ROL 3B         : A=2D X=04 Y=BD SP=?? N=1 V=0 D=0 I=0 Z=0 C=0 : FWA 02-6C:A6AD1112:00:00 = +6.20916641E-07 : FWB A6-03:C2DB7A54:00:?? = -1.78948201E-38
A68F : ASL 40         : A=2D X=04 Y=BD SP=?? N=1 V=0 D=0 I=0 Z=0 C=0 : FWA 02-6C:A6AD1112:00:00 = +6.20916641E-07 : FWB A6-03:C2DB7AA8:00:?? = -1.78948205E-38
A691 : ROL 3F         : A=2D X=04 Y=BD SP=?? N=1 V=0 D=0 I=0 Z=0 C=0 : FWA 02-6C:A6AD1112:00:00 = +6.20916641E-07 : FWB A6-03:C2DBF4A8:00:?? = -1.78949915E-38
A693 : ROL 3E         : A=2D X=04 Y=BD SP=?? N=1 V=0 D=0 I=0 Z=0 C=1 : FWA 02-6C:A6AD1112:00:00 = +6.20916641E-07 : FWB A6-03:C2B6F4A8:00:?? = -1.78817184E-38
A695 : ROL A          : A=5B X=04 Y=BD SP=?? N=0 V=0 D=0 I=0 Z=0 C=0 : FWA 02-6C:A6AD1112:00:00 = +6.20916641E-07 : FWB A6-03:C2B6F4A8:00:?? = -1.78817184E-38
A696 : DEX            : A=5B X=03 Y=BD SP=?? N=0 V=0 D=0 I=0 Z=0 C=0 : FWA 02-6C:A6AD1112:00:00 = +6.20916641E-07 : FWB A6-03:C2B6F4A8:00:?? = -1.78817184E-38
A697 : BNE A65E       : A=5B X=03 Y=BD SP=?? N=0 V=0 D=0 I=0 Z=0 C=0 : FWA 02-6C:A6AD1112:00:00 = +6.20916641E-07 : FWB A6-03:C2B6F4A8:00:?? = -1.78817184E-38
A65E : BCS A676       : A=5B X=03 Y=BD SP=?? N=0 V=0 D=0 I=0 Z=0 C=0 : FWA 02-6C:A6AD1112:00:00 = +6.20916641E-07 : FWB A6-03:C2B6F4A8:00:?? = -1.78817184E-38
A660 : CMP 31         : A=5B X=03 Y=BD SP=?? N=1 V=0 D=0 I=0 Z=0 C=0 : FWA 02-6C:A6AD1112:00:00 = +6.20916641E-07 : FWB A6-03:C2B6F4A8:00:?? = -1.78817184E-38
A662 : BNE A674       : A=5B X=03 Y=BD SP=?? N=1 V=0 D=0 I=0 Z=0 C=0 : FWA 02-6C:A6AD1112:00:00 = +6.20916641E-07 : FWB A6-03:C2B6F4A8:00:?? = -1.78817184E-38
A674 : BCC A68D       : A=5B X=03 Y=BD SP=?? N=1 V=0 D=0 I=0 Z=0 C=0 : FWA 02-6C:A6AD1112:00:00 = +6.20916641E-07 : FWB A6-03:C2B6F4A8:00:?? = -1.78817184E-38
A68D : ROL 3B         : A=5B X=03 Y=BD SP=?? N=0 V=0 D=0 I=0 Z=0 C=1 : FWA 02-6C:A6AD1112:00:00 = +6.20916641E-07 : FWB 4C-03:C2B6F4A8:00:?? = +1.78817184E-38
A68F : ASL 40         : A=5B X=03 Y=BD SP=?? N=0 V=0 D=0 I=0 Z=0 C=1 : FWA 02-6C:A6AD1112:00:00 = +6.20916641E-07 : FWB 4C-03:C2B6F450:00:?? = +1.78817179E-38
A691 : ROL 3F         : A=5B X=03 Y=BD SP=?? N=1 V=0 D=0 I=0 Z=0 C=1 : FWA 02-6C:A6AD1112:00:00 = +6.20916641E-07 : FWB 4C-03:C2B6E950:00:?? = +1.78817025E-38
A693 : ROL 3E         : A=5B X=03 Y=BD SP=?? N=0 V=0 D=0 I=0 Z=0 C=1 : FWA 02-6C:A6AD1112:00:00 = +6.20916641E-07 : FWB 4C-03:C26DE950:00:?? = +1.78555150E-38
A695 : ROL A          : A=B7 X=03 Y=BD SP=?? N=1 V=0 D=0 I=0 Z=0 C=0 : FWA 02-6C:A6AD1112:00:00 = +6.20916641E-07 : FWB 4C-03:C26DE950:00:?? = +1.78555150E-38
A696 : DEX            : A=B7 X=02 Y=BD SP=?? N=0 V=0 D=0 I=0 Z=0 C=0 : FWA 02-6C:A6AD1112:00:00 = +6.20916641E-07 : FWB 4C-03:C26DE950:00:?? = +1.78555150E-38
A697 : BNE A65E       : A=B7 X=02 Y=BD SP=?? N=0 V=0 D=0 I=0 Z=0 C=0 : FWA 02-6C:A6AD1112:00:00 = +6.20916641E-07 : FWB 4C-03:C26DE950:00:?? = +1.78555150E-38
A65E : BCS A676       : A=B7 X=02 Y=BD SP=?? N=0 V=0 D=0 I=0 Z=0 C=0 : FWA 02-6C:A6AD1112:00:00 = +6.20916641E-07 : FWB 4C-03:C26DE950:00:?? = +1.78555150E-38
A660 : CMP 31         : A=B7 X=02 Y=BD SP=?? N=0 V=0 D=0 I=0 Z=0 C=1 : FWA 02-6C:A6AD1112:00:00 = +6.20916641E-07 : FWB 4C-03:C26DE950:00:?? = +1.78555150E-38
A662 : BNE A674       : A=B7 X=02 Y=BD SP=?? N=0 V=0 D=0 I=0 Z=0 C=1 : FWA 02-6C:A6AD1112:00:00 = +6.20916641E-07 : FWB 4C-03:C26DE950:00:?? = +1.78555150E-38
A674 : BCC A68D       : A=B7 X=02 Y=BD SP=?? N=0 V=0 D=0 I=0 Z=0 C=1 : FWA 02-6C:A6AD1112:00:00 = +6.20916641E-07 : FWB 4C-03:C26DE950:00:?? = +1.78555150E-38
A676 : TAY            : A=B7 X=02 Y=B7 SP=?? N=1 V=0 D=0 I=0 Z=0 C=1 : FWA 02-6C:A6AD1112:00:00 = +6.20916641E-07 : FWB 4C-03:C26DE950:00:?? = +1.78555150E-38
A677 : LDA 40         : A=50 X=02 Y=B7 SP=?? N=0 V=0 D=0 I=0 Z=0 C=1 : FWA 02-6C:A6AD1112:00:00 = +6.20916641E-07 : FWB 4C-03:C26DE950:00:?? = +1.78555150E-38
A679 : SBC 34         : A=3E X=02 Y=B7 SP=?? N=0 V=0 D=0 I=0 Z=0 C=1 : FWA 02-6C:A6AD1112:00:00 = +6.20916641E-07 : FWB 4C-03:C26DE950:00:?? = +1.78555150E-38
A67B : STA 40         : A=3E X=02 Y=B7 SP=?? N=0 V=0 D=0 I=0 Z=0 C=1 : FWA 02-6C:A6AD1112:00:00 = +6.20916641E-07 : FWB 4C-03:C26DE93E:00:?? = +1.78555149E-38
A67D : LDA 3F         : A=E9 X=02 Y=B7 SP=?? N=1 V=0 D=0 I=0 Z=0 C=1 : FWA 02-6C:A6AD1112:00:00 = +6.20916641E-07 : FWB 4C-03:C26DE93E:00:?? = +1.78555149E-38
A67F : SBC 33         : A=D8 X=02 Y=B7 SP=?? N=1 V=0 D=0 I=0 Z=0 C=1 : FWA 02-6C:A6AD1112:00:00 = +6.20916641E-07 : FWB 4C-03:C26DE93E:00:?? = +1.78555149E-38
A681 : STA 3F         : A=D8 X=02 Y=B7 SP=?? N=1 V=0 D=0 I=0 Z=0 C=1 : FWA 02-6C:A6AD1112:00:00 = +6.20916641E-07 : FWB 4C-03:C26DD83E:00:?? = +1.78554911E-38
A683 : LDA 3E         : A=6D X=02 Y=B7 SP=?? N=0 V=0 D=0 I=0 Z=0 C=1 : FWA 02-6C:A6AD1112:00:00 = +6.20916641E-07 : FWB 4C-03:C26DD83E:00:?? = +1.78554911E-38
A685 : SBC 32         : A=C0 X=02 Y=B7 SP=?? N=1 V=1 D=0 I=0 Z=0 C=0 : FWA 02-6C:A6AD1112:00:00 = +6.20916641E-07 : FWB 4C-03:C26DD83E:00:?? = +1.78554911E-38
A687 : STA 3E         : A=C0 X=02 Y=B7 SP=?? N=1 V=1 D=0 I=0 Z=0 C=0 : FWA 02-6C:A6AD1112:00:00 = +6.20916641E-07 : FWB 4C-03:C2C0D83E:00:?? = +1.78852659E-38
A689 : TYA            : A=B7 X=02 Y=B7 SP=?? N=1 V=1 D=0 I=0 Z=0 C=0 : FWA 02-6C:A6AD1112:00:00 = +6.20916641E-07 : FWB 4C-03:C2C0D83E:00:?? = +1.78852659E-38
A68A : SBC 31         : A=10 X=02 Y=B7 SP=?? N=0 V=0 D=0 I=0 Z=0 C=1 : FWA 02-6C:A6AD1112:00:00 = +6.20916641E-07 : FWB 4C-03:C2C0D83E:00:?? = +1.78852659E-38
A68C : SEC            : A=10 X=02 Y=B7 SP=?? N=0 V=0 D=0 I=0 Z=0 C=1 : FWA 02-6C:A6AD1112:00:00 = +6.20916641E-07 : FWB 4C-03:C2C0D83E:00:?? = +1.78852659E-38
A68D : ROL 3B         : A=10 X=02 Y=B7 SP=?? N=1 V=0 D=0 I=0 Z=0 C=0 : FWA 02-6C:A6AD1112:00:00 = +6.20916641E-07 : FWB 99-03:C2C0D83E:00:?? = -1.78852659E-38
A68F : ASL 40         : A=10 X=02 Y=B7 SP=?? N=0 V=0 D=0 I=0 Z=0 C=0 : FWA 02-6C:A6AD1112:00:00 = +6.20916641E-07 : FWB 99-03:C2C0D87C:00:?? = -1.78852662E-38
A691 : ROL 3F         : A=10 X=02 Y=B7 SP=?? N=1 V=0 D=0 I=0 Z=0 C=1 : FWA 02-6C:A6AD1112:00:00 = +6.20916641E-07 : FWB 99-03:C2C0B07C:00:?? = -1.78852102E-38
A693 : ROL 3E         : A=10 X=02 Y=B7 SP=?? N=1 V=0 D=0 I=0 Z=0 C=1 : FWA 02-6C:A6AD1112:00:00 = +6.20916641E-07 : FWB 99-03:C281B07C:00:?? = -1.78626100E-38
A695 : ROL A          : A=21 X=02 Y=B7 SP=?? N=0 V=0 D=0 I=0 Z=0 C=0 : FWA 02-6C:A6AD1112:00:00 = +6.20916641E-07 : FWB 99-03:C281B07C:00:?? = -1.78626100E-38
A696 : DEX            : A=21 X=01 Y=B7 SP=?? N=0 V=0 D=0 I=0 Z=0 C=0 : FWA 02-6C:A6AD1112:00:00 = +6.20916641E-07 : FWB 99-03:C281B07C:00:?? = -1.78626100E-38
A697 : BNE A65E       : A=21 X=01 Y=B7 SP=?? N=0 V=0 D=0 I=0 Z=0 C=0 : FWA 02-6C:A6AD1112:00:00 = +6.20916641E-07 : FWB 99-03:C281B07C:00:?? = -1.78626100E-38
A65E : BCS A676       : A=21 X=01 Y=B7 SP=?? N=0 V=0 D=0 I=0 Z=0 C=0 : FWA 02-6C:A6AD1112:00:00 = +6.20916641E-07 : FWB 99-03:C281B07C:00:?? = -1.78626100E-38
A660 : CMP 31         : A=21 X=01 Y=B7 SP=?? N=0 V=0 D=0 I=0 Z=0 C=0 : FWA 02-6C:A6AD1112:00:00 = +6.20916641E-07 : FWB 99-03:C281B07C:00:?? = -1.78626100E-38
A662 : BNE A674       : A=21 X=01 Y=B7 SP=?? N=0 V=0 D=0 I=0 Z=0 C=0 : FWA 02-6C:A6AD1112:00:00 = +6.20916641E-07 : FWB 99-03:C281B07C:00:?? = -1.78626100E-38
A674 : BCC A68D       : A=21 X=01 Y=B7 SP=?? N=0 V=0 D=0 I=0 Z=0 C=0 : FWA 02-6C:A6AD1112:00:00 = +6.20916641E-07 : FWB 99-03:C281B07C:00:?? = -1.78626100E-38
A68D : ROL 3B         : A=21 X=01 Y=B7 SP=?? N=0 V=0 D=0 I=0 Z=0 C=1 : FWA 02-6C:A6AD1112:00:00 = +6.20916641E-07 : FWB 32-03:C281B07C:00:?? = +1.78626100E-38
A68F : ASL 40         : A=21 X=01 Y=B7 SP=?? N=1 V=0 D=0 I=0 Z=0 C=0 : FWA 02-6C:A6AD1112:00:00 = +6.20916641E-07 : FWB 32-03:C281B0F8:00:?? = +1.78626107E-38
A691 : ROL 3F         : A=21 X=01 Y=B7 SP=?? N=0 V=0 D=0 I=0 Z=0 C=1 : FWA 02-6C:A6AD1112:00:00 = +6.20916641E-07 : FWB 32-03:C28160F8:00:?? = +1.78624986E-38
A693 : ROL 3E         : A=21 X=01 Y=B7 SP=?? N=0 V=0 D=0 I=0 Z=0 C=1 : FWA 02-6C:A6AD1112:00:00 = +6.20916641E-07 : FWB 32-03:C20360F8:00:?? = +1.78172983E-38
A695 : ROL A          : A=43 X=01 Y=B7 SP=?? N=0 V=0 D=0 I=0 Z=0 C=0 : FWA 02-6C:A6AD1112:00:00 = +6.20916641E-07 : FWB 32-03:C20360F8:00:?? = +1.78172983E-38
A696 : DEX            : A=43 X=00 Y=B7 SP=?? N=0 V=0 D=0 I=0 Z=1 C=0 : FWA 02-6C:A6AD1112:00:00 = +6.20916641E-07 : FWB 32-03:C20360F8:00:?? = +1.78172983E-38
A697 : BNE A65E       : A=43 X=00 Y=B7 SP=?? N=0 V=0 D=0 I=0 Z=1 C=0 : FWA 02-6C:A6AD1112:00:00 = +6.20916641E-07 : FWB 32-03:C20360F8:00:?? = +1.78172983E-38
A699 : LDX 3B         : A=43 X=32 Y=B7 SP=?? N=0 V=0 D=0 I=0 Z=0 C=0 : FWA 02-6C:A6AD1112:00:00 = +6.20916641E-07 : FWB 32-03:C20360F8:00:?? = +1.78172983E-38
A69B : PHX            : A=43 X=32 Y=B7 SP=?? N=0 V=0 D=0 I=0 Z=0 C=0 : FWA 02-6C:A6AD1112:00:00 = +6.20916641E-07 : FWB 32-03:C20360F8:00:?? = +1.78172983E-38
A69C : DEC 3C         : A=43 X=32 Y=B7 SP=?? N=0 V=0 D=0 I=0 Z=0 C=0 : FWA 02-6C:A6AD1112:00:00 = +6.20916641E-07 : FWB 32-02:C20360F8:00:?? = +8.90864917E-39
A69E : BNE A65C       : A=43 X=32 Y=B7 SP=?? N=0 V=0 D=0 I=0 Z=0 C=0 : FWA 02-6C:A6AD1112:00:00 = +6.20916641E-07 : FWB 32-02:C20360F8:00:?? = +8.90864917E-39
A65C : LDX #08        : A=43 X=08 Y=B7 SP=?? N=0 V=0 D=0 I=0 Z=0 C=0 : FWA 02-6C:A6AD1112:00:00 = +6.20916641E-07 : FWB 32-02:C20360F8:00:?? = +8.90864917E-39
A65E : BCS A676       : A=43 X=08 Y=B7 SP=?? N=0 V=0 D=0 I=0 Z=0 C=0 : FWA 02-6C:A6AD1112:00:00 = +6.20916641E-07 : FWB 32-02:C20360F8:00:?? = +8.90864917E-39
A660 : CMP 31         : A=43 X=08 Y=B7 SP=?? N=1 V=0 D=0 I=0 Z=0 C=0 : FWA 02-6C:A6AD1112:00:00 = +6.20916641E-07 : FWB 32-02:C20360F8:00:?? = +8.90864917E-39
A662 : BNE A674       : A=43 X=08 Y=B7 SP=?? N=1 V=0 D=0 I=0 Z=0 C=0 : FWA 02-6C:A6AD1112:00:00 = +6.20916641E-07 : FWB 32-02:C20360F8:00:?? = +8.90864917E-39
A674 : BCC A68D       : A=43 X=08 Y=B7 SP=?? N=1 V=0 D=0 I=0 Z=0 C=0 : FWA 02-6C:A6AD1112:00:00 = +6.20916641E-07 : FWB 32-02:C20360F8:00:?? = +8.90864917E-39
A68D : ROL 3B         : A=43 X=08 Y=B7 SP=?? N=0 V=0 D=0 I=0 Z=0 C=0 : FWA 02-6C:A6AD1112:00:00 = +6.20916641E-07 : FWB 64-02:C20360F8:00:?? = +8.90864917E-39
A68F : ASL 40         : A=43 X=08 Y=B7 SP=?? N=1 V=0 D=0 I=0 Z=0 C=1 : FWA 02-6C:A6AD1112:00:00 = +6.20916641E-07 : FWB 64-02:C20360F0:00:?? = +8.90864915E-39
A691 : ROL 3F         : A=43 X=08 Y=B7 SP=?? N=1 V=0 D=0 I=0 Z=0 C=0 : FWA 02-6C:A6AD1112:00:00 = +6.20916641E-07 : FWB 64-02:C203C1F0:00:?? = +8.90871711E-39
A693 : ROL 3E         : A=43 X=08 Y=B7 SP=?? N=0 V=0 D=0 I=0 Z=0 C=0 : FWA 02-6C:A6AD1112:00:00 = +6.20916641E-07 : FWB 64-02:C206C1F0:00:?? = +8.90925521E-39
A695 : ROL A          : A=86 X=08 Y=B7 SP=?? N=1 V=0 D=0 I=0 Z=0 C=0 : FWA 02-6C:A6AD1112:00:00 = +6.20916641E-07 : FWB 64-02:C206C1F0:00:?? = +8.90925521E-39
A696 : DEX            : A=86 X=07 Y=B7 SP=?? N=0 V=0 D=0 I=0 Z=0 C=0 : FWA 02-6C:A6AD1112:00:00 = +6.20916641E-07 : FWB 64-02:C206C1F0:00:?? = +8.90925521E-39
A697 : BNE A65E       : A=86 X=07 Y=B7 SP=?? N=0 V=0 D=0 I=0 Z=0 C=0 : FWA 02-6C:A6AD1112:00:00 = +6.20916641E-07 : FWB 64-02:C206C1F0:00:?? = +8.90925521E-39
A65E : BCS A676       : A=86 X=07 Y=B7 SP=?? N=0 V=0 D=0 I=0 Z=0 C=0 : FWA 02-6C:A6AD1112:00:00 = +6.20916641E-07 : FWB 64-02:C206C1F0:00:?? = +8.90925521E-39
A660 : CMP 31         : A=86 X=07 Y=B7 SP=?? N=1 V=0 D=0 I=0 Z=0 C=0 : FWA 02-6C:A6AD1112:00:00 = +6.20916641E-07 : FWB 64-02:C206C1F0:00:?? = +8.90925521E-39
A662 : BNE A674       : A=86 X=07 Y=B7 SP=?? N=1 V=0 D=0 I=0 Z=0 C=0 : FWA 02-6C:A6AD1112:00:00 = +6.20916641E-07 : FWB 64-02:C206C1F0:00:?? = +8.90925521E-39
A674 : BCC A68D       : A=86 X=07 Y=B7 SP=?? N=1 V=0 D=0 I=0 Z=0 C=0 : FWA 02-6C:A6AD1112:00:00 = +6.20916641E-07 : FWB 64-02:C206C1F0:00:?? = +8.90925521E-39
A68D : ROL 3B         : A=86 X=07 Y=B7 SP=?? N=1 V=0 D=0 I=0 Z=0 C=0 : FWA 02-6C:A6AD1112:00:00 = +6.20916641E-07 : FWB C8-02:C206C1F0:00:?? = -8.90925521E-39
A68F : ASL 40         : A=86 X=07 Y=B7 SP=?? N=1 V=0 D=0 I=0 Z=0 C=1 : FWA 02-6C:A6AD1112:00:00 = +6.20916641E-07 : FWB C8-02:C206C1E0:00:?? = -8.90925516E-39
A691 : ROL 3F         : A=86 X=07 Y=B7 SP=?? N=1 V=0 D=0 I=0 Z=0 C=1 : FWA 02-6C:A6AD1112:00:00 = +6.20916641E-07 : FWB C8-02:C20683E0:00:?? = -8.90921172E-39
A693 : ROL 3E         : A=86 X=07 Y=B7 SP=?? N=0 V=0 D=0 I=0 Z=0 C=0 : FWA 02-6C:A6AD1112:00:00 = +6.20916641E-07 : FWB C8-02:C20D83E0:00:?? = -8.91046729E-39
A695 : ROL A          : A=0C X=07 Y=B7 SP=?? N=0 V=0 D=0 I=0 Z=0 C=1 : FWA 02-6C:A6AD1112:00:00 = +6.20916641E-07 : FWB C8-02:C20D83E0:00:?? = -8.91046729E-39
A696 : DEX            : A=0C X=06 Y=B7 SP=?? N=0 V=0 D=0 I=0 Z=0 C=1 : FWA 02-6C:A6AD1112:00:00 = +6.20916641E-07 : FWB C8-02:C20D83E0:00:?? = -8.91046729E-39
A697 : BNE A65E       : A=0C X=06 Y=B7 SP=?? N=0 V=0 D=0 I=0 Z=0 C=1 : FWA 02-6C:A6AD1112:00:00 = +6.20916641E-07 : FWB C8-02:C20D83E0:00:?? = -8.91046729E-39
A65E : BCS A676       : A=0C X=06 Y=B7 SP=?? N=0 V=0 D=0 I=0 Z=0 C=1 : FWA 02-6C:A6AD1112:00:00 = +6.20916641E-07 : FWB C8-02:C20D83E0:00:?? = -8.91046729E-39
A676 : TAY            : A=0C X=06 Y=0C SP=?? N=0 V=0 D=0 I=0 Z=0 C=1 : FWA 02-6C:A6AD1112:00:00 = +6.20916641E-07 : FWB C8-02:C20D83E0:00:?? = -8.91046729E-39
A677 : LDA 40         : A=E0 X=06 Y=0C SP=?? N=1 V=0 D=0 I=0 Z=0 C=1 : FWA 02-6C:A6AD1112:00:00 = +6.20916641E-07 : FWB C8-02:C20D83E0:00:?? = -8.91046729E-39
A679 : SBC 34         : A=CE X=06 Y=0C SP=?? N=1 V=0 D=0 I=0 Z=0 C=1 : FWA 02-6C:A6AD1112:00:00 = +6.20916641E-07 : FWB C8-02:C20D83E0:00:?? = -8.91046729E-39
A67B : STA 40         : A=CE X=06 Y=0C SP=?? N=1 V=0 D=0 I=0 Z=0 C=1 : FWA 02-6C:A6AD1112:00:00 = +6.20916641E-07 : FWB C8-02:C20D83CE:00:?? = -8.91046724E-39
A67D : LDA 3F         : A=83 X=06 Y=0C SP=?? N=1 V=0 D=0 I=0 Z=0 C=1 : FWA 02-6C:A6AD1112:00:00 = +6.20916641E-07 : FWB C8-02:C20D83CE:00:?? = -8.91046724E-39
A67F : SBC 33         : A=72 X=06 Y=0C SP=?? N=0 V=1 D=0 I=0 Z=0 C=1 : FWA 02-6C:A6AD1112:00:00 = +6.20916641E-07 : FWB C8-02:C20D83CE:00:?? = -8.91046724E-39
A681 : STA 3F         : A=72 X=06 Y=0C SP=?? N=0 V=1 D=0 I=0 Z=0 C=1 : FWA 02-6C:A6AD1112:00:00 = +6.20916641E-07 : FWB C8-02:C20D72CE:00:?? = -8.91045533E-39
A683 : LDA 3E         : A=0D X=06 Y=0C SP=?? N=0 V=1 D=0 I=0 Z=0 C=1 : FWA 02-6C:A6AD1112:00:00 = +6.20916641E-07 : FWB C8-02:C20D72CE:00:?? = -8.91045533E-39
A685 : SBC 32         : A=60 X=06 Y=0C SP=?? N=0 V=0 D=0 I=0 Z=0 C=0 : FWA 02-6C:A6AD1112:00:00 = +6.20916641E-07 : FWB C8-02:C20D72CE:00:?? = -8.91045533E-39
A687 : STA 3E         : A=60 X=06 Y=0C SP=?? N=0 V=0 D=0 I=0 Z=0 C=0 : FWA 02-6C:A6AD1112:00:00 = +6.20916641E-07 : FWB C8-02:C26072CE:00:?? = -8.92534272E-39
A689 : TYA            : A=0C X=06 Y=0C SP=?? N=0 V=0 D=0 I=0 Z=0 C=0 : FWA 02-6C:A6AD1112:00:00 = +6.20916641E-07 : FWB C8-02:C26072CE:00:?? = -8.92534272E-39
A68A : SBC 31         : A=65 X=06 Y=0C SP=?? N=0 V=0 D=0 I=0 Z=0 C=0 : FWA 02-6C:A6AD1112:00:00 = +6.20916641E-07 : FWB C8-02:C26072CE:00:?? = -8.92534272E-39
A68C : SEC            : A=65 X=06 Y=0C SP=?? N=0 V=0 D=0 I=0 Z=0 C=1 : FWA 02-6C:A6AD1112:00:00 = +6.20916641E-07 : FWB C8-02:C26072CE:00:?? = -8.92534272E-39
A68D : ROL 3B         : A=65 X=06 Y=0C SP=?? N=1 V=0 D=0 I=0 Z=0 C=1 : FWA 02-6C:A6AD1112:00:00 = +6.20916641E-07 : FWB 91-02:C26072CE:00:?? = -8.92534272E-39
A68F : ASL 40         : A=65 X=06 Y=0C SP=?? N=1 V=0 D=0 I=0 Z=0 C=1 : FWA 02-6C:A6AD1112:00:00 = +6.20916641E-07 : FWB 91-02:C260729C:00:?? = -8.92534258E-39
A691 : ROL 3F         : A=65 X=06 Y=0C SP=?? N=1 V=0 D=0 I=0 Z=0 C=0 : FWA 02-6C:A6AD1112:00:00 = +6.20916641E-07 : FWB 91-02:C260E59C:00:?? = -8.92542316E-39
A693 : ROL 3E         : A=65 X=06 Y=0C SP=?? N=1 V=0 D=0 I=0 Z=0 C=0 : FWA 02-6C:A6AD1112:00:00 = +6.20916641E-07 : FWB 91-02:C2C0E59C:00:?? = -8.94264231E-39
A695 : ROL A          : A=CA X=06 Y=0C SP=?? N=1 V=0 D=0 I=0 Z=0 C=0 : FWA 02-6C:A6AD1112:00:00 = +6.20916641E-07 : FWB 91-02:C2C0E59C:00:?? = -8.94264231E-39
A696 : DEX            : A=CA X=05 Y=0C SP=?? N=0 V=0 D=0 I=0 Z=0 C=0 : FWA 02-6C:A6AD1112:00:00 = +6.20916641E-07 : FWB 91-02:C2C0E59C:00:?? = -8.94264231E-39
A697 : BNE A65E       : A=CA X=05 Y=0C SP=?? N=0 V=0 D=0 I=0 Z=0 C=0 : FWA 02-6C:A6AD1112:00:00 = +6.20916641E-07 : FWB 91-02:C2C0E59C:00:?? = -8.94264231E-39
A65E : BCS A676       : A=CA X=05 Y=0C SP=?? N=0 V=0 D=0 I=0 Z=0 C=0 : FWA 02-6C:A6AD1112:00:00 = +6.20916641E-07 : FWB 91-02:C2C0E59C:00:?? = -8.94264231E-39
A660 : CMP 31         : A=CA X=05 Y=0C SP=?? N=0 V=0 D=0 I=0 Z=0 C=1 : FWA 02-6C:A6AD1112:00:00 = +6.20916641E-07 : FWB 91-02:C2C0E59C:00:?? = -8.94264231E-39
A662 : BNE A674       : A=CA X=05 Y=0C SP=?? N=0 V=0 D=0 I=0 Z=0 C=1 : FWA 02-6C:A6AD1112:00:00 = +6.20916641E-07 : FWB 91-02:C2C0E59C:00:?? = -8.94264231E-39
A674 : BCC A68D       : A=CA X=05 Y=0C SP=?? N=0 V=0 D=0 I=0 Z=0 C=1 : FWA 02-6C:A6AD1112:00:00 = +6.20916641E-07 : FWB 91-02:C2C0E59C:00:?? = -8.94264231E-39
A676 : TAY            : A=CA X=05 Y=CA SP=?? N=1 V=0 D=0 I=0 Z=0 C=1 : FWA 02-6C:A6AD1112:00:00 = +6.20916641E-07 : FWB 91-02:C2C0E59C:00:?? = -8.94264231E-39
A677 : LDA 40         : A=9C X=05 Y=CA SP=?? N=1 V=0 D=0 I=0 Z=0 C=1 : FWA 02-6C:A6AD1112:00:00 = +6.20916641E-07 : FWB 91-02:C2C0E59C:00:?? = -8.94264231E-39
A679 : SBC 34         : A=8A X=05 Y=CA SP=?? N=1 V=0 D=0 I=0 Z=0 C=1 : FWA 02-6C:A6AD1112:00:00 = +6.20916641E-07 : FWB 91-02:C2C0E59C:00:?? = -8.94264231E-39
A67B : STA 40         : A=8A X=05 Y=CA SP=?? N=1 V=0 D=0 I=0 Z=0 C=1 : FWA 02-6C:A6AD1112:00:00 = +6.20916641E-07 : FWB 91-02:C2C0E58A:00:?? = -8.94264226E-39
A67D : LDA 3F         : A=E5 X=05 Y=CA SP=?? N=1 V=0 D=0 I=0 Z=0 C=1 : FWA 02-6C:A6AD1112:00:00 = +6.20916641E-07 : FWB 91-02:C2C0E58A:00:?? = -8.94264226E-39
A67F : SBC 33         : A=D4 X=05 Y=CA SP=?? N=1 V=0 D=0 I=0 Z=0 C=1 : FWA 02-6C:A6AD1112:00:00 = +6.20916641E-07 : FWB 91-02:C2C0E58A:00:?? = -8.94264226E-39
A681 : STA 3F         : A=D4 X=05 Y=CA SP=?? N=1 V=0 D=0 I=0 Z=0 C=1 : FWA 02-6C:A6AD1112:00:00 = +6.20916641E-07 : FWB 91-02:C2C0D48A:00:?? = -8.94263035E-39
A683 : LDA 3E         : A=C0 X=05 Y=CA SP=?? N=1 V=0 D=0 I=0 Z=0 C=1 : FWA 02-6C:A6AD1112:00:00 = +6.20916641E-07 : FWB 91-02:C2C0D48A:00:?? = -8.94263035E-39
A685 : SBC 32         : A=13 X=05 Y=CA SP=?? N=0 V=0 D=0 I=0 Z=0 C=1 : FWA 02-6C:A6AD1112:00:00 = +6.20916641E-07 : FWB 91-02:C2C0D48A:00:?? = -8.94263035E-39
A687 : STA 3E         : A=13 X=05 Y=CA SP=?? N=0 V=0 D=0 I=0 Z=0 C=1 : FWA 02-6C:A6AD1112:00:00 = +6.20916641E-07 : FWB 91-02:C213D48A:00:?? = -8.91160000E-39
A689 : TYA            : A=CA X=05 Y=CA SP=?? N=1 V=0 D=0 I=0 Z=0 C=1 : FWA 02-6C:A6AD1112:00:00 = +6.20916641E-07 : FWB 91-02:C213D48A:00:?? = -8.91160000E-39
A68A : SBC 31         : A=24 X=05 Y=CA SP=?? N=0 V=0 D=0 I=0 Z=0 C=1 : FWA 02-6C:A6AD1112:00:00 = +6.20916641E-07 : FWB 91-02:C213D48A:00:?? = -8.91160000E-39
A68C : SEC            : A=24 X=05 Y=CA SP=?? N=0 V=0 D=0 I=0 Z=0 C=1 : FWA 02-6C:A6AD1112:00:00 = +6.20916641E-07 : FWB 91-02:C213D48A:00:?? = -8.91160000E-39
A68D : ROL 3B         : A=24 X=05 Y=CA SP=?? N=0 V=0 D=0 I=0 Z=0 C=1 : FWA 02-6C:A6AD1112:00:00 = +6.20916641E-07 : FWB 23-02:C213D48A:00:?? = +8.91160000E-39
A68F : ASL 40         : A=24 X=05 Y=CA SP=?? N=0 V=0 D=0 I=0 Z=0 C=1 : FWA 02-6C:A6AD1112:00:00 = +6.20916641E-07 : FWB 23-02:C213D414:00:?? = +8.91159968E-39
A691 : ROL 3F         : A=24 X=05 Y=CA SP=?? N=1 V=0 D=0 I=0 Z=0 C=1 : FWA 02-6C:A6AD1112:00:00 = +6.20916641E-07 : FWB 23-02:C213A914:00:?? = +8.91156955E-39
A693 : ROL 3E         : A=24 X=05 Y=CA SP=?? N=0 V=0 D=0 I=0 Z=0 C=0 : FWA 02-6C:A6AD1112:00:00 = +6.20916641E-07 : FWB 23-02:C227A914:00:?? = +8.91515687E-39
A695 : ROL A          : A=48 X=05 Y=CA SP=?? N=0 V=0 D=0 I=0 Z=0 C=0 : FWA 02-6C:A6AD1112:00:00 = +6.20916641E-07 : FWB 23-02:C227A914:00:?? = +8.91515687E-39
A696 : DEX            : A=48 X=04 Y=CA SP=?? N=0 V=0 D=0 I=0 Z=0 C=0 : FWA 02-6C:A6AD1112:00:00 = +6.20916641E-07 : FWB 23-02:C227A914:00:?? = +8.91515687E-39
A697 : BNE A65E       : A=48 X=04 Y=CA SP=?? N=0 V=0 D=0 I=0 Z=0 C=0 : FWA 02-6C:A6AD1112:00:00 = +6.20916641E-07 : FWB 23-02:C227A914:00:?? = +8.91515687E-39
A65E : BCS A676       : A=48 X=04 Y=CA SP=?? N=0 V=0 D=0 I=0 Z=0 C=0 : FWA 02-6C:A6AD1112:00:00 = +6.20916641E-07 : FWB 23-02:C227A914:00:?? = +8.91515687E-39
A660 : CMP 31         : A=48 X=04 Y=CA SP=?? N=1 V=0 D=0 I=0 Z=0 C=0 : FWA 02-6C:A6AD1112:00:00 = +6.20916641E-07 : FWB 23-02:C227A914:00:?? = +8.91515687E-39
A662 : BNE A674       : A=48 X=04 Y=CA SP=?? N=1 V=0 D=0 I=0 Z=0 C=0 : FWA 02-6C:A6AD1112:00:00 = +6.20916641E-07 : FWB 23-02:C227A914:00:?? = +8.91515687E-39
A674 : BCC A68D       : A=48 X=04 Y=CA SP=?? N=1 V=0 D=0 I=0 Z=0 C=0 : FWA 02-6C:A6AD1112:00:00 = +6.20916641E-07 : FWB 23-02:C227A914:00:?? = +8.91515687E-39
A68D : ROL 3B         : A=48 X=04 Y=CA SP=?? N=0 V=0 D=0 I=0 Z=0 C=0 : FWA 02-6C:A6AD1112:00:00 = +6.20916641E-07 : FWB 46-02:C227A914:00:?? = +8.91515687E-39
A68F : ASL 40         : A=48 X=04 Y=CA SP=?? N=0 V=0 D=0 I=0 Z=0 C=0 : FWA 02-6C:A6AD1112:00:00 = +6.20916641E-07 : FWB 46-02:C227A928:00:?? = +8.91515693E-39
A691 : ROL 3F         : A=48 X=04 Y=CA SP=?? N=0 V=0 D=0 I=0 Z=0 C=1 : FWA 02-6C:A6AD1112:00:00 = +6.20916641E-07 : FWB 46-02:C2275228:00:?? = +8.91509597E-39
A693 : ROL 3E         : A=48 X=04 Y=CA SP=?? N=0 V=0 D=0 I=0 Z=0 C=0 : FWA 02-6C:A6AD1112:00:00 = +6.20916641E-07 : FWB 46-02:C24F5228:00:?? = +8.92227062E-39
A695 : ROL A          : A=90 X=04 Y=CA SP=?? N=1 V=0 D=0 I=0 Z=0 C=0 : FWA 02-6C:A6AD1112:00:00 = +6.20916641E-07 : FWB 46-02:C24F5228:00:?? = +8.92227062E-39
A696 : DEX            : A=90 X=03 Y=CA SP=?? N=0 V=0 D=0 I=0 Z=0 C=0 : FWA 02-6C:A6AD1112:00:00 = +6.20916641E-07 : FWB 46-02:C24F5228:00:?? = +8.92227062E-39
A697 : BNE A65E       : A=90 X=03 Y=CA SP=?? N=0 V=0 D=0 I=0 Z=0 C=0 : FWA 02-6C:A6AD1112:00:00 = +6.20916641E-07 : FWB 46-02:C24F5228:00:?? = +8.92227062E-39
A65E : BCS A676       : A=90 X=03 Y=CA SP=?? N=0 V=0 D=0 I=0 Z=0 C=0 : FWA 02-6C:A6AD1112:00:00 = +6.20916641E-07 : FWB 46-02:C24F5228:00:?? = +8.92227062E-39
A660 : CMP 31         : A=90 X=03 Y=CA SP=?? N=1 V=0 D=0 I=0 Z=0 C=0 : FWA 02-6C:A6AD1112:00:00 = +6.20916641E-07 : FWB 46-02:C24F5228:00:?? = +8.92227062E-39
A662 : BNE A674       : A=90 X=03 Y=CA SP=?? N=1 V=0 D=0 I=0 Z=0 C=0 : FWA 02-6C:A6AD1112:00:00 = +6.20916641E-07 : FWB 46-02:C24F5228:00:?? = +8.92227062E-39
A674 : BCC A68D       : A=90 X=03 Y=CA SP=?? N=1 V=0 D=0 I=0 Z=0 C=0 : FWA 02-6C:A6AD1112:00:00 = +6.20916641E-07 : FWB 46-02:C24F5228:00:?? = +8.92227062E-39
A68D : ROL 3B         : A=90 X=03 Y=CA SP=?? N=1 V=0 D=0 I=0 Z=0 C=0 : FWA 02-6C:A6AD1112:00:00 = +6.20916641E-07 : FWB 8C-02:C24F5228:00:?? = -8.92227062E-39
A68F : ASL 40         : A=90 X=03 Y=CA SP=?? N=0 V=0 D=0 I=0 Z=0 C=0 : FWA 02-6C:A6AD1112:00:00 = +6.20916641E-07 : FWB 8C-02:C24F5250:00:?? = -8.92227073E-39
A691 : ROL 3F         : A=90 X=03 Y=CA SP=?? N=1 V=0 D=0 I=0 Z=0 C=0 : FWA 02-6C:A6AD1112:00:00 = +6.20916641E-07 : FWB 8C-02:C24FA450:00:?? = -8.92232818E-39
A693 : ROL 3E         : A=90 X=03 Y=CA SP=?? N=1 V=0 D=0 I=0 Z=0 C=0 : FWA 02-6C:A6AD1112:00:00 = +6.20916641E-07 : FWB 8C-02:C29EA450:00:?? = -8.93649811E-39
A695 : ROL A          : A=20 X=03 Y=CA SP=?? N=0 V=0 D=0 I=0 Z=0 C=1 : FWA 02-6C:A6AD1112:00:00 = +6.20916641E-07 : FWB 8C-02:C29EA450:00:?? = -8.93649811E-39
A696 : DEX            : A=20 X=02 Y=CA SP=?? N=0 V=0 D=0 I=0 Z=0 C=1 : FWA 02-6C:A6AD1112:00:00 = +6.20916641E-07 : FWB 8C-02:C29EA450:00:?? = -8.93649811E-39
A697 : BNE A65E       : A=20 X=02 Y=CA SP=?? N=0 V=0 D=0 I=0 Z=0 C=1 : FWA 02-6C:A6AD1112:00:00 = +6.20916641E-07 : FWB 8C-02:C29EA450:00:?? = -8.93649811E-39
A65E : BCS A676       : A=20 X=02 Y=CA SP=?? N=0 V=0 D=0 I=0 Z=0 C=1 : FWA 02-6C:A6AD1112:00:00 = +6.20916641E-07 : FWB 8C-02:C29EA450:00:?? = -8.93649811E-39
A676 : TAY            : A=20 X=02 Y=20 SP=?? N=0 V=0 D=0 I=0 Z=0 C=1 : FWA 02-6C:A6AD1112:00:00 = +6.20916641E-07 : FWB 8C-02:C29EA450:00:?? = -8.93649811E-39
A677 : LDA 40         : A=50 X=02 Y=20 SP=?? N=0 V=0 D=0 I=0 Z=0 C=1 : FWA 02-6C:A6AD1112:00:00 = +6.20916641E-07 : FWB 8C-02:C29EA450:00:?? = -8.93649811E-39
A679 : SBC 34         : A=3E X=02 Y=20 SP=?? N=0 V=0 D=0 I=0 Z=0 C=1 : FWA 02-6C:A6AD1112:00:00 = +6.20916641E-07 : FWB 8C-02:C29EA450:00:?? = -8.93649811E-39
A67B : STA 40         : A=3E X=02 Y=20 SP=?? N=0 V=0 D=0 I=0 Z=0 C=1 : FWA 02-6C:A6AD1112:00:00 = +6.20916641E-07 : FWB 8C-02:C29EA43E:00:?? = -8.93649806E-39
A67D : LDA 3F         : A=A4 X=02 Y=20 SP=?? N=1 V=0 D=0 I=0 Z=0 C=1 : FWA 02-6C:A6AD1112:00:00 = +6.20916641E-07 : FWB 8C-02:C29EA43E:00:?? = -8.93649806E-39
A67F : SBC 33         : A=93 X=02 Y=20 SP=?? N=1 V=0 D=0 I=0 Z=0 C=1 : FWA 02-6C:A6AD1112:00:00 = +6.20916641E-07 : FWB 8C-02:C29EA43E:00:?? = -8.93649806E-39
A681 : STA 3F         : A=93 X=02 Y=20 SP=?? N=1 V=0 D=0 I=0 Z=0 C=1 : FWA 02-6C:A6AD1112:00:00 = +6.20916641E-07 : FWB 8C-02:C29E933E:00:?? = -8.93648615E-39
A683 : LDA 3E         : A=9E X=02 Y=20 SP=?? N=1 V=0 D=0 I=0 Z=0 C=1 : FWA 02-6C:A6AD1112:00:00 = +6.20916641E-07 : FWB 8C-02:C29E933E:00:?? = -8.93648615E-39
A685 : SBC 32         : A=F1 X=02 Y=20 SP=?? N=1 V=0 D=0 I=0 Z=0 C=0 : FWA 02-6C:A6AD1112:00:00 = +6.20916641E-07 : FWB 8C-02:C29E933E:00:?? = -8.93648615E-39
A687 : STA 3E         : A=F1 X=02 Y=20 SP=?? N=1 V=0 D=0 I=0 Z=0 C=0 : FWA 02-6C:A6AD1112:00:00 = +6.20916641E-07 : FWB 8C-02:C2F1933E:00:?? = -8.95137355E-39
A689 : TYA            : A=20 X=02 Y=20 SP=?? N=0 V=0 D=0 I=0 Z=0 C=0 : FWA 02-6C:A6AD1112:00:00 = +6.20916641E-07 : FWB 8C-02:C2F1933E:00:?? = -8.95137355E-39
A68A : SBC 31         : A=79 X=02 Y=20 SP=?? N=0 V=0 D=0 I=0 Z=0 C=0 : FWA 02-6C:A6AD1112:00:00 = +6.20916641E-07 : FWB 8C-02:C2F1933E:00:?? = -8.95137355E-39
A68C : SEC            : A=79 X=02 Y=20 SP=?? N=0 V=0 D=0 I=0 Z=0 C=1 : FWA 02-6C:A6AD1112:00:00 = +6.20916641E-07 : FWB 8C-02:C2F1933E:00:?? = -8.95137355E-39
A68D : ROL 3B         : A=79 X=02 Y=20 SP=?? N=0 V=0 D=0 I=0 Z=0 C=1 : FWA 02-6C:A6AD1112:00:00 = +6.20916641E-07 : FWB 19-02:C2F1933E:00:?? = +8.95137355E-39
A68F : ASL 40         : A=79 X=02 Y=20 SP=?? N=0 V=0 D=0 I=0 Z=0 C=0 : FWA 02-6C:A6AD1112:00:00 = +6.20916641E-07 : FWB 19-02:C2F1937C:00:?? = +8.95137372E-39
A691 : ROL 3F         : A=79 X=02 Y=20 SP=?? N=0 V=0 D=0 I=0 Z=0 C=1 : FWA 02-6C:A6AD1112:00:00 = +6.20916641E-07 : FWB 19-02:C2F1267C:00:?? = +8.95129735E-39
A693 : ROL 3E         : A=79 X=02 Y=20 SP=?? N=1 V=0 D=0 I=0 Z=0 C=1 : FWA 02-6C:A6AD1112:00:00 = +6.20916641E-07 : FWB 19-02:C2E3267C:00:?? = +8.94878622E-39
A695 : ROL A          : A=F3 X=02 Y=20 SP=?? N=1 V=0 D=0 I=0 Z=0 C=0 : FWA 02-6C:A6AD1112:00:00 = +6.20916641E-07 : FWB 19-02:C2E3267C:00:?? = +8.94878622E-39
A696 : DEX            : A=F3 X=01 Y=20 SP=?? N=0 V=0 D=0 I=0 Z=0 C=0 : FWA 02-6C:A6AD1112:00:00 = +6.20916641E-07 : FWB 19-02:C2E3267C:00:?? = +8.94878622E-39
A697 : BNE A65E       : A=F3 X=01 Y=20 SP=?? N=0 V=0 D=0 I=0 Z=0 C=0 : FWA 02-6C:A6AD1112:00:00 = +6.20916641E-07 : FWB 19-02:C2E3267C:00:?? = +8.94878622E-39
A65E : BCS A676       : A=F3 X=01 Y=20 SP=?? N=0 V=0 D=0 I=0 Z=0 C=0 : FWA 02-6C:A6AD1112:00:00 = +6.20916641E-07 : FWB 19-02:C2E3267C:00:?? = +8.94878622E-39
A660 : CMP 31         : A=F3 X=01 Y=20 SP=?? N=0 V=0 D=0 I=0 Z=0 C=1 : FWA 02-6C:A6AD1112:00:00 = +6.20916641E-07 : FWB 19-02:C2E3267C:00:?? = +8.94878622E-39
A662 : BNE A674       : A=F3 X=01 Y=20 SP=?? N=0 V=0 D=0 I=0 Z=0 C=1 : FWA 02-6C:A6AD1112:00:00 = +6.20916641E-07 : FWB 19-02:C2E3267C:00:?? = +8.94878622E-39
A674 : BCC A68D       : A=F3 X=01 Y=20 SP=?? N=0 V=0 D=0 I=0 Z=0 C=1 : FWA 02-6C:A6AD1112:00:00 = +6.20916641E-07 : FWB 19-02:C2E3267C:00:?? = +8.94878622E-39
A676 : TAY            : A=F3 X=01 Y=F3 SP=?? N=1 V=0 D=0 I=0 Z=0 C=1 : FWA 02-6C:A6AD1112:00:00 = +6.20916641E-07 : FWB 19-02:C2E3267C:00:?? = +8.94878622E-39
A677 : LDA 40         : A=7C X=01 Y=F3 SP=?? N=0 V=0 D=0 I=0 Z=0 C=1 : FWA 02-6C:A6AD1112:00:00 = +6.20916641E-07 : FWB 19-02:C2E3267C:00:?? = +8.94878622E-39
A679 : SBC 34         : A=6A X=01 Y=F3 SP=?? N=0 V=0 D=0 I=0 Z=0 C=1 : FWA 02-6C:A6AD1112:00:00 = +6.20916641E-07 : FWB 19-02:C2E3267C:00:?? = +8.94878622E-39
A67B : STA 40         : A=6A X=01 Y=F3 SP=?? N=0 V=0 D=0 I=0 Z=0 C=1 : FWA 02-6C:A6AD1112:00:00 = +6.20916641E-07 : FWB 19-02:C2E3266A:00:?? = +8.94878617E-39
A67D : LDA 3F         : A=26 X=01 Y=F3 SP=?? N=0 V=0 D=0 I=0 Z=0 C=1 : FWA 02-6C:A6AD1112:00:00 = +6.20916641E-07 : FWB 19-02:C2E3266A:00:?? = +8.94878617E-39
A67F : SBC 33         : A=15 X=01 Y=F3 SP=?? N=0 V=0 D=0 I=0 Z=0 C=1 : FWA 02-6C:A6AD1112:00:00 = +6.20916641E-07 : FWB 19-02:C2E3266A:00:?? = +8.94878617E-39
A681 : STA 3F         : A=15 X=01 Y=F3 SP=?? N=0 V=0 D=0 I=0 Z=0 C=1 : FWA 02-6C:A6AD1112:00:00 = +6.20916641E-07 : FWB 19-02:C2E3156A:00:?? = +8.94877426E-39
A683 : LDA 3E         : A=E3 X=01 Y=F3 SP=?? N=1 V=0 D=0 I=0 Z=0 C=1 : FWA 02-6C:A6AD1112:00:00 = +6.20916641E-07 : FWB 19-02:C2E3156A:00:?? = +8.94877426E-39
A685 : SBC 32         : A=36 X=01 Y=F3 SP=?? N=0 V=0 D=0 I=0 Z=0 C=1 : FWA 02-6C:A6AD1112:00:00 = +6.20916641E-07 : FWB 19-02:C2E3156A:00:?? = +8.94877426E-39
A687 : STA 3E         : A=36 X=01 Y=F3 SP=?? N=0 V=0 D=0 I=0 Z=0 C=1 : FWA 02-6C:A6AD1112:00:00 = +6.20916641E-07 : FWB 19-02:C236156A:00:?? = +8.91774391E-39
A689 : TYA            : A=F3 X=01 Y=F3 SP=?? N=1 V=0 D=0 I=0 Z=0 C=1 : FWA 02-6C:A6AD1112:00:00 = +6.20916641E-07 : FWB 19-02:C236156A:00:?? = +8.91774391E-39
A68A : SBC 31         : A=4D X=01 Y=F3 SP=?? N=0 V=0 D=0 I=0 Z=0 C=1 : FWA 02-6C:A6AD1112:00:00 = +6.20916641E-07 : FWB 19-02:C236156A:00:?? = +8.91774391E-39
A68C : SEC            : A=4D X=01 Y=F3 SP=?? N=0 V=0 D=0 I=0 Z=0 C=1 : FWA 02-6C:A6AD1112:00:00 = +6.20916641E-07 : FWB 19-02:C236156A:00:?? = +8.91774391E-39
A68D : ROL 3B         : A=4D X=01 Y=F3 SP=?? N=0 V=0 D=0 I=0 Z=0 C=0 : FWA 02-6C:A6AD1112:00:00 = +6.20916641E-07 : FWB 33-02:C236156A:00:?? = +8.91774391E-39
A68F : ASL 40         : A=4D X=01 Y=F3 SP=?? N=1 V=0 D=0 I=0 Z=0 C=0 : FWA 02-6C:A6AD1112:00:00 = +6.20916641E-07 : FWB 33-02:C23615D4:00:?? = +8.91774420E-39
A691 : ROL 3F         : A=4D X=01 Y=F3 SP=?? N=0 V=0 D=0 I=0 Z=0 C=0 : FWA 02-6C:A6AD1112:00:00 = +6.20916641E-07 : FWB 33-02:C2362AD4:00:?? = +8.91775891E-39
A693 : ROL 3E         : A=4D X=01 Y=F3 SP=?? N=0 V=0 D=0 I=0 Z=0 C=0 : FWA 02-6C:A6AD1112:00:00 = +6.20916641E-07 : FWB 33-02:C26C2AD4:00:?? = +8.92744468E-39
A695 : ROL A          : A=9A X=01 Y=F3 SP=?? N=1 V=0 D=0 I=0 Z=0 C=0 : FWA 02-6C:A6AD1112:00:00 = +6.20916641E-07 : FWB 33-02:C26C2AD4:00:?? = +8.92744468E-39
A696 : DEX            : A=9A X=00 Y=F3 SP=?? N=0 V=0 D=0 I=0 Z=1 C=0 : FWA 02-6C:A6AD1112:00:00 = +6.20916641E-07 : FWB 33-02:C26C2AD4:00:?? = +8.92744468E-39
A697 : BNE A65E       : A=9A X=00 Y=F3 SP=?? N=0 V=0 D=0 I=0 Z=1 C=0 : FWA 02-6C:A6AD1112:00:00 = +6.20916641E-07 : FWB 33-02:C26C2AD4:00:?? = +8.92744468E-39
A699 : LDX 3B         : A=9A X=33 Y=F3 SP=?? N=0 V=0 D=0 I=0 Z=0 C=0 : FWA 02-6C:A6AD1112:00:00 = +6.20916641E-07 : FWB 33-02:C26C2AD4:00:?? = +8.92744468E-39
A69B : PHX            : A=9A X=33 Y=F3 SP=?? N=0 V=0 D=0 I=0 Z=0 C=0 : FWA 02-6C:A6AD1112:00:00 = +6.20916641E-07 : FWB 33-02:C26C2AD4:00:?? = +8.92744468E-39
A69C : DEC 3C         : A=9A X=33 Y=F3 SP=?? N=0 V=0 D=0 I=0 Z=0 C=0 : FWA 02-6C:A6AD1112:00:00 = +6.20916641E-07 : FWB 33-01:C26C2AD4:00:?? = +4.46372234E-39
A69E : BNE A65C       : A=9A X=33 Y=F3 SP=?? N=0 V=0 D=0 I=0 Z=0 C=0 : FWA 02-6C:A6AD1112:00:00 = +6.20916641E-07 : FWB 33-01:C26C2AD4:00:?? = +4.46372234E-39
A65C : LDX #08        : A=9A X=08 Y=F3 SP=?? N=0 V=0 D=0 I=0 Z=0 C=0 : FWA 02-6C:A6AD1112:00:00 = +6.20916641E-07 : FWB 33-01:C26C2AD4:00:?? = +4.46372234E-39
A65E : BCS A676       : A=9A X=08 Y=F3 SP=?? N=0 V=0 D=0 I=0 Z=0 C=0 : FWA 02-6C:A6AD1112:00:00 = +6.20916641E-07 : FWB 33-01:C26C2AD4:00:?? = +4.46372234E-39
A660 : CMP 31         : A=9A X=08 Y=F3 SP=?? N=1 V=0 D=0 I=0 Z=0 C=0 : FWA 02-6C:A6AD1112:00:00 = +6.20916641E-07 : FWB 33-01:C26C2AD4:00:?? = +4.46372234E-39
A662 : BNE A674       : A=9A X=08 Y=F3 SP=?? N=1 V=0 D=0 I=0 Z=0 C=0 : FWA 02-6C:A6AD1112:00:00 = +6.20916641E-07 : FWB 33-01:C26C2AD4:00:?? = +4.46372234E-39
A674 : BCC A68D       : A=9A X=08 Y=F3 SP=?? N=1 V=0 D=0 I=0 Z=0 C=0 : FWA 02-6C:A6AD1112:00:00 = +6.20916641E-07 : FWB 33-01:C26C2AD4:00:?? = +4.46372234E-39
A68D : ROL 3B         : A=9A X=08 Y=F3 SP=?? N=0 V=0 D=0 I=0 Z=0 C=0 : FWA 02-6C:A6AD1112:00:00 = +6.20916641E-07 : FWB 66-01:C26C2AD4:00:?? = +4.46372234E-39
A68F : ASL 40         : A=9A X=08 Y=F3 SP=?? N=1 V=0 D=0 I=0 Z=0 C=1 : FWA 02-6C:A6AD1112:00:00 = +6.20916641E-07 : FWB 66-01:C26C2AA8:00:?? = +4.46372228E-39
A691 : ROL 3F         : A=9A X=08 Y=F3 SP=?? N=0 V=0 D=0 I=0 Z=0 C=0 : FWA 02-6C:A6AD1112:00:00 = +6.20916641E-07 : FWB 66-01:C26C55A8:00:?? = +4.46373735E-39
A693 : ROL 3E         : A=9A X=08 Y=F3 SP=?? N=1 V=0 D=0 I=0 Z=0 C=0 : FWA 02-6C:A6AD1112:00:00 = +6.20916641E-07 : FWB 66-01:C2D855A8:00:?? = +4.47342312E-39
A695 : ROL A          : A=34 X=08 Y=F3 SP=?? N=0 V=0 D=0 I=0 Z=0 C=1 : FWA 02-6C:A6AD1112:00:00 = +6.20916641E-07 : FWB 66-01:C2D855A8:00:?? = +4.47342312E-39
A696 : DEX            : A=34 X=07 Y=F3 SP=?? N=0 V=0 D=0 I=0 Z=0 C=1 : FWA 02-6C:A6AD1112:00:00 = +6.20916641E-07 : FWB 66-01:C2D855A8:00:?? = +4.47342312E-39
A697 : BNE A65E       : A=34 X=07 Y=F3 SP=?? N=0 V=0 D=0 I=0 Z=0 C=1 : FWA 02-6C:A6AD1112:00:00 = +6.20916641E-07 : FWB 66-01:C2D855A8:00:?? = +4.47342312E-39
A65E : BCS A676       : A=34 X=07 Y=F3 SP=?? N=0 V=0 D=0 I=0 Z=0 C=1 : FWA 02-6C:A6AD1112:00:00 = +6.20916641E-07 : FWB 66-01:C2D855A8:00:?? = +4.47342312E-39
A676 : TAY            : A=34 X=07 Y=34 SP=?? N=0 V=0 D=0 I=0 Z=0 C=1 : FWA 02-6C:A6AD1112:00:00 = +6.20916641E-07 : FWB 66-01:C2D855A8:00:?? = +4.47342312E-39
A677 : LDA 40         : A=A8 X=07 Y=34 SP=?? N=1 V=0 D=0 I=0 Z=0 C=1 : FWA 02-6C:A6AD1112:00:00 = +6.20916641E-07 : FWB 66-01:C2D855A8:00:?? = +4.47342312E-39
A679 : SBC 34         : A=96 X=07 Y=34 SP=?? N=1 V=0 D=0 I=0 Z=0 C=1 : FWA 02-6C:A6AD1112:00:00 = +6.20916641E-07 : FWB 66-01:C2D855A8:00:?? = +4.47342312E-39
A67B : STA 40         : A=96 X=07 Y=34 SP=?? N=1 V=0 D=0 I=0 Z=0 C=1 : FWA 02-6C:A6AD1112:00:00 = +6.20916641E-07 : FWB 66-01:C2D85596:00:?? = +4.47342310E-39
A67D : LDA 3F         : A=55 X=07 Y=34 SP=?? N=0 V=0 D=0 I=0 Z=0 C=1 : FWA 02-6C:A6AD1112:00:00 = +6.20916641E-07 : FWB 66-01:C2D85596:00:?? = +4.47342310E-39
A67F : SBC 33         : A=44 X=07 Y=34 SP=?? N=0 V=0 D=0 I=0 Z=0 C=1 : FWA 02-6C:A6AD1112:00:00 = +6.20916641E-07 : FWB 66-01:C2D85596:00:?? = +4.47342310E-39
A681 : STA 3F         : A=44 X=07 Y=34 SP=?? N=0 V=0 D=0 I=0 Z=0 C=1 : FWA 02-6C:A6AD1112:00:00 = +6.20916641E-07 : FWB 66-01:C2D84496:00:?? = +4.47341714E-39
A683 : LDA 3E         : A=D8 X=07 Y=34 SP=?? N=1 V=0 D=0 I=0 Z=0 C=1 : FWA 02-6C:A6AD1112:00:00 = +6.20916641E-07 : FWB 66-01:C2D84496:00:?? = +4.47341714E-39
A685 : SBC 32         : A=2B X=07 Y=34 SP=?? N=0 V=0 D=0 I=0 Z=0 C=1 : FWA 02-6C:A6AD1112:00:00 = +6.20916641E-07 : FWB 66-01:C2D84496:00:?? = +4.47341714E-39
A687 : STA 3E         : A=2B X=07 Y=34 SP=?? N=0 V=0 D=0 I=0 Z=0 C=1 : FWA 02-6C:A6AD1112:00:00 = +6.20916641E-07 : FWB 66-01:C22B4496:00:?? = +4.45790196E-39
A689 : TYA            : A=34 X=07 Y=34 SP=?? N=0 V=0 D=0 I=0 Z=0 C=1 : FWA 02-6C:A6AD1112:00:00 = +6.20916641E-07 : FWB 66-01:C22B4496:00:?? = +4.45790196E-39
A68A : SBC 31         : A=8E X=07 Y=34 SP=?? N=1 V=1 D=0 I=0 Z=0 C=0 : FWA 02-6C:A6AD1112:00:00 = +6.20916641E-07 : FWB 66-01:C22B4496:00:?? = +4.45790196E-39
A68C : SEC            : A=8E X=07 Y=34 SP=?? N=1 V=1 D=0 I=0 Z=0 C=1 : FWA 02-6C:A6AD1112:00:00 = +6.20916641E-07 : FWB 66-01:C22B4496:00:?? = +4.45790196E-39
A68D : ROL 3B         : A=8E X=07 Y=34 SP=?? N=1 V=1 D=0 I=0 Z=0 C=0 : FWA 02-6C:A6AD1112:00:00 = +6.20916641E-07 : FWB CD-01:C22B4496:00:?? = -4.45790196E-39
A68F : ASL 40         : A=8E X=07 Y=34 SP=?? N=0 V=1 D=0 I=0 Z=0 C=1 : FWA 02-6C:A6AD1112:00:00 = +6.20916641E-07 : FWB CD-01:C22B442C:00:?? = -4.45790182E-39
A691 : ROL 3F         : A=8E X=07 Y=34 SP=?? N=1 V=1 D=0 I=0 Z=0 C=0 : FWA 02-6C:A6AD1112:00:00 = +6.20916641E-07 : FWB CD-01:C22B892C:00:?? = -4.45792599E-39
A693 : ROL 3E         : A=8E X=07 Y=34 SP=?? N=0 V=1 D=0 I=0 Z=0 C=0 : FWA 02-6C:A6AD1112:00:00 = +6.20916641E-07 : FWB CD-01:C256892C:00:?? = -4.46178237E-39
A695 : ROL A          : A=1C X=07 Y=34 SP=?? N=0 V=1 D=0 I=0 Z=0 C=1 : FWA 02-6C:A6AD1112:00:00 = +6.20916641E-07 : FWB CD-01:C256892C:00:?? = -4.46178237E-39
A696 : DEX            : A=1C X=06 Y=34 SP=?? N=0 V=1 D=0 I=0 Z=0 C=1 : FWA 02-6C:A6AD1112:00:00 = +6.20916641E-07 : FWB CD-01:C256892C:00:?? = -4.46178237E-39
A697 : BNE A65E       : A=1C X=06 Y=34 SP=?? N=0 V=1 D=0 I=0 Z=0 C=1 : FWA 02-6C:A6AD1112:00:00 = +6.20916641E-07 : FWB CD-01:C256892C:00:?? = -4.46178237E-39
A65E : BCS A676       : A=1C X=06 Y=34 SP=?? N=0 V=1 D=0 I=0 Z=0 C=1 : FWA 02-6C:A6AD1112:00:00 = +6.20916641E-07 : FWB CD-01:C256892C:00:?? = -4.46178237E-39
A676 : TAY            : A=1C X=06 Y=1C SP=?? N=0 V=1 D=0 I=0 Z=0 C=1 : FWA 02-6C:A6AD1112:00:00 = +6.20916641E-07 : FWB CD-01:C256892C:00:?? = -4.46178237E-39
A677 : LDA 40         : A=2C X=06 Y=1C SP=?? N=0 V=1 D=0 I=0 Z=0 C=1 : FWA 02-6C:A6AD1112:00:00 = +6.20916641E-07 : FWB CD-01:C256892C:00:?? = -4.46178237E-39
A679 : SBC 34         : A=1A X=06 Y=1C SP=?? N=0 V=0 D=0 I=0 Z=0 C=1 : FWA 02-6C:A6AD1112:00:00 = +6.20916641E-07 : FWB CD-01:C256892C:00:?? = -4.46178237E-39
A67B : STA 40         : A=1A X=06 Y=1C SP=?? N=0 V=0 D=0 I=0 Z=0 C=1 : FWA 02-6C:A6AD1112:00:00 = +6.20916641E-07 : FWB CD-01:C256891A:00:?? = -4.46178234E-39
A67D : LDA 3F         : A=89 X=06 Y=1C SP=?? N=1 V=0 D=0 I=0 Z=0 C=1 : FWA 02-6C:A6AD1112:00:00 = +6.20916641E-07 : FWB CD-01:C256891A:00:?? = -4.46178234E-39
A67F : SBC 33         : A=78 X=06 Y=1C SP=?? N=0 V=1 D=0 I=0 Z=0 C=1 : FWA 02-6C:A6AD1112:00:00 = +6.20916641E-07 : FWB CD-01:C256891A:00:?? = -4.46178234E-39
A681 : STA 3F         : A=78 X=06 Y=1C SP=?? N=0 V=1 D=0 I=0 Z=0 C=1 : FWA 02-6C:A6AD1112:00:00 = +6.20916641E-07 : FWB CD-01:C256781A:00:?? = -4.46177638E-39
A683 : LDA 3E         : A=56 X=06 Y=1C SP=?? N=0 V=1 D=0 I=0 Z=0 C=1 : FWA 02-6C:A6AD1112:00:00 = +6.20916641E-07 : FWB CD-01:C256781A:00:?? = -4.46177638E-39
A685 : SBC 32         : A=A9 X=06 Y=1C SP=?? N=1 V=1 D=0 I=0 Z=0 C=0 : FWA 02-6C:A6AD1112:00:00 = +6.20916641E-07 : FWB CD-01:C256781A:00:?? = -4.46177638E-39
A687 : STA 3E         : A=A9 X=06 Y=1C SP=?? N=1 V=1 D=0 I=0 Z=0 C=0 : FWA 02-6C:A6AD1112:00:00 = +6.20916641E-07 : FWB CD-01:C2A9781A:00:?? = -4.46922008E-39
A689 : TYA            : A=1C X=06 Y=1C SP=?? N=0 V=1 D=0 I=0 Z=0 C=0 : FWA 02-6C:A6AD1112:00:00 = +6.20916641E-07 : FWB CD-01:C2A9781A:00:?? = -4.46922008E-39
A68A : SBC 31         : A=75 X=06 Y=1C SP=?? N=0 V=0 D=0 I=0 Z=0 C=0 : FWA 02-6C:A6AD1112:00:00 = +6.20916641E-07 : FWB CD-01:C2A9781A:00:?? = -4.46922008E-39
A68C : SEC            : A=75 X=06 Y=1C SP=?? N=0 V=0 D=0 I=0 Z=0 C=1 : FWA 02-6C:A6AD1112:00:00 = +6.20916641E-07 : FWB CD-01:C2A9781A:00:?? = -4.46922008E-39
A68D : ROL 3B         : A=75 X=06 Y=1C SP=?? N=1 V=0 D=0 I=0 Z=0 C=1 : FWA 02-6C:A6AD1112:00:00 = +6.20916641E-07 : FWB 9B-01:C2A9781A:00:?? = -4.46922008E-39
A68F : ASL 40         : A=75 X=06 Y=1C SP=?? N=0 V=0 D=0 I=0 Z=0 C=0 : FWA 02-6C:A6AD1112:00:00 = +6.20916641E-07 : FWB 9B-01:C2A97834:00:?? = -4.46922012E-39
A691 : ROL 3F         : A=75 X=06 Y=1C SP=?? N=1 V=0 D=0 I=0 Z=0 C=0 : FWA 02-6C:A6AD1112:00:00 = +6.20916641E-07 : FWB 9B-01:C2A9F034:00:?? = -4.46926216E-39
A693 : ROL 3E         : A=75 X=06 Y=1C SP=?? N=0 V=0 D=0 I=0 Z=0 C=1 : FWA 02-6C:A6AD1112:00:00 = +6.20916641E-07 : FWB 9B-01:C252F034:00:?? = -4.46145973E-39
A695 : ROL A          : A=EB X=06 Y=1C SP=?? N=1 V=0 D=0 I=0 Z=0 C=0 : FWA 02-6C:A6AD1112:00:00 = +6.20916641E-07 : FWB 9B-01:C252F034:00:?? = -4.46145973E-39
A696 : DEX            : A=EB X=05 Y=1C SP=?? N=0 V=0 D=0 I=0 Z=0 C=0 : FWA 02-6C:A6AD1112:00:00 = +6.20916641E-07 : FWB 9B-01:C252F034:00:?? = -4.46145973E-39
A697 : BNE A65E       : A=EB X=05 Y=1C SP=?? N=0 V=0 D=0 I=0 Z=0 C=0 : FWA 02-6C:A6AD1112:00:00 = +6.20916641E-07 : FWB 9B-01:C252F034:00:?? = -4.46145973E-39
A65E : BCS A676       : A=EB X=05 Y=1C SP=?? N=0 V=0 D=0 I=0 Z=0 C=0 : FWA 02-6C:A6AD1112:00:00 = +6.20916641E-07 : FWB 9B-01:C252F034:00:?? = -4.46145973E-39
A660 : CMP 31         : A=EB X=05 Y=1C SP=?? N=0 V=0 D=0 I=0 Z=0 C=1 : FWA 02-6C:A6AD1112:00:00 = +6.20916641E-07 : FWB 9B-01:C252F034:00:?? = -4.46145973E-39
A662 : BNE A674       : A=EB X=05 Y=1C SP=?? N=0 V=0 D=0 I=0 Z=0 C=1 : FWA 02-6C:A6AD1112:00:00 = +6.20916641E-07 : FWB 9B-01:C252F034:00:?? = -4.46145973E-39
A674 : BCC A68D       : A=EB X=05 Y=1C SP=?? N=0 V=0 D=0 I=0 Z=0 C=1 : FWA 02-6C:A6AD1112:00:00 = +6.20916641E-07 : FWB 9B-01:C252F034:00:?? = -4.46145973E-39
A676 : TAY            : A=EB X=05 Y=EB SP=?? N=1 V=0 D=0 I=0 Z=0 C=1 : FWA 02-6C:A6AD1112:00:00 = +6.20916641E-07 : FWB 9B-01:C252F034:00:?? = -4.46145973E-39
A677 : LDA 40         : A=34 X=05 Y=EB SP=?? N=0 V=0 D=0 I=0 Z=0 C=1 : FWA 02-6C:A6AD1112:00:00 = +6.20916641E-07 : FWB 9B-01:C252F034:00:?? = -4.46145973E-39
A679 : SBC 34         : A=22 X=05 Y=EB SP=?? N=0 V=0 D=0 I=0 Z=0 C=1 : FWA 02-6C:A6AD1112:00:00 = +6.20916641E-07 : FWB 9B-01:C252F034:00:?? = -4.46145973E-39
A67B : STA 40         : A=22 X=05 Y=EB SP=?? N=0 V=0 D=0 I=0 Z=0 C=1 : FWA 02-6C:A6AD1112:00:00 = +6.20916641E-07 : FWB 9B-01:C252F022:00:?? = -4.46145970E-39
A67D : LDA 3F         : A=F0 X=05 Y=EB SP=?? N=1 V=0 D=0 I=0 Z=0 C=1 : FWA 02-6C:A6AD1112:00:00 = +6.20916641E-07 : FWB 9B-01:C252F022:00:?? = -4.46145970E-39
A67F : SBC 33         : A=DF X=05 Y=EB SP=?? N=1 V=0 D=0 I=0 Z=0 C=1 : FWA 02-6C:A6AD1112:00:00 = +6.20916641E-07 : FWB 9B-01:C252F022:00:?? = -4.46145970E-39
A681 : STA 3F         : A=DF X=05 Y=EB SP=?? N=1 V=0 D=0 I=0 Z=0 C=1 : FWA 02-6C:A6AD1112:00:00 = +6.20916641E-07 : FWB 9B-01:C252DF22:00:?? = -4.46145375E-39
A683 : LDA 3E         : A=52 X=05 Y=EB SP=?? N=0 V=0 D=0 I=0 Z=0 C=1 : FWA 02-6C:A6AD1112:00:00 = +6.20916641E-07 : FWB 9B-01:C252DF22:00:?? = -4.46145375E-39
A685 : SBC 32         : A=A5 X=05 Y=EB SP=?? N=1 V=1 D=0 I=0 Z=0 C=0 : FWA 02-6C:A6AD1112:00:00 = +6.20916641E-07 : FWB 9B-01:C252DF22:00:?? = -4.46145375E-39
A687 : STA 3E         : A=A5 X=05 Y=EB SP=?? N=1 V=1 D=0 I=0 Z=0 C=0 : FWA 02-6C:A6AD1112:00:00 = +6.20916641E-07 : FWB 9B-01:C2A5DF22:00:?? = -4.46889744E-39
A689 : TYA            : A=EB X=05 Y=EB SP=?? N=1 V=1 D=0 I=0 Z=0 C=0 : FWA 02-6C:A6AD1112:00:00 = +6.20916641E-07 : FWB 9B-01:C2A5DF22:00:?? = -4.46889744E-39
A68A : SBC 31         : A=44 X=05 Y=EB SP=?? N=0 V=0 D=0 I=0 Z=0 C=1 : FWA 02-6C:A6AD1112:00:00 = +6.20916641E-07 : FWB 9B-01:C2A5DF22:00:?? = -4.46889744E-39
A68C : SEC            : A=44 X=05 Y=EB SP=?? N=0 V=0 D=0 I=0 Z=0 C=1 : FWA 02-6C:A6AD1112:00:00 = +6.20916641E-07 : FWB 9B-01:C2A5DF22:00:?? = -4.46889744E-39
A68D : ROL 3B         : A=44 X=05 Y=EB SP=?? N=0 V=0 D=0 I=0 Z=0 C=1 : FWA 02-6C:A6AD1112:00:00 = +6.20916641E-07 : FWB 37-01:C2A5DF22:00:?? = +4.46889744E-39
A68F : ASL 40         : A=44 X=05 Y=EB SP=?? N=0 V=0 D=0 I=0 Z=0 C=0 : FWA 02-6C:A6AD1112:00:00 = +6.20916641E-07 : FWB 37-01:C2A5DF44:00:?? = +4.46889749E-39
A691 : ROL 3F         : A=44 X=05 Y=EB SP=?? N=1 V=0 D=0 I=0 Z=0 C=1 : FWA 02-6C:A6AD1112:00:00 = +6.20916641E-07 : FWB 37-01:C2A5BE44:00:?? = +4.46888593E-39
A693 : ROL 3E         : A=44 X=05 Y=EB SP=?? N=0 V=0 D=0 I=0 Z=0 C=1 : FWA 02-6C:A6AD1112:00:00 = +6.20916641E-07 : FWB 37-01:C24BBE44:00:?? = +4.46081445E-39
A695 : ROL A          : A=89 X=05 Y=EB SP=?? N=1 V=0 D=0 I=0 Z=0 C=0 : FWA 02-6C:A6AD1112:00:00 = +6.20916641E-07 : FWB 37-01:C24BBE44:00:?? = +4.46081445E-39
A696 : DEX            : A=89 X=04 Y=EB SP=?? N=0 V=0 D=0 I=0 Z=0 C=0 : FWA 02-6C:A6AD1112:00:00 = +6.20916641E-07 : FWB 37-01:C24BBE44:00:?? = +4.46081445E-39
A697 : BNE A65E       : A=89 X=04 Y=EB SP=?? N=0 V=0 D=0 I=0 Z=0 C=0 : FWA 02-6C:A6AD1112:00:00 = +6.20916641E-07 : FWB 37-01:C24BBE44:00:?? = +4.46081445E-39
A65E : BCS A676       : A=89 X=04 Y=EB SP=?? N=0 V=0 D=0 I=0 Z=0 C=0 : FWA 02-6C:A6AD1112:00:00 = +6.20916641E-07 : FWB 37-01:C24BBE44:00:?? = +4.46081445E-39
A660 : CMP 31         : A=89 X=04 Y=EB SP=?? N=1 V=0 D=0 I=0 Z=0 C=0 : FWA 02-6C:A6AD1112:00:00 = +6.20916641E-07 : FWB 37-01:C24BBE44:00:?? = +4.46081445E-39
A662 : BNE A674       : A=89 X=04 Y=EB SP=?? N=1 V=0 D=0 I=0 Z=0 C=0 : FWA 02-6C:A6AD1112:00:00 = +6.20916641E-07 : FWB 37-01:C24BBE44:00:?? = +4.46081445E-39
A674 : BCC A68D       : A=89 X=04 Y=EB SP=?? N=1 V=0 D=0 I=0 Z=0 C=0 : FWA 02-6C:A6AD1112:00:00 = +6.20916641E-07 : FWB 37-01:C24BBE44:00:?? = +4.46081445E-39
A68D : ROL 3B         : A=89 X=04 Y=EB SP=?? N=0 V=0 D=0 I=0 Z=0 C=0 : FWA 02-6C:A6AD1112:00:00 = +6.20916641E-07 : FWB 6E-01:C24BBE44:00:?? = +4.46081445E-39
A68F : ASL 40         : A=89 X=04 Y=EB SP=?? N=1 V=0 D=0 I=0 Z=0 C=0 : FWA 02-6C:A6AD1112:00:00 = +6.20916641E-07 : FWB 6E-01:C24BBE88:00:?? = +4.46081454E-39
A691 : ROL 3F         : A=89 X=04 Y=EB SP=?? N=0 V=0 D=0 I=0 Z=0 C=1 : FWA 02-6C:A6AD1112:00:00 = +6.20916641E-07 : FWB 6E-01:C24B7C88:00:?? = +4.46079142E-39
A693 : ROL 3E         : A=89 X=04 Y=EB SP=?? N=1 V=0 D=0 I=0 Z=0 C=0 : FWA 02-6C:A6AD1112:00:00 = +6.20916641E-07 : FWB 6E-01:C2977C88:00:?? = +4.46760734E-39
A695 : ROL A          : A=12 X=04 Y=EB SP=?? N=0 V=0 D=0 I=0 Z=0 C=1 : FWA 02-6C:A6AD1112:00:00 = +6.20916641E-07 : FWB 6E-01:C2977C88:00:?? = +4.46760734E-39
A696 : DEX            : A=12 X=03 Y=EB SP=?? N=0 V=0 D=0 I=0 Z=0 C=1 : FWA 02-6C:A6AD1112:00:00 = +6.20916641E-07 : FWB 6E-01:C2977C88:00:?? = +4.46760734E-39
A697 : BNE A65E       : A=12 X=03 Y=EB SP=?? N=0 V=0 D=0 I=0 Z=0 C=1 : FWA 02-6C:A6AD1112:00:00 = +6.20916641E-07 : FWB 6E-01:C2977C88:00:?? = +4.46760734E-39
A65E : BCS A676       : A=12 X=03 Y=EB SP=?? N=0 V=0 D=0 I=0 Z=0 C=1 : FWA 02-6C:A6AD1112:00:00 = +6.20916641E-07 : FWB 6E-01:C2977C88:00:?? = +4.46760734E-39
A676 : TAY            : A=12 X=03 Y=12 SP=?? N=0 V=0 D=0 I=0 Z=0 C=1 : FWA 02-6C:A6AD1112:00:00 = +6.20916641E-07 : FWB 6E-01:C2977C88:00:?? = +4.46760734E-39
A677 : LDA 40         : A=88 X=03 Y=12 SP=?? N=1 V=0 D=0 I=0 Z=0 C=1 : FWA 02-6C:A6AD1112:00:00 = +6.20916641E-07 : FWB 6E-01:C2977C88:00:?? = +4.46760734E-39
A679 : SBC 34         : A=76 X=03 Y=12 SP=?? N=0 V=1 D=0 I=0 Z=0 C=1 : FWA 02-6C:A6AD1112:00:00 = +6.20916641E-07 : FWB 6E-01:C2977C88:00:?? = +4.46760734E-39
A67B : STA 40         : A=76 X=03 Y=12 SP=?? N=0 V=1 D=0 I=0 Z=0 C=1 : FWA 02-6C:A6AD1112:00:00 = +6.20916641E-07 : FWB 6E-01:C2977C76:00:?? = +4.46760731E-39
A67D : LDA 3F         : A=7C X=03 Y=12 SP=?? N=0 V=1 D=0 I=0 Z=0 C=1 : FWA 02-6C:A6AD1112:00:00 = +6.20916641E-07 : FWB 6E-01:C2977C76:00:?? = +4.46760731E-39
A67F : SBC 33         : A=6B X=03 Y=12 SP=?? N=0 V=0 D=0 I=0 Z=0 C=1 : FWA 02-6C:A6AD1112:00:00 = +6.20916641E-07 : FWB 6E-01:C2977C76:00:?? = +4.46760731E-39
A681 : STA 3F         : A=6B X=03 Y=12 SP=?? N=0 V=0 D=0 I=0 Z=0 C=1 : FWA 02-6C:A6AD1112:00:00 = +6.20916641E-07 : FWB 6E-01:C2976B76:00:?? = +4.46760136E-39
A683 : LDA 3E         : A=97 X=03 Y=12 SP=?? N=1 V=0 D=0 I=0 Z=0 C=1 : FWA 02-6C:A6AD1112:00:00 = +6.20916641E-07 : FWB 6E-01:C2976B76:00:?? = +4.46760136E-39
A685 : SBC 32         : A=EA X=03 Y=12 SP=?? N=1 V=0 D=0 I=0 Z=0 C=0 : FWA 02-6C:A6AD1112:00:00 = +6.20916641E-07 : FWB 6E-01:C2976B76:00:?? = +4.46760136E-39
A687 : STA 3E         : A=EA X=03 Y=12 SP=?? N=1 V=0 D=0 I=0 Z=0 C=0 : FWA 02-6C:A6AD1112:00:00 = +6.20916641E-07 : FWB 6E-01:C2EA6B76:00:?? = +4.47504506E-39
A689 : TYA            : A=12 X=03 Y=12 SP=?? N=0 V=0 D=0 I=0 Z=0 C=0 : FWA 02-6C:A6AD1112:00:00 = +6.20916641E-07 : FWB 6E-01:C2EA6B76:00:?? = +4.47504506E-39
A68A : SBC 31         : A=6B X=03 Y=12 SP=?? N=0 V=0 D=0 I=0 Z=0 C=0 : FWA 02-6C:A6AD1112:00:00 = +6.20916641E-07 : FWB 6E-01:C2EA6B76:00:?? = +4.47504506E-39
A68C : SEC            : A=6B X=03 Y=12 SP=?? N=0 V=0 D=0 I=0 Z=0 C=1 : FWA 02-6C:A6AD1112:00:00 = +6.20916641E-07 : FWB 6E-01:C2EA6B76:00:?? = +4.47504506E-39
A68D : ROL 3B         : A=6B X=03 Y=12 SP=?? N=1 V=0 D=0 I=0 Z=0 C=0 : FWA 02-6C:A6AD1112:00:00 = +6.20916641E-07 : FWB DD-01:C2EA6B76:00:?? = -4.47504506E-39
A68F : ASL 40         : A=6B X=03 Y=12 SP=?? N=1 V=0 D=0 I=0 Z=0 C=0 : FWA 02-6C:A6AD1112:00:00 = +6.20916641E-07 : FWB DD-01:C2EA6BEC:00:?? = -4.47504522E-39
A691 : ROL 3F         : A=6B X=03 Y=12 SP=?? N=1 V=0 D=0 I=0 Z=0 C=0 : FWA 02-6C:A6AD1112:00:00 = +6.20916641E-07 : FWB DD-01:C2EAD6EC:00:?? = -4.47508270E-39
A693 : ROL 3E         : A=6B X=03 Y=12 SP=?? N=1 V=0 D=0 I=0 Z=0 C=1 : FWA 02-6C:A6AD1112:00:00 = +6.20916641E-07 : FWB DD-01:C2D4D6EC:00:?? = -4.47310967E-39
A695 : ROL A          : A=D7 X=03 Y=12 SP=?? N=1 V=0 D=0 I=0 Z=0 C=0 : FWA 02-6C:A6AD1112:00:00 = +6.20916641E-07 : FWB DD-01:C2D4D6EC:00:?? = -4.47310967E-39
A696 : DEX            : A=D7 X=02 Y=12 SP=?? N=0 V=0 D=0 I=0 Z=0 C=0 : FWA 02-6C:A6AD1112:00:00 = +6.20916641E-07 : FWB DD-01:C2D4D6EC:00:?? = -4.47310967E-39
A697 : BNE A65E       : A=D7 X=02 Y=12 SP=?? N=0 V=0 D=0 I=0 Z=0 C=0 : FWA 02-6C:A6AD1112:00:00 = +6.20916641E-07 : FWB DD-01:C2D4D6EC:00:?? = -4.47310967E-39
A65E : BCS A676       : A=D7 X=02 Y=12 SP=?? N=0 V=0 D=0 I=0 Z=0 C=0 : FWA 02-6C:A6AD1112:00:00 = +6.20916641E-07 : FWB DD-01:C2D4D6EC:00:?? = -4.47310967E-39
A660 : CMP 31         : A=D7 X=02 Y=12 SP=?? N=0 V=0 D=0 I=0 Z=0 C=1 : FWA 02-6C:A6AD1112:00:00 = +6.20916641E-07 : FWB DD-01:C2D4D6EC:00:?? = -4.47310967E-39
A662 : BNE A674       : A=D7 X=02 Y=12 SP=?? N=0 V=0 D=0 I=0 Z=0 C=1 : FWA 02-6C:A6AD1112:00:00 = +6.20916641E-07 : FWB DD-01:C2D4D6EC:00:?? = -4.47310967E-39
A674 : BCC A68D       : A=D7 X=02 Y=12 SP=?? N=0 V=0 D=0 I=0 Z=0 C=1 : FWA 02-6C:A6AD1112:00:00 = +6.20916641E-07 : FWB DD-01:C2D4D6EC:00:?? = -4.47310967E-39
A676 : TAY            : A=D7 X=02 Y=D7 SP=?? N=1 V=0 D=0 I=0 Z=0 C=1 : FWA 02-6C:A6AD1112:00:00 = +6.20916641E-07 : FWB DD-01:C2D4D6EC:00:?? = -4.47310967E-39
A677 : LDA 40         : A=EC X=02 Y=D7 SP=?? N=1 V=0 D=0 I=0 Z=0 C=1 : FWA 02-6C:A6AD1112:00:00 = +6.20916641E-07 : FWB DD-01:C2D4D6EC:00:?? = -4.47310967E-39
A679 : SBC 34         : A=DA X=02 Y=D7 SP=?? N=1 V=0 D=0 I=0 Z=0 C=1 : FWA 02-6C:A6AD1112:00:00 = +6.20916641E-07 : FWB DD-01:C2D4D6EC:00:?? = -4.47310967E-39
A67B : STA 40         : A=DA X=02 Y=D7 SP=?? N=1 V=0 D=0 I=0 Z=0 C=1 : FWA 02-6C:A6AD1112:00:00 = +6.20916641E-07 : FWB DD-01:C2D4D6DA:00:?? = -4.47310965E-39
A67D : LDA 3F         : A=D6 X=02 Y=D7 SP=?? N=1 V=0 D=0 I=0 Z=0 C=1 : FWA 02-6C:A6AD1112:00:00 = +6.20916641E-07 : FWB DD-01:C2D4D6DA:00:?? = -4.47310965E-39
A67F : SBC 33         : A=C5 X=02 Y=D7 SP=?? N=1 V=0 D=0 I=0 Z=0 C=1 : FWA 02-6C:A6AD1112:00:00 = +6.20916641E-07 : FWB DD-01:C2D4D6DA:00:?? = -4.47310965E-39
A681 : STA 3F         : A=C5 X=02 Y=D7 SP=?? N=1 V=0 D=0 I=0 Z=0 C=1 : FWA 02-6C:A6AD1112:00:00 = +6.20916641E-07 : FWB DD-01:C2D4C5DA:00:?? = -4.47310369E-39
A683 : LDA 3E         : A=D4 X=02 Y=D7 SP=?? N=1 V=0 D=0 I=0 Z=0 C=1 : FWA 02-6C:A6AD1112:00:00 = +6.20916641E-07 : FWB DD-01:C2D4C5DA:00:?? = -4.47310369E-39
A685 : SBC 32         : A=27 X=02 Y=D7 SP=?? N=0 V=0 D=0 I=0 Z=0 C=1 : FWA 02-6C:A6AD1112:00:00 = +6.20916641E-07 : FWB DD-01:C2D4C5DA:00:?? = -4.47310369E-39
A687 : STA 3E         : A=27 X=02 Y=D7 SP=?? N=0 V=0 D=0 I=0 Z=0 C=1 : FWA 02-6C:A6AD1112:00:00 = +6.20916641E-07 : FWB DD-01:C227C5DA:00:?? = -4.45758852E-39
A689 : TYA            : A=D7 X=02 Y=D7 SP=?? N=1 V=0 D=0 I=0 Z=0 C=1 : FWA 02-6C:A6AD1112:00:00 = +6.20916641E-07 : FWB DD-01:C227C5DA:00:?? = -4.45758852E-39
A68A : SBC 31         : A=31 X=02 Y=D7 SP=?? N=0 V=0 D=0 I=0 Z=0 C=1 : FWA 02-6C:A6AD1112:00:00 = +6.20916641E-07 : FWB DD-01:C227C5DA:00:?? = -4.45758852E-39
A68C : SEC            : A=31 X=02 Y=D7 SP=?? N=0 V=0 D=0 I=0 Z=0 C=1 : FWA 02-6C:A6AD1112:00:00 = +6.20916641E-07 : FWB DD-01:C227C5DA:00:?? = -4.45758852E-39
A68D : ROL 3B         : A=31 X=02 Y=D7 SP=?? N=1 V=0 D=0 I=0 Z=0 C=1 : FWA 02-6C:A6AD1112:00:00 = +6.20916641E-07 : FWB BB-01:C227C5DA:00:?? = -4.45758852E-39
A68F : ASL 40         : A=31 X=02 Y=D7 SP=?? N=1 V=0 D=0 I=0 Z=0 C=1 : FWA 02-6C:A6AD1112:00:00 = +6.20916641E-07 : FWB BB-01:C227C5B4:00:?? = -4.45758846E-39
A691 : ROL 3F         : A=31 X=02 Y=D7 SP=?? N=1 V=0 D=0 I=0 Z=0 C=1 : FWA 02-6C:A6AD1112:00:00 = +6.20916641E-07 : FWB BB-01:C2278BB4:00:?? = -4.45756815E-39
A693 : ROL 3E         : A=31 X=02 Y=D7 SP=?? N=0 V=0 D=0 I=0 Z=0 C=0 : FWA 02-6C:A6AD1112:00:00 = +6.20916641E-07 : FWB BB-01:C24F8BB4:00:?? = -4.46115547E-39
A695 : ROL A          : A=62 X=02 Y=D7 SP=?? N=0 V=0 D=0 I=0 Z=0 C=0 : FWA 02-6C:A6AD1112:00:00 = +6.20916641E-07 : FWB BB-01:C24F8BB4:00:?? = -4.46115547E-39
A696 : DEX            : A=62 X=01 Y=D7 SP=?? N=0 V=0 D=0 I=0 Z=0 C=0 : FWA 02-6C:A6AD1112:00:00 = +6.20916641E-07 : FWB BB-01:C24F8BB4:00:?? = -4.46115547E-39
A697 : BNE A65E       : A=62 X=01 Y=D7 SP=?? N=0 V=0 D=0 I=0 Z=0 C=0 : FWA 02-6C:A6AD1112:00:00 = +6.20916641E-07 : FWB BB-01:C24F8BB4:00:?? = -4.46115547E-39
A65E : BCS A676       : A=62 X=01 Y=D7 SP=?? N=0 V=0 D=0 I=0 Z=0 C=0 : FWA 02-6C:A6AD1112:00:00 = +6.20916641E-07 : FWB BB-01:C24F8BB4:00:?? = -4.46115547E-39
A660 : CMP 31         : A=62 X=01 Y=D7 SP=?? N=1 V=0 D=0 I=0 Z=0 C=0 : FWA 02-6C:A6AD1112:00:00 = +6.20916641E-07 : FWB BB-01:C24F8BB4:00:?? = -4.46115547E-39
A662 : BNE A674       : A=62 X=01 Y=D7 SP=?? N=1 V=0 D=0 I=0 Z=0 C=0 : FWA 02-6C:A6AD1112:00:00 = +6.20916641E-07 : FWB BB-01:C24F8BB4:00:?? = -4.46115547E-39
A674 : BCC A68D       : A=62 X=01 Y=D7 SP=?? N=1 V=0 D=0 I=0 Z=0 C=0 : FWA 02-6C:A6AD1112:00:00 = +6.20916641E-07 : FWB BB-01:C24F8BB4:00:?? = -4.46115547E-39
A68D : ROL 3B         : A=62 X=01 Y=D7 SP=?? N=0 V=0 D=0 I=0 Z=0 C=1 : FWA 02-6C:A6AD1112:00:00 = +6.20916641E-07 : FWB 76-01:C24F8BB4:00:?? = +4.46115547E-39
A68F : ASL 40         : A=62 X=01 Y=D7 SP=?? N=0 V=0 D=0 I=0 Z=0 C=1 : FWA 02-6C:A6AD1112:00:00 = +6.20916641E-07 : FWB 76-01:C24F8B68:00:?? = +4.46115537E-39
A691 : ROL 3F         : A=62 X=01 Y=D7 SP=?? N=0 V=0 D=0 I=0 Z=0 C=1 : FWA 02-6C:A6AD1112:00:00 = +6.20916641E-07 : FWB 76-01:C24F1768:00:?? = +4.46111473E-39
A693 : ROL 3E         : A=62 X=01 Y=D7 SP=?? N=1 V=0 D=0 I=0 Z=0 C=0 : FWA 02-6C:A6AD1112:00:00 = +6.20916641E-07 : FWB 76-01:C29F1768:00:?? = +4.46828938E-39
A695 : ROL A          : A=C4 X=01 Y=D7 SP=?? N=1 V=0 D=0 I=0 Z=0 C=0 : FWA 02-6C:A6AD1112:00:00 = +6.20916641E-07 : FWB 76-01:C29F1768:00:?? = +4.46828938E-39
A696 : DEX            : A=C4 X=00 Y=D7 SP=?? N=0 V=0 D=0 I=0 Z=1 C=0 : FWA 02-6C:A6AD1112:00:00 = +6.20916641E-07 : FWB 76-01:C29F1768:00:?? = +4.46828938E-39
A697 : BNE A65E       : A=C4 X=00 Y=D7 SP=?? N=0 V=0 D=0 I=0 Z=1 C=0 : FWA 02-6C:A6AD1112:00:00 = +6.20916641E-07 : FWB 76-01:C29F1768:00:?? = +4.46828938E-39
A699 : LDX 3B         : A=C4 X=76 Y=D7 SP=?? N=0 V=0 D=0 I=0 Z=0 C=0 : FWA 02-6C:A6AD1112:00:00 = +6.20916641E-07 : FWB 76-01:C29F1768:00:?? = +4.46828938E-39
A69B : PHX            : A=C4 X=76 Y=D7 SP=?? N=0 V=0 D=0 I=0 Z=0 C=0 : FWA 02-6C:A6AD1112:00:00 = +6.20916641E-07 : FWB 76-01:C29F1768:00:?? = +4.46828938E-39
A69C : DEC 3C         : A=C4 X=76 Y=D7 SP=?? N=0 V=0 D=0 I=0 Z=1 C=0 : FWA 02-6C:A6AD1112:00:00 = +6.20916641E-07 : FWB 76-00:C29F1768:00:?? = +2.23414469E-39
A69E : BNE A65C       : A=C4 X=76 Y=D7 SP=?? N=0 V=0 D=0 I=0 Z=1 C=0 : FWA 02-6C:A6AD1112:00:00 = +6.20916641E-07 : FWB 76-00:C29F1768:00:?? = +2.23414469E-39
A6A0 : PLX            : A=C4 X=76 Y=D7 SP=?? N=0 V=0 D=0 I=0 Z=0 C=0 : FWA 02-6C:A6AD1112:00:00 = +6.20916641E-07 : FWB 76-00:C29F1768:00:?? = +2.23414469E-39
A6A1 : ROR A          : A=62 X=76 Y=D7 SP=?? N=0 V=0 D=0 I=0 Z=0 C=0 : FWA 02-6C:A6AD1112:00:00 = +6.20916641E-07 : FWB 76-00:C29F1768:00:?? = +2.23414469E-39
A6A2 : LSR 31         : A=62 X=76 Y=D7 SP=?? N=0 V=0 D=0 I=0 Z=0 C=0 : FWA 02-6C:53AD1112:00:00 = +3.11717546E-07 : FWB 76-00:C29F1768:00:?? = +2.23414469E-39
A6A4 : STX 34         : A=62 X=76 Y=D7 SP=?? N=0 V=0 D=0 I=0 Z=0 C=0 : FWA 02-6C:53AD1176:00:00 = +3.11717569E-07 : FWB 76-00:C29F1768:00:?? = +2.23414469E-39
A6A6 : LDX #03        : A=62 X=03 Y=D7 SP=?? N=0 V=0 D=0 I=0 Z=0 C=0 : FWA 02-6C:53AD1176:00:00 = +3.11717569E-07 : FWB 76-00:C29F1768:00:?? = +2.23414469E-39
A6A8 : CMP 31         : A=62 X=03 Y=D7 SP=?? N=0 V=0 D=0 I=0 Z=0 C=1 : FWA 02-6C:53AD1176:00:00 = +3.11717569E-07 : FWB 76-00:C29F1768:00:?? = +2.23414469E-39
A6AA : BCC A6AE       : A=62 X=03 Y=D7 SP=?? N=0 V=0 D=0 I=0 Z=0 C=1 : FWA 02-6C:53AD1176:00:00 = +3.11717569E-07 : FWB 76-00:C29F1768:00:?? = +2.23414469E-39
A6AC : SBC 31         : A=0F X=03 Y=D7 SP=?? N=0 V=0 D=0 I=0 Z=0 C=1 : FWA 02-6C:53AD1176:00:00 = +3.11717569E-07 : FWB 76-00:C29F1768:00:?? = +2.23414469E-39
A6AE : PHP            : A=0F X=03 Y=D7 SP=?? N=0 V=0 D=0 I=0 Z=0 C=1 : FWA 02-6C:53AD1176:00:00 = +3.11717569E-07 : FWB 76-00:C29F1768:00:?? = +2.23414469E-39
A6AF : ASL A          : A=1E X=03 Y=D7 SP=?? N=0 V=0 D=0 I=0 Z=0 C=0 : FWA 02-6C:53AD1176:00:00 = +3.11717569E-07 : FWB 76-00:C29F1768:00:?? = +2.23414469E-39
A6B0 : DEX            : A=1E X=02 Y=D7 SP=?? N=0 V=0 D=0 I=0 Z=0 C=0 : FWA 02-6C:53AD1176:00:00 = +3.11717569E-07 : FWB 76-00:C29F1768:00:?? = +2.23414469E-39
A6B1 : BNE A6A8       : A=1E X=02 Y=D7 SP=?? N=0 V=0 D=0 I=0 Z=0 C=0 : FWA 02-6C:53AD1176:00:00 = +3.11717569E-07 : FWB 76-00:C29F1768:00:?? = +2.23414469E-39
A6A8 : CMP 31         : A=1E X=02 Y=D7 SP=?? N=1 V=0 D=0 I=0 Z=0 C=0 : FWA 02-6C:53AD1176:00:00 = +3.11717569E-07 : FWB 76-00:C29F1768:00:?? = +2.23414469E-39
A6AA : BCC A6AE       : A=1E X=02 Y=D7 SP=?? N=1 V=0 D=0 I=0 Z=0 C=0 : FWA 02-6C:53AD1176:00:00 = +3.11717569E-07 : FWB 76-00:C29F1768:00:?? = +2.23414469E-39
A6AE : PHP            : A=1E X=02 Y=D7 SP=?? N=1 V=0 D=0 I=0 Z=0 C=0 : FWA 02-6C:53AD1176:00:00 = +3.11717569E-07 : FWB 76-00:C29F1768:00:?? = +2.23414469E-39
A6AF : ASL A          : A=3C X=02 Y=D7 SP=?? N=0 V=0 D=0 I=0 Z=0 C=0 : FWA 02-6C:53AD1176:00:00 = +3.11717569E-07 : FWB 76-00:C29F1768:00:?? = +2.23414469E-39
A6B0 : DEX            : A=3C X=01 Y=D7 SP=?? N=0 V=0 D=0 I=0 Z=0 C=0 : FWA 02-6C:53AD1176:00:00 = +3.11717569E-07 : FWB 76-00:C29F1768:00:?? = +2.23414469E-39
A6B1 : BNE A6A8       : A=3C X=01 Y=D7 SP=?? N=0 V=0 D=0 I=0 Z=0 C=0 : FWA 02-6C:53AD1176:00:00 = +3.11717569E-07 : FWB 76-00:C29F1768:00:?? = +2.23414469E-39
A6A8 : CMP 31         : A=3C X=01 Y=D7 SP=?? N=1 V=0 D=0 I=0 Z=0 C=0 : FWA 02-6C:53AD1176:00:00 = +3.11717569E-07 : FWB 76-00:C29F1768:00:?? = +2.23414469E-39
A6AA : BCC A6AE       : A=3C X=01 Y=D7 SP=?? N=1 V=0 D=0 I=0 Z=0 C=0 : FWA 02-6C:53AD1176:00:00 = +3.11717569E-07 : FWB 76-00:C29F1768:00:?? = +2.23414469E-39
A6AE : PHP            : A=3C X=01 Y=D7 SP=?? N=1 V=0 D=0 I=0 Z=0 C=0 : FWA 02-6C:53AD1176:00:00 = +3.11717569E-07 : FWB 76-00:C29F1768:00:?? = +2.23414469E-39
A6AF : ASL A          : A=78 X=01 Y=D7 SP=?? N=0 V=0 D=0 I=0 Z=0 C=0 : FWA 02-6C:53AD1176:00:00 = +3.11717569E-07 : FWB 76-00:C29F1768:00:?? = +2.23414469E-39
A6B0 : DEX            : A=78 X=00 Y=D7 SP=?? N=0 V=0 D=0 I=0 Z=1 C=0 : FWA 02-6C:53AD1176:00:00 = +3.11717569E-07 : FWB 76-00:C29F1768:00:?? = +2.23414469E-39
A6B1 : BNE A6A8       : A=78 X=00 Y=D7 SP=?? N=0 V=0 D=0 I=0 Z=1 C=0 : FWA 02-6C:53AD1176:00:00 = +3.11717569E-07 : FWB 76-00:C29F1768:00:?? = +2.23414469E-39
A6B3 : PLP            : A=78 X=00 Y=D7 SP=?? N=1 V=0 D=0 I=0 Z=0 C=0 : FWA 02-6C:53AD1176:00:00 = +3.11717569E-07 : FWB 76-00:C29F1768:00:?? = +2.23414469E-39
A6B4 : ROR A          : A=3C X=00 Y=D7 SP=?? N=0 V=0 D=0 I=0 Z=0 C=0 : FWA 02-6C:53AD1176:00:00 = +3.11717569E-07 : FWB 76-00:C29F1768:00:?? = +2.23414469E-39
A6B5 : PLP            : A=3C X=00 Y=D7 SP=?? N=1 V=0 D=0 I=0 Z=0 C=0 : FWA 02-6C:53AD1176:00:00 = +3.11717569E-07 : FWB 76-00:C29F1768:00:?? = +2.23414469E-39
A6B6 : ROR A          : A=1E X=00 Y=D7 SP=?? N=0 V=0 D=0 I=0 Z=0 C=0 : FWA 02-6C:53AD1176:00:00 = +3.11717569E-07 : FWB 76-00:C29F1768:00:?? = +2.23414469E-39
A6B7 : PLP            : A=1E X=00 Y=D7 SP=?? N=0 V=0 D=0 I=0 Z=0 C=1 : FWA 02-6C:53AD1176:00:00 = +3.11717569E-07 : FWB 76-00:C29F1768:00:?? = +2.23414469E-39
A6B8 : ROR A          : A=8F X=00 Y=D7 SP=?? N=1 V=0 D=0 I=0 Z=0 C=0 : FWA 02-6C:53AD1176:00:00 = +3.11717569E-07 : FWB 76-00:C29F1768:00:?? = +2.23414469E-39
A6B9 : STA 35         : A=8F X=00 Y=D7 SP=?? N=1 V=0 D=0 I=0 Z=0 C=0 : FWA 02-6C:53AD1176:8F:00 = +3.11717569E-07 : FWB 76-00:C29F1768:00:?? = +2.23414469E-39
A6BB : PLA            : A=33 X=00 Y=D7 SP=?? N=0 V=0 D=0 I=0 Z=0 C=0 : FWA 02-6C:53AD1176:8F:00 = +3.11717569E-07 : FWB 76-00:C29F1768:00:?? = +2.23414469E-39
A6BC : STA 33         : A=33 X=00 Y=D7 SP=?? N=0 V=0 D=0 I=0 Z=0 C=0 : FWA 02-6C:53AD3376:8F:00 = +3.11719501E-07 : FWB 76-00:C29F1768:00:?? = +2.23414469E-39
A6BE : PLA            : A=32 X=00 Y=D7 SP=?? N=0 V=0 D=0 I=0 Z=0 C=0 : FWA 02-6C:53AD3376:8F:00 = +3.11719501E-07 : FWB 76-00:C29F1768:00:?? = +2.23414469E-39
A6BF : STA 32         : A=32 X=00 Y=D7 SP=?? N=0 V=0 D=0 I=0 Z=0 C=0 : FWA 02-6C:53323376:8F:00 = +3.09929616E-07 : FWB 76-00:C29F1768:00:?? = +2.23414469E-39
A6C1 : PLA            : A=95 X=00 Y=D7 SP=?? N=1 V=0 D=0 I=0 Z=0 C=0 : FWA 02-6C:53323376:8F:00 = +3.09929616E-07 : FWB 76-00:C29F1768:00:?? = +2.23414469E-39
A6C2 : STA 31         : A=95 X=00 Y=D7 SP=?? N=1 V=0 D=0 I=0 Z=0 C=0 : FWA 02-6C:95323376:8F:00 = +5.55798776E-07 : FWB 76-00:C29F1768:00:?? = +2.23414469E-39
A6C4 : BMI A712       : A=95 X=00 Y=D7 SP=?? N=1 V=0 D=0 I=0 Z=0 C=0 : FWA 02-6C:95323376:8F:00 = +5.55798776E-07 : FWB 76-00:C29F1768:00:?? = +2.23414469E-39
A712 : LDA 35         : A=8F X=00 Y=D7 SP=?? N=1 V=0 D=0 I=0 Z=0 C=0 : FWA 02-6C:95323376:8F:00 = +5.55798776E-07 : FWB 76-00:C29F1768:00:?? = +2.23414469E-39
A714 : BPL A725       : A=8F X=00 Y=D7 SP=?? N=1 V=0 D=0 I=0 Z=0 C=0 : FWA 02-6C:95323376:8F:00 = +5.55798776E-07 : FWB 76-00:C29F1768:00:?? = +2.23414469E-39
A716 : ASL A          : A=1E X=00 Y=D7 SP=?? N=0 V=0 D=0 I=0 Z=0 C=1 : FWA 02-6C:95323376:8F:00 = +5.55798776E-07 : FWB 76-00:C29F1768:00:?? = +2.23414469E-39
A717 : BNE A71E       : A=1E X=00 Y=D7 SP=?? N=0 V=0 D=0 I=0 Z=0 C=1 : FWA 02-6C:95323376:8F:00 = +5.55798776E-07 : FWB 76-00:C29F1768:00:?? = +2.23414469E-39
A71E : INC 34         : A=1E X=00 Y=D7 SP=?? N=0 V=0 D=0 I=0 Z=0 C=1 : FWA 02-6C:95323377:8F:00 = +5.55798776E-07 : FWB 76-00:C29F1768:00:?? = +2.23414469E-39
A720 : BNE A725       : A=1E X=00 Y=D7 SP=?? N=0 V=0 D=0 I=0 Z=0 C=1 : FWA 02-6C:95323377:8F:00 = +5.55798776E-07 : FWB 76-00:C29F1768:00:?? = +2.23414469E-39
A725 : LDA 2F         : A=00 X=00 Y=D7 SP=?? N=0 V=0 D=0 I=0 Z=1 C=1 : FWA 02-6C:95323377:8F:00 = +5.55798776E-07 : FWB 76-00:C29F1768:00:?? = +2.23414469E-39
A727 : BEQ A739       : A=00 X=00 Y=D7 SP=?? N=0 V=0 D=0 I=0 Z=1 C=1 : FWA 02-6C:95323377:8F:00 = +5.55798776E-07 : FWB 76-00:C29F1768:00:?? = +2.23414469E-39
A739 : STZ 35         : A=00 X=00 Y=D7 SP=?? N=0 V=0 D=0 I=0 Z=1 C=1 : FWA 02-6C:95323377:00:00 = +5.55798776E-07 : FWB 76-00:C29F1768:00:?? = +2.23414469E-39
A73B : LDA #FF        : A=FF X=00 Y=D7 SP=?? N=1 V=0 D=0 I=0 Z=0 C=1 : FWA 02-6C:95323377:00:00 = +5.55798776E-07 : FWB 76-00:C29F1768:00:?? = +2.23414469E-39
A73D : RTS            : A=FF X=00 Y=D7 SP=?? N=1 V=0 D=0 I=0 Z=0 C=1 : FWA 02-6C:95323377:00:00 = +5.55798776E-07 : FWB 76-00:C29F1768:00:?? = +2.23414469E-39
A8FE : JMP A70A       : A=FF X=00 Y=D7 SP=?? N=1 V=0 D=0 I=0 Z=0 C=1 : FWA 02-6C:95323377:00:00 = +5.55798776E-07 : FWB 76-00:C29F1768:00:?? = +2.23414469E-39
A70A : JSR A514       : A=FF X=00 Y=D7 SP=?? N=1 V=0 D=0 I=0 Z=0 C=1 : FWA 02-6C:95323377:00:00 = +5.55798776E-07 : FWB 76-00:C29F1768:00:?? = +2.23414469E-39
A514 : STZ 41         : A=FF X=00 Y=D7 SP=?? N=1 V=0 D=0 I=0 Z=0 C=1 : FWA 02-6C:95323377:00:00 = +5.55798776E-07 : FWB 76-00:C29F1768:00:?? = +2.23414469E-39
A516 : LDY #04        : A=FF X=00 Y=04 SP=?? N=0 V=0 D=0 I=0 Z=0 C=1 : FWA 02-6C:95323377:00:00 = +5.55798776E-07 : FWB 76-00:C29F1768:00:?? = +2.23414469E-39
A518 : LDA (4A),Y     : A=7D X=00 Y=04 SP=?? N=0 V=0 D=0 I=0 Z=0 C=1 : FWA 02-6C:95323377:00:00 = +5.55798776E-07 : FWB 76-00:C29F1768:00:?? = +2.23414469E-39
A51A : STA 40         : A=7D X=00 Y=04 SP=?? N=0 V=0 D=0 I=0 Z=0 C=1 : FWA 02-6C:95323377:00:00 = +5.55798776E-07 : FWB 76-00:C29F177D:00:?? = +2.23414470E-39
A51C : DEY            : A=7D X=00 Y=03 SP=?? N=0 V=0 D=0 I=0 Z=0 C=1 : FWA 02-6C:95323377:00:00 = +5.55798776E-07 : FWB 76-00:C29F177D:00:?? = +2.23414470E-39
A51D : LDA (4A),Y     : A=D4 X=00 Y=03 SP=?? N=1 V=0 D=0 I=0 Z=0 C=1 : FWA 02-6C:95323377:00:00 = +5.55798776E-07 : FWB 76-00:C29F177D:00:?? = +2.23414470E-39
A51F : STA 3F         : A=D4 X=00 Y=03 SP=?? N=1 V=0 D=0 I=0 Z=0 C=1 : FWA 02-6C:95323377:00:00 = +5.55798776E-07 : FWB 76-00:C29FD47D:00:?? = +2.23417781E-39
A521 : DEY            : A=D4 X=00 Y=02 SP=?? N=0 V=0 D=0 I=0 Z=0 C=1 : FWA 02-6C:95323377:00:00 = +5.55798776E-07 : FWB 76-00:C29FD47D:00:?? = +2.23417781E-39
A522 : LDA (4A),Y     : A=46 X=00 Y=02 SP=?? N=0 V=0 D=0 I=0 Z=0 C=1 : FWA 02-6C:95323377:00:00 = +5.55798776E-07 : FWB 76-00:C29FD47D:00:?? = +2.23417781E-39
A524 : STA 3E         : A=46 X=00 Y=02 SP=?? N=0 V=0 D=0 I=0 Z=0 C=1 : FWA 02-6C:95323377:00:00 = +5.55798776E-07 : FWB 76-00:C246D47D:00:?? = +2.23018691E-39
A526 : DEY            : A=46 X=00 Y=01 SP=?? N=0 V=0 D=0 I=0 Z=0 C=1 : FWA 02-6C:95323377:00:00 = +5.55798776E-07 : FWB 76-00:C246D47D:00:?? = +2.23018691E-39
A527 : LDA (4A),Y     : A=42 X=00 Y=01 SP=?? N=0 V=0 D=0 I=0 Z=0 C=1 : FWA 02-6C:95323377:00:00 = +5.55798776E-07 : FWB 76-00:C246D47D:00:?? = +2.23018691E-39
A529 : STA 3B         : A=42 X=00 Y=01 SP=?? N=0 V=0 D=0 I=0 Z=0 C=1 : FWA 02-6C:95323377:00:00 = +5.55798776E-07 : FWB 42-00:C246D47D:00:?? = +2.23018691E-39
A52B : TAY            : A=42 X=00 Y=42 SP=?? N=0 V=0 D=0 I=0 Z=0 C=1 : FWA 02-6C:95323377:00:00 = +5.55798776E-07 : FWB 42-00:C246D47D:00:?? = +2.23018691E-39
A52C : LDA (4A)       : A=7A X=00 Y=42 SP=?? N=0 V=0 D=0 I=0 Z=0 C=1 : FWA 02-6C:95323377:00:00 = +5.55798776E-07 : FWB 42-00:C246D47D:00:?? = +2.23018691E-39
A52E : STA 3C         : A=7A X=00 Y=42 SP=?? N=0 V=0 D=0 I=0 Z=0 C=1 : FWA 02-6C:95323377:00:00 = +5.55798776E-07 : FWB 42-7A:C246D47D:00:?? = +1.18577075E-02
A530 : BNE A53B       : A=7A X=00 Y=42 SP=?? N=0 V=0 D=0 I=0 Z=0 C=1 : FWA 02-6C:95323377:00:00 = +5.55798776E-07 : FWB 42-7A:C246D47D:00:?? = +1.18577075E-02
A53B : TYA            : A=42 X=00 Y=42 SP=?? N=0 V=0 D=0 I=0 Z=0 C=1 : FWA 02-6C:95323377:00:00 = +5.55798776E-07 : FWB 42-7A:C246D47D:00:?? = +1.18577075E-02
A53C : ORA #80        : A=C2 X=00 Y=42 SP=?? N=1 V=0 D=0 I=0 Z=0 C=1 : FWA 02-6C:95323377:00:00 = +5.55798776E-07 : FWB 42-7A:C246D47D:00:?? = +1.18577075E-02
A53E : STA 3D         : A=C2 X=00 Y=42 SP=?? N=1 V=0 D=0 I=0 Z=0 C=1 : FWA 02-6C:95323377:00:00 = +5.55798776E-07 : FWB 42-7A:C246D47D:00:?? = +1.18577075E-02
A540 : RTS            : A=C2 X=00 Y=42 SP=?? N=1 V=0 D=0 I=0 Z=0 C=1 : FWA 02-6C:95323377:00:00 = +5.55798776E-07 : FWB 42-7A:C246D47D:00:?? = +1.18577075E-02
A70D : BEQ A73B       : A=C2 X=00 Y=42 SP=?? N=1 V=0 D=0 I=0 Z=0 C=1 : FWA 02-6C:95323377:00:00 = +5.55798776E-07 : FWB 42-7A:C246D47D:00:?? = +1.18577075E-02
A70F : JSR 8429       : A=C2 X=00 Y=42 SP=?? N=1 V=0 D=0 I=0 Z=0 C=1 : FWA 02-6C:95323377:00:00 = +5.55798776E-07 : FWB 42-7A:C246D47D:00:?? = +1.18577075E-02
8429 : LDA 31         : A=95 X=00 Y=42 SP=?? N=1 V=0 D=0 I=0 Z=0 C=1 : FWA 02-6C:95323377:00:00 = +5.55798776E-07 : FWB 42-7A:C246D47D:00:?? = +1.18577075E-02
842B : BEQ 840A       : A=95 X=00 Y=42 SP=?? N=1 V=0 D=0 I=0 Z=0 C=1 : FWA 02-6C:95323377:00:00 = +5.55798776E-07 : FWB 42-7A:C246D47D:00:?? = +1.18577075E-02
842D : SEC            : A=95 X=00 Y=42 SP=?? N=1 V=0 D=0 I=0 Z=0 C=1 : FWA 02-6C:95323377:00:00 = +5.55798776E-07 : FWB 42-7A:C246D47D:00:?? = +1.18577075E-02
842E : LDA 30         : A=6C X=00 Y=42 SP=?? N=0 V=0 D=0 I=0 Z=0 C=1 : FWA 02-6C:95323377:00:00 = +5.55798776E-07 : FWB 42-7A:C246D47D:00:?? = +1.18577075E-02
8430 : SBC 3C         : A=F2 X=00 Y=42 SP=?? N=1 V=0 D=0 I=0 Z=0 C=0 : FWA 02-6C:95323377:00:00 = +5.55798776E-07 : FWB 42-7A:C246D47D:00:?? = +1.18577075E-02
8432 : BEQ 84A3       : A=F2 X=00 Y=42 SP=?? N=1 V=0 D=0 I=0 Z=0 C=0 : FWA 02-6C:95323377:00:00 = +5.55798776E-07 : FWB 42-7A:C246D47D:00:?? = +1.18577075E-02
8434 : BCC 846A       : A=F2 X=00 Y=42 SP=?? N=1 V=0 D=0 I=0 Z=0 C=0 : FWA 02-6C:95323377:00:00 = +5.55798776E-07 : FWB 42-7A:C246D47D:00:?? = +1.18577075E-02
846A : EOR #FF        : A=0D X=00 Y=42 SP=?? N=0 V=0 D=0 I=0 Z=0 C=0 : FWA 02-6C:95323377:00:00 = +5.55798776E-07 : FWB 42-7A:C246D47D:00:?? = +1.18577075E-02
846C : INC A          : A=0E X=00 Y=42 SP=?? N=0 V=0 D=0 I=0 Z=0 C=0 : FWA 02-6C:95323377:00:00 = +5.55798776E-07 : FWB 42-7A:C246D47D:00:?? = +1.18577075E-02
846D : CMP #25        : A=0E X=00 Y=42 SP=?? N=1 V=0 D=0 I=0 Z=0 C=0 : FWA 02-6C:95323377:00:00 = +5.55798776E-07 : FWB 42-7A:C246D47D:00:?? = +1.18577075E-02
846F : BCS 840A       : A=0E X=00 Y=42 SP=?? N=1 V=0 D=0 I=0 Z=0 C=0 : FWA 02-6C:95323377:00:00 = +5.55798776E-07 : FWB 42-7A:C246D47D:00:?? = +1.18577075E-02
8471 : LDY 3C         : A=0E X=00 Y=7A SP=?? N=0 V=0 D=0 I=0 Z=0 C=0 : FWA 02-6C:95323377:00:00 = +5.55798776E-07 : FWB 42-7A:C246D47D:00:?? = +1.18577075E-02
8473 : STY 30         : A=0E X=00 Y=7A SP=?? N=0 V=0 D=0 I=0 Z=0 C=0 : FWA 02-7A:95323377:00:00 = +9.10620714E-03 : FWB 42-7A:C246D47D:00:?? = +1.18577075E-02
8475 : TAY            : A=0E X=00 Y=0E SP=?? N=0 V=0 D=0 I=0 Z=0 C=0 : FWA 02-7A:95323377:00:00 = +9.10620714E-03 : FWB 42-7A:C246D47D:00:?? = +1.18577075E-02
8476 : AND #38        : A=08 X=00 Y=0E SP=?? N=0 V=0 D=0 I=0 Z=0 C=0 : FWA 02-7A:95323377:00:00 = +9.10620714E-03 : FWB 42-7A:C246D47D:00:?? = +1.18577075E-02
8478 : BEQ 8491       : A=08 X=00 Y=0E SP=?? N=0 V=0 D=0 I=0 Z=0 C=0 : FWA 02-7A:95323377:00:00 = +9.10620714E-03 : FWB 42-7A:C246D47D:00:?? = +1.18577075E-02
847A : SEC            : A=08 X=00 Y=0E SP=?? N=0 V=0 D=0 I=0 Z=0 C=1 : FWA 02-7A:95323377:00:00 = +9.10620714E-03 : FWB 42-7A:C246D47D:00:?? = +1.18577075E-02
847B : LDX 34         : A=08 X=77 Y=0E SP=?? N=0 V=0 D=0 I=0 Z=0 C=1 : FWA 02-7A:95323377:00:00 = +9.10620714E-03 : FWB 42-7A:C246D47D:00:?? = +1.18577075E-02
847D : STX 35         : A=08 X=77 Y=0E SP=?? N=0 V=0 D=0 I=0 Z=0 C=1 : FWA 02-7A:95323377:77:00 = +9.10620714E-03 : FWB 42-7A:C246D47D:00:?? = +1.18577075E-02
847F : LDX 33         : A=08 X=33 Y=0E SP=?? N=0 V=0 D=0 I=0 Z=0 C=1 : FWA 02-7A:95323377:77:00 = +9.10620714E-03 : FWB 42-7A:C246D47D:00:?? = +1.18577075E-02
8481 : STX 34         : A=08 X=33 Y=0E SP=?? N=0 V=0 D=0 I=0 Z=0 C=1 : FWA 02-7A:95323333:77:00 = +9.10620689E-03 : FWB 42-7A:C246D47D:00:?? = +1.18577075E-02
8483 : LDX 32         : A=08 X=32 Y=0E SP=?? N=0 V=0 D=0 I=0 Z=0 C=1 : FWA 02-7A:95323333:77:00 = +9.10620689E-03 : FWB 42-7A:C246D47D:00:?? = +1.18577075E-02
8485 : STX 33         : A=08 X=32 Y=0E SP=?? N=0 V=0 D=0 I=0 Z=0 C=1 : FWA 02-7A:95323233:77:00 = +9.10620596E-03 : FWB 42-7A:C246D47D:00:?? = +1.18577075E-02
8487 : LDX 31         : A=08 X=95 Y=0E SP=?? N=1 V=0 D=0 I=0 Z=0 C=1 : FWA 02-7A:95323233:77:00 = +9.10620596E-03 : FWB 42-7A:C246D47D:00:?? = +1.18577075E-02
8489 : STX 32         : A=08 X=95 Y=0E SP=?? N=1 V=0 D=0 I=0 Z=0 C=1 : FWA 02-7A:95953233:77:00 = +9.12980940E-03 : FWB 42-7A:C246D47D:00:?? = +1.18577075E-02
848B : STZ 31         : A=08 X=95 Y=0E SP=?? N=1 V=0 D=0 I=0 Z=0 C=1 : FWA 02-7A:00953233:77:00 = +3.55711216E-05 : FWB 42-7A:C246D47D:00:?? = +1.18577075E-02
848D : SBC #08        : A=00 X=95 Y=0E SP=?? N=0 V=0 D=0 I=0 Z=1 C=1 : FWA 02-7A:00953233:77:00 = +3.55711216E-05 : FWB 42-7A:C246D47D:00:?? = +1.18577075E-02
848F : BNE 847B       : A=00 X=95 Y=0E SP=?? N=0 V=0 D=0 I=0 Z=1 C=1 : FWA 02-7A:00953233:77:00 = +3.55711216E-05 : FWB 42-7A:C246D47D:00:?? = +1.18577075E-02
8491 : TYA            : A=0E X=95 Y=0E SP=?? N=0 V=0 D=0 I=0 Z=0 C=1 : FWA 02-7A:00953233:77:00 = +3.55711216E-05 : FWB 42-7A:C246D47D:00:?? = +1.18577075E-02
8492 : AND #07        : A=06 X=95 Y=0E SP=?? N=0 V=0 D=0 I=0 Z=0 C=1 : FWA 02-7A:00953233:77:00 = +3.55711216E-05 : FWB 42-7A:C246D47D:00:?? = +1.18577075E-02
8494 : BEQ 84A3       : A=06 X=95 Y=0E SP=?? N=0 V=0 D=0 I=0 Z=0 C=1 : FWA 02-7A:00953233:77:00 = +3.55711216E-05 : FWB 42-7A:C246D47D:00:?? = +1.18577075E-02
8496 : LSR 31         : A=06 X=95 Y=0E SP=?? N=0 V=0 D=0 I=0 Z=1 C=0 : FWA 02-7A:00953233:77:00 = +3.55711216E-05 : FWB 42-7A:C246D47D:00:?? = +1.18577075E-02
8498 : ROR 32         : A=06 X=95 Y=0E SP=?? N=0 V=0 D=0 I=0 Z=0 C=1 : FWA 02-7A:004A3233:77:00 = +1.76897282E-05 : FWB 42-7A:C246D47D:00:?? = +1.18577075E-02
849A : ROR 33         : A=06 X=95 Y=0E SP=?? N=1 V=0 D=0 I=0 Z=0 C=0 : FWA 02-7A:004A9933:77:00 = +1.77856544E-05 : FWB 42-7A:C246D47D:00:?? = +1.18577075E-02
849C : ROR 34         : A=06 X=95 Y=0E SP=?? N=0 V=0 D=0 I=0 Z=0 C=1 : FWA 02-7A:004A9919:77:00 = +1.77855598E-05 : FWB 42-7A:C246D47D:00:?? = +1.18577075E-02
849E : ROR 35         : A=06 X=95 Y=0E SP=?? N=1 V=0 D=0 I=0 Z=0 C=1 : FWA 02-7A:004A9919:BB:00 = +1.77855608E-05 : FWB 42-7A:C246D47D:00:?? = +1.18577075E-02
84A0 : DEC A          : A=05 X=95 Y=0E SP=?? N=0 V=0 D=0 I=0 Z=0 C=1 : FWA 02-7A:004A9919:BB:00 = +1.77855608E-05 : FWB 42-7A:C246D47D:00:?? = +1.18577075E-02
84A1 : BNE 8496       : A=05 X=95 Y=0E SP=?? N=0 V=0 D=0 I=0 Z=0 C=1 : FWA 02-7A:004A9919:BB:00 = +1.77855608E-05 : FWB 42-7A:C246D47D:00:?? = +1.18577075E-02
8496 : LSR 31         : A=05 X=95 Y=0E SP=?? N=0 V=0 D=0 I=0 Z=1 C=0 : FWA 02-7A:004A9919:BB:00 = +1.77855608E-05 : FWB 42-7A:C246D47D:00:?? = +1.18577075E-02
8498 : ROR 32         : A=05 X=95 Y=0E SP=?? N=0 V=0 D=0 I=0 Z=0 C=0 : FWA 02-7A:00259919:BB:00 = +8.96407339E-06 : FWB 42-7A:C246D47D:00:?? = +1.18577075E-02
849A : ROR 33         : A=05 X=95 Y=0E SP=?? N=0 V=0 D=0 I=0 Z=0 C=1 : FWA 02-7A:00254C19:BB:00 = +8.89236155E-06 : FWB 42-7A:C246D47D:00:?? = +1.18577075E-02
849C : ROR 34         : A=05 X=95 Y=0E SP=?? N=1 V=0 D=0 I=0 Z=0 C=1 : FWA 02-7A:00254C8C:BB:00 = +8.89277992E-06 : FWB 42-7A:C246D47D:00:?? = +1.18577075E-02
849E : ROR 35         : A=05 X=95 Y=0E SP=?? N=1 V=0 D=0 I=0 Z=0 C=1 : FWA 02-7A:00254C8C:DD:00 = +8.89278040E-06 : FWB 42-7A:C246D47D:00:?? = +1.18577075E-02
84A0 : DEC A          : A=04 X=95 Y=0E SP=?? N=0 V=0 D=0 I=0 Z=0 C=1 : FWA 02-7A:00254C8C:DD:00 = +8.89278040E-06 : FWB 42-7A:C246D47D:00:?? = +1.18577075E-02
84A1 : BNE 8496       : A=04 X=95 Y=0E SP=?? N=0 V=0 D=0 I=0 Z=0 C=1 : FWA 02-7A:00254C8C:DD:00 = +8.89278040E-06 : FWB 42-7A:C246D47D:00:?? = +1.18577075E-02
8496 : LSR 31         : A=04 X=95 Y=0E SP=?? N=0 V=0 D=0 I=0 Z=1 C=0 : FWA 02-7A:00254C8C:DD:00 = +8.89278040E-06 : FWB 42-7A:C246D47D:00:?? = +1.18577075E-02
8498 : ROR 32         : A=04 X=95 Y=0E SP=?? N=0 V=0 D=0 I=0 Z=0 C=1 : FWA 02-7A:00124C8C:DD:00 = +4.36282740E-06 : FWB 42-7A:C246D47D:00:?? = +1.18577075E-02
849A : ROR 33         : A=04 X=95 Y=0E SP=?? N=1 V=0 D=0 I=0 Z=0 C=0 : FWA 02-7A:0012A68C:DD:00 = +4.44664643E-06 : FWB 42-7A:C246D47D:00:?? = +1.18577075E-02
849C : ROR 34         : A=04 X=95 Y=0E SP=?? N=0 V=0 D=0 I=0 Z=0 C=0 : FWA 02-7A:0012A646:DD:00 = +4.44639177E-06 : FWB 42-7A:C246D47D:00:?? = +1.18577075E-02
849E : ROR 35         : A=04 X=95 Y=0E SP=?? N=0 V=0 D=0 I=0 Z=0 C=1 : FWA 02-7A:0012A646:6E:00 = +4.44639019E-06 : FWB 42-7A:C246D47D:00:?? = +1.18577075E-02
84A0 : DEC A          : A=03 X=95 Y=0E SP=?? N=0 V=0 D=0 I=0 Z=0 C=1 : FWA 02-7A:0012A646:6E:00 = +4.44639019E-06 : FWB 42-7A:C246D47D:00:?? = +1.18577075E-02
84A1 : BNE 8496       : A=03 X=95 Y=0E SP=?? N=0 V=0 D=0 I=0 Z=0 C=1 : FWA 02-7A:0012A646:6E:00 = +4.44639019E-06 : FWB 42-7A:C246D47D:00:?? = +1.18577075E-02
8496 : LSR 31         : A=03 X=95 Y=0E SP=?? N=0 V=0 D=0 I=0 Z=1 C=0 : FWA 02-7A:0012A646:6E:00 = +4.44639019E-06 : FWB 42-7A:C246D47D:00:?? = +1.18577075E-02
8498 : ROR 32         : A=03 X=95 Y=0E SP=?? N=0 V=0 D=0 I=0 Z=0 C=0 : FWA 02-7A:0009A646:6E:00 = +2.30062298E-06 : FWB 42-7A:C246D47D:00:?? = +1.18577075E-02
849A : ROR 33         : A=03 X=95 Y=0E SP=?? N=0 V=0 D=0 I=0 Z=0 C=0 : FWA 02-7A:00095346:6E:00 = +2.22332321E-06 : FWB 42-7A:C246D47D:00:?? = +1.18577075E-02
849C : ROR 34         : A=03 X=95 Y=0E SP=?? N=0 V=0 D=0 I=0 Z=0 C=0 : FWA 02-7A:00095323:6E:00 = +2.22319588E-06 : FWB 42-7A:C246D47D:00:?? = +1.18577075E-02
849E : ROR 35         : A=03 X=95 Y=0E SP=?? N=0 V=0 D=0 I=0 Z=0 C=0 : FWA 02-7A:00095323:37:00 = +2.22319510E-06 : FWB 42-7A:C246D47D:00:?? = +1.18577075E-02
84A0 : DEC A          : A=02 X=95 Y=0E SP=?? N=0 V=0 D=0 I=0 Z=0 C=0 : FWA 02-7A:00095323:37:00 = +2.22319510E-06 : FWB 42-7A:C246D47D:00:?? = +1.18577075E-02
84A1 : BNE 8496       : A=02 X=95 Y=0E SP=?? N=0 V=0 D=0 I=0 Z=0 C=0 : FWA 02-7A:00095323:37:00 = +2.22319510E-06 : FWB 42-7A:C246D47D:00:?? = +1.18577075E-02
8496 : LSR 31         : A=02 X=95 Y=0E SP=?? N=0 V=0 D=0 I=0 Z=1 C=0 : FWA 02-7A:00095323:37:00 = +2.22319510E-06 : FWB 42-7A:C246D47D:00:?? = +1.18577075E-02
8498 : ROR 32         : A=02 X=95 Y=0E SP=?? N=0 V=0 D=0 I=0 Z=0 C=1 : FWA 02-7A:00045323:37:00 = +1.03110220E-06 : FWB 42-7A:C246D47D:00:?? = +1.18577075E-02
849A : ROR 33         : A=02 X=95 Y=0E SP=?? N=1 V=0 D=0 I=0 Z=0 C=1 : FWA 02-7A:0004A923:37:00 = +1.11119594E-06 : FWB 42-7A:C246D47D:00:?? = +1.18577075E-02
849C : ROR 34         : A=02 X=95 Y=0E SP=?? N=1 V=0 D=0 I=0 Z=0 C=1 : FWA 02-7A:0004A991:37:00 = +1.11159612E-06 : FWB 42-7A:C246D47D:00:?? = +1.18577075E-02
849E : ROR 35         : A=02 X=95 Y=0E SP=?? N=1 V=0 D=0 I=0 Z=0 C=1 : FWA 02-7A:0004A991:9B:00 = +1.11159754E-06 : FWB 42-7A:C246D47D:00:?? = +1.18577075E-02
84A0 : DEC A          : A=01 X=95 Y=0E SP=?? N=0 V=0 D=0 I=0 Z=0 C=1 : FWA 02-7A:0004A991:9B:00 = +1.11159754E-06 : FWB 42-7A:C246D47D:00:?? = +1.18577075E-02
84A1 : BNE 8496       : A=01 X=95 Y=0E SP=?? N=0 V=0 D=0 I=0 Z=0 C=1 : FWA 02-7A:0004A991:9B:00 = +1.11159754E-06 : FWB 42-7A:C246D47D:00:?? = +1.18577075E-02
8496 : LSR 31         : A=01 X=95 Y=0E SP=?? N=0 V=0 D=0 I=0 Z=1 C=0 : FWA 02-7A:0004A991:9B:00 = +1.11159754E-06 : FWB 42-7A:C246D47D:00:?? = +1.18577075E-02
8498 : ROR 32         : A=01 X=95 Y=0E SP=?? N=0 V=0 D=0 I=0 Z=0 C=0 : FWA 02-7A:0002A991:9B:00 = +6.34760383E-07 : FWB 42-7A:C246D47D:00:?? = +1.18577075E-02
849A : ROR 33         : A=01 X=95 Y=0E SP=?? N=0 V=0 D=0 I=0 Z=0 C=1 : FWA 02-7A:00025491:9B:00 = +5.55597964E-07 : FWB 42-7A:C246D47D:00:?? = +1.18577075E-02
849C : ROR 34         : A=01 X=95 Y=0E SP=?? N=1 V=0 D=0 I=0 Z=0 C=1 : FWA 02-7A:000254C8:9B:00 = +5.55798053E-07 : FWB 42-7A:C246D47D:00:?? = +1.18577075E-02
849E : ROR 35         : A=01 X=95 Y=0E SP=?? N=1 V=0 D=0 I=0 Z=0 C=1 : FWA 02-7A:000254C8:CD:00 = +5.55798763E-07 : FWB 42-7A:C246D47D:00:?? = +1.18577075E-02
84A0 : DEC A          : A=00 X=95 Y=0E SP=?? N=0 V=0 D=0 I=0 Z=1 C=1 : FWA 02-7A:000254C8:CD:00 = +5.55798763E-07 : FWB 42-7A:C246D47D:00:?? = +1.18577075E-02
84A1 : BNE 8496       : A=00 X=95 Y=0E SP=?? N=0 V=0 D=0 I=0 Z=1 C=1 : FWA 02-7A:000254C8:CD:00 = +5.55798763E-07 : FWB 42-7A:C246D47D:00:?? = +1.18577075E-02
84A3 : LDA 2E         : A=02 X=95 Y=0E SP=?? N=0 V=0 D=0 I=0 Z=0 C=1 : FWA 02-7A:000254C8:CD:00 = +5.55798763E-07 : FWB 42-7A:C246D47D:00:?? = +1.18577075E-02
84A5 : EOR 3B         : A=40 X=95 Y=0E SP=?? N=0 V=0 D=0 I=0 Z=0 C=1 : FWA 02-7A:000254C8:CD:00 = +5.55798763E-07 : FWB 42-7A:C246D47D:00:?? = +1.18577075E-02
84A7 : BMI 84AD       : A=40 X=95 Y=0E SP=?? N=0 V=0 D=0 I=0 Z=0 C=1 : FWA 02-7A:000254C8:CD:00 = +5.55798763E-07 : FWB 42-7A:C246D47D:00:?? = +1.18577075E-02
84A9 : CLC            : A=40 X=95 Y=0E SP=?? N=0 V=0 D=0 I=0 Z=0 C=0 : FWA 02-7A:000254C8:CD:00 = +5.55798763E-07 : FWB 42-7A:C246D47D:00:?? = +1.18577075E-02
84AA : JMP A489       : A=40 X=95 Y=0E SP=?? N=0 V=0 D=0 I=0 Z=0 C=0 : FWA 02-7A:000254C8:CD:00 = +5.55798763E-07 : FWB 42-7A:C246D47D:00:?? = +1.18577075E-02
A489 : LDA 35         : A=CD X=95 Y=0E SP=?? N=1 V=0 D=0 I=0 Z=0 C=0 : FWA 02-7A:000254C8:CD:00 = +5.55798763E-07 : FWB 42-7A:C246D47D:00:?? = +1.18577075E-02
A48B : ADC 41         : A=CD X=95 Y=0E SP=?? N=1 V=0 D=0 I=0 Z=0 C=0 : FWA 02-7A:000254C8:CD:00 = +5.55798763E-07 : FWB 42-7A:C246D47D:00:?? = +1.18577075E-02
A48D : STA 35         : A=CD X=95 Y=0E SP=?? N=1 V=0 D=0 I=0 Z=0 C=0 : FWA 02-7A:000254C8:CD:00 = +5.55798763E-07 : FWB 42-7A:C246D47D:00:?? = +1.18577075E-02
A48F : LDA 34         : A=C8 X=95 Y=0E SP=?? N=1 V=0 D=0 I=0 Z=0 C=0 : FWA 02-7A:000254C8:CD:00 = +5.55798763E-07 : FWB 42-7A:C246D47D:00:?? = +1.18577075E-02
A491 : ADC 40         : A=45 X=95 Y=0E SP=?? N=0 V=0 D=0 I=0 Z=0 C=1 : FWA 02-7A:000254C8:CD:00 = +5.55798763E-07 : FWB 42-7A:C246D47D:00:?? = +1.18577075E-02
A493 : STA 34         : A=45 X=95 Y=0E SP=?? N=0 V=0 D=0 I=0 Z=0 C=1 : FWA 02-7A:00025445:CD:00 = +5.55322188E-07 : FWB 42-7A:C246D47D:00:?? = +1.18577075E-02
A495 : LDA 33         : A=54 X=95 Y=0E SP=?? N=0 V=0 D=0 I=0 Z=0 C=1 : FWA 02-7A:00025445:CD:00 = +5.55322188E-07 : FWB 42-7A:C246D47D:00:?? = +1.18577075E-02
A497 : ADC 3F         : A=29 X=95 Y=0E SP=?? N=0 V=0 D=0 I=0 Z=0 C=1 : FWA 02-7A:00025445:CD:00 = +5.55322188E-07 : FWB 42-7A:C246D47D:00:?? = +1.18577075E-02
A499 : STA 33         : A=29 X=95 Y=0E SP=?? N=0 V=0 D=0 I=0 Z=0 C=1 : FWA 02-7A:00022945:CD:00 = +5.15275318E-07 : FWB 42-7A:C246D47D:00:?? = +1.18577075E-02
A49B : LDA 32         : A=02 X=95 Y=0E SP=?? N=0 V=0 D=0 I=0 Z=0 C=1 : FWA 02-7A:00022945:CD:00 = +5.15275318E-07 : FWB 42-7A:C246D47D:00:?? = +1.18577075E-02
A49D : ADC 3E         : A=49 X=95 Y=0E SP=?? N=0 V=0 D=0 I=0 Z=0 C=0 : FWA 02-7A:00022945:CD:00 = +5.15275318E-07 : FWB 42-7A:C246D47D:00:?? = +1.18577075E-02
A49F : STA 32         : A=49 X=95 Y=0E SP=?? N=0 V=0 D=0 I=0 Z=0 C=0 : FWA 02-7A:00492945:CD:00 = +1.74429944E-05 : FWB 42-7A:C246D47D:00:?? = +1.18577075E-02
A4A1 : LDA 3D         : A=C2 X=95 Y=0E SP=?? N=1 V=0 D=0 I=0 Z=0 C=0 : FWA 02-7A:00492945:CD:00 = +1.74429944E-05 : FWB 42-7A:C246D47D:00:?? = +1.18577075E-02
A4A3 : ADC 31         : A=C2 X=95 Y=0E SP=?? N=1 V=0 D=0 I=0 Z=0 C=0 : FWA 02-7A:00492945:CD:00 = +1.74429944E-05 : FWB 42-7A:C246D47D:00:?? = +1.18577075E-02
A4A5 : STA 31         : A=C2 X=95 Y=0E SP=?? N=1 V=0 D=0 I=0 Z=0 C=0 : FWA 02-7A:C2492945:CD:00 = +1.18582633E-02 : FWB 42-7A:C246D47D:00:?? = +1.18577075E-02
A4A7 : BCC A4B9       : A=C2 X=95 Y=0E SP=?? N=1 V=0 D=0 I=0 Z=0 C=0 : FWA 02-7A:C2492945:CD:00 = +1.18582633E-02 : FWB 42-7A:C246D47D:00:?? = +1.18577075E-02
A4B9 : RTS            : A=C2 X=95 Y=0E SP=?? N=1 V=0 D=0 I=0 Z=0 C=0 : FWA 02-7A:C2492945:CD:00 = +1.18582633E-02 : FWB 42-7A:C246D47D:00:?? = +1.18577075E-02
A712 : LDA 35         : A=CD X=95 Y=0E SP=?? N=1 V=0 D=0 I=0 Z=0 C=0 : FWA 02-7A:C2492945:CD:00 = +1.18582633E-02 : FWB 42-7A:C246D47D:00:?? = +1.18577075E-02
A714 : BPL A725       : A=CD X=95 Y=0E SP=?? N=1 V=0 D=0 I=0 Z=0 C=0 : FWA 02-7A:C2492945:CD:00 = +1.18582633E-02 : FWB 42-7A:C246D47D:00:?? = +1.18577075E-02
A716 : ASL A          : A=9A X=95 Y=0E SP=?? N=1 V=0 D=0 I=0 Z=0 C=1 : FWA 02-7A:C2492945:CD:00 = +1.18582633E-02 : FWB 42-7A:C246D47D:00:?? = +1.18577075E-02
A717 : BNE A71E       : A=9A X=95 Y=0E SP=?? N=1 V=0 D=0 I=0 Z=0 C=1 : FWA 02-7A:C2492945:CD:00 = +1.18582633E-02 : FWB 42-7A:C246D47D:00:?? = +1.18577075E-02
A71E : INC 34         : A=9A X=95 Y=0E SP=?? N=0 V=0 D=0 I=0 Z=0 C=1 : FWA 02-7A:C2492946:CD:00 = +1.18582633E-02 : FWB 42-7A:C246D47D:00:?? = +1.18577075E-02
A720 : BNE A725       : A=9A X=95 Y=0E SP=?? N=0 V=0 D=0 I=0 Z=0 C=1 : FWA 02-7A:C2492946:CD:00 = +1.18582633E-02 : FWB 42-7A:C246D47D:00:?? = +1.18577075E-02
A725 : LDA 2F         : A=00 X=95 Y=0E SP=?? N=0 V=0 D=0 I=0 Z=1 C=1 : FWA 02-7A:C2492946:CD:00 = +1.18582633E-02 : FWB 42-7A:C246D47D:00:?? = +1.18577075E-02
A727 : BEQ A739       : A=00 X=95 Y=0E SP=?? N=0 V=0 D=0 I=0 Z=1 C=1 : FWA 02-7A:C2492946:CD:00 = +1.18582633E-02 : FWB 42-7A:C246D47D:00:?? = +1.18577075E-02
A739 : STZ 35         : A=00 X=95 Y=0E SP=?? N=0 V=0 D=0 I=0 Z=1 C=1 : FWA 02-7A:C2492946:00:00 = +1.18582633E-02 : FWB 42-7A:C246D47D:00:?? = +1.18577075E-02
A73B : LDA #FF        : A=FF X=95 Y=0E SP=?? N=1 V=0 D=0 I=0 Z=0 C=1 : FWA 02-7A:C2492946:00:00 = +1.18582633E-02 : FWB 42-7A:C246D47D:00:?? = +1.18577075E-02
A73D : RTS            : A=FF X=95 Y=0E SP=?? N=1 V=0 D=0 I=0 Z=0 C=1 : FWA 02-7A:C2492946:00:00 = +1.18582633E-02 : FWB 42-7A:C246D47D:00:?? = +1.18577075E-02
A7ED : INC 30         : A=FF X=95 Y=0E SP=?? N=0 V=0 D=0 I=0 Z=0 C=1 : FWA 02-7B:C2492946:00:00 = +2.37165266E-02 : FWB 42-7A:C246D47D:00:?? = +1.18577075E-02
A7EF : JSR A545       : A=FF X=95 Y=0E SP=?? N=0 V=0 D=0 I=0 Z=0 C=1 : FWA 02-7B:C2492946:00:00 = +2.37165266E-02 : FWB 42-7A:C246D47D:00:?? = +1.18577075E-02
A545 : LDA #6C        : A=6C X=95 Y=0E SP=?? N=0 V=0 D=0 I=0 Z=0 C=1 : FWA 02-7B:C2492946:00:00 = +2.37165266E-02 : FWB 42-7A:C246D47D:00:?? = +1.18577075E-02
A547 : STA 4A         : A=6C X=95 Y=0E SP=?? N=0 V=0 D=0 I=0 Z=0 C=1 : FWA 02-7B:C2492946:00:00 = +2.37165266E-02 : FWB 42-7A:C246D47D:00:?? = +1.18577075E-02
A549 : LDA #04        : A=04 X=95 Y=0E SP=?? N=0 V=0 D=0 I=0 Z=0 C=1 : FWA 02-7B:C2492946:00:00 = +2.37165266E-02 : FWB 42-7A:C246D47D:00:?? = +1.18577075E-02
A54B : STA 4B         : A=04 X=95 Y=0E SP=?? N=0 V=0 D=0 I=0 Z=0 C=1 : FWA 02-7B:C2492946:00:00 = +2.37165266E-02 : FWB 42-7A:C246D47D:00:?? = +1.18577075E-02
A54D : LDA 30         : A=7B X=95 Y=0E SP=?? N=0 V=0 D=0 I=0 Z=0 C=1 : FWA 02-7B:C2492946:00:00 = +2.37165266E-02 : FWB 42-7A:C246D47D:00:?? = +1.18577075E-02
A54F : STA (4A)       : A=7B X=95 Y=0E SP=?? N=0 V=0 D=0 I=0 Z=0 C=1 : FWA 02-7B:C2492946:00:00 = +2.37165266E-02 : FWB 42-7A:C246D47D:00:?? = +1.18577075E-02
A551 : LDY #01        : A=7B X=95 Y=01 SP=?? N=0 V=0 D=0 I=0 Z=0 C=1 : FWA 02-7B:C2492946:00:00 = +2.37165266E-02 : FWB 42-7A:C246D47D:00:?? = +1.18577075E-02
A553 : LDA 2E         : A=02 X=95 Y=01 SP=?? N=0 V=0 D=0 I=0 Z=0 C=1 : FWA 02-7B:C2492946:00:00 = +2.37165266E-02 : FWB 42-7A:C246D47D:00:?? = +1.18577075E-02
A555 : EOR 31         : A=C0 X=95 Y=01 SP=?? N=1 V=0 D=0 I=0 Z=0 C=1 : FWA 02-7B:C2492946:00:00 = +2.37165266E-02 : FWB 42-7A:C246D47D:00:?? = +1.18577075E-02
A557 : AND #80        : A=80 X=95 Y=01 SP=?? N=1 V=0 D=0 I=0 Z=0 C=1 : FWA 02-7B:C2492946:00:00 = +2.37165266E-02 : FWB 42-7A:C246D47D:00:?? = +1.18577075E-02
A559 : EOR 31         : A=42 X=95 Y=01 SP=?? N=0 V=0 D=0 I=0 Z=0 C=1 : FWA 02-7B:C2492946:00:00 = +2.37165266E-02 : FWB 42-7A:C246D47D:00:?? = +1.18577075E-02
A55B : STA (4A),Y     : A=42 X=95 Y=01 SP=?? N=0 V=0 D=0 I=0 Z=0 C=1 : FWA 02-7B:C2492946:00:00 = +2.37165266E-02 : FWB 42-7A:C246D47D:00:?? = +1.18577075E-02
A55D : LDA 32         : A=49 X=95 Y=01 SP=?? N=0 V=0 D=0 I=0 Z=0 C=1 : FWA 02-7B:C2492946:00:00 = +2.37165266E-02 : FWB 42-7A:C246D47D:00:?? = +1.18577075E-02
A55F : INY            : A=49 X=95 Y=02 SP=?? N=0 V=0 D=0 I=0 Z=0 C=1 : FWA 02-7B:C2492946:00:00 = +2.37165266E-02 : FWB 42-7A:C246D47D:00:?? = +1.18577075E-02
A560 : STA (4A),Y     : A=49 X=95 Y=02 SP=?? N=0 V=0 D=0 I=0 Z=0 C=1 : FWA 02-7B:C2492946:00:00 = +2.37165266E-02 : FWB 42-7A:C246D47D:00:?? = +1.18577075E-02
A562 : LDA 33         : A=29 X=95 Y=02 SP=?? N=0 V=0 D=0 I=0 Z=0 C=1 : FWA 02-7B:C2492946:00:00 = +2.37165266E-02 : FWB 42-7A:C246D47D:00:?? = +1.18577075E-02
A564 : INY            : A=29 X=95 Y=03 SP=?? N=0 V=0 D=0 I=0 Z=0 C=1 : FWA 02-7B:C2492946:00:00 = +2.37165266E-02 : FWB 42-7A:C246D47D:00:?? = +1.18577075E-02
A565 : STA (4A),Y     : A=29 X=95 Y=03 SP=?? N=0 V=0 D=0 I=0 Z=0 C=1 : FWA 02-7B:C2492946:00:00 = +2.37165266E-02 : FWB 42-7A:C246D47D:00:?? = +1.18577075E-02
A567 : LDA 34         : A=46 X=95 Y=03 SP=?? N=0 V=0 D=0 I=0 Z=0 C=1 : FWA 02-7B:C2492946:00:00 = +2.37165266E-02 : FWB 42-7A:C246D47D:00:?? = +1.18577075E-02
A569 : INY            : A=46 X=95 Y=04 SP=?? N=0 V=0 D=0 I=0 Z=0 C=1 : FWA 02-7B:C2492946:00:00 = +2.37165266E-02 : FWB 42-7A:C246D47D:00:?? = +1.18577075E-02
A56A : STA (4A),Y     : A=46 X=95 Y=04 SP=?? N=0 V=0 D=0 I=0 Z=0 C=1 : FWA 02-7B:C2492946:00:00 = +2.37165266E-02 : FWB 42-7A:C246D47D:00:?? = +1.18577075E-02
A56C : RTS            : A=46 X=95 Y=04 SP=?? N=0 V=0 D=0 I=0 Z=0 C=1 : FWA 02-7B:C2492946:00:00 = +2.37165266E-02 : FWB 42-7A:C246D47D:00:?? = +1.18577075E-02
A7F2 : PLA            : A=8A X=95 Y=04 SP=?? N=1 V=0 D=0 I=0 Z=0 C=1 : FWA 02-7B:C2492946:00:00 = +2.37165266E-02 : FWB 42-7A:C246D47D:00:?? = +1.18577075E-02
A7F3 : EOR #80        : A=0A X=95 Y=04 SP=?? N=0 V=0 D=0 I=0 Z=0 C=1 : FWA 02-7B:C2492946:00:00 = +2.37165266E-02 : FWB 42-7A:C246D47D:00:?? = +1.18577075E-02
A7F5 : BEQ A805       : A=0A X=95 Y=04 SP=?? N=0 V=0 D=0 I=0 Z=0 C=1 : FWA 02-7B:C2492946:00:00 = +2.37165266E-02 : FWB 42-7A:C246D47D:00:?? = +1.18577075E-02
A7F7 : JSR 82E6       : A=0A X=95 Y=04 SP=?? N=0 V=0 D=0 I=0 Z=0 C=1 : FWA 02-7B:C2492946:00:00 = +2.37165266E-02 : FWB 42-7A:C246D47D:00:?? = +1.18577075E-02
82E6 : STA 2E         : A=0A X=95 Y=04 SP=?? N=0 V=0 D=0 I=0 Z=0 C=1 : FWA 0A-7B:C2492946:00:00 = +2.37165266E-02 : FWB 42-7A:C246D47D:00:?? = +1.18577075E-02
82E8 : JSR A731       : A=0A X=95 Y=04 SP=?? N=0 V=0 D=0 I=0 Z=0 C=1 : FWA 0A-7B:C2492946:00:00 = +2.37165266E-02 : FWB 42-7A:C246D47D:00:?? = +1.18577075E-02
A731 : STZ 2F         : A=0A X=95 Y=04 SP=?? N=0 V=0 D=0 I=0 Z=0 C=1 : FWA 0A-7B:C2492946:00:00 = +2.37165266E-02 : FWB 42-7A:C246D47D:00:?? = +1.18577075E-02
A733 : STZ 32         : A=0A X=95 Y=04 SP=?? N=0 V=0 D=0 I=0 Z=0 C=1 : FWA 0A-7B:C2002946:00:00 = +2.36817175E-02 : FWB 42-7A:C246D47D:00:?? = +1.18577075E-02
A735 : STZ 33         : A=0A X=95 Y=04 SP=?? N=0 V=0 D=0 I=0 Z=0 C=1 : FWA 0A-7B:C2000046:00:00 = +2.36816411E-02 : FWB 42-7A:C246D47D:00:?? = +1.18577075E-02
A737 : STZ 34         : A=0A X=95 Y=04 SP=?? N=0 V=0 D=0 I=0 Z=0 C=1 : FWA 0A-7B:C2000000:00:00 = +2.36816406E-02 : FWB 42-7A:C246D47D:00:?? = +1.18577075E-02
A739 : STZ 35         : A=0A X=95 Y=04 SP=?? N=0 V=0 D=0 I=0 Z=0 C=1 : FWA 0A-7B:C2000000:00:00 = +2.36816406E-02 : FWB 42-7A:C246D47D:00:?? = +1.18577075E-02
A73B : LDA #FF        : A=FF X=95 Y=04 SP=?? N=1 V=0 D=0 I=0 Z=0 C=1 : FWA 0A-7B:C2000000:00:00 = +2.36816406E-02 : FWB 42-7A:C246D47D:00:?? = +1.18577075E-02
A73D : RTS            : A=FF X=95 Y=04 SP=?? N=1 V=0 D=0 I=0 Z=0 C=1 : FWA 0A-7B:C2000000:00:00 = +2.36816406E-02 : FWB 42-7A:C246D47D:00:?? = +1.18577075E-02
82EB : LDA 2E         : A=0A X=95 Y=04 SP=?? N=0 V=0 D=0 I=0 Z=0 C=1 : FWA 0A-7B:C2000000:00:00 = +2.36816406E-02 : FWB 42-7A:C246D47D:00:?? = +1.18577075E-02
82ED : BEQ 82DD       : A=0A X=95 Y=04 SP=?? N=0 V=0 D=0 I=0 Z=0 C=1 : FWA 0A-7B:C2000000:00:00 = +2.36816406E-02 : FWB 42-7A:C246D47D:00:?? = +1.18577075E-02
82EF : BPL 82F4       : A=0A X=95 Y=04 SP=?? N=0 V=0 D=0 I=0 Z=0 C=1 : FWA 0A-7B:C2000000:00:00 = +2.36816406E-02 : FWB 42-7A:C246D47D:00:?? = +1.18577075E-02
82F4 : LDY #89        : A=0A X=95 Y=89 SP=?? N=1 V=0 D=0 I=0 Z=0 C=1 : FWA 0A-7B:C2000000:00:00 = +2.36816406E-02 : FWB 42-7A:C246D47D:00:?? = +1.18577075E-02
82F6 : LSR A          : A=05 X=95 Y=89 SP=?? N=0 V=0 D=0 I=0 Z=0 C=0 : FWA 0A-7B:C2000000:00:00 = +2.36816406E-02 : FWB 42-7A:C246D47D:00:?? = +1.18577075E-02
82F7 : DEY            : A=05 X=95 Y=88 SP=?? N=1 V=0 D=0 I=0 Z=0 C=0 : FWA 0A-7B:C2000000:00:00 = +2.36816406E-02 : FWB 42-7A:C246D47D:00:?? = +1.18577075E-02
82F8 : ROL A          : A=0A X=95 Y=88 SP=?? N=0 V=0 D=0 I=0 Z=0 C=0 : FWA 0A-7B:C2000000:00:00 = +2.36816406E-02 : FWB 42-7A:C246D47D:00:?? = +1.18577075E-02
82F9 : BPL 82F7       : A=0A X=95 Y=88 SP=?? N=0 V=0 D=0 I=0 Z=0 C=0 : FWA 0A-7B:C2000000:00:00 = +2.36816406E-02 : FWB 42-7A:C246D47D:00:?? = +1.18577075E-02
82F7 : DEY            : A=0A X=95 Y=87 SP=?? N=1 V=0 D=0 I=0 Z=0 C=0 : FWA 0A-7B:C2000000:00:00 = +2.36816406E-02 : FWB 42-7A:C246D47D:00:?? = +1.18577075E-02
82F8 : ROL A          : A=14 X=95 Y=87 SP=?? N=0 V=0 D=0 I=0 Z=0 C=0 : FWA 0A-7B:C2000000:00:00 = +2.36816406E-02 : FWB 42-7A:C246D47D:00:?? = +1.18577075E-02
82F9 : BPL 82F7       : A=14 X=95 Y=87 SP=?? N=0 V=0 D=0 I=0 Z=0 C=0 : FWA 0A-7B:C2000000:00:00 = +2.36816406E-02 : FWB 42-7A:C246D47D:00:?? = +1.18577075E-02
82F7 : DEY            : A=14 X=95 Y=86 SP=?? N=1 V=0 D=0 I=0 Z=0 C=0 : FWA 0A-7B:C2000000:00:00 = +2.36816406E-02 : FWB 42-7A:C246D47D:00:?? = +1.18577075E-02
82F8 : ROL A          : A=28 X=95 Y=86 SP=?? N=0 V=0 D=0 I=0 Z=0 C=0 : FWA 0A-7B:C2000000:00:00 = +2.36816406E-02 : FWB 42-7A:C246D47D:00:?? = +1.18577075E-02
82F9 : BPL 82F7       : A=28 X=95 Y=86 SP=?? N=0 V=0 D=0 I=0 Z=0 C=0 : FWA 0A-7B:C2000000:00:00 = +2.36816406E-02 : FWB 42-7A:C246D47D:00:?? = +1.18577075E-02
82F7 : DEY            : A=28 X=95 Y=85 SP=?? N=1 V=0 D=0 I=0 Z=0 C=0 : FWA 0A-7B:C2000000:00:00 = +2.36816406E-02 : FWB 42-7A:C246D47D:00:?? = +1.18577075E-02
82F8 : ROL A          : A=50 X=95 Y=85 SP=?? N=0 V=0 D=0 I=0 Z=0 C=0 : FWA 0A-7B:C2000000:00:00 = +2.36816406E-02 : FWB 42-7A:C246D47D:00:?? = +1.18577075E-02
82F9 : BPL 82F7       : A=50 X=95 Y=85 SP=?? N=0 V=0 D=0 I=0 Z=0 C=0 : FWA 0A-7B:C2000000:00:00 = +2.36816406E-02 : FWB 42-7A:C246D47D:00:?? = +1.18577075E-02
82F7 : DEY            : A=50 X=95 Y=84 SP=?? N=1 V=0 D=0 I=0 Z=0 C=0 : FWA 0A-7B:C2000000:00:00 = +2.36816406E-02 : FWB 42-7A:C246D47D:00:?? = +1.18577075E-02
82F8 : ROL A          : A=A0 X=95 Y=84 SP=?? N=1 V=0 D=0 I=0 Z=0 C=0 : FWA 0A-7B:C2000000:00:00 = +2.36816406E-02 : FWB 42-7A:C246D47D:00:?? = +1.18577075E-02
82F9 : BPL 82F7       : A=A0 X=95 Y=84 SP=?? N=1 V=0 D=0 I=0 Z=0 C=0 : FWA 0A-7B:C2000000:00:00 = +2.36816406E-02 : FWB 42-7A:C246D47D:00:?? = +1.18577075E-02
82FB : STY 30         : A=A0 X=95 Y=84 SP=?? N=1 V=0 D=0 I=0 Z=0 C=0 : FWA 0A-84:C2000000:00:00 = +1.21250000E+01 : FWB 42-7A:C246D47D:00:?? = +1.18577075E-02
82FD : STZ 2F         : A=A0 X=95 Y=84 SP=?? N=1 V=0 D=0 I=0 Z=0 C=0 : FWA 0A-84:C2000000:00:00 = +1.21250000E+01 : FWB 42-7A:C246D47D:00:?? = +1.18577075E-02
82FF : STA 31         : A=A0 X=95 Y=84 SP=?? N=1 V=0 D=0 I=0 Z=0 C=0 : FWA 0A-84:A0000000:00:00 = +1.00000000E+01 : FWB 42-7A:C246D47D:00:?? = +1.18577075E-02
8301 : RTS            : A=A0 X=95 Y=84 SP=?? N=1 V=0 D=0 I=0 Z=0 C=0 : FWA 0A-84:A0000000:00:00 = +1.00000000E+01 : FWB 42-7A:C246D47D:00:?? = +1.18577075E-02
A7FA : LDA #9F        : A=9F X=95 Y=84 SP=?? N=1 V=0 D=0 I=0 Z=0 C=0 : FWA 0A-84:A0000000:00:00 = +1.00000000E+01 : FWB 42-7A:C246D47D:00:?? = +1.18577075E-02
A7FC : JSR A5B4       : A=9F X=95 Y=84 SP=?? N=1 V=0 D=0 I=0 Z=0 C=0 : FWA 0A-84:A0000000:00:00 = +1.00000000E+01 : FWB 42-7A:C246D47D:00:?? = +1.18577075E-02
A5B4 : LDY #BF        : A=9F X=95 Y=BF SP=?? N=1 V=0 D=0 I=0 Z=0 C=0 : FWA 0A-84:A0000000:00:00 = +1.00000000E+01 : FWB 42-7A:C246D47D:00:?? = +1.18577075E-02
A5B6 : STA 4A         : A=9F X=95 Y=BF SP=?? N=1 V=0 D=0 I=0 Z=0 C=0 : FWA 0A-84:A0000000:00:00 = +1.00000000E+01 : FWB 42-7A:C246D47D:00:?? = +1.18577075E-02
A5B8 : STY 4B         : A=9F X=95 Y=BF SP=?? N=1 V=0 D=0 I=0 Z=0 C=0 : FWA 0A-84:A0000000:00:00 = +1.00000000E+01 : FWB 42-7A:C246D47D:00:?? = +1.18577075E-02
A5BA : RTS            : A=9F X=95 Y=BF SP=?? N=1 V=0 D=0 I=0 Z=0 C=0 : FWA 0A-84:A0000000:00:00 = +1.00000000E+01 : FWB 42-7A:C246D47D:00:?? = +1.18577075E-02
A7FF : JSR A9A3       : A=9F X=95 Y=BF SP=?? N=1 V=0 D=0 I=0 Z=0 C=0 : FWA 0A-84:A0000000:00:00 = +1.00000000E+01 : FWB 42-7A:C246D47D:00:?? = +1.18577075E-02
A9A3 : JSR A514       : A=9F X=95 Y=BF SP=?? N=1 V=0 D=0 I=0 Z=0 C=0 : FWA 0A-84:A0000000:00:00 = +1.00000000E+01 : FWB 42-7A:C246D47D:00:?? = +1.18577075E-02
A514 : STZ 41         : A=9F X=95 Y=BF SP=?? N=1 V=0 D=0 I=0 Z=0 C=0 : FWA 0A-84:A0000000:00:00 = +1.00000000E+01 : FWB 42-7A:C246D47D:00:?? = +1.18577075E-02
A516 : LDY #04        : A=9F X=95 Y=04 SP=?? N=0 V=0 D=0 I=0 Z=0 C=0 : FWA 0A-84:A0000000:00:00 = +1.00000000E+01 : FWB 42-7A:C246D47D:00:?? = +1.18577075E-02
A518 : LDA (4A),Y     : A=F7 X=95 Y=04 SP=?? N=1 V=0 D=0 I=0 Z=0 C=0 : FWA 0A-84:A0000000:00:00 = +1.00000000E+01 : FWB 42-7A:C246D47D:00:?? = +1.18577075E-02
A51A : STA 40         : A=F7 X=95 Y=04 SP=?? N=1 V=0 D=0 I=0 Z=0 C=0 : FWA 0A-84:A0000000:00:00 = +1.00000000E+01 : FWB 42-7A:C246D4F7:00:?? = +1.18577080E-02
A51C : DEY            : A=F7 X=95 Y=03 SP=?? N=0 V=0 D=0 I=0 Z=0 C=0 : FWA 0A-84:A0000000:00:00 = +1.00000000E+01 : FWB 42-7A:C246D4F7:00:?? = +1.18577080E-02
A51D : LDA (4A),Y     : A=17 X=95 Y=03 SP=?? N=0 V=0 D=0 I=0 Z=0 C=0 : FWA 0A-84:A0000000:00:00 = +1.00000000E+01 : FWB 42-7A:C246D4F7:00:?? = +1.18577080E-02
A51F : STA 3F         : A=17 X=95 Y=03 SP=?? N=0 V=0 D=0 I=0 Z=0 C=0 : FWA 0A-84:A0000000:00:00 = +1.00000000E+01 : FWB 42-7A:C24617F7:00:?? = +1.18575319E-02
A521 : DEY            : A=17 X=95 Y=02 SP=?? N=0 V=0 D=0 I=0 Z=0 C=0 : FWA 0A-84:A0000000:00:00 = +1.00000000E+01 : FWB 42-7A:C24617F7:00:?? = +1.18575319E-02
A522 : LDA (4A),Y     : A=72 X=95 Y=02 SP=?? N=0 V=0 D=0 I=0 Z=0 C=0 : FWA 0A-84:A0000000:00:00 = +1.00000000E+01 : FWB 42-7A:C24617F7:00:?? = +1.18575319E-02
A524 : STA 3E         : A=72 X=95 Y=02 SP=?? N=0 V=0 D=0 I=0 Z=0 C=0 : FWA 0A-84:A0000000:00:00 = +1.00000000E+01 : FWB 42-7A:C27217F7:00:?? = +1.18680223E-02
A526 : DEY            : A=72 X=95 Y=01 SP=?? N=0 V=0 D=0 I=0 Z=0 C=0 : FWA 0A-84:A0000000:00:00 = +1.00000000E+01 : FWB 42-7A:C27217F7:00:?? = +1.18680223E-02
A527 : LDA (4A),Y     : A=31 X=95 Y=01 SP=?? N=0 V=0 D=0 I=0 Z=0 C=0 : FWA 0A-84:A0000000:00:00 = +1.00000000E+01 : FWB 42-7A:C27217F7:00:?? = +1.18680223E-02
A529 : STA 3B         : A=31 X=95 Y=01 SP=?? N=0 V=0 D=0 I=0 Z=0 C=0 : FWA 0A-84:A0000000:00:00 = +1.00000000E+01 : FWB 31-7A:C27217F7:00:?? = +1.18680223E-02
A52B : TAY            : A=31 X=95 Y=31 SP=?? N=0 V=0 D=0 I=0 Z=0 C=0 : FWA 0A-84:A0000000:00:00 = +1.00000000E+01 : FWB 31-7A:C27217F7:00:?? = +1.18680223E-02
A52C : LDA (4A)       : A=80 X=95 Y=31 SP=?? N=1 V=0 D=0 I=0 Z=0 C=0 : FWA 0A-84:A0000000:00:00 = +1.00000000E+01 : FWB 31-7A:C27217F7:00:?? = +1.18680223E-02
A52E : STA 3C         : A=80 X=95 Y=31 SP=?? N=1 V=0 D=0 I=0 Z=0 C=0 : FWA 0A-84:A0000000:00:00 = +1.00000000E+01 : FWB 31-80:C27217F7:00:?? = +7.59553430E-01
A530 : BNE A53B       : A=80 X=95 Y=31 SP=?? N=1 V=0 D=0 I=0 Z=0 C=0 : FWA 0A-84:A0000000:00:00 = +1.00000000E+01 : FWB 31-80:C27217F7:00:?? = +7.59553430E-01
A53B : TYA            : A=31 X=95 Y=31 SP=?? N=0 V=0 D=0 I=0 Z=0 C=0 : FWA 0A-84:A0000000:00:00 = +1.00000000E+01 : FWB 31-80:C27217F7:00:?? = +7.59553430E-01
A53C : ORA #80        : A=B1 X=95 Y=31 SP=?? N=1 V=0 D=0 I=0 Z=0 C=0 : FWA 0A-84:A0000000:00:00 = +1.00000000E+01 : FWB 31-80:C27217F7:00:?? = +7.59553430E-01
A53E : STA 3D         : A=B1 X=95 Y=31 SP=?? N=1 V=0 D=0 I=0 Z=0 C=0 : FWA 0A-84:A0000000:00:00 = +1.00000000E+01 : FWB 31-80:B17217F7:00:?? = +6.93147180E-01
A540 : RTS            : A=B1 X=95 Y=31 SP=?? N=1 V=0 D=0 I=0 Z=0 C=0 : FWA 0A-84:A0000000:00:00 = +1.00000000E+01 : FWB 31-80:B17217F7:00:?? = +6.93147180E-01
A9A6 : LDY #05        : A=B1 X=95 Y=05 SP=?? N=0 V=0 D=0 I=0 Z=0 C=0 : FWA 0A-84:A0000000:00:00 = +1.00000000E+01 : FWB 31-80:B17217F7:00:?? = +6.93147180E-01
A9A8 : LDA (4A),Y     : A=D1 X=95 Y=05 SP=?? N=1 V=0 D=0 I=0 Z=0 C=0 : FWA 0A-84:A0000000:00:00 = +1.00000000E+01 : FWB 31-80:B17217F7:00:?? = +6.93147180E-01
A9AA : STA 41         : A=D1 X=95 Y=05 SP=?? N=1 V=0 D=0 I=0 Z=0 C=0 : FWA 0A-84:A0000000:00:00 = +1.00000000E+01 : FWB 31-80:B17217F7:D1:?? = +6.93147181E-01
A9AC : JSR A73E       : A=D1 X=95 Y=05 SP=?? N=1 V=0 D=0 I=0 Z=0 C=0 : FWA 0A-84:A0000000:00:00 = +1.00000000E+01 : FWB 31-80:B17217F7:D1:?? = +6.93147181E-01
A73E : CLC            : A=D1 X=95 Y=05 SP=?? N=1 V=0 D=0 I=0 Z=0 C=0 : FWA 0A-84:A0000000:00:00 = +1.00000000E+01 : FWB 31-80:B17217F7:D1:?? = +6.93147181E-01
A73F : LDA 30         : A=84 X=95 Y=05 SP=?? N=1 V=0 D=0 I=0 Z=0 C=0 : FWA 0A-84:A0000000:00:00 = +1.00000000E+01 : FWB 31-80:B17217F7:D1:?? = +6.93147181E-01
A741 : ADC 3C         : A=04 X=95 Y=05 SP=?? N=0 V=1 D=0 I=0 Z=0 C=1 : FWA 0A-84:A0000000:00:00 = +1.00000000E+01 : FWB 31-80:B17217F7:D1:?? = +6.93147181E-01
A743 : ROL 2F         : A=04 X=95 Y=05 SP=?? N=0 V=1 D=0 I=0 Z=0 C=0 : FWA 0A-84:A0000000:00:01 = +1.00000000E+01 : FWB 31-80:B17217F7:D1:?? = +6.93147181E-01
A745 : SBC #7F        : A=84 X=95 Y=05 SP=?? N=1 V=0 D=0 I=0 Z=0 C=0 : FWA 0A-84:A0000000:00:01 = +1.00000000E+01 : FWB 31-80:B17217F7:D1:?? = +6.93147181E-01
A747 : STA 30         : A=84 X=95 Y=05 SP=?? N=1 V=0 D=0 I=0 Z=0 C=0 : FWA 0A-84:A0000000:00:01 = +1.00000000E+01 : FWB 31-80:B17217F7:D1:?? = +6.93147181E-01
A749 : BCS A74D       : A=84 X=95 Y=05 SP=?? N=1 V=0 D=0 I=0 Z=0 C=0 : FWA 0A-84:A0000000:00:01 = +1.00000000E+01 : FWB 31-80:B17217F7:D1:?? = +6.93147181E-01
A74B : DEC 2F         : A=84 X=95 Y=05 SP=?? N=0 V=0 D=0 I=0 Z=1 C=0 : FWA 0A-84:A0000000:00:00 = +1.00000000E+01 : FWB 31-80:B17217F7:D1:?? = +6.93147181E-01
A74D : LDA 2E         : A=0A X=95 Y=05 SP=?? N=0 V=0 D=0 I=0 Z=0 C=0 : FWA 0A-84:A0000000:00:00 = +1.00000000E+01 : FWB 31-80:B17217F7:D1:?? = +6.93147181E-01
A74F : EOR 3B         : A=3B X=95 Y=05 SP=?? N=0 V=0 D=0 I=0 Z=0 C=0 : FWA 0A-84:A0000000:00:00 = +1.00000000E+01 : FWB 31-80:B17217F7:D1:?? = +6.93147181E-01
A751 : STA 2E         : A=3B X=95 Y=05 SP=?? N=0 V=0 D=0 I=0 Z=0 C=0 : FWA 3B-84:A0000000:00:00 = +1.00000000E+01 : FWB 31-80:B17217F7:D1:?? = +6.93147181E-01
A753 : PHX            : A=3B X=95 Y=05 SP=?? N=0 V=0 D=0 I=0 Z=0 C=0 : FWA 3B-84:A0000000:00:00 = +1.00000000E+01 : FWB 31-80:B17217F7:D1:?? = +6.93147181E-01
A754 : LDX #F8        : A=3B X=F8 Y=05 SP=?? N=1 V=0 D=0 I=0 Z=0 C=0 : FWA 3B-84:A0000000:00:00 = +1.00000000E+01 : FWB 31-80:B17217F7:D1:?? = +6.93147181E-01
A756 : LDY #04        : A=3B X=F8 Y=04 SP=?? N=0 V=0 D=0 I=0 Z=0 C=0 : FWA 3B-84:A0000000:00:00 = +1.00000000E+01 : FWB 31-80:B17217F7:D1:?? = +6.93147181E-01
A758 : LDA 39,X       : A=A0 X=F8 Y=04 SP=?? N=1 V=0 D=0 I=0 Z=0 C=0 : FWA 3B-84:A0000000:00:00 = +1.00000000E+01 : FWB 31-80:B17217F7:D1:?? = +6.93147181E-01
A75A : STZ 39,X       : A=A0 X=F8 Y=04 SP=?? N=1 V=0 D=0 I=0 Z=0 C=0 : FWA 3B-84:00000000:00:00 = +0.00000000E+00 : FWB 31-80:B17217F7:D1:?? = +6.93147181E-01
A75C : STA 0041,Y     : A=A0 X=F8 Y=04 SP=?? N=1 V=0 D=0 I=0 Z=0 C=0 : FWA 3B-84:00000000:00:00 = +0.00000000E+00 : FWB 31-80:B17217F7:D1:?? = +6.93147181E-01
A75F : INX            : A=A0 X=F9 Y=04 SP=?? N=1 V=0 D=0 I=0 Z=0 C=0 : FWA 3B-84:00000000:00:00 = +0.00000000E+00 : FWB 31-80:B17217F7:D1:?? = +6.93147181E-01
A760 : DEY            : A=A0 X=F9 Y=03 SP=?? N=0 V=0 D=0 I=0 Z=0 C=0 : FWA 3B-84:00000000:00:00 = +0.00000000E+00 : FWB 31-80:B17217F7:D1:?? = +6.93147181E-01
A761 : BNE A758       : A=A0 X=F9 Y=03 SP=?? N=0 V=0 D=0 I=0 Z=0 C=0 : FWA 3B-84:00000000:00:00 = +0.00000000E+00 : FWB 31-80:B17217F7:D1:?? = +6.93147181E-01
A758 : LDA 39,X       : A=00 X=F9 Y=03 SP=?? N=0 V=0 D=0 I=0 Z=1 C=0 : FWA 3B-84:00000000:00:00 = +0.00000000E+00 : FWB 31-80:B17217F7:D1:?? = +6.93147181E-01
A75A : STZ 39,X       : A=00 X=F9 Y=03 SP=?? N=0 V=0 D=0 I=0 Z=1 C=0 : FWA 3B-84:00000000:00:00 = +0.00000000E+00 : FWB 31-80:B17217F7:D1:?? = +6.93147181E-01
A75C : STA 0041,Y     : A=00 X=F9 Y=03 SP=?? N=0 V=0 D=0 I=0 Z=1 C=0 : FWA 3B-84:00000000:00:00 = +0.00000000E+00 : FWB 31-80:B17217F7:D1:?? = +6.93147181E-01
A75F : INX            : A=00 X=FA Y=03 SP=?? N=1 V=0 D=0 I=0 Z=0 C=0 : FWA 3B-84:00000000:00:00 = +0.00000000E+00 : FWB 31-80:B17217F7:D1:?? = +6.93147181E-01
A760 : DEY            : A=00 X=FA Y=02 SP=?? N=0 V=0 D=0 I=0 Z=0 C=0 : FWA 3B-84:00000000:00:00 = +0.00000000E+00 : FWB 31-80:B17217F7:D1:?? = +6.93147181E-01
A761 : BNE A758       : A=00 X=FA Y=02 SP=?? N=0 V=0 D=0 I=0 Z=0 C=0 : FWA 3B-84:00000000:00:00 = +0.00000000E+00 : FWB 31-80:B17217F7:D1:?? = +6.93147181E-01
A758 : LDA 39,X       : A=00 X=FA Y=02 SP=?? N=0 V=0 D=0 I=0 Z=1 C=0 : FWA 3B-84:00000000:00:00 = +0.00000000E+00 : FWB 31-80:B17217F7:D1:?? = +6.93147181E-01
A75A : STZ 39,X       : A=00 X=FA Y=02 SP=?? N=0 V=0 D=0 I=0 Z=1 C=0 : FWA 3B-84:00000000:00:00 = +0.00000000E+00 : FWB 31-80:B17217F7:D1:?? = +6.93147181E-01
A75C : STA 0041,Y     : A=00 X=FA Y=02 SP=?? N=0 V=0 D=0 I=0 Z=1 C=0 : FWA 3B-84:00000000:00:00 = +0.00000000E+00 : FWB 31-80:B17217F7:D1:?? = +6.93147181E-01
A75F : INX            : A=00 X=FB Y=02 SP=?? N=1 V=0 D=0 I=0 Z=0 C=0 : FWA 3B-84:00000000:00:00 = +0.00000000E+00 : FWB 31-80:B17217F7:D1:?? = +6.93147181E-01
A760 : DEY            : A=00 X=FB Y=01 SP=?? N=0 V=0 D=0 I=0 Z=0 C=0 : FWA 3B-84:00000000:00:00 = +0.00000000E+00 : FWB 31-80:B17217F7:D1:?? = +6.93147181E-01
A761 : BNE A758       : A=00 X=FB Y=01 SP=?? N=0 V=0 D=0 I=0 Z=0 C=0 : FWA 3B-84:00000000:00:00 = +0.00000000E+00 : FWB 31-80:B17217F7:D1:?? = +6.93147181E-01
A758 : LDA 39,X       : A=00 X=FB Y=01 SP=?? N=0 V=0 D=0 I=0 Z=1 C=0 : FWA 3B-84:00000000:00:00 = +0.00000000E+00 : FWB 31-80:B17217F7:D1:?? = +6.93147181E-01
A75A : STZ 39,X       : A=00 X=FB Y=01 SP=?? N=0 V=0 D=0 I=0 Z=1 C=0 : FWA 3B-84:00000000:00:00 = +0.00000000E+00 : FWB 31-80:B17217F7:D1:?? = +6.93147181E-01
A75C : STA 0041,Y     : A=00 X=FB Y=01 SP=?? N=0 V=0 D=0 I=0 Z=1 C=0 : FWA 3B-84:00000000:00:00 = +0.00000000E+00 : FWB 31-80:B17217F7:D1:?? = +6.93147181E-01
A75F : INX            : A=00 X=FC Y=01 SP=?? N=1 V=0 D=0 I=0 Z=0 C=0 : FWA 3B-84:00000000:00:00 = +0.00000000E+00 : FWB 31-80:B17217F7:D1:?? = +6.93147181E-01
A760 : DEY            : A=00 X=FC Y=00 SP=?? N=0 V=0 D=0 I=0 Z=1 C=0 : FWA 3B-84:00000000:00:00 = +0.00000000E+00 : FWB 31-80:B17217F7:D1:?? = +6.93147181E-01
A761 : BNE A758       : A=00 X=FC Y=00 SP=?? N=0 V=0 D=0 I=0 Z=1 C=0 : FWA 3B-84:00000000:00:00 = +0.00000000E+00 : FWB 31-80:B17217F7:D1:?? = +6.93147181E-01
A763 : STZ 3C         : A=00 X=FC Y=00 SP=?? N=0 V=0 D=0 I=0 Z=1 C=0 : FWA 3B-84:00000000:00:00 = +0.00000000E+00 : FWB 31-00:B17217F7:D1:?? = +2.03697649E-39
A765 : STZ 3B         : A=00 X=FC Y=00 SP=?? N=0 V=0 D=0 I=0 Z=1 C=0 : FWA 3B-84:00000000:00:00 = +0.00000000E+00 : FWB 00-00:B17217F7:D1:?? = +2.03697649E-39
A767 : STZ 3A         : A=00 X=FC Y=00 SP=?? N=0 V=0 D=0 I=0 Z=1 C=0 : FWA 3B-84:00000000:00:00 = +0.00000000E+00 : FWB 00-00:B17217F7:D1:?? = +2.03697649E-39
A769 : BRA A79B       : A=00 X=FC Y=00 SP=?? N=0 V=0 D=0 I=0 Z=1 C=0 : FWA 3B-84:00000000:00:00 = +0.00000000E+00 : FWB 00-00:B17217F7:D1:?? = +2.03697649E-39
A79B : LDA 46,X       : A=00 X=FC Y=00 SP=?? N=0 V=0 D=0 I=0 Z=1 C=0 : FWA 3B-84:00000000:00:00 = +0.00000000E+00 : FWB 00-00:B17217F7:D1:?? = +2.03697649E-39
A79D : BNE A76B       : A=00 X=FC Y=00 SP=?? N=0 V=0 D=0 I=0 Z=1 C=0 : FWA 3B-84:00000000:00:00 = +0.00000000E+00 : FWB 00-00:B17217F7:D1:?? = +2.03697649E-39
A79F : INX            : A=00 X=FD Y=00 SP=?? N=1 V=0 D=0 I=0 Z=0 C=0 : FWA 3B-84:00000000:00:00 = +0.00000000E+00 : FWB 00-00:B17217F7:D1:?? = +2.03697649E-39
A7A0 : BMI A79B       : A=00 X=FD Y=00 SP=?? N=1 V=0 D=0 I=0 Z=0 C=0 : FWA 3B-84:00000000:00:00 = +0.00000000E+00 : FWB 00-00:B17217F7:D1:?? = +2.03697649E-39
A79B : LDA 46,X       : A=00 X=FD Y=00 SP=?? N=0 V=0 D=0 I=0 Z=1 C=0 : FWA 3B-84:00000000:00:00 = +0.00000000E+00 : FWB 00-00:B17217F7:D1:?? = +2.03697649E-39
A79D : BNE A76B       : A=00 X=FD Y=00 SP=?? N=0 V=0 D=0 I=0 Z=1 C=0 : FWA 3B-84:00000000:00:00 = +0.00000000E+00 : FWB 00-00:B17217F7:D1:?? = +2.03697649E-39
A79F : INX            : A=00 X=FE Y=00 SP=?? N=1 V=0 D=0 I=0 Z=0 C=0 : FWA 3B-84:00000000:00:00 = +0.00000000E+00 : FWB 00-00:B17217F7:D1:?? = +2.03697649E-39
A7A0 : BMI A79B       : A=00 X=FE Y=00 SP=?? N=1 V=0 D=0 I=0 Z=0 C=0 : FWA 3B-84:00000000:00:00 = +0.00000000E+00 : FWB 00-00:B17217F7:D1:?? = +2.03697649E-39
A79B : LDA 46,X       : A=00 X=FE Y=00 SP=?? N=0 V=0 D=0 I=0 Z=1 C=0 : FWA 3B-84:00000000:00:00 = +0.00000000E+00 : FWB 00-00:B17217F7:D1:?? = +2.03697649E-39
A79D : BNE A76B       : A=00 X=FE Y=00 SP=?? N=0 V=0 D=0 I=0 Z=1 C=0 : FWA 3B-84:00000000:00:00 = +0.00000000E+00 : FWB 00-00:B17217F7:D1:?? = +2.03697649E-39
A79F : INX            : A=00 X=FF Y=00 SP=?? N=1 V=0 D=0 I=0 Z=0 C=0 : FWA 3B-84:00000000:00:00 = +0.00000000E+00 : FWB 00-00:B17217F7:D1:?? = +2.03697649E-39
A7A0 : BMI A79B       : A=00 X=FF Y=00 SP=?? N=1 V=0 D=0 I=0 Z=0 C=0 : FWA 3B-84:00000000:00:00 = +0.00000000E+00 : FWB 00-00:B17217F7:D1:?? = +2.03697649E-39
A79B : LDA 46,X       : A=A0 X=FF Y=00 SP=?? N=1 V=0 D=0 I=0 Z=0 C=0 : FWA 3B-84:00000000:00:00 = +0.00000000E+00 : FWB 00-00:B17217F7:D1:?? = +2.03697649E-39
A79D : BNE A76B       : A=A0 X=FF Y=00 SP=?? N=1 V=0 D=0 I=0 Z=0 C=0 : FWA 3B-84:00000000:00:00 = +0.00000000E+00 : FWB 00-00:B17217F7:D1:?? = +2.03697649E-39
A76B : PHX            : A=A0 X=FF Y=00 SP=?? N=1 V=0 D=0 I=0 Z=0 C=0 : FWA 3B-84:00000000:00:00 = +0.00000000E+00 : FWB 00-00:B17217F7:D1:?? = +2.03697649E-39
A76C : LSR 3D         : A=A0 X=FF Y=00 SP=?? N=0 V=0 D=0 I=0 Z=0 C=1 : FWA 3B-84:00000000:00:00 = +0.00000000E+00 : FWB 00-00:587217F7:D1:?? = +1.01530659E-39
A76E : ROR 3E         : A=A0 X=FF Y=00 SP=?? N=1 V=0 D=0 I=0 Z=0 C=0 : FWA 3B-84:00000000:00:00 = +0.00000000E+00 : FWB 00-00:58B917F7:D1:?? = +1.01849034E-39
A770 : ROR 3F         : A=A0 X=FF Y=00 SP=?? N=0 V=0 D=0 I=0 Z=0 C=1 : FWA 3B-84:00000000:00:00 = +0.00000000E+00 : FWB 00-00:58B90BF7:D1:?? = +1.01848824E-39
A772 : ROR 40         : A=A0 X=FF Y=00 SP=?? N=1 V=0 D=0 I=0 Z=0 C=1 : FWA 3B-84:00000000:00:00 = +0.00000000E+00 : FWB 00-00:58B90BFB:D1:?? = +1.01848824E-39
A774 : ROR 41         : A=A0 X=FF Y=00 SP=?? N=1 V=0 D=0 I=0 Z=0 C=1 : FWA 3B-84:00000000:00:00 = +0.00000000E+00 : FWB 00-00:58B90BFB:E8:?? = +1.01848824E-39
A776 : ASL 46,X       : A=A0 X=FF Y=00 SP=?? N=0 V=0 D=0 I=0 Z=0 C=1 : FWA 3B-84:00000000:00:00 = +0.00000000E+00 : FWB 00-00:58B90BFB:E8:?? = +1.01848824E-39
A778 : BCC A797       : A=A0 X=FF Y=00 SP=?? N=0 V=0 D=0 I=0 Z=0 C=1 : FWA 3B-84:00000000:00:00 = +0.00000000E+00 : FWB 00-00:58B90BFB:E8:?? = +1.01848824E-39
A77A : CLC            : A=A0 X=FF Y=00 SP=?? N=0 V=0 D=0 I=0 Z=0 C=0 : FWA 3B-84:00000000:00:00 = +0.00000000E+00 : FWB 00-00:58B90BFB:E8:?? = +1.01848824E-39
A77B : TYA            : A=00 X=FF Y=00 SP=?? N=0 V=0 D=0 I=0 Z=1 C=0 : FWA 3B-84:00000000:00:00 = +0.00000000E+00 : FWB 00-00:58B90BFB:E8:?? = +1.01848824E-39
A77C : ADC 42,X       : A=E8 X=FF Y=00 SP=?? N=1 V=0 D=0 I=0 Z=0 C=0 : FWA 3B-84:00000000:00:00 = +0.00000000E+00 : FWB 00-00:58B90BFB:E8:?? = +1.01848824E-39
A77E : TAY            : A=E8 X=FF Y=E8 SP=?? N=1 V=0 D=0 I=0 Z=0 C=0 : FWA 3B-84:00000000:00:00 = +0.00000000E+00 : FWB 00-00:58B90BFB:E8:?? = +1.01848824E-39
A77F : LDA 34         : A=00 X=FF Y=E8 SP=?? N=0 V=0 D=0 I=0 Z=1 C=0 : FWA 3B-84:00000000:00:00 = +0.00000000E+00 : FWB 00-00:58B90BFB:E8:?? = +1.01848824E-39
A781 : ADC 41,X       : A=FB X=FF Y=E8 SP=?? N=1 V=0 D=0 I=0 Z=0 C=0 : FWA 3B-84:00000000:00:00 = +0.00000000E+00 : FWB 00-00:58B90BFB:E8:?? = +1.01848824E-39
A783 : STA 34         : A=FB X=FF Y=E8 SP=?? N=1 V=0 D=0 I=0 Z=0 C=0 : FWA 3B-84:000000FB:00:00 = +9.35047865E-07 : FWB 00-00:58B90BFB:E8:?? = +1.01848824E-39
A785 : LDA 33         : A=00 X=FF Y=E8 SP=?? N=0 V=0 D=0 I=0 Z=1 C=0 : FWA 3B-84:000000FB:00:00 = +9.35047865E-07 : FWB 00-00:58B90BFB:E8:?? = +1.01848824E-39
A787 : ADC 40,X       : A=0B X=FF Y=E8 SP=?? N=0 V=0 D=0 I=0 Z=0 C=0 : FWA 3B-84:000000FB:00:00 = +9.35047865E-07 : FWB 00-00:58B90BFB:E8:?? = +1.01848824E-39
A789 : STA 33         : A=0B X=FF Y=E8 SP=?? N=0 V=0 D=0 I=0 Z=0 C=0 : FWA 3B-84:00000BFB:00:00 = +1.14254653E-05 : FWB 00-00:58B90BFB:E8:?? = +1.01848824E-39
A78B : LDA 32         : A=00 X=FF Y=E8 SP=?? N=0 V=0 D=0 I=0 Z=1 C=0 : FWA 3B-84:00000BFB:00:00 = +1.14254653E-05 : FWB 00-00:58B90BFB:E8:?? = +1.01848824E-39
A78D : ADC 3F,X       : A=B9 X=FF Y=E8 SP=?? N=1 V=0 D=0 I=0 Z=0 C=0 : FWA 3B-84:00000BFB:00:00 = +1.14254653E-05 : FWB 00-00:58B90BFB:E8:?? = +1.01848824E-39
A78F : STA 32         : A=B9 X=FF Y=E8 SP=?? N=1 V=0 D=0 I=0 Z=0 C=0 : FWA 3B-84:00B90BFB:00:00 = +4.51774411E-02 : FWB 00-00:58B90BFB:E8:?? = +1.01848824E-39
A791 : LDA 31         : A=00 X=FF Y=E8 SP=?? N=0 V=0 D=0 I=0 Z=1 C=0 : FWA 3B-84:00B90BFB:00:00 = +4.51774411E-02 : FWB 00-00:58B90BFB:E8:?? = +1.01848824E-39
A793 : ADC 3E,X       : A=58 X=FF Y=E8 SP=?? N=0 V=0 D=0 I=0 Z=0 C=0 : FWA 3B-84:00B90BFB:00:00 = +4.51774411E-02 : FWB 00-00:58B90BFB:E8:?? = +1.01848824E-39
A795 : STA 31         : A=58 X=FF Y=E8 SP=?? N=0 V=0 D=0 I=0 Z=0 C=0 : FWA 3B-84:58B90BFB:00:00 = +5.54517744E+00 : FWB 00-00:58B90BFB:E8:?? = +1.01848824E-39
A797 : INX            : A=58 X=00 Y=E8 SP=?? N=0 V=0 D=0 I=0 Z=1 C=0 : FWA 3B-84:58B90BFB:00:00 = +5.54517744E+00 : FWB 00-00:58B90BFB:E8:?? = +1.01848824E-39
A798 : BMI A776       : A=58 X=00 Y=E8 SP=?? N=0 V=0 D=0 I=0 Z=1 C=0 : FWA 3B-84:58B90BFB:00:00 = +5.54517744E+00 : FWB 00-00:58B90BFB:E8:?? = +1.01848824E-39
A79A : PLX            : A=58 X=FF Y=E8 SP=?? N=1 V=0 D=0 I=0 Z=0 C=0 : FWA 3B-84:58B90BFB:00:00 = +5.54517744E+00 : FWB 00-00:58B90BFB:E8:?? = +1.01848824E-39
A79B : LDA 46,X       : A=40 X=FF Y=E8 SP=?? N=0 V=0 D=0 I=0 Z=0 C=0 : FWA 3B-84:58B90BFB:00:00 = +5.54517744E+00 : FWB 00-00:58B90BFB:E8:?? = +1.01848824E-39
A79D : BNE A76B       : A=40 X=FF Y=E8 SP=?? N=0 V=0 D=0 I=0 Z=0 C=0 : FWA 3B-84:58B90BFB:00:00 = +5.54517744E+00 : FWB 00-00:58B90BFB:E8:?? = +1.01848824E-39
A76B : PHX            : A=40 X=FF Y=E8 SP=?? N=0 V=0 D=0 I=0 Z=0 C=0 : FWA 3B-84:58B90BFB:00:00 = +5.54517744E+00 : FWB 00-00:58B90BFB:E8:?? = +1.01848824E-39
A76C : LSR 3D         : A=40 X=FF Y=E8 SP=?? N=0 V=0 D=0 I=0 Z=0 C=0 : FWA 3B-84:58B90BFB:00:00 = +5.54517744E+00 : FWB 00-00:2CB90BFB:E8:?? = +5.13393015E-40
A76E : ROR 3E         : A=40 X=FF Y=E8 SP=?? N=0 V=0 D=0 I=0 Z=0 C=1 : FWA 3B-84:58B90BFB:00:00 = +5.54517744E+00 : FWB 00-00:2C5C0BFB:E8:?? = +5.09222751E-40
A770 : ROR 3F         : A=40 X=FF Y=E8 SP=?? N=1 V=0 D=0 I=0 Z=0 C=1 : FWA 3B-84:58B90BFB:00:00 = +5.54517744E+00 : FWB 00-00:2C5C85FB:E8:?? = +5.09244120E-40
A772 : ROR 40         : A=40 X=FF Y=E8 SP=?? N=1 V=0 D=0 I=0 Z=0 C=1 : FWA 3B-84:58B90BFB:00:00 = +5.54517744E+00 : FWB 00-00:2C5C85FD:E8:?? = +5.09244122E-40
A774 : ROR 41         : A=40 X=FF Y=E8 SP=?? N=1 V=0 D=0 I=0 Z=0 C=0 : FWA 3B-84:58B90BFB:00:00 = +5.54517744E+00 : FWB 00-00:2C5C85FD:F4:?? = +5.09244122E-40
A776 : ASL 46,X       : A=40 X=FF Y=E8 SP=?? N=1 V=0 D=0 I=0 Z=0 C=0 : FWA 3B-84:58B90BFB:00:00 = +5.54517744E+00 : FWB 00-00:2C5C85FD:F4:?? = +5.09244122E-40
A778 : BCC A797       : A=40 X=FF Y=E8 SP=?? N=1 V=0 D=0 I=0 Z=0 C=0 : FWA 3B-84:58B90BFB:00:00 = +5.54517744E+00 : FWB 00-00:2C5C85FD:F4:?? = +5.09244122E-40
A797 : INX            : A=40 X=00 Y=E8 SP=?? N=0 V=0 D=0 I=0 Z=1 C=0 : FWA 3B-84:58B90BFB:00:00 = +5.54517744E+00 : FWB 00-00:2C5C85FD:F4:?? = +5.09244122E-40
A798 : BMI A776       : A=40 X=00 Y=E8 SP=?? N=0 V=0 D=0 I=0 Z=1 C=0 : FWA 3B-84:58B90BFB:00:00 = +5.54517744E+00 : FWB 00-00:2C5C85FD:F4:?? = +5.09244122E-40
A79A : PLX            : A=40 X=FF Y=E8 SP=?? N=1 V=0 D=0 I=0 Z=0 C=0 : FWA 3B-84:58B90BFB:00:00 = +5.54517744E+00 : FWB 00-00:2C5C85FD:F4:?? = +5.09244122E-40
A79B : LDA 46,X       : A=80 X=FF Y=E8 SP=?? N=1 V=0 D=0 I=0 Z=0 C=0 : FWA 3B-84:58B90BFB:00:00 = +5.54517744E+00 : FWB 00-00:2C5C85FD:F4:?? = +5.09244122E-40
A79D : BNE A76B       : A=80 X=FF Y=E8 SP=?? N=1 V=0 D=0 I=0 Z=0 C=0 : FWA 3B-84:58B90BFB:00:00 = +5.54517744E+00 : FWB 00-00:2C5C85FD:F4:?? = +5.09244122E-40
A76B : PHX            : A=80 X=FF Y=E8 SP=?? N=1 V=0 D=0 I=0 Z=0 C=0 : FWA 3B-84:58B90BFB:00:00 = +5.54517744E+00 : FWB 00-00:2C5C85FD:F4:?? = +5.09244122E-40
A76C : LSR 3D         : A=80 X=FF Y=E8 SP=?? N=0 V=0 D=0 I=0 Z=0 C=0 : FWA 3B-84:58B90BFB:00:00 = +5.54517744E+00 : FWB 00-00:165C85FD:F4:?? = +2.56696507E-40
A76E : ROR 3E         : A=80 X=FF Y=E8 SP=?? N=0 V=0 D=0 I=0 Z=0 C=0 : FWA 3B-84:58B90BFB:00:00 = +5.54517744E+00 : FWB 00-00:162E85FD:F4:?? = +2.54633796E-40
A770 : ROR 3F         : A=80 X=FF Y=E8 SP=?? N=0 V=0 D=0 I=0 Z=0 C=1 : FWA 3B-84:58B90BFB:00:00 = +5.54517744E+00 : FWB 00-00:162E42FD:F4:?? = +2.54622060E-40
A772 : ROR 40         : A=80 X=FF Y=E8 SP=?? N=1 V=0 D=0 I=0 Z=0 C=1 : FWA 3B-84:58B90BFB:00:00 = +5.54517744E+00 : FWB 00-00:162E42FE:F4:?? = +2.54622061E-40
A774 : ROR 41         : A=80 X=FF Y=E8 SP=?? N=1 V=0 D=0 I=0 Z=0 C=0 : FWA 3B-84:58B90BFB:00:00 = +5.54517744E+00 : FWB 00-00:162E42FE:FA:?? = +2.54622061E-40
A776 : ASL 46,X       : A=80 X=FF Y=E8 SP=?? N=0 V=0 D=0 I=0 Z=1 C=1 : FWA 3B-84:58B90BFB:00:00 = +5.54517744E+00 : FWB 00-00:162E42FE:FA:?? = +2.54622061E-40
A778 : BCC A797       : A=80 X=FF Y=E8 SP=?? N=0 V=0 D=0 I=0 Z=1 C=1 : FWA 3B-84:58B90BFB:00:00 = +5.54517744E+00 : FWB 00-00:162E42FE:FA:?? = +2.54622061E-40
A77A : CLC            : A=80 X=FF Y=E8 SP=?? N=0 V=0 D=0 I=0 Z=1 C=0 : FWA 3B-84:58B90BFB:00:00 = +5.54517744E+00 : FWB 00-00:162E42FE:FA:?? = +2.54622061E-40
A77B : TYA            : A=E8 X=FF Y=E8 SP=?? N=1 V=0 D=0 I=0 Z=0 C=0 : FWA 3B-84:58B90BFB:00:00 = +5.54517744E+00 : FWB 00-00:162E42FE:FA:?? = +2.54622061E-40
A77C : ADC 42,X       : A=E2 X=FF Y=E8 SP=?? N=1 V=0 D=0 I=0 Z=0 C=1 : FWA 3B-84:58B90BFB:00:00 = +5.54517744E+00 : FWB 00-00:162E42FE:FA:?? = +2.54622061E-40
A77E : TAY            : A=E2 X=FF Y=E2 SP=?? N=1 V=0 D=0 I=0 Z=0 C=1 : FWA 3B-84:58B90BFB:00:00 = +5.54517744E+00 : FWB 00-00:162E42FE:FA:?? = +2.54622061E-40
A77F : LDA 34         : A=FB X=FF Y=E2 SP=?? N=1 V=0 D=0 I=0 Z=0 C=1 : FWA 3B-84:58B90BFB:00:00 = +5.54517744E+00 : FWB 00-00:162E42FE:FA:?? = +2.54622061E-40
A781 : ADC 41,X       : A=FA X=FF Y=E2 SP=?? N=1 V=0 D=0 I=0 Z=0 C=1 : FWA 3B-84:58B90BFB:00:00 = +5.54517744E+00 : FWB 00-00:162E42FE:FA:?? = +2.54622061E-40
A783 : STA 34         : A=FA X=FF Y=E2 SP=?? N=1 V=0 D=0 I=0 Z=0 C=1 : FWA 3B-84:58B90BFA:00:00 = +5.54517744E+00 : FWB 00-00:162E42FE:FA:?? = +2.54622061E-40
A785 : LDA 33         : A=0B X=FF Y=E2 SP=?? N=0 V=0 D=0 I=0 Z=0 C=1 : FWA 3B-84:58B90BFA:00:00 = +5.54517744E+00 : FWB 00-00:162E42FE:FA:?? = +2.54622061E-40
A787 : ADC 40,X       : A=4E X=FF Y=E2 SP=?? N=0 V=0 D=0 I=0 Z=0 C=0 : FWA 3B-84:58B90BFA:00:00 = +5.54517744E+00 : FWB 00-00:162E42FE:FA:?? = +2.54622061E-40
A789 : STA 33         : A=4E X=FF Y=E2 SP=?? N=0 V=0 D=0 I=0 Z=0 C=0 : FWA 3B-84:58B94EFA:00:00 = +5.54524133E+00 : FWB 00-00:162E42FE:FA:?? = +2.54622061E-40
A78B : LDA 32         : A=B9 X=FF Y=E2 SP=?? N=1 V=0 D=0 I=0 Z=0 C=0 : FWA 3B-84:58B94EFA:00:00 = +5.54524133E+00 : FWB 00-00:162E42FE:FA:?? = +2.54622061E-40
A78D : ADC 3F,X       : A=E7 X=FF Y=E2 SP=?? N=1 V=0 D=0 I=0 Z=0 C=0 : FWA 3B-84:58B94EFA:00:00 = +5.54524133E+00 : FWB 00-00:162E42FE:FA:?? = +2.54622061E-40
A78F : STA 32         : A=E7 X=FF Y=E2 SP=?? N=1 V=0 D=0 I=0 Z=0 C=0 : FWA 3B-84:58E74EFA:00:00 = +5.55647180E+00 : FWB 00-00:162E42FE:FA:?? = +2.54622061E-40
A791 : LDA 31         : A=58 X=FF Y=E2 SP=?? N=0 V=0 D=0 I=0 Z=0 C=0 : FWA 3B-84:58E74EFA:00:00 = +5.55647180E+00 : FWB 00-00:162E42FE:FA:?? = +2.54622061E-40
A793 : ADC 3E,X       : A=6E X=FF Y=E2 SP=?? N=0 V=0 D=0 I=0 Z=0 C=0 : FWA 3B-84:58E74EFA:00:00 = +5.55647180E+00 : FWB 00-00:162E42FE:FA:?? = +2.54622061E-40
A795 : STA 31         : A=6E X=FF Y=E2 SP=?? N=0 V=0 D=0 I=0 Z=0 C=0 : FWA 3B-84:6EE74EFA:00:00 = +6.93147180E+00 : FWB 00-00:162E42FE:FA:?? = +2.54622061E-40
A797 : INX            : A=6E X=00 Y=E2 SP=?? N=0 V=0 D=0 I=0 Z=1 C=0 : FWA 3B-84:6EE74EFA:00:00 = +6.93147180E+00 : FWB 00-00:162E42FE:FA:?? = +2.54622061E-40
A798 : BMI A776       : A=6E X=00 Y=E2 SP=?? N=0 V=0 D=0 I=0 Z=1 C=0 : FWA 3B-84:6EE74EFA:00:00 = +6.93147180E+00 : FWB 00-00:162E42FE:FA:?? = +2.54622061E-40
A79A : PLX            : A=6E X=FF Y=E2 SP=?? N=1 V=0 D=0 I=0 Z=0 C=0 : FWA 3B-84:6EE74EFA:00:00 = +6.93147180E+00 : FWB 00-00:162E42FE:FA:?? = +2.54622061E-40
A79B : LDA 46,X       : A=00 X=FF Y=E2 SP=?? N=0 V=0 D=0 I=0 Z=1 C=0 : FWA 3B-84:6EE74EFA:00:00 = +6.93147180E+00 : FWB 00-00:162E42FE:FA:?? = +2.54622061E-40
A79D : BNE A76B       : A=00 X=FF Y=E2 SP=?? N=0 V=0 D=0 I=0 Z=1 C=0 : FWA 3B-84:6EE74EFA:00:00 = +6.93147180E+00 : FWB 00-00:162E42FE:FA:?? = +2.54622061E-40
A79F : INX            : A=00 X=00 Y=E2 SP=?? N=0 V=0 D=0 I=0 Z=1 C=0 : FWA 3B-84:6EE74EFA:00:00 = +6.93147180E+00 : FWB 00-00:162E42FE:FA:?? = +2.54622061E-40
A7A0 : BMI A79B       : A=00 X=00 Y=E2 SP=?? N=0 V=0 D=0 I=0 Z=1 C=0 : FWA 3B-84:6EE74EFA:00:00 = +6.93147180E+00 : FWB 00-00:162E42FE:FA:?? = +2.54622061E-40
A7A2 : PLX            : A=00 X=95 Y=E2 SP=?? N=1 V=0 D=0 I=0 Z=0 C=0 : FWA 3B-84:6EE74EFA:00:00 = +6.93147180E+00 : FWB 00-00:162E42FE:FA:?? = +2.54622061E-40
A7A3 : STY 35         : A=00 X=95 Y=E2 SP=?? N=1 V=0 D=0 I=0 Z=0 C=0 : FWA 3B-84:6EE74EFA:E2:00 = +6.93147181E+00 : FWB 00-00:162E42FE:FA:?? = +2.54622061E-40
A7A5 : LDA 31         : A=6E X=95 Y=E2 SP=?? N=0 V=0 D=0 I=0 Z=0 C=0 : FWA 3B-84:6EE74EFA:E2:00 = +6.93147181E+00 : FWB 00-00:162E42FE:FA:?? = +2.54622061E-40
A7A7 : BMI A73D       : A=6E X=95 Y=E2 SP=?? N=0 V=0 D=0 I=0 Z=0 C=0 : FWA 3B-84:6EE74EFA:E2:00 = +6.93147181E+00 : FWB 00-00:162E42FE:FA:?? = +2.54622061E-40
A7A9 : JMP 8306       : A=6E X=95 Y=E2 SP=?? N=0 V=0 D=0 I=0 Z=0 C=0 : FWA 3B-84:6EE74EFA:E2:00 = +6.93147181E+00 : FWB 00-00:162E42FE:FA:?? = +2.54622061E-40
8306 : BNE 832F       : A=6E X=95 Y=E2 SP=?? N=0 V=0 D=0 I=0 Z=0 C=0 : FWA 3B-84:6EE74EFA:E2:00 = +6.93147181E+00 : FWB 00-00:162E42FE:FA:?? = +2.54622061E-40
832F : LDY 30         : A=6E X=95 Y=84 SP=?? N=1 V=0 D=0 I=0 Z=0 C=0 : FWA 3B-84:6EE74EFA:E2:00 = +6.93147181E+00 : FWB 00-00:162E42FE:FA:?? = +2.54622061E-40
8331 : DEY            : A=6E X=95 Y=83 SP=?? N=1 V=0 D=0 I=0 Z=0 C=0 : FWA 3B-84:6EE74EFA:E2:00 = +6.93147181E+00 : FWB 00-00:162E42FE:FA:?? = +2.54622061E-40
8332 : ASL 35         : A=6E X=95 Y=83 SP=?? N=1 V=0 D=0 I=0 Z=0 C=1 : FWA 3B-84:6EE74EFA:C4:00 = +6.93147181E+00 : FWB 00-00:162E42FE:FA:?? = +2.54622061E-40
8334 : ROL 34         : A=6E X=95 Y=83 SP=?? N=1 V=0 D=0 I=0 Z=0 C=1 : FWA 3B-84:6EE74EF5:C4:00 = +6.93147179E+00 : FWB 00-00:162E42FE:FA:?? = +2.54622061E-40
8336 : ROL 33         : A=6E X=95 Y=83 SP=?? N=1 V=0 D=0 I=0 Z=0 C=0 : FWA 3B-84:6EE79DF5:C4:00 = +6.93154713E+00 : FWB 00-00:162E42FE:FA:?? = +2.54622061E-40
8338 : ROL 32         : A=6E X=95 Y=83 SP=?? N=1 V=0 D=0 I=0 Z=0 C=1 : FWA 3B-84:6ECE9DF5:C4:00 = +6.92544361E+00 : FWB 00-00:162E42FE:FA:?? = +2.54622061E-40
833A : ROL A          : A=DD X=95 Y=83 SP=?? N=1 V=0 D=0 I=0 Z=0 C=0 : FWA 3B-84:6ECE9DF5:C4:00 = +6.92544361E+00 : FWB 00-00:162E42FE:FA:?? = +2.54622061E-40
833B : BPL 8331       : A=DD X=95 Y=83 SP=?? N=1 V=0 D=0 I=0 Z=0 C=0 : FWA 3B-84:6ECE9DF5:C4:00 = +6.92544361E+00 : FWB 00-00:162E42FE:FA:?? = +2.54622061E-40
833D : CPY 30         : A=DD X=95 Y=83 SP=?? N=1 V=0 D=0 I=0 Z=0 C=0 : FWA 3B-84:6ECE9DF5:C4:00 = +6.92544361E+00 : FWB 00-00:162E42FE:FA:?? = +2.54622061E-40
833F : STY 30         : A=DD X=95 Y=83 SP=?? N=1 V=0 D=0 I=0 Z=0 C=0 : FWA 3B-83:6ECE9DF5:C4:00 = +3.46272181E+00 : FWB 00-00:162E42FE:FA:?? = +2.54622061E-40
8341 : BCC 8345       : A=DD X=95 Y=83 SP=?? N=1 V=0 D=0 I=0 Z=0 C=0 : FWA 3B-83:6ECE9DF5:C4:00 = +3.46272181E+00 : FWB 00-00:162E42FE:FA:?? = +2.54622061E-40
8345 : TAY            : A=DD X=95 Y=DD SP=?? N=1 V=0 D=0 I=0 Z=0 C=0 : FWA 3B-83:6ECE9DF5:C4:00 = +3.46272181E+00 : FWB 00-00:162E42FE:FA:?? = +2.54622061E-40
8346 : STA 31         : A=DD X=95 Y=DD SP=?? N=1 V=0 D=0 I=0 Z=0 C=0 : FWA 3B-83:DDCE9DF5:C4:00 = +6.93147181E+00 : FWB 00-00:162E42FE:FA:?? = +2.54622061E-40
8348 : RTS            : A=DD X=95 Y=DD SP=?? N=1 V=0 D=0 I=0 Z=0 C=0 : FWA 3B-83:DDCE9DF5:C4:00 = +6.93147181E+00 : FWB 00-00:162E42FE:FA:?? = +2.54622061E-40
A9AF : JSR A5BB       : A=DD X=95 Y=DD SP=?? N=1 V=0 D=0 I=0 Z=0 C=0 : FWA 3B-83:DDCE9DF5:C4:00 = +6.93147181E+00 : FWB 00-00:162E42FE:FA:?? = +2.54622061E-40
A5BB : LDA #6C        : A=6C X=95 Y=DD SP=?? N=0 V=0 D=0 I=0 Z=0 C=0 : FWA 3B-83:DDCE9DF5:C4:00 = +6.93147181E+00 : FWB 00-00:162E42FE:FA:?? = +2.54622061E-40
A5BD : LDY #04        : A=6C X=95 Y=04 SP=?? N=0 V=0 D=0 I=0 Z=0 C=0 : FWA 3B-83:DDCE9DF5:C4:00 = +6.93147181E+00 : FWB 00-00:162E42FE:FA:?? = +2.54622061E-40
A5BF : BRA A5B6       : A=6C X=95 Y=04 SP=?? N=0 V=0 D=0 I=0 Z=0 C=0 : FWA 3B-83:DDCE9DF5:C4:00 = +6.93147181E+00 : FWB 00-00:162E42FE:FA:?? = +2.54622061E-40
A5B6 : STA 4A         : A=6C X=95 Y=04 SP=?? N=0 V=0 D=0 I=0 Z=0 C=0 : FWA 3B-83:DDCE9DF5:C4:00 = +6.93147181E+00 : FWB 00-00:162E42FE:FA:?? = +2.54622061E-40
A5B8 : STY 4B         : A=6C X=95 Y=04 SP=?? N=0 V=0 D=0 I=0 Z=0 C=0 : FWA 3B-83:DDCE9DF5:C4:00 = +6.93147181E+00 : FWB 00-00:162E42FE:FA:?? = +2.54622061E-40
A5BA : RTS            : A=6C X=95 Y=04 SP=?? N=0 V=0 D=0 I=0 Z=0 C=0 : FWA 3B-83:DDCE9DF5:C4:00 = +6.93147181E+00 : FWB 00-00:162E42FE:FA:?? = +2.54622061E-40
A9B2 : JMP A704       : A=6C X=95 Y=04 SP=?? N=0 V=0 D=0 I=0 Z=0 C=0 : FWA 3B-83:DDCE9DF5:C4:00 = +6.93147181E+00 : FWB 00-00:162E42FE:FA:?? = +2.54622061E-40
A704 : LDA 31         : A=DD X=95 Y=04 SP=?? N=1 V=0 D=0 I=0 Z=0 C=0 : FWA 3B-83:DDCE9DF5:C4:00 = +6.93147181E+00 : FWB 00-00:162E42FE:FA:?? = +2.54622061E-40
A706 : EOR 2E         : A=E6 X=95 Y=04 SP=?? N=1 V=0 D=0 I=0 Z=0 C=0 : FWA 3B-83:DDCE9DF5:C4:00 = +6.93147181E+00 : FWB 00-00:162E42FE:FA:?? = +2.54622061E-40
A708 : STA 2E         : A=E6 X=95 Y=04 SP=?? N=1 V=0 D=0 I=0 Z=0 C=0 : FWA E6-83:DDCE9DF5:C4:00 = -6.93147181E+00 : FWB 00-00:162E42FE:FA:?? = +2.54622061E-40
A70A : JSR A514       : A=E6 X=95 Y=04 SP=?? N=1 V=0 D=0 I=0 Z=0 C=0 : FWA E6-83:DDCE9DF5:C4:00 = -6.93147181E+00 : FWB 00-00:162E42FE:FA:?? = +2.54622061E-40
A514 : STZ 41         : A=E6 X=95 Y=04 SP=?? N=1 V=0 D=0 I=0 Z=0 C=0 : FWA E6-83:DDCE9DF5:C4:00 = -6.93147181E+00 : FWB 00-00:162E42FE:00:?? = +2.54622060E-40
A516 : LDY #04        : A=E6 X=95 Y=04 SP=?? N=0 V=0 D=0 I=0 Z=0 C=0 : FWA E6-83:DDCE9DF5:C4:00 = -6.93147181E+00 : FWB 00-00:162E42FE:00:?? = +2.54622060E-40
A518 : LDA (4A),Y     : A=46 X=95 Y=04 SP=?? N=0 V=0 D=0 I=0 Z=0 C=0 : FWA E6-83:DDCE9DF5:C4:00 = -6.93147181E+00 : FWB 00-00:162E42FE:00:?? = +2.54622060E-40
A51A : STA 40         : A=46 X=95 Y=04 SP=?? N=0 V=0 D=0 I=0 Z=0 C=0 : FWA E6-83:DDCE9DF5:C4:00 = -6.93147181E+00 : FWB 00-00:162E4246:00:?? = +2.54621934E-40
A51C : DEY            : A=46 X=95 Y=03 SP=?? N=0 V=0 D=0 I=0 Z=0 C=0 : FWA E6-83:DDCE9DF5:C4:00 = -6.93147181E+00 : FWB 00-00:162E4246:00:?? = +2.54621934E-40
A51D : LDA (4A),Y     : A=29 X=95 Y=03 SP=?? N=0 V=0 D=0 I=0 Z=0 C=0 : FWA E6-83:DDCE9DF5:C4:00 = -6.93147181E+00 : FWB 00-00:162E4246:00:?? = +2.54621934E-40
A51F : STA 3F         : A=29 X=95 Y=03 SP=?? N=0 V=0 D=0 I=0 Z=0 C=0 : FWA E6-83:DDCE9DF5:C4:00 = -6.93147181E+00 : FWB 00-00:162E2946:00:?? = +2.54617555E-40
A521 : DEY            : A=29 X=95 Y=02 SP=?? N=0 V=0 D=0 I=0 Z=0 C=0 : FWA E6-83:DDCE9DF5:C4:00 = -6.93147181E+00 : FWB 00-00:162E2946:00:?? = +2.54617555E-40
A522 : LDA (4A),Y     : A=49 X=95 Y=02 SP=?? N=0 V=0 D=0 I=0 Z=0 C=0 : FWA E6-83:DDCE9DF5:C4:00 = -6.93147181E+00 : FWB 00-00:162E2946:00:?? = +2.54617555E-40
A524 : STA 3E         : A=49 X=95 Y=02 SP=?? N=0 V=0 D=0 I=0 Z=0 C=0 : FWA E6-83:DDCE9DF5:C4:00 = -6.93147181E+00 : FWB 00-00:16492946:00:?? = +2.55828277E-40
A526 : DEY            : A=49 X=95 Y=01 SP=?? N=0 V=0 D=0 I=0 Z=0 C=0 : FWA E6-83:DDCE9DF5:C4:00 = -6.93147181E+00 : FWB 00-00:16492946:00:?? = +2.55828277E-40
A527 : LDA (4A),Y     : A=42 X=95 Y=01 SP=?? N=0 V=0 D=0 I=0 Z=0 C=0 : FWA E6-83:DDCE9DF5:C4:00 = -6.93147181E+00 : FWB 00-00:16492946:00:?? = +2.55828277E-40
A529 : STA 3B         : A=42 X=95 Y=01 SP=?? N=0 V=0 D=0 I=0 Z=0 C=0 : FWA E6-83:DDCE9DF5:C4:00 = -6.93147181E+00 : FWB 42-00:16492946:00:?? = +2.55828277E-40
A52B : TAY            : A=42 X=95 Y=42 SP=?? N=0 V=0 D=0 I=0 Z=0 C=0 : FWA E6-83:DDCE9DF5:C4:00 = -6.93147181E+00 : FWB 42-00:16492946:00:?? = +2.55828277E-40
A52C : LDA (4A)       : A=7B X=95 Y=42 SP=?? N=0 V=0 D=0 I=0 Z=0 C=0 : FWA E6-83:DDCE9DF5:C4:00 = -6.93147181E+00 : FWB 42-00:16492946:00:?? = +2.55828277E-40
A52E : STA 3C         : A=7B X=95 Y=42 SP=?? N=0 V=0 D=0 I=0 Z=0 C=0 : FWA E6-83:DDCE9DF5:C4:00 = -6.93147181E+00 : FWB 42-7B:16492946:00:?? = +2.72043287E-03
A530 : BNE A53B       : A=7B X=95 Y=42 SP=?? N=0 V=0 D=0 I=0 Z=0 C=0 : FWA E6-83:DDCE9DF5:C4:00 = -6.93147181E+00 : FWB 42-7B:16492946:00:?? = +2.72043287E-03
A53B : TYA            : A=42 X=95 Y=42 SP=?? N=0 V=0 D=0 I=0 Z=0 C=0 : FWA E6-83:DDCE9DF5:C4:00 = -6.93147181E+00 : FWB 42-7B:16492946:00:?? = +2.72043287E-03
A53C : ORA #80        : A=C2 X=95 Y=42 SP=?? N=1 V=0 D=0 I=0 Z=0 C=0 : FWA E6-83:DDCE9DF5:C4:00 = -6.93147181E+00 : FWB 42-7B:16492946:00:?? = +2.72043287E-03
A53E : STA 3D         : A=C2 X=95 Y=42 SP=?? N=1 V=0 D=0 I=0 Z=0 C=0 : FWA E6-83:DDCE9DF5:C4:00 = -6.93147181E+00 : FWB 42-7B:C2492946:00:?? = +2.37165266E-02
A540 : RTS            : A=C2 X=95 Y=42 SP=?? N=1 V=0 D=0 I=0 Z=0 C=0 : FWA E6-83:DDCE9DF5:C4:00 = -6.93147181E+00 : FWB 42-7B:C2492946:00:?? = +2.37165266E-02
A70D : BEQ A73B       : A=C2 X=95 Y=42 SP=?? N=1 V=0 D=0 I=0 Z=0 C=0 : FWA E6-83:DDCE9DF5:C4:00 = -6.93147181E+00 : FWB 42-7B:C2492946:00:?? = +2.37165266E-02
A70F : JSR 8429       : A=C2 X=95 Y=42 SP=?? N=1 V=0 D=0 I=0 Z=0 C=0 : FWA E6-83:DDCE9DF5:C4:00 = -6.93147181E+00 : FWB 42-7B:C2492946:00:?? = +2.37165266E-02
8429 : LDA 31         : A=DD X=95 Y=42 SP=?? N=1 V=0 D=0 I=0 Z=0 C=0 : FWA E6-83:DDCE9DF5:C4:00 = -6.93147181E+00 : FWB 42-7B:C2492946:00:?? = +2.37165266E-02
842B : BEQ 840A       : A=DD X=95 Y=42 SP=?? N=1 V=0 D=0 I=0 Z=0 C=0 : FWA E6-83:DDCE9DF5:C4:00 = -6.93147181E+00 : FWB 42-7B:C2492946:00:?? = +2.37165266E-02
842D : SEC            : A=DD X=95 Y=42 SP=?? N=1 V=0 D=0 I=0 Z=0 C=1 : FWA E6-83:DDCE9DF5:C4:00 = -6.93147181E+00 : FWB 42-7B:C2492946:00:?? = +2.37165266E-02
842E : LDA 30         : A=83 X=95 Y=42 SP=?? N=1 V=0 D=0 I=0 Z=0 C=1 : FWA E6-83:DDCE9DF5:C4:00 = -6.93147181E+00 : FWB 42-7B:C2492946:00:?? = +2.37165266E-02
8430 : SBC 3C         : A=08 X=95 Y=42 SP=?? N=0 V=1 D=0 I=0 Z=0 C=1 : FWA E6-83:DDCE9DF5:C4:00 = -6.93147181E+00 : FWB 42-7B:C2492946:00:?? = +2.37165266E-02
8432 : BEQ 84A3       : A=08 X=95 Y=42 SP=?? N=0 V=1 D=0 I=0 Z=0 C=1 : FWA E6-83:DDCE9DF5:C4:00 = -6.93147181E+00 : FWB 42-7B:C2492946:00:?? = +2.37165266E-02
8434 : BCC 846A       : A=08 X=95 Y=42 SP=?? N=0 V=1 D=0 I=0 Z=0 C=1 : FWA E6-83:DDCE9DF5:C4:00 = -6.93147181E+00 : FWB 42-7B:C2492946:00:?? = +2.37165266E-02
8436 : CMP #25        : A=08 X=95 Y=42 SP=?? N=1 V=1 D=0 I=0 Z=0 C=0 : FWA E6-83:DDCE9DF5:C4:00 = -6.93147181E+00 : FWB 42-7B:C2492946:00:?? = +2.37165266E-02
8438 : BCS 8428       : A=08 X=95 Y=42 SP=?? N=1 V=1 D=0 I=0 Z=0 C=0 : FWA E6-83:DDCE9DF5:C4:00 = -6.93147181E+00 : FWB 42-7B:C2492946:00:?? = +2.37165266E-02
843A : TAY            : A=08 X=95 Y=08 SP=?? N=0 V=1 D=0 I=0 Z=0 C=0 : FWA E6-83:DDCE9DF5:C4:00 = -6.93147181E+00 : FWB 42-7B:C2492946:00:?? = +2.37165266E-02
843B : AND #38        : A=08 X=95 Y=08 SP=?? N=0 V=1 D=0 I=0 Z=0 C=0 : FWA E6-83:DDCE9DF5:C4:00 = -6.93147181E+00 : FWB 42-7B:C2492946:00:?? = +2.37165266E-02
843D : BEQ 8456       : A=08 X=95 Y=08 SP=?? N=0 V=1 D=0 I=0 Z=0 C=0 : FWA E6-83:DDCE9DF5:C4:00 = -6.93147181E+00 : FWB 42-7B:C2492946:00:?? = +2.37165266E-02
843F : SEC            : A=08 X=95 Y=08 SP=?? N=0 V=1 D=0 I=0 Z=0 C=1 : FWA E6-83:DDCE9DF5:C4:00 = -6.93147181E+00 : FWB 42-7B:C2492946:00:?? = +2.37165266E-02
8440 : LDX 40         : A=08 X=46 Y=08 SP=?? N=0 V=1 D=0 I=0 Z=0 C=1 : FWA E6-83:DDCE9DF5:C4:00 = -6.93147181E+00 : FWB 42-7B:C2492946:00:?? = +2.37165266E-02
8442 : STX 41         : A=08 X=46 Y=08 SP=?? N=0 V=1 D=0 I=0 Z=0 C=1 : FWA E6-83:DDCE9DF5:C4:00 = -6.93147181E+00 : FWB 42-7B:C2492946:46:?? = +2.37165266E-02
8444 : LDX 3F         : A=08 X=29 Y=08 SP=?? N=0 V=1 D=0 I=0 Z=0 C=1 : FWA E6-83:DDCE9DF5:C4:00 = -6.93147181E+00 : FWB 42-7B:C2492946:46:?? = +2.37165266E-02
8446 : STX 40         : A=08 X=29 Y=08 SP=?? N=0 V=1 D=0 I=0 Z=0 C=1 : FWA E6-83:DDCE9DF5:C4:00 = -6.93147181E+00 : FWB 42-7B:C2492929:46:?? = +2.37165264E-02
8448 : LDX 3E         : A=08 X=49 Y=08 SP=?? N=0 V=1 D=0 I=0 Z=0 C=1 : FWA E6-83:DDCE9DF5:C4:00 = -6.93147181E+00 : FWB 42-7B:C2492929:46:?? = +2.37165264E-02
844A : STX 3F         : A=08 X=49 Y=08 SP=?? N=0 V=1 D=0 I=0 Z=0 C=1 : FWA E6-83:DDCE9DF5:C4:00 = -6.93147181E+00 : FWB 42-7B:C2494929:46:?? = +2.37165860E-02
844C : LDX 3D         : A=08 X=C2 Y=08 SP=?? N=1 V=1 D=0 I=0 Z=0 C=1 : FWA E6-83:DDCE9DF5:C4:00 = -6.93147181E+00 : FWB 42-7B:C2494929:46:?? = +2.37165860E-02
844E : STX 3E         : A=08 X=C2 Y=08 SP=?? N=1 V=1 D=0 I=0 Z=0 C=1 : FWA E6-83:DDCE9DF5:C4:00 = -6.93147181E+00 : FWB 42-7B:C2C24929:46:?? = +2.37742833E-02
8450 : STZ 3D         : A=08 X=C2 Y=08 SP=?? N=1 V=1 D=0 I=0 Z=0 C=1 : FWA E6-83:DDCE9DF5:C4:00 = -6.93147181E+00 : FWB 42-7B:00C24929:46:?? = +9.26426821E-05
8452 : SBC #08        : A=00 X=C2 Y=08 SP=?? N=0 V=0 D=0 I=0 Z=1 C=1 : FWA E6-83:DDCE9DF5:C4:00 = -6.93147181E+00 : FWB 42-7B:00C24929:46:?? = +9.26426821E-05
8454 : BNE 8440       : A=00 X=C2 Y=08 SP=?? N=0 V=0 D=0 I=0 Z=1 C=1 : FWA E6-83:DDCE9DF5:C4:00 = -6.93147181E+00 : FWB 42-7B:00C24929:46:?? = +9.26426821E-05
8456 : TYA            : A=08 X=C2 Y=08 SP=?? N=0 V=0 D=0 I=0 Z=0 C=1 : FWA E6-83:DDCE9DF5:C4:00 = -6.93147181E+00 : FWB 42-7B:00C24929:46:?? = +9.26426821E-05
8457 : AND #07        : A=00 X=C2 Y=08 SP=?? N=0 V=0 D=0 I=0 Z=1 C=1 : FWA E6-83:DDCE9DF5:C4:00 = -6.93147181E+00 : FWB 42-7B:00C24929:46:?? = +9.26426821E-05
8459 : BEQ 84A3       : A=00 X=C2 Y=08 SP=?? N=0 V=0 D=0 I=0 Z=1 C=1 : FWA E6-83:DDCE9DF5:C4:00 = -6.93147181E+00 : FWB 42-7B:00C24929:46:?? = +9.26426821E-05
84A3 : LDA 2E         : A=E6 X=C2 Y=08 SP=?? N=1 V=0 D=0 I=0 Z=0 C=1 : FWA E6-83:DDCE9DF5:C4:00 = -6.93147181E+00 : FWB 42-7B:00C24929:46:?? = +9.26426821E-05
84A5 : EOR 3B         : A=A4 X=C2 Y=08 SP=?? N=1 V=0 D=0 I=0 Z=0 C=1 : FWA E6-83:DDCE9DF5:C4:00 = -6.93147181E+00 : FWB 42-7B:00C24929:46:?? = +9.26426821E-05
84A7 : BMI 84AD       : A=A4 X=C2 Y=08 SP=?? N=1 V=0 D=0 I=0 Z=0 C=1 : FWA E6-83:DDCE9DF5:C4:00 = -6.93147181E+00 : FWB 42-7B:00C24929:46:?? = +9.26426821E-05
84AD : LDA 31         : A=DD X=C2 Y=08 SP=?? N=1 V=0 D=0 I=0 Z=0 C=1 : FWA E6-83:DDCE9DF5:C4:00 = -6.93147181E+00 : FWB 42-7B:00C24929:46:?? = +9.26426821E-05
84AF : CMP 3D         : A=DD X=C2 Y=08 SP=?? N=1 V=0 D=0 I=0 Z=0 C=1 : FWA E6-83:DDCE9DF5:C4:00 = -6.93147181E+00 : FWB 42-7B:00C24929:46:?? = +9.26426821E-05
84B1 : BNE 84CE       : A=DD X=C2 Y=08 SP=?? N=1 V=0 D=0 I=0 Z=0 C=1 : FWA E6-83:DDCE9DF5:C4:00 = -6.93147181E+00 : FWB 42-7B:00C24929:46:?? = +9.26426821E-05
84CE : BCS 84F4       : A=DD X=C2 Y=08 SP=?? N=1 V=0 D=0 I=0 Z=0 C=1 : FWA E6-83:DDCE9DF5:C4:00 = -6.93147181E+00 : FWB 42-7B:00C24929:46:?? = +9.26426821E-05
84F4 : LDA 35         : A=C4 X=C2 Y=08 SP=?? N=1 V=0 D=0 I=0 Z=0 C=1 : FWA E6-83:DDCE9DF5:C4:00 = -6.93147181E+00 : FWB 42-7B:00C24929:46:?? = +9.26426821E-05
84F6 : SBC 41         : A=7E X=C2 Y=08 SP=?? N=0 V=1 D=0 I=0 Z=0 C=1 : FWA E6-83:DDCE9DF5:C4:00 = -6.93147181E+00 : FWB 42-7B:00C24929:46:?? = +9.26426821E-05
84F8 : STA 35         : A=7E X=C2 Y=08 SP=?? N=0 V=1 D=0 I=0 Z=0 C=1 : FWA E6-83:DDCE9DF5:7E:00 = -6.93147181E+00 : FWB 42-7B:00C24929:46:?? = +9.26426821E-05
84FA : LDA 34         : A=F5 X=C2 Y=08 SP=?? N=1 V=1 D=0 I=0 Z=0 C=1 : FWA E6-83:DDCE9DF5:7E:00 = -6.93147181E+00 : FWB 42-7B:00C24929:46:?? = +9.26426821E-05
84FC : SBC 40         : A=CC X=C2 Y=08 SP=?? N=1 V=0 D=0 I=0 Z=0 C=1 : FWA E6-83:DDCE9DF5:7E:00 = -6.93147181E+00 : FWB 42-7B:00C24929:46:?? = +9.26426821E-05
84FE : STA 34         : A=CC X=C2 Y=08 SP=?? N=1 V=0 D=0 I=0 Z=0 C=1 : FWA E6-83:DDCE9DCC:7E:00 = -6.93147173E+00 : FWB 42-7B:00C24929:46:?? = +9.26426821E-05
8500 : LDA 33         : A=9D X=C2 Y=08 SP=?? N=1 V=0 D=0 I=0 Z=0 C=1 : FWA E6-83:DDCE9DCC:7E:00 = -6.93147173E+00 : FWB 42-7B:00C24929:46:?? = +9.26426821E-05
8502 : SBC 3F         : A=54 X=C2 Y=08 SP=?? N=0 V=1 D=0 I=0 Z=0 C=1 : FWA E6-83:DDCE9DCC:7E:00 = -6.93147173E+00 : FWB 42-7B:00C24929:46:?? = +9.26426821E-05
8504 : STA 33         : A=54 X=C2 Y=08 SP=?? N=0 V=1 D=0 I=0 Z=0 C=1 : FWA E6-83:DDCE54CC:7E:00 = -6.93143692E+00 : FWB 42-7B:00C24929:46:?? = +9.26426821E-05
8506 : LDA 32         : A=CE X=C2 Y=08 SP=?? N=1 V=1 D=0 I=0 Z=0 C=1 : FWA E6-83:DDCE54CC:7E:00 = -6.93143692E+00 : FWB 42-7B:00C24929:46:?? = +9.26426821E-05
8508 : SBC 3E         : A=0C X=C2 Y=08 SP=?? N=0 V=0 D=0 I=0 Z=0 C=1 : FWA E6-83:DDCE54CC:7E:00 = -6.93143692E+00 : FWB 42-7B:00C24929:46:?? = +9.26426821E-05
850A : STA 32         : A=0C X=C2 Y=08 SP=?? N=0 V=0 D=0 I=0 Z=0 C=1 : FWA E6-83:DD0C54CC:7E:00 = -6.90775528E+00 : FWB 42-7B:00C24929:46:?? = +9.26426821E-05
850C : LDA 31         : A=DD X=C2 Y=08 SP=?? N=1 V=0 D=0 I=0 Z=0 C=1 : FWA E6-83:DD0C54CC:7E:00 = -6.90775528E+00 : FWB 42-7B:00C24929:46:?? = +9.26426821E-05
850E : SBC 3D         : A=DD X=C2 Y=08 SP=?? N=1 V=0 D=0 I=0 Z=0 C=1 : FWA E6-83:DD0C54CC:7E:00 = -6.90775528E+00 : FWB 42-7B:00C24929:46:?? = +9.26426821E-05
8510 : JMP 8304       : A=DD X=C2 Y=08 SP=?? N=1 V=0 D=0 I=0 Z=0 C=1 : FWA E6-83:DD0C54CC:7E:00 = -6.90775528E+00 : FWB 42-7B:00C24929:46:?? = +9.26426821E-05
8304 : BMI 8346       : A=DD X=C2 Y=08 SP=?? N=1 V=0 D=0 I=0 Z=0 C=1 : FWA E6-83:DD0C54CC:7E:00 = -6.90775528E+00 : FWB 42-7B:00C24929:46:?? = +9.26426821E-05
8346 : STA 31         : A=DD X=C2 Y=08 SP=?? N=1 V=0 D=0 I=0 Z=0 C=1 : FWA E6-83:DD0C54CC:7E:00 = -6.90775528E+00 : FWB 42-7B:00C24929:46:?? = +9.26426821E-05
8348 : RTS            : A=DD X=C2 Y=08 SP=?? N=1 V=0 D=0 I=0 Z=0 C=1 : FWA E6-83:DD0C54CC:7E:00 = -6.90775528E+00 : FWB 42-7B:00C24929:46:?? = +9.26426821E-05
A712 : LDA 35         : A=7E X=C2 Y=08 SP=?? N=0 V=0 D=0 I=0 Z=0 C=1 : FWA E6-83:DD0C54CC:7E:00 = -6.90775528E+00 : FWB 42-7B:00C24929:46:?? = +9.26426821E-05
A714 : BPL A725       : A=7E X=C2 Y=08 SP=?? N=0 V=0 D=0 I=0 Z=0 C=1 : FWA E6-83:DD0C54CC:7E:00 = -6.90775528E+00 : FWB 42-7B:00C24929:46:?? = +9.26426821E-05
A725 : LDA 2F         : A=00 X=C2 Y=08 SP=?? N=0 V=0 D=0 I=0 Z=1 C=1 : FWA E6-83:DD0C54CC:7E:00 = -6.90775528E+00 : FWB 42-7B:00C24929:46:?? = +9.26426821E-05
A727 : BEQ A739       : A=00 X=C2 Y=08 SP=?? N=0 V=0 D=0 I=0 Z=1 C=1 : FWA E6-83:DD0C54CC:7E:00 = -6.90775528E+00 : FWB 42-7B:00C24929:46:?? = +9.26426821E-05
A739 : STZ 35         : A=00 X=C2 Y=08 SP=?? N=0 V=0 D=0 I=0 Z=1 C=1 : FWA E6-83:DD0C54CC:00:00 = -6.90775528E+00 : FWB 42-7B:00C24929:46:?? = +9.26426821E-05
A73B : LDA #FF        : A=FF X=C2 Y=08 SP=?? N=1 V=0 D=0 I=0 Z=0 C=1 : FWA E6-83:DD0C54CC:00:00 = -6.90775528E+00 : FWB 42-7B:00C24929:46:?? = +9.26426821E-05
A73D : RTS            : A=FF X=C2 Y=08 SP=?? N=1 V=0 D=0 I=0 Z=0 C=1 : FWA E6-83:DD0C54CC:00:00 = -6.90775528E+00 : FWB 42-7B:00C24929:46:?? = +9.26426821E-05
A802 : JSR A712       : A=FF X=C2 Y=08 SP=?? N=1 V=0 D=0 I=0 Z=0 C=1 : FWA E6-83:DD0C54CC:00:00 = -6.90775528E+00 : FWB 42-7B:00C24929:46:?? = +9.26426821E-05
A712 : LDA 35         : A=00 X=C2 Y=08 SP=?? N=0 V=0 D=0 I=0 Z=1 C=1 : FWA E6-83:DD0C54CC:00:00 = -6.90775528E+00 : FWB 42-7B:00C24929:46:?? = +9.26426821E-05
A714 : BPL A725       : A=00 X=C2 Y=08 SP=?? N=0 V=0 D=0 I=0 Z=1 C=1 : FWA E6-83:DD0C54CC:00:00 = -6.90775528E+00 : FWB 42-7B:00C24929:46:?? = +9.26426821E-05
A725 : LDA 2F         : A=00 X=C2 Y=08 SP=?? N=0 V=0 D=0 I=0 Z=1 C=1 : FWA E6-83:DD0C54CC:00:00 = -6.90775528E+00 : FWB 42-7B:00C24929:46:?? = +9.26426821E-05
A727 : BEQ A739       : A=00 X=C2 Y=08 SP=?? N=0 V=0 D=0 I=0 Z=1 C=1 : FWA E6-83:DD0C54CC:00:00 = -6.90775528E+00 : FWB 42-7B:00C24929:46:?? = +9.26426821E-05
A739 : STZ 35         : A=00 X=C2 Y=08 SP=?? N=0 V=0 D=0 I=0 Z=1 C=1 : FWA E6-83:DD0C54CC:00:00 = -6.90775528E+00 : FWB 42-7B:00C24929:46:?? = +9.26426821E-05
A73B : LDA #FF        : A=FF X=C2 Y=08 SP=?? N=1 V=0 D=0 I=0 Z=0 C=1 : FWA E6-83:DD0C54CC:00:00 = -6.90775528E+00 : FWB 42-7B:00C24929:46:?? = +9.26426821E-05
A73D : RTS            : A=FF X=C2 Y=08 SP=?? N=1 V=0 D=0 I=0 Z=0 C=1 : FWA E6-83:DD0C54CC:00:00 = -6.90775528E+00 : FWB 42-7B:00C24929:46:?? = +9.26426821E-05
