A7AF : LDA 31         : A=E1 X=29 Y=FF SP=?? N=1 V=0 D=0 I=0 Z=0 C=1 : FWA 61-8A:E1000000:00:00 = +9.00000000E+02 : FWB 04-??:????????:??:?? = ???????????????
A7B1 : EOR 2E         : A=80 X=29 Y=FF SP=?? N=1 V=0 D=0 I=0 Z=0 C=1 : FWA 61-8A:E1000000:00:00 = +9.00000000E+02 : FWB 04-??:????????:??:?? = ???????????????
A7B3 : BMI A7CD       : A=80 X=29 Y=FF SP=?? N=1 V=0 D=0 I=0 Z=0 C=1 : FWA 61-8A:E1000000:00:00 = +9.00000000E+02 : FWB 04-??:????????:??:?? = ???????????????
A7CD : LDY #80        : A=80 X=29 Y=80 SP=?? N=1 V=0 D=0 I=0 Z=0 C=1 : FWA 61-8A:E1000000:00:00 = +9.00000000E+02 : FWB 04-??:????????:??:?? = ???????????????
A7CF : LDX 30         : A=80 X=8A Y=80 SP=?? N=1 V=0 D=0 I=0 Z=0 C=1 : FWA 61-8A:E1000000:00:00 = +9.00000000E+02 : FWB 04-??:????????:??:?? = ???????????????
A7D1 : BEQ A7DB       : A=80 X=8A Y=80 SP=?? N=1 V=0 D=0 I=0 Z=0 C=1 : FWA 61-8A:E1000000:00:00 = +9.00000000E+02 : FWB 04-??:????????:??:?? = ???????????????
A7D3 : LDA 31         : A=E1 X=8A Y=80 SP=?? N=1 V=0 D=0 I=0 Z=0 C=1 : FWA 61-8A:E1000000:00:00 = +9.00000000E+02 : FWB 04-??:????????:??:?? = ???????????????
A7D5 : CMP #B5        : A=E1 X=8A Y=80 SP=?? N=0 V=0 D=0 I=0 Z=0 C=1 : FWA 61-8A:E1000000:00:00 = +9.00000000E+02 : FWB 04-??:????????:??:?? = ???????????????
A7D7 : BCS A7DB       : A=E1 X=8A Y=80 SP=?? N=0 V=0 D=0 I=0 Z=0 C=1 : FWA 61-8A:E1000000:00:00 = +9.00000000E+02 : FWB 04-??:????????:??:?? = ???????????????
A7DB : PHX            : A=E1 X=8A Y=80 SP=?? N=0 V=0 D=0 I=0 Z=0 C=1 : FWA 61-8A:E1000000:00:00 = +9.00000000E+02 : FWB 04-??:????????:??:?? = ???????????????
A7DC : STY 30         : A=E1 X=8A Y=80 SP=?? N=0 V=0 D=0 I=0 Z=0 C=1 : FWA 61-80:E1000000:00:00 = +8.78906250E-01 : FWB 04-??:????????:??:?? = ???????????????
A7DE : JSR A5E3       : A=E1 X=8A Y=80 SP=?? N=0 V=0 D=0 I=0 Z=0 C=1 : FWA 61-80:E1000000:00:00 = +8.78906250E-01 : FWB 04-??:????????:??:?? = ???????????????
A5E3 : JSR A5CC       : A=E1 X=8A Y=80 SP=?? N=0 V=0 D=0 I=0 Z=0 C=1 : FWA 61-80:E1000000:00:00 = +8.78906250E-01 : FWB 04-??:????????:??:?? = ???????????????
A5CC : JSR AD10       : A=E1 X=8A Y=80 SP=?? N=0 V=0 D=0 I=0 Z=0 C=1 : FWA 61-80:E1000000:00:00 = +8.78906250E-01 : FWB 04-??:????????:??:?? = ???????????????
AD10 : LDA 31         : A=E1 X=8A Y=80 SP=?? N=1 V=0 D=0 I=0 Z=0 C=1 : FWA 61-80:E1000000:00:00 = +8.78906250E-01 : FWB 04-??:????????:??:?? = ???????????????
AD12 : EOR 2E         : A=80 X=8A Y=80 SP=?? N=1 V=0 D=0 I=0 Z=0 C=1 : FWA 61-80:E1000000:00:00 = +8.78906250E-01 : FWB 04-??:????????:??:?? = ???????????????
AD14 : STA 2E         : A=80 X=8A Y=80 SP=?? N=1 V=0 D=0 I=0 Z=0 C=1 : FWA 80-80:E1000000:00:00 = -8.78906250E-01 : FWB 04-??:????????:??:?? = ???????????????
AD16 : LDA #FF        : A=FF X=8A Y=80 SP=?? N=1 V=0 D=0 I=0 Z=0 C=1 : FWA 80-80:E1000000:00:00 = -8.78906250E-01 : FWB 04-??:????????:??:?? = ???????????????
AD18 : RTS            : A=FF X=8A Y=80 SP=?? N=1 V=0 D=0 I=0 Z=0 C=1 : FWA 80-80:E1000000:00:00 = -8.78906250E-01 : FWB 04-??:????????:??:?? = ???????????????
A5CF : STZ 3B         : A=FF X=8A Y=80 SP=?? N=1 V=0 D=0 I=0 Z=0 C=1 : FWA 80-80:E1000000:00:00 = -8.78906250E-01 : FWB 00-??:????????:??:?? = ???????????????
A5D1 : LDY #80        : A=FF X=8A Y=80 SP=?? N=1 V=0 D=0 I=0 Z=0 C=1 : FWA 80-80:E1000000:00:00 = -8.78906250E-01 : FWB 00-??:????????:??:?? = ???????????????
A5D3 : STY 3D         : A=FF X=8A Y=80 SP=?? N=1 V=0 D=0 I=0 Z=0 C=1 : FWA 80-80:E1000000:00:00 = -8.78906250E-01 : FWB 00-??:80??????:??:?? = ???????????????
A5D5 : INY            : A=FF X=8A Y=81 SP=?? N=1 V=0 D=0 I=0 Z=0 C=1 : FWA 80-80:E1000000:00:00 = -8.78906250E-01 : FWB 00-??:80??????:??:?? = ???????????????
A5D6 : STY 3C         : A=FF X=8A Y=81 SP=?? N=1 V=0 D=0 I=0 Z=0 C=1 : FWA 80-80:E1000000:00:00 = -8.78906250E-01 : FWB 00-81:80??????:??:?? = ???????????????
A5D8 : STZ 3E         : A=FF X=8A Y=81 SP=?? N=1 V=0 D=0 I=0 Z=0 C=1 : FWA 80-80:E1000000:00:00 = -8.78906250E-01 : FWB 00-81:8000????:??:?? = ???????????????
A5DA : STZ 3F         : A=FF X=8A Y=81 SP=?? N=1 V=0 D=0 I=0 Z=0 C=1 : FWA 80-80:E1000000:00:00 = -8.78906250E-01 : FWB 00-81:800000??:??:?? = ???????????????
A5DC : STZ 40         : A=FF X=8A Y=81 SP=?? N=1 V=0 D=0 I=0 Z=0 C=1 : FWA 80-80:E1000000:00:00 = -8.78906250E-01 : FWB 00-81:80000000:??:?? = ???????????????
A5DE : STZ 41         : A=FF X=8A Y=81 SP=?? N=1 V=0 D=0 I=0 Z=0 C=1 : FWA 80-80:E1000000:00:00 = -8.78906250E-01 : FWB 00-81:80000000:00:?? = +1.00000000E+00
A5E0 : JMP A70F       : A=FF X=8A Y=81 SP=?? N=1 V=0 D=0 I=0 Z=0 C=1 : FWA 80-80:E1000000:00:00 = -8.78906250E-01 : FWB 00-81:80000000:00:?? = +1.00000000E+00
A70F : JSR 8429       : A=FF X=8A Y=81 SP=?? N=1 V=0 D=0 I=0 Z=0 C=1 : FWA 80-80:E1000000:00:00 = -8.78906250E-01 : FWB 00-81:80000000:00:?? = +1.00000000E+00
8429 : LDA 31         : A=E1 X=8A Y=81 SP=?? N=1 V=0 D=0 I=0 Z=0 C=1 : FWA 80-80:E1000000:00:00 = -8.78906250E-01 : FWB 00-81:80000000:00:?? = +1.00000000E+00
842B : BEQ 840A       : A=E1 X=8A Y=81 SP=?? N=1 V=0 D=0 I=0 Z=0 C=1 : FWA 80-80:E1000000:00:00 = -8.78906250E-01 : FWB 00-81:80000000:00:?? = +1.00000000E+00
842D : SEC            : A=E1 X=8A Y=81 SP=?? N=1 V=0 D=0 I=0 Z=0 C=1 : FWA 80-80:E1000000:00:00 = -8.78906250E-01 : FWB 00-81:80000000:00:?? = +1.00000000E+00
842E : LDA 30         : A=80 X=8A Y=81 SP=?? N=1 V=0 D=0 I=0 Z=0 C=1 : FWA 80-80:E1000000:00:00 = -8.78906250E-01 : FWB 00-81:80000000:00:?? = +1.00000000E+00
8430 : SBC 3C         : A=FF X=8A Y=81 SP=?? N=1 V=0 D=0 I=0 Z=0 C=0 : FWA 80-80:E1000000:00:00 = -8.78906250E-01 : FWB 00-81:80000000:00:?? = +1.00000000E+00
8432 : BEQ 84A3       : A=FF X=8A Y=81 SP=?? N=1 V=0 D=0 I=0 Z=0 C=0 : FWA 80-80:E1000000:00:00 = -8.78906250E-01 : FWB 00-81:80000000:00:?? = +1.00000000E+00
8434 : BCC 846A       : A=FF X=8A Y=81 SP=?? N=1 V=0 D=0 I=0 Z=0 C=0 : FWA 80-80:E1000000:00:00 = -8.78906250E-01 : FWB 00-81:80000000:00:?? = +1.00000000E+00
846A : EOR #FF        : A=00 X=8A Y=81 SP=?? N=0 V=0 D=0 I=0 Z=1 C=0 : FWA 80-80:E1000000:00:00 = -8.78906250E-01 : FWB 00-81:80000000:00:?? = +1.00000000E+00
846C : INC A          : A=01 X=8A Y=81 SP=?? N=0 V=0 D=0 I=0 Z=0 C=0 : FWA 80-80:E1000000:00:00 = -8.78906250E-01 : FWB 00-81:80000000:00:?? = +1.00000000E+00
846D : CMP #25        : A=01 X=8A Y=81 SP=?? N=1 V=0 D=0 I=0 Z=0 C=0 : FWA 80-80:E1000000:00:00 = -8.78906250E-01 : FWB 00-81:80000000:00:?? = +1.00000000E+00
846F : BCS 840A       : A=01 X=8A Y=81 SP=?? N=1 V=0 D=0 I=0 Z=0 C=0 : FWA 80-80:E1000000:00:00 = -8.78906250E-01 : FWB 00-81:80000000:00:?? = +1.00000000E+00
8471 : LDY 3C         : A=01 X=8A Y=81 SP=?? N=1 V=0 D=0 I=0 Z=0 C=0 : FWA 80-80:E1000000:00:00 = -8.78906250E-01 : FWB 00-81:80000000:00:?? = +1.00000000E+00
8473 : STY 30         : A=01 X=8A Y=81 SP=?? N=1 V=0 D=0 I=0 Z=0 C=0 : FWA 80-81:E1000000:00:00 = -1.75781250E+00 : FWB 00-81:80000000:00:?? = +1.00000000E+00
8475 : TAY            : A=01 X=8A Y=01 SP=?? N=0 V=0 D=0 I=0 Z=0 C=0 : FWA 80-81:E1000000:00:00 = -1.75781250E+00 : FWB 00-81:80000000:00:?? = +1.00000000E+00
8476 : AND #38        : A=00 X=8A Y=01 SP=?? N=0 V=0 D=0 I=0 Z=1 C=0 : FWA 80-81:E1000000:00:00 = -1.75781250E+00 : FWB 00-81:80000000:00:?? = +1.00000000E+00
8478 : BEQ 8491       : A=00 X=8A Y=01 SP=?? N=0 V=0 D=0 I=0 Z=1 C=0 : FWA 80-81:E1000000:00:00 = -1.75781250E+00 : FWB 00-81:80000000:00:?? = +1.00000000E+00
8491 : TYA            : A=01 X=8A Y=01 SP=?? N=0 V=0 D=0 I=0 Z=0 C=0 : FWA 80-81:E1000000:00:00 = -1.75781250E+00 : FWB 00-81:80000000:00:?? = +1.00000000E+00
8492 : AND #07        : A=01 X=8A Y=01 SP=?? N=0 V=0 D=0 I=0 Z=0 C=0 : FWA 80-81:E1000000:00:00 = -1.75781250E+00 : FWB 00-81:80000000:00:?? = +1.00000000E+00
8494 : BEQ 84A3       : A=01 X=8A Y=01 SP=?? N=0 V=0 D=0 I=0 Z=0 C=0 : FWA 80-81:E1000000:00:00 = -1.75781250E+00 : FWB 00-81:80000000:00:?? = +1.00000000E+00
8496 : LSR 31         : A=01 X=8A Y=01 SP=?? N=0 V=0 D=0 I=0 Z=0 C=1 : FWA 80-81:70000000:00:00 = -8.75000000E-01 : FWB 00-81:80000000:00:?? = +1.00000000E+00
8498 : ROR 32         : A=01 X=8A Y=01 SP=?? N=1 V=0 D=0 I=0 Z=0 C=0 : FWA 80-81:70800000:00:00 = -8.78906250E-01 : FWB 00-81:80000000:00:?? = +1.00000000E+00
849A : ROR 33         : A=01 X=8A Y=01 SP=?? N=0 V=0 D=0 I=0 Z=1 C=0 : FWA 80-81:70800000:00:00 = -8.78906250E-01 : FWB 00-81:80000000:00:?? = +1.00000000E+00
849C : ROR 34         : A=01 X=8A Y=01 SP=?? N=0 V=0 D=0 I=0 Z=1 C=0 : FWA 80-81:70800000:00:00 = -8.78906250E-01 : FWB 00-81:80000000:00:?? = +1.00000000E+00
849E : ROR 35         : A=01 X=8A Y=01 SP=?? N=0 V=0 D=0 I=0 Z=1 C=0 : FWA 80-81:70800000:00:00 = -8.78906250E-01 : FWB 00-81:80000000:00:?? = +1.00000000E+00
84A0 : DEC A          : A=00 X=8A Y=01 SP=?? N=0 V=0 D=0 I=0 Z=1 C=0 : FWA 80-81:70800000:00:00 = -8.78906250E-01 : FWB 00-81:80000000:00:?? = +1.00000000E+00
84A1 : BNE 8496       : A=00 X=8A Y=01 SP=?? N=0 V=0 D=0 I=0 Z=1 C=0 : FWA 80-81:70800000:00:00 = -8.78906250E-01 : FWB 00-81:80000000:00:?? = +1.00000000E+00
84A3 : LDA 2E         : A=80 X=8A Y=01 SP=?? N=1 V=0 D=0 I=0 Z=0 C=0 : FWA 80-81:70800000:00:00 = -8.78906250E-01 : FWB 00-81:80000000:00:?? = +1.00000000E+00
84A5 : EOR 3B         : A=80 X=8A Y=01 SP=?? N=1 V=0 D=0 I=0 Z=0 C=0 : FWA 80-81:70800000:00:00 = -8.78906250E-01 : FWB 00-81:80000000:00:?? = +1.00000000E+00
84A7 : BMI 84AD       : A=80 X=8A Y=01 SP=?? N=1 V=0 D=0 I=0 Z=0 C=0 : FWA 80-81:70800000:00:00 = -8.78906250E-01 : FWB 00-81:80000000:00:?? = +1.00000000E+00
84AD : LDA 31         : A=70 X=8A Y=01 SP=?? N=0 V=0 D=0 I=0 Z=0 C=0 : FWA 80-81:70800000:00:00 = -8.78906250E-01 : FWB 00-81:80000000:00:?? = +1.00000000E+00
84AF : CMP 3D         : A=70 X=8A Y=01 SP=?? N=1 V=0 D=0 I=0 Z=0 C=0 : FWA 80-81:70800000:00:00 = -8.78906250E-01 : FWB 00-81:80000000:00:?? = +1.00000000E+00
84B1 : BNE 84CE       : A=70 X=8A Y=01 SP=?? N=1 V=0 D=0 I=0 Z=0 C=0 : FWA 80-81:70800000:00:00 = -8.78906250E-01 : FWB 00-81:80000000:00:?? = +1.00000000E+00
84CE : BCS 84F4       : A=70 X=8A Y=01 SP=?? N=1 V=0 D=0 I=0 Z=0 C=0 : FWA 80-81:70800000:00:00 = -8.78906250E-01 : FWB 00-81:80000000:00:?? = +1.00000000E+00
84D0 : LDA 3B         : A=00 X=8A Y=01 SP=?? N=0 V=0 D=0 I=0 Z=1 C=0 : FWA 80-81:70800000:00:00 = -8.78906250E-01 : FWB 00-81:80000000:00:?? = +1.00000000E+00
84D2 : STA 2E         : A=00 X=8A Y=01 SP=?? N=0 V=0 D=0 I=0 Z=1 C=0 : FWA 00-81:70800000:00:00 = +8.78906250E-01 : FWB 00-81:80000000:00:?? = +1.00000000E+00
84D4 : SEC            : A=00 X=8A Y=01 SP=?? N=0 V=0 D=0 I=0 Z=1 C=1 : FWA 00-81:70800000:00:00 = +8.78906250E-01 : FWB 00-81:80000000:00:?? = +1.00000000E+00
84D5 : LDA 41         : A=00 X=8A Y=01 SP=?? N=0 V=0 D=0 I=0 Z=1 C=1 : FWA 00-81:70800000:00:00 = +8.78906250E-01 : FWB 00-81:80000000:00:?? = +1.00000000E+00
84D7 : SBC 35         : A=00 X=8A Y=01 SP=?? N=0 V=0 D=0 I=0 Z=1 C=1 : FWA 00-81:70800000:00:00 = +8.78906250E-01 : FWB 00-81:80000000:00:?? = +1.00000000E+00
84D9 : STA 35         : A=00 X=8A Y=01 SP=?? N=0 V=0 D=0 I=0 Z=1 C=1 : FWA 00-81:70800000:00:00 = +8.78906250E-01 : FWB 00-81:80000000:00:?? = +1.00000000E+00
84DB : LDA 40         : A=00 X=8A Y=01 SP=?? N=0 V=0 D=0 I=0 Z=1 C=1 : FWA 00-81:70800000:00:00 = +8.78906250E-01 : FWB 00-81:80000000:00:?? = +1.00000000E+00
84DD : SBC 34         : A=00 X=8A Y=01 SP=?? N=0 V=0 D=0 I=0 Z=1 C=1 : FWA 00-81:70800000:00:00 = +8.78906250E-01 : FWB 00-81:80000000:00:?? = +1.00000000E+00
84DF : STA 34         : A=00 X=8A Y=01 SP=?? N=0 V=0 D=0 I=0 Z=1 C=1 : FWA 00-81:70800000:00:00 = +8.78906250E-01 : FWB 00-81:80000000:00:?? = +1.00000000E+00
84E1 : LDA 3F         : A=00 X=8A Y=01 SP=?? N=0 V=0 D=0 I=0 Z=1 C=1 : FWA 00-81:70800000:00:00 = +8.78906250E-01 : FWB 00-81:80000000:00:?? = +1.00000000E+00
84E3 : SBC 33         : A=00 X=8A Y=01 SP=?? N=0 V=0 D=0 I=0 Z=1 C=1 : FWA 00-81:70800000:00:00 = +8.78906250E-01 : FWB 00-81:80000000:00:?? = +1.00000000E+00
84E5 : STA 33         : A=00 X=8A Y=01 SP=?? N=0 V=0 D=0 I=0 Z=1 C=1 : FWA 00-81:70800000:00:00 = +8.78906250E-01 : FWB 00-81:80000000:00:?? = +1.00000000E+00
84E7 : LDA 3E         : A=00 X=8A Y=01 SP=?? N=0 V=0 D=0 I=0 Z=1 C=1 : FWA 00-81:70800000:00:00 = +8.78906250E-01 : FWB 00-81:80000000:00:?? = +1.00000000E+00
84E9 : SBC 32         : A=80 X=8A Y=01 SP=?? N=1 V=1 D=0 I=0 Z=0 C=0 : FWA 00-81:70800000:00:00 = +8.78906250E-01 : FWB 00-81:80000000:00:?? = +1.00000000E+00
84EB : STA 32         : A=80 X=8A Y=01 SP=?? N=1 V=1 D=0 I=0 Z=0 C=0 : FWA 00-81:70800000:00:00 = +8.78906250E-01 : FWB 00-81:80000000:00:?? = +1.00000000E+00
84ED : LDA 3D         : A=80 X=8A Y=01 SP=?? N=1 V=1 D=0 I=0 Z=0 C=0 : FWA 00-81:70800000:00:00 = +8.78906250E-01 : FWB 00-81:80000000:00:?? = +1.00000000E+00
84EF : SBC 31         : A=0F X=8A Y=01 SP=?? N=0 V=1 D=0 I=0 Z=0 C=1 : FWA 00-81:70800000:00:00 = +8.78906250E-01 : FWB 00-81:80000000:00:?? = +1.00000000E+00
84F1 : JMP 8304       : A=0F X=8A Y=01 SP=?? N=0 V=1 D=0 I=0 Z=0 C=1 : FWA 00-81:70800000:00:00 = +8.78906250E-01 : FWB 00-81:80000000:00:?? = +1.00000000E+00
8304 : BMI 8346       : A=0F X=8A Y=01 SP=?? N=0 V=1 D=0 I=0 Z=0 C=1 : FWA 00-81:70800000:00:00 = +8.78906250E-01 : FWB 00-81:80000000:00:?? = +1.00000000E+00
8306 : BNE 832F       : A=0F X=8A Y=01 SP=?? N=0 V=1 D=0 I=0 Z=0 C=1 : FWA 00-81:70800000:00:00 = +8.78906250E-01 : FWB 00-81:80000000:00:?? = +1.00000000E+00
832F : LDY 30         : A=0F X=8A Y=81 SP=?? N=1 V=1 D=0 I=0 Z=0 C=1 : FWA 00-81:70800000:00:00 = +8.78906250E-01 : FWB 00-81:80000000:00:?? = +1.00000000E+00
8331 : DEY            : A=0F X=8A Y=80 SP=?? N=1 V=1 D=0 I=0 Z=0 C=1 : FWA 00-81:70800000:00:00 = +8.78906250E-01 : FWB 00-81:80000000:00:?? = +1.00000000E+00
8332 : ASL 35         : A=0F X=8A Y=80 SP=?? N=0 V=1 D=0 I=0 Z=1 C=0 : FWA 00-81:70800000:00:00 = +8.78906250E-01 : FWB 00-81:80000000:00:?? = +1.00000000E+00
8334 : ROL 34         : A=0F X=8A Y=80 SP=?? N=0 V=1 D=0 I=0 Z=1 C=0 : FWA 00-81:70800000:00:00 = +8.78906250E-01 : FWB 00-81:80000000:00:?? = +1.00000000E+00
8336 : ROL 33         : A=0F X=8A Y=80 SP=?? N=0 V=1 D=0 I=0 Z=1 C=0 : FWA 00-81:70800000:00:00 = +8.78906250E-01 : FWB 00-81:80000000:00:?? = +1.00000000E+00
8338 : ROL 32         : A=0F X=8A Y=80 SP=?? N=0 V=1 D=0 I=0 Z=1 C=1 : FWA 00-81:70000000:00:00 = +8.75000000E-01 : FWB 00-81:80000000:00:?? = +1.00000000E+00
833A : ROL A          : A=1F X=8A Y=80 SP=?? N=0 V=1 D=0 I=0 Z=0 C=0 : FWA 00-81:70000000:00:00 = +8.75000000E-01 : FWB 00-81:80000000:00:?? = +1.00000000E+00
833B : BPL 8331       : A=1F X=8A Y=80 SP=?? N=0 V=1 D=0 I=0 Z=0 C=0 : FWA 00-81:70000000:00:00 = +8.75000000E-01 : FWB 00-81:80000000:00:?? = +1.00000000E+00
8331 : DEY            : A=1F X=8A Y=7F SP=?? N=0 V=1 D=0 I=0 Z=0 C=0 : FWA 00-81:70000000:00:00 = +8.75000000E-01 : FWB 00-81:80000000:00:?? = +1.00000000E+00
8332 : ASL 35         : A=1F X=8A Y=7F SP=?? N=0 V=1 D=0 I=0 Z=1 C=0 : FWA 00-81:70000000:00:00 = +8.75000000E-01 : FWB 00-81:80000000:00:?? = +1.00000000E+00
8334 : ROL 34         : A=1F X=8A Y=7F SP=?? N=0 V=1 D=0 I=0 Z=1 C=0 : FWA 00-81:70000000:00:00 = +8.75000000E-01 : FWB 00-81:80000000:00:?? = +1.00000000E+00
8336 : ROL 33         : A=1F X=8A Y=7F SP=?? N=0 V=1 D=0 I=0 Z=1 C=0 : FWA 00-81:70000000:00:00 = +8.75000000E-01 : FWB 00-81:80000000:00:?? = +1.00000000E+00
8338 : ROL 32         : A=1F X=8A Y=7F SP=?? N=0 V=1 D=0 I=0 Z=1 C=0 : FWA 00-81:70000000:00:00 = +8.75000000E-01 : FWB 00-81:80000000:00:?? = +1.00000000E+00
833A : ROL A          : A=3E X=8A Y=7F SP=?? N=0 V=1 D=0 I=0 Z=0 C=0 : FWA 00-81:70000000:00:00 = +8.75000000E-01 : FWB 00-81:80000000:00:?? = +1.00000000E+00
833B : BPL 8331       : A=3E X=8A Y=7F SP=?? N=0 V=1 D=0 I=0 Z=0 C=0 : FWA 00-81:70000000:00:00 = +8.75000000E-01 : FWB 00-81:80000000:00:?? = +1.00000000E+00
8331 : DEY            : A=3E X=8A Y=7E SP=?? N=0 V=1 D=0 I=0 Z=0 C=0 : FWA 00-81:70000000:00:00 = +8.75000000E-01 : FWB 00-81:80000000:00:?? = +1.00000000E+00
8332 : ASL 35         : A=3E X=8A Y=7E SP=?? N=0 V=1 D=0 I=0 Z=1 C=0 : FWA 00-81:70000000:00:00 = +8.75000000E-01 : FWB 00-81:80000000:00:?? = +1.00000000E+00
8334 : ROL 34         : A=3E X=8A Y=7E SP=?? N=0 V=1 D=0 I=0 Z=1 C=0 : FWA 00-81:70000000:00:00 = +8.75000000E-01 : FWB 00-81:80000000:00:?? = +1.00000000E+00
8336 : ROL 33         : A=3E X=8A Y=7E SP=?? N=0 V=1 D=0 I=0 Z=1 C=0 : FWA 00-81:70000000:00:00 = +8.75000000E-01 : FWB 00-81:80000000:00:?? = +1.00000000E+00
8338 : ROL 32         : A=3E X=8A Y=7E SP=?? N=0 V=1 D=0 I=0 Z=1 C=0 : FWA 00-81:70000000:00:00 = +8.75000000E-01 : FWB 00-81:80000000:00:?? = +1.00000000E+00
833A : ROL A          : A=7C X=8A Y=7E SP=?? N=0 V=1 D=0 I=0 Z=0 C=0 : FWA 00-81:70000000:00:00 = +8.75000000E-01 : FWB 00-81:80000000:00:?? = +1.00000000E+00
833B : BPL 8331       : A=7C X=8A Y=7E SP=?? N=0 V=1 D=0 I=0 Z=0 C=0 : FWA 00-81:70000000:00:00 = +8.75000000E-01 : FWB 00-81:80000000:00:?? = +1.00000000E+00
8331 : DEY            : A=7C X=8A Y=7D SP=?? N=0 V=1 D=0 I=0 Z=0 C=0 : FWA 00-81:70000000:00:00 = +8.75000000E-01 : FWB 00-81:80000000:00:?? = +1.00000000E+00
8332 : ASL 35         : A=7C X=8A Y=7D SP=?? N=0 V=1 D=0 I=0 Z=1 C=0 : FWA 00-81:70000000:00:00 = +8.75000000E-01 : FWB 00-81:80000000:00:?? = +1.00000000E+00
8334 : ROL 34         : A=7C X=8A Y=7D SP=?? N=0 V=1 D=0 I=0 Z=1 C=0 : FWA 00-81:70000000:00:00 = +8.75000000E-01 : FWB 00-81:80000000:00:?? = +1.00000000E+00
8336 : ROL 33         : A=7C X=8A Y=7D SP=?? N=0 V=1 D=0 I=0 Z=1 C=0 : FWA 00-81:70000000:00:00 = +8.75000000E-01 : FWB 00-81:80000000:00:?? = +1.00000000E+00
8338 : ROL 32         : A=7C X=8A Y=7D SP=?? N=0 V=1 D=0 I=0 Z=1 C=0 : FWA 00-81:70000000:00:00 = +8.75000000E-01 : FWB 00-81:80000000:00:?? = +1.00000000E+00
833A : ROL A          : A=F8 X=8A Y=7D SP=?? N=1 V=1 D=0 I=0 Z=0 C=0 : FWA 00-81:70000000:00:00 = +8.75000000E-01 : FWB 00-81:80000000:00:?? = +1.00000000E+00
833B : BPL 8331       : A=F8 X=8A Y=7D SP=?? N=1 V=1 D=0 I=0 Z=0 C=0 : FWA 00-81:70000000:00:00 = +8.75000000E-01 : FWB 00-81:80000000:00:?? = +1.00000000E+00
833D : CPY 30         : A=F8 X=8A Y=7D SP=?? N=1 V=1 D=0 I=0 Z=0 C=0 : FWA 00-81:70000000:00:00 = +8.75000000E-01 : FWB 00-81:80000000:00:?? = +1.00000000E+00
833F : STY 30         : A=F8 X=8A Y=7D SP=?? N=1 V=1 D=0 I=0 Z=0 C=0 : FWA 00-7D:70000000:00:00 = +5.46875000E-02 : FWB 00-81:80000000:00:?? = +1.00000000E+00
8341 : BCC 8345       : A=F8 X=8A Y=7D SP=?? N=1 V=1 D=0 I=0 Z=0 C=0 : FWA 00-7D:70000000:00:00 = +5.46875000E-02 : FWB 00-81:80000000:00:?? = +1.00000000E+00
8345 : TAY            : A=F8 X=8A Y=F8 SP=?? N=1 V=1 D=0 I=0 Z=0 C=0 : FWA 00-7D:70000000:00:00 = +5.46875000E-02 : FWB 00-81:80000000:00:?? = +1.00000000E+00
8346 : STA 31         : A=F8 X=8A Y=F8 SP=?? N=1 V=1 D=0 I=0 Z=0 C=0 : FWA 00-7D:F8000000:00:00 = +1.21093750E-01 : FWB 00-81:80000000:00:?? = +1.00000000E+00
8348 : RTS            : A=F8 X=8A Y=F8 SP=?? N=1 V=1 D=0 I=0 Z=0 C=0 : FWA 00-7D:F8000000:00:00 = +1.21093750E-01 : FWB 00-81:80000000:00:?? = +1.00000000E+00
A712 : LDA 35         : A=00 X=8A Y=F8 SP=?? N=0 V=1 D=0 I=0 Z=1 C=0 : FWA 00-7D:F8000000:00:00 = +1.21093750E-01 : FWB 00-81:80000000:00:?? = +1.00000000E+00
A714 : BPL A725       : A=00 X=8A Y=F8 SP=?? N=0 V=1 D=0 I=0 Z=1 C=0 : FWA 00-7D:F8000000:00:00 = +1.21093750E-01 : FWB 00-81:80000000:00:?? = +1.00000000E+00
A725 : LDA 2F         : A=00 X=8A Y=F8 SP=?? N=0 V=1 D=0 I=0 Z=1 C=0 : FWA 00-7D:F8000000:00:00 = +1.21093750E-01 : FWB 00-81:80000000:00:?? = +1.00000000E+00
A727 : BEQ A739       : A=00 X=8A Y=F8 SP=?? N=0 V=1 D=0 I=0 Z=1 C=0 : FWA 00-7D:F8000000:00:00 = +1.21093750E-01 : FWB 00-81:80000000:00:?? = +1.00000000E+00
A739 : STZ 35         : A=00 X=8A Y=F8 SP=?? N=0 V=1 D=0 I=0 Z=1 C=0 : FWA 00-7D:F8000000:00:00 = +1.21093750E-01 : FWB 00-81:80000000:00:?? = +1.00000000E+00
A73B : LDA #FF        : A=FF X=8A Y=F8 SP=?? N=1 V=1 D=0 I=0 Z=0 C=0 : FWA 00-7D:F8000000:00:00 = +1.21093750E-01 : FWB 00-81:80000000:00:?? = +1.00000000E+00
A73D : RTS            : A=FF X=8A Y=F8 SP=?? N=1 V=1 D=0 I=0 Z=0 C=0 : FWA 00-7D:F8000000:00:00 = +1.21093750E-01 : FWB 00-81:80000000:00:?? = +1.00000000E+00
A5E6 : LDX 31         : A=FF X=F8 Y=F8 SP=?? N=1 V=1 D=0 I=0 Z=0 C=0 : FWA 00-7D:F8000000:00:00 = +1.21093750E-01 : FWB 00-81:80000000:00:?? = +1.00000000E+00
A5E8 : BEQ A5BA       : A=FF X=F8 Y=F8 SP=?? N=1 V=1 D=0 I=0 Z=0 C=0 : FWA 00-7D:F8000000:00:00 = +1.21093750E-01 : FWB 00-81:80000000:00:?? = +1.00000000E+00
A5EA : DEC 30         : A=FF X=F8 Y=F8 SP=?? N=0 V=1 D=0 I=0 Z=0 C=0 : FWA 00-7C:F8000000:00:00 = +6.05468750E-02 : FWB 00-81:80000000:00:?? = +1.00000000E+00
A5EC : JSR A545       : A=FF X=F8 Y=F8 SP=?? N=0 V=1 D=0 I=0 Z=0 C=0 : FWA 00-7C:F8000000:00:00 = +6.05468750E-02 : FWB 00-81:80000000:00:?? = +1.00000000E+00
A545 : LDA #6C        : A=6C X=F8 Y=F8 SP=?? N=0 V=1 D=0 I=0 Z=0 C=0 : FWA 00-7C:F8000000:00:00 = +6.05468750E-02 : FWB 00-81:80000000:00:?? = +1.00000000E+00
A547 : STA 4A         : A=6C X=F8 Y=F8 SP=?? N=0 V=1 D=0 I=0 Z=0 C=0 : FWA 00-7C:F8000000:00:00 = +6.05468750E-02 : FWB 00-81:80000000:00:?? = +1.00000000E+00
A549 : LDA #04        : A=04 X=F8 Y=F8 SP=?? N=0 V=1 D=0 I=0 Z=0 C=0 : FWA 00-7C:F8000000:00:00 = +6.05468750E-02 : FWB 00-81:80000000:00:?? = +1.00000000E+00
A54B : STA 4B         : A=04 X=F8 Y=F8 SP=?? N=0 V=1 D=0 I=0 Z=0 C=0 : FWA 00-7C:F8000000:00:00 = +6.05468750E-02 : FWB 00-81:80000000:00:?? = +1.00000000E+00
A54D : LDA 30         : A=7C X=F8 Y=F8 SP=?? N=0 V=1 D=0 I=0 Z=0 C=0 : FWA 00-7C:F8000000:00:00 = +6.05468750E-02 : FWB 00-81:80000000:00:?? = +1.00000000E+00
A54F : STA (4A)       : A=7C X=F8 Y=F8 SP=?? N=0 V=1 D=0 I=0 Z=0 C=0 : FWA 00-7C:F8000000:00:00 = +6.05468750E-02 : FWB 00-81:80000000:00:?? = +1.00000000E+00
A551 : LDY #01        : A=7C X=F8 Y=01 SP=?? N=0 V=1 D=0 I=0 Z=0 C=0 : FWA 00-7C:F8000000:00:00 = +6.05468750E-02 : FWB 00-81:80000000:00:?? = +1.00000000E+00
A553 : LDA 2E         : A=00 X=F8 Y=01 SP=?? N=0 V=1 D=0 I=0 Z=1 C=0 : FWA 00-7C:F8000000:00:00 = +6.05468750E-02 : FWB 00-81:80000000:00:?? = +1.00000000E+00
A555 : EOR 31         : A=F8 X=F8 Y=01 SP=?? N=1 V=1 D=0 I=0 Z=0 C=0 : FWA 00-7C:F8000000:00:00 = +6.05468750E-02 : FWB 00-81:80000000:00:?? = +1.00000000E+00
A557 : AND #80        : A=80 X=F8 Y=01 SP=?? N=1 V=1 D=0 I=0 Z=0 C=0 : FWA 00-7C:F8000000:00:00 = +6.05468750E-02 : FWB 00-81:80000000:00:?? = +1.00000000E+00
A559 : EOR 31         : A=78 X=F8 Y=01 SP=?? N=0 V=1 D=0 I=0 Z=0 C=0 : FWA 00-7C:F8000000:00:00 = +6.05468750E-02 : FWB 00-81:80000000:00:?? = +1.00000000E+00
A55B : STA (4A),Y     : A=78 X=F8 Y=01 SP=?? N=0 V=1 D=0 I=0 Z=0 C=0 : FWA 00-7C:F8000000:00:00 = +6.05468750E-02 : FWB 00-81:80000000:00:?? = +1.00000000E+00
A55D : LDA 32         : A=00 X=F8 Y=01 SP=?? N=0 V=1 D=0 I=0 Z=1 C=0 : FWA 00-7C:F8000000:00:00 = +6.05468750E-02 : FWB 00-81:80000000:00:?? = +1.00000000E+00
A55F : INY            : A=00 X=F8 Y=02 SP=?? N=0 V=1 D=0 I=0 Z=0 C=0 : FWA 00-7C:F8000000:00:00 = +6.05468750E-02 : FWB 00-81:80000000:00:?? = +1.00000000E+00
A560 : STA (4A),Y     : A=00 X=F8 Y=02 SP=?? N=0 V=1 D=0 I=0 Z=0 C=0 : FWA 00-7C:F8000000:00:00 = +6.05468750E-02 : FWB 00-81:80000000:00:?? = +1.00000000E+00
A562 : LDA 33         : A=00 X=F8 Y=02 SP=?? N=0 V=1 D=0 I=0 Z=1 C=0 : FWA 00-7C:F8000000:00:00 = +6.05468750E-02 : FWB 00-81:80000000:00:?? = +1.00000000E+00
A564 : INY            : A=00 X=F8 Y=03 SP=?? N=0 V=1 D=0 I=0 Z=0 C=0 : FWA 00-7C:F8000000:00:00 = +6.05468750E-02 : FWB 00-81:80000000:00:?? = +1.00000000E+00
A565 : STA (4A),Y     : A=00 X=F8 Y=03 SP=?? N=0 V=1 D=0 I=0 Z=0 C=0 : FWA 00-7C:F8000000:00:00 = +6.05468750E-02 : FWB 00-81:80000000:00:?? = +1.00000000E+00
A567 : LDA 34         : A=00 X=F8 Y=03 SP=?? N=0 V=1 D=0 I=0 Z=1 C=0 : FWA 00-7C:F8000000:00:00 = +6.05468750E-02 : FWB 00-81:80000000:00:?? = +1.00000000E+00
A569 : INY            : A=00 X=F8 Y=04 SP=?? N=0 V=1 D=0 I=0 Z=0 C=0 : FWA 00-7C:F8000000:00:00 = +6.05468750E-02 : FWB 00-81:80000000:00:?? = +1.00000000E+00
A56A : STA (4A),Y     : A=00 X=F8 Y=04 SP=?? N=0 V=1 D=0 I=0 Z=0 C=0 : FWA 00-7C:F8000000:00:00 = +6.05468750E-02 : FWB 00-81:80000000:00:?? = +1.00000000E+00
A56C : RTS            : A=00 X=F8 Y=04 SP=?? N=0 V=1 D=0 I=0 Z=0 C=0 : FWA 00-7C:F8000000:00:00 = +6.05468750E-02 : FWB 00-81:80000000:00:?? = +1.00000000E+00
A5EF : TXA            : A=F8 X=F8 Y=04 SP=?? N=1 V=1 D=0 I=0 Z=0 C=0 : FWA 00-7C:F8000000:00:00 = +6.05468750E-02 : FWB 00-81:80000000:00:?? = +1.00000000E+00
A5F0 : EOR 2E         : A=F8 X=F8 Y=04 SP=?? N=1 V=1 D=0 I=0 Z=0 C=0 : FWA 00-7C:F8000000:00:00 = +6.05468750E-02 : FWB 00-81:80000000:00:?? = +1.00000000E+00
A5F2 : STA 2E         : A=F8 X=F8 Y=04 SP=?? N=1 V=1 D=0 I=0 Z=0 C=0 : FWA F8-7C:F8000000:00:00 = -6.05468750E-02 : FWB 00-81:80000000:00:?? = +1.00000000E+00
A5F4 : JSR A5CF       : A=F8 X=F8 Y=04 SP=?? N=1 V=1 D=0 I=0 Z=0 C=0 : FWA F8-7C:F8000000:00:00 = -6.05468750E-02 : FWB 00-81:80000000:00:?? = +1.00000000E+00
A5CF : STZ 3B         : A=F8 X=F8 Y=04 SP=?? N=1 V=1 D=0 I=0 Z=0 C=0 : FWA F8-7C:F8000000:00:00 = -6.05468750E-02 : FWB 00-81:80000000:00:?? = +1.00000000E+00
A5D1 : LDY #80        : A=F8 X=F8 Y=80 SP=?? N=1 V=1 D=0 I=0 Z=0 C=0 : FWA F8-7C:F8000000:00:00 = -6.05468750E-02 : FWB 00-81:80000000:00:?? = +1.00000000E+00
A5D3 : STY 3D         : A=F8 X=F8 Y=80 SP=?? N=1 V=1 D=0 I=0 Z=0 C=0 : FWA F8-7C:F8000000:00:00 = -6.05468750E-02 : FWB 00-81:80000000:00:?? = +1.00000000E+00
A5D5 : INY            : A=F8 X=F8 Y=81 SP=?? N=1 V=1 D=0 I=0 Z=0 C=0 : FWA F8-7C:F8000000:00:00 = -6.05468750E-02 : FWB 00-81:80000000:00:?? = +1.00000000E+00
A5D6 : STY 3C         : A=F8 X=F8 Y=81 SP=?? N=1 V=1 D=0 I=0 Z=0 C=0 : FWA F8-7C:F8000000:00:00 = -6.05468750E-02 : FWB 00-81:80000000:00:?? = +1.00000000E+00
A5D8 : STZ 3E         : A=F8 X=F8 Y=81 SP=?? N=1 V=1 D=0 I=0 Z=0 C=0 : FWA F8-7C:F8000000:00:00 = -6.05468750E-02 : FWB 00-81:80000000:00:?? = +1.00000000E+00
A5DA : STZ 3F         : A=F8 X=F8 Y=81 SP=?? N=1 V=1 D=0 I=0 Z=0 C=0 : FWA F8-7C:F8000000:00:00 = -6.05468750E-02 : FWB 00-81:80000000:00:?? = +1.00000000E+00
A5DC : STZ 40         : A=F8 X=F8 Y=81 SP=?? N=1 V=1 D=0 I=0 Z=0 C=0 : FWA F8-7C:F8000000:00:00 = -6.05468750E-02 : FWB 00-81:80000000:00:?? = +1.00000000E+00
A5DE : STZ 41         : A=F8 X=F8 Y=81 SP=?? N=1 V=1 D=0 I=0 Z=0 C=0 : FWA F8-7C:F8000000:00:00 = -6.05468750E-02 : FWB 00-81:80000000:00:?? = +1.00000000E+00
A5E0 : JMP A70F       : A=F8 X=F8 Y=81 SP=?? N=1 V=1 D=0 I=0 Z=0 C=0 : FWA F8-7C:F8000000:00:00 = -6.05468750E-02 : FWB 00-81:80000000:00:?? = +1.00000000E+00
A70F : JSR 8429       : A=F8 X=F8 Y=81 SP=?? N=1 V=1 D=0 I=0 Z=0 C=0 : FWA F8-7C:F8000000:00:00 = -6.05468750E-02 : FWB 00-81:80000000:00:?? = +1.00000000E+00
8429 : LDA 31         : A=F8 X=F8 Y=81 SP=?? N=1 V=1 D=0 I=0 Z=0 C=0 : FWA F8-7C:F8000000:00:00 = -6.05468750E-02 : FWB 00-81:80000000:00:?? = +1.00000000E+00
842B : BEQ 840A       : A=F8 X=F8 Y=81 SP=?? N=1 V=1 D=0 I=0 Z=0 C=0 : FWA F8-7C:F8000000:00:00 = -6.05468750E-02 : FWB 00-81:80000000:00:?? = +1.00000000E+00
842D : SEC            : A=F8 X=F8 Y=81 SP=?? N=1 V=1 D=0 I=0 Z=0 C=1 : FWA F8-7C:F8000000:00:00 = -6.05468750E-02 : FWB 00-81:80000000:00:?? = +1.00000000E+00
842E : LDA 30         : A=7C X=F8 Y=81 SP=?? N=0 V=1 D=0 I=0 Z=0 C=1 : FWA F8-7C:F8000000:00:00 = -6.05468750E-02 : FWB 00-81:80000000:00:?? = +1.00000000E+00
8430 : SBC 3C         : A=FB X=F8 Y=81 SP=?? N=1 V=1 D=0 I=0 Z=0 C=0 : FWA F8-7C:F8000000:00:00 = -6.05468750E-02 : FWB 00-81:80000000:00:?? = +1.00000000E+00
8432 : BEQ 84A3       : A=FB X=F8 Y=81 SP=?? N=1 V=1 D=0 I=0 Z=0 C=0 : FWA F8-7C:F8000000:00:00 = -6.05468750E-02 : FWB 00-81:80000000:00:?? = +1.00000000E+00
8434 : BCC 846A       : A=FB X=F8 Y=81 SP=?? N=1 V=1 D=0 I=0 Z=0 C=0 : FWA F8-7C:F8000000:00:00 = -6.05468750E-02 : FWB 00-81:80000000:00:?? = +1.00000000E+00
846A : EOR #FF        : A=04 X=F8 Y=81 SP=?? N=0 V=1 D=0 I=0 Z=0 C=0 : FWA F8-7C:F8000000:00:00 = -6.05468750E-02 : FWB 00-81:80000000:00:?? = +1.00000000E+00
846C : INC A          : A=05 X=F8 Y=81 SP=?? N=0 V=1 D=0 I=0 Z=0 C=0 : FWA F8-7C:F8000000:00:00 = -6.05468750E-02 : FWB 00-81:80000000:00:?? = +1.00000000E+00
846D : CMP #25        : A=05 X=F8 Y=81 SP=?? N=1 V=1 D=0 I=0 Z=0 C=0 : FWA F8-7C:F8000000:00:00 = -6.05468750E-02 : FWB 00-81:80000000:00:?? = +1.00000000E+00
846F : BCS 840A       : A=05 X=F8 Y=81 SP=?? N=1 V=1 D=0 I=0 Z=0 C=0 : FWA F8-7C:F8000000:00:00 = -6.05468750E-02 : FWB 00-81:80000000:00:?? = +1.00000000E+00
8471 : LDY 3C         : A=05 X=F8 Y=81 SP=?? N=1 V=1 D=0 I=0 Z=0 C=0 : FWA F8-7C:F8000000:00:00 = -6.05468750E-02 : FWB 00-81:80000000:00:?? = +1.00000000E+00
8473 : STY 30         : A=05 X=F8 Y=81 SP=?? N=1 V=1 D=0 I=0 Z=0 C=0 : FWA F8-81:F8000000:00:00 = -1.93750000E+00 : FWB 00-81:80000000:00:?? = +1.00000000E+00
8475 : TAY            : A=05 X=F8 Y=05 SP=?? N=0 V=1 D=0 I=0 Z=0 C=0 : FWA F8-81:F8000000:00:00 = -1.93750000E+00 : FWB 00-81:80000000:00:?? = +1.00000000E+00
8476 : AND #38        : A=00 X=F8 Y=05 SP=?? N=0 V=1 D=0 I=0 Z=1 C=0 : FWA F8-81:F8000000:00:00 = -1.93750000E+00 : FWB 00-81:80000000:00:?? = +1.00000000E+00
8478 : BEQ 8491       : A=00 X=F8 Y=05 SP=?? N=0 V=1 D=0 I=0 Z=1 C=0 : FWA F8-81:F8000000:00:00 = -1.93750000E+00 : FWB 00-81:80000000:00:?? = +1.00000000E+00
8491 : TYA            : A=05 X=F8 Y=05 SP=?? N=0 V=1 D=0 I=0 Z=0 C=0 : FWA F8-81:F8000000:00:00 = -1.93750000E+00 : FWB 00-81:80000000:00:?? = +1.00000000E+00
8492 : AND #07        : A=05 X=F8 Y=05 SP=?? N=0 V=1 D=0 I=0 Z=0 C=0 : FWA F8-81:F8000000:00:00 = -1.93750000E+00 : FWB 00-81:80000000:00:?? = +1.00000000E+00
8494 : BEQ 84A3       : A=05 X=F8 Y=05 SP=?? N=0 V=1 D=0 I=0 Z=0 C=0 : FWA F8-81:F8000000:00:00 = -1.93750000E+00 : FWB 00-81:80000000:00:?? = +1.00000000E+00
8496 : LSR 31         : A=05 X=F8 Y=05 SP=?? N=0 V=1 D=0 I=0 Z=0 C=0 : FWA F8-81:7C000000:00:00 = -9.68750000E-01 : FWB 00-81:80000000:00:?? = +1.00000000E+00
8498 : ROR 32         : A=05 X=F8 Y=05 SP=?? N=0 V=1 D=0 I=0 Z=1 C=0 : FWA F8-81:7C000000:00:00 = -9.68750000E-01 : FWB 00-81:80000000:00:?? = +1.00000000E+00
849A : ROR 33         : A=05 X=F8 Y=05 SP=?? N=0 V=1 D=0 I=0 Z=1 C=0 : FWA F8-81:7C000000:00:00 = -9.68750000E-01 : FWB 00-81:80000000:00:?? = +1.00000000E+00
849C : ROR 34         : A=05 X=F8 Y=05 SP=?? N=0 V=1 D=0 I=0 Z=1 C=0 : FWA F8-81:7C000000:00:00 = -9.68750000E-01 : FWB 00-81:80000000:00:?? = +1.00000000E+00
849E : ROR 35         : A=05 X=F8 Y=05 SP=?? N=0 V=1 D=0 I=0 Z=1 C=0 : FWA F8-81:7C000000:00:00 = -9.68750000E-01 : FWB 00-81:80000000:00:?? = +1.00000000E+00
84A0 : DEC A          : A=04 X=F8 Y=05 SP=?? N=0 V=1 D=0 I=0 Z=0 C=0 : FWA F8-81:7C000000:00:00 = -9.68750000E-01 : FWB 00-81:80000000:00:?? = +1.00000000E+00
84A1 : BNE 8496       : A=04 X=F8 Y=05 SP=?? N=0 V=1 D=0 I=0 Z=0 C=0 : FWA F8-81:7C000000:00:00 = -9.68750000E-01 : FWB 00-81:80000000:00:?? = +1.00000000E+00
8496 : LSR 31         : A=04 X=F8 Y=05 SP=?? N=0 V=1 D=0 I=0 Z=0 C=0 : FWA F8-81:3E000000:00:00 = -4.84375000E-01 : FWB 00-81:80000000:00:?? = +1.00000000E+00
8498 : ROR 32         : A=04 X=F8 Y=05 SP=?? N=0 V=1 D=0 I=0 Z=1 C=0 : FWA F8-81:3E000000:00:00 = -4.84375000E-01 : FWB 00-81:80000000:00:?? = +1.00000000E+00
849A : ROR 33         : A=04 X=F8 Y=05 SP=?? N=0 V=1 D=0 I=0 Z=1 C=0 : FWA F8-81:3E000000:00:00 = -4.84375000E-01 : FWB 00-81:80000000:00:?? = +1.00000000E+00
849C : ROR 34         : A=04 X=F8 Y=05 SP=?? N=0 V=1 D=0 I=0 Z=1 C=0 : FWA F8-81:3E000000:00:00 = -4.84375000E-01 : FWB 00-81:80000000:00:?? = +1.00000000E+00
849E : ROR 35         : A=04 X=F8 Y=05 SP=?? N=0 V=1 D=0 I=0 Z=1 C=0 : FWA F8-81:3E000000:00:00 = -4.84375000E-01 : FWB 00-81:80000000:00:?? = +1.00000000E+00
84A0 : DEC A          : A=03 X=F8 Y=05 SP=?? N=0 V=1 D=0 I=0 Z=0 C=0 : FWA F8-81:3E000000:00:00 = -4.84375000E-01 : FWB 00-81:80000000:00:?? = +1.00000000E+00
84A1 : BNE 8496       : A=03 X=F8 Y=05 SP=?? N=0 V=1 D=0 I=0 Z=0 C=0 : FWA F8-81:3E000000:00:00 = -4.84375000E-01 : FWB 00-81:80000000:00:?? = +1.00000000E+00
8496 : LSR 31         : A=03 X=F8 Y=05 SP=?? N=0 V=1 D=0 I=0 Z=0 C=0 : FWA F8-81:1F000000:00:00 = -2.42187500E-01 : FWB 00-81:80000000:00:?? = +1.00000000E+00
8498 : ROR 32         : A=03 X=F8 Y=05 SP=?? N=0 V=1 D=0 I=0 Z=1 C=0 : FWA F8-81:1F000000:00:00 = -2.42187500E-01 : FWB 00-81:80000000:00:?? = +1.00000000E+00
849A : ROR 33         : A=03 X=F8 Y=05 SP=?? N=0 V=1 D=0 I=0 Z=1 C=0 : FWA F8-81:1F000000:00:00 = -2.42187500E-01 : FWB 00-81:80000000:00:?? = +1.00000000E+00
849C : ROR 34         : A=03 X=F8 Y=05 SP=?? N=0 V=1 D=0 I=0 Z=1 C=0 : FWA F8-81:1F000000:00:00 = -2.42187500E-01 : FWB 00-81:80000000:00:?? = +1.00000000E+00
849E : ROR 35         : A=03 X=F8 Y=05 SP=?? N=0 V=1 D=0 I=0 Z=1 C=0 : FWA F8-81:1F000000:00:00 = -2.42187500E-01 : FWB 00-81:80000000:00:?? = +1.00000000E+00
84A0 : DEC A          : A=02 X=F8 Y=05 SP=?? N=0 V=1 D=0 I=0 Z=0 C=0 : FWA F8-81:1F000000:00:00 = -2.42187500E-01 : FWB 00-81:80000000:00:?? = +1.00000000E+00
84A1 : BNE 8496       : A=02 X=F8 Y=05 SP=?? N=0 V=1 D=0 I=0 Z=0 C=0 : FWA F8-81:1F000000:00:00 = -2.42187500E-01 : FWB 00-81:80000000:00:?? = +1.00000000E+00
8496 : LSR 31         : A=02 X=F8 Y=05 SP=?? N=0 V=1 D=0 I=0 Z=0 C=1 : FWA F8-81:0F000000:00:00 = -1.17187500E-01 : FWB 00-81:80000000:00:?? = +1.00000000E+00
8498 : ROR 32         : A=02 X=F8 Y=05 SP=?? N=1 V=1 D=0 I=0 Z=0 C=0 : FWA F8-81:0F800000:00:00 = -1.21093750E-01 : FWB 00-81:80000000:00:?? = +1.00000000E+00
849A : ROR 33         : A=02 X=F8 Y=05 SP=?? N=0 V=1 D=0 I=0 Z=1 C=0 : FWA F8-81:0F800000:00:00 = -1.21093750E-01 : FWB 00-81:80000000:00:?? = +1.00000000E+00
849C : ROR 34         : A=02 X=F8 Y=05 SP=?? N=0 V=1 D=0 I=0 Z=1 C=0 : FWA F8-81:0F800000:00:00 = -1.21093750E-01 : FWB 00-81:80000000:00:?? = +1.00000000E+00
849E : ROR 35         : A=02 X=F8 Y=05 SP=?? N=0 V=1 D=0 I=0 Z=1 C=0 : FWA F8-81:0F800000:00:00 = -1.21093750E-01 : FWB 00-81:80000000:00:?? = +1.00000000E+00
84A0 : DEC A          : A=01 X=F8 Y=05 SP=?? N=0 V=1 D=0 I=0 Z=0 C=0 : FWA F8-81:0F800000:00:00 = -1.21093750E-01 : FWB 00-81:80000000:00:?? = +1.00000000E+00
84A1 : BNE 8496       : A=01 X=F8 Y=05 SP=?? N=0 V=1 D=0 I=0 Z=0 C=0 : FWA F8-81:0F800000:00:00 = -1.21093750E-01 : FWB 00-81:80000000:00:?? = +1.00000000E+00
8496 : LSR 31         : A=01 X=F8 Y=05 SP=?? N=0 V=1 D=0 I=0 Z=0 C=1 : FWA F8-81:07800000:00:00 = -5.85937500E-02 : FWB 00-81:80000000:00:?? = +1.00000000E+00
8498 : ROR 32         : A=01 X=F8 Y=05 SP=?? N=1 V=1 D=0 I=0 Z=0 C=0 : FWA F8-81:07C00000:00:00 = -6.05468750E-02 : FWB 00-81:80000000:00:?? = +1.00000000E+00
849A : ROR 33         : A=01 X=F8 Y=05 SP=?? N=0 V=1 D=0 I=0 Z=1 C=0 : FWA F8-81:07C00000:00:00 = -6.05468750E-02 : FWB 00-81:80000000:00:?? = +1.00000000E+00
849C : ROR 34         : A=01 X=F8 Y=05 SP=?? N=0 V=1 D=0 I=0 Z=1 C=0 : FWA F8-81:07C00000:00:00 = -6.05468750E-02 : FWB 00-81:80000000:00:?? = +1.00000000E+00
849E : ROR 35         : A=01 X=F8 Y=05 SP=?? N=0 V=1 D=0 I=0 Z=1 C=0 : FWA F8-81:07C00000:00:00 = -6.05468750E-02 : FWB 00-81:80000000:00:?? = +1.00000000E+00
84A0 : DEC A          : A=00 X=F8 Y=05 SP=?? N=0 V=1 D=0 I=0 Z=1 C=0 : FWA F8-81:07C00000:00:00 = -6.05468750E-02 : FWB 00-81:80000000:00:?? = +1.00000000E+00
84A1 : BNE 8496       : A=00 X=F8 Y=05 SP=?? N=0 V=1 D=0 I=0 Z=1 C=0 : FWA F8-81:07C00000:00:00 = -6.05468750E-02 : FWB 00-81:80000000:00:?? = +1.00000000E+00
84A3 : LDA 2E         : A=F8 X=F8 Y=05 SP=?? N=1 V=1 D=0 I=0 Z=0 C=0 : FWA F8-81:07C00000:00:00 = -6.05468750E-02 : FWB 00-81:80000000:00:?? = +1.00000000E+00
84A5 : EOR 3B         : A=F8 X=F8 Y=05 SP=?? N=1 V=1 D=0 I=0 Z=0 C=0 : FWA F8-81:07C00000:00:00 = -6.05468750E-02 : FWB 00-81:80000000:00:?? = +1.00000000E+00
84A7 : BMI 84AD       : A=F8 X=F8 Y=05 SP=?? N=1 V=1 D=0 I=0 Z=0 C=0 : FWA F8-81:07C00000:00:00 = -6.05468750E-02 : FWB 00-81:80000000:00:?? = +1.00000000E+00
84AD : LDA 31         : A=07 X=F8 Y=05 SP=?? N=0 V=1 D=0 I=0 Z=0 C=0 : FWA F8-81:07C00000:00:00 = -6.05468750E-02 : FWB 00-81:80000000:00:?? = +1.00000000E+00
84AF : CMP 3D         : A=07 X=F8 Y=05 SP=?? N=1 V=1 D=0 I=0 Z=0 C=0 : FWA F8-81:07C00000:00:00 = -6.05468750E-02 : FWB 00-81:80000000:00:?? = +1.00000000E+00
84B1 : BNE 84CE       : A=07 X=F8 Y=05 SP=?? N=1 V=1 D=0 I=0 Z=0 C=0 : FWA F8-81:07C00000:00:00 = -6.05468750E-02 : FWB 00-81:80000000:00:?? = +1.00000000E+00
84CE : BCS 84F4       : A=07 X=F8 Y=05 SP=?? N=1 V=1 D=0 I=0 Z=0 C=0 : FWA F8-81:07C00000:00:00 = -6.05468750E-02 : FWB 00-81:80000000:00:?? = +1.00000000E+00
84D0 : LDA 3B         : A=00 X=F8 Y=05 SP=?? N=0 V=1 D=0 I=0 Z=1 C=0 : FWA F8-81:07C00000:00:00 = -6.05468750E-02 : FWB 00-81:80000000:00:?? = +1.00000000E+00
84D2 : STA 2E         : A=00 X=F8 Y=05 SP=?? N=0 V=1 D=0 I=0 Z=1 C=0 : FWA 00-81:07C00000:00:00 = +6.05468750E-02 : FWB 00-81:80000000:00:?? = +1.00000000E+00
84D4 : SEC            : A=00 X=F8 Y=05 SP=?? N=0 V=1 D=0 I=0 Z=1 C=1 : FWA 00-81:07C00000:00:00 = +6.05468750E-02 : FWB 00-81:80000000:00:?? = +1.00000000E+00
84D5 : LDA 41         : A=00 X=F8 Y=05 SP=?? N=0 V=1 D=0 I=0 Z=1 C=1 : FWA 00-81:07C00000:00:00 = +6.05468750E-02 : FWB 00-81:80000000:00:?? = +1.00000000E+00
84D7 : SBC 35         : A=00 X=F8 Y=05 SP=?? N=0 V=0 D=0 I=0 Z=1 C=1 : FWA 00-81:07C00000:00:00 = +6.05468750E-02 : FWB 00-81:80000000:00:?? = +1.00000000E+00
84D9 : STA 35         : A=00 X=F8 Y=05 SP=?? N=0 V=0 D=0 I=0 Z=1 C=1 : FWA 00-81:07C00000:00:00 = +6.05468750E-02 : FWB 00-81:80000000:00:?? = +1.00000000E+00
84DB : LDA 40         : A=00 X=F8 Y=05 SP=?? N=0 V=0 D=0 I=0 Z=1 C=1 : FWA 00-81:07C00000:00:00 = +6.05468750E-02 : FWB 00-81:80000000:00:?? = +1.00000000E+00
84DD : SBC 34         : A=00 X=F8 Y=05 SP=?? N=0 V=0 D=0 I=0 Z=1 C=1 : FWA 00-81:07C00000:00:00 = +6.05468750E-02 : FWB 00-81:80000000:00:?? = +1.00000000E+00
84DF : STA 34         : A=00 X=F8 Y=05 SP=?? N=0 V=0 D=0 I=0 Z=1 C=1 : FWA 00-81:07C00000:00:00 = +6.05468750E-02 : FWB 00-81:80000000:00:?? = +1.00000000E+00
84E1 : LDA 3F         : A=00 X=F8 Y=05 SP=?? N=0 V=0 D=0 I=0 Z=1 C=1 : FWA 00-81:07C00000:00:00 = +6.05468750E-02 : FWB 00-81:80000000:00:?? = +1.00000000E+00
84E3 : SBC 33         : A=00 X=F8 Y=05 SP=?? N=0 V=0 D=0 I=0 Z=1 C=1 : FWA 00-81:07C00000:00:00 = +6.05468750E-02 : FWB 00-81:80000000:00:?? = +1.00000000E+00
84E5 : STA 33         : A=00 X=F8 Y=05 SP=?? N=0 V=0 D=0 I=0 Z=1 C=1 : FWA 00-81:07C00000:00:00 = +6.05468750E-02 : FWB 00-81:80000000:00:?? = +1.00000000E+00
84E7 : LDA 3E         : A=00 X=F8 Y=05 SP=?? N=0 V=0 D=0 I=0 Z=1 C=1 : FWA 00-81:07C00000:00:00 = +6.05468750E-02 : FWB 00-81:80000000:00:?? = +1.00000000E+00
84E9 : SBC 32         : A=40 X=F8 Y=05 SP=?? N=0 V=0 D=0 I=0 Z=0 C=0 : FWA 00-81:07C00000:00:00 = +6.05468750E-02 : FWB 00-81:80000000:00:?? = +1.00000000E+00
84EB : STA 32         : A=40 X=F8 Y=05 SP=?? N=0 V=0 D=0 I=0 Z=0 C=0 : FWA 00-81:07400000:00:00 = +5.66406250E-02 : FWB 00-81:80000000:00:?? = +1.00000000E+00
84ED : LDA 3D         : A=80 X=F8 Y=05 SP=?? N=1 V=0 D=0 I=0 Z=0 C=0 : FWA 00-81:07400000:00:00 = +5.66406250E-02 : FWB 00-81:80000000:00:?? = +1.00000000E+00
84EF : SBC 31         : A=78 X=F8 Y=05 SP=?? N=0 V=1 D=0 I=0 Z=0 C=1 : FWA 00-81:07400000:00:00 = +5.66406250E-02 : FWB 00-81:80000000:00:?? = +1.00000000E+00
84F1 : JMP 8304       : A=78 X=F8 Y=05 SP=?? N=0 V=1 D=0 I=0 Z=0 C=1 : FWA 00-81:07400000:00:00 = +5.66406250E-02 : FWB 00-81:80000000:00:?? = +1.00000000E+00
8304 : BMI 8346       : A=78 X=F8 Y=05 SP=?? N=0 V=1 D=0 I=0 Z=0 C=1 : FWA 00-81:07400000:00:00 = +5.66406250E-02 : FWB 00-81:80000000:00:?? = +1.00000000E+00
8306 : BNE 832F       : A=78 X=F8 Y=05 SP=?? N=0 V=1 D=0 I=0 Z=0 C=1 : FWA 00-81:07400000:00:00 = +5.66406250E-02 : FWB 00-81:80000000:00:?? = +1.00000000E+00
832F : LDY 30         : A=78 X=F8 Y=81 SP=?? N=1 V=1 D=0 I=0 Z=0 C=1 : FWA 00-81:07400000:00:00 = +5.66406250E-02 : FWB 00-81:80000000:00:?? = +1.00000000E+00
8331 : DEY            : A=78 X=F8 Y=80 SP=?? N=1 V=1 D=0 I=0 Z=0 C=1 : FWA 00-81:07400000:00:00 = +5.66406250E-02 : FWB 00-81:80000000:00:?? = +1.00000000E+00
8332 : ASL 35         : A=78 X=F8 Y=80 SP=?? N=0 V=1 D=0 I=0 Z=1 C=0 : FWA 00-81:07400000:00:00 = +5.66406250E-02 : FWB 00-81:80000000:00:?? = +1.00000000E+00
8334 : ROL 34         : A=78 X=F8 Y=80 SP=?? N=0 V=1 D=0 I=0 Z=1 C=0 : FWA 00-81:07400000:00:00 = +5.66406250E-02 : FWB 00-81:80000000:00:?? = +1.00000000E+00
8336 : ROL 33         : A=78 X=F8 Y=80 SP=?? N=0 V=1 D=0 I=0 Z=1 C=0 : FWA 00-81:07400000:00:00 = +5.66406250E-02 : FWB 00-81:80000000:00:?? = +1.00000000E+00
8338 : ROL 32         : A=78 X=F8 Y=80 SP=?? N=1 V=1 D=0 I=0 Z=0 C=0 : FWA 00-81:07800000:00:00 = +5.85937500E-02 : FWB 00-81:80000000:00:?? = +1.00000000E+00
833A : ROL A          : A=F0 X=F8 Y=80 SP=?? N=1 V=1 D=0 I=0 Z=0 C=0 : FWA 00-81:07800000:00:00 = +5.85937500E-02 : FWB 00-81:80000000:00:?? = +1.00000000E+00
833B : BPL 8331       : A=F0 X=F8 Y=80 SP=?? N=1 V=1 D=0 I=0 Z=0 C=0 : FWA 00-81:07800000:00:00 = +5.85937500E-02 : FWB 00-81:80000000:00:?? = +1.00000000E+00
833D : CPY 30         : A=F0 X=F8 Y=80 SP=?? N=1 V=1 D=0 I=0 Z=0 C=0 : FWA 00-81:07800000:00:00 = +5.85937500E-02 : FWB 00-81:80000000:00:?? = +1.00000000E+00
833F : STY 30         : A=F0 X=F8 Y=80 SP=?? N=1 V=1 D=0 I=0 Z=0 C=0 : FWA 00-80:07800000:00:00 = +2.92968750E-02 : FWB 00-81:80000000:00:?? = +1.00000000E+00
8341 : BCC 8345       : A=F0 X=F8 Y=80 SP=?? N=1 V=1 D=0 I=0 Z=0 C=0 : FWA 00-80:07800000:00:00 = +2.92968750E-02 : FWB 00-81:80000000:00:?? = +1.00000000E+00
8345 : TAY            : A=F0 X=F8 Y=F0 SP=?? N=1 V=1 D=0 I=0 Z=0 C=0 : FWA 00-80:07800000:00:00 = +2.92968750E-02 : FWB 00-81:80000000:00:?? = +1.00000000E+00
8346 : STA 31         : A=F0 X=F8 Y=F0 SP=?? N=1 V=1 D=0 I=0 Z=0 C=0 : FWA 00-80:F0800000:00:00 = +9.39453125E-01 : FWB 00-81:80000000:00:?? = +1.00000000E+00
8348 : RTS            : A=F0 X=F8 Y=F0 SP=?? N=1 V=1 D=0 I=0 Z=0 C=0 : FWA 00-80:F0800000:00:00 = +9.39453125E-01 : FWB 00-81:80000000:00:?? = +1.00000000E+00
A712 : LDA 35         : A=00 X=F8 Y=F0 SP=?? N=0 V=1 D=0 I=0 Z=1 C=0 : FWA 00-80:F0800000:00:00 = +9.39453125E-01 : FWB 00-81:80000000:00:?? = +1.00000000E+00
A714 : BPL A725       : A=00 X=F8 Y=F0 SP=?? N=0 V=1 D=0 I=0 Z=1 C=0 : FWA 00-80:F0800000:00:00 = +9.39453125E-01 : FWB 00-81:80000000:00:?? = +1.00000000E+00
A725 : LDA 2F         : A=00 X=F8 Y=F0 SP=?? N=0 V=1 D=0 I=0 Z=1 C=0 : FWA 00-80:F0800000:00:00 = +9.39453125E-01 : FWB 00-81:80000000:00:?? = +1.00000000E+00
A727 : BEQ A739       : A=00 X=F8 Y=F0 SP=?? N=0 V=1 D=0 I=0 Z=1 C=0 : FWA 00-80:F0800000:00:00 = +9.39453125E-01 : FWB 00-81:80000000:00:?? = +1.00000000E+00
A739 : STZ 35         : A=00 X=F8 Y=F0 SP=?? N=0 V=1 D=0 I=0 Z=1 C=0 : FWA 00-80:F0800000:00:00 = +9.39453125E-01 : FWB 00-81:80000000:00:?? = +1.00000000E+00
A73B : LDA #FF        : A=FF X=F8 Y=F0 SP=?? N=1 V=1 D=0 I=0 Z=0 C=0 : FWA 00-80:F0800000:00:00 = +9.39453125E-01 : FWB 00-81:80000000:00:?? = +1.00000000E+00
A73D : RTS            : A=FF X=F8 Y=F0 SP=?? N=1 V=1 D=0 I=0 Z=0 C=0 : FWA 00-80:F0800000:00:00 = +9.39453125E-01 : FWB 00-81:80000000:00:?? = +1.00000000E+00
A5F7 : BRA A634       : A=FF X=F8 Y=F0 SP=?? N=1 V=1 D=0 I=0 Z=0 C=0 : FWA 00-80:F0800000:00:00 = +9.39453125E-01 : FWB 00-81:80000000:00:?? = +1.00000000E+00
A634 : LDA 31         : A=F0 X=F8 Y=F0 SP=?? N=1 V=1 D=0 I=0 Z=0 C=0 : FWA 00-80:F0800000:00:00 = +9.39453125E-01 : FWB 00-81:80000000:00:?? = +1.00000000E+00
A636 : BEQ A62C       : A=F0 X=F8 Y=F0 SP=?? N=1 V=1 D=0 I=0 Z=0 C=0 : FWA 00-80:F0800000:00:00 = +9.39453125E-01 : FWB 00-81:80000000:00:?? = +1.00000000E+00
A638 : JSR A514       : A=F0 X=F8 Y=F0 SP=?? N=1 V=1 D=0 I=0 Z=0 C=0 : FWA 00-80:F0800000:00:00 = +9.39453125E-01 : FWB 00-81:80000000:00:?? = +1.00000000E+00
A514 : STZ 41         : A=F0 X=F8 Y=F0 SP=?? N=1 V=1 D=0 I=0 Z=0 C=0 : FWA 00-80:F0800000:00:00 = +9.39453125E-01 : FWB 00-81:80000000:00:?? = +1.00000000E+00
A516 : LDY #04        : A=F0 X=F8 Y=04 SP=?? N=0 V=1 D=0 I=0 Z=0 C=0 : FWA 00-80:F0800000:00:00 = +9.39453125E-01 : FWB 00-81:80000000:00:?? = +1.00000000E+00
A518 : LDA (4A),Y     : A=00 X=F8 Y=04 SP=?? N=0 V=1 D=0 I=0 Z=1 C=0 : FWA 00-80:F0800000:00:00 = +9.39453125E-01 : FWB 00-81:80000000:00:?? = +1.00000000E+00
A51A : STA 40         : A=00 X=F8 Y=04 SP=?? N=0 V=1 D=0 I=0 Z=1 C=0 : FWA 00-80:F0800000:00:00 = +9.39453125E-01 : FWB 00-81:80000000:00:?? = +1.00000000E+00
A51C : DEY            : A=00 X=F8 Y=03 SP=?? N=0 V=1 D=0 I=0 Z=0 C=0 : FWA 00-80:F0800000:00:00 = +9.39453125E-01 : FWB 00-81:80000000:00:?? = +1.00000000E+00
A51D : LDA (4A),Y     : A=00 X=F8 Y=03 SP=?? N=0 V=1 D=0 I=0 Z=1 C=0 : FWA 00-80:F0800000:00:00 = +9.39453125E-01 : FWB 00-81:80000000:00:?? = +1.00000000E+00
A51F : STA 3F         : A=00 X=F8 Y=03 SP=?? N=0 V=1 D=0 I=0 Z=1 C=0 : FWA 00-80:F0800000:00:00 = +9.39453125E-01 : FWB 00-81:80000000:00:?? = +1.00000000E+00
A521 : DEY            : A=00 X=F8 Y=02 SP=?? N=0 V=1 D=0 I=0 Z=0 C=0 : FWA 00-80:F0800000:00:00 = +9.39453125E-01 : FWB 00-81:80000000:00:?? = +1.00000000E+00
A522 : LDA (4A),Y     : A=00 X=F8 Y=02 SP=?? N=0 V=1 D=0 I=0 Z=1 C=0 : FWA 00-80:F0800000:00:00 = +9.39453125E-01 : FWB 00-81:80000000:00:?? = +1.00000000E+00
A524 : STA 3E         : A=00 X=F8 Y=02 SP=?? N=0 V=1 D=0 I=0 Z=1 C=0 : FWA 00-80:F0800000:00:00 = +9.39453125E-01 : FWB 00-81:80000000:00:?? = +1.00000000E+00
A526 : DEY            : A=00 X=F8 Y=01 SP=?? N=0 V=1 D=0 I=0 Z=0 C=0 : FWA 00-80:F0800000:00:00 = +9.39453125E-01 : FWB 00-81:80000000:00:?? = +1.00000000E+00
A527 : LDA (4A),Y     : A=78 X=F8 Y=01 SP=?? N=0 V=1 D=0 I=0 Z=0 C=0 : FWA 00-80:F0800000:00:00 = +9.39453125E-01 : FWB 00-81:80000000:00:?? = +1.00000000E+00
A529 : STA 3B         : A=78 X=F8 Y=01 SP=?? N=0 V=1 D=0 I=0 Z=0 C=0 : FWA 00-80:F0800000:00:00 = +9.39453125E-01 : FWB 78-81:80000000:00:?? = +1.00000000E+00
A52B : TAY            : A=78 X=F8 Y=78 SP=?? N=0 V=1 D=0 I=0 Z=0 C=0 : FWA 00-80:F0800000:00:00 = +9.39453125E-01 : FWB 78-81:80000000:00:?? = +1.00000000E+00
A52C : LDA (4A)       : A=7C X=F8 Y=78 SP=?? N=0 V=1 D=0 I=0 Z=0 C=0 : FWA 00-80:F0800000:00:00 = +9.39453125E-01 : FWB 78-81:80000000:00:?? = +1.00000000E+00
A52E : STA 3C         : A=7C X=F8 Y=78 SP=?? N=0 V=1 D=0 I=0 Z=0 C=0 : FWA 00-80:F0800000:00:00 = +9.39453125E-01 : FWB 78-7C:80000000:00:?? = +3.12500000E-02
A530 : BNE A53B       : A=7C X=F8 Y=78 SP=?? N=0 V=1 D=0 I=0 Z=0 C=0 : FWA 00-80:F0800000:00:00 = +9.39453125E-01 : FWB 78-7C:80000000:00:?? = +3.12500000E-02
A53B : TYA            : A=78 X=F8 Y=78 SP=?? N=0 V=1 D=0 I=0 Z=0 C=0 : FWA 00-80:F0800000:00:00 = +9.39453125E-01 : FWB 78-7C:80000000:00:?? = +3.12500000E-02
A53C : ORA #80        : A=F8 X=F8 Y=78 SP=?? N=1 V=1 D=0 I=0 Z=0 C=0 : FWA 00-80:F0800000:00:00 = +9.39453125E-01 : FWB 78-7C:80000000:00:?? = +3.12500000E-02
A53E : STA 3D         : A=F8 X=F8 Y=78 SP=?? N=1 V=1 D=0 I=0 Z=0 C=0 : FWA 00-80:F0800000:00:00 = +9.39453125E-01 : FWB 78-7C:F8000000:00:?? = +6.05468750E-02
A540 : RTS            : A=F8 X=F8 Y=78 SP=?? N=1 V=1 D=0 I=0 Z=0 C=0 : FWA 00-80:F0800000:00:00 = +9.39453125E-01 : FWB 78-7C:F8000000:00:?? = +6.05468750E-02
A63B : BNE A640       : A=F8 X=F8 Y=78 SP=?? N=1 V=1 D=0 I=0 Z=0 C=0 : FWA 00-80:F0800000:00:00 = +9.39453125E-01 : FWB 78-7C:F8000000:00:?? = +6.05468750E-02
A640 : LDA 3B         : A=78 X=F8 Y=78 SP=?? N=0 V=1 D=0 I=0 Z=0 C=0 : FWA 00-80:F0800000:00:00 = +9.39453125E-01 : FWB 78-7C:F8000000:00:?? = +6.05468750E-02
A642 : EOR 2E         : A=78 X=F8 Y=78 SP=?? N=0 V=1 D=0 I=0 Z=0 C=0 : FWA 00-80:F0800000:00:00 = +9.39453125E-01 : FWB 78-7C:F8000000:00:?? = +6.05468750E-02
A644 : STA 2E         : A=78 X=F8 Y=78 SP=?? N=0 V=1 D=0 I=0 Z=0 C=0 : FWA 78-80:F0800000:00:00 = +9.39453125E-01 : FWB 78-7C:F8000000:00:?? = +6.05468750E-02
A646 : SEC            : A=78 X=F8 Y=78 SP=?? N=0 V=1 D=0 I=0 Z=0 C=1 : FWA 78-80:F0800000:00:00 = +9.39453125E-01 : FWB 78-7C:F8000000:00:?? = +6.05468750E-02
A647 : LDA 3C         : A=7C X=F8 Y=78 SP=?? N=0 V=1 D=0 I=0 Z=0 C=1 : FWA 78-80:F0800000:00:00 = +9.39453125E-01 : FWB 78-7C:F8000000:00:?? = +6.05468750E-02
A649 : ADC #81        : A=FE X=F8 Y=78 SP=?? N=1 V=0 D=0 I=0 Z=0 C=0 : FWA 78-80:F0800000:00:00 = +9.39453125E-01 : FWB 78-7C:F8000000:00:?? = +6.05468750E-02
A64B : ROL 2F         : A=FE X=F8 Y=78 SP=?? N=0 V=0 D=0 I=0 Z=1 C=0 : FWA 78-80:F0800000:00:00 = +9.39453125E-01 : FWB 78-7C:F8000000:00:?? = +6.05468750E-02
A64D : SBC 30         : A=7D X=F8 Y=78 SP=?? N=0 V=0 D=0 I=0 Z=0 C=1 : FWA 78-80:F0800000:00:00 = +9.39453125E-01 : FWB 78-7C:F8000000:00:?? = +6.05468750E-02
A64F : BCS A653       : A=7D X=F8 Y=78 SP=?? N=0 V=0 D=0 I=0 Z=0 C=1 : FWA 78-80:F0800000:00:00 = +9.39453125E-01 : FWB 78-7C:F8000000:00:?? = +6.05468750E-02
A653 : STA 30         : A=7D X=F8 Y=78 SP=?? N=0 V=0 D=0 I=0 Z=0 C=1 : FWA 78-7D:F0800000:00:00 = +1.17431641E-01 : FWB 78-7C:F8000000:00:?? = +6.05468750E-02
A655 : LDA 3D         : A=F8 X=F8 Y=78 SP=?? N=1 V=0 D=0 I=0 Z=0 C=1 : FWA 78-7D:F0800000:00:00 = +1.17431641E-01 : FWB 78-7C:F8000000:00:?? = +6.05468750E-02
A657 : CLC            : A=F8 X=F8 Y=78 SP=?? N=1 V=0 D=0 I=0 Z=0 C=0 : FWA 78-7D:F0800000:00:00 = +1.17431641E-01 : FWB 78-7C:F8000000:00:?? = +6.05468750E-02
A658 : LDY #04        : A=F8 X=F8 Y=04 SP=?? N=0 V=0 D=0 I=0 Z=0 C=0 : FWA 78-7D:F0800000:00:00 = +1.17431641E-01 : FWB 78-7C:F8000000:00:?? = +6.05468750E-02
A65A : STY 3C         : A=F8 X=F8 Y=04 SP=?? N=0 V=0 D=0 I=0 Z=0 C=0 : FWA 78-7D:F0800000:00:00 = +1.17431641E-01 : FWB 78-04:F8000000:00:?? = +4.55504061E-38
A65C : LDX #08        : A=F8 X=08 Y=04 SP=?? N=0 V=0 D=0 I=0 Z=0 C=0 : FWA 78-7D:F0800000:00:00 = +1.17431641E-01 : FWB 78-04:F8000000:00:?? = +4.55504061E-38
A65E : BCS A676       : A=F8 X=08 Y=04 SP=?? N=0 V=0 D=0 I=0 Z=0 C=0 : FWA 78-7D:F0800000:00:00 = +1.17431641E-01 : FWB 78-04:F8000000:00:?? = +4.55504061E-38
A660 : CMP 31         : A=F8 X=08 Y=04 SP=?? N=0 V=0 D=0 I=0 Z=0 C=1 : FWA 78-7D:F0800000:00:00 = +1.17431641E-01 : FWB 78-04:F8000000:00:?? = +4.55504061E-38
A662 : BNE A674       : A=F8 X=08 Y=04 SP=?? N=0 V=0 D=0 I=0 Z=0 C=1 : FWA 78-7D:F0800000:00:00 = +1.17431641E-01 : FWB 78-04:F8000000:00:?? = +4.55504061E-38
A674 : BCC A68D       : A=F8 X=08 Y=04 SP=?? N=0 V=0 D=0 I=0 Z=0 C=1 : FWA 78-7D:F0800000:00:00 = +1.17431641E-01 : FWB 78-04:F8000000:00:?? = +4.55504061E-38
A676 : TAY            : A=F8 X=08 Y=F8 SP=?? N=1 V=0 D=0 I=0 Z=0 C=1 : FWA 78-7D:F0800000:00:00 = +1.17431641E-01 : FWB 78-04:F8000000:00:?? = +4.55504061E-38
A677 : LDA 40         : A=00 X=08 Y=F8 SP=?? N=0 V=0 D=0 I=0 Z=1 C=1 : FWA 78-7D:F0800000:00:00 = +1.17431641E-01 : FWB 78-04:F8000000:00:?? = +4.55504061E-38
A679 : SBC 34         : A=00 X=08 Y=F8 SP=?? N=0 V=0 D=0 I=0 Z=1 C=1 : FWA 78-7D:F0800000:00:00 = +1.17431641E-01 : FWB 78-04:F8000000:00:?? = +4.55504061E-38
A67B : STA 40         : A=00 X=08 Y=F8 SP=?? N=0 V=0 D=0 I=0 Z=1 C=1 : FWA 78-7D:F0800000:00:00 = +1.17431641E-01 : FWB 78-04:F8000000:00:?? = +4.55504061E-38
A67D : LDA 3F         : A=00 X=08 Y=F8 SP=?? N=0 V=0 D=0 I=0 Z=1 C=1 : FWA 78-7D:F0800000:00:00 = +1.17431641E-01 : FWB 78-04:F8000000:00:?? = +4.55504061E-38
A67F : SBC 33         : A=00 X=08 Y=F8 SP=?? N=0 V=0 D=0 I=0 Z=1 C=1 : FWA 78-7D:F0800000:00:00 = +1.17431641E-01 : FWB 78-04:F8000000:00:?? = +4.55504061E-38
A681 : STA 3F         : A=00 X=08 Y=F8 SP=?? N=0 V=0 D=0 I=0 Z=1 C=1 : FWA 78-7D:F0800000:00:00 = +1.17431641E-01 : FWB 78-04:F8000000:00:?? = +4.55504061E-38
A683 : LDA 3E         : A=00 X=08 Y=F8 SP=?? N=0 V=0 D=0 I=0 Z=1 C=1 : FWA 78-7D:F0800000:00:00 = +1.17431641E-01 : FWB 78-04:F8000000:00:?? = +4.55504061E-38
A685 : SBC 32         : A=80 X=08 Y=F8 SP=?? N=1 V=1 D=0 I=0 Z=0 C=0 : FWA 78-7D:F0800000:00:00 = +1.17431641E-01 : FWB 78-04:F8000000:00:?? = +4.55504061E-38
A687 : STA 3E         : A=80 X=08 Y=F8 SP=?? N=1 V=1 D=0 I=0 Z=0 C=0 : FWA 78-7D:F0800000:00:00 = +1.17431641E-01 : FWB 78-04:F8800000:00:?? = +4.56422416E-38
A689 : TYA            : A=F8 X=08 Y=F8 SP=?? N=1 V=1 D=0 I=0 Z=0 C=0 : FWA 78-7D:F0800000:00:00 = +1.17431641E-01 : FWB 78-04:F8800000:00:?? = +4.56422416E-38
A68A : SBC 31         : A=07 X=08 Y=F8 SP=?? N=0 V=0 D=0 I=0 Z=0 C=1 : FWA 78-7D:F0800000:00:00 = +1.17431641E-01 : FWB 78-04:F8800000:00:?? = +4.56422416E-38
A68C : SEC            : A=07 X=08 Y=F8 SP=?? N=0 V=0 D=0 I=0 Z=0 C=1 : FWA 78-7D:F0800000:00:00 = +1.17431641E-01 : FWB 78-04:F8800000:00:?? = +4.56422416E-38
A68D : ROL 3B         : A=07 X=08 Y=F8 SP=?? N=1 V=0 D=0 I=0 Z=0 C=0 : FWA 78-7D:F0800000:00:00 = +1.17431641E-01 : FWB F1-04:F8800000:00:?? = -4.56422416E-38
A68F : ASL 40         : A=07 X=08 Y=F8 SP=?? N=0 V=0 D=0 I=0 Z=1 C=0 : FWA 78-7D:F0800000:00:00 = +1.17431641E-01 : FWB F1-04:F8800000:00:?? = -4.56422416E-38
A691 : ROL 3F         : A=07 X=08 Y=F8 SP=?? N=0 V=0 D=0 I=0 Z=1 C=0 : FWA 78-7D:F0800000:00:00 = +1.17431641E-01 : FWB F1-04:F8800000:00:?? = -4.56422416E-38
A693 : ROL 3E         : A=07 X=08 Y=F8 SP=?? N=0 V=0 D=0 I=0 Z=1 C=1 : FWA 78-7D:F0800000:00:00 = +1.17431641E-01 : FWB F1-04:F8000000:00:?? = -4.55504061E-38
A695 : ROL A          : A=0F X=08 Y=F8 SP=?? N=0 V=0 D=0 I=0 Z=0 C=0 : FWA 78-7D:F0800000:00:00 = +1.17431641E-01 : FWB F1-04:F8000000:00:?? = -4.55504061E-38
A696 : DEX            : A=0F X=07 Y=F8 SP=?? N=0 V=0 D=0 I=0 Z=0 C=0 : FWA 78-7D:F0800000:00:00 = +1.17431641E-01 : FWB F1-04:F8000000:00:?? = -4.55504061E-38
A697 : BNE A65E       : A=0F X=07 Y=F8 SP=?? N=0 V=0 D=0 I=0 Z=0 C=0 : FWA 78-7D:F0800000:00:00 = +1.17431641E-01 : FWB F1-04:F8000000:00:?? = -4.55504061E-38
A65E : BCS A676       : A=0F X=07 Y=F8 SP=?? N=0 V=0 D=0 I=0 Z=0 C=0 : FWA 78-7D:F0800000:00:00 = +1.17431641E-01 : FWB F1-04:F8000000:00:?? = -4.55504061E-38
A660 : CMP 31         : A=0F X=07 Y=F8 SP=?? N=0 V=0 D=0 I=0 Z=0 C=0 : FWA 78-7D:F0800000:00:00 = +1.17431641E-01 : FWB F1-04:F8000000:00:?? = -4.55504061E-38
A662 : BNE A674       : A=0F X=07 Y=F8 SP=?? N=0 V=0 D=0 I=0 Z=0 C=0 : FWA 78-7D:F0800000:00:00 = +1.17431641E-01 : FWB F1-04:F8000000:00:?? = -4.55504061E-38
A674 : BCC A68D       : A=0F X=07 Y=F8 SP=?? N=0 V=0 D=0 I=0 Z=0 C=0 : FWA 78-7D:F0800000:00:00 = +1.17431641E-01 : FWB F1-04:F8000000:00:?? = -4.55504061E-38
A68D : ROL 3B         : A=0F X=07 Y=F8 SP=?? N=1 V=0 D=0 I=0 Z=0 C=1 : FWA 78-7D:F0800000:00:00 = +1.17431641E-01 : FWB E2-04:F8000000:00:?? = -4.55504061E-38
A68F : ASL 40         : A=0F X=07 Y=F8 SP=?? N=0 V=0 D=0 I=0 Z=1 C=0 : FWA 78-7D:F0800000:00:00 = +1.17431641E-01 : FWB E2-04:F8000000:00:?? = -4.55504061E-38
A691 : ROL 3F         : A=0F X=07 Y=F8 SP=?? N=0 V=0 D=0 I=0 Z=1 C=0 : FWA 78-7D:F0800000:00:00 = +1.17431641E-01 : FWB E2-04:F8000000:00:?? = -4.55504061E-38
A693 : ROL 3E         : A=0F X=07 Y=F8 SP=?? N=0 V=0 D=0 I=0 Z=1 C=0 : FWA 78-7D:F0800000:00:00 = +1.17431641E-01 : FWB E2-04:F8000000:00:?? = -4.55504061E-38
A695 : ROL A          : A=1E X=07 Y=F8 SP=?? N=0 V=0 D=0 I=0 Z=0 C=0 : FWA 78-7D:F0800000:00:00 = +1.17431641E-01 : FWB E2-04:F8000000:00:?? = -4.55504061E-38
A696 : DEX            : A=1E X=06 Y=F8 SP=?? N=0 V=0 D=0 I=0 Z=0 C=0 : FWA 78-7D:F0800000:00:00 = +1.17431641E-01 : FWB E2-04:F8000000:00:?? = -4.55504061E-38
A697 : BNE A65E       : A=1E X=06 Y=F8 SP=?? N=0 V=0 D=0 I=0 Z=0 C=0 : FWA 78-7D:F0800000:00:00 = +1.17431641E-01 : FWB E2-04:F8000000:00:?? = -4.55504061E-38
A65E : BCS A676       : A=1E X=06 Y=F8 SP=?? N=0 V=0 D=0 I=0 Z=0 C=0 : FWA 78-7D:F0800000:00:00 = +1.17431641E-01 : FWB E2-04:F8000000:00:?? = -4.55504061E-38
A660 : CMP 31         : A=1E X=06 Y=F8 SP=?? N=0 V=0 D=0 I=0 Z=0 C=0 : FWA 78-7D:F0800000:00:00 = +1.17431641E-01 : FWB E2-04:F8000000:00:?? = -4.55504061E-38
A662 : BNE A674       : A=1E X=06 Y=F8 SP=?? N=0 V=0 D=0 I=0 Z=0 C=0 : FWA 78-7D:F0800000:00:00 = +1.17431641E-01 : FWB E2-04:F8000000:00:?? = -4.55504061E-38
A674 : BCC A68D       : A=1E X=06 Y=F8 SP=?? N=0 V=0 D=0 I=0 Z=0 C=0 : FWA 78-7D:F0800000:00:00 = +1.17431641E-01 : FWB E2-04:F8000000:00:?? = -4.55504061E-38
A68D : ROL 3B         : A=1E X=06 Y=F8 SP=?? N=1 V=0 D=0 I=0 Z=0 C=1 : FWA 78-7D:F0800000:00:00 = +1.17431641E-01 : FWB C4-04:F8000000:00:?? = -4.55504061E-38
A68F : ASL 40         : A=1E X=06 Y=F8 SP=?? N=0 V=0 D=0 I=0 Z=1 C=0 : FWA 78-7D:F0800000:00:00 = +1.17431641E-01 : FWB C4-04:F8000000:00:?? = -4.55504061E-38
A691 : ROL 3F         : A=1E X=06 Y=F8 SP=?? N=0 V=0 D=0 I=0 Z=1 C=0 : FWA 78-7D:F0800000:00:00 = +1.17431641E-01 : FWB C4-04:F8000000:00:?? = -4.55504061E-38
A693 : ROL 3E         : A=1E X=06 Y=F8 SP=?? N=0 V=0 D=0 I=0 Z=1 C=0 : FWA 78-7D:F0800000:00:00 = +1.17431641E-01 : FWB C4-04:F8000000:00:?? = -4.55504061E-38
A695 : ROL A          : A=3C X=06 Y=F8 SP=?? N=0 V=0 D=0 I=0 Z=0 C=0 : FWA 78-7D:F0800000:00:00 = +1.17431641E-01 : FWB C4-04:F8000000:00:?? = -4.55504061E-38
A696 : DEX            : A=3C X=05 Y=F8 SP=?? N=0 V=0 D=0 I=0 Z=0 C=0 : FWA 78-7D:F0800000:00:00 = +1.17431641E-01 : FWB C4-04:F8000000:00:?? = -4.55504061E-38
A697 : BNE A65E       : A=3C X=05 Y=F8 SP=?? N=0 V=0 D=0 I=0 Z=0 C=0 : FWA 78-7D:F0800000:00:00 = +1.17431641E-01 : FWB C4-04:F8000000:00:?? = -4.55504061E-38
A65E : BCS A676       : A=3C X=05 Y=F8 SP=?? N=0 V=0 D=0 I=0 Z=0 C=0 : FWA 78-7D:F0800000:00:00 = +1.17431641E-01 : FWB C4-04:F8000000:00:?? = -4.55504061E-38
A660 : CMP 31         : A=3C X=05 Y=F8 SP=?? N=0 V=0 D=0 I=0 Z=0 C=0 : FWA 78-7D:F0800000:00:00 = +1.17431641E-01 : FWB C4-04:F8000000:00:?? = -4.55504061E-38
A662 : BNE A674       : A=3C X=05 Y=F8 SP=?? N=0 V=0 D=0 I=0 Z=0 C=0 : FWA 78-7D:F0800000:00:00 = +1.17431641E-01 : FWB C4-04:F8000000:00:?? = -4.55504061E-38
A674 : BCC A68D       : A=3C X=05 Y=F8 SP=?? N=0 V=0 D=0 I=0 Z=0 C=0 : FWA 78-7D:F0800000:00:00 = +1.17431641E-01 : FWB C4-04:F8000000:00:?? = -4.55504061E-38
A68D : ROL 3B         : A=3C X=05 Y=F8 SP=?? N=1 V=0 D=0 I=0 Z=0 C=1 : FWA 78-7D:F0800000:00:00 = +1.17431641E-01 : FWB 88-04:F8000000:00:?? = -4.55504061E-38
A68F : ASL 40         : A=3C X=05 Y=F8 SP=?? N=0 V=0 D=0 I=0 Z=1 C=0 : FWA 78-7D:F0800000:00:00 = +1.17431641E-01 : FWB 88-04:F8000000:00:?? = -4.55504061E-38
A691 : ROL 3F         : A=3C X=05 Y=F8 SP=?? N=0 V=0 D=0 I=0 Z=1 C=0 : FWA 78-7D:F0800000:00:00 = +1.17431641E-01 : FWB 88-04:F8000000:00:?? = -4.55504061E-38
A693 : ROL 3E         : A=3C X=05 Y=F8 SP=?? N=0 V=0 D=0 I=0 Z=1 C=0 : FWA 78-7D:F0800000:00:00 = +1.17431641E-01 : FWB 88-04:F8000000:00:?? = -4.55504061E-38
A695 : ROL A          : A=78 X=05 Y=F8 SP=?? N=0 V=0 D=0 I=0 Z=0 C=0 : FWA 78-7D:F0800000:00:00 = +1.17431641E-01 : FWB 88-04:F8000000:00:?? = -4.55504061E-38
A696 : DEX            : A=78 X=04 Y=F8 SP=?? N=0 V=0 D=0 I=0 Z=0 C=0 : FWA 78-7D:F0800000:00:00 = +1.17431641E-01 : FWB 88-04:F8000000:00:?? = -4.55504061E-38
A697 : BNE A65E       : A=78 X=04 Y=F8 SP=?? N=0 V=0 D=0 I=0 Z=0 C=0 : FWA 78-7D:F0800000:00:00 = +1.17431641E-01 : FWB 88-04:F8000000:00:?? = -4.55504061E-38
A65E : BCS A676       : A=78 X=04 Y=F8 SP=?? N=0 V=0 D=0 I=0 Z=0 C=0 : FWA 78-7D:F0800000:00:00 = +1.17431641E-01 : FWB 88-04:F8000000:00:?? = -4.55504061E-38
A660 : CMP 31         : A=78 X=04 Y=F8 SP=?? N=1 V=0 D=0 I=0 Z=0 C=0 : FWA 78-7D:F0800000:00:00 = +1.17431641E-01 : FWB 88-04:F8000000:00:?? = -4.55504061E-38
A662 : BNE A674       : A=78 X=04 Y=F8 SP=?? N=1 V=0 D=0 I=0 Z=0 C=0 : FWA 78-7D:F0800000:00:00 = +1.17431641E-01 : FWB 88-04:F8000000:00:?? = -4.55504061E-38
A674 : BCC A68D       : A=78 X=04 Y=F8 SP=?? N=1 V=0 D=0 I=0 Z=0 C=0 : FWA 78-7D:F0800000:00:00 = +1.17431641E-01 : FWB 88-04:F8000000:00:?? = -4.55504061E-38
A68D : ROL 3B         : A=78 X=04 Y=F8 SP=?? N=0 V=0 D=0 I=0 Z=0 C=1 : FWA 78-7D:F0800000:00:00 = +1.17431641E-01 : FWB 10-04:F8000000:00:?? = +4.55504061E-38
A68F : ASL 40         : A=78 X=04 Y=F8 SP=?? N=0 V=0 D=0 I=0 Z=1 C=0 : FWA 78-7D:F0800000:00:00 = +1.17431641E-01 : FWB 10-04:F8000000:00:?? = +4.55504061E-38
A691 : ROL 3F         : A=78 X=04 Y=F8 SP=?? N=0 V=0 D=0 I=0 Z=1 C=0 : FWA 78-7D:F0800000:00:00 = +1.17431641E-01 : FWB 10-04:F8000000:00:?? = +4.55504061E-38
A693 : ROL 3E         : A=78 X=04 Y=F8 SP=?? N=0 V=0 D=0 I=0 Z=1 C=0 : FWA 78-7D:F0800000:00:00 = +1.17431641E-01 : FWB 10-04:F8000000:00:?? = +4.55504061E-38
A695 : ROL A          : A=F0 X=04 Y=F8 SP=?? N=1 V=0 D=0 I=0 Z=0 C=0 : FWA 78-7D:F0800000:00:00 = +1.17431641E-01 : FWB 10-04:F8000000:00:?? = +4.55504061E-38
A696 : DEX            : A=F0 X=03 Y=F8 SP=?? N=0 V=0 D=0 I=0 Z=0 C=0 : FWA 78-7D:F0800000:00:00 = +1.17431641E-01 : FWB 10-04:F8000000:00:?? = +4.55504061E-38
A697 : BNE A65E       : A=F0 X=03 Y=F8 SP=?? N=0 V=0 D=0 I=0 Z=0 C=0 : FWA 78-7D:F0800000:00:00 = +1.17431641E-01 : FWB 10-04:F8000000:00:?? = +4.55504061E-38
A65E : BCS A676       : A=F0 X=03 Y=F8 SP=?? N=0 V=0 D=0 I=0 Z=0 C=0 : FWA 78-7D:F0800000:00:00 = +1.17431641E-01 : FWB 10-04:F8000000:00:?? = +4.55504061E-38
A660 : CMP 31         : A=F0 X=03 Y=F8 SP=?? N=0 V=0 D=0 I=0 Z=1 C=1 : FWA 78-7D:F0800000:00:00 = +1.17431641E-01 : FWB 10-04:F8000000:00:?? = +4.55504061E-38
A662 : BNE A674       : A=F0 X=03 Y=F8 SP=?? N=0 V=0 D=0 I=0 Z=1 C=1 : FWA 78-7D:F0800000:00:00 = +1.17431641E-01 : FWB 10-04:F8000000:00:?? = +4.55504061E-38
A664 : LDY 3E         : A=F0 X=03 Y=00 SP=?? N=0 V=0 D=0 I=0 Z=1 C=1 : FWA 78-7D:F0800000:00:00 = +1.17431641E-01 : FWB 10-04:F8000000:00:?? = +4.55504061E-38
A666 : CPY 32         : A=F0 X=03 Y=00 SP=?? N=1 V=0 D=0 I=0 Z=0 C=0 : FWA 78-7D:F0800000:00:00 = +1.17431641E-01 : FWB 10-04:F8000000:00:?? = +4.55504061E-38
A668 : BNE A674       : A=F0 X=03 Y=00 SP=?? N=1 V=0 D=0 I=0 Z=0 C=0 : FWA 78-7D:F0800000:00:00 = +1.17431641E-01 : FWB 10-04:F8000000:00:?? = +4.55504061E-38
A674 : BCC A68D       : A=F0 X=03 Y=00 SP=?? N=1 V=0 D=0 I=0 Z=0 C=0 : FWA 78-7D:F0800000:00:00 = +1.17431641E-01 : FWB 10-04:F8000000:00:?? = +4.55504061E-38
A68D : ROL 3B         : A=F0 X=03 Y=00 SP=?? N=0 V=0 D=0 I=0 Z=0 C=0 : FWA 78-7D:F0800000:00:00 = +1.17431641E-01 : FWB 20-04:F8000000:00:?? = +4.55504061E-38
A68F : ASL 40         : A=F0 X=03 Y=00 SP=?? N=0 V=0 D=0 I=0 Z=1 C=0 : FWA 78-7D:F0800000:00:00 = +1.17431641E-01 : FWB 20-04:F8000000:00:?? = +4.55504061E-38
A691 : ROL 3F         : A=F0 X=03 Y=00 SP=?? N=0 V=0 D=0 I=0 Z=1 C=0 : FWA 78-7D:F0800000:00:00 = +1.17431641E-01 : FWB 20-04:F8000000:00:?? = +4.55504061E-38
A693 : ROL 3E         : A=F0 X=03 Y=00 SP=?? N=0 V=0 D=0 I=0 Z=1 C=0 : FWA 78-7D:F0800000:00:00 = +1.17431641E-01 : FWB 20-04:F8000000:00:?? = +4.55504061E-38
A695 : ROL A          : A=E0 X=03 Y=00 SP=?? N=1 V=0 D=0 I=0 Z=0 C=1 : FWA 78-7D:F0800000:00:00 = +1.17431641E-01 : FWB 20-04:F8000000:00:?? = +4.55504061E-38
A696 : DEX            : A=E0 X=02 Y=00 SP=?? N=0 V=0 D=0 I=0 Z=0 C=1 : FWA 78-7D:F0800000:00:00 = +1.17431641E-01 : FWB 20-04:F8000000:00:?? = +4.55504061E-38
A697 : BNE A65E       : A=E0 X=02 Y=00 SP=?? N=0 V=0 D=0 I=0 Z=0 C=1 : FWA 78-7D:F0800000:00:00 = +1.17431641E-01 : FWB 20-04:F8000000:00:?? = +4.55504061E-38
A65E : BCS A676       : A=E0 X=02 Y=00 SP=?? N=0 V=0 D=0 I=0 Z=0 C=1 : FWA 78-7D:F0800000:00:00 = +1.17431641E-01 : FWB 20-04:F8000000:00:?? = +4.55504061E-38
A676 : TAY            : A=E0 X=02 Y=E0 SP=?? N=1 V=0 D=0 I=0 Z=0 C=1 : FWA 78-7D:F0800000:00:00 = +1.17431641E-01 : FWB 20-04:F8000000:00:?? = +4.55504061E-38
A677 : LDA 40         : A=00 X=02 Y=E0 SP=?? N=0 V=0 D=0 I=0 Z=1 C=1 : FWA 78-7D:F0800000:00:00 = +1.17431641E-01 : FWB 20-04:F8000000:00:?? = +4.55504061E-38
A679 : SBC 34         : A=00 X=02 Y=E0 SP=?? N=0 V=0 D=0 I=0 Z=1 C=1 : FWA 78-7D:F0800000:00:00 = +1.17431641E-01 : FWB 20-04:F8000000:00:?? = +4.55504061E-38
A67B : STA 40         : A=00 X=02 Y=E0 SP=?? N=0 V=0 D=0 I=0 Z=1 C=1 : FWA 78-7D:F0800000:00:00 = +1.17431641E-01 : FWB 20-04:F8000000:00:?? = +4.55504061E-38
A67D : LDA 3F         : A=00 X=02 Y=E0 SP=?? N=0 V=0 D=0 I=0 Z=1 C=1 : FWA 78-7D:F0800000:00:00 = +1.17431641E-01 : FWB 20-04:F8000000:00:?? = +4.55504061E-38
A67F : SBC 33         : A=00 X=02 Y=E0 SP=?? N=0 V=0 D=0 I=0 Z=1 C=1 : FWA 78-7D:F0800000:00:00 = +1.17431641E-01 : FWB 20-04:F8000000:00:?? = +4.55504061E-38
A681 : STA 3F         : A=00 X=02 Y=E0 SP=?? N=0 V=0 D=0 I=0 Z=1 C=1 : FWA 78-7D:F0800000:00:00 = +1.17431641E-01 : FWB 20-04:F8000000:00:?? = +4.55504061E-38
A683 : LDA 3E         : A=00 X=02 Y=E0 SP=?? N=0 V=0 D=0 I=0 Z=1 C=1 : FWA 78-7D:F0800000:00:00 = +1.17431641E-01 : FWB 20-04:F8000000:00:?? = +4.55504061E-38
A685 : SBC 32         : A=80 X=02 Y=E0 SP=?? N=1 V=1 D=0 I=0 Z=0 C=0 : FWA 78-7D:F0800000:00:00 = +1.17431641E-01 : FWB 20-04:F8000000:00:?? = +4.55504061E-38
A687 : STA 3E         : A=80 X=02 Y=E0 SP=?? N=1 V=1 D=0 I=0 Z=0 C=0 : FWA 78-7D:F0800000:00:00 = +1.17431641E-01 : FWB 20-04:F8800000:00:?? = +4.56422416E-38
A689 : TYA            : A=E0 X=02 Y=E0 SP=?? N=1 V=1 D=0 I=0 Z=0 C=0 : FWA 78-7D:F0800000:00:00 = +1.17431641E-01 : FWB 20-04:F8800000:00:?? = +4.56422416E-38
A68A : SBC 31         : A=EF X=02 Y=E0 SP=?? N=1 V=0 D=0 I=0 Z=0 C=0 : FWA 78-7D:F0800000:00:00 = +1.17431641E-01 : FWB 20-04:F8800000:00:?? = +4.56422416E-38
A68C : SEC            : A=EF X=02 Y=E0 SP=?? N=1 V=0 D=0 I=0 Z=0 C=1 : FWA 78-7D:F0800000:00:00 = +1.17431641E-01 : FWB 20-04:F8800000:00:?? = +4.56422416E-38
A68D : ROL 3B         : A=EF X=02 Y=E0 SP=?? N=0 V=0 D=0 I=0 Z=0 C=0 : FWA 78-7D:F0800000:00:00 = +1.17431641E-01 : FWB 41-04:F8800000:00:?? = +4.56422416E-38
A68F : ASL 40         : A=EF X=02 Y=E0 SP=?? N=0 V=0 D=0 I=0 Z=1 C=0 : FWA 78-7D:F0800000:00:00 = +1.17431641E-01 : FWB 41-04:F8800000:00:?? = +4.56422416E-38
A691 : ROL 3F         : A=EF X=02 Y=E0 SP=?? N=0 V=0 D=0 I=0 Z=1 C=0 : FWA 78-7D:F0800000:00:00 = +1.17431641E-01 : FWB 41-04:F8800000:00:?? = +4.56422416E-38
A693 : ROL 3E         : A=EF X=02 Y=E0 SP=?? N=0 V=0 D=0 I=0 Z=1 C=1 : FWA 78-7D:F0800000:00:00 = +1.17431641E-01 : FWB 41-04:F8000000:00:?? = +4.55504061E-38
A695 : ROL A          : A=DF X=02 Y=E0 SP=?? N=1 V=0 D=0 I=0 Z=0 C=1 : FWA 78-7D:F0800000:00:00 = +1.17431641E-01 : FWB 41-04:F8000000:00:?? = +4.55504061E-38
A696 : DEX            : A=DF X=01 Y=E0 SP=?? N=0 V=0 D=0 I=0 Z=0 C=1 : FWA 78-7D:F0800000:00:00 = +1.17431641E-01 : FWB 41-04:F8000000:00:?? = +4.55504061E-38
A697 : BNE A65E       : A=DF X=01 Y=E0 SP=?? N=0 V=0 D=0 I=0 Z=0 C=1 : FWA 78-7D:F0800000:00:00 = +1.17431641E-01 : FWB 41-04:F8000000:00:?? = +4.55504061E-38
A65E : BCS A676       : A=DF X=01 Y=E0 SP=?? N=0 V=0 D=0 I=0 Z=0 C=1 : FWA 78-7D:F0800000:00:00 = +1.17431641E-01 : FWB 41-04:F8000000:00:?? = +4.55504061E-38
A676 : TAY            : A=DF X=01 Y=DF SP=?? N=1 V=0 D=0 I=0 Z=0 C=1 : FWA 78-7D:F0800000:00:00 = +1.17431641E-01 : FWB 41-04:F8000000:00:?? = +4.55504061E-38
A677 : LDA 40         : A=00 X=01 Y=DF SP=?? N=0 V=0 D=0 I=0 Z=1 C=1 : FWA 78-7D:F0800000:00:00 = +1.17431641E-01 : FWB 41-04:F8000000:00:?? = +4.55504061E-38
A679 : SBC 34         : A=00 X=01 Y=DF SP=?? N=0 V=0 D=0 I=0 Z=1 C=1 : FWA 78-7D:F0800000:00:00 = +1.17431641E-01 : FWB 41-04:F8000000:00:?? = +4.55504061E-38
A67B : STA 40         : A=00 X=01 Y=DF SP=?? N=0 V=0 D=0 I=0 Z=1 C=1 : FWA 78-7D:F0800000:00:00 = +1.17431641E-01 : FWB 41-04:F8000000:00:?? = +4.55504061E-38
A67D : LDA 3F         : A=00 X=01 Y=DF SP=?? N=0 V=0 D=0 I=0 Z=1 C=1 : FWA 78-7D:F0800000:00:00 = +1.17431641E-01 : FWB 41-04:F8000000:00:?? = +4.55504061E-38
A67F : SBC 33         : A=00 X=01 Y=DF SP=?? N=0 V=0 D=0 I=0 Z=1 C=1 : FWA 78-7D:F0800000:00:00 = +1.17431641E-01 : FWB 41-04:F8000000:00:?? = +4.55504061E-38
A681 : STA 3F         : A=00 X=01 Y=DF SP=?? N=0 V=0 D=0 I=0 Z=1 C=1 : FWA 78-7D:F0800000:00:00 = +1.17431641E-01 : FWB 41-04:F8000000:00:?? = +4.55504061E-38
A683 : LDA 3E         : A=00 X=01 Y=DF SP=?? N=0 V=0 D=0 I=0 Z=1 C=1 : FWA 78-7D:F0800000:00:00 = +1.17431641E-01 : FWB 41-04:F8000000:00:?? = +4.55504061E-38
A685 : SBC 32         : A=80 X=01 Y=DF SP=?? N=1 V=1 D=0 I=0 Z=0 C=0 : FWA 78-7D:F0800000:00:00 = +1.17431641E-01 : FWB 41-04:F8000000:00:?? = +4.55504061E-38
A687 : STA 3E         : A=80 X=01 Y=DF SP=?? N=1 V=1 D=0 I=0 Z=0 C=0 : FWA 78-7D:F0800000:00:00 = +1.17431641E-01 : FWB 41-04:F8800000:00:?? = +4.56422416E-38
A689 : TYA            : A=DF X=01 Y=DF SP=?? N=1 V=1 D=0 I=0 Z=0 C=0 : FWA 78-7D:F0800000:00:00 = +1.17431641E-01 : FWB 41-04:F8800000:00:?? = +4.56422416E-38
A68A : SBC 31         : A=EE X=01 Y=DF SP=?? N=1 V=0 D=0 I=0 Z=0 C=0 : FWA 78-7D:F0800000:00:00 = +1.17431641E-01 : FWB 41-04:F8800000:00:?? = +4.56422416E-38
A68C : SEC            : A=EE X=01 Y=DF SP=?? N=1 V=0 D=0 I=0 Z=0 C=1 : FWA 78-7D:F0800000:00:00 = +1.17431641E-01 : FWB 41-04:F8800000:00:?? = +4.56422416E-38
A68D : ROL 3B         : A=EE X=01 Y=DF SP=?? N=1 V=0 D=0 I=0 Z=0 C=0 : FWA 78-7D:F0800000:00:00 = +1.17431641E-01 : FWB 83-04:F8800000:00:?? = -4.56422416E-38
A68F : ASL 40         : A=EE X=01 Y=DF SP=?? N=0 V=0 D=0 I=0 Z=1 C=0 : FWA 78-7D:F0800000:00:00 = +1.17431641E-01 : FWB 83-04:F8800000:00:?? = -4.56422416E-38
A691 : ROL 3F         : A=EE X=01 Y=DF SP=?? N=0 V=0 D=0 I=0 Z=1 C=0 : FWA 78-7D:F0800000:00:00 = +1.17431641E-01 : FWB 83-04:F8800000:00:?? = -4.56422416E-38
A693 : ROL 3E         : A=EE X=01 Y=DF SP=?? N=0 V=0 D=0 I=0 Z=1 C=1 : FWA 78-7D:F0800000:00:00 = +1.17431641E-01 : FWB 83-04:F8000000:00:?? = -4.55504061E-38
A695 : ROL A          : A=DD X=01 Y=DF SP=?? N=1 V=0 D=0 I=0 Z=0 C=1 : FWA 78-7D:F0800000:00:00 = +1.17431641E-01 : FWB 83-04:F8000000:00:?? = -4.55504061E-38
A696 : DEX            : A=DD X=00 Y=DF SP=?? N=0 V=0 D=0 I=0 Z=1 C=1 : FWA 78-7D:F0800000:00:00 = +1.17431641E-01 : FWB 83-04:F8000000:00:?? = -4.55504061E-38
A697 : BNE A65E       : A=DD X=00 Y=DF SP=?? N=0 V=0 D=0 I=0 Z=1 C=1 : FWA 78-7D:F0800000:00:00 = +1.17431641E-01 : FWB 83-04:F8000000:00:?? = -4.55504061E-38
A699 : LDX 3B         : A=DD X=83 Y=DF SP=?? N=1 V=0 D=0 I=0 Z=0 C=1 : FWA 78-7D:F0800000:00:00 = +1.17431641E-01 : FWB 83-04:F8000000:00:?? = -4.55504061E-38
A69B : PHX            : A=DD X=83 Y=DF SP=?? N=1 V=0 D=0 I=0 Z=0 C=1 : FWA 78-7D:F0800000:00:00 = +1.17431641E-01 : FWB 83-04:F8000000:00:?? = -4.55504061E-38
A69C : DEC 3C         : A=DD X=83 Y=DF SP=?? N=0 V=0 D=0 I=0 Z=0 C=1 : FWA 78-7D:F0800000:00:00 = +1.17431641E-01 : FWB 83-03:F8000000:00:?? = -2.27752030E-38
A69E : BNE A65C       : A=DD X=83 Y=DF SP=?? N=0 V=0 D=0 I=0 Z=0 C=1 : FWA 78-7D:F0800000:00:00 = +1.17431641E-01 : FWB 83-03:F8000000:00:?? = -2.27752030E-38
A65C : LDX #08        : A=DD X=08 Y=DF SP=?? N=0 V=0 D=0 I=0 Z=0 C=1 : FWA 78-7D:F0800000:00:00 = +1.17431641E-01 : FWB 83-03:F8000000:00:?? = -2.27752030E-38
A65E : BCS A676       : A=DD X=08 Y=DF SP=?? N=0 V=0 D=0 I=0 Z=0 C=1 : FWA 78-7D:F0800000:00:00 = +1.17431641E-01 : FWB 83-03:F8000000:00:?? = -2.27752030E-38
A676 : TAY            : A=DD X=08 Y=DD SP=?? N=1 V=0 D=0 I=0 Z=0 C=1 : FWA 78-7D:F0800000:00:00 = +1.17431641E-01 : FWB 83-03:F8000000:00:?? = -2.27752030E-38
A677 : LDA 40         : A=00 X=08 Y=DD SP=?? N=0 V=0 D=0 I=0 Z=1 C=1 : FWA 78-7D:F0800000:00:00 = +1.17431641E-01 : FWB 83-03:F8000000:00:?? = -2.27752030E-38
A679 : SBC 34         : A=00 X=08 Y=DD SP=?? N=0 V=0 D=0 I=0 Z=1 C=1 : FWA 78-7D:F0800000:00:00 = +1.17431641E-01 : FWB 83-03:F8000000:00:?? = -2.27752030E-38
A67B : STA 40         : A=00 X=08 Y=DD SP=?? N=0 V=0 D=0 I=0 Z=1 C=1 : FWA 78-7D:F0800000:00:00 = +1.17431641E-01 : FWB 83-03:F8000000:00:?? = -2.27752030E-38
A67D : LDA 3F         : A=00 X=08 Y=DD SP=?? N=0 V=0 D=0 I=0 Z=1 C=1 : FWA 78-7D:F0800000:00:00 = +1.17431641E-01 : FWB 83-03:F8000000:00:?? = -2.27752030E-38
A67F : SBC 33         : A=00 X=08 Y=DD SP=?? N=0 V=0 D=0 I=0 Z=1 C=1 : FWA 78-7D:F0800000:00:00 = +1.17431641E-01 : FWB 83-03:F8000000:00:?? = -2.27752030E-38
A681 : STA 3F         : A=00 X=08 Y=DD SP=?? N=0 V=0 D=0 I=0 Z=1 C=1 : FWA 78-7D:F0800000:00:00 = +1.17431641E-01 : FWB 83-03:F8000000:00:?? = -2.27752030E-38
A683 : LDA 3E         : A=00 X=08 Y=DD SP=?? N=0 V=0 D=0 I=0 Z=1 C=1 : FWA 78-7D:F0800000:00:00 = +1.17431641E-01 : FWB 83-03:F8000000:00:?? = -2.27752030E-38
A685 : SBC 32         : A=80 X=08 Y=DD SP=?? N=1 V=1 D=0 I=0 Z=0 C=0 : FWA 78-7D:F0800000:00:00 = +1.17431641E-01 : FWB 83-03:F8000000:00:?? = -2.27752030E-38
A687 : STA 3E         : A=80 X=08 Y=DD SP=?? N=1 V=1 D=0 I=0 Z=0 C=0 : FWA 78-7D:F0800000:00:00 = +1.17431641E-01 : FWB 83-03:F8800000:00:?? = -2.28211208E-38
A689 : TYA            : A=DD X=08 Y=DD SP=?? N=1 V=1 D=0 I=0 Z=0 C=0 : FWA 78-7D:F0800000:00:00 = +1.17431641E-01 : FWB 83-03:F8800000:00:?? = -2.28211208E-38
A68A : SBC 31         : A=EC X=08 Y=DD SP=?? N=1 V=0 D=0 I=0 Z=0 C=0 : FWA 78-7D:F0800000:00:00 = +1.17431641E-01 : FWB 83-03:F8800000:00:?? = -2.28211208E-38
A68C : SEC            : A=EC X=08 Y=DD SP=?? N=1 V=0 D=0 I=0 Z=0 C=1 : FWA 78-7D:F0800000:00:00 = +1.17431641E-01 : FWB 83-03:F8800000:00:?? = -2.28211208E-38
A68D : ROL 3B         : A=EC X=08 Y=DD SP=?? N=0 V=0 D=0 I=0 Z=0 C=1 : FWA 78-7D:F0800000:00:00 = +1.17431641E-01 : FWB 07-03:F8800000:00:?? = +2.28211208E-38
A68F : ASL 40         : A=EC X=08 Y=DD SP=?? N=0 V=0 D=0 I=0 Z=1 C=0 : FWA 78-7D:F0800000:00:00 = +1.17431641E-01 : FWB 07-03:F8800000:00:?? = +2.28211208E-38
A691 : ROL 3F         : A=EC X=08 Y=DD SP=?? N=0 V=0 D=0 I=0 Z=1 C=0 : FWA 78-7D:F0800000:00:00 = +1.17431641E-01 : FWB 07-03:F8800000:00:?? = +2.28211208E-38
A693 : ROL 3E         : A=EC X=08 Y=DD SP=?? N=0 V=0 D=0 I=0 Z=1 C=1 : FWA 78-7D:F0800000:00:00 = +1.17431641E-01 : FWB 07-03:F8000000:00:?? = +2.27752030E-38
A695 : ROL A          : A=D9 X=08 Y=DD SP=?? N=1 V=0 D=0 I=0 Z=0 C=1 : FWA 78-7D:F0800000:00:00 = +1.17431641E-01 : FWB 07-03:F8000000:00:?? = +2.27752030E-38
A696 : DEX            : A=D9 X=07 Y=DD SP=?? N=0 V=0 D=0 I=0 Z=0 C=1 : FWA 78-7D:F0800000:00:00 = +1.17431641E-01 : FWB 07-03:F8000000:00:?? = +2.27752030E-38
A697 : BNE A65E       : A=D9 X=07 Y=DD SP=?? N=0 V=0 D=0 I=0 Z=0 C=1 : FWA 78-7D:F0800000:00:00 = +1.17431641E-01 : FWB 07-03:F8000000:00:?? = +2.27752030E-38
A65E : BCS A676       : A=D9 X=07 Y=DD SP=?? N=0 V=0 D=0 I=0 Z=0 C=1 : FWA 78-7D:F0800000:00:00 = +1.17431641E-01 : FWB 07-03:F8000000:00:?? = +2.27752030E-38
A676 : TAY            : A=D9 X=07 Y=D9 SP=?? N=1 V=0 D=0 I=0 Z=0 C=1 : FWA 78-7D:F0800000:00:00 = +1.17431641E-01 : FWB 07-03:F8000000:00:?? = +2.27752030E-38
A677 : LDA 40         : A=00 X=07 Y=D9 SP=?? N=0 V=0 D=0 I=0 Z=1 C=1 : FWA 78-7D:F0800000:00:00 = +1.17431641E-01 : FWB 07-03:F8000000:00:?? = +2.27752030E-38
A679 : SBC 34         : A=00 X=07 Y=D9 SP=?? N=0 V=0 D=0 I=0 Z=1 C=1 : FWA 78-7D:F0800000:00:00 = +1.17431641E-01 : FWB 07-03:F8000000:00:?? = +2.27752030E-38
A67B : STA 40         : A=00 X=07 Y=D9 SP=?? N=0 V=0 D=0 I=0 Z=1 C=1 : FWA 78-7D:F0800000:00:00 = +1.17431641E-01 : FWB 07-03:F8000000:00:?? = +2.27752030E-38
A67D : LDA 3F         : A=00 X=07 Y=D9 SP=?? N=0 V=0 D=0 I=0 Z=1 C=1 : FWA 78-7D:F0800000:00:00 = +1.17431641E-01 : FWB 07-03:F8000000:00:?? = +2.27752030E-38
A67F : SBC 33         : A=00 X=07 Y=D9 SP=?? N=0 V=0 D=0 I=0 Z=1 C=1 : FWA 78-7D:F0800000:00:00 = +1.17431641E-01 : FWB 07-03:F8000000:00:?? = +2.27752030E-38
A681 : STA 3F         : A=00 X=07 Y=D9 SP=?? N=0 V=0 D=0 I=0 Z=1 C=1 : FWA 78-7D:F0800000:00:00 = +1.17431641E-01 : FWB 07-03:F8000000:00:?? = +2.27752030E-38
A683 : LDA 3E         : A=00 X=07 Y=D9 SP=?? N=0 V=0 D=0 I=0 Z=1 C=1 : FWA 78-7D:F0800000:00:00 = +1.17431641E-01 : FWB 07-03:F8000000:00:?? = +2.27752030E-38
A685 : SBC 32         : A=80 X=07 Y=D9 SP=?? N=1 V=1 D=0 I=0 Z=0 C=0 : FWA 78-7D:F0800000:00:00 = +1.17431641E-01 : FWB 07-03:F8000000:00:?? = +2.27752030E-38
A687 : STA 3E         : A=80 X=07 Y=D9 SP=?? N=1 V=1 D=0 I=0 Z=0 C=0 : FWA 78-7D:F0800000:00:00 = +1.17431641E-01 : FWB 07-03:F8800000:00:?? = +2.28211208E-38
A689 : TYA            : A=D9 X=07 Y=D9 SP=?? N=1 V=1 D=0 I=0 Z=0 C=0 : FWA 78-7D:F0800000:00:00 = +1.17431641E-01 : FWB 07-03:F8800000:00:?? = +2.28211208E-38
A68A : SBC 31         : A=E8 X=07 Y=D9 SP=?? N=1 V=0 D=0 I=0 Z=0 C=0 : FWA 78-7D:F0800000:00:00 = +1.17431641E-01 : FWB 07-03:F8800000:00:?? = +2.28211208E-38
A68C : SEC            : A=E8 X=07 Y=D9 SP=?? N=1 V=0 D=0 I=0 Z=0 C=1 : FWA 78-7D:F0800000:00:00 = +1.17431641E-01 : FWB 07-03:F8800000:00:?? = +2.28211208E-38
A68D : ROL 3B         : A=E8 X=07 Y=D9 SP=?? N=0 V=0 D=0 I=0 Z=0 C=0 : FWA 78-7D:F0800000:00:00 = +1.17431641E-01 : FWB 0F-03:F8800000:00:?? = +2.28211208E-38
A68F : ASL 40         : A=E8 X=07 Y=D9 SP=?? N=0 V=0 D=0 I=0 Z=1 C=0 : FWA 78-7D:F0800000:00:00 = +1.17431641E-01 : FWB 0F-03:F8800000:00:?? = +2.28211208E-38
A691 : ROL 3F         : A=E8 X=07 Y=D9 SP=?? N=0 V=0 D=0 I=0 Z=1 C=0 : FWA 78-7D:F0800000:00:00 = +1.17431641E-01 : FWB 0F-03:F8800000:00:?? = +2.28211208E-38
A693 : ROL 3E         : A=E8 X=07 Y=D9 SP=?? N=0 V=0 D=0 I=0 Z=1 C=1 : FWA 78-7D:F0800000:00:00 = +1.17431641E-01 : FWB 0F-03:F8000000:00:?? = +2.27752030E-38
A695 : ROL A          : A=D1 X=07 Y=D9 SP=?? N=1 V=0 D=0 I=0 Z=0 C=1 : FWA 78-7D:F0800000:00:00 = +1.17431641E-01 : FWB 0F-03:F8000000:00:?? = +2.27752030E-38
A696 : DEX            : A=D1 X=06 Y=D9 SP=?? N=0 V=0 D=0 I=0 Z=0 C=1 : FWA 78-7D:F0800000:00:00 = +1.17431641E-01 : FWB 0F-03:F8000000:00:?? = +2.27752030E-38
A697 : BNE A65E       : A=D1 X=06 Y=D9 SP=?? N=0 V=0 D=0 I=0 Z=0 C=1 : FWA 78-7D:F0800000:00:00 = +1.17431641E-01 : FWB 0F-03:F8000000:00:?? = +2.27752030E-38
A65E : BCS A676       : A=D1 X=06 Y=D9 SP=?? N=0 V=0 D=0 I=0 Z=0 C=1 : FWA 78-7D:F0800000:00:00 = +1.17431641E-01 : FWB 0F-03:F8000000:00:?? = +2.27752030E-38
A676 : TAY            : A=D1 X=06 Y=D1 SP=?? N=1 V=0 D=0 I=0 Z=0 C=1 : FWA 78-7D:F0800000:00:00 = +1.17431641E-01 : FWB 0F-03:F8000000:00:?? = +2.27752030E-38
A677 : LDA 40         : A=00 X=06 Y=D1 SP=?? N=0 V=0 D=0 I=0 Z=1 C=1 : FWA 78-7D:F0800000:00:00 = +1.17431641E-01 : FWB 0F-03:F8000000:00:?? = +2.27752030E-38
A679 : SBC 34         : A=00 X=06 Y=D1 SP=?? N=0 V=0 D=0 I=0 Z=1 C=1 : FWA 78-7D:F0800000:00:00 = +1.17431641E-01 : FWB 0F-03:F8000000:00:?? = +2.27752030E-38
A67B : STA 40         : A=00 X=06 Y=D1 SP=?? N=0 V=0 D=0 I=0 Z=1 C=1 : FWA 78-7D:F0800000:00:00 = +1.17431641E-01 : FWB 0F-03:F8000000:00:?? = +2.27752030E-38
A67D : LDA 3F         : A=00 X=06 Y=D1 SP=?? N=0 V=0 D=0 I=0 Z=1 C=1 : FWA 78-7D:F0800000:00:00 = +1.17431641E-01 : FWB 0F-03:F8000000:00:?? = +2.27752030E-38
A67F : SBC 33         : A=00 X=06 Y=D1 SP=?? N=0 V=0 D=0 I=0 Z=1 C=1 : FWA 78-7D:F0800000:00:00 = +1.17431641E-01 : FWB 0F-03:F8000000:00:?? = +2.27752030E-38
A681 : STA 3F         : A=00 X=06 Y=D1 SP=?? N=0 V=0 D=0 I=0 Z=1 C=1 : FWA 78-7D:F0800000:00:00 = +1.17431641E-01 : FWB 0F-03:F8000000:00:?? = +2.27752030E-38
A683 : LDA 3E         : A=00 X=06 Y=D1 SP=?? N=0 V=0 D=0 I=0 Z=1 C=1 : FWA 78-7D:F0800000:00:00 = +1.17431641E-01 : FWB 0F-03:F8000000:00:?? = +2.27752030E-38
A685 : SBC 32         : A=80 X=06 Y=D1 SP=?? N=1 V=1 D=0 I=0 Z=0 C=0 : FWA 78-7D:F0800000:00:00 = +1.17431641E-01 : FWB 0F-03:F8000000:00:?? = +2.27752030E-38
A687 : STA 3E         : A=80 X=06 Y=D1 SP=?? N=1 V=1 D=0 I=0 Z=0 C=0 : FWA 78-7D:F0800000:00:00 = +1.17431641E-01 : FWB 0F-03:F8800000:00:?? = +2.28211208E-38
A689 : TYA            : A=D1 X=06 Y=D1 SP=?? N=1 V=1 D=0 I=0 Z=0 C=0 : FWA 78-7D:F0800000:00:00 = +1.17431641E-01 : FWB 0F-03:F8800000:00:?? = +2.28211208E-38
A68A : SBC 31         : A=E0 X=06 Y=D1 SP=?? N=1 V=0 D=0 I=0 Z=0 C=0 : FWA 78-7D:F0800000:00:00 = +1.17431641E-01 : FWB 0F-03:F8800000:00:?? = +2.28211208E-38
A68C : SEC            : A=E0 X=06 Y=D1 SP=?? N=1 V=0 D=0 I=0 Z=0 C=1 : FWA 78-7D:F0800000:00:00 = +1.17431641E-01 : FWB 0F-03:F8800000:00:?? = +2.28211208E-38
A68D : ROL 3B         : A=E0 X=06 Y=D1 SP=?? N=0 V=0 D=0 I=0 Z=0 C=0 : FWA 78-7D:F0800000:00:00 = +1.17431641E-01 : FWB 1F-03:F8800000:00:?? = +2.28211208E-38
A68F : ASL 40         : A=E0 X=06 Y=D1 SP=?? N=0 V=0 D=0 I=0 Z=1 C=0 : FWA 78-7D:F0800000:00:00 = +1.17431641E-01 : FWB 1F-03:F8800000:00:?? = +2.28211208E-38
A691 : ROL 3F         : A=E0 X=06 Y=D1 SP=?? N=0 V=0 D=0 I=0 Z=1 C=0 : FWA 78-7D:F0800000:00:00 = +1.17431641E-01 : FWB 1F-03:F8800000:00:?? = +2.28211208E-38
A693 : ROL 3E         : A=E0 X=06 Y=D1 SP=?? N=0 V=0 D=0 I=0 Z=1 C=1 : FWA 78-7D:F0800000:00:00 = +1.17431641E-01 : FWB 1F-03:F8000000:00:?? = +2.27752030E-38
A695 : ROL A          : A=C1 X=06 Y=D1 SP=?? N=1 V=0 D=0 I=0 Z=0 C=1 : FWA 78-7D:F0800000:00:00 = +1.17431641E-01 : FWB 1F-03:F8000000:00:?? = +2.27752030E-38
A696 : DEX            : A=C1 X=05 Y=D1 SP=?? N=0 V=0 D=0 I=0 Z=0 C=1 : FWA 78-7D:F0800000:00:00 = +1.17431641E-01 : FWB 1F-03:F8000000:00:?? = +2.27752030E-38
A697 : BNE A65E       : A=C1 X=05 Y=D1 SP=?? N=0 V=0 D=0 I=0 Z=0 C=1 : FWA 78-7D:F0800000:00:00 = +1.17431641E-01 : FWB 1F-03:F8000000:00:?? = +2.27752030E-38
A65E : BCS A676       : A=C1 X=05 Y=D1 SP=?? N=0 V=0 D=0 I=0 Z=0 C=1 : FWA 78-7D:F0800000:00:00 = +1.17431641E-01 : FWB 1F-03:F8000000:00:?? = +2.27752030E-38
A676 : TAY            : A=C1 X=05 Y=C1 SP=?? N=1 V=0 D=0 I=0 Z=0 C=1 : FWA 78-7D:F0800000:00:00 = +1.17431641E-01 : FWB 1F-03:F8000000:00:?? = +2.27752030E-38
A677 : LDA 40         : A=00 X=05 Y=C1 SP=?? N=0 V=0 D=0 I=0 Z=1 C=1 : FWA 78-7D:F0800000:00:00 = +1.17431641E-01 : FWB 1F-03:F8000000:00:?? = +2.27752030E-38
A679 : SBC 34         : A=00 X=05 Y=C1 SP=?? N=0 V=0 D=0 I=0 Z=1 C=1 : FWA 78-7D:F0800000:00:00 = +1.17431641E-01 : FWB 1F-03:F8000000:00:?? = +2.27752030E-38
A67B : STA 40         : A=00 X=05 Y=C1 SP=?? N=0 V=0 D=0 I=0 Z=1 C=1 : FWA 78-7D:F0800000:00:00 = +1.17431641E-01 : FWB 1F-03:F8000000:00:?? = +2.27752030E-38
A67D : LDA 3F         : A=00 X=05 Y=C1 SP=?? N=0 V=0 D=0 I=0 Z=1 C=1 : FWA 78-7D:F0800000:00:00 = +1.17431641E-01 : FWB 1F-03:F8000000:00:?? = +2.27752030E-38
A67F : SBC 33         : A=00 X=05 Y=C1 SP=?? N=0 V=0 D=0 I=0 Z=1 C=1 : FWA 78-7D:F0800000:00:00 = +1.17431641E-01 : FWB 1F-03:F8000000:00:?? = +2.27752030E-38
A681 : STA 3F         : A=00 X=05 Y=C1 SP=?? N=0 V=0 D=0 I=0 Z=1 C=1 : FWA 78-7D:F0800000:00:00 = +1.17431641E-01 : FWB 1F-03:F8000000:00:?? = +2.27752030E-38
A683 : LDA 3E         : A=00 X=05 Y=C1 SP=?? N=0 V=0 D=0 I=0 Z=1 C=1 : FWA 78-7D:F0800000:00:00 = +1.17431641E-01 : FWB 1F-03:F8000000:00:?? = +2.27752030E-38
A685 : SBC 32         : A=80 X=05 Y=C1 SP=?? N=1 V=1 D=0 I=0 Z=0 C=0 : FWA 78-7D:F0800000:00:00 = +1.17431641E-01 : FWB 1F-03:F8000000:00:?? = +2.27752030E-38
A687 : STA 3E         : A=80 X=05 Y=C1 SP=?? N=1 V=1 D=0 I=0 Z=0 C=0 : FWA 78-7D:F0800000:00:00 = +1.17431641E-01 : FWB 1F-03:F8800000:00:?? = +2.28211208E-38
A689 : TYA            : A=C1 X=05 Y=C1 SP=?? N=1 V=1 D=0 I=0 Z=0 C=0 : FWA 78-7D:F0800000:00:00 = +1.17431641E-01 : FWB 1F-03:F8800000:00:?? = +2.28211208E-38
A68A : SBC 31         : A=D0 X=05 Y=C1 SP=?? N=1 V=0 D=0 I=0 Z=0 C=0 : FWA 78-7D:F0800000:00:00 = +1.17431641E-01 : FWB 1F-03:F8800000:00:?? = +2.28211208E-38
A68C : SEC            : A=D0 X=05 Y=C1 SP=?? N=1 V=0 D=0 I=0 Z=0 C=1 : FWA 78-7D:F0800000:00:00 = +1.17431641E-01 : FWB 1F-03:F8800000:00:?? = +2.28211208E-38
A68D : ROL 3B         : A=D0 X=05 Y=C1 SP=?? N=0 V=0 D=0 I=0 Z=0 C=0 : FWA 78-7D:F0800000:00:00 = +1.17431641E-01 : FWB 3F-03:F8800000:00:?? = +2.28211208E-38
A68F : ASL 40         : A=D0 X=05 Y=C1 SP=?? N=0 V=0 D=0 I=0 Z=1 C=0 : FWA 78-7D:F0800000:00:00 = +1.17431641E-01 : FWB 3F-03:F8800000:00:?? = +2.28211208E-38
A691 : ROL 3F         : A=D0 X=05 Y=C1 SP=?? N=0 V=0 D=0 I=0 Z=1 C=0 : FWA 78-7D:F0800000:00:00 = +1.17431641E-01 : FWB 3F-03:F8800000:00:?? = +2.28211208E-38
A693 : ROL 3E         : A=D0 X=05 Y=C1 SP=?? N=0 V=0 D=0 I=0 Z=1 C=1 : FWA 78-7D:F0800000:00:00 = +1.17431641E-01 : FWB 3F-03:F8000000:00:?? = +2.27752030E-38
A695 : ROL A          : A=A1 X=05 Y=C1 SP=?? N=1 V=0 D=0 I=0 Z=0 C=1 : FWA 78-7D:F0800000:00:00 = +1.17431641E-01 : FWB 3F-03:F8000000:00:?? = +2.27752030E-38
A696 : DEX            : A=A1 X=04 Y=C1 SP=?? N=0 V=0 D=0 I=0 Z=0 C=1 : FWA 78-7D:F0800000:00:00 = +1.17431641E-01 : FWB 3F-03:F8000000:00:?? = +2.27752030E-38
A697 : BNE A65E       : A=A1 X=04 Y=C1 SP=?? N=0 V=0 D=0 I=0 Z=0 C=1 : FWA 78-7D:F0800000:00:00 = +1.17431641E-01 : FWB 3F-03:F8000000:00:?? = +2.27752030E-38
A65E : BCS A676       : A=A1 X=04 Y=C1 SP=?? N=0 V=0 D=0 I=0 Z=0 C=1 : FWA 78-7D:F0800000:00:00 = +1.17431641E-01 : FWB 3F-03:F8000000:00:?? = +2.27752030E-38
A676 : TAY            : A=A1 X=04 Y=A1 SP=?? N=1 V=0 D=0 I=0 Z=0 C=1 : FWA 78-7D:F0800000:00:00 = +1.17431641E-01 : FWB 3F-03:F8000000:00:?? = +2.27752030E-38
A677 : LDA 40         : A=00 X=04 Y=A1 SP=?? N=0 V=0 D=0 I=0 Z=1 C=1 : FWA 78-7D:F0800000:00:00 = +1.17431641E-01 : FWB 3F-03:F8000000:00:?? = +2.27752030E-38
A679 : SBC 34         : A=00 X=04 Y=A1 SP=?? N=0 V=0 D=0 I=0 Z=1 C=1 : FWA 78-7D:F0800000:00:00 = +1.17431641E-01 : FWB 3F-03:F8000000:00:?? = +2.27752030E-38
A67B : STA 40         : A=00 X=04 Y=A1 SP=?? N=0 V=0 D=0 I=0 Z=1 C=1 : FWA 78-7D:F0800000:00:00 = +1.17431641E-01 : FWB 3F-03:F8000000:00:?? = +2.27752030E-38
A67D : LDA 3F         : A=00 X=04 Y=A1 SP=?? N=0 V=0 D=0 I=0 Z=1 C=1 : FWA 78-7D:F0800000:00:00 = +1.17431641E-01 : FWB 3F-03:F8000000:00:?? = +2.27752030E-38
A67F : SBC 33         : A=00 X=04 Y=A1 SP=?? N=0 V=0 D=0 I=0 Z=1 C=1 : FWA 78-7D:F0800000:00:00 = +1.17431641E-01 : FWB 3F-03:F8000000:00:?? = +2.27752030E-38
A681 : STA 3F         : A=00 X=04 Y=A1 SP=?? N=0 V=0 D=0 I=0 Z=1 C=1 : FWA 78-7D:F0800000:00:00 = +1.17431641E-01 : FWB 3F-03:F8000000:00:?? = +2.27752030E-38
A683 : LDA 3E         : A=00 X=04 Y=A1 SP=?? N=0 V=0 D=0 I=0 Z=1 C=1 : FWA 78-7D:F0800000:00:00 = +1.17431641E-01 : FWB 3F-03:F8000000:00:?? = +2.27752030E-38
A685 : SBC 32         : A=80 X=04 Y=A1 SP=?? N=1 V=1 D=0 I=0 Z=0 C=0 : FWA 78-7D:F0800000:00:00 = +1.17431641E-01 : FWB 3F-03:F8000000:00:?? = +2.27752030E-38
A687 : STA 3E         : A=80 X=04 Y=A1 SP=?? N=1 V=1 D=0 I=0 Z=0 C=0 : FWA 78-7D:F0800000:00:00 = +1.17431641E-01 : FWB 3F-03:F8800000:00:?? = +2.28211208E-38
A689 : TYA            : A=A1 X=04 Y=A1 SP=?? N=1 V=1 D=0 I=0 Z=0 C=0 : FWA 78-7D:F0800000:00:00 = +1.17431641E-01 : FWB 3F-03:F8800000:00:?? = +2.28211208E-38
A68A : SBC 31         : A=B0 X=04 Y=A1 SP=?? N=1 V=0 D=0 I=0 Z=0 C=0 : FWA 78-7D:F0800000:00:00 = +1.17431641E-01 : FWB 3F-03:F8800000:00:?? = +2.28211208E-38
A68C : SEC            : A=B0 X=04 Y=A1 SP=?? N=1 V=0 D=0 I=0 Z=0 C=1 : FWA 78-7D:F0800000:00:00 = +1.17431641E-01 : FWB 3F-03:F8800000:00:?? = +2.28211208E-38
A68D : ROL 3B         : A=B0 X=04 Y=A1 SP=?? N=0 V=0 D=0 I=0 Z=0 C=0 : FWA 78-7D:F0800000:00:00 = +1.17431641E-01 : FWB 7F-03:F8800000:00:?? = +2.28211208E-38
A68F : ASL 40         : A=B0 X=04 Y=A1 SP=?? N=0 V=0 D=0 I=0 Z=1 C=0 : FWA 78-7D:F0800000:00:00 = +1.17431641E-01 : FWB 7F-03:F8800000:00:?? = +2.28211208E-38
A691 : ROL 3F         : A=B0 X=04 Y=A1 SP=?? N=0 V=0 D=0 I=0 Z=1 C=0 : FWA 78-7D:F0800000:00:00 = +1.17431641E-01 : FWB 7F-03:F8800000:00:?? = +2.28211208E-38
A693 : ROL 3E         : A=B0 X=04 Y=A1 SP=?? N=0 V=0 D=0 I=0 Z=1 C=1 : FWA 78-7D:F0800000:00:00 = +1.17431641E-01 : FWB 7F-03:F8000000:00:?? = +2.27752030E-38
A695 : ROL A          : A=61 X=04 Y=A1 SP=?? N=0 V=0 D=0 I=0 Z=0 C=1 : FWA 78-7D:F0800000:00:00 = +1.17431641E-01 : FWB 7F-03:F8000000:00:?? = +2.27752030E-38
A696 : DEX            : A=61 X=03 Y=A1 SP=?? N=0 V=0 D=0 I=0 Z=0 C=1 : FWA 78-7D:F0800000:00:00 = +1.17431641E-01 : FWB 7F-03:F8000000:00:?? = +2.27752030E-38
A697 : BNE A65E       : A=61 X=03 Y=A1 SP=?? N=0 V=0 D=0 I=0 Z=0 C=1 : FWA 78-7D:F0800000:00:00 = +1.17431641E-01 : FWB 7F-03:F8000000:00:?? = +2.27752030E-38
A65E : BCS A676       : A=61 X=03 Y=A1 SP=?? N=0 V=0 D=0 I=0 Z=0 C=1 : FWA 78-7D:F0800000:00:00 = +1.17431641E-01 : FWB 7F-03:F8000000:00:?? = +2.27752030E-38
A676 : TAY            : A=61 X=03 Y=61 SP=?? N=0 V=0 D=0 I=0 Z=0 C=1 : FWA 78-7D:F0800000:00:00 = +1.17431641E-01 : FWB 7F-03:F8000000:00:?? = +2.27752030E-38
A677 : LDA 40         : A=00 X=03 Y=61 SP=?? N=0 V=0 D=0 I=0 Z=1 C=1 : FWA 78-7D:F0800000:00:00 = +1.17431641E-01 : FWB 7F-03:F8000000:00:?? = +2.27752030E-38
A679 : SBC 34         : A=00 X=03 Y=61 SP=?? N=0 V=0 D=0 I=0 Z=1 C=1 : FWA 78-7D:F0800000:00:00 = +1.17431641E-01 : FWB 7F-03:F8000000:00:?? = +2.27752030E-38
A67B : STA 40         : A=00 X=03 Y=61 SP=?? N=0 V=0 D=0 I=0 Z=1 C=1 : FWA 78-7D:F0800000:00:00 = +1.17431641E-01 : FWB 7F-03:F8000000:00:?? = +2.27752030E-38
A67D : LDA 3F         : A=00 X=03 Y=61 SP=?? N=0 V=0 D=0 I=0 Z=1 C=1 : FWA 78-7D:F0800000:00:00 = +1.17431641E-01 : FWB 7F-03:F8000000:00:?? = +2.27752030E-38
A67F : SBC 33         : A=00 X=03 Y=61 SP=?? N=0 V=0 D=0 I=0 Z=1 C=1 : FWA 78-7D:F0800000:00:00 = +1.17431641E-01 : FWB 7F-03:F8000000:00:?? = +2.27752030E-38
A681 : STA 3F         : A=00 X=03 Y=61 SP=?? N=0 V=0 D=0 I=0 Z=1 C=1 : FWA 78-7D:F0800000:00:00 = +1.17431641E-01 : FWB 7F-03:F8000000:00:?? = +2.27752030E-38
A683 : LDA 3E         : A=00 X=03 Y=61 SP=?? N=0 V=0 D=0 I=0 Z=1 C=1 : FWA 78-7D:F0800000:00:00 = +1.17431641E-01 : FWB 7F-03:F8000000:00:?? = +2.27752030E-38
A685 : SBC 32         : A=80 X=03 Y=61 SP=?? N=1 V=1 D=0 I=0 Z=0 C=0 : FWA 78-7D:F0800000:00:00 = +1.17431641E-01 : FWB 7F-03:F8000000:00:?? = +2.27752030E-38
A687 : STA 3E         : A=80 X=03 Y=61 SP=?? N=1 V=1 D=0 I=0 Z=0 C=0 : FWA 78-7D:F0800000:00:00 = +1.17431641E-01 : FWB 7F-03:F8800000:00:?? = +2.28211208E-38
A689 : TYA            : A=61 X=03 Y=61 SP=?? N=0 V=1 D=0 I=0 Z=0 C=0 : FWA 78-7D:F0800000:00:00 = +1.17431641E-01 : FWB 7F-03:F8800000:00:?? = +2.28211208E-38
A68A : SBC 31         : A=70 X=03 Y=61 SP=?? N=0 V=0 D=0 I=0 Z=0 C=0 : FWA 78-7D:F0800000:00:00 = +1.17431641E-01 : FWB 7F-03:F8800000:00:?? = +2.28211208E-38
A68C : SEC            : A=70 X=03 Y=61 SP=?? N=0 V=0 D=0 I=0 Z=0 C=1 : FWA 78-7D:F0800000:00:00 = +1.17431641E-01 : FWB 7F-03:F8800000:00:?? = +2.28211208E-38
A68D : ROL 3B         : A=70 X=03 Y=61 SP=?? N=1 V=0 D=0 I=0 Z=0 C=0 : FWA 78-7D:F0800000:00:00 = +1.17431641E-01 : FWB FF-03:F8800000:00:?? = -2.28211208E-38
A68F : ASL 40         : A=70 X=03 Y=61 SP=?? N=0 V=0 D=0 I=0 Z=1 C=0 : FWA 78-7D:F0800000:00:00 = +1.17431641E-01 : FWB FF-03:F8800000:00:?? = -2.28211208E-38
A691 : ROL 3F         : A=70 X=03 Y=61 SP=?? N=0 V=0 D=0 I=0 Z=1 C=0 : FWA 78-7D:F0800000:00:00 = +1.17431641E-01 : FWB FF-03:F8800000:00:?? = -2.28211208E-38
A693 : ROL 3E         : A=70 X=03 Y=61 SP=?? N=0 V=0 D=0 I=0 Z=1 C=1 : FWA 78-7D:F0800000:00:00 = +1.17431641E-01 : FWB FF-03:F8000000:00:?? = -2.27752030E-38
A695 : ROL A          : A=E1 X=03 Y=61 SP=?? N=1 V=0 D=0 I=0 Z=0 C=0 : FWA 78-7D:F0800000:00:00 = +1.17431641E-01 : FWB FF-03:F8000000:00:?? = -2.27752030E-38
A696 : DEX            : A=E1 X=02 Y=61 SP=?? N=0 V=0 D=0 I=0 Z=0 C=0 : FWA 78-7D:F0800000:00:00 = +1.17431641E-01 : FWB FF-03:F8000000:00:?? = -2.27752030E-38
A697 : BNE A65E       : A=E1 X=02 Y=61 SP=?? N=0 V=0 D=0 I=0 Z=0 C=0 : FWA 78-7D:F0800000:00:00 = +1.17431641E-01 : FWB FF-03:F8000000:00:?? = -2.27752030E-38
A65E : BCS A676       : A=E1 X=02 Y=61 SP=?? N=0 V=0 D=0 I=0 Z=0 C=0 : FWA 78-7D:F0800000:00:00 = +1.17431641E-01 : FWB FF-03:F8000000:00:?? = -2.27752030E-38
A660 : CMP 31         : A=E1 X=02 Y=61 SP=?? N=1 V=0 D=0 I=0 Z=0 C=0 : FWA 78-7D:F0800000:00:00 = +1.17431641E-01 : FWB FF-03:F8000000:00:?? = -2.27752030E-38
A662 : BNE A674       : A=E1 X=02 Y=61 SP=?? N=1 V=0 D=0 I=0 Z=0 C=0 : FWA 78-7D:F0800000:00:00 = +1.17431641E-01 : FWB FF-03:F8000000:00:?? = -2.27752030E-38
A674 : BCC A68D       : A=E1 X=02 Y=61 SP=?? N=1 V=0 D=0 I=0 Z=0 C=0 : FWA 78-7D:F0800000:00:00 = +1.17431641E-01 : FWB FF-03:F8000000:00:?? = -2.27752030E-38
A68D : ROL 3B         : A=E1 X=02 Y=61 SP=?? N=1 V=0 D=0 I=0 Z=0 C=1 : FWA 78-7D:F0800000:00:00 = +1.17431641E-01 : FWB FE-03:F8000000:00:?? = -2.27752030E-38
A68F : ASL 40         : A=E1 X=02 Y=61 SP=?? N=0 V=0 D=0 I=0 Z=1 C=0 : FWA 78-7D:F0800000:00:00 = +1.17431641E-01 : FWB FE-03:F8000000:00:?? = -2.27752030E-38
A691 : ROL 3F         : A=E1 X=02 Y=61 SP=?? N=0 V=0 D=0 I=0 Z=1 C=0 : FWA 78-7D:F0800000:00:00 = +1.17431641E-01 : FWB FE-03:F8000000:00:?? = -2.27752030E-38
A693 : ROL 3E         : A=E1 X=02 Y=61 SP=?? N=0 V=0 D=0 I=0 Z=1 C=0 : FWA 78-7D:F0800000:00:00 = +1.17431641E-01 : FWB FE-03:F8000000:00:?? = -2.27752030E-38
A695 : ROL A          : A=C2 X=02 Y=61 SP=?? N=1 V=0 D=0 I=0 Z=0 C=1 : FWA 78-7D:F0800000:00:00 = +1.17431641E-01 : FWB FE-03:F8000000:00:?? = -2.27752030E-38
A696 : DEX            : A=C2 X=01 Y=61 SP=?? N=0 V=0 D=0 I=0 Z=0 C=1 : FWA 78-7D:F0800000:00:00 = +1.17431641E-01 : FWB FE-03:F8000000:00:?? = -2.27752030E-38
A697 : BNE A65E       : A=C2 X=01 Y=61 SP=?? N=0 V=0 D=0 I=0 Z=0 C=1 : FWA 78-7D:F0800000:00:00 = +1.17431641E-01 : FWB FE-03:F8000000:00:?? = -2.27752030E-38
A65E : BCS A676       : A=C2 X=01 Y=61 SP=?? N=0 V=0 D=0 I=0 Z=0 C=1 : FWA 78-7D:F0800000:00:00 = +1.17431641E-01 : FWB FE-03:F8000000:00:?? = -2.27752030E-38
A676 : TAY            : A=C2 X=01 Y=C2 SP=?? N=1 V=0 D=0 I=0 Z=0 C=1 : FWA 78-7D:F0800000:00:00 = +1.17431641E-01 : FWB FE-03:F8000000:00:?? = -2.27752030E-38
A677 : LDA 40         : A=00 X=01 Y=C2 SP=?? N=0 V=0 D=0 I=0 Z=1 C=1 : FWA 78-7D:F0800000:00:00 = +1.17431641E-01 : FWB FE-03:F8000000:00:?? = -2.27752030E-38
A679 : SBC 34         : A=00 X=01 Y=C2 SP=?? N=0 V=0 D=0 I=0 Z=1 C=1 : FWA 78-7D:F0800000:00:00 = +1.17431641E-01 : FWB FE-03:F8000000:00:?? = -2.27752030E-38
A67B : STA 40         : A=00 X=01 Y=C2 SP=?? N=0 V=0 D=0 I=0 Z=1 C=1 : FWA 78-7D:F0800000:00:00 = +1.17431641E-01 : FWB FE-03:F8000000:00:?? = -2.27752030E-38
A67D : LDA 3F         : A=00 X=01 Y=C2 SP=?? N=0 V=0 D=0 I=0 Z=1 C=1 : FWA 78-7D:F0800000:00:00 = +1.17431641E-01 : FWB FE-03:F8000000:00:?? = -2.27752030E-38
A67F : SBC 33         : A=00 X=01 Y=C2 SP=?? N=0 V=0 D=0 I=0 Z=1 C=1 : FWA 78-7D:F0800000:00:00 = +1.17431641E-01 : FWB FE-03:F8000000:00:?? = -2.27752030E-38
A681 : STA 3F         : A=00 X=01 Y=C2 SP=?? N=0 V=0 D=0 I=0 Z=1 C=1 : FWA 78-7D:F0800000:00:00 = +1.17431641E-01 : FWB FE-03:F8000000:00:?? = -2.27752030E-38
A683 : LDA 3E         : A=00 X=01 Y=C2 SP=?? N=0 V=0 D=0 I=0 Z=1 C=1 : FWA 78-7D:F0800000:00:00 = +1.17431641E-01 : FWB FE-03:F8000000:00:?? = -2.27752030E-38
A685 : SBC 32         : A=80 X=01 Y=C2 SP=?? N=1 V=1 D=0 I=0 Z=0 C=0 : FWA 78-7D:F0800000:00:00 = +1.17431641E-01 : FWB FE-03:F8000000:00:?? = -2.27752030E-38
A687 : STA 3E         : A=80 X=01 Y=C2 SP=?? N=1 V=1 D=0 I=0 Z=0 C=0 : FWA 78-7D:F0800000:00:00 = +1.17431641E-01 : FWB FE-03:F8800000:00:?? = -2.28211208E-38
A689 : TYA            : A=C2 X=01 Y=C2 SP=?? N=1 V=1 D=0 I=0 Z=0 C=0 : FWA 78-7D:F0800000:00:00 = +1.17431641E-01 : FWB FE-03:F8800000:00:?? = -2.28211208E-38
A68A : SBC 31         : A=D1 X=01 Y=C2 SP=?? N=1 V=0 D=0 I=0 Z=0 C=0 : FWA 78-7D:F0800000:00:00 = +1.17431641E-01 : FWB FE-03:F8800000:00:?? = -2.28211208E-38
A68C : SEC            : A=D1 X=01 Y=C2 SP=?? N=1 V=0 D=0 I=0 Z=0 C=1 : FWA 78-7D:F0800000:00:00 = +1.17431641E-01 : FWB FE-03:F8800000:00:?? = -2.28211208E-38
A68D : ROL 3B         : A=D1 X=01 Y=C2 SP=?? N=1 V=0 D=0 I=0 Z=0 C=1 : FWA 78-7D:F0800000:00:00 = +1.17431641E-01 : FWB FD-03:F8800000:00:?? = -2.28211208E-38
A68F : ASL 40         : A=D1 X=01 Y=C2 SP=?? N=0 V=0 D=0 I=0 Z=1 C=0 : FWA 78-7D:F0800000:00:00 = +1.17431641E-01 : FWB FD-03:F8800000:00:?? = -2.28211208E-38
A691 : ROL 3F         : A=D1 X=01 Y=C2 SP=?? N=0 V=0 D=0 I=0 Z=1 C=0 : FWA 78-7D:F0800000:00:00 = +1.17431641E-01 : FWB FD-03:F8800000:00:?? = -2.28211208E-38
A693 : ROL 3E         : A=D1 X=01 Y=C2 SP=?? N=0 V=0 D=0 I=0 Z=1 C=1 : FWA 78-7D:F0800000:00:00 = +1.17431641E-01 : FWB FD-03:F8000000:00:?? = -2.27752030E-38
A695 : ROL A          : A=A3 X=01 Y=C2 SP=?? N=1 V=0 D=0 I=0 Z=0 C=1 : FWA 78-7D:F0800000:00:00 = +1.17431641E-01 : FWB FD-03:F8000000:00:?? = -2.27752030E-38
A696 : DEX            : A=A3 X=00 Y=C2 SP=?? N=0 V=0 D=0 I=0 Z=1 C=1 : FWA 78-7D:F0800000:00:00 = +1.17431641E-01 : FWB FD-03:F8000000:00:?? = -2.27752030E-38
A697 : BNE A65E       : A=A3 X=00 Y=C2 SP=?? N=0 V=0 D=0 I=0 Z=1 C=1 : FWA 78-7D:F0800000:00:00 = +1.17431641E-01 : FWB FD-03:F8000000:00:?? = -2.27752030E-38
A699 : LDX 3B         : A=A3 X=FD Y=C2 SP=?? N=1 V=0 D=0 I=0 Z=0 C=1 : FWA 78-7D:F0800000:00:00 = +1.17431641E-01 : FWB FD-03:F8000000:00:?? = -2.27752030E-38
A69B : PHX            : A=A3 X=FD Y=C2 SP=?? N=1 V=0 D=0 I=0 Z=0 C=1 : FWA 78-7D:F0800000:00:00 = +1.17431641E-01 : FWB FD-03:F8000000:00:?? = -2.27752030E-38
A69C : DEC 3C         : A=A3 X=FD Y=C2 SP=?? N=0 V=0 D=0 I=0 Z=0 C=1 : FWA 78-7D:F0800000:00:00 = +1.17431641E-01 : FWB FD-02:F8000000:00:?? = -1.13876015E-38
A69E : BNE A65C       : A=A3 X=FD Y=C2 SP=?? N=0 V=0 D=0 I=0 Z=0 C=1 : FWA 78-7D:F0800000:00:00 = +1.17431641E-01 : FWB FD-02:F8000000:00:?? = -1.13876015E-38
A65C : LDX #08        : A=A3 X=08 Y=C2 SP=?? N=0 V=0 D=0 I=0 Z=0 C=1 : FWA 78-7D:F0800000:00:00 = +1.17431641E-01 : FWB FD-02:F8000000:00:?? = -1.13876015E-38
A65E : BCS A676       : A=A3 X=08 Y=C2 SP=?? N=0 V=0 D=0 I=0 Z=0 C=1 : FWA 78-7D:F0800000:00:00 = +1.17431641E-01 : FWB FD-02:F8000000:00:?? = -1.13876015E-38
A676 : TAY            : A=A3 X=08 Y=A3 SP=?? N=1 V=0 D=0 I=0 Z=0 C=1 : FWA 78-7D:F0800000:00:00 = +1.17431641E-01 : FWB FD-02:F8000000:00:?? = -1.13876015E-38
A677 : LDA 40         : A=00 X=08 Y=A3 SP=?? N=0 V=0 D=0 I=0 Z=1 C=1 : FWA 78-7D:F0800000:00:00 = +1.17431641E-01 : FWB FD-02:F8000000:00:?? = -1.13876015E-38
A679 : SBC 34         : A=00 X=08 Y=A3 SP=?? N=0 V=0 D=0 I=0 Z=1 C=1 : FWA 78-7D:F0800000:00:00 = +1.17431641E-01 : FWB FD-02:F8000000:00:?? = -1.13876015E-38
A67B : STA 40         : A=00 X=08 Y=A3 SP=?? N=0 V=0 D=0 I=0 Z=1 C=1 : FWA 78-7D:F0800000:00:00 = +1.17431641E-01 : FWB FD-02:F8000000:00:?? = -1.13876015E-38
A67D : LDA 3F         : A=00 X=08 Y=A3 SP=?? N=0 V=0 D=0 I=0 Z=1 C=1 : FWA 78-7D:F0800000:00:00 = +1.17431641E-01 : FWB FD-02:F8000000:00:?? = -1.13876015E-38
A67F : SBC 33         : A=00 X=08 Y=A3 SP=?? N=0 V=0 D=0 I=0 Z=1 C=1 : FWA 78-7D:F0800000:00:00 = +1.17431641E-01 : FWB FD-02:F8000000:00:?? = -1.13876015E-38
A681 : STA 3F         : A=00 X=08 Y=A3 SP=?? N=0 V=0 D=0 I=0 Z=1 C=1 : FWA 78-7D:F0800000:00:00 = +1.17431641E-01 : FWB FD-02:F8000000:00:?? = -1.13876015E-38
A683 : LDA 3E         : A=00 X=08 Y=A3 SP=?? N=0 V=0 D=0 I=0 Z=1 C=1 : FWA 78-7D:F0800000:00:00 = +1.17431641E-01 : FWB FD-02:F8000000:00:?? = -1.13876015E-38
A685 : SBC 32         : A=80 X=08 Y=A3 SP=?? N=1 V=1 D=0 I=0 Z=0 C=0 : FWA 78-7D:F0800000:00:00 = +1.17431641E-01 : FWB FD-02:F8000000:00:?? = -1.13876015E-38
A687 : STA 3E         : A=80 X=08 Y=A3 SP=?? N=1 V=1 D=0 I=0 Z=0 C=0 : FWA 78-7D:F0800000:00:00 = +1.17431641E-01 : FWB FD-02:F8800000:00:?? = -1.14105604E-38
A689 : TYA            : A=A3 X=08 Y=A3 SP=?? N=1 V=1 D=0 I=0 Z=0 C=0 : FWA 78-7D:F0800000:00:00 = +1.17431641E-01 : FWB FD-02:F8800000:00:?? = -1.14105604E-38
A68A : SBC 31         : A=B2 X=08 Y=A3 SP=?? N=1 V=0 D=0 I=0 Z=0 C=0 : FWA 78-7D:F0800000:00:00 = +1.17431641E-01 : FWB FD-02:F8800000:00:?? = -1.14105604E-38
A68C : SEC            : A=B2 X=08 Y=A3 SP=?? N=1 V=0 D=0 I=0 Z=0 C=1 : FWA 78-7D:F0800000:00:00 = +1.17431641E-01 : FWB FD-02:F8800000:00:?? = -1.14105604E-38
A68D : ROL 3B         : A=B2 X=08 Y=A3 SP=?? N=1 V=0 D=0 I=0 Z=0 C=1 : FWA 78-7D:F0800000:00:00 = +1.17431641E-01 : FWB FB-02:F8800000:00:?? = -1.14105604E-38
A68F : ASL 40         : A=B2 X=08 Y=A3 SP=?? N=0 V=0 D=0 I=0 Z=1 C=0 : FWA 78-7D:F0800000:00:00 = +1.17431641E-01 : FWB FB-02:F8800000:00:?? = -1.14105604E-38
A691 : ROL 3F         : A=B2 X=08 Y=A3 SP=?? N=0 V=0 D=0 I=0 Z=1 C=0 : FWA 78-7D:F0800000:00:00 = +1.17431641E-01 : FWB FB-02:F8800000:00:?? = -1.14105604E-38
A693 : ROL 3E         : A=B2 X=08 Y=A3 SP=?? N=0 V=0 D=0 I=0 Z=1 C=1 : FWA 78-7D:F0800000:00:00 = +1.17431641E-01 : FWB FB-02:F8000000:00:?? = -1.13876015E-38
A695 : ROL A          : A=65 X=08 Y=A3 SP=?? N=0 V=0 D=0 I=0 Z=0 C=1 : FWA 78-7D:F0800000:00:00 = +1.17431641E-01 : FWB FB-02:F8000000:00:?? = -1.13876015E-38
A696 : DEX            : A=65 X=07 Y=A3 SP=?? N=0 V=0 D=0 I=0 Z=0 C=1 : FWA 78-7D:F0800000:00:00 = +1.17431641E-01 : FWB FB-02:F8000000:00:?? = -1.13876015E-38
A697 : BNE A65E       : A=65 X=07 Y=A3 SP=?? N=0 V=0 D=0 I=0 Z=0 C=1 : FWA 78-7D:F0800000:00:00 = +1.17431641E-01 : FWB FB-02:F8000000:00:?? = -1.13876015E-38
A65E : BCS A676       : A=65 X=07 Y=A3 SP=?? N=0 V=0 D=0 I=0 Z=0 C=1 : FWA 78-7D:F0800000:00:00 = +1.17431641E-01 : FWB FB-02:F8000000:00:?? = -1.13876015E-38
A676 : TAY            : A=65 X=07 Y=65 SP=?? N=0 V=0 D=0 I=0 Z=0 C=1 : FWA 78-7D:F0800000:00:00 = +1.17431641E-01 : FWB FB-02:F8000000:00:?? = -1.13876015E-38
A677 : LDA 40         : A=00 X=07 Y=65 SP=?? N=0 V=0 D=0 I=0 Z=1 C=1 : FWA 78-7D:F0800000:00:00 = +1.17431641E-01 : FWB FB-02:F8000000:00:?? = -1.13876015E-38
A679 : SBC 34         : A=00 X=07 Y=65 SP=?? N=0 V=0 D=0 I=0 Z=1 C=1 : FWA 78-7D:F0800000:00:00 = +1.17431641E-01 : FWB FB-02:F8000000:00:?? = -1.13876015E-38
A67B : STA 40         : A=00 X=07 Y=65 SP=?? N=0 V=0 D=0 I=0 Z=1 C=1 : FWA 78-7D:F0800000:00:00 = +1.17431641E-01 : FWB FB-02:F8000000:00:?? = -1.13876015E-38
A67D : LDA 3F         : A=00 X=07 Y=65 SP=?? N=0 V=0 D=0 I=0 Z=1 C=1 : FWA 78-7D:F0800000:00:00 = +1.17431641E-01 : FWB FB-02:F8000000:00:?? = -1.13876015E-38
A67F : SBC 33         : A=00 X=07 Y=65 SP=?? N=0 V=0 D=0 I=0 Z=1 C=1 : FWA 78-7D:F0800000:00:00 = +1.17431641E-01 : FWB FB-02:F8000000:00:?? = -1.13876015E-38
A681 : STA 3F         : A=00 X=07 Y=65 SP=?? N=0 V=0 D=0 I=0 Z=1 C=1 : FWA 78-7D:F0800000:00:00 = +1.17431641E-01 : FWB FB-02:F8000000:00:?? = -1.13876015E-38
A683 : LDA 3E         : A=00 X=07 Y=65 SP=?? N=0 V=0 D=0 I=0 Z=1 C=1 : FWA 78-7D:F0800000:00:00 = +1.17431641E-01 : FWB FB-02:F8000000:00:?? = -1.13876015E-38
A685 : SBC 32         : A=80 X=07 Y=65 SP=?? N=1 V=1 D=0 I=0 Z=0 C=0 : FWA 78-7D:F0800000:00:00 = +1.17431641E-01 : FWB FB-02:F8000000:00:?? = -1.13876015E-38
A687 : STA 3E         : A=80 X=07 Y=65 SP=?? N=1 V=1 D=0 I=0 Z=0 C=0 : FWA 78-7D:F0800000:00:00 = +1.17431641E-01 : FWB FB-02:F8800000:00:?? = -1.14105604E-38
A689 : TYA            : A=65 X=07 Y=65 SP=?? N=0 V=1 D=0 I=0 Z=0 C=0 : FWA 78-7D:F0800000:00:00 = +1.17431641E-01 : FWB FB-02:F8800000:00:?? = -1.14105604E-38
A68A : SBC 31         : A=74 X=07 Y=65 SP=?? N=0 V=0 D=0 I=0 Z=0 C=0 : FWA 78-7D:F0800000:00:00 = +1.17431641E-01 : FWB FB-02:F8800000:00:?? = -1.14105604E-38
A68C : SEC            : A=74 X=07 Y=65 SP=?? N=0 V=0 D=0 I=0 Z=0 C=1 : FWA 78-7D:F0800000:00:00 = +1.17431641E-01 : FWB FB-02:F8800000:00:?? = -1.14105604E-38
A68D : ROL 3B         : A=74 X=07 Y=65 SP=?? N=1 V=0 D=0 I=0 Z=0 C=1 : FWA 78-7D:F0800000:00:00 = +1.17431641E-01 : FWB F7-02:F8800000:00:?? = -1.14105604E-38
A68F : ASL 40         : A=74 X=07 Y=65 SP=?? N=0 V=0 D=0 I=0 Z=1 C=0 : FWA 78-7D:F0800000:00:00 = +1.17431641E-01 : FWB F7-02:F8800000:00:?? = -1.14105604E-38
A691 : ROL 3F         : A=74 X=07 Y=65 SP=?? N=0 V=0 D=0 I=0 Z=1 C=0 : FWA 78-7D:F0800000:00:00 = +1.17431641E-01 : FWB F7-02:F8800000:00:?? = -1.14105604E-38
A693 : ROL 3E         : A=74 X=07 Y=65 SP=?? N=0 V=0 D=0 I=0 Z=1 C=1 : FWA 78-7D:F0800000:00:00 = +1.17431641E-01 : FWB F7-02:F8000000:00:?? = -1.13876015E-38
A695 : ROL A          : A=E9 X=07 Y=65 SP=?? N=1 V=0 D=0 I=0 Z=0 C=0 : FWA 78-7D:F0800000:00:00 = +1.17431641E-01 : FWB F7-02:F8000000:00:?? = -1.13876015E-38
A696 : DEX            : A=E9 X=06 Y=65 SP=?? N=0 V=0 D=0 I=0 Z=0 C=0 : FWA 78-7D:F0800000:00:00 = +1.17431641E-01 : FWB F7-02:F8000000:00:?? = -1.13876015E-38
A697 : BNE A65E       : A=E9 X=06 Y=65 SP=?? N=0 V=0 D=0 I=0 Z=0 C=0 : FWA 78-7D:F0800000:00:00 = +1.17431641E-01 : FWB F7-02:F8000000:00:?? = -1.13876015E-38
A65E : BCS A676       : A=E9 X=06 Y=65 SP=?? N=0 V=0 D=0 I=0 Z=0 C=0 : FWA 78-7D:F0800000:00:00 = +1.17431641E-01 : FWB F7-02:F8000000:00:?? = -1.13876015E-38
A660 : CMP 31         : A=E9 X=06 Y=65 SP=?? N=1 V=0 D=0 I=0 Z=0 C=0 : FWA 78-7D:F0800000:00:00 = +1.17431641E-01 : FWB F7-02:F8000000:00:?? = -1.13876015E-38
A662 : BNE A674       : A=E9 X=06 Y=65 SP=?? N=1 V=0 D=0 I=0 Z=0 C=0 : FWA 78-7D:F0800000:00:00 = +1.17431641E-01 : FWB F7-02:F8000000:00:?? = -1.13876015E-38
A674 : BCC A68D       : A=E9 X=06 Y=65 SP=?? N=1 V=0 D=0 I=0 Z=0 C=0 : FWA 78-7D:F0800000:00:00 = +1.17431641E-01 : FWB F7-02:F8000000:00:?? = -1.13876015E-38
A68D : ROL 3B         : A=E9 X=06 Y=65 SP=?? N=1 V=0 D=0 I=0 Z=0 C=1 : FWA 78-7D:F0800000:00:00 = +1.17431641E-01 : FWB EE-02:F8000000:00:?? = -1.13876015E-38
A68F : ASL 40         : A=E9 X=06 Y=65 SP=?? N=0 V=0 D=0 I=0 Z=1 C=0 : FWA 78-7D:F0800000:00:00 = +1.17431641E-01 : FWB EE-02:F8000000:00:?? = -1.13876015E-38
A691 : ROL 3F         : A=E9 X=06 Y=65 SP=?? N=0 V=0 D=0 I=0 Z=1 C=0 : FWA 78-7D:F0800000:00:00 = +1.17431641E-01 : FWB EE-02:F8000000:00:?? = -1.13876015E-38
A693 : ROL 3E         : A=E9 X=06 Y=65 SP=?? N=0 V=0 D=0 I=0 Z=1 C=0 : FWA 78-7D:F0800000:00:00 = +1.17431641E-01 : FWB EE-02:F8000000:00:?? = -1.13876015E-38
A695 : ROL A          : A=D2 X=06 Y=65 SP=?? N=1 V=0 D=0 I=0 Z=0 C=1 : FWA 78-7D:F0800000:00:00 = +1.17431641E-01 : FWB EE-02:F8000000:00:?? = -1.13876015E-38
A696 : DEX            : A=D2 X=05 Y=65 SP=?? N=0 V=0 D=0 I=0 Z=0 C=1 : FWA 78-7D:F0800000:00:00 = +1.17431641E-01 : FWB EE-02:F8000000:00:?? = -1.13876015E-38
A697 : BNE A65E       : A=D2 X=05 Y=65 SP=?? N=0 V=0 D=0 I=0 Z=0 C=1 : FWA 78-7D:F0800000:00:00 = +1.17431641E-01 : FWB EE-02:F8000000:00:?? = -1.13876015E-38
A65E : BCS A676       : A=D2 X=05 Y=65 SP=?? N=0 V=0 D=0 I=0 Z=0 C=1 : FWA 78-7D:F0800000:00:00 = +1.17431641E-01 : FWB EE-02:F8000000:00:?? = -1.13876015E-38
A676 : TAY            : A=D2 X=05 Y=D2 SP=?? N=1 V=0 D=0 I=0 Z=0 C=1 : FWA 78-7D:F0800000:00:00 = +1.17431641E-01 : FWB EE-02:F8000000:00:?? = -1.13876015E-38
A677 : LDA 40         : A=00 X=05 Y=D2 SP=?? N=0 V=0 D=0 I=0 Z=1 C=1 : FWA 78-7D:F0800000:00:00 = +1.17431641E-01 : FWB EE-02:F8000000:00:?? = -1.13876015E-38
A679 : SBC 34         : A=00 X=05 Y=D2 SP=?? N=0 V=0 D=0 I=0 Z=1 C=1 : FWA 78-7D:F0800000:00:00 = +1.17431641E-01 : FWB EE-02:F8000000:00:?? = -1.13876015E-38
A67B : STA 40         : A=00 X=05 Y=D2 SP=?? N=0 V=0 D=0 I=0 Z=1 C=1 : FWA 78-7D:F0800000:00:00 = +1.17431641E-01 : FWB EE-02:F8000000:00:?? = -1.13876015E-38
A67D : LDA 3F         : A=00 X=05 Y=D2 SP=?? N=0 V=0 D=0 I=0 Z=1 C=1 : FWA 78-7D:F0800000:00:00 = +1.17431641E-01 : FWB EE-02:F8000000:00:?? = -1.13876015E-38
A67F : SBC 33         : A=00 X=05 Y=D2 SP=?? N=0 V=0 D=0 I=0 Z=1 C=1 : FWA 78-7D:F0800000:00:00 = +1.17431641E-01 : FWB EE-02:F8000000:00:?? = -1.13876015E-38
A681 : STA 3F         : A=00 X=05 Y=D2 SP=?? N=0 V=0 D=0 I=0 Z=1 C=1 : FWA 78-7D:F0800000:00:00 = +1.17431641E-01 : FWB EE-02:F8000000:00:?? = -1.13876015E-38
A683 : LDA 3E         : A=00 X=05 Y=D2 SP=?? N=0 V=0 D=0 I=0 Z=1 C=1 : FWA 78-7D:F0800000:00:00 = +1.17431641E-01 : FWB EE-02:F8000000:00:?? = -1.13876015E-38
A685 : SBC 32         : A=80 X=05 Y=D2 SP=?? N=1 V=1 D=0 I=0 Z=0 C=0 : FWA 78-7D:F0800000:00:00 = +1.17431641E-01 : FWB EE-02:F8000000:00:?? = -1.13876015E-38
A687 : STA 3E         : A=80 X=05 Y=D2 SP=?? N=1 V=1 D=0 I=0 Z=0 C=0 : FWA 78-7D:F0800000:00:00 = +1.17431641E-01 : FWB EE-02:F8800000:00:?? = -1.14105604E-38
A689 : TYA            : A=D2 X=05 Y=D2 SP=?? N=1 V=1 D=0 I=0 Z=0 C=0 : FWA 78-7D:F0800000:00:00 = +1.17431641E-01 : FWB EE-02:F8800000:00:?? = -1.14105604E-38
A68A : SBC 31         : A=E1 X=05 Y=D2 SP=?? N=1 V=0 D=0 I=0 Z=0 C=0 : FWA 78-7D:F0800000:00:00 = +1.17431641E-01 : FWB EE-02:F8800000:00:?? = -1.14105604E-38
A68C : SEC            : A=E1 X=05 Y=D2 SP=?? N=1 V=0 D=0 I=0 Z=0 C=1 : FWA 78-7D:F0800000:00:00 = +1.17431641E-01 : FWB EE-02:F8800000:00:?? = -1.14105604E-38
A68D : ROL 3B         : A=E1 X=05 Y=D2 SP=?? N=1 V=0 D=0 I=0 Z=0 C=1 : FWA 78-7D:F0800000:00:00 = +1.17431641E-01 : FWB DD-02:F8800000:00:?? = -1.14105604E-38
A68F : ASL 40         : A=E1 X=05 Y=D2 SP=?? N=0 V=0 D=0 I=0 Z=1 C=0 : FWA 78-7D:F0800000:00:00 = +1.17431641E-01 : FWB DD-02:F8800000:00:?? = -1.14105604E-38
A691 : ROL 3F         : A=E1 X=05 Y=D2 SP=?? N=0 V=0 D=0 I=0 Z=1 C=0 : FWA 78-7D:F0800000:00:00 = +1.17431641E-01 : FWB DD-02:F8800000:00:?? = -1.14105604E-38
A693 : ROL 3E         : A=E1 X=05 Y=D2 SP=?? N=0 V=0 D=0 I=0 Z=1 C=1 : FWA 78-7D:F0800000:00:00 = +1.17431641E-01 : FWB DD-02:F8000000:00:?? = -1.13876015E-38
A695 : ROL A          : A=C3 X=05 Y=D2 SP=?? N=1 V=0 D=0 I=0 Z=0 C=1 : FWA 78-7D:F0800000:00:00 = +1.17431641E-01 : FWB DD-02:F8000000:00:?? = -1.13876015E-38
A696 : DEX            : A=C3 X=04 Y=D2 SP=?? N=0 V=0 D=0 I=0 Z=0 C=1 : FWA 78-7D:F0800000:00:00 = +1.17431641E-01 : FWB DD-02:F8000000:00:?? = -1.13876015E-38
A697 : BNE A65E       : A=C3 X=04 Y=D2 SP=?? N=0 V=0 D=0 I=0 Z=0 C=1 : FWA 78-7D:F0800000:00:00 = +1.17431641E-01 : FWB DD-02:F8000000:00:?? = -1.13876015E-38
A65E : BCS A676       : A=C3 X=04 Y=D2 SP=?? N=0 V=0 D=0 I=0 Z=0 C=1 : FWA 78-7D:F0800000:00:00 = +1.17431641E-01 : FWB DD-02:F8000000:00:?? = -1.13876015E-38
A676 : TAY            : A=C3 X=04 Y=C3 SP=?? N=1 V=0 D=0 I=0 Z=0 C=1 : FWA 78-7D:F0800000:00:00 = +1.17431641E-01 : FWB DD-02:F8000000:00:?? = -1.13876015E-38
A677 : LDA 40         : A=00 X=04 Y=C3 SP=?? N=0 V=0 D=0 I=0 Z=1 C=1 : FWA 78-7D:F0800000:00:00 = +1.17431641E-01 : FWB DD-02:F8000000:00:?? = -1.13876015E-38
A679 : SBC 34         : A=00 X=04 Y=C3 SP=?? N=0 V=0 D=0 I=0 Z=1 C=1 : FWA 78-7D:F0800000:00:00 = +1.17431641E-01 : FWB DD-02:F8000000:00:?? = -1.13876015E-38
A67B : STA 40         : A=00 X=04 Y=C3 SP=?? N=0 V=0 D=0 I=0 Z=1 C=1 : FWA 78-7D:F0800000:00:00 = +1.17431641E-01 : FWB DD-02:F8000000:00:?? = -1.13876015E-38
A67D : LDA 3F         : A=00 X=04 Y=C3 SP=?? N=0 V=0 D=0 I=0 Z=1 C=1 : FWA 78-7D:F0800000:00:00 = +1.17431641E-01 : FWB DD-02:F8000000:00:?? = -1.13876015E-38
A67F : SBC 33         : A=00 X=04 Y=C3 SP=?? N=0 V=0 D=0 I=0 Z=1 C=1 : FWA 78-7D:F0800000:00:00 = +1.17431641E-01 : FWB DD-02:F8000000:00:?? = -1.13876015E-38
A681 : STA 3F         : A=00 X=04 Y=C3 SP=?? N=0 V=0 D=0 I=0 Z=1 C=1 : FWA 78-7D:F0800000:00:00 = +1.17431641E-01 : FWB DD-02:F8000000:00:?? = -1.13876015E-38
A683 : LDA 3E         : A=00 X=04 Y=C3 SP=?? N=0 V=0 D=0 I=0 Z=1 C=1 : FWA 78-7D:F0800000:00:00 = +1.17431641E-01 : FWB DD-02:F8000000:00:?? = -1.13876015E-38
A685 : SBC 32         : A=80 X=04 Y=C3 SP=?? N=1 V=1 D=0 I=0 Z=0 C=0 : FWA 78-7D:F0800000:00:00 = +1.17431641E-01 : FWB DD-02:F8000000:00:?? = -1.13876015E-38
A687 : STA 3E         : A=80 X=04 Y=C3 SP=?? N=1 V=1 D=0 I=0 Z=0 C=0 : FWA 78-7D:F0800000:00:00 = +1.17431641E-01 : FWB DD-02:F8800000:00:?? = -1.14105604E-38
A689 : TYA            : A=C3 X=04 Y=C3 SP=?? N=1 V=1 D=0 I=0 Z=0 C=0 : FWA 78-7D:F0800000:00:00 = +1.17431641E-01 : FWB DD-02:F8800000:00:?? = -1.14105604E-38
A68A : SBC 31         : A=D2 X=04 Y=C3 SP=?? N=1 V=0 D=0 I=0 Z=0 C=0 : FWA 78-7D:F0800000:00:00 = +1.17431641E-01 : FWB DD-02:F8800000:00:?? = -1.14105604E-38
A68C : SEC            : A=D2 X=04 Y=C3 SP=?? N=1 V=0 D=0 I=0 Z=0 C=1 : FWA 78-7D:F0800000:00:00 = +1.17431641E-01 : FWB DD-02:F8800000:00:?? = -1.14105604E-38
A68D : ROL 3B         : A=D2 X=04 Y=C3 SP=?? N=1 V=0 D=0 I=0 Z=0 C=1 : FWA 78-7D:F0800000:00:00 = +1.17431641E-01 : FWB BB-02:F8800000:00:?? = -1.14105604E-38
A68F : ASL 40         : A=D2 X=04 Y=C3 SP=?? N=0 V=0 D=0 I=0 Z=1 C=0 : FWA 78-7D:F0800000:00:00 = +1.17431641E-01 : FWB BB-02:F8800000:00:?? = -1.14105604E-38
A691 : ROL 3F         : A=D2 X=04 Y=C3 SP=?? N=0 V=0 D=0 I=0 Z=1 C=0 : FWA 78-7D:F0800000:00:00 = +1.17431641E-01 : FWB BB-02:F8800000:00:?? = -1.14105604E-38
A693 : ROL 3E         : A=D2 X=04 Y=C3 SP=?? N=0 V=0 D=0 I=0 Z=1 C=1 : FWA 78-7D:F0800000:00:00 = +1.17431641E-01 : FWB BB-02:F8000000:00:?? = -1.13876015E-38
A695 : ROL A          : A=A5 X=04 Y=C3 SP=?? N=1 V=0 D=0 I=0 Z=0 C=1 : FWA 78-7D:F0800000:00:00 = +1.17431641E-01 : FWB BB-02:F8000000:00:?? = -1.13876015E-38
A696 : DEX            : A=A5 X=03 Y=C3 SP=?? N=0 V=0 D=0 I=0 Z=0 C=1 : FWA 78-7D:F0800000:00:00 = +1.17431641E-01 : FWB BB-02:F8000000:00:?? = -1.13876015E-38
A697 : BNE A65E       : A=A5 X=03 Y=C3 SP=?? N=0 V=0 D=0 I=0 Z=0 C=1 : FWA 78-7D:F0800000:00:00 = +1.17431641E-01 : FWB BB-02:F8000000:00:?? = -1.13876015E-38
A65E : BCS A676       : A=A5 X=03 Y=C3 SP=?? N=0 V=0 D=0 I=0 Z=0 C=1 : FWA 78-7D:F0800000:00:00 = +1.17431641E-01 : FWB BB-02:F8000000:00:?? = -1.13876015E-38
A676 : TAY            : A=A5 X=03 Y=A5 SP=?? N=1 V=0 D=0 I=0 Z=0 C=1 : FWA 78-7D:F0800000:00:00 = +1.17431641E-01 : FWB BB-02:F8000000:00:?? = -1.13876015E-38
A677 : LDA 40         : A=00 X=03 Y=A5 SP=?? N=0 V=0 D=0 I=0 Z=1 C=1 : FWA 78-7D:F0800000:00:00 = +1.17431641E-01 : FWB BB-02:F8000000:00:?? = -1.13876015E-38
A679 : SBC 34         : A=00 X=03 Y=A5 SP=?? N=0 V=0 D=0 I=0 Z=1 C=1 : FWA 78-7D:F0800000:00:00 = +1.17431641E-01 : FWB BB-02:F8000000:00:?? = -1.13876015E-38
A67B : STA 40         : A=00 X=03 Y=A5 SP=?? N=0 V=0 D=0 I=0 Z=1 C=1 : FWA 78-7D:F0800000:00:00 = +1.17431641E-01 : FWB BB-02:F8000000:00:?? = -1.13876015E-38
A67D : LDA 3F         : A=00 X=03 Y=A5 SP=?? N=0 V=0 D=0 I=0 Z=1 C=1 : FWA 78-7D:F0800000:00:00 = +1.17431641E-01 : FWB BB-02:F8000000:00:?? = -1.13876015E-38
A67F : SBC 33         : A=00 X=03 Y=A5 SP=?? N=0 V=0 D=0 I=0 Z=1 C=1 : FWA 78-7D:F0800000:00:00 = +1.17431641E-01 : FWB BB-02:F8000000:00:?? = -1.13876015E-38
A681 : STA 3F         : A=00 X=03 Y=A5 SP=?? N=0 V=0 D=0 I=0 Z=1 C=1 : FWA 78-7D:F0800000:00:00 = +1.17431641E-01 : FWB BB-02:F8000000:00:?? = -1.13876015E-38
A683 : LDA 3E         : A=00 X=03 Y=A5 SP=?? N=0 V=0 D=0 I=0 Z=1 C=1 : FWA 78-7D:F0800000:00:00 = +1.17431641E-01 : FWB BB-02:F8000000:00:?? = -1.13876015E-38
A685 : SBC 32         : A=80 X=03 Y=A5 SP=?? N=1 V=1 D=0 I=0 Z=0 C=0 : FWA 78-7D:F0800000:00:00 = +1.17431641E-01 : FWB BB-02:F8000000:00:?? = -1.13876015E-38
A687 : STA 3E         : A=80 X=03 Y=A5 SP=?? N=1 V=1 D=0 I=0 Z=0 C=0 : FWA 78-7D:F0800000:00:00 = +1.17431641E-01 : FWB BB-02:F8800000:00:?? = -1.14105604E-38
A689 : TYA            : A=A5 X=03 Y=A5 SP=?? N=1 V=1 D=0 I=0 Z=0 C=0 : FWA 78-7D:F0800000:00:00 = +1.17431641E-01 : FWB BB-02:F8800000:00:?? = -1.14105604E-38
A68A : SBC 31         : A=B4 X=03 Y=A5 SP=?? N=1 V=0 D=0 I=0 Z=0 C=0 : FWA 78-7D:F0800000:00:00 = +1.17431641E-01 : FWB BB-02:F8800000:00:?? = -1.14105604E-38
A68C : SEC            : A=B4 X=03 Y=A5 SP=?? N=1 V=0 D=0 I=0 Z=0 C=1 : FWA 78-7D:F0800000:00:00 = +1.17431641E-01 : FWB BB-02:F8800000:00:?? = -1.14105604E-38
A68D : ROL 3B         : A=B4 X=03 Y=A5 SP=?? N=0 V=0 D=0 I=0 Z=0 C=1 : FWA 78-7D:F0800000:00:00 = +1.17431641E-01 : FWB 77-02:F8800000:00:?? = +1.14105604E-38
A68F : ASL 40         : A=B4 X=03 Y=A5 SP=?? N=0 V=0 D=0 I=0 Z=1 C=0 : FWA 78-7D:F0800000:00:00 = +1.17431641E-01 : FWB 77-02:F8800000:00:?? = +1.14105604E-38
A691 : ROL 3F         : A=B4 X=03 Y=A5 SP=?? N=0 V=0 D=0 I=0 Z=1 C=0 : FWA 78-7D:F0800000:00:00 = +1.17431641E-01 : FWB 77-02:F8800000:00:?? = +1.14105604E-38
A693 : ROL 3E         : A=B4 X=03 Y=A5 SP=?? N=0 V=0 D=0 I=0 Z=1 C=1 : FWA 78-7D:F0800000:00:00 = +1.17431641E-01 : FWB 77-02:F8000000:00:?? = +1.13876015E-38
A695 : ROL A          : A=69 X=03 Y=A5 SP=?? N=0 V=0 D=0 I=0 Z=0 C=1 : FWA 78-7D:F0800000:00:00 = +1.17431641E-01 : FWB 77-02:F8000000:00:?? = +1.13876015E-38
A696 : DEX            : A=69 X=02 Y=A5 SP=?? N=0 V=0 D=0 I=0 Z=0 C=1 : FWA 78-7D:F0800000:00:00 = +1.17431641E-01 : FWB 77-02:F8000000:00:?? = +1.13876015E-38
A697 : BNE A65E       : A=69 X=02 Y=A5 SP=?? N=0 V=0 D=0 I=0 Z=0 C=1 : FWA 78-7D:F0800000:00:00 = +1.17431641E-01 : FWB 77-02:F8000000:00:?? = +1.13876015E-38
A65E : BCS A676       : A=69 X=02 Y=A5 SP=?? N=0 V=0 D=0 I=0 Z=0 C=1 : FWA 78-7D:F0800000:00:00 = +1.17431641E-01 : FWB 77-02:F8000000:00:?? = +1.13876015E-38
A676 : TAY            : A=69 X=02 Y=69 SP=?? N=0 V=0 D=0 I=0 Z=0 C=1 : FWA 78-7D:F0800000:00:00 = +1.17431641E-01 : FWB 77-02:F8000000:00:?? = +1.13876015E-38
A677 : LDA 40         : A=00 X=02 Y=69 SP=?? N=0 V=0 D=0 I=0 Z=1 C=1 : FWA 78-7D:F0800000:00:00 = +1.17431641E-01 : FWB 77-02:F8000000:00:?? = +1.13876015E-38
A679 : SBC 34         : A=00 X=02 Y=69 SP=?? N=0 V=0 D=0 I=0 Z=1 C=1 : FWA 78-7D:F0800000:00:00 = +1.17431641E-01 : FWB 77-02:F8000000:00:?? = +1.13876015E-38
A67B : STA 40         : A=00 X=02 Y=69 SP=?? N=0 V=0 D=0 I=0 Z=1 C=1 : FWA 78-7D:F0800000:00:00 = +1.17431641E-01 : FWB 77-02:F8000000:00:?? = +1.13876015E-38
A67D : LDA 3F         : A=00 X=02 Y=69 SP=?? N=0 V=0 D=0 I=0 Z=1 C=1 : FWA 78-7D:F0800000:00:00 = +1.17431641E-01 : FWB 77-02:F8000000:00:?? = +1.13876015E-38
A67F : SBC 33         : A=00 X=02 Y=69 SP=?? N=0 V=0 D=0 I=0 Z=1 C=1 : FWA 78-7D:F0800000:00:00 = +1.17431641E-01 : FWB 77-02:F8000000:00:?? = +1.13876015E-38
A681 : STA 3F         : A=00 X=02 Y=69 SP=?? N=0 V=0 D=0 I=0 Z=1 C=1 : FWA 78-7D:F0800000:00:00 = +1.17431641E-01 : FWB 77-02:F8000000:00:?? = +1.13876015E-38
A683 : LDA 3E         : A=00 X=02 Y=69 SP=?? N=0 V=0 D=0 I=0 Z=1 C=1 : FWA 78-7D:F0800000:00:00 = +1.17431641E-01 : FWB 77-02:F8000000:00:?? = +1.13876015E-38
A685 : SBC 32         : A=80 X=02 Y=69 SP=?? N=1 V=1 D=0 I=0 Z=0 C=0 : FWA 78-7D:F0800000:00:00 = +1.17431641E-01 : FWB 77-02:F8000000:00:?? = +1.13876015E-38
A687 : STA 3E         : A=80 X=02 Y=69 SP=?? N=1 V=1 D=0 I=0 Z=0 C=0 : FWA 78-7D:F0800000:00:00 = +1.17431641E-01 : FWB 77-02:F8800000:00:?? = +1.14105604E-38
A689 : TYA            : A=69 X=02 Y=69 SP=?? N=0 V=1 D=0 I=0 Z=0 C=0 : FWA 78-7D:F0800000:00:00 = +1.17431641E-01 : FWB 77-02:F8800000:00:?? = +1.14105604E-38
A68A : SBC 31         : A=78 X=02 Y=69 SP=?? N=0 V=0 D=0 I=0 Z=0 C=0 : FWA 78-7D:F0800000:00:00 = +1.17431641E-01 : FWB 77-02:F8800000:00:?? = +1.14105604E-38
A68C : SEC            : A=78 X=02 Y=69 SP=?? N=0 V=0 D=0 I=0 Z=0 C=1 : FWA 78-7D:F0800000:00:00 = +1.17431641E-01 : FWB 77-02:F8800000:00:?? = +1.14105604E-38
A68D : ROL 3B         : A=78 X=02 Y=69 SP=?? N=1 V=0 D=0 I=0 Z=0 C=0 : FWA 78-7D:F0800000:00:00 = +1.17431641E-01 : FWB EF-02:F8800000:00:?? = -1.14105604E-38
A68F : ASL 40         : A=78 X=02 Y=69 SP=?? N=0 V=0 D=0 I=0 Z=1 C=0 : FWA 78-7D:F0800000:00:00 = +1.17431641E-01 : FWB EF-02:F8800000:00:?? = -1.14105604E-38
A691 : ROL 3F         : A=78 X=02 Y=69 SP=?? N=0 V=0 D=0 I=0 Z=1 C=0 : FWA 78-7D:F0800000:00:00 = +1.17431641E-01 : FWB EF-02:F8800000:00:?? = -1.14105604E-38
A693 : ROL 3E         : A=78 X=02 Y=69 SP=?? N=0 V=0 D=0 I=0 Z=1 C=1 : FWA 78-7D:F0800000:00:00 = +1.17431641E-01 : FWB EF-02:F8000000:00:?? = -1.13876015E-38
A695 : ROL A          : A=F1 X=02 Y=69 SP=?? N=1 V=0 D=0 I=0 Z=0 C=0 : FWA 78-7D:F0800000:00:00 = +1.17431641E-01 : FWB EF-02:F8000000:00:?? = -1.13876015E-38
A696 : DEX            : A=F1 X=01 Y=69 SP=?? N=0 V=0 D=0 I=0 Z=0 C=0 : FWA 78-7D:F0800000:00:00 = +1.17431641E-01 : FWB EF-02:F8000000:00:?? = -1.13876015E-38
A697 : BNE A65E       : A=F1 X=01 Y=69 SP=?? N=0 V=0 D=0 I=0 Z=0 C=0 : FWA 78-7D:F0800000:00:00 = +1.17431641E-01 : FWB EF-02:F8000000:00:?? = -1.13876015E-38
A65E : BCS A676       : A=F1 X=01 Y=69 SP=?? N=0 V=0 D=0 I=0 Z=0 C=0 : FWA 78-7D:F0800000:00:00 = +1.17431641E-01 : FWB EF-02:F8000000:00:?? = -1.13876015E-38
A660 : CMP 31         : A=F1 X=01 Y=69 SP=?? N=0 V=0 D=0 I=0 Z=0 C=1 : FWA 78-7D:F0800000:00:00 = +1.17431641E-01 : FWB EF-02:F8000000:00:?? = -1.13876015E-38
A662 : BNE A674       : A=F1 X=01 Y=69 SP=?? N=0 V=0 D=0 I=0 Z=0 C=1 : FWA 78-7D:F0800000:00:00 = +1.17431641E-01 : FWB EF-02:F8000000:00:?? = -1.13876015E-38
A674 : BCC A68D       : A=F1 X=01 Y=69 SP=?? N=0 V=0 D=0 I=0 Z=0 C=1 : FWA 78-7D:F0800000:00:00 = +1.17431641E-01 : FWB EF-02:F8000000:00:?? = -1.13876015E-38
A676 : TAY            : A=F1 X=01 Y=F1 SP=?? N=1 V=0 D=0 I=0 Z=0 C=1 : FWA 78-7D:F0800000:00:00 = +1.17431641E-01 : FWB EF-02:F8000000:00:?? = -1.13876015E-38
A677 : LDA 40         : A=00 X=01 Y=F1 SP=?? N=0 V=0 D=0 I=0 Z=1 C=1 : FWA 78-7D:F0800000:00:00 = +1.17431641E-01 : FWB EF-02:F8000000:00:?? = -1.13876015E-38
A679 : SBC 34         : A=00 X=01 Y=F1 SP=?? N=0 V=0 D=0 I=0 Z=1 C=1 : FWA 78-7D:F0800000:00:00 = +1.17431641E-01 : FWB EF-02:F8000000:00:?? = -1.13876015E-38
A67B : STA 40         : A=00 X=01 Y=F1 SP=?? N=0 V=0 D=0 I=0 Z=1 C=1 : FWA 78-7D:F0800000:00:00 = +1.17431641E-01 : FWB EF-02:F8000000:00:?? = -1.13876015E-38
A67D : LDA 3F         : A=00 X=01 Y=F1 SP=?? N=0 V=0 D=0 I=0 Z=1 C=1 : FWA 78-7D:F0800000:00:00 = +1.17431641E-01 : FWB EF-02:F8000000:00:?? = -1.13876015E-38
A67F : SBC 33         : A=00 X=01 Y=F1 SP=?? N=0 V=0 D=0 I=0 Z=1 C=1 : FWA 78-7D:F0800000:00:00 = +1.17431641E-01 : FWB EF-02:F8000000:00:?? = -1.13876015E-38
A681 : STA 3F         : A=00 X=01 Y=F1 SP=?? N=0 V=0 D=0 I=0 Z=1 C=1 : FWA 78-7D:F0800000:00:00 = +1.17431641E-01 : FWB EF-02:F8000000:00:?? = -1.13876015E-38
A683 : LDA 3E         : A=00 X=01 Y=F1 SP=?? N=0 V=0 D=0 I=0 Z=1 C=1 : FWA 78-7D:F0800000:00:00 = +1.17431641E-01 : FWB EF-02:F8000000:00:?? = -1.13876015E-38
A685 : SBC 32         : A=80 X=01 Y=F1 SP=?? N=1 V=1 D=0 I=0 Z=0 C=0 : FWA 78-7D:F0800000:00:00 = +1.17431641E-01 : FWB EF-02:F8000000:00:?? = -1.13876015E-38
A687 : STA 3E         : A=80 X=01 Y=F1 SP=?? N=1 V=1 D=0 I=0 Z=0 C=0 : FWA 78-7D:F0800000:00:00 = +1.17431641E-01 : FWB EF-02:F8800000:00:?? = -1.14105604E-38
A689 : TYA            : A=F1 X=01 Y=F1 SP=?? N=1 V=1 D=0 I=0 Z=0 C=0 : FWA 78-7D:F0800000:00:00 = +1.17431641E-01 : FWB EF-02:F8800000:00:?? = -1.14105604E-38
A68A : SBC 31         : A=00 X=01 Y=F1 SP=?? N=0 V=0 D=0 I=0 Z=1 C=1 : FWA 78-7D:F0800000:00:00 = +1.17431641E-01 : FWB EF-02:F8800000:00:?? = -1.14105604E-38
A68C : SEC            : A=00 X=01 Y=F1 SP=?? N=0 V=0 D=0 I=0 Z=1 C=1 : FWA 78-7D:F0800000:00:00 = +1.17431641E-01 : FWB EF-02:F8800000:00:?? = -1.14105604E-38
A68D : ROL 3B         : A=00 X=01 Y=F1 SP=?? N=1 V=0 D=0 I=0 Z=0 C=1 : FWA 78-7D:F0800000:00:00 = +1.17431641E-01 : FWB DF-02:F8800000:00:?? = -1.14105604E-38
A68F : ASL 40         : A=00 X=01 Y=F1 SP=?? N=0 V=0 D=0 I=0 Z=1 C=0 : FWA 78-7D:F0800000:00:00 = +1.17431641E-01 : FWB DF-02:F8800000:00:?? = -1.14105604E-38
A691 : ROL 3F         : A=00 X=01 Y=F1 SP=?? N=0 V=0 D=0 I=0 Z=1 C=0 : FWA 78-7D:F0800000:00:00 = +1.17431641E-01 : FWB DF-02:F8800000:00:?? = -1.14105604E-38
A693 : ROL 3E         : A=00 X=01 Y=F1 SP=?? N=0 V=0 D=0 I=0 Z=1 C=1 : FWA 78-7D:F0800000:00:00 = +1.17431641E-01 : FWB DF-02:F8000000:00:?? = -1.13876015E-38
A695 : ROL A          : A=01 X=01 Y=F1 SP=?? N=0 V=0 D=0 I=0 Z=0 C=0 : FWA 78-7D:F0800000:00:00 = +1.17431641E-01 : FWB DF-02:F8000000:00:?? = -1.13876015E-38
A696 : DEX            : A=01 X=00 Y=F1 SP=?? N=0 V=0 D=0 I=0 Z=1 C=0 : FWA 78-7D:F0800000:00:00 = +1.17431641E-01 : FWB DF-02:F8000000:00:?? = -1.13876015E-38
A697 : BNE A65E       : A=01 X=00 Y=F1 SP=?? N=0 V=0 D=0 I=0 Z=1 C=0 : FWA 78-7D:F0800000:00:00 = +1.17431641E-01 : FWB DF-02:F8000000:00:?? = -1.13876015E-38
A699 : LDX 3B         : A=01 X=DF Y=F1 SP=?? N=1 V=0 D=0 I=0 Z=0 C=0 : FWA 78-7D:F0800000:00:00 = +1.17431641E-01 : FWB DF-02:F8000000:00:?? = -1.13876015E-38
A69B : PHX            : A=01 X=DF Y=F1 SP=?? N=1 V=0 D=0 I=0 Z=0 C=0 : FWA 78-7D:F0800000:00:00 = +1.17431641E-01 : FWB DF-02:F8000000:00:?? = -1.13876015E-38
A69C : DEC 3C         : A=01 X=DF Y=F1 SP=?? N=0 V=0 D=0 I=0 Z=0 C=0 : FWA 78-7D:F0800000:00:00 = +1.17431641E-01 : FWB DF-01:F8000000:00:?? = -5.69380076E-39
A69E : BNE A65C       : A=01 X=DF Y=F1 SP=?? N=0 V=0 D=0 I=0 Z=0 C=0 : FWA 78-7D:F0800000:00:00 = +1.17431641E-01 : FWB DF-01:F8000000:00:?? = -5.69380076E-39
A65C : LDX #08        : A=01 X=08 Y=F1 SP=?? N=0 V=0 D=0 I=0 Z=0 C=0 : FWA 78-7D:F0800000:00:00 = +1.17431641E-01 : FWB DF-01:F8000000:00:?? = -5.69380076E-39
A65E : BCS A676       : A=01 X=08 Y=F1 SP=?? N=0 V=0 D=0 I=0 Z=0 C=0 : FWA 78-7D:F0800000:00:00 = +1.17431641E-01 : FWB DF-01:F8000000:00:?? = -5.69380076E-39
A660 : CMP 31         : A=01 X=08 Y=F1 SP=?? N=0 V=0 D=0 I=0 Z=0 C=0 : FWA 78-7D:F0800000:00:00 = +1.17431641E-01 : FWB DF-01:F8000000:00:?? = -5.69380076E-39
A662 : BNE A674       : A=01 X=08 Y=F1 SP=?? N=0 V=0 D=0 I=0 Z=0 C=0 : FWA 78-7D:F0800000:00:00 = +1.17431641E-01 : FWB DF-01:F8000000:00:?? = -5.69380076E-39
A674 : BCC A68D       : A=01 X=08 Y=F1 SP=?? N=0 V=0 D=0 I=0 Z=0 C=0 : FWA 78-7D:F0800000:00:00 = +1.17431641E-01 : FWB DF-01:F8000000:00:?? = -5.69380076E-39
A68D : ROL 3B         : A=01 X=08 Y=F1 SP=?? N=1 V=0 D=0 I=0 Z=0 C=1 : FWA 78-7D:F0800000:00:00 = +1.17431641E-01 : FWB BE-01:F8000000:00:?? = -5.69380076E-39
A68F : ASL 40         : A=01 X=08 Y=F1 SP=?? N=0 V=0 D=0 I=0 Z=1 C=0 : FWA 78-7D:F0800000:00:00 = +1.17431641E-01 : FWB BE-01:F8000000:00:?? = -5.69380076E-39
A691 : ROL 3F         : A=01 X=08 Y=F1 SP=?? N=0 V=0 D=0 I=0 Z=1 C=0 : FWA 78-7D:F0800000:00:00 = +1.17431641E-01 : FWB BE-01:F8000000:00:?? = -5.69380076E-39
A693 : ROL 3E         : A=01 X=08 Y=F1 SP=?? N=0 V=0 D=0 I=0 Z=1 C=0 : FWA 78-7D:F0800000:00:00 = +1.17431641E-01 : FWB BE-01:F8000000:00:?? = -5.69380076E-39
A695 : ROL A          : A=02 X=08 Y=F1 SP=?? N=0 V=0 D=0 I=0 Z=0 C=0 : FWA 78-7D:F0800000:00:00 = +1.17431641E-01 : FWB BE-01:F8000000:00:?? = -5.69380076E-39
A696 : DEX            : A=02 X=07 Y=F1 SP=?? N=0 V=0 D=0 I=0 Z=0 C=0 : FWA 78-7D:F0800000:00:00 = +1.17431641E-01 : FWB BE-01:F8000000:00:?? = -5.69380076E-39
A697 : BNE A65E       : A=02 X=07 Y=F1 SP=?? N=0 V=0 D=0 I=0 Z=0 C=0 : FWA 78-7D:F0800000:00:00 = +1.17431641E-01 : FWB BE-01:F8000000:00:?? = -5.69380076E-39
A65E : BCS A676       : A=02 X=07 Y=F1 SP=?? N=0 V=0 D=0 I=0 Z=0 C=0 : FWA 78-7D:F0800000:00:00 = +1.17431641E-01 : FWB BE-01:F8000000:00:?? = -5.69380076E-39
A660 : CMP 31         : A=02 X=07 Y=F1 SP=?? N=0 V=0 D=0 I=0 Z=0 C=0 : FWA 78-7D:F0800000:00:00 = +1.17431641E-01 : FWB BE-01:F8000000:00:?? = -5.69380076E-39
A662 : BNE A674       : A=02 X=07 Y=F1 SP=?? N=0 V=0 D=0 I=0 Z=0 C=0 : FWA 78-7D:F0800000:00:00 = +1.17431641E-01 : FWB BE-01:F8000000:00:?? = -5.69380076E-39
A674 : BCC A68D       : A=02 X=07 Y=F1 SP=?? N=0 V=0 D=0 I=0 Z=0 C=0 : FWA 78-7D:F0800000:00:00 = +1.17431641E-01 : FWB BE-01:F8000000:00:?? = -5.69380076E-39
A68D : ROL 3B         : A=02 X=07 Y=F1 SP=?? N=0 V=0 D=0 I=0 Z=0 C=1 : FWA 78-7D:F0800000:00:00 = +1.17431641E-01 : FWB 7C-01:F8000000:00:?? = +5.69380076E-39
A68F : ASL 40         : A=02 X=07 Y=F1 SP=?? N=0 V=0 D=0 I=0 Z=1 C=0 : FWA 78-7D:F0800000:00:00 = +1.17431641E-01 : FWB 7C-01:F8000000:00:?? = +5.69380076E-39
A691 : ROL 3F         : A=02 X=07 Y=F1 SP=?? N=0 V=0 D=0 I=0 Z=1 C=0 : FWA 78-7D:F0800000:00:00 = +1.17431641E-01 : FWB 7C-01:F8000000:00:?? = +5.69380076E-39
A693 : ROL 3E         : A=02 X=07 Y=F1 SP=?? N=0 V=0 D=0 I=0 Z=1 C=0 : FWA 78-7D:F0800000:00:00 = +1.17431641E-01 : FWB 7C-01:F8000000:00:?? = +5.69380076E-39
A695 : ROL A          : A=04 X=07 Y=F1 SP=?? N=0 V=0 D=0 I=0 Z=0 C=0 : FWA 78-7D:F0800000:00:00 = +1.17431641E-01 : FWB 7C-01:F8000000:00:?? = +5.69380076E-39
A696 : DEX            : A=04 X=06 Y=F1 SP=?? N=0 V=0 D=0 I=0 Z=0 C=0 : FWA 78-7D:F0800000:00:00 = +1.17431641E-01 : FWB 7C-01:F8000000:00:?? = +5.69380076E-39
A697 : BNE A65E       : A=04 X=06 Y=F1 SP=?? N=0 V=0 D=0 I=0 Z=0 C=0 : FWA 78-7D:F0800000:00:00 = +1.17431641E-01 : FWB 7C-01:F8000000:00:?? = +5.69380076E-39
A65E : BCS A676       : A=04 X=06 Y=F1 SP=?? N=0 V=0 D=0 I=0 Z=0 C=0 : FWA 78-7D:F0800000:00:00 = +1.17431641E-01 : FWB 7C-01:F8000000:00:?? = +5.69380076E-39
A660 : CMP 31         : A=04 X=06 Y=F1 SP=?? N=0 V=0 D=0 I=0 Z=0 C=0 : FWA 78-7D:F0800000:00:00 = +1.17431641E-01 : FWB 7C-01:F8000000:00:?? = +5.69380076E-39
A662 : BNE A674       : A=04 X=06 Y=F1 SP=?? N=0 V=0 D=0 I=0 Z=0 C=0 : FWA 78-7D:F0800000:00:00 = +1.17431641E-01 : FWB 7C-01:F8000000:00:?? = +5.69380076E-39
A674 : BCC A68D       : A=04 X=06 Y=F1 SP=?? N=0 V=0 D=0 I=0 Z=0 C=0 : FWA 78-7D:F0800000:00:00 = +1.17431641E-01 : FWB 7C-01:F8000000:00:?? = +5.69380076E-39
A68D : ROL 3B         : A=04 X=06 Y=F1 SP=?? N=1 V=0 D=0 I=0 Z=0 C=0 : FWA 78-7D:F0800000:00:00 = +1.17431641E-01 : FWB F8-01:F8000000:00:?? = -5.69380076E-39
A68F : ASL 40         : A=04 X=06 Y=F1 SP=?? N=0 V=0 D=0 I=0 Z=1 C=0 : FWA 78-7D:F0800000:00:00 = +1.17431641E-01 : FWB F8-01:F8000000:00:?? = -5.69380076E-39
A691 : ROL 3F         : A=04 X=06 Y=F1 SP=?? N=0 V=0 D=0 I=0 Z=1 C=0 : FWA 78-7D:F0800000:00:00 = +1.17431641E-01 : FWB F8-01:F8000000:00:?? = -5.69380076E-39
A693 : ROL 3E         : A=04 X=06 Y=F1 SP=?? N=0 V=0 D=0 I=0 Z=1 C=0 : FWA 78-7D:F0800000:00:00 = +1.17431641E-01 : FWB F8-01:F8000000:00:?? = -5.69380076E-39
A695 : ROL A          : A=08 X=06 Y=F1 SP=?? N=0 V=0 D=0 I=0 Z=0 C=0 : FWA 78-7D:F0800000:00:00 = +1.17431641E-01 : FWB F8-01:F8000000:00:?? = -5.69380076E-39
A696 : DEX            : A=08 X=05 Y=F1 SP=?? N=0 V=0 D=0 I=0 Z=0 C=0 : FWA 78-7D:F0800000:00:00 = +1.17431641E-01 : FWB F8-01:F8000000:00:?? = -5.69380076E-39
A697 : BNE A65E       : A=08 X=05 Y=F1 SP=?? N=0 V=0 D=0 I=0 Z=0 C=0 : FWA 78-7D:F0800000:00:00 = +1.17431641E-01 : FWB F8-01:F8000000:00:?? = -5.69380076E-39
A65E : BCS A676       : A=08 X=05 Y=F1 SP=?? N=0 V=0 D=0 I=0 Z=0 C=0 : FWA 78-7D:F0800000:00:00 = +1.17431641E-01 : FWB F8-01:F8000000:00:?? = -5.69380076E-39
A660 : CMP 31         : A=08 X=05 Y=F1 SP=?? N=0 V=0 D=0 I=0 Z=0 C=0 : FWA 78-7D:F0800000:00:00 = +1.17431641E-01 : FWB F8-01:F8000000:00:?? = -5.69380076E-39
A662 : BNE A674       : A=08 X=05 Y=F1 SP=?? N=0 V=0 D=0 I=0 Z=0 C=0 : FWA 78-7D:F0800000:00:00 = +1.17431641E-01 : FWB F8-01:F8000000:00:?? = -5.69380076E-39
A674 : BCC A68D       : A=08 X=05 Y=F1 SP=?? N=0 V=0 D=0 I=0 Z=0 C=0 : FWA 78-7D:F0800000:00:00 = +1.17431641E-01 : FWB F8-01:F8000000:00:?? = -5.69380076E-39
A68D : ROL 3B         : A=08 X=05 Y=F1 SP=?? N=1 V=0 D=0 I=0 Z=0 C=1 : FWA 78-7D:F0800000:00:00 = +1.17431641E-01 : FWB F0-01:F8000000:00:?? = -5.69380076E-39
A68F : ASL 40         : A=08 X=05 Y=F1 SP=?? N=0 V=0 D=0 I=0 Z=1 C=0 : FWA 78-7D:F0800000:00:00 = +1.17431641E-01 : FWB F0-01:F8000000:00:?? = -5.69380076E-39
A691 : ROL 3F         : A=08 X=05 Y=F1 SP=?? N=0 V=0 D=0 I=0 Z=1 C=0 : FWA 78-7D:F0800000:00:00 = +1.17431641E-01 : FWB F0-01:F8000000:00:?? = -5.69380076E-39
A693 : ROL 3E         : A=08 X=05 Y=F1 SP=?? N=0 V=0 D=0 I=0 Z=1 C=0 : FWA 78-7D:F0800000:00:00 = +1.17431641E-01 : FWB F0-01:F8000000:00:?? = -5.69380076E-39
A695 : ROL A          : A=10 X=05 Y=F1 SP=?? N=0 V=0 D=0 I=0 Z=0 C=0 : FWA 78-7D:F0800000:00:00 = +1.17431641E-01 : FWB F0-01:F8000000:00:?? = -5.69380076E-39
A696 : DEX            : A=10 X=04 Y=F1 SP=?? N=0 V=0 D=0 I=0 Z=0 C=0 : FWA 78-7D:F0800000:00:00 = +1.17431641E-01 : FWB F0-01:F8000000:00:?? = -5.69380076E-39
A697 : BNE A65E       : A=10 X=04 Y=F1 SP=?? N=0 V=0 D=0 I=0 Z=0 C=0 : FWA 78-7D:F0800000:00:00 = +1.17431641E-01 : FWB F0-01:F8000000:00:?? = -5.69380076E-39
A65E : BCS A676       : A=10 X=04 Y=F1 SP=?? N=0 V=0 D=0 I=0 Z=0 C=0 : FWA 78-7D:F0800000:00:00 = +1.17431641E-01 : FWB F0-01:F8000000:00:?? = -5.69380076E-39
A660 : CMP 31         : A=10 X=04 Y=F1 SP=?? N=0 V=0 D=0 I=0 Z=0 C=0 : FWA 78-7D:F0800000:00:00 = +1.17431641E-01 : FWB F0-01:F8000000:00:?? = -5.69380076E-39
A662 : BNE A674       : A=10 X=04 Y=F1 SP=?? N=0 V=0 D=0 I=0 Z=0 C=0 : FWA 78-7D:F0800000:00:00 = +1.17431641E-01 : FWB F0-01:F8000000:00:?? = -5.69380076E-39
A674 : BCC A68D       : A=10 X=04 Y=F1 SP=?? N=0 V=0 D=0 I=0 Z=0 C=0 : FWA 78-7D:F0800000:00:00 = +1.17431641E-01 : FWB F0-01:F8000000:00:?? = -5.69380076E-39
A68D : ROL 3B         : A=10 X=04 Y=F1 SP=?? N=1 V=0 D=0 I=0 Z=0 C=1 : FWA 78-7D:F0800000:00:00 = +1.17431641E-01 : FWB E0-01:F8000000:00:?? = -5.69380076E-39
A68F : ASL 40         : A=10 X=04 Y=F1 SP=?? N=0 V=0 D=0 I=0 Z=1 C=0 : FWA 78-7D:F0800000:00:00 = +1.17431641E-01 : FWB E0-01:F8000000:00:?? = -5.69380076E-39
A691 : ROL 3F         : A=10 X=04 Y=F1 SP=?? N=0 V=0 D=0 I=0 Z=1 C=0 : FWA 78-7D:F0800000:00:00 = +1.17431641E-01 : FWB E0-01:F8000000:00:?? = -5.69380076E-39
A693 : ROL 3E         : A=10 X=04 Y=F1 SP=?? N=0 V=0 D=0 I=0 Z=1 C=0 : FWA 78-7D:F0800000:00:00 = +1.17431641E-01 : FWB E0-01:F8000000:00:?? = -5.69380076E-39
A695 : ROL A          : A=20 X=04 Y=F1 SP=?? N=0 V=0 D=0 I=0 Z=0 C=0 : FWA 78-7D:F0800000:00:00 = +1.17431641E-01 : FWB E0-01:F8000000:00:?? = -5.69380076E-39
A696 : DEX            : A=20 X=03 Y=F1 SP=?? N=0 V=0 D=0 I=0 Z=0 C=0 : FWA 78-7D:F0800000:00:00 = +1.17431641E-01 : FWB E0-01:F8000000:00:?? = -5.69380076E-39
A697 : BNE A65E       : A=20 X=03 Y=F1 SP=?? N=0 V=0 D=0 I=0 Z=0 C=0 : FWA 78-7D:F0800000:00:00 = +1.17431641E-01 : FWB E0-01:F8000000:00:?? = -5.69380076E-39
A65E : BCS A676       : A=20 X=03 Y=F1 SP=?? N=0 V=0 D=0 I=0 Z=0 C=0 : FWA 78-7D:F0800000:00:00 = +1.17431641E-01 : FWB E0-01:F8000000:00:?? = -5.69380076E-39
A660 : CMP 31         : A=20 X=03 Y=F1 SP=?? N=0 V=0 D=0 I=0 Z=0 C=0 : FWA 78-7D:F0800000:00:00 = +1.17431641E-01 : FWB E0-01:F8000000:00:?? = -5.69380076E-39
A662 : BNE A674       : A=20 X=03 Y=F1 SP=?? N=0 V=0 D=0 I=0 Z=0 C=0 : FWA 78-7D:F0800000:00:00 = +1.17431641E-01 : FWB E0-01:F8000000:00:?? = -5.69380076E-39
A674 : BCC A68D       : A=20 X=03 Y=F1 SP=?? N=0 V=0 D=0 I=0 Z=0 C=0 : FWA 78-7D:F0800000:00:00 = +1.17431641E-01 : FWB E0-01:F8000000:00:?? = -5.69380076E-39
A68D : ROL 3B         : A=20 X=03 Y=F1 SP=?? N=1 V=0 D=0 I=0 Z=0 C=1 : FWA 78-7D:F0800000:00:00 = +1.17431641E-01 : FWB C0-01:F8000000:00:?? = -5.69380076E-39
A68F : ASL 40         : A=20 X=03 Y=F1 SP=?? N=0 V=0 D=0 I=0 Z=1 C=0 : FWA 78-7D:F0800000:00:00 = +1.17431641E-01 : FWB C0-01:F8000000:00:?? = -5.69380076E-39
A691 : ROL 3F         : A=20 X=03 Y=F1 SP=?? N=0 V=0 D=0 I=0 Z=1 C=0 : FWA 78-7D:F0800000:00:00 = +1.17431641E-01 : FWB C0-01:F8000000:00:?? = -5.69380076E-39
A693 : ROL 3E         : A=20 X=03 Y=F1 SP=?? N=0 V=0 D=0 I=0 Z=1 C=0 : FWA 78-7D:F0800000:00:00 = +1.17431641E-01 : FWB C0-01:F8000000:00:?? = -5.69380076E-39
A695 : ROL A          : A=40 X=03 Y=F1 SP=?? N=0 V=0 D=0 I=0 Z=0 C=0 : FWA 78-7D:F0800000:00:00 = +1.17431641E-01 : FWB C0-01:F8000000:00:?? = -5.69380076E-39
A696 : DEX            : A=40 X=02 Y=F1 SP=?? N=0 V=0 D=0 I=0 Z=0 C=0 : FWA 78-7D:F0800000:00:00 = +1.17431641E-01 : FWB C0-01:F8000000:00:?? = -5.69380076E-39
A697 : BNE A65E       : A=40 X=02 Y=F1 SP=?? N=0 V=0 D=0 I=0 Z=0 C=0 : FWA 78-7D:F0800000:00:00 = +1.17431641E-01 : FWB C0-01:F8000000:00:?? = -5.69380076E-39
A65E : BCS A676       : A=40 X=02 Y=F1 SP=?? N=0 V=0 D=0 I=0 Z=0 C=0 : FWA 78-7D:F0800000:00:00 = +1.17431641E-01 : FWB C0-01:F8000000:00:?? = -5.69380076E-39
A660 : CMP 31         : A=40 X=02 Y=F1 SP=?? N=0 V=0 D=0 I=0 Z=0 C=0 : FWA 78-7D:F0800000:00:00 = +1.17431641E-01 : FWB C0-01:F8000000:00:?? = -5.69380076E-39
A662 : BNE A674       : A=40 X=02 Y=F1 SP=?? N=0 V=0 D=0 I=0 Z=0 C=0 : FWA 78-7D:F0800000:00:00 = +1.17431641E-01 : FWB C0-01:F8000000:00:?? = -5.69380076E-39
A674 : BCC A68D       : A=40 X=02 Y=F1 SP=?? N=0 V=0 D=0 I=0 Z=0 C=0 : FWA 78-7D:F0800000:00:00 = +1.17431641E-01 : FWB C0-01:F8000000:00:?? = -5.69380076E-39
A68D : ROL 3B         : A=40 X=02 Y=F1 SP=?? N=1 V=0 D=0 I=0 Z=0 C=1 : FWA 78-7D:F0800000:00:00 = +1.17431641E-01 : FWB 80-01:F8000000:00:?? = -5.69380076E-39
A68F : ASL 40         : A=40 X=02 Y=F1 SP=?? N=0 V=0 D=0 I=0 Z=1 C=0 : FWA 78-7D:F0800000:00:00 = +1.17431641E-01 : FWB 80-01:F8000000:00:?? = -5.69380076E-39
A691 : ROL 3F         : A=40 X=02 Y=F1 SP=?? N=0 V=0 D=0 I=0 Z=1 C=0 : FWA 78-7D:F0800000:00:00 = +1.17431641E-01 : FWB 80-01:F8000000:00:?? = -5.69380076E-39
A693 : ROL 3E         : A=40 X=02 Y=F1 SP=?? N=0 V=0 D=0 I=0 Z=1 C=0 : FWA 78-7D:F0800000:00:00 = +1.17431641E-01 : FWB 80-01:F8000000:00:?? = -5.69380076E-39
A695 : ROL A          : A=80 X=02 Y=F1 SP=?? N=1 V=0 D=0 I=0 Z=0 C=0 : FWA 78-7D:F0800000:00:00 = +1.17431641E-01 : FWB 80-01:F8000000:00:?? = -5.69380076E-39
A696 : DEX            : A=80 X=01 Y=F1 SP=?? N=0 V=0 D=0 I=0 Z=0 C=0 : FWA 78-7D:F0800000:00:00 = +1.17431641E-01 : FWB 80-01:F8000000:00:?? = -5.69380076E-39
A697 : BNE A65E       : A=80 X=01 Y=F1 SP=?? N=0 V=0 D=0 I=0 Z=0 C=0 : FWA 78-7D:F0800000:00:00 = +1.17431641E-01 : FWB 80-01:F8000000:00:?? = -5.69380076E-39
A65E : BCS A676       : A=80 X=01 Y=F1 SP=?? N=0 V=0 D=0 I=0 Z=0 C=0 : FWA 78-7D:F0800000:00:00 = +1.17431641E-01 : FWB 80-01:F8000000:00:?? = -5.69380076E-39
A660 : CMP 31         : A=80 X=01 Y=F1 SP=?? N=1 V=0 D=0 I=0 Z=0 C=0 : FWA 78-7D:F0800000:00:00 = +1.17431641E-01 : FWB 80-01:F8000000:00:?? = -5.69380076E-39
A662 : BNE A674       : A=80 X=01 Y=F1 SP=?? N=1 V=0 D=0 I=0 Z=0 C=0 : FWA 78-7D:F0800000:00:00 = +1.17431641E-01 : FWB 80-01:F8000000:00:?? = -5.69380076E-39
A674 : BCC A68D       : A=80 X=01 Y=F1 SP=?? N=1 V=0 D=0 I=0 Z=0 C=0 : FWA 78-7D:F0800000:00:00 = +1.17431641E-01 : FWB 80-01:F8000000:00:?? = -5.69380076E-39
A68D : ROL 3B         : A=80 X=01 Y=F1 SP=?? N=0 V=0 D=0 I=0 Z=1 C=1 : FWA 78-7D:F0800000:00:00 = +1.17431641E-01 : FWB 00-01:F8000000:00:?? = +5.69380076E-39
A68F : ASL 40         : A=80 X=01 Y=F1 SP=?? N=0 V=0 D=0 I=0 Z=1 C=0 : FWA 78-7D:F0800000:00:00 = +1.17431641E-01 : FWB 00-01:F8000000:00:?? = +5.69380076E-39
A691 : ROL 3F         : A=80 X=01 Y=F1 SP=?? N=0 V=0 D=0 I=0 Z=1 C=0 : FWA 78-7D:F0800000:00:00 = +1.17431641E-01 : FWB 00-01:F8000000:00:?? = +5.69380076E-39
A693 : ROL 3E         : A=80 X=01 Y=F1 SP=?? N=0 V=0 D=0 I=0 Z=1 C=0 : FWA 78-7D:F0800000:00:00 = +1.17431641E-01 : FWB 00-01:F8000000:00:?? = +5.69380076E-39
A695 : ROL A          : A=00 X=01 Y=F1 SP=?? N=0 V=0 D=0 I=0 Z=1 C=1 : FWA 78-7D:F0800000:00:00 = +1.17431641E-01 : FWB 00-01:F8000000:00:?? = +5.69380076E-39
A696 : DEX            : A=00 X=00 Y=F1 SP=?? N=0 V=0 D=0 I=0 Z=1 C=1 : FWA 78-7D:F0800000:00:00 = +1.17431641E-01 : FWB 00-01:F8000000:00:?? = +5.69380076E-39
A697 : BNE A65E       : A=00 X=00 Y=F1 SP=?? N=0 V=0 D=0 I=0 Z=1 C=1 : FWA 78-7D:F0800000:00:00 = +1.17431641E-01 : FWB 00-01:F8000000:00:?? = +5.69380076E-39
A699 : LDX 3B         : A=00 X=00 Y=F1 SP=?? N=0 V=0 D=0 I=0 Z=1 C=1 : FWA 78-7D:F0800000:00:00 = +1.17431641E-01 : FWB 00-01:F8000000:00:?? = +5.69380076E-39
A69B : PHX            : A=00 X=00 Y=F1 SP=?? N=0 V=0 D=0 I=0 Z=1 C=1 : FWA 78-7D:F0800000:00:00 = +1.17431641E-01 : FWB 00-01:F8000000:00:?? = +5.69380076E-39
A69C : DEC 3C         : A=00 X=00 Y=F1 SP=?? N=0 V=0 D=0 I=0 Z=1 C=1 : FWA 78-7D:F0800000:00:00 = +1.17431641E-01 : FWB 00-00:F8000000:00:?? = +2.84690038E-39
A69E : BNE A65C       : A=00 X=00 Y=F1 SP=?? N=0 V=0 D=0 I=0 Z=1 C=1 : FWA 78-7D:F0800000:00:00 = +1.17431641E-01 : FWB 00-00:F8000000:00:?? = +2.84690038E-39
A6A0 : PLX            : A=00 X=00 Y=F1 SP=?? N=0 V=0 D=0 I=0 Z=1 C=1 : FWA 78-7D:F0800000:00:00 = +1.17431641E-01 : FWB 00-00:F8000000:00:?? = +2.84690038E-39
A6A1 : ROR A          : A=80 X=00 Y=F1 SP=?? N=1 V=0 D=0 I=0 Z=0 C=0 : FWA 78-7D:F0800000:00:00 = +1.17431641E-01 : FWB 00-00:F8000000:00:?? = +2.84690038E-39
A6A2 : LSR 31         : A=80 X=00 Y=F1 SP=?? N=0 V=0 D=0 I=0 Z=0 C=0 : FWA 78-7D:78800000:00:00 = +5.88378906E-02 : FWB 00-00:F8000000:00:?? = +2.84690038E-39
A6A4 : STX 34         : A=80 X=00 Y=F1 SP=?? N=0 V=0 D=0 I=0 Z=0 C=0 : FWA 78-7D:78800000:00:00 = +5.88378906E-02 : FWB 00-00:F8000000:00:?? = +2.84690038E-39
A6A6 : LDX #03        : A=80 X=03 Y=F1 SP=?? N=0 V=0 D=0 I=0 Z=0 C=0 : FWA 78-7D:78800000:00:00 = +5.88378906E-02 : FWB 00-00:F8000000:00:?? = +2.84690038E-39
A6A8 : CMP 31         : A=80 X=03 Y=F1 SP=?? N=0 V=0 D=0 I=0 Z=0 C=1 : FWA 78-7D:78800000:00:00 = +5.88378906E-02 : FWB 00-00:F8000000:00:?? = +2.84690038E-39
A6AA : BCC A6AE       : A=80 X=03 Y=F1 SP=?? N=0 V=0 D=0 I=0 Z=0 C=1 : FWA 78-7D:78800000:00:00 = +5.88378906E-02 : FWB 00-00:F8000000:00:?? = +2.84690038E-39
A6AC : SBC 31         : A=08 X=03 Y=F1 SP=?? N=0 V=1 D=0 I=0 Z=0 C=1 : FWA 78-7D:78800000:00:00 = +5.88378906E-02 : FWB 00-00:F8000000:00:?? = +2.84690038E-39
A6AE : PHP            : A=08 X=03 Y=F1 SP=?? N=0 V=1 D=0 I=0 Z=0 C=1 : FWA 78-7D:78800000:00:00 = +5.88378906E-02 : FWB 00-00:F8000000:00:?? = +2.84690038E-39
A6AF : ASL A          : A=10 X=03 Y=F1 SP=?? N=0 V=1 D=0 I=0 Z=0 C=0 : FWA 78-7D:78800000:00:00 = +5.88378906E-02 : FWB 00-00:F8000000:00:?? = +2.84690038E-39
A6B0 : DEX            : A=10 X=02 Y=F1 SP=?? N=0 V=1 D=0 I=0 Z=0 C=0 : FWA 78-7D:78800000:00:00 = +5.88378906E-02 : FWB 00-00:F8000000:00:?? = +2.84690038E-39
A6B1 : BNE A6A8       : A=10 X=02 Y=F1 SP=?? N=0 V=1 D=0 I=0 Z=0 C=0 : FWA 78-7D:78800000:00:00 = +5.88378906E-02 : FWB 00-00:F8000000:00:?? = +2.84690038E-39
A6A8 : CMP 31         : A=10 X=02 Y=F1 SP=?? N=1 V=1 D=0 I=0 Z=0 C=0 : FWA 78-7D:78800000:00:00 = +5.88378906E-02 : FWB 00-00:F8000000:00:?? = +2.84690038E-39
A6AA : BCC A6AE       : A=10 X=02 Y=F1 SP=?? N=1 V=1 D=0 I=0 Z=0 C=0 : FWA 78-7D:78800000:00:00 = +5.88378906E-02 : FWB 00-00:F8000000:00:?? = +2.84690038E-39
A6AE : PHP            : A=10 X=02 Y=F1 SP=?? N=1 V=1 D=0 I=0 Z=0 C=0 : FWA 78-7D:78800000:00:00 = +5.88378906E-02 : FWB 00-00:F8000000:00:?? = +2.84690038E-39
A6AF : ASL A          : A=20 X=02 Y=F1 SP=?? N=0 V=1 D=0 I=0 Z=0 C=0 : FWA 78-7D:78800000:00:00 = +5.88378906E-02 : FWB 00-00:F8000000:00:?? = +2.84690038E-39
A6B0 : DEX            : A=20 X=01 Y=F1 SP=?? N=0 V=1 D=0 I=0 Z=0 C=0 : FWA 78-7D:78800000:00:00 = +5.88378906E-02 : FWB 00-00:F8000000:00:?? = +2.84690038E-39
A6B1 : BNE A6A8       : A=20 X=01 Y=F1 SP=?? N=0 V=1 D=0 I=0 Z=0 C=0 : FWA 78-7D:78800000:00:00 = +5.88378906E-02 : FWB 00-00:F8000000:00:?? = +2.84690038E-39
A6A8 : CMP 31         : A=20 X=01 Y=F1 SP=?? N=1 V=1 D=0 I=0 Z=0 C=0 : FWA 78-7D:78800000:00:00 = +5.88378906E-02 : FWB 00-00:F8000000:00:?? = +2.84690038E-39
A6AA : BCC A6AE       : A=20 X=01 Y=F1 SP=?? N=1 V=1 D=0 I=0 Z=0 C=0 : FWA 78-7D:78800000:00:00 = +5.88378906E-02 : FWB 00-00:F8000000:00:?? = +2.84690038E-39
A6AE : PHP            : A=20 X=01 Y=F1 SP=?? N=1 V=1 D=0 I=0 Z=0 C=0 : FWA 78-7D:78800000:00:00 = +5.88378906E-02 : FWB 00-00:F8000000:00:?? = +2.84690038E-39
A6AF : ASL A          : A=40 X=01 Y=F1 SP=?? N=0 V=1 D=0 I=0 Z=0 C=0 : FWA 78-7D:78800000:00:00 = +5.88378906E-02 : FWB 00-00:F8000000:00:?? = +2.84690038E-39
A6B0 : DEX            : A=40 X=00 Y=F1 SP=?? N=0 V=1 D=0 I=0 Z=1 C=0 : FWA 78-7D:78800000:00:00 = +5.88378906E-02 : FWB 00-00:F8000000:00:?? = +2.84690038E-39
A6B1 : BNE A6A8       : A=40 X=00 Y=F1 SP=?? N=0 V=1 D=0 I=0 Z=1 C=0 : FWA 78-7D:78800000:00:00 = +5.88378906E-02 : FWB 00-00:F8000000:00:?? = +2.84690038E-39
A6B3 : PLP            : A=40 X=00 Y=F1 SP=?? N=1 V=1 D=0 I=0 Z=0 C=0 : FWA 78-7D:78800000:00:00 = +5.88378906E-02 : FWB 00-00:F8000000:00:?? = +2.84690038E-39
A6B4 : ROR A          : A=20 X=00 Y=F1 SP=?? N=0 V=1 D=0 I=0 Z=0 C=0 : FWA 78-7D:78800000:00:00 = +5.88378906E-02 : FWB 00-00:F8000000:00:?? = +2.84690038E-39
A6B5 : PLP            : A=20 X=00 Y=F1 SP=?? N=1 V=1 D=0 I=0 Z=0 C=0 : FWA 78-7D:78800000:00:00 = +5.88378906E-02 : FWB 00-00:F8000000:00:?? = +2.84690038E-39
A6B6 : ROR A          : A=10 X=00 Y=F1 SP=?? N=0 V=1 D=0 I=0 Z=0 C=0 : FWA 78-7D:78800000:00:00 = +5.88378906E-02 : FWB 00-00:F8000000:00:?? = +2.84690038E-39
A6B7 : PLP            : A=10 X=00 Y=F1 SP=?? N=0 V=1 D=0 I=0 Z=0 C=1 : FWA 78-7D:78800000:00:00 = +5.88378906E-02 : FWB 00-00:F8000000:00:?? = +2.84690038E-39
A6B8 : ROR A          : A=88 X=00 Y=F1 SP=?? N=1 V=1 D=0 I=0 Z=0 C=0 : FWA 78-7D:78800000:00:00 = +5.88378906E-02 : FWB 00-00:F8000000:00:?? = +2.84690038E-39
A6B9 : STA 35         : A=88 X=00 Y=F1 SP=?? N=1 V=1 D=0 I=0 Z=0 C=0 : FWA 78-7D:78800000:88:00 = +5.88378906E-02 : FWB 00-00:F8000000:00:?? = +2.84690038E-39
A6BB : PLA            : A=DF X=00 Y=F1 SP=?? N=1 V=1 D=0 I=0 Z=0 C=0 : FWA 78-7D:78800000:88:00 = +5.88378906E-02 : FWB 00-00:F8000000:00:?? = +2.84690038E-39
A6BC : STA 33         : A=DF X=00 Y=F1 SP=?? N=1 V=1 D=0 I=0 Z=0 C=0 : FWA 78-7D:7880DF00:88:00 = +5.88395521E-02 : FWB 00-00:F8000000:00:?? = +2.84690038E-39
A6BE : PLA            : A=FD X=00 Y=F1 SP=?? N=1 V=1 D=0 I=0 Z=0 C=0 : FWA 78-7D:7880DF00:88:00 = +5.88395521E-02 : FWB 00-00:F8000000:00:?? = +2.84690038E-39
A6BF : STA 32         : A=FD X=00 Y=F1 SP=?? N=1 V=1 D=0 I=0 Z=0 C=0 : FWA 78-7D:78FDDF00:88:00 = +5.90779707E-02 : FWB 00-00:F8000000:00:?? = +2.84690038E-39
A6C1 : PLA            : A=83 X=00 Y=F1 SP=?? N=1 V=1 D=0 I=0 Z=0 C=0 : FWA 78-7D:78FDDF00:88:00 = +5.90779707E-02 : FWB 00-00:F8000000:00:?? = +2.84690038E-39
A6C2 : STA 31         : A=83 X=00 Y=F1 SP=?? N=1 V=1 D=0 I=0 Z=0 C=0 : FWA 78-7D:83FDDF00:88:00 = +6.44490644E-02 : FWB 00-00:F8000000:00:?? = +2.84690038E-39
A6C4 : BMI A712       : A=83 X=00 Y=F1 SP=?? N=1 V=1 D=0 I=0 Z=0 C=0 : FWA 78-7D:83FDDF00:88:00 = +6.44490644E-02 : FWB 00-00:F8000000:00:?? = +2.84690038E-39
A712 : LDA 35         : A=88 X=00 Y=F1 SP=?? N=1 V=1 D=0 I=0 Z=0 C=0 : FWA 78-7D:83FDDF00:88:00 = +6.44490644E-02 : FWB 00-00:F8000000:00:?? = +2.84690038E-39
A714 : BPL A725       : A=88 X=00 Y=F1 SP=?? N=1 V=1 D=0 I=0 Z=0 C=0 : FWA 78-7D:83FDDF00:88:00 = +6.44490644E-02 : FWB 00-00:F8000000:00:?? = +2.84690038E-39
A716 : ASL A          : A=10 X=00 Y=F1 SP=?? N=0 V=1 D=0 I=0 Z=0 C=1 : FWA 78-7D:83FDDF00:88:00 = +6.44490644E-02 : FWB 00-00:F8000000:00:?? = +2.84690038E-39
A717 : BNE A71E       : A=10 X=00 Y=F1 SP=?? N=0 V=1 D=0 I=0 Z=0 C=1 : FWA 78-7D:83FDDF00:88:00 = +6.44490644E-02 : FWB 00-00:F8000000:00:?? = +2.84690038E-39
A71E : INC 34         : A=10 X=00 Y=F1 SP=?? N=0 V=1 D=0 I=0 Z=0 C=1 : FWA 78-7D:83FDDF01:88:00 = +6.44490645E-02 : FWB 00-00:F8000000:00:?? = +2.84690038E-39
A720 : BNE A725       : A=10 X=00 Y=F1 SP=?? N=0 V=1 D=0 I=0 Z=0 C=1 : FWA 78-7D:83FDDF01:88:00 = +6.44490645E-02 : FWB 00-00:F8000000:00:?? = +2.84690038E-39
A725 : LDA 2F         : A=00 X=00 Y=F1 SP=?? N=0 V=1 D=0 I=0 Z=1 C=1 : FWA 78-7D:83FDDF01:88:00 = +6.44490645E-02 : FWB 00-00:F8000000:00:?? = +2.84690038E-39
A727 : BEQ A739       : A=00 X=00 Y=F1 SP=?? N=0 V=1 D=0 I=0 Z=1 C=1 : FWA 78-7D:83FDDF01:88:00 = +6.44490645E-02 : FWB 00-00:F8000000:00:?? = +2.84690038E-39
A739 : STZ 35         : A=00 X=00 Y=F1 SP=?? N=0 V=1 D=0 I=0 Z=1 C=1 : FWA 78-7D:83FDDF01:00:00 = +6.44490645E-02 : FWB 00-00:F8000000:00:?? = +2.84690038E-39
A73B : LDA #FF        : A=FF X=00 Y=F1 SP=?? N=1 V=1 D=0 I=0 Z=0 C=1 : FWA 78-7D:83FDDF01:00:00 = +6.44490645E-02 : FWB 00-00:F8000000:00:?? = +2.84690038E-39
A73D : RTS            : A=FF X=00 Y=F1 SP=?? N=1 V=1 D=0 I=0 Z=0 C=1 : FWA 78-7D:83FDDF01:00:00 = +6.44490645E-02 : FWB 00-00:F8000000:00:?? = +2.84690038E-39
A7E1 : LDA 30         : A=7D X=00 Y=F1 SP=?? N=0 V=1 D=0 I=0 Z=0 C=1 : FWA 78-7D:83FDDF01:00:00 = +6.44490645E-02 : FWB 00-00:F8000000:00:?? = +2.84690038E-39
A7E3 : BEQ A7EF       : A=7D X=00 Y=F1 SP=?? N=0 V=1 D=0 I=0 Z=0 C=1 : FWA 78-7D:83FDDF01:00:00 = +6.44490645E-02 : FWB 00-00:F8000000:00:?? = +2.84690038E-39
A7E5 : CMP #6E        : A=7D X=00 Y=F1 SP=?? N=0 V=1 D=0 I=0 Z=0 C=1 : FWA 78-7D:83FDDF01:00:00 = +6.44490645E-02 : FWB 00-00:F8000000:00:?? = +2.84690038E-39
A7E7 : BCC A7ED       : A=7D X=00 Y=F1 SP=?? N=0 V=1 D=0 I=0 Z=0 C=1 : FWA 78-7D:83FDDF01:00:00 = +6.44490645E-02 : FWB 00-00:F8000000:00:?? = +2.84690038E-39
A7E9 : CLC            : A=7D X=00 Y=F1 SP=?? N=0 V=1 D=0 I=0 Z=0 C=0 : FWA 78-7D:83FDDF01:00:00 = +6.44490645E-02 : FWB 00-00:F8000000:00:?? = +2.84690038E-39
A7EA : JSR A8B9       : A=7D X=00 Y=F1 SP=?? N=0 V=1 D=0 I=0 Z=0 C=0 : FWA 78-7D:83FDDF01:00:00 = +6.44490645E-02 : FWB 00-00:F8000000:00:?? = +2.84690038E-39
A8B9 : LDX #E7        : A=7D X=E7 Y=F1 SP=?? N=1 V=1 D=0 I=0 Z=0 C=0 : FWA 78-7D:83FDDF01:00:00 = +6.44490645E-02 : FWB 00-00:F8000000:00:?? = +2.84690038E-39
A8BB : PHP            : A=7D X=E7 Y=F1 SP=?? N=1 V=1 D=0 I=0 Z=0 C=0 : FWA 78-7D:83FDDF01:00:00 = +6.44490645E-02 : FWB 00-00:F8000000:00:?? = +2.84690038E-39
A8BC : JSR A6CB       : A=7D X=E7 Y=F1 SP=?? N=1 V=1 D=0 I=0 Z=0 C=0 : FWA 78-7D:83FDDF01:00:00 = +6.44490645E-02 : FWB 00-00:F8000000:00:?? = +2.84690038E-39
A6CB : JSR A545       : A=7D X=E7 Y=F1 SP=?? N=1 V=1 D=0 I=0 Z=0 C=0 : FWA 78-7D:83FDDF01:00:00 = +6.44490645E-02 : FWB 00-00:F8000000:00:?? = +2.84690038E-39
A545 : LDA #6C        : A=6C X=E7 Y=F1 SP=?? N=0 V=1 D=0 I=0 Z=0 C=0 : FWA 78-7D:83FDDF01:00:00 = +6.44490645E-02 : FWB 00-00:F8000000:00:?? = +2.84690038E-39
A547 : STA 4A         : A=6C X=E7 Y=F1 SP=?? N=0 V=1 D=0 I=0 Z=0 C=0 : FWA 78-7D:83FDDF01:00:00 = +6.44490645E-02 : FWB 00-00:F8000000:00:?? = +2.84690038E-39
A549 : LDA #04        : A=04 X=E7 Y=F1 SP=?? N=0 V=1 D=0 I=0 Z=0 C=0 : FWA 78-7D:83FDDF01:00:00 = +6.44490645E-02 : FWB 00-00:F8000000:00:?? = +2.84690038E-39
A54B : STA 4B         : A=04 X=E7 Y=F1 SP=?? N=0 V=1 D=0 I=0 Z=0 C=0 : FWA 78-7D:83FDDF01:00:00 = +6.44490645E-02 : FWB 00-00:F8000000:00:?? = +2.84690038E-39
A54D : LDA 30         : A=7D X=E7 Y=F1 SP=?? N=0 V=1 D=0 I=0 Z=0 C=0 : FWA 78-7D:83FDDF01:00:00 = +6.44490645E-02 : FWB 00-00:F8000000:00:?? = +2.84690038E-39
A54F : STA (4A)       : A=7D X=E7 Y=F1 SP=?? N=0 V=1 D=0 I=0 Z=0 C=0 : FWA 78-7D:83FDDF01:00:00 = +6.44490645E-02 : FWB 00-00:F8000000:00:?? = +2.84690038E-39
A551 : LDY #01        : A=7D X=E7 Y=01 SP=?? N=0 V=1 D=0 I=0 Z=0 C=0 : FWA 78-7D:83FDDF01:00:00 = +6.44490645E-02 : FWB 00-00:F8000000:00:?? = +2.84690038E-39
A553 : LDA 2E         : A=78 X=E7 Y=01 SP=?? N=0 V=1 D=0 I=0 Z=0 C=0 : FWA 78-7D:83FDDF01:00:00 = +6.44490645E-02 : FWB 00-00:F8000000:00:?? = +2.84690038E-39
A555 : EOR 31         : A=FB X=E7 Y=01 SP=?? N=1 V=1 D=0 I=0 Z=0 C=0 : FWA 78-7D:83FDDF01:00:00 = +6.44490645E-02 : FWB 00-00:F8000000:00:?? = +2.84690038E-39
A557 : AND #80        : A=80 X=E7 Y=01 SP=?? N=1 V=1 D=0 I=0 Z=0 C=0 : FWA 78-7D:83FDDF01:00:00 = +6.44490645E-02 : FWB 00-00:F8000000:00:?? = +2.84690038E-39
A559 : EOR 31         : A=03 X=E7 Y=01 SP=?? N=0 V=1 D=0 I=0 Z=0 C=0 : FWA 78-7D:83FDDF01:00:00 = +6.44490645E-02 : FWB 00-00:F8000000:00:?? = +2.84690038E-39
A55B : STA (4A),Y     : A=03 X=E7 Y=01 SP=?? N=0 V=1 D=0 I=0 Z=0 C=0 : FWA 78-7D:83FDDF01:00:00 = +6.44490645E-02 : FWB 00-00:F8000000:00:?? = +2.84690038E-39
A55D : LDA 32         : A=FD X=E7 Y=01 SP=?? N=1 V=1 D=0 I=0 Z=0 C=0 : FWA 78-7D:83FDDF01:00:00 = +6.44490645E-02 : FWB 00-00:F8000000:00:?? = +2.84690038E-39
A55F : INY            : A=FD X=E7 Y=02 SP=?? N=0 V=1 D=0 I=0 Z=0 C=0 : FWA 78-7D:83FDDF01:00:00 = +6.44490645E-02 : FWB 00-00:F8000000:00:?? = +2.84690038E-39
A560 : STA (4A),Y     : A=FD X=E7 Y=02 SP=?? N=0 V=1 D=0 I=0 Z=0 C=0 : FWA 78-7D:83FDDF01:00:00 = +6.44490645E-02 : FWB 00-00:F8000000:00:?? = +2.84690038E-39
A562 : LDA 33         : A=DF X=E7 Y=02 SP=?? N=1 V=1 D=0 I=0 Z=0 C=0 : FWA 78-7D:83FDDF01:00:00 = +6.44490645E-02 : FWB 00-00:F8000000:00:?? = +2.84690038E-39
A564 : INY            : A=DF X=E7 Y=03 SP=?? N=0 V=1 D=0 I=0 Z=0 C=0 : FWA 78-7D:83FDDF01:00:00 = +6.44490645E-02 : FWB 00-00:F8000000:00:?? = +2.84690038E-39
A565 : STA (4A),Y     : A=DF X=E7 Y=03 SP=?? N=0 V=1 D=0 I=0 Z=0 C=0 : FWA 78-7D:83FDDF01:00:00 = +6.44490645E-02 : FWB 00-00:F8000000:00:?? = +2.84690038E-39
A567 : LDA 34         : A=01 X=E7 Y=03 SP=?? N=0 V=1 D=0 I=0 Z=0 C=0 : FWA 78-7D:83FDDF01:00:00 = +6.44490645E-02 : FWB 00-00:F8000000:00:?? = +2.84690038E-39
A569 : INY            : A=01 X=E7 Y=04 SP=?? N=0 V=1 D=0 I=0 Z=0 C=0 : FWA 78-7D:83FDDF01:00:00 = +6.44490645E-02 : FWB 00-00:F8000000:00:?? = +2.84690038E-39
A56A : STA (4A),Y     : A=01 X=E7 Y=04 SP=?? N=0 V=1 D=0 I=0 Z=0 C=0 : FWA 78-7D:83FDDF01:00:00 = +6.44490645E-02 : FWB 00-00:F8000000:00:?? = +2.84690038E-39
A56C : RTS            : A=01 X=E7 Y=04 SP=?? N=0 V=1 D=0 I=0 Z=0 C=0 : FWA 78-7D:83FDDF01:00:00 = +6.44490645E-02 : FWB 00-00:F8000000:00:?? = +2.84690038E-39
A6CE : JSR A3ED       : A=01 X=E7 Y=04 SP=?? N=0 V=1 D=0 I=0 Z=0 C=0 : FWA 78-7D:83FDDF01:00:00 = +6.44490645E-02 : FWB 00-00:F8000000:00:?? = +2.84690038E-39
A3ED : LDA 2E         : A=78 X=E7 Y=04 SP=?? N=0 V=1 D=0 I=0 Z=0 C=0 : FWA 78-7D:83FDDF01:00:00 = +6.44490645E-02 : FWB 00-00:F8000000:00:?? = +2.84690038E-39
A3EF : STA 3B         : A=78 X=E7 Y=04 SP=?? N=0 V=1 D=0 I=0 Z=0 C=0 : FWA 78-7D:83FDDF01:00:00 = +6.44490645E-02 : FWB 78-00:F8000000:00:?? = +2.84690038E-39
A3F1 : LDA 30         : A=7D X=E7 Y=04 SP=?? N=0 V=1 D=0 I=0 Z=0 C=0 : FWA 78-7D:83FDDF01:00:00 = +6.44490645E-02 : FWB 78-00:F8000000:00:?? = +2.84690038E-39
A3F3 : STA 3C         : A=7D X=E7 Y=04 SP=?? N=0 V=1 D=0 I=0 Z=0 C=0 : FWA 78-7D:83FDDF01:00:00 = +6.44490645E-02 : FWB 78-7D:F8000000:00:?? = +1.21093750E-01
A3F5 : LDA 31         : A=83 X=E7 Y=04 SP=?? N=1 V=1 D=0 I=0 Z=0 C=0 : FWA 78-7D:83FDDF01:00:00 = +6.44490645E-02 : FWB 78-7D:F8000000:00:?? = +1.21093750E-01
A3F7 : STA 3D         : A=83 X=E7 Y=04 SP=?? N=1 V=1 D=0 I=0 Z=0 C=0 : FWA 78-7D:83FDDF01:00:00 = +6.44490645E-02 : FWB 78-7D:83000000:00:?? = +6.39648438E-02
A3F9 : LDA 32         : A=FD X=E7 Y=04 SP=?? N=1 V=1 D=0 I=0 Z=0 C=0 : FWA 78-7D:83FDDF01:00:00 = +6.44490645E-02 : FWB 78-7D:83000000:00:?? = +6.39648438E-02
A3FB : STA 3E         : A=FD X=E7 Y=04 SP=?? N=1 V=1 D=0 I=0 Z=0 C=0 : FWA 78-7D:83FDDF01:00:00 = +6.44490645E-02 : FWB 78-7D:83FD0000:00:?? = +6.44474030E-02
A3FD : LDA 33         : A=DF X=E7 Y=04 SP=?? N=1 V=1 D=0 I=0 Z=0 C=0 : FWA 78-7D:83FDDF01:00:00 = +6.44490645E-02 : FWB 78-7D:83FD0000:00:?? = +6.44474030E-02
A3FF : STA 3F         : A=DF X=E7 Y=04 SP=?? N=1 V=1 D=0 I=0 Z=0 C=0 : FWA 78-7D:83FDDF01:00:00 = +6.44490645E-02 : FWB 78-7D:83FDDF00:00:?? = +6.44490644E-02
A401 : LDA 34         : A=01 X=E7 Y=04 SP=?? N=0 V=1 D=0 I=0 Z=0 C=0 : FWA 78-7D:83FDDF01:00:00 = +6.44490645E-02 : FWB 78-7D:83FDDF00:00:?? = +6.44490644E-02
A403 : STA 40         : A=01 X=E7 Y=04 SP=?? N=0 V=1 D=0 I=0 Z=0 C=0 : FWA 78-7D:83FDDF01:00:00 = +6.44490645E-02 : FWB 78-7D:83FDDF01:00:?? = +6.44490645E-02
A405 : LDA 35         : A=00 X=E7 Y=04 SP=?? N=0 V=1 D=0 I=0 Z=1 C=0 : FWA 78-7D:83FDDF01:00:00 = +6.44490645E-02 : FWB 78-7D:83FDDF01:00:?? = +6.44490645E-02
A407 : STA 41         : A=00 X=E7 Y=04 SP=?? N=0 V=1 D=0 I=0 Z=1 C=0 : FWA 78-7D:83FDDF01:00:00 = +6.44490645E-02 : FWB 78-7D:83FDDF01:00:?? = +6.44490645E-02
A409 : RTS            : A=00 X=E7 Y=04 SP=?? N=0 V=1 D=0 I=0 Z=1 C=0 : FWA 78-7D:83FDDF01:00:00 = +6.44490645E-02 : FWB 78-7D:83FDDF01:00:?? = +6.44490645E-02
A6D1 : LDA 30         : A=7D X=E7 Y=04 SP=?? N=0 V=1 D=0 I=0 Z=0 C=0 : FWA 78-7D:83FDDF01:00:00 = +6.44490645E-02 : FWB 78-7D:83FDDF01:00:?? = +6.44490645E-02
A6D3 : BEQ A72B       : A=7D X=E7 Y=04 SP=?? N=0 V=1 D=0 I=0 Z=0 C=0 : FWA 78-7D:83FDDF01:00:00 = +6.44490645E-02 : FWB 78-7D:83FDDF01:00:?? = +6.44490645E-02
A6D5 : STZ 34         : A=7D X=E7 Y=04 SP=?? N=0 V=1 D=0 I=0 Z=0 C=0 : FWA 78-7D:83FDDF00:00:00 = +6.44490644E-02 : FWB 78-7D:83FDDF01:00:?? = +6.44490645E-02
A6D7 : ASL 40         : A=7D X=E7 Y=04 SP=?? N=0 V=1 D=0 I=0 Z=0 C=0 : FWA 78-7D:83FDDF00:00:00 = +6.44490644E-02 : FWB 78-7D:83FDDF02:00:?? = +6.44490645E-02
A6D9 : BCC A6ED       : A=7D X=E7 Y=04 SP=?? N=0 V=1 D=0 I=0 Z=0 C=0 : FWA 78-7D:83FDDF00:00:00 = +6.44490644E-02 : FWB 78-7D:83FDDF02:00:?? = +6.44490645E-02
A6ED : JSR A73E       : A=7D X=E7 Y=04 SP=?? N=0 V=1 D=0 I=0 Z=0 C=0 : FWA 78-7D:83FDDF00:00:00 = +6.44490644E-02 : FWB 78-7D:83FDDF02:00:?? = +6.44490645E-02
A73E : CLC            : A=7D X=E7 Y=04 SP=?? N=0 V=1 D=0 I=0 Z=0 C=0 : FWA 78-7D:83FDDF00:00:00 = +6.44490644E-02 : FWB 78-7D:83FDDF02:00:?? = +6.44490645E-02
A73F : LDA 30         : A=7D X=E7 Y=04 SP=?? N=0 V=1 D=0 I=0 Z=0 C=0 : FWA 78-7D:83FDDF00:00:00 = +6.44490644E-02 : FWB 78-7D:83FDDF02:00:?? = +6.44490645E-02
A741 : ADC 3C         : A=FA X=E7 Y=04 SP=?? N=1 V=1 D=0 I=0 Z=0 C=0 : FWA 78-7D:83FDDF00:00:00 = +6.44490644E-02 : FWB 78-7D:83FDDF02:00:?? = +6.44490645E-02
A743 : ROL 2F         : A=FA X=E7 Y=04 SP=?? N=0 V=1 D=0 I=0 Z=1 C=0 : FWA 78-7D:83FDDF00:00:00 = +6.44490644E-02 : FWB 78-7D:83FDDF02:00:?? = +6.44490645E-02
A745 : SBC #7F        : A=7A X=E7 Y=04 SP=?? N=0 V=1 D=0 I=0 Z=0 C=1 : FWA 78-7D:83FDDF00:00:00 = +6.44490644E-02 : FWB 78-7D:83FDDF02:00:?? = +6.44490645E-02
A747 : STA 30         : A=7A X=E7 Y=04 SP=?? N=0 V=1 D=0 I=0 Z=0 C=1 : FWA 78-7A:83FDDF00:00:00 = +8.05613305E-03 : FWB 78-7D:83FDDF02:00:?? = +6.44490645E-02
A749 : BCS A74D       : A=7A X=E7 Y=04 SP=?? N=0 V=1 D=0 I=0 Z=0 C=1 : FWA 78-7A:83FDDF00:00:00 = +8.05613305E-03 : FWB 78-7D:83FDDF02:00:?? = +6.44490645E-02
A74D : LDA 2E         : A=78 X=E7 Y=04 SP=?? N=0 V=1 D=0 I=0 Z=0 C=1 : FWA 78-7A:83FDDF00:00:00 = +8.05613305E-03 : FWB 78-7D:83FDDF02:00:?? = +6.44490645E-02
A74F : EOR 3B         : A=00 X=E7 Y=04 SP=?? N=0 V=1 D=0 I=0 Z=1 C=1 : FWA 78-7A:83FDDF00:00:00 = +8.05613305E-03 : FWB 78-7D:83FDDF02:00:?? = +6.44490645E-02
A751 : STA 2E         : A=00 X=E7 Y=04 SP=?? N=0 V=1 D=0 I=0 Z=1 C=1 : FWA 00-7A:83FDDF00:00:00 = +8.05613305E-03 : FWB 78-7D:83FDDF02:00:?? = +6.44490645E-02
A753 : PHX            : A=00 X=E7 Y=04 SP=?? N=0 V=1 D=0 I=0 Z=1 C=1 : FWA 00-7A:83FDDF00:00:00 = +8.05613305E-03 : FWB 78-7D:83FDDF02:00:?? = +6.44490645E-02
A754 : LDX #F8        : A=00 X=F8 Y=04 SP=?? N=1 V=1 D=0 I=0 Z=0 C=1 : FWA 00-7A:83FDDF00:00:00 = +8.05613305E-03 : FWB 78-7D:83FDDF02:00:?? = +6.44490645E-02
A756 : LDY #04        : A=00 X=F8 Y=04 SP=?? N=0 V=1 D=0 I=0 Z=0 C=1 : FWA 00-7A:83FDDF00:00:00 = +8.05613305E-03 : FWB 78-7D:83FDDF02:00:?? = +6.44490645E-02
A758 : LDA 39,X       : A=83 X=F8 Y=04 SP=?? N=1 V=1 D=0 I=0 Z=0 C=1 : FWA 00-7A:83FDDF00:00:00 = +8.05613305E-03 : FWB 78-7D:83FDDF02:00:?? = +6.44490645E-02
A75A : STZ 39,X       : A=83 X=F8 Y=04 SP=?? N=1 V=1 D=0 I=0 Z=0 C=1 : FWA 00-7A:00FDDF00:00:00 = +6.05275854E-05 : FWB 78-7D:83FDDF02:00:?? = +6.44490645E-02
A75C : STA 0041,Y     : A=83 X=F8 Y=04 SP=?? N=1 V=1 D=0 I=0 Z=0 C=1 : FWA 00-7A:00FDDF00:00:00 = +6.05275854E-05 : FWB 78-7D:83FDDF02:00:?? = +6.44490645E-02
A75F : INX            : A=83 X=F9 Y=04 SP=?? N=1 V=1 D=0 I=0 Z=0 C=1 : FWA 00-7A:00FDDF00:00:00 = +6.05275854E-05 : FWB 78-7D:83FDDF02:00:?? = +6.44490645E-02
A760 : DEY            : A=83 X=F9 Y=03 SP=?? N=0 V=1 D=0 I=0 Z=0 C=1 : FWA 00-7A:00FDDF00:00:00 = +6.05275854E-05 : FWB 78-7D:83FDDF02:00:?? = +6.44490645E-02
A761 : BNE A758       : A=83 X=F9 Y=03 SP=?? N=0 V=1 D=0 I=0 Z=0 C=1 : FWA 00-7A:00FDDF00:00:00 = +6.05275854E-05 : FWB 78-7D:83FDDF02:00:?? = +6.44490645E-02
A758 : LDA 39,X       : A=FD X=F9 Y=03 SP=?? N=1 V=1 D=0 I=0 Z=0 C=1 : FWA 00-7A:00FDDF00:00:00 = +6.05275854E-05 : FWB 78-7D:83FDDF02:00:?? = +6.44490645E-02
A75A : STZ 39,X       : A=FD X=F9 Y=03 SP=?? N=1 V=1 D=0 I=0 Z=0 C=1 : FWA 00-7A:0000DF00:00:00 = +2.07684934E-07 : FWB 78-7D:83FDDF02:00:?? = +6.44490645E-02
A75C : STA 0041,Y     : A=FD X=F9 Y=03 SP=?? N=1 V=1 D=0 I=0 Z=0 C=1 : FWA 00-7A:0000DF00:00:00 = +2.07684934E-07 : FWB 78-7D:83FDDF02:00:?? = +6.44490645E-02
A75F : INX            : A=FD X=FA Y=03 SP=?? N=1 V=1 D=0 I=0 Z=0 C=1 : FWA 00-7A:0000DF00:00:00 = +2.07684934E-07 : FWB 78-7D:83FDDF02:00:?? = +6.44490645E-02
A760 : DEY            : A=FD X=FA Y=02 SP=?? N=0 V=1 D=0 I=0 Z=0 C=1 : FWA 00-7A:0000DF00:00:00 = +2.07684934E-07 : FWB 78-7D:83FDDF02:00:?? = +6.44490645E-02
A761 : BNE A758       : A=FD X=FA Y=02 SP=?? N=0 V=1 D=0 I=0 Z=0 C=1 : FWA 00-7A:0000DF00:00:00 = +2.07684934E-07 : FWB 78-7D:83FDDF02:00:?? = +6.44490645E-02
A758 : LDA 39,X       : A=DF X=FA Y=02 SP=?? N=1 V=1 D=0 I=0 Z=0 C=1 : FWA 00-7A:0000DF00:00:00 = +2.07684934E-07 : FWB 78-7D:83FDDF02:00:?? = +6.44490645E-02
A75A : STZ 39,X       : A=DF X=FA Y=02 SP=?? N=1 V=1 D=0 I=0 Z=0 C=1 : FWA 00-7A:00000000:00:00 = +0.00000000E+00 : FWB 78-7D:83FDDF02:00:?? = +6.44490645E-02
A75C : STA 0041,Y     : A=DF X=FA Y=02 SP=?? N=1 V=1 D=0 I=0 Z=0 C=1 : FWA 00-7A:00000000:00:00 = +0.00000000E+00 : FWB 78-7D:83FDDF02:00:?? = +6.44490645E-02
A75F : INX            : A=DF X=FB Y=02 SP=?? N=1 V=1 D=0 I=0 Z=0 C=1 : FWA 00-7A:00000000:00:00 = +0.00000000E+00 : FWB 78-7D:83FDDF02:00:?? = +6.44490645E-02
A760 : DEY            : A=DF X=FB Y=01 SP=?? N=0 V=1 D=0 I=0 Z=0 C=1 : FWA 00-7A:00000000:00:00 = +0.00000000E+00 : FWB 78-7D:83FDDF02:00:?? = +6.44490645E-02
A761 : BNE A758       : A=DF X=FB Y=01 SP=?? N=0 V=1 D=0 I=0 Z=0 C=1 : FWA 00-7A:00000000:00:00 = +0.00000000E+00 : FWB 78-7D:83FDDF02:00:?? = +6.44490645E-02
A758 : LDA 39,X       : A=00 X=FB Y=01 SP=?? N=0 V=1 D=0 I=0 Z=1 C=1 : FWA 00-7A:00000000:00:00 = +0.00000000E+00 : FWB 78-7D:83FDDF02:00:?? = +6.44490645E-02
A75A : STZ 39,X       : A=00 X=FB Y=01 SP=?? N=0 V=1 D=0 I=0 Z=1 C=1 : FWA 00-7A:00000000:00:00 = +0.00000000E+00 : FWB 78-7D:83FDDF02:00:?? = +6.44490645E-02
A75C : STA 0041,Y     : A=00 X=FB Y=01 SP=?? N=0 V=1 D=0 I=0 Z=1 C=1 : FWA 00-7A:00000000:00:00 = +0.00000000E+00 : FWB 78-7D:83FDDF02:00:?? = +6.44490645E-02
A75F : INX            : A=00 X=FC Y=01 SP=?? N=1 V=1 D=0 I=0 Z=0 C=1 : FWA 00-7A:00000000:00:00 = +0.00000000E+00 : FWB 78-7D:83FDDF02:00:?? = +6.44490645E-02
A760 : DEY            : A=00 X=FC Y=00 SP=?? N=0 V=1 D=0 I=0 Z=1 C=1 : FWA 00-7A:00000000:00:00 = +0.00000000E+00 : FWB 78-7D:83FDDF02:00:?? = +6.44490645E-02
A761 : BNE A758       : A=00 X=FC Y=00 SP=?? N=0 V=1 D=0 I=0 Z=1 C=1 : FWA 00-7A:00000000:00:00 = +0.00000000E+00 : FWB 78-7D:83FDDF02:00:?? = +6.44490645E-02
A763 : STZ 3C         : A=00 X=FC Y=00 SP=?? N=0 V=1 D=0 I=0 Z=1 C=1 : FWA 00-7A:00000000:00:00 = +0.00000000E+00 : FWB 78-00:83FDDF02:00:?? = +1.51519022E-39
A765 : STZ 3B         : A=00 X=FC Y=00 SP=?? N=0 V=1 D=0 I=0 Z=1 C=1 : FWA 00-7A:00000000:00:00 = +0.00000000E+00 : FWB 00-00:83FDDF02:00:?? = +1.51519022E-39
A767 : STZ 3A         : A=00 X=FC Y=00 SP=?? N=0 V=1 D=0 I=0 Z=1 C=1 : FWA 00-7A:00000000:00:00 = +0.00000000E+00 : FWB 00-00:83FDDF02:00:?? = +1.51519022E-39
A769 : BRA A79B       : A=00 X=FC Y=00 SP=?? N=0 V=1 D=0 I=0 Z=1 C=1 : FWA 00-7A:00000000:00:00 = +0.00000000E+00 : FWB 00-00:83FDDF02:00:?? = +1.51519022E-39
A79B : LDA 46,X       : A=00 X=FC Y=00 SP=?? N=0 V=1 D=0 I=0 Z=1 C=1 : FWA 00-7A:00000000:00:00 = +0.00000000E+00 : FWB 00-00:83FDDF02:00:?? = +1.51519022E-39
A79D : BNE A76B       : A=00 X=FC Y=00 SP=?? N=0 V=1 D=0 I=0 Z=1 C=1 : FWA 00-7A:00000000:00:00 = +0.00000000E+00 : FWB 00-00:83FDDF02:00:?? = +1.51519022E-39
A79F : INX            : A=00 X=FD Y=00 SP=?? N=1 V=1 D=0 I=0 Z=0 C=1 : FWA 00-7A:00000000:00:00 = +0.00000000E+00 : FWB 00-00:83FDDF02:00:?? = +1.51519022E-39
A7A0 : BMI A79B       : A=00 X=FD Y=00 SP=?? N=1 V=1 D=0 I=0 Z=0 C=1 : FWA 00-7A:00000000:00:00 = +0.00000000E+00 : FWB 00-00:83FDDF02:00:?? = +1.51519022E-39
A79B : LDA 46,X       : A=DF X=FD Y=00 SP=?? N=1 V=1 D=0 I=0 Z=0 C=1 : FWA 00-7A:00000000:00:00 = +0.00000000E+00 : FWB 00-00:83FDDF02:00:?? = +1.51519022E-39
A79D : BNE A76B       : A=DF X=FD Y=00 SP=?? N=1 V=1 D=0 I=0 Z=0 C=1 : FWA 00-7A:00000000:00:00 = +0.00000000E+00 : FWB 00-00:83FDDF02:00:?? = +1.51519022E-39
A76B : PHX            : A=DF X=FD Y=00 SP=?? N=1 V=1 D=0 I=0 Z=0 C=1 : FWA 00-7A:00000000:00:00 = +0.00000000E+00 : FWB 00-00:83FDDF02:00:?? = +1.51519022E-39
A76C : LSR 3D         : A=DF X=FD Y=00 SP=?? N=0 V=1 D=0 I=0 Z=0 C=1 : FWA 00-7A:00000000:00:00 = +0.00000000E+00 : FWB 00-00:41FDDF02:00:?? = +7.57547381E-40
A76E : ROR 3E         : A=DF X=FD Y=00 SP=?? N=1 V=1 D=0 I=0 Z=0 C=1 : FWA 00-7A:00000000:00:00 = +0.00000000E+00 : FWB 00-00:41FEDF02:00:?? = +7.57592223E-40
A770 : ROR 3F         : A=DF X=FD Y=00 SP=?? N=1 V=1 D=0 I=0 Z=0 C=1 : FWA 00-7A:00000000:00:00 = +0.00000000E+00 : FWB 00-00:41FEEF02:00:?? = +7.57595025E-40
A772 : ROR 40         : A=DF X=FD Y=00 SP=?? N=1 V=1 D=0 I=0 Z=0 C=0 : FWA 00-7A:00000000:00:00 = +0.00000000E+00 : FWB 00-00:41FEEF81:00:?? = +7.57595112E-40
A774 : ROR 41         : A=DF X=FD Y=00 SP=?? N=0 V=1 D=0 I=0 Z=1 C=0 : FWA 00-7A:00000000:00:00 = +0.00000000E+00 : FWB 00-00:41FEEF81:00:?? = +7.57595112E-40
A776 : ASL 46,X       : A=DF X=FD Y=00 SP=?? N=1 V=1 D=0 I=0 Z=0 C=1 : FWA 00-7A:00000000:00:00 = +0.00000000E+00 : FWB 00-00:41FEEF81:00:?? = +7.57595112E-40
A778 : BCC A797       : A=DF X=FD Y=00 SP=?? N=1 V=1 D=0 I=0 Z=0 C=1 : FWA 00-7A:00000000:00:00 = +0.00000000E+00 : FWB 00-00:41FEEF81:00:?? = +7.57595112E-40
A77A : CLC            : A=DF X=FD Y=00 SP=?? N=1 V=1 D=0 I=0 Z=0 C=0 : FWA 00-7A:00000000:00:00 = +0.00000000E+00 : FWB 00-00:41FEEF81:00:?? = +7.57595112E-40
A77B : TYA            : A=00 X=FD Y=00 SP=?? N=0 V=1 D=0 I=0 Z=1 C=0 : FWA 00-7A:00000000:00:00 = +0.00000000E+00 : FWB 00-00:41FEEF81:00:?? = +7.57595112E-40
A77C : ADC 42,X       : A=EF X=FD Y=00 SP=?? N=1 V=0 D=0 I=0 Z=0 C=0 : FWA 00-7A:00000000:00:00 = +0.00000000E+00 : FWB 00-00:41FEEF81:00:?? = +7.57595112E-40
A77E : TAY            : A=EF X=FD Y=EF SP=?? N=1 V=0 D=0 I=0 Z=0 C=0 : FWA 00-7A:00000000:00:00 = +0.00000000E+00 : FWB 00-00:41FEEF81:00:?? = +7.57595112E-40
A77F : LDA 34         : A=00 X=FD Y=EF SP=?? N=0 V=0 D=0 I=0 Z=1 C=0 : FWA 00-7A:00000000:00:00 = +0.00000000E+00 : FWB 00-00:41FEEF81:00:?? = +7.57595112E-40
A781 : ADC 41,X       : A=FE X=FD Y=EF SP=?? N=1 V=0 D=0 I=0 Z=0 C=0 : FWA 00-7A:00000000:00:00 = +0.00000000E+00 : FWB 00-00:41FEEF81:00:?? = +7.57595112E-40
A783 : STA 34         : A=FE X=FD Y=EF SP=?? N=1 V=0 D=0 I=0 Z=0 C=0 : FWA 00-7A:000000FE:00:00 = +9.24046617E-10 : FWB 00-00:41FEEF81:00:?? = +7.57595112E-40
A785 : LDA 33         : A=00 X=FD Y=EF SP=?? N=0 V=0 D=0 I=0 Z=1 C=0 : FWA 00-7A:000000FE:00:00 = +9.24046617E-10 : FWB 00-00:41FEEF81:00:?? = +7.57595112E-40
A787 : ADC 40,X       : A=41 X=FD Y=EF SP=?? N=0 V=0 D=0 I=0 Z=0 C=0 : FWA 00-7A:000000FE:00:00 = +9.24046617E-10 : FWB 00-00:41FEEF81:00:?? = +7.57595112E-40
A789 : STA 33         : A=41 X=FD Y=EF SP=?? N=0 V=0 D=0 I=0 Z=0 C=0 : FWA 00-7A:000041FE:00:00 = +6.14600140E-08 : FWB 00-00:41FEEF81:00:?? = +7.57595112E-40
A78B : LDA 32         : A=00 X=FD Y=EF SP=?? N=0 V=0 D=0 I=0 Z=1 C=0 : FWA 00-7A:000041FE:00:00 = +6.14600140E-08 : FWB 00-00:41FEEF81:00:?? = +7.57595112E-40
A78D : ADC 3F,X       : A=00 X=FD Y=EF SP=?? N=0 V=0 D=0 I=0 Z=1 C=0 : FWA 00-7A:000041FE:00:00 = +6.14600140E-08 : FWB 00-00:41FEEF81:00:?? = +7.57595112E-40
A78F : STA 32         : A=00 X=FD Y=EF SP=?? N=0 V=0 D=0 I=0 Z=1 C=0 : FWA 00-7A:000041FE:00:00 = +6.14600140E-08 : FWB 00-00:41FEEF81:00:?? = +7.57595112E-40
A791 : LDA 31         : A=00 X=FD Y=EF SP=?? N=0 V=0 D=0 I=0 Z=1 C=0 : FWA 00-7A:000041FE:00:00 = +6.14600140E-08 : FWB 00-00:41FEEF81:00:?? = +7.57595112E-40
A793 : ADC 3E,X       : A=00 X=FD Y=EF SP=?? N=0 V=0 D=0 I=0 Z=1 C=0 : FWA 00-7A:000041FE:00:00 = +6.14600140E-08 : FWB 00-00:41FEEF81:00:?? = +7.57595112E-40
A795 : STA 31         : A=00 X=FD Y=EF SP=?? N=0 V=0 D=0 I=0 Z=1 C=0 : FWA 00-7A:000041FE:00:00 = +6.14600140E-08 : FWB 00-00:41FEEF81:00:?? = +7.57595112E-40
A797 : INX            : A=00 X=FE Y=EF SP=?? N=1 V=0 D=0 I=0 Z=0 C=0 : FWA 00-7A:000041FE:00:00 = +6.14600140E-08 : FWB 00-00:41FEEF81:00:?? = +7.57595112E-40
A798 : BMI A776       : A=00 X=FE Y=EF SP=?? N=1 V=0 D=0 I=0 Z=0 C=0 : FWA 00-7A:000041FE:00:00 = +6.14600140E-08 : FWB 00-00:41FEEF81:00:?? = +7.57595112E-40
A776 : ASL 46,X       : A=00 X=FE Y=EF SP=?? N=1 V=0 D=0 I=0 Z=0 C=1 : FWA 00-7A:000041FE:00:00 = +6.14600140E-08 : FWB 00-00:41FEEF81:00:?? = +7.57595112E-40
A778 : BCC A797       : A=00 X=FE Y=EF SP=?? N=1 V=0 D=0 I=0 Z=0 C=1 : FWA 00-7A:000041FE:00:00 = +6.14600140E-08 : FWB 00-00:41FEEF81:00:?? = +7.57595112E-40
A77A : CLC            : A=00 X=FE Y=EF SP=?? N=1 V=0 D=0 I=0 Z=0 C=0 : FWA 00-7A:000041FE:00:00 = +6.14600140E-08 : FWB 00-00:41FEEF81:00:?? = +7.57595112E-40
A77B : TYA            : A=EF X=FE Y=EF SP=?? N=1 V=0 D=0 I=0 Z=0 C=0 : FWA 00-7A:000041FE:00:00 = +6.14600140E-08 : FWB 00-00:41FEEF81:00:?? = +7.57595112E-40
A77C : ADC 42,X       : A=70 X=FE Y=EF SP=?? N=0 V=1 D=0 I=0 Z=0 C=1 : FWA 00-7A:000041FE:00:00 = +6.14600140E-08 : FWB 00-00:41FEEF81:00:?? = +7.57595112E-40
A77E : TAY            : A=70 X=FE Y=70 SP=?? N=0 V=1 D=0 I=0 Z=0 C=1 : FWA 00-7A:000041FE:00:00 = +6.14600140E-08 : FWB 00-00:41FEEF81:00:?? = +7.57595112E-40
A77F : LDA 34         : A=FE X=FE Y=70 SP=?? N=1 V=1 D=0 I=0 Z=0 C=1 : FWA 00-7A:000041FE:00:00 = +6.14600140E-08 : FWB 00-00:41FEEF81:00:?? = +7.57595112E-40
A781 : ADC 41,X       : A=EE X=FE Y=70 SP=?? N=1 V=0 D=0 I=0 Z=0 C=1 : FWA 00-7A:000041FE:00:00 = +6.14600140E-08 : FWB 00-00:41FEEF81:00:?? = +7.57595112E-40
A783 : STA 34         : A=EE X=FE Y=70 SP=?? N=1 V=0 D=0 I=0 Z=0 C=1 : FWA 00-7A:000041EE:00:00 = +6.14018063E-08 : FWB 00-00:41FEEF81:00:?? = +7.57595112E-40
A785 : LDA 33         : A=41 X=FE Y=70 SP=?? N=0 V=0 D=0 I=0 Z=0 C=1 : FWA 00-7A:000041EE:00:00 = +6.14018063E-08 : FWB 00-00:41FEEF81:00:?? = +7.57595112E-40
A787 : ADC 40,X       : A=40 X=FE Y=70 SP=?? N=0 V=0 D=0 I=0 Z=0 C=1 : FWA 00-7A:000041EE:00:00 = +6.14018063E-08 : FWB 00-00:41FEEF81:00:?? = +7.57595112E-40
A789 : STA 33         : A=40 X=FE Y=70 SP=?? N=0 V=0 D=0 I=0 Z=0 C=1 : FWA 00-7A:000040EE:00:00 = +6.04704837E-08 : FWB 00-00:41FEEF81:00:?? = +7.57595112E-40
A78B : LDA 32         : A=00 X=FE Y=70 SP=?? N=0 V=0 D=0 I=0 Z=1 C=1 : FWA 00-7A:000040EE:00:00 = +6.04704837E-08 : FWB 00-00:41FEEF81:00:?? = +7.57595112E-40
A78D : ADC 3F,X       : A=42 X=FE Y=70 SP=?? N=0 V=0 D=0 I=0 Z=0 C=0 : FWA 00-7A:000040EE:00:00 = +6.04704837E-08 : FWB 00-00:41FEEF81:00:?? = +7.57595112E-40
A78F : STA 32         : A=42 X=FE Y=70 SP=?? N=0 V=0 D=0 I=0 Z=0 C=0 : FWA 00-7A:004240EE:00:00 = +1.57960967E-05 : FWB 00-00:41FEEF81:00:?? = +7.57595112E-40
A791 : LDA 31         : A=00 X=FE Y=70 SP=?? N=0 V=0 D=0 I=0 Z=1 C=0 : FWA 00-7A:004240EE:00:00 = +1.57960967E-05 : FWB 00-00:41FEEF81:00:?? = +7.57595112E-40
A793 : ADC 3E,X       : A=00 X=FE Y=70 SP=?? N=0 V=0 D=0 I=0 Z=1 C=0 : FWA 00-7A:004240EE:00:00 = +1.57960967E-05 : FWB 00-00:41FEEF81:00:?? = +7.57595112E-40
A795 : STA 31         : A=00 X=FE Y=70 SP=?? N=0 V=0 D=0 I=0 Z=1 C=0 : FWA 00-7A:004240EE:00:00 = +1.57960967E-05 : FWB 00-00:41FEEF81:00:?? = +7.57595112E-40
A797 : INX            : A=00 X=FF Y=70 SP=?? N=1 V=0 D=0 I=0 Z=0 C=0 : FWA 00-7A:004240EE:00:00 = +1.57960967E-05 : FWB 00-00:41FEEF81:00:?? = +7.57595112E-40
A798 : BMI A776       : A=00 X=FF Y=70 SP=?? N=1 V=0 D=0 I=0 Z=0 C=0 : FWA 00-7A:004240EE:00:00 = +1.57960967E-05 : FWB 00-00:41FEEF81:00:?? = +7.57595112E-40
A776 : ASL 46,X       : A=00 X=FF Y=70 SP=?? N=0 V=0 D=0 I=0 Z=0 C=1 : FWA 00-7A:004240EE:00:00 = +1.57960967E-05 : FWB 00-00:41FEEF81:00:?? = +7.57595112E-40
A778 : BCC A797       : A=00 X=FF Y=70 SP=?? N=0 V=0 D=0 I=0 Z=0 C=1 : FWA 00-7A:004240EE:00:00 = +1.57960967E-05 : FWB 00-00:41FEEF81:00:?? = +7.57595112E-40
A77A : CLC            : A=00 X=FF Y=70 SP=?? N=0 V=0 D=0 I=0 Z=0 C=0 : FWA 00-7A:004240EE:00:00 = +1.57960967E-05 : FWB 00-00:41FEEF81:00:?? = +7.57595112E-40
A77B : TYA            : A=70 X=FF Y=70 SP=?? N=0 V=0 D=0 I=0 Z=0 C=0 : FWA 00-7A:004240EE:00:00 = +1.57960967E-05 : FWB 00-00:41FEEF81:00:?? = +7.57595112E-40
A77C : ADC 42,X       : A=70 X=FF Y=70 SP=?? N=0 V=0 D=0 I=0 Z=0 C=0 : FWA 00-7A:004240EE:00:00 = +1.57960967E-05 : FWB 00-00:41FEEF81:00:?? = +7.57595112E-40
A77E : TAY            : A=70 X=FF Y=70 SP=?? N=0 V=0 D=0 I=0 Z=0 C=0 : FWA 00-7A:004240EE:00:00 = +1.57960967E-05 : FWB 00-00:41FEEF81:00:?? = +7.57595112E-40
A77F : LDA 34         : A=EE X=FF Y=70 SP=?? N=1 V=0 D=0 I=0 Z=0 C=0 : FWA 00-7A:004240EE:00:00 = +1.57960967E-05 : FWB 00-00:41FEEF81:00:?? = +7.57595112E-40
A781 : ADC 41,X       : A=6F X=FF Y=70 SP=?? N=0 V=1 D=0 I=0 Z=0 C=1 : FWA 00-7A:004240EE:00:00 = +1.57960967E-05 : FWB 00-00:41FEEF81:00:?? = +7.57595112E-40
A783 : STA 34         : A=6F X=FF Y=70 SP=?? N=0 V=1 D=0 I=0 Z=0 C=1 : FWA 00-7A:0042406F:00:00 = +1.57956347E-05 : FWB 00-00:41FEEF81:00:?? = +7.57595112E-40
A785 : LDA 33         : A=40 X=FF Y=70 SP=?? N=0 V=1 D=0 I=0 Z=0 C=1 : FWA 00-7A:0042406F:00:00 = +1.57956347E-05 : FWB 00-00:41FEEF81:00:?? = +7.57595112E-40
A787 : ADC 40,X       : A=30 X=FF Y=70 SP=?? N=0 V=0 D=0 I=0 Z=0 C=1 : FWA 00-7A:0042406F:00:00 = +1.57956347E-05 : FWB 00-00:41FEEF81:00:?? = +7.57595112E-40
A789 : STA 33         : A=30 X=FF Y=70 SP=?? N=0 V=0 D=0 I=0 Z=0 C=1 : FWA 00-7A:0042306F:00:00 = +1.57807335E-05 : FWB 00-00:41FEEF81:00:?? = +7.57595112E-40
A78B : LDA 32         : A=42 X=FF Y=70 SP=?? N=0 V=0 D=0 I=0 Z=0 C=1 : FWA 00-7A:0042306F:00:00 = +1.57807335E-05 : FWB 00-00:41FEEF81:00:?? = +7.57595112E-40
A78D : ADC 3F,X       : A=41 X=FF Y=70 SP=?? N=0 V=0 D=0 I=0 Z=0 C=1 : FWA 00-7A:0042306F:00:00 = +1.57807335E-05 : FWB 00-00:41FEEF81:00:?? = +7.57595112E-40
A78F : STA 32         : A=41 X=FF Y=70 SP=?? N=0 V=0 D=0 I=0 Z=0 C=1 : FWA 00-7A:0041306F:00:00 = +1.55423149E-05 : FWB 00-00:41FEEF81:00:?? = +7.57595112E-40
A791 : LDA 31         : A=00 X=FF Y=70 SP=?? N=0 V=0 D=0 I=0 Z=1 C=1 : FWA 00-7A:0041306F:00:00 = +1.55423149E-05 : FWB 00-00:41FEEF81:00:?? = +7.57595112E-40
A793 : ADC 3E,X       : A=42 X=FF Y=70 SP=?? N=0 V=0 D=0 I=0 Z=0 C=0 : FWA 00-7A:0041306F:00:00 = +1.55423149E-05 : FWB 00-00:41FEEF81:00:?? = +7.57595112E-40
A795 : STA 31         : A=42 X=FF Y=70 SP=?? N=0 V=0 D=0 I=0 Z=0 C=0 : FWA 00-7A:4241306F:00:00 = +4.04386263E-03 : FWB 00-00:41FEEF81:00:?? = +7.57595112E-40
A797 : INX            : A=42 X=00 Y=70 SP=?? N=0 V=0 D=0 I=0 Z=1 C=0 : FWA 00-7A:4241306F:00:00 = +4.04386263E-03 : FWB 00-00:41FEEF81:00:?? = +7.57595112E-40
A798 : BMI A776       : A=42 X=00 Y=70 SP=?? N=0 V=0 D=0 I=0 Z=1 C=0 : FWA 00-7A:4241306F:00:00 = +4.04386263E-03 : FWB 00-00:41FEEF81:00:?? = +7.57595112E-40
A79A : PLX            : A=42 X=FD Y=70 SP=?? N=1 V=0 D=0 I=0 Z=0 C=0 : FWA 00-7A:4241306F:00:00 = +4.04386263E-03 : FWB 00-00:41FEEF81:00:?? = +7.57595112E-40
A79B : LDA 46,X       : A=BE X=FD Y=70 SP=?? N=1 V=0 D=0 I=0 Z=0 C=0 : FWA 00-7A:4241306F:00:00 = +4.04386263E-03 : FWB 00-00:41FEEF81:00:?? = +7.57595112E-40
A79D : BNE A76B       : A=BE X=FD Y=70 SP=?? N=1 V=0 D=0 I=0 Z=0 C=0 : FWA 00-7A:4241306F:00:00 = +4.04386263E-03 : FWB 00-00:41FEEF81:00:?? = +7.57595112E-40
A76B : PHX            : A=BE X=FD Y=70 SP=?? N=1 V=0 D=0 I=0 Z=0 C=0 : FWA 00-7A:4241306F:00:00 = +4.04386263E-03 : FWB 00-00:41FEEF81:00:?? = +7.57595112E-40
A76C : LSR 3D         : A=BE X=FD Y=70 SP=?? N=0 V=0 D=0 I=0 Z=0 C=1 : FWA 00-7A:4241306F:00:00 = +4.04386263E-03 : FWB 00-00:20FEEF81:00:?? = +3.78773691E-40
A76E : ROR 3E         : A=BE X=FD Y=70 SP=?? N=1 V=0 D=0 I=0 Z=0 C=0 : FWA 00-7A:4241306F:00:00 = +4.04386263E-03 : FWB 00-00:20FFEF81:00:?? = +3.78818532E-40
A770 : ROR 3F         : A=BE X=FD Y=70 SP=?? N=0 V=0 D=0 I=0 Z=0 C=1 : FWA 00-7A:4241306F:00:00 = +4.04386263E-03 : FWB 00-00:20FF7781:00:?? = +3.78797513E-40
A772 : ROR 40         : A=BE X=FD Y=70 SP=?? N=1 V=0 D=0 I=0 Z=0 C=1 : FWA 00-7A:4241306F:00:00 = +4.04386263E-03 : FWB 00-00:20FF77C0:00:?? = +3.78797556E-40
A774 : ROR 41         : A=BE X=FD Y=70 SP=?? N=1 V=0 D=0 I=0 Z=0 C=0 : FWA 00-7A:4241306F:00:00 = +4.04386263E-03 : FWB 00-00:20FF77C0:80:?? = +3.78797556E-40
A776 : ASL 46,X       : A=BE X=FD Y=70 SP=?? N=0 V=0 D=0 I=0 Z=0 C=1 : FWA 00-7A:4241306F:00:00 = +4.04386263E-03 : FWB 00-00:20FF77C0:80:?? = +3.78797556E-40
A778 : BCC A797       : A=BE X=FD Y=70 SP=?? N=0 V=0 D=0 I=0 Z=0 C=1 : FWA 00-7A:4241306F:00:00 = +4.04386263E-03 : FWB 00-00:20FF77C0:80:?? = +3.78797556E-40
A77A : CLC            : A=BE X=FD Y=70 SP=?? N=0 V=0 D=0 I=0 Z=0 C=0 : FWA 00-7A:4241306F:00:00 = +4.04386263E-03 : FWB 00-00:20FF77C0:80:?? = +3.78797556E-40
A77B : TYA            : A=70 X=FD Y=70 SP=?? N=0 V=0 D=0 I=0 Z=0 C=0 : FWA 00-7A:4241306F:00:00 = +4.04386263E-03 : FWB 00-00:20FF77C0:80:?? = +3.78797556E-40
A77C : ADC 42,X       : A=E7 X=FD Y=70 SP=?? N=1 V=1 D=0 I=0 Z=0 C=0 : FWA 00-7A:4241306F:00:00 = +4.04386263E-03 : FWB 00-00:20FF77C0:80:?? = +3.78797556E-40
A77E : TAY            : A=E7 X=FD Y=E7 SP=?? N=1 V=1 D=0 I=0 Z=0 C=0 : FWA 00-7A:4241306F:00:00 = +4.04386263E-03 : FWB 00-00:20FF77C0:80:?? = +3.78797556E-40
A77F : LDA 34         : A=6F X=FD Y=E7 SP=?? N=0 V=1 D=0 I=0 Z=0 C=0 : FWA 00-7A:4241306F:00:00 = +4.04386263E-03 : FWB 00-00:20FF77C0:80:?? = +3.78797556E-40
A781 : ADC 41,X       : A=6E X=FD Y=E7 SP=?? N=0 V=0 D=0 I=0 Z=0 C=1 : FWA 00-7A:4241306F:00:00 = +4.04386263E-03 : FWB 00-00:20FF77C0:80:?? = +3.78797556E-40
A783 : STA 34         : A=6E X=FD Y=E7 SP=?? N=0 V=0 D=0 I=0 Z=0 C=1 : FWA 00-7A:4241306E:00:00 = +4.04386262E-03 : FWB 00-00:20FF77C0:80:?? = +3.78797556E-40
A785 : LDA 33         : A=30 X=FD Y=E7 SP=?? N=0 V=0 D=0 I=0 Z=0 C=1 : FWA 00-7A:4241306E:00:00 = +4.04386262E-03 : FWB 00-00:20FF77C0:80:?? = +3.78797556E-40
A787 : ADC 40,X       : A=51 X=FD Y=E7 SP=?? N=0 V=0 D=0 I=0 Z=0 C=0 : FWA 00-7A:4241306E:00:00 = +4.04386262E-03 : FWB 00-00:20FF77C0:80:?? = +3.78797556E-40
A789 : STA 33         : A=51 X=FD Y=E7 SP=?? N=0 V=0 D=0 I=0 Z=0 C=0 : FWA 00-7A:4241516E:00:00 = +4.04389336E-03 : FWB 00-00:20FF77C0:80:?? = +3.78797556E-40
A78B : LDA 32         : A=41 X=FD Y=E7 SP=?? N=0 V=0 D=0 I=0 Z=0 C=0 : FWA 00-7A:4241516E:00:00 = +4.04389336E-03 : FWB 00-00:20FF77C0:80:?? = +3.78797556E-40
A78D : ADC 3F,X       : A=41 X=FD Y=E7 SP=?? N=0 V=0 D=0 I=0 Z=0 C=0 : FWA 00-7A:4241516E:00:00 = +4.04389336E-03 : FWB 00-00:20FF77C0:80:?? = +3.78797556E-40
A78F : STA 32         : A=41 X=FD Y=E7 SP=?? N=0 V=0 D=0 I=0 Z=0 C=0 : FWA 00-7A:4241516E:00:00 = +4.04389336E-03 : FWB 00-00:20FF77C0:80:?? = +3.78797556E-40
A791 : LDA 31         : A=42 X=FD Y=E7 SP=?? N=0 V=0 D=0 I=0 Z=0 C=0 : FWA 00-7A:4241516E:00:00 = +4.04389336E-03 : FWB 00-00:20FF77C0:80:?? = +3.78797556E-40
A793 : ADC 3E,X       : A=42 X=FD Y=E7 SP=?? N=0 V=0 D=0 I=0 Z=0 C=0 : FWA 00-7A:4241516E:00:00 = +4.04389336E-03 : FWB 00-00:20FF77C0:80:?? = +3.78797556E-40
A795 : STA 31         : A=42 X=FD Y=E7 SP=?? N=0 V=0 D=0 I=0 Z=0 C=0 : FWA 00-7A:4241516E:00:00 = +4.04389336E-03 : FWB 00-00:20FF77C0:80:?? = +3.78797556E-40
A797 : INX            : A=42 X=FE Y=E7 SP=?? N=1 V=0 D=0 I=0 Z=0 C=0 : FWA 00-7A:4241516E:00:00 = +4.04389336E-03 : FWB 00-00:20FF77C0:80:?? = +3.78797556E-40
A798 : BMI A776       : A=42 X=FE Y=E7 SP=?? N=1 V=0 D=0 I=0 Z=0 C=0 : FWA 00-7A:4241516E:00:00 = +4.04389336E-03 : FWB 00-00:20FF77C0:80:?? = +3.78797556E-40
A776 : ASL 46,X       : A=42 X=FE Y=E7 SP=?? N=1 V=0 D=0 I=0 Z=0 C=1 : FWA 00-7A:4241516E:00:00 = +4.04389336E-03 : FWB 00-00:20FF77C0:80:?? = +3.78797556E-40
A778 : BCC A797       : A=42 X=FE Y=E7 SP=?? N=1 V=0 D=0 I=0 Z=0 C=1 : FWA 00-7A:4241516E:00:00 = +4.04389336E-03 : FWB 00-00:20FF77C0:80:?? = +3.78797556E-40
A77A : CLC            : A=42 X=FE Y=E7 SP=?? N=1 V=0 D=0 I=0 Z=0 C=0 : FWA 00-7A:4241516E:00:00 = +4.04389336E-03 : FWB 00-00:20FF77C0:80:?? = +3.78797556E-40
A77B : TYA            : A=E7 X=FE Y=E7 SP=?? N=1 V=0 D=0 I=0 Z=0 C=0 : FWA 00-7A:4241516E:00:00 = +4.04389336E-03 : FWB 00-00:20FF77C0:80:?? = +3.78797556E-40
A77C : ADC 42,X       : A=A7 X=FE Y=E7 SP=?? N=1 V=0 D=0 I=0 Z=0 C=1 : FWA 00-7A:4241516E:00:00 = +4.04389336E-03 : FWB 00-00:20FF77C0:80:?? = +3.78797556E-40
A77E : TAY            : A=A7 X=FE Y=A7 SP=?? N=1 V=0 D=0 I=0 Z=0 C=1 : FWA 00-7A:4241516E:00:00 = +4.04389336E-03 : FWB 00-00:20FF77C0:80:?? = +3.78797556E-40
A77F : LDA 34         : A=6E X=FE Y=A7 SP=?? N=0 V=0 D=0 I=0 Z=0 C=1 : FWA 00-7A:4241516E:00:00 = +4.04389336E-03 : FWB 00-00:20FF77C0:80:?? = +3.78797556E-40
A781 : ADC 41,X       : A=E6 X=FE Y=A7 SP=?? N=1 V=1 D=0 I=0 Z=0 C=0 : FWA 00-7A:4241516E:00:00 = +4.04389336E-03 : FWB 00-00:20FF77C0:80:?? = +3.78797556E-40
A783 : STA 34         : A=E6 X=FE Y=A7 SP=?? N=1 V=1 D=0 I=0 Z=0 C=0 : FWA 00-7A:424151E6:00:00 = +4.04389379E-03 : FWB 00-00:20FF77C0:80:?? = +3.78797556E-40
A785 : LDA 33         : A=51 X=FE Y=A7 SP=?? N=0 V=1 D=0 I=0 Z=0 C=0 : FWA 00-7A:424151E6:00:00 = +4.04389379E-03 : FWB 00-00:20FF77C0:80:?? = +3.78797556E-40
A787 : ADC 40,X       : A=50 X=FE Y=A7 SP=?? N=0 V=0 D=0 I=0 Z=0 C=1 : FWA 00-7A:424151E6:00:00 = +4.04389379E-03 : FWB 00-00:20FF77C0:80:?? = +3.78797556E-40
A789 : STA 33         : A=50 X=FE Y=A7 SP=?? N=0 V=0 D=0 I=0 Z=0 C=1 : FWA 00-7A:424150E6:00:00 = +4.04389286E-03 : FWB 00-00:20FF77C0:80:?? = +3.78797556E-40
A78B : LDA 32         : A=41 X=FE Y=A7 SP=?? N=0 V=0 D=0 I=0 Z=0 C=1 : FWA 00-7A:424150E6:00:00 = +4.04389286E-03 : FWB 00-00:20FF77C0:80:?? = +3.78797556E-40
A78D : ADC 3F,X       : A=62 X=FE Y=A7 SP=?? N=0 V=0 D=0 I=0 Z=0 C=0 : FWA 00-7A:424150E6:00:00 = +4.04389286E-03 : FWB 00-00:20FF77C0:80:?? = +3.78797556E-40
A78F : STA 32         : A=62 X=FE Y=A7 SP=?? N=0 V=0 D=0 I=0 Z=0 C=0 : FWA 00-7A:426250E6:00:00 = +4.05176068E-03 : FWB 00-00:20FF77C0:80:?? = +3.78797556E-40
A791 : LDA 31         : A=42 X=FE Y=A7 SP=?? N=0 V=0 D=0 I=0 Z=0 C=0 : FWA 00-7A:426250E6:00:00 = +4.05176068E-03 : FWB 00-00:20FF77C0:80:?? = +3.78797556E-40
A793 : ADC 3E,X       : A=42 X=FE Y=A7 SP=?? N=0 V=0 D=0 I=0 Z=0 C=0 : FWA 00-7A:426250E6:00:00 = +4.05176068E-03 : FWB 00-00:20FF77C0:80:?? = +3.78797556E-40
A795 : STA 31         : A=42 X=FE Y=A7 SP=?? N=0 V=0 D=0 I=0 Z=0 C=0 : FWA 00-7A:426250E6:00:00 = +4.05176068E-03 : FWB 00-00:20FF77C0:80:?? = +3.78797556E-40
A797 : INX            : A=42 X=FF Y=A7 SP=?? N=1 V=0 D=0 I=0 Z=0 C=0 : FWA 00-7A:426250E6:00:00 = +4.05176068E-03 : FWB 00-00:20FF77C0:80:?? = +3.78797556E-40
A798 : BMI A776       : A=42 X=FF Y=A7 SP=?? N=1 V=0 D=0 I=0 Z=0 C=0 : FWA 00-7A:426250E6:00:00 = +4.05176068E-03 : FWB 00-00:20FF77C0:80:?? = +3.78797556E-40
A776 : ASL 46,X       : A=42 X=FF Y=A7 SP=?? N=0 V=0 D=0 I=0 Z=0 C=0 : FWA 00-7A:426250E6:00:00 = +4.05176068E-03 : FWB 00-00:20FF77C0:80:?? = +3.78797556E-40
A778 : BCC A797       : A=42 X=FF Y=A7 SP=?? N=0 V=0 D=0 I=0 Z=0 C=0 : FWA 00-7A:426250E6:00:00 = +4.05176068E-03 : FWB 00-00:20FF77C0:80:?? = +3.78797556E-40
A797 : INX            : A=42 X=00 Y=A7 SP=?? N=0 V=0 D=0 I=0 Z=1 C=0 : FWA 00-7A:426250E6:00:00 = +4.05176068E-03 : FWB 00-00:20FF77C0:80:?? = +3.78797556E-40
A798 : BMI A776       : A=42 X=00 Y=A7 SP=?? N=0 V=0 D=0 I=0 Z=1 C=0 : FWA 00-7A:426250E6:00:00 = +4.05176068E-03 : FWB 00-00:20FF77C0:80:?? = +3.78797556E-40
A79A : PLX            : A=42 X=FD Y=A7 SP=?? N=1 V=0 D=0 I=0 Z=0 C=0 : FWA 00-7A:426250E6:00:00 = +4.05176068E-03 : FWB 00-00:20FF77C0:80:?? = +3.78797556E-40
A79B : LDA 46,X       : A=7C X=FD Y=A7 SP=?? N=0 V=0 D=0 I=0 Z=0 C=0 : FWA 00-7A:426250E6:00:00 = +4.05176068E-03 : FWB 00-00:20FF77C0:80:?? = +3.78797556E-40
A79D : BNE A76B       : A=7C X=FD Y=A7 SP=?? N=0 V=0 D=0 I=0 Z=0 C=0 : FWA 00-7A:426250E6:00:00 = +4.05176068E-03 : FWB 00-00:20FF77C0:80:?? = +3.78797556E-40
A76B : PHX            : A=7C X=FD Y=A7 SP=?? N=0 V=0 D=0 I=0 Z=0 C=0 : FWA 00-7A:426250E6:00:00 = +4.05176068E-03 : FWB 00-00:20FF77C0:80:?? = +3.78797556E-40
A76C : LSR 3D         : A=7C X=FD Y=A7 SP=?? N=0 V=0 D=0 I=0 Z=0 C=0 : FWA 00-7A:426250E6:00:00 = +4.05176068E-03 : FWB 00-00:10FF77C0:80:?? = +1.95126564E-40
A76E : ROR 3E         : A=7C X=FD Y=A7 SP=?? N=0 V=0 D=0 I=0 Z=0 C=1 : FWA 00-7A:426250E6:00:00 = +4.05176068E-03 : FWB 00-00:107F77C0:80:?? = +1.89386845E-40
A770 : ROR 3F         : A=7C X=FD Y=A7 SP=?? N=1 V=0 D=0 I=0 Z=0 C=1 : FWA 00-7A:426250E6:00:00 = +4.05176068E-03 : FWB 00-00:107FBBC0:80:?? = +1.89398756E-40
A772 : ROR 40         : A=7C X=FD Y=A7 SP=?? N=1 V=0 D=0 I=0 Z=0 C=0 : FWA 00-7A:426250E6:00:00 = +4.05176068E-03 : FWB 00-00:107FBBE0:80:?? = +1.89398778E-40
A774 : ROR 41         : A=7C X=FD Y=A7 SP=?? N=0 V=0 D=0 I=0 Z=0 C=0 : FWA 00-7A:426250E6:00:00 = +4.05176068E-03 : FWB 00-00:107FBBE0:40:?? = +1.89398778E-40
A776 : ASL 46,X       : A=7C X=FD Y=A7 SP=?? N=1 V=0 D=0 I=0 Z=0 C=0 : FWA 00-7A:426250E6:00:00 = +4.05176068E-03 : FWB 00-00:107FBBE0:40:?? = +1.89398778E-40
A778 : BCC A797       : A=7C X=FD Y=A7 SP=?? N=1 V=0 D=0 I=0 Z=0 C=0 : FWA 00-7A:426250E6:00:00 = +4.05176068E-03 : FWB 00-00:107FBBE0:40:?? = +1.89398778E-40
A797 : INX            : A=7C X=FE Y=A7 SP=?? N=1 V=0 D=0 I=0 Z=0 C=0 : FWA 00-7A:426250E6:00:00 = +4.05176068E-03 : FWB 00-00:107FBBE0:40:?? = +1.89398778E-40
A798 : BMI A776       : A=7C X=FE Y=A7 SP=?? N=1 V=0 D=0 I=0 Z=0 C=0 : FWA 00-7A:426250E6:00:00 = +4.05176068E-03 : FWB 00-00:107FBBE0:40:?? = +1.89398778E-40
A776 : ASL 46,X       : A=7C X=FE Y=A7 SP=?? N=1 V=0 D=0 I=0 Z=0 C=1 : FWA 00-7A:426250E6:00:00 = +4.05176068E-03 : FWB 00-00:107FBBE0:40:?? = +1.89398778E-40
A778 : BCC A797       : A=7C X=FE Y=A7 SP=?? N=1 V=0 D=0 I=0 Z=0 C=1 : FWA 00-7A:426250E6:00:00 = +4.05176068E-03 : FWB 00-00:107FBBE0:40:?? = +1.89398778E-40
A77A : CLC            : A=7C X=FE Y=A7 SP=?? N=1 V=0 D=0 I=0 Z=0 C=0 : FWA 00-7A:426250E6:00:00 = +4.05176068E-03 : FWB 00-00:107FBBE0:40:?? = +1.89398778E-40
A77B : TYA            : A=A7 X=FE Y=A7 SP=?? N=1 V=0 D=0 I=0 Z=0 C=0 : FWA 00-7A:426250E6:00:00 = +4.05176068E-03 : FWB 00-00:107FBBE0:40:?? = +1.89398778E-40
A77C : ADC 42,X       : A=87 X=FE Y=A7 SP=?? N=1 V=0 D=0 I=0 Z=0 C=1 : FWA 00-7A:426250E6:00:00 = +4.05176068E-03 : FWB 00-00:107FBBE0:40:?? = +1.89398778E-40
A77E : TAY            : A=87 X=FE Y=87 SP=?? N=1 V=0 D=0 I=0 Z=0 C=1 : FWA 00-7A:426250E6:00:00 = +4.05176068E-03 : FWB 00-00:107FBBE0:40:?? = +1.89398778E-40
A77F : LDA 34         : A=E6 X=FE Y=87 SP=?? N=1 V=0 D=0 I=0 Z=0 C=1 : FWA 00-7A:426250E6:00:00 = +4.05176068E-03 : FWB 00-00:107FBBE0:40:?? = +1.89398778E-40
A781 : ADC 41,X       : A=A2 X=FE Y=87 SP=?? N=1 V=0 D=0 I=0 Z=0 C=1 : FWA 00-7A:426250E6:00:00 = +4.05176068E-03 : FWB 00-00:107FBBE0:40:?? = +1.89398778E-40
A783 : STA 34         : A=A2 X=FE Y=87 SP=?? N=1 V=0 D=0 I=0 Z=0 C=1 : FWA 00-7A:426250A2:00:00 = +4.05176043E-03 : FWB 00-00:107FBBE0:40:?? = +1.89398778E-40
A785 : LDA 33         : A=50 X=FE Y=87 SP=?? N=0 V=0 D=0 I=0 Z=0 C=1 : FWA 00-7A:426250A2:00:00 = +4.05176043E-03 : FWB 00-00:107FBBE0:40:?? = +1.89398778E-40
A787 : ADC 40,X       : A=D0 X=FE Y=87 SP=?? N=1 V=1 D=0 I=0 Z=0 C=0 : FWA 00-7A:426250A2:00:00 = +4.05176043E-03 : FWB 00-00:107FBBE0:40:?? = +1.89398778E-40
A789 : STA 33         : A=D0 X=FE Y=87 SP=?? N=1 V=1 D=0 I=0 Z=0 C=0 : FWA 00-7A:4262D0A2:00:00 = +4.05187964E-03 : FWB 00-00:107FBBE0:40:?? = +1.89398778E-40
A78B : LDA 32         : A=62 X=FE Y=87 SP=?? N=0 V=1 D=0 I=0 Z=0 C=0 : FWA 00-7A:4262D0A2:00:00 = +4.05187964E-03 : FWB 00-00:107FBBE0:40:?? = +1.89398778E-40
A78D : ADC 3F,X       : A=72 X=FE Y=87 SP=?? N=0 V=0 D=0 I=0 Z=0 C=0 : FWA 00-7A:4262D0A2:00:00 = +4.05187964E-03 : FWB 00-00:107FBBE0:40:?? = +1.89398778E-40
A78F : STA 32         : A=72 X=FE Y=87 SP=?? N=0 V=0 D=0 I=0 Z=0 C=0 : FWA 00-7A:4272D0A2:00:00 = +4.05569433E-03 : FWB 00-00:107FBBE0:40:?? = +1.89398778E-40
A791 : LDA 31         : A=42 X=FE Y=87 SP=?? N=0 V=0 D=0 I=0 Z=0 C=0 : FWA 00-7A:4272D0A2:00:00 = +4.05569433E-03 : FWB 00-00:107FBBE0:40:?? = +1.89398778E-40
A793 : ADC 3E,X       : A=42 X=FE Y=87 SP=?? N=0 V=0 D=0 I=0 Z=0 C=0 : FWA 00-7A:4272D0A2:00:00 = +4.05569433E-03 : FWB 00-00:107FBBE0:40:?? = +1.89398778E-40
A795 : STA 31         : A=42 X=FE Y=87 SP=?? N=0 V=0 D=0 I=0 Z=0 C=0 : FWA 00-7A:4272D0A2:00:00 = +4.05569433E-03 : FWB 00-00:107FBBE0:40:?? = +1.89398778E-40
A797 : INX            : A=42 X=FF Y=87 SP=?? N=1 V=0 D=0 I=0 Z=0 C=0 : FWA 00-7A:4272D0A2:00:00 = +4.05569433E-03 : FWB 00-00:107FBBE0:40:?? = +1.89398778E-40
A798 : BMI A776       : A=42 X=FF Y=87 SP=?? N=1 V=0 D=0 I=0 Z=0 C=0 : FWA 00-7A:4272D0A2:00:00 = +4.05569433E-03 : FWB 00-00:107FBBE0:40:?? = +1.89398778E-40
A776 : ASL 46,X       : A=42 X=FF Y=87 SP=?? N=0 V=0 D=0 I=0 Z=0 C=0 : FWA 00-7A:4272D0A2:00:00 = +4.05569433E-03 : FWB 00-00:107FBBE0:40:?? = +1.89398778E-40
A778 : BCC A797       : A=42 X=FF Y=87 SP=?? N=0 V=0 D=0 I=0 Z=0 C=0 : FWA 00-7A:4272D0A2:00:00 = +4.05569433E-03 : FWB 00-00:107FBBE0:40:?? = +1.89398778E-40
A797 : INX            : A=42 X=00 Y=87 SP=?? N=0 V=0 D=0 I=0 Z=1 C=0 : FWA 00-7A:4272D0A2:00:00 = +4.05569433E-03 : FWB 00-00:107FBBE0:40:?? = +1.89398778E-40
A798 : BMI A776       : A=42 X=00 Y=87 SP=?? N=0 V=0 D=0 I=0 Z=1 C=0 : FWA 00-7A:4272D0A2:00:00 = +4.05569433E-03 : FWB 00-00:107FBBE0:40:?? = +1.89398778E-40
A79A : PLX            : A=42 X=FD Y=87 SP=?? N=1 V=0 D=0 I=0 Z=0 C=0 : FWA 00-7A:4272D0A2:00:00 = +4.05569433E-03 : FWB 00-00:107FBBE0:40:?? = +1.89398778E-40
A79B : LDA 46,X       : A=F8 X=FD Y=87 SP=?? N=1 V=0 D=0 I=0 Z=0 C=0 : FWA 00-7A:4272D0A2:00:00 = +4.05569433E-03 : FWB 00-00:107FBBE0:40:?? = +1.89398778E-40
A79D : BNE A76B       : A=F8 X=FD Y=87 SP=?? N=1 V=0 D=0 I=0 Z=0 C=0 : FWA 00-7A:4272D0A2:00:00 = +4.05569433E-03 : FWB 00-00:107FBBE0:40:?? = +1.89398778E-40
A76B : PHX            : A=F8 X=FD Y=87 SP=?? N=1 V=0 D=0 I=0 Z=0 C=0 : FWA 00-7A:4272D0A2:00:00 = +4.05569433E-03 : FWB 00-00:107FBBE0:40:?? = +1.89398778E-40
A76C : LSR 3D         : A=F8 X=FD Y=87 SP=?? N=0 V=0 D=0 I=0 Z=0 C=0 : FWA 00-7A:4272D0A2:00:00 = +4.05569433E-03 : FWB 00-00:087FBBE0:40:?? = +9.75632819E-41
A76E : ROR 3E         : A=F8 X=FD Y=87 SP=?? N=0 V=0 D=0 I=0 Z=0 C=1 : FWA 00-7A:4272D0A2:00:00 = +4.05569433E-03 : FWB 00-00:083FBBE0:40:?? = +9.46934227E-41
A770 : ROR 3F         : A=F8 X=FD Y=87 SP=?? N=1 V=0 D=0 I=0 Z=0 C=1 : FWA 00-7A:4272D0A2:00:00 = +4.05569433E-03 : FWB 00-00:083FDDE0:40:?? = +9.46993782E-41
A772 : ROR 40         : A=F8 X=FD Y=87 SP=?? N=1 V=0 D=0 I=0 Z=0 C=0 : FWA 00-7A:4272D0A2:00:00 = +4.05569433E-03 : FWB 00-00:083FDDF0:40:?? = +9.46993891E-41
A774 : ROR 41         : A=F8 X=FD Y=87 SP=?? N=0 V=0 D=0 I=0 Z=0 C=0 : FWA 00-7A:4272D0A2:00:00 = +4.05569433E-03 : FWB 00-00:083FDDF0:20:?? = +9.46993890E-41
A776 : ASL 46,X       : A=F8 X=FD Y=87 SP=?? N=1 V=0 D=0 I=0 Z=0 C=1 : FWA 00-7A:4272D0A2:00:00 = +4.05569433E-03 : FWB 00-00:083FDDF0:20:?? = +9.46993890E-41
A778 : BCC A797       : A=F8 X=FD Y=87 SP=?? N=1 V=0 D=0 I=0 Z=0 C=1 : FWA 00-7A:4272D0A2:00:00 = +4.05569433E-03 : FWB 00-00:083FDDF0:20:?? = +9.46993890E-41
A77A : CLC            : A=F8 X=FD Y=87 SP=?? N=1 V=0 D=0 I=0 Z=0 C=0 : FWA 00-7A:4272D0A2:00:00 = +4.05569433E-03 : FWB 00-00:083FDDF0:20:?? = +9.46993890E-41
A77B : TYA            : A=87 X=FD Y=87 SP=?? N=1 V=0 D=0 I=0 Z=0 C=0 : FWA 00-7A:4272D0A2:00:00 = +4.05569433E-03 : FWB 00-00:083FDDF0:20:?? = +9.46993890E-41
A77C : ADC 42,X       : A=64 X=FD Y=87 SP=?? N=0 V=1 D=0 I=0 Z=0 C=1 : FWA 00-7A:4272D0A2:00:00 = +4.05569433E-03 : FWB 00-00:083FDDF0:20:?? = +9.46993890E-41
A77E : TAY            : A=64 X=FD Y=64 SP=?? N=0 V=1 D=0 I=0 Z=0 C=1 : FWA 00-7A:4272D0A2:00:00 = +4.05569433E-03 : FWB 00-00:083FDDF0:20:?? = +9.46993890E-41
A77F : LDA 34         : A=A2 X=FD Y=64 SP=?? N=1 V=1 D=0 I=0 Z=0 C=1 : FWA 00-7A:4272D0A2:00:00 = +4.05569433E-03 : FWB 00-00:083FDDF0:20:?? = +9.46993890E-41
A781 : ADC 41,X       : A=E2 X=FD Y=64 SP=?? N=1 V=0 D=0 I=0 Z=0 C=0 : FWA 00-7A:4272D0A2:00:00 = +4.05569433E-03 : FWB 00-00:083FDDF0:20:?? = +9.46993890E-41
A783 : STA 34         : A=E2 X=FD Y=64 SP=?? N=1 V=0 D=0 I=0 Z=0 C=0 : FWA 00-7A:4272D0E2:00:00 = +4.05569457E-03 : FWB 00-00:083FDDF0:20:?? = +9.46993890E-41
A785 : LDA 33         : A=D0 X=FD Y=64 SP=?? N=1 V=0 D=0 I=0 Z=0 C=0 : FWA 00-7A:4272D0E2:00:00 = +4.05569457E-03 : FWB 00-00:083FDDF0:20:?? = +9.46993890E-41
A787 : ADC 40,X       : A=D8 X=FD Y=64 SP=?? N=1 V=0 D=0 I=0 Z=0 C=0 : FWA 00-7A:4272D0E2:00:00 = +4.05569457E-03 : FWB 00-00:083FDDF0:20:?? = +9.46993890E-41
A789 : STA 33         : A=D8 X=FD Y=64 SP=?? N=1 V=0 D=0 I=0 Z=0 C=0 : FWA 00-7A:4272D8E2:00:00 = +4.05570202E-03 : FWB 00-00:083FDDF0:20:?? = +9.46993890E-41
A78B : LDA 32         : A=72 X=FD Y=64 SP=?? N=0 V=0 D=0 I=0 Z=0 C=0 : FWA 00-7A:4272D8E2:00:00 = +4.05570202E-03 : FWB 00-00:083FDDF0:20:?? = +9.46993890E-41
A78D : ADC 3F,X       : A=72 X=FD Y=64 SP=?? N=0 V=0 D=0 I=0 Z=0 C=0 : FWA 00-7A:4272D8E2:00:00 = +4.05570202E-03 : FWB 00-00:083FDDF0:20:?? = +9.46993890E-41
A78F : STA 32         : A=72 X=FD Y=64 SP=?? N=0 V=0 D=0 I=0 Z=0 C=0 : FWA 00-7A:4272D8E2:00:00 = +4.05570202E-03 : FWB 00-00:083FDDF0:20:?? = +9.46993890E-41
A791 : LDA 31         : A=42 X=FD Y=64 SP=?? N=0 V=0 D=0 I=0 Z=0 C=0 : FWA 00-7A:4272D8E2:00:00 = +4.05570202E-03 : FWB 00-00:083FDDF0:20:?? = +9.46993890E-41
A793 : ADC 3E,X       : A=42 X=FD Y=64 SP=?? N=0 V=0 D=0 I=0 Z=0 C=0 : FWA 00-7A:4272D8E2:00:00 = +4.05570202E-03 : FWB 00-00:083FDDF0:20:?? = +9.46993890E-41
A795 : STA 31         : A=42 X=FD Y=64 SP=?? N=0 V=0 D=0 I=0 Z=0 C=0 : FWA 00-7A:4272D8E2:00:00 = +4.05570202E-03 : FWB 00-00:083FDDF0:20:?? = +9.46993890E-41
A797 : INX            : A=42 X=FE Y=64 SP=?? N=1 V=0 D=0 I=0 Z=0 C=0 : FWA 00-7A:4272D8E2:00:00 = +4.05570202E-03 : FWB 00-00:083FDDF0:20:?? = +9.46993890E-41
A798 : BMI A776       : A=42 X=FE Y=64 SP=?? N=1 V=0 D=0 I=0 Z=0 C=0 : FWA 00-7A:4272D8E2:00:00 = +4.05570202E-03 : FWB 00-00:083FDDF0:20:?? = +9.46993890E-41
A776 : ASL 46,X       : A=42 X=FE Y=64 SP=?? N=1 V=0 D=0 I=0 Z=0 C=1 : FWA 00-7A:4272D8E2:00:00 = +4.05570202E-03 : FWB 00-00:083FDDF0:20:?? = +9.46993890E-41
A778 : BCC A797       : A=42 X=FE Y=64 SP=?? N=1 V=0 D=0 I=0 Z=0 C=1 : FWA 00-7A:4272D8E2:00:00 = +4.05570202E-03 : FWB 00-00:083FDDF0:20:?? = +9.46993890E-41
A77A : CLC            : A=42 X=FE Y=64 SP=?? N=1 V=0 D=0 I=0 Z=0 C=0 : FWA 00-7A:4272D8E2:00:00 = +4.05570202E-03 : FWB 00-00:083FDDF0:20:?? = +9.46993890E-41
A77B : TYA            : A=64 X=FE Y=64 SP=?? N=0 V=0 D=0 I=0 Z=0 C=0 : FWA 00-7A:4272D8E2:00:00 = +4.05570202E-03 : FWB 00-00:083FDDF0:20:?? = +9.46993890E-41
A77C : ADC 42,X       : A=54 X=FE Y=64 SP=?? N=0 V=0 D=0 I=0 Z=0 C=1 : FWA 00-7A:4272D8E2:00:00 = +4.05570202E-03 : FWB 00-00:083FDDF0:20:?? = +9.46993890E-41
A77E : TAY            : A=54 X=FE Y=54 SP=?? N=0 V=0 D=0 I=0 Z=0 C=1 : FWA 00-7A:4272D8E2:00:00 = +4.05570202E-03 : FWB 00-00:083FDDF0:20:?? = +9.46993890E-41
A77F : LDA 34         : A=E2 X=FE Y=54 SP=?? N=1 V=0 D=0 I=0 Z=0 C=1 : FWA 00-7A:4272D8E2:00:00 = +4.05570202E-03 : FWB 00-00:083FDDF0:20:?? = +9.46993890E-41
A781 : ADC 41,X       : A=C0 X=FE Y=54 SP=?? N=1 V=0 D=0 I=0 Z=0 C=1 : FWA 00-7A:4272D8E2:00:00 = +4.05570202E-03 : FWB 00-00:083FDDF0:20:?? = +9.46993890E-41
A783 : STA 34         : A=C0 X=FE Y=54 SP=?? N=1 V=0 D=0 I=0 Z=0 C=1 : FWA 00-7A:4272D8C0:00:00 = +4.05570189E-03 : FWB 00-00:083FDDF0:20:?? = +9.46993890E-41
A785 : LDA 33         : A=D8 X=FE Y=54 SP=?? N=1 V=0 D=0 I=0 Z=0 C=1 : FWA 00-7A:4272D8C0:00:00 = +4.05570189E-03 : FWB 00-00:083FDDF0:20:?? = +9.46993890E-41
A787 : ADC 40,X       : A=18 X=FE Y=54 SP=?? N=0 V=0 D=0 I=0 Z=0 C=1 : FWA 00-7A:4272D8C0:00:00 = +4.05570189E-03 : FWB 00-00:083FDDF0:20:?? = +9.46993890E-41
A789 : STA 33         : A=18 X=FE Y=54 SP=?? N=0 V=0 D=0 I=0 Z=0 C=1 : FWA 00-7A:427218C0:00:00 = +4.05552308E-03 : FWB 00-00:083FDDF0:20:?? = +9.46993890E-41
A78B : LDA 32         : A=72 X=FE Y=54 SP=?? N=0 V=0 D=0 I=0 Z=0 C=1 : FWA 00-7A:427218C0:00:00 = +4.05552308E-03 : FWB 00-00:083FDDF0:20:?? = +9.46993890E-41
A78D : ADC 3F,X       : A=7B X=FE Y=54 SP=?? N=0 V=0 D=0 I=0 Z=0 C=0 : FWA 00-7A:427218C0:00:00 = +4.05552308E-03 : FWB 00-00:083FDDF0:20:?? = +9.46993890E-41
A78F : STA 32         : A=7B X=FE Y=54 SP=?? N=0 V=0 D=0 I=0 Z=0 C=0 : FWA 00-7A:427B18C0:00:00 = +4.05766885E-03 : FWB 00-00:083FDDF0:20:?? = +9.46993890E-41
A791 : LDA 31         : A=42 X=FE Y=54 SP=?? N=0 V=0 D=0 I=0 Z=0 C=0 : FWA 00-7A:427B18C0:00:00 = +4.05766885E-03 : FWB 00-00:083FDDF0:20:?? = +9.46993890E-41
A793 : ADC 3E,X       : A=42 X=FE Y=54 SP=?? N=0 V=0 D=0 I=0 Z=0 C=0 : FWA 00-7A:427B18C0:00:00 = +4.05766885E-03 : FWB 00-00:083FDDF0:20:?? = +9.46993890E-41
A795 : STA 31         : A=42 X=FE Y=54 SP=?? N=0 V=0 D=0 I=0 Z=0 C=0 : FWA 00-7A:427B18C0:00:00 = +4.05766885E-03 : FWB 00-00:083FDDF0:20:?? = +9.46993890E-41
A797 : INX            : A=42 X=FF Y=54 SP=?? N=1 V=0 D=0 I=0 Z=0 C=0 : FWA 00-7A:427B18C0:00:00 = +4.05766885E-03 : FWB 00-00:083FDDF0:20:?? = +9.46993890E-41
A798 : BMI A776       : A=42 X=FF Y=54 SP=?? N=1 V=0 D=0 I=0 Z=0 C=0 : FWA 00-7A:427B18C0:00:00 = +4.05766885E-03 : FWB 00-00:083FDDF0:20:?? = +9.46993890E-41
A776 : ASL 46,X       : A=42 X=FF Y=54 SP=?? N=0 V=0 D=0 I=0 Z=0 C=0 : FWA 00-7A:427B18C0:00:00 = +4.05766885E-03 : FWB 00-00:083FDDF0:20:?? = +9.46993890E-41
A778 : BCC A797       : A=42 X=FF Y=54 SP=?? N=0 V=0 D=0 I=0 Z=0 C=0 : FWA 00-7A:427B18C0:00:00 = +4.05766885E-03 : FWB 00-00:083FDDF0:20:?? = +9.46993890E-41
A797 : INX            : A=42 X=00 Y=54 SP=?? N=0 V=0 D=0 I=0 Z=1 C=0 : FWA 00-7A:427B18C0:00:00 = +4.05766885E-03 : FWB 00-00:083FDDF0:20:?? = +9.46993890E-41
A798 : BMI A776       : A=42 X=00 Y=54 SP=?? N=0 V=0 D=0 I=0 Z=1 C=0 : FWA 00-7A:427B18C0:00:00 = +4.05766885E-03 : FWB 00-00:083FDDF0:20:?? = +9.46993890E-41
A79A : PLX            : A=42 X=FD Y=54 SP=?? N=1 V=0 D=0 I=0 Z=0 C=0 : FWA 00-7A:427B18C0:00:00 = +4.05766885E-03 : FWB 00-00:083FDDF0:20:?? = +9.46993890E-41
A79B : LDA 46,X       : A=F0 X=FD Y=54 SP=?? N=1 V=0 D=0 I=0 Z=0 C=0 : FWA 00-7A:427B18C0:00:00 = +4.05766885E-03 : FWB 00-00:083FDDF0:20:?? = +9.46993890E-41
A79D : BNE A76B       : A=F0 X=FD Y=54 SP=?? N=1 V=0 D=0 I=0 Z=0 C=0 : FWA 00-7A:427B18C0:00:00 = +4.05766885E-03 : FWB 00-00:083FDDF0:20:?? = +9.46993890E-41
A76B : PHX            : A=F0 X=FD Y=54 SP=?? N=1 V=0 D=0 I=0 Z=0 C=0 : FWA 00-7A:427B18C0:00:00 = +4.05766885E-03 : FWB 00-00:083FDDF0:20:?? = +9.46993890E-41
A76C : LSR 3D         : A=F0 X=FD Y=54 SP=?? N=0 V=0 D=0 I=0 Z=0 C=0 : FWA 00-7A:427B18C0:00:00 = +4.05766885E-03 : FWB 00-00:043FDDF0:20:?? = +4.87816410E-41
A76E : ROR 3E         : A=F0 X=FD Y=54 SP=?? N=0 V=0 D=0 I=0 Z=0 C=1 : FWA 00-7A:427B18C0:00:00 = +4.05766885E-03 : FWB 00-00:041FDDF0:20:?? = +4.73467113E-41
A770 : ROR 3F         : A=F0 X=FD Y=54 SP=?? N=1 V=0 D=0 I=0 Z=0 C=1 : FWA 00-7A:427B18C0:00:00 = +4.05766885E-03 : FWB 00-00:041FEEF0:20:?? = +4.73496891E-41
A772 : ROR 40         : A=F0 X=FD Y=54 SP=?? N=1 V=0 D=0 I=0 Z=0 C=0 : FWA 00-7A:427B18C0:00:00 = +4.05766885E-03 : FWB 00-00:041FEEF8:20:?? = +4.73496946E-41
A774 : ROR 41         : A=F0 X=FD Y=54 SP=?? N=0 V=0 D=0 I=0 Z=0 C=0 : FWA 00-7A:427B18C0:00:00 = +4.05766885E-03 : FWB 00-00:041FEEF8:10:?? = +4.73496945E-41
A776 : ASL 46,X       : A=F0 X=FD Y=54 SP=?? N=1 V=0 D=0 I=0 Z=0 C=1 : FWA 00-7A:427B18C0:00:00 = +4.05766885E-03 : FWB 00-00:041FEEF8:10:?? = +4.73496945E-41
A778 : BCC A797       : A=F0 X=FD Y=54 SP=?? N=1 V=0 D=0 I=0 Z=0 C=1 : FWA 00-7A:427B18C0:00:00 = +4.05766885E-03 : FWB 00-00:041FEEF8:10:?? = +4.73496945E-41
A77A : CLC            : A=F0 X=FD Y=54 SP=?? N=1 V=0 D=0 I=0 Z=0 C=0 : FWA 00-7A:427B18C0:00:00 = +4.05766885E-03 : FWB 00-00:041FEEF8:10:?? = +4.73496945E-41
A77B : TYA            : A=54 X=FD Y=54 SP=?? N=0 V=0 D=0 I=0 Z=0 C=0 : FWA 00-7A:427B18C0:00:00 = +4.05766885E-03 : FWB 00-00:041FEEF8:10:?? = +4.73496945E-41
A77C : ADC 42,X       : A=42 X=FD Y=54 SP=?? N=0 V=0 D=0 I=0 Z=0 C=1 : FWA 00-7A:427B18C0:00:00 = +4.05766885E-03 : FWB 00-00:041FEEF8:10:?? = +4.73496945E-41
A77E : TAY            : A=42 X=FD Y=42 SP=?? N=0 V=0 D=0 I=0 Z=0 C=1 : FWA 00-7A:427B18C0:00:00 = +4.05766885E-03 : FWB 00-00:041FEEF8:10:?? = +4.73496945E-41
A77F : LDA 34         : A=C0 X=FD Y=42 SP=?? N=1 V=0 D=0 I=0 Z=0 C=1 : FWA 00-7A:427B18C0:00:00 = +4.05766885E-03 : FWB 00-00:041FEEF8:10:?? = +4.73496945E-41
A781 : ADC 41,X       : A=E0 X=FD Y=42 SP=?? N=1 V=0 D=0 I=0 Z=0 C=0 : FWA 00-7A:427B18C0:00:00 = +4.05766885E-03 : FWB 00-00:041FEEF8:10:?? = +4.73496945E-41
A783 : STA 34         : A=E0 X=FD Y=42 SP=?? N=1 V=0 D=0 I=0 Z=0 C=0 : FWA 00-7A:427B18E0:00:00 = +4.05766896E-03 : FWB 00-00:041FEEF8:10:?? = +4.73496945E-41
A785 : LDA 33         : A=18 X=FD Y=42 SP=?? N=0 V=0 D=0 I=0 Z=0 C=0 : FWA 00-7A:427B18E0:00:00 = +4.05766896E-03 : FWB 00-00:041FEEF8:10:?? = +4.73496945E-41
A787 : ADC 40,X       : A=1C X=FD Y=42 SP=?? N=0 V=0 D=0 I=0 Z=0 C=0 : FWA 00-7A:427B18E0:00:00 = +4.05766896E-03 : FWB 00-00:041FEEF8:10:?? = +4.73496945E-41
A789 : STA 33         : A=1C X=FD Y=42 SP=?? N=0 V=0 D=0 I=0 Z=0 C=0 : FWA 00-7A:427B1CE0:00:00 = +4.05767269E-03 : FWB 00-00:041FEEF8:10:?? = +4.73496945E-41
A78B : LDA 32         : A=7B X=FD Y=42 SP=?? N=0 V=0 D=0 I=0 Z=0 C=0 : FWA 00-7A:427B1CE0:00:00 = +4.05767269E-03 : FWB 00-00:041FEEF8:10:?? = +4.73496945E-41
A78D : ADC 3F,X       : A=7B X=FD Y=42 SP=?? N=0 V=0 D=0 I=0 Z=0 C=0 : FWA 00-7A:427B1CE0:00:00 = +4.05767269E-03 : FWB 00-00:041FEEF8:10:?? = +4.73496945E-41
A78F : STA 32         : A=7B X=FD Y=42 SP=?? N=0 V=0 D=0 I=0 Z=0 C=0 : FWA 00-7A:427B1CE0:00:00 = +4.05767269E-03 : FWB 00-00:041FEEF8:10:?? = +4.73496945E-41
A791 : LDA 31         : A=42 X=FD Y=42 SP=?? N=0 V=0 D=0 I=0 Z=0 C=0 : FWA 00-7A:427B1CE0:00:00 = +4.05767269E-03 : FWB 00-00:041FEEF8:10:?? = +4.73496945E-41
A793 : ADC 3E,X       : A=42 X=FD Y=42 SP=?? N=0 V=0 D=0 I=0 Z=0 C=0 : FWA 00-7A:427B1CE0:00:00 = +4.05767269E-03 : FWB 00-00:041FEEF8:10:?? = +4.73496945E-41
A795 : STA 31         : A=42 X=FD Y=42 SP=?? N=0 V=0 D=0 I=0 Z=0 C=0 : FWA 00-7A:427B1CE0:00:00 = +4.05767269E-03 : FWB 00-00:041FEEF8:10:?? = +4.73496945E-41
A797 : INX            : A=42 X=FE Y=42 SP=?? N=1 V=0 D=0 I=0 Z=0 C=0 : FWA 00-7A:427B1CE0:00:00 = +4.05767269E-03 : FWB 00-00:041FEEF8:10:?? = +4.73496945E-41
A798 : BMI A776       : A=42 X=FE Y=42 SP=?? N=1 V=0 D=0 I=0 Z=0 C=0 : FWA 00-7A:427B1CE0:00:00 = +4.05767269E-03 : FWB 00-00:041FEEF8:10:?? = +4.73496945E-41
A776 : ASL 46,X       : A=42 X=FE Y=42 SP=?? N=1 V=0 D=0 I=0 Z=0 C=1 : FWA 00-7A:427B1CE0:00:00 = +4.05767269E-03 : FWB 00-00:041FEEF8:10:?? = +4.73496945E-41
A778 : BCC A797       : A=42 X=FE Y=42 SP=?? N=1 V=0 D=0 I=0 Z=0 C=1 : FWA 00-7A:427B1CE0:00:00 = +4.05767269E-03 : FWB 00-00:041FEEF8:10:?? = +4.73496945E-41
A77A : CLC            : A=42 X=FE Y=42 SP=?? N=1 V=0 D=0 I=0 Z=0 C=0 : FWA 00-7A:427B1CE0:00:00 = +4.05767269E-03 : FWB 00-00:041FEEF8:10:?? = +4.73496945E-41
A77B : TYA            : A=42 X=FE Y=42 SP=?? N=0 V=0 D=0 I=0 Z=0 C=0 : FWA 00-7A:427B1CE0:00:00 = +4.05767269E-03 : FWB 00-00:041FEEF8:10:?? = +4.73496945E-41
A77C : ADC 42,X       : A=3A X=FE Y=42 SP=?? N=0 V=0 D=0 I=0 Z=0 C=1 : FWA 00-7A:427B1CE0:00:00 = +4.05767269E-03 : FWB 00-00:041FEEF8:10:?? = +4.73496945E-41
A77E : TAY            : A=3A X=FE Y=3A SP=?? N=0 V=0 D=0 I=0 Z=0 C=1 : FWA 00-7A:427B1CE0:00:00 = +4.05767269E-03 : FWB 00-00:041FEEF8:10:?? = +4.73496945E-41
A77F : LDA 34         : A=E0 X=FE Y=3A SP=?? N=1 V=0 D=0 I=0 Z=0 C=1 : FWA 00-7A:427B1CE0:00:00 = +4.05767269E-03 : FWB 00-00:041FEEF8:10:?? = +4.73496945E-41
A781 : ADC 41,X       : A=CF X=FE Y=3A SP=?? N=1 V=0 D=0 I=0 Z=0 C=1 : FWA 00-7A:427B1CE0:00:00 = +4.05767269E-03 : FWB 00-00:041FEEF8:10:?? = +4.73496945E-41
A783 : STA 34         : A=CF X=FE Y=3A SP=?? N=1 V=0 D=0 I=0 Z=0 C=1 : FWA 00-7A:427B1CCF:00:00 = +4.05767263E-03 : FWB 00-00:041FEEF8:10:?? = +4.73496945E-41
A785 : LDA 33         : A=1C X=FE Y=3A SP=?? N=0 V=0 D=0 I=0 Z=0 C=1 : FWA 00-7A:427B1CCF:00:00 = +4.05767263E-03 : FWB 00-00:041FEEF8:10:?? = +4.73496945E-41
A787 : ADC 40,X       : A=3C X=FE Y=3A SP=?? N=0 V=0 D=0 I=0 Z=0 C=0 : FWA 00-7A:427B1CCF:00:00 = +4.05767263E-03 : FWB 00-00:041FEEF8:10:?? = +4.73496945E-41
A789 : STA 33         : A=3C X=FE Y=3A SP=?? N=0 V=0 D=0 I=0 Z=0 C=0 : FWA 00-7A:427B3CCF:00:00 = +4.05770243E-03 : FWB 00-00:041FEEF8:10:?? = +4.73496945E-41
A78B : LDA 32         : A=7B X=FE Y=3A SP=?? N=0 V=0 D=0 I=0 Z=0 C=0 : FWA 00-7A:427B3CCF:00:00 = +4.05770243E-03 : FWB 00-00:041FEEF8:10:?? = +4.73496945E-41
A78D : ADC 3F,X       : A=7F X=FE Y=3A SP=?? N=0 V=0 D=0 I=0 Z=0 C=0 : FWA 00-7A:427B3CCF:00:00 = +4.05770243E-03 : FWB 00-00:041FEEF8:10:?? = +4.73496945E-41
A78F : STA 32         : A=7F X=FE Y=3A SP=?? N=0 V=0 D=0 I=0 Z=0 C=0 : FWA 00-7A:427F3CCF:00:00 = +4.05865610E-03 : FWB 00-00:041FEEF8:10:?? = +4.73496945E-41
A791 : LDA 31         : A=42 X=FE Y=3A SP=?? N=0 V=0 D=0 I=0 Z=0 C=0 : FWA 00-7A:427F3CCF:00:00 = +4.05865610E-03 : FWB 00-00:041FEEF8:10:?? = +4.73496945E-41
A793 : ADC 3E,X       : A=42 X=FE Y=3A SP=?? N=0 V=0 D=0 I=0 Z=0 C=0 : FWA 00-7A:427F3CCF:00:00 = +4.05865610E-03 : FWB 00-00:041FEEF8:10:?? = +4.73496945E-41
A795 : STA 31         : A=42 X=FE Y=3A SP=?? N=0 V=0 D=0 I=0 Z=0 C=0 : FWA 00-7A:427F3CCF:00:00 = +4.05865610E-03 : FWB 00-00:041FEEF8:10:?? = +4.73496945E-41
A797 : INX            : A=42 X=FF Y=3A SP=?? N=1 V=0 D=0 I=0 Z=0 C=0 : FWA 00-7A:427F3CCF:00:00 = +4.05865610E-03 : FWB 00-00:041FEEF8:10:?? = +4.73496945E-41
A798 : BMI A776       : A=42 X=FF Y=3A SP=?? N=1 V=0 D=0 I=0 Z=0 C=0 : FWA 00-7A:427F3CCF:00:00 = +4.05865610E-03 : FWB 00-00:041FEEF8:10:?? = +4.73496945E-41
A776 : ASL 46,X       : A=42 X=FF Y=3A SP=?? N=0 V=0 D=0 I=0 Z=0 C=0 : FWA 00-7A:427F3CCF:00:00 = +4.05865610E-03 : FWB 00-00:041FEEF8:10:?? = +4.73496945E-41
A778 : BCC A797       : A=42 X=FF Y=3A SP=?? N=0 V=0 D=0 I=0 Z=0 C=0 : FWA 00-7A:427F3CCF:00:00 = +4.05865610E-03 : FWB 00-00:041FEEF8:10:?? = +4.73496945E-41
A797 : INX            : A=42 X=00 Y=3A SP=?? N=0 V=0 D=0 I=0 Z=1 C=0 : FWA 00-7A:427F3CCF:00:00 = +4.05865610E-03 : FWB 00-00:041FEEF8:10:?? = +4.73496945E-41
A798 : BMI A776       : A=42 X=00 Y=3A SP=?? N=0 V=0 D=0 I=0 Z=1 C=0 : FWA 00-7A:427F3CCF:00:00 = +4.05865610E-03 : FWB 00-00:041FEEF8:10:?? = +4.73496945E-41
A79A : PLX            : A=42 X=FD Y=3A SP=?? N=1 V=0 D=0 I=0 Z=0 C=0 : FWA 00-7A:427F3CCF:00:00 = +4.05865610E-03 : FWB 00-00:041FEEF8:10:?? = +4.73496945E-41
A79B : LDA 46,X       : A=E0 X=FD Y=3A SP=?? N=1 V=0 D=0 I=0 Z=0 C=0 : FWA 00-7A:427F3CCF:00:00 = +4.05865610E-03 : FWB 00-00:041FEEF8:10:?? = +4.73496945E-41
A79D : BNE A76B       : A=E0 X=FD Y=3A SP=?? N=1 V=0 D=0 I=0 Z=0 C=0 : FWA 00-7A:427F3CCF:00:00 = +4.05865610E-03 : FWB 00-00:041FEEF8:10:?? = +4.73496945E-41
A76B : PHX            : A=E0 X=FD Y=3A SP=?? N=1 V=0 D=0 I=0 Z=0 C=0 : FWA 00-7A:427F3CCF:00:00 = +4.05865610E-03 : FWB 00-00:041FEEF8:10:?? = +4.73496945E-41
A76C : LSR 3D         : A=E0 X=FD Y=3A SP=?? N=0 V=0 D=0 I=0 Z=0 C=0 : FWA 00-7A:427F3CCF:00:00 = +4.05865610E-03 : FWB 00-00:021FEEF8:10:?? = +2.43908205E-41
A76E : ROR 3E         : A=E0 X=FD Y=3A SP=?? N=0 V=0 D=0 I=0 Z=0 C=1 : FWA 00-7A:427F3CCF:00:00 = +4.05865610E-03 : FWB 00-00:020FEEF8:10:?? = +2.36733557E-41
A770 : ROR 3F         : A=E0 X=FD Y=3A SP=?? N=1 V=0 D=0 I=0 Z=0 C=0 : FWA 00-7A:427F3CCF:00:00 = +4.05865610E-03 : FWB 00-00:020FF7F8:10:?? = +2.36749321E-41
A772 : ROR 40         : A=E0 X=FD Y=3A SP=?? N=0 V=0 D=0 I=0 Z=0 C=0 : FWA 00-7A:427F3CCF:00:00 = +4.05865610E-03 : FWB 00-00:020FF77C:10:?? = +2.36748473E-41
A774 : ROR 41         : A=E0 X=FD Y=3A SP=?? N=0 V=0 D=0 I=0 Z=0 C=0 : FWA 00-7A:427F3CCF:00:00 = +4.05865610E-03 : FWB 00-00:020FF77C:08:?? = +2.36748473E-41
A776 : ASL 46,X       : A=E0 X=FD Y=3A SP=?? N=1 V=0 D=0 I=0 Z=0 C=1 : FWA 00-7A:427F3CCF:00:00 = +4.05865610E-03 : FWB 00-00:020FF77C:08:?? = +2.36748473E-41
A778 : BCC A797       : A=E0 X=FD Y=3A SP=?? N=1 V=0 D=0 I=0 Z=0 C=1 : FWA 00-7A:427F3CCF:00:00 = +4.05865610E-03 : FWB 00-00:020FF77C:08:?? = +2.36748473E-41
A77A : CLC            : A=E0 X=FD Y=3A SP=?? N=1 V=0 D=0 I=0 Z=0 C=0 : FWA 00-7A:427F3CCF:00:00 = +4.05865610E-03 : FWB 00-00:020FF77C:08:?? = +2.36748473E-41
A77B : TYA            : A=3A X=FD Y=3A SP=?? N=0 V=0 D=0 I=0 Z=0 C=0 : FWA 00-7A:427F3CCF:00:00 = +4.05865610E-03 : FWB 00-00:020FF77C:08:?? = +2.36748473E-41
A77C : ADC 42,X       : A=31 X=FD Y=3A SP=?? N=0 V=0 D=0 I=0 Z=0 C=1 : FWA 00-7A:427F3CCF:00:00 = +4.05865610E-03 : FWB 00-00:020FF77C:08:?? = +2.36748473E-41
A77E : TAY            : A=31 X=FD Y=31 SP=?? N=0 V=0 D=0 I=0 Z=0 C=1 : FWA 00-7A:427F3CCF:00:00 = +4.05865610E-03 : FWB 00-00:020FF77C:08:?? = +2.36748473E-41
A77F : LDA 34         : A=CF X=FD Y=31 SP=?? N=1 V=0 D=0 I=0 Z=0 C=1 : FWA 00-7A:427F3CCF:00:00 = +4.05865610E-03 : FWB 00-00:020FF77C:08:?? = +2.36748473E-41
A781 : ADC 41,X       : A=DF X=FD Y=31 SP=?? N=1 V=0 D=0 I=0 Z=0 C=0 : FWA 00-7A:427F3CCF:00:00 = +4.05865610E-03 : FWB 00-00:020FF77C:08:?? = +2.36748473E-41
A783 : STA 34         : A=DF X=FD Y=31 SP=?? N=1 V=0 D=0 I=0 Z=0 C=0 : FWA 00-7A:427F3CDF:00:00 = +4.05865616E-03 : FWB 00-00:020FF77C:08:?? = +2.36748473E-41
A785 : LDA 33         : A=3C X=FD Y=31 SP=?? N=0 V=0 D=0 I=0 Z=0 C=0 : FWA 00-7A:427F3CDF:00:00 = +4.05865616E-03 : FWB 00-00:020FF77C:08:?? = +2.36748473E-41
A787 : ADC 40,X       : A=3E X=FD Y=31 SP=?? N=0 V=0 D=0 I=0 Z=0 C=0 : FWA 00-7A:427F3CDF:00:00 = +4.05865616E-03 : FWB 00-00:020FF77C:08:?? = +2.36748473E-41
A789 : STA 33         : A=3E X=FD Y=31 SP=?? N=0 V=0 D=0 I=0 Z=0 C=0 : FWA 00-7A:427F3EDF:00:00 = +4.05865803E-03 : FWB 00-00:020FF77C:08:?? = +2.36748473E-41
A78B : LDA 32         : A=7F X=FD Y=31 SP=?? N=0 V=0 D=0 I=0 Z=0 C=0 : FWA 00-7A:427F3EDF:00:00 = +4.05865803E-03 : FWB 00-00:020FF77C:08:?? = +2.36748473E-41
A78D : ADC 3F,X       : A=7F X=FD Y=31 SP=?? N=0 V=0 D=0 I=0 Z=0 C=0 : FWA 00-7A:427F3EDF:00:00 = +4.05865803E-03 : FWB 00-00:020FF77C:08:?? = +2.36748473E-41
A78F : STA 32         : A=7F X=FD Y=31 SP=?? N=0 V=0 D=0 I=0 Z=0 C=0 : FWA 00-7A:427F3EDF:00:00 = +4.05865803E-03 : FWB 00-00:020FF77C:08:?? = +2.36748473E-41
A791 : LDA 31         : A=42 X=FD Y=31 SP=?? N=0 V=0 D=0 I=0 Z=0 C=0 : FWA 00-7A:427F3EDF:00:00 = +4.05865803E-03 : FWB 00-00:020FF77C:08:?? = +2.36748473E-41
A793 : ADC 3E,X       : A=42 X=FD Y=31 SP=?? N=0 V=0 D=0 I=0 Z=0 C=0 : FWA 00-7A:427F3EDF:00:00 = +4.05865803E-03 : FWB 00-00:020FF77C:08:?? = +2.36748473E-41
A795 : STA 31         : A=42 X=FD Y=31 SP=?? N=0 V=0 D=0 I=0 Z=0 C=0 : FWA 00-7A:427F3EDF:00:00 = +4.05865803E-03 : FWB 00-00:020FF77C:08:?? = +2.36748473E-41
A797 : INX            : A=42 X=FE Y=31 SP=?? N=1 V=0 D=0 I=0 Z=0 C=0 : FWA 00-7A:427F3EDF:00:00 = +4.05865803E-03 : FWB 00-00:020FF77C:08:?? = +2.36748473E-41
A798 : BMI A776       : A=42 X=FE Y=31 SP=?? N=1 V=0 D=0 I=0 Z=0 C=0 : FWA 00-7A:427F3EDF:00:00 = +4.05865803E-03 : FWB 00-00:020FF77C:08:?? = +2.36748473E-41
A776 : ASL 46,X       : A=42 X=FE Y=31 SP=?? N=0 V=0 D=0 I=0 Z=0 C=1 : FWA 00-7A:427F3EDF:00:00 = +4.05865803E-03 : FWB 00-00:020FF77C:08:?? = +2.36748473E-41
A778 : BCC A797       : A=42 X=FE Y=31 SP=?? N=0 V=0 D=0 I=0 Z=0 C=1 : FWA 00-7A:427F3EDF:00:00 = +4.05865803E-03 : FWB 00-00:020FF77C:08:?? = +2.36748473E-41
A77A : CLC            : A=42 X=FE Y=31 SP=?? N=0 V=0 D=0 I=0 Z=0 C=0 : FWA 00-7A:427F3EDF:00:00 = +4.05865803E-03 : FWB 00-00:020FF77C:08:?? = +2.36748473E-41
A77B : TYA            : A=31 X=FE Y=31 SP=?? N=0 V=0 D=0 I=0 Z=0 C=0 : FWA 00-7A:427F3EDF:00:00 = +4.05865803E-03 : FWB 00-00:020FF77C:08:?? = +2.36748473E-41
A77C : ADC 42,X       : A=AD X=FE Y=31 SP=?? N=1 V=1 D=0 I=0 Z=0 C=0 : FWA 00-7A:427F3EDF:00:00 = +4.05865803E-03 : FWB 00-00:020FF77C:08:?? = +2.36748473E-41
A77E : TAY            : A=AD X=FE Y=AD SP=?? N=1 V=1 D=0 I=0 Z=0 C=0 : FWA 00-7A:427F3EDF:00:00 = +4.05865803E-03 : FWB 00-00:020FF77C:08:?? = +2.36748473E-41
A77F : LDA 34         : A=DF X=FE Y=AD SP=?? N=1 V=1 D=0 I=0 Z=0 C=0 : FWA 00-7A:427F3EDF:00:00 = +4.05865803E-03 : FWB 00-00:020FF77C:08:?? = +2.36748473E-41
A781 : ADC 41,X       : A=D6 X=FE Y=AD SP=?? N=1 V=0 D=0 I=0 Z=0 C=1 : FWA 00-7A:427F3EDF:00:00 = +4.05865803E-03 : FWB 00-00:020FF77C:08:?? = +2.36748473E-41
A783 : STA 34         : A=D6 X=FE Y=AD SP=?? N=1 V=0 D=0 I=0 Z=0 C=1 : FWA 00-7A:427F3ED6:00:00 = +4.05865799E-03 : FWB 00-00:020FF77C:08:?? = +2.36748473E-41
A785 : LDA 33         : A=3E X=FE Y=AD SP=?? N=0 V=0 D=0 I=0 Z=0 C=1 : FWA 00-7A:427F3ED6:00:00 = +4.05865799E-03 : FWB 00-00:020FF77C:08:?? = +2.36748473E-41
A787 : ADC 40,X       : A=4E X=FE Y=AD SP=?? N=0 V=0 D=0 I=0 Z=0 C=0 : FWA 00-7A:427F3ED6:00:00 = +4.05865799E-03 : FWB 00-00:020FF77C:08:?? = +2.36748473E-41
A789 : STA 33         : A=4E X=FE Y=AD SP=?? N=0 V=0 D=0 I=0 Z=0 C=0 : FWA 00-7A:427F4ED6:00:00 = +4.05867289E-03 : FWB 00-00:020FF77C:08:?? = +2.36748473E-41
A78B : LDA 32         : A=7F X=FE Y=AD SP=?? N=0 V=0 D=0 I=0 Z=0 C=0 : FWA 00-7A:427F4ED6:00:00 = +4.05867289E-03 : FWB 00-00:020FF77C:08:?? = +2.36748473E-41
A78D : ADC 3F,X       : A=81 X=FE Y=AD SP=?? N=1 V=1 D=0 I=0 Z=0 C=0 : FWA 00-7A:427F4ED6:00:00 = +4.05867289E-03 : FWB 00-00:020FF77C:08:?? = +2.36748473E-41
A78F : STA 32         : A=81 X=FE Y=AD SP=?? N=1 V=1 D=0 I=0 Z=0 C=0 : FWA 00-7A:42814ED6:00:00 = +4.05914973E-03 : FWB 00-00:020FF77C:08:?? = +2.36748473E-41
A791 : LDA 31         : A=42 X=FE Y=AD SP=?? N=0 V=1 D=0 I=0 Z=0 C=0 : FWA 00-7A:42814ED6:00:00 = +4.05914973E-03 : FWB 00-00:020FF77C:08:?? = +2.36748473E-41
A793 : ADC 3E,X       : A=42 X=FE Y=AD SP=?? N=0 V=0 D=0 I=0 Z=0 C=0 : FWA 00-7A:42814ED6:00:00 = +4.05914973E-03 : FWB 00-00:020FF77C:08:?? = +2.36748473E-41
A795 : STA 31         : A=42 X=FE Y=AD SP=?? N=0 V=0 D=0 I=0 Z=0 C=0 : FWA 00-7A:42814ED6:00:00 = +4.05914973E-03 : FWB 00-00:020FF77C:08:?? = +2.36748473E-41
A797 : INX            : A=42 X=FF Y=AD SP=?? N=1 V=0 D=0 I=0 Z=0 C=0 : FWA 00-7A:42814ED6:00:00 = +4.05914973E-03 : FWB 00-00:020FF77C:08:?? = +2.36748473E-41
A798 : BMI A776       : A=42 X=FF Y=AD SP=?? N=1 V=0 D=0 I=0 Z=0 C=0 : FWA 00-7A:42814ED6:00:00 = +4.05914973E-03 : FWB 00-00:020FF77C:08:?? = +2.36748473E-41
A776 : ASL 46,X       : A=42 X=FF Y=AD SP=?? N=1 V=0 D=0 I=0 Z=0 C=0 : FWA 00-7A:42814ED6:00:00 = +4.05914973E-03 : FWB 00-00:020FF77C:08:?? = +2.36748473E-41
A778 : BCC A797       : A=42 X=FF Y=AD SP=?? N=1 V=0 D=0 I=0 Z=0 C=0 : FWA 00-7A:42814ED6:00:00 = +4.05914973E-03 : FWB 00-00:020FF77C:08:?? = +2.36748473E-41
A797 : INX            : A=42 X=00 Y=AD SP=?? N=0 V=0 D=0 I=0 Z=1 C=0 : FWA 00-7A:42814ED6:00:00 = +4.05914973E-03 : FWB 00-00:020FF77C:08:?? = +2.36748473E-41
A798 : BMI A776       : A=42 X=00 Y=AD SP=?? N=0 V=0 D=0 I=0 Z=1 C=0 : FWA 00-7A:42814ED6:00:00 = +4.05914973E-03 : FWB 00-00:020FF77C:08:?? = +2.36748473E-41
A79A : PLX            : A=42 X=FD Y=AD SP=?? N=1 V=0 D=0 I=0 Z=0 C=0 : FWA 00-7A:42814ED6:00:00 = +4.05914973E-03 : FWB 00-00:020FF77C:08:?? = +2.36748473E-41
A79B : LDA 46,X       : A=C0 X=FD Y=AD SP=?? N=1 V=0 D=0 I=0 Z=0 C=0 : FWA 00-7A:42814ED6:00:00 = +4.05914973E-03 : FWB 00-00:020FF77C:08:?? = +2.36748473E-41
A79D : BNE A76B       : A=C0 X=FD Y=AD SP=?? N=1 V=0 D=0 I=0 Z=0 C=0 : FWA 00-7A:42814ED6:00:00 = +4.05914973E-03 : FWB 00-00:020FF77C:08:?? = +2.36748473E-41
A76B : PHX            : A=C0 X=FD Y=AD SP=?? N=1 V=0 D=0 I=0 Z=0 C=0 : FWA 00-7A:42814ED6:00:00 = +4.05914973E-03 : FWB 00-00:020FF77C:08:?? = +2.36748473E-41
A76C : LSR 3D         : A=C0 X=FD Y=AD SP=?? N=0 V=0 D=0 I=0 Z=0 C=0 : FWA 00-7A:42814ED6:00:00 = +4.05914973E-03 : FWB 00-00:010FF77C:08:?? = +1.21954102E-41
A76E : ROR 3E         : A=C0 X=FD Y=AD SP=?? N=0 V=0 D=0 I=0 Z=0 C=1 : FWA 00-7A:42814ED6:00:00 = +4.05914973E-03 : FWB 00-00:0107F77C:08:?? = +1.18366778E-41
A770 : ROR 3F         : A=C0 X=FD Y=AD SP=?? N=1 V=0 D=0 I=0 Z=0 C=1 : FWA 00-7A:42814ED6:00:00 = +4.05914973E-03 : FWB 00-00:0107FB7C:08:?? = +1.18373785E-41
A772 : ROR 40         : A=C0 X=FD Y=AD SP=?? N=1 V=0 D=0 I=0 Z=0 C=0 : FWA 00-7A:42814ED6:00:00 = +4.05914973E-03 : FWB 00-00:0107FBBE:08:?? = +1.18374236E-41
A774 : ROR 41         : A=C0 X=FD Y=AD SP=?? N=0 V=0 D=0 I=0 Z=0 C=0 : FWA 00-7A:42814ED6:00:00 = +4.05914973E-03 : FWB 00-00:0107FBBE:04:?? = +1.18374236E-41
A776 : ASL 46,X       : A=C0 X=FD Y=AD SP=?? N=1 V=0 D=0 I=0 Z=0 C=1 : FWA 00-7A:42814ED6:00:00 = +4.05914973E-03 : FWB 00-00:0107FBBE:04:?? = +1.18374236E-41
A778 : BCC A797       : A=C0 X=FD Y=AD SP=?? N=1 V=0 D=0 I=0 Z=0 C=1 : FWA 00-7A:42814ED6:00:00 = +4.05914973E-03 : FWB 00-00:0107FBBE:04:?? = +1.18374236E-41
A77A : CLC            : A=C0 X=FD Y=AD SP=?? N=1 V=0 D=0 I=0 Z=0 C=0 : FWA 00-7A:42814ED6:00:00 = +4.05914973E-03 : FWB 00-00:0107FBBE:04:?? = +1.18374236E-41
A77B : TYA            : A=AD X=FD Y=AD SP=?? N=1 V=0 D=0 I=0 Z=0 C=0 : FWA 00-7A:42814ED6:00:00 = +4.05914973E-03 : FWB 00-00:0107FBBE:04:?? = +1.18374236E-41
A77C : ADC 42,X       : A=A8 X=FD Y=AD SP=?? N=1 V=0 D=0 I=0 Z=0 C=1 : FWA 00-7A:42814ED6:00:00 = +4.05914973E-03 : FWB 00-00:0107FBBE:04:?? = +1.18374236E-41
A77E : TAY            : A=A8 X=FD Y=A8 SP=?? N=1 V=0 D=0 I=0 Z=0 C=1 : FWA 00-7A:42814ED6:00:00 = +4.05914973E-03 : FWB 00-00:0107FBBE:04:?? = +1.18374236E-41
A77F : LDA 34         : A=D6 X=FD Y=A8 SP=?? N=1 V=0 D=0 I=0 Z=0 C=1 : FWA 00-7A:42814ED6:00:00 = +4.05914973E-03 : FWB 00-00:0107FBBE:04:?? = +1.18374236E-41
A781 : ADC 41,X       : A=DE X=FD Y=A8 SP=?? N=1 V=0 D=0 I=0 Z=0 C=0 : FWA 00-7A:42814ED6:00:00 = +4.05914973E-03 : FWB 00-00:0107FBBE:04:?? = +1.18374236E-41
A783 : STA 34         : A=DE X=FD Y=A8 SP=?? N=1 V=0 D=0 I=0 Z=0 C=0 : FWA 00-7A:42814EDE:00:00 = +4.05914976E-03 : FWB 00-00:0107FBBE:04:?? = +1.18374236E-41
A785 : LDA 33         : A=4E X=FD Y=A8 SP=?? N=0 V=0 D=0 I=0 Z=0 C=0 : FWA 00-7A:42814EDE:00:00 = +4.05914976E-03 : FWB 00-00:0107FBBE:04:?? = +1.18374236E-41
A787 : ADC 40,X       : A=4F X=FD Y=A8 SP=?? N=0 V=0 D=0 I=0 Z=0 C=0 : FWA 00-7A:42814EDE:00:00 = +4.05914976E-03 : FWB 00-00:0107FBBE:04:?? = +1.18374236E-41
A789 : STA 33         : A=4F X=FD Y=A8 SP=?? N=0 V=0 D=0 I=0 Z=0 C=0 : FWA 00-7A:42814FDE:00:00 = +4.05915069E-03 : FWB 00-00:0107FBBE:04:?? = +1.18374236E-41
A78B : LDA 32         : A=81 X=FD Y=A8 SP=?? N=1 V=0 D=0 I=0 Z=0 C=0 : FWA 00-7A:42814FDE:00:00 = +4.05915069E-03 : FWB 00-00:0107FBBE:04:?? = +1.18374236E-41
A78D : ADC 3F,X       : A=81 X=FD Y=A8 SP=?? N=1 V=0 D=0 I=0 Z=0 C=0 : FWA 00-7A:42814FDE:00:00 = +4.05915069E-03 : FWB 00-00:0107FBBE:04:?? = +1.18374236E-41
A78F : STA 32         : A=81 X=FD Y=A8 SP=?? N=1 V=0 D=0 I=0 Z=0 C=0 : FWA 00-7A:42814FDE:00:00 = +4.05915069E-03 : FWB 00-00:0107FBBE:04:?? = +1.18374236E-41
A791 : LDA 31         : A=42 X=FD Y=A8 SP=?? N=0 V=0 D=0 I=0 Z=0 C=0 : FWA 00-7A:42814FDE:00:00 = +4.05915069E-03 : FWB 00-00:0107FBBE:04:?? = +1.18374236E-41
A793 : ADC 3E,X       : A=42 X=FD Y=A8 SP=?? N=0 V=0 D=0 I=0 Z=0 C=0 : FWA 00-7A:42814FDE:00:00 = +4.05915069E-03 : FWB 00-00:0107FBBE:04:?? = +1.18374236E-41
A795 : STA 31         : A=42 X=FD Y=A8 SP=?? N=0 V=0 D=0 I=0 Z=0 C=0 : FWA 00-7A:42814FDE:00:00 = +4.05915069E-03 : FWB 00-00:0107FBBE:04:?? = +1.18374236E-41
A797 : INX            : A=42 X=FE Y=A8 SP=?? N=1 V=0 D=0 I=0 Z=0 C=0 : FWA 00-7A:42814FDE:00:00 = +4.05915069E-03 : FWB 00-00:0107FBBE:04:?? = +1.18374236E-41
A798 : BMI A776       : A=42 X=FE Y=A8 SP=?? N=1 V=0 D=0 I=0 Z=0 C=0 : FWA 00-7A:42814FDE:00:00 = +4.05915069E-03 : FWB 00-00:0107FBBE:04:?? = +1.18374236E-41
A776 : ASL 46,X       : A=42 X=FE Y=A8 SP=?? N=1 V=0 D=0 I=0 Z=0 C=0 : FWA 00-7A:42814FDE:00:00 = +4.05915069E-03 : FWB 00-00:0107FBBE:04:?? = +1.18374236E-41
A778 : BCC A797       : A=42 X=FE Y=A8 SP=?? N=1 V=0 D=0 I=0 Z=0 C=0 : FWA 00-7A:42814FDE:00:00 = +4.05915069E-03 : FWB 00-00:0107FBBE:04:?? = +1.18374236E-41
A797 : INX            : A=42 X=FF Y=A8 SP=?? N=1 V=0 D=0 I=0 Z=0 C=0 : FWA 00-7A:42814FDE:00:00 = +4.05915069E-03 : FWB 00-00:0107FBBE:04:?? = +1.18374236E-41
A798 : BMI A776       : A=42 X=FF Y=A8 SP=?? N=1 V=0 D=0 I=0 Z=0 C=0 : FWA 00-7A:42814FDE:00:00 = +4.05915069E-03 : FWB 00-00:0107FBBE:04:?? = +1.18374236E-41
A776 : ASL 46,X       : A=42 X=FF Y=A8 SP=?? N=1 V=0 D=0 I=0 Z=0 C=1 : FWA 00-7A:42814FDE:00:00 = +4.05915069E-03 : FWB 00-00:0107FBBE:04:?? = +1.18374236E-41
A778 : BCC A797       : A=42 X=FF Y=A8 SP=?? N=1 V=0 D=0 I=0 Z=0 C=1 : FWA 00-7A:42814FDE:00:00 = +4.05915069E-03 : FWB 00-00:0107FBBE:04:?? = +1.18374236E-41
A77A : CLC            : A=42 X=FF Y=A8 SP=?? N=1 V=0 D=0 I=0 Z=0 C=0 : FWA 00-7A:42814FDE:00:00 = +4.05915069E-03 : FWB 00-00:0107FBBE:04:?? = +1.18374236E-41
A77B : TYA            : A=A8 X=FF Y=A8 SP=?? N=1 V=0 D=0 I=0 Z=0 C=0 : FWA 00-7A:42814FDE:00:00 = +4.05915069E-03 : FWB 00-00:0107FBBE:04:?? = +1.18374236E-41
A77C : ADC 42,X       : A=AC X=FF Y=A8 SP=?? N=1 V=0 D=0 I=0 Z=0 C=0 : FWA 00-7A:42814FDE:00:00 = +4.05915069E-03 : FWB 00-00:0107FBBE:04:?? = +1.18374236E-41
A77E : TAY            : A=AC X=FF Y=AC SP=?? N=1 V=0 D=0 I=0 Z=0 C=0 : FWA 00-7A:42814FDE:00:00 = +4.05915069E-03 : FWB 00-00:0107FBBE:04:?? = +1.18374236E-41
A77F : LDA 34         : A=DE X=FF Y=AC SP=?? N=1 V=0 D=0 I=0 Z=0 C=0 : FWA 00-7A:42814FDE:00:00 = +4.05915069E-03 : FWB 00-00:0107FBBE:04:?? = +1.18374236E-41
A781 : ADC 41,X       : A=9C X=FF Y=AC SP=?? N=1 V=0 D=0 I=0 Z=0 C=1 : FWA 00-7A:42814FDE:00:00 = +4.05915069E-03 : FWB 00-00:0107FBBE:04:?? = +1.18374236E-41
A783 : STA 34         : A=9C X=FF Y=AC SP=?? N=1 V=0 D=0 I=0 Z=0 C=1 : FWA 00-7A:42814F9C:00:00 = +4.05915045E-03 : FWB 00-00:0107FBBE:04:?? = +1.18374236E-41
A785 : LDA 33         : A=4F X=FF Y=AC SP=?? N=0 V=0 D=0 I=0 Z=0 C=1 : FWA 00-7A:42814F9C:00:00 = +4.05915045E-03 : FWB 00-00:0107FBBE:04:?? = +1.18374236E-41
A787 : ADC 40,X       : A=4B X=FF Y=AC SP=?? N=0 V=0 D=0 I=0 Z=0 C=1 : FWA 00-7A:42814F9C:00:00 = +4.05915045E-03 : FWB 00-00:0107FBBE:04:?? = +1.18374236E-41
A789 : STA 33         : A=4B X=FF Y=AC SP=?? N=0 V=0 D=0 I=0 Z=0 C=1 : FWA 00-7A:42814B9C:00:00 = +4.05914673E-03 : FWB 00-00:0107FBBE:04:?? = +1.18374236E-41
A78B : LDA 32         : A=81 X=FF Y=AC SP=?? N=1 V=0 D=0 I=0 Z=0 C=1 : FWA 00-7A:42814B9C:00:00 = +4.05914673E-03 : FWB 00-00:0107FBBE:04:?? = +1.18374236E-41
A78D : ADC 3F,X       : A=89 X=FF Y=AC SP=?? N=1 V=0 D=0 I=0 Z=0 C=0 : FWA 00-7A:42814B9C:00:00 = +4.05914673E-03 : FWB 00-00:0107FBBE:04:?? = +1.18374236E-41
A78F : STA 32         : A=89 X=FF Y=AC SP=?? N=1 V=0 D=0 I=0 Z=0 C=0 : FWA 00-7A:42894B9C:00:00 = +4.06105407E-03 : FWB 00-00:0107FBBE:04:?? = +1.18374236E-41
A791 : LDA 31         : A=42 X=FF Y=AC SP=?? N=0 V=0 D=0 I=0 Z=0 C=0 : FWA 00-7A:42894B9C:00:00 = +4.06105407E-03 : FWB 00-00:0107FBBE:04:?? = +1.18374236E-41
A793 : ADC 3E,X       : A=43 X=FF Y=AC SP=?? N=0 V=0 D=0 I=0 Z=0 C=0 : FWA 00-7A:42894B9C:00:00 = +4.06105407E-03 : FWB 00-00:0107FBBE:04:?? = +1.18374236E-41
A795 : STA 31         : A=43 X=FF Y=AC SP=?? N=0 V=0 D=0 I=0 Z=0 C=0 : FWA 00-7A:43894B9C:00:00 = +4.12208923E-03 : FWB 00-00:0107FBBE:04:?? = +1.18374236E-41
A797 : INX            : A=43 X=00 Y=AC SP=?? N=0 V=0 D=0 I=0 Z=1 C=0 : FWA 00-7A:43894B9C:00:00 = +4.12208923E-03 : FWB 00-00:0107FBBE:04:?? = +1.18374236E-41
A798 : BMI A776       : A=43 X=00 Y=AC SP=?? N=0 V=0 D=0 I=0 Z=1 C=0 : FWA 00-7A:43894B9C:00:00 = +4.12208923E-03 : FWB 00-00:0107FBBE:04:?? = +1.18374236E-41
A79A : PLX            : A=43 X=FD Y=AC SP=?? N=1 V=0 D=0 I=0 Z=0 C=0 : FWA 00-7A:43894B9C:00:00 = +4.12208923E-03 : FWB 00-00:0107FBBE:04:?? = +1.18374236E-41
A79B : LDA 46,X       : A=80 X=FD Y=AC SP=?? N=1 V=0 D=0 I=0 Z=0 C=0 : FWA 00-7A:43894B9C:00:00 = +4.12208923E-03 : FWB 00-00:0107FBBE:04:?? = +1.18374236E-41
A79D : BNE A76B       : A=80 X=FD Y=AC SP=?? N=1 V=0 D=0 I=0 Z=0 C=0 : FWA 00-7A:43894B9C:00:00 = +4.12208923E-03 : FWB 00-00:0107FBBE:04:?? = +1.18374236E-41
A76B : PHX            : A=80 X=FD Y=AC SP=?? N=1 V=0 D=0 I=0 Z=0 C=0 : FWA 00-7A:43894B9C:00:00 = +4.12208923E-03 : FWB 00-00:0107FBBE:04:?? = +1.18374236E-41
A76C : LSR 3D         : A=80 X=FD Y=AC SP=?? N=0 V=0 D=0 I=0 Z=1 C=1 : FWA 00-7A:43894B9C:00:00 = +4.12208923E-03 : FWB 00-00:0007FBBE:04:?? = +3.57986609E-43
A76E : ROR 3E         : A=80 X=FD Y=AC SP=?? N=1 V=0 D=0 I=0 Z=0 C=1 : FWA 00-7A:43894B9C:00:00 = +4.12208923E-03 : FWB 00-00:0083FBBE:04:?? = +5.91833892E-42
A770 : ROR 3F         : A=80 X=FD Y=AC SP=?? N=1 V=0 D=0 I=0 Z=0 C=1 : FWA 00-7A:43894B9C:00:00 = +4.12208923E-03 : FWB 00-00:0083FDBE:04:?? = +5.91868924E-42
A772 : ROR 40         : A=80 X=FD Y=AC SP=?? N=1 V=0 D=0 I=0 Z=0 C=0 : FWA 00-7A:43894B9C:00:00 = +4.12208923E-03 : FWB 00-00:0083FDDF:04:?? = +5.91871182E-42
A774 : ROR 41         : A=80 X=FD Y=AC SP=?? N=0 V=0 D=0 I=0 Z=0 C=0 : FWA 00-7A:43894B9C:00:00 = +4.12208923E-03 : FWB 00-00:0083FDDF:02:?? = +5.91871181E-42
A776 : ASL 46,X       : A=80 X=FD Y=AC SP=?? N=0 V=0 D=0 I=0 Z=1 C=1 : FWA 00-7A:43894B9C:00:00 = +4.12208923E-03 : FWB 00-00:0083FDDF:02:?? = +5.91871181E-42
A778 : BCC A797       : A=80 X=FD Y=AC SP=?? N=0 V=0 D=0 I=0 Z=1 C=1 : FWA 00-7A:43894B9C:00:00 = +4.12208923E-03 : FWB 00-00:0083FDDF:02:?? = +5.91871181E-42
A77A : CLC            : A=80 X=FD Y=AC SP=?? N=0 V=0 D=0 I=0 Z=1 C=0 : FWA 00-7A:43894B9C:00:00 = +4.12208923E-03 : FWB 00-00:0083FDDF:02:?? = +5.91871181E-42
A77B : TYA            : A=AC X=FD Y=AC SP=?? N=1 V=0 D=0 I=0 Z=0 C=0 : FWA 00-7A:43894B9C:00:00 = +4.12208923E-03 : FWB 00-00:0083FDDF:02:?? = +5.91871181E-42
A77C : ADC 42,X       : A=A9 X=FD Y=AC SP=?? N=1 V=0 D=0 I=0 Z=0 C=1 : FWA 00-7A:43894B9C:00:00 = +4.12208923E-03 : FWB 00-00:0083FDDF:02:?? = +5.91871181E-42
A77E : TAY            : A=A9 X=FD Y=A9 SP=?? N=1 V=0 D=0 I=0 Z=0 C=1 : FWA 00-7A:43894B9C:00:00 = +4.12208923E-03 : FWB 00-00:0083FDDF:02:?? = +5.91871181E-42
A77F : LDA 34         : A=9C X=FD Y=A9 SP=?? N=1 V=0 D=0 I=0 Z=0 C=1 : FWA 00-7A:43894B9C:00:00 = +4.12208923E-03 : FWB 00-00:0083FDDF:02:?? = +5.91871181E-42
A781 : ADC 41,X       : A=20 X=FD Y=A9 SP=?? N=0 V=1 D=0 I=0 Z=0 C=1 : FWA 00-7A:43894B9C:00:00 = +4.12208923E-03 : FWB 00-00:0083FDDF:02:?? = +5.91871181E-42
A783 : STA 34         : A=20 X=FD Y=A9 SP=?? N=0 V=1 D=0 I=0 Z=0 C=1 : FWA 00-7A:43894B20:00:00 = +4.12208878E-03 : FWB 00-00:0083FDDF:02:?? = +5.91871181E-42
A785 : LDA 33         : A=4B X=FD Y=A9 SP=?? N=0 V=1 D=0 I=0 Z=0 C=1 : FWA 00-7A:43894B20:00:00 = +4.12208878E-03 : FWB 00-00:0083FDDF:02:?? = +5.91871181E-42
A787 : ADC 40,X       : A=4C X=FD Y=A9 SP=?? N=0 V=0 D=0 I=0 Z=0 C=0 : FWA 00-7A:43894B20:00:00 = +4.12208878E-03 : FWB 00-00:0083FDDF:02:?? = +5.91871181E-42
A789 : STA 33         : A=4C X=FD Y=A9 SP=?? N=0 V=0 D=0 I=0 Z=0 C=0 : FWA 00-7A:43894C20:00:00 = +4.12208971E-03 : FWB 00-00:0083FDDF:02:?? = +5.91871181E-42
A78B : LDA 32         : A=89 X=FD Y=A9 SP=?? N=1 V=0 D=0 I=0 Z=0 C=0 : FWA 00-7A:43894C20:00:00 = +4.12208971E-03 : FWB 00-00:0083FDDF:02:?? = +5.91871181E-42
A78D : ADC 3F,X       : A=89 X=FD Y=A9 SP=?? N=1 V=0 D=0 I=0 Z=0 C=0 : FWA 00-7A:43894C20:00:00 = +4.12208971E-03 : FWB 00-00:0083FDDF:02:?? = +5.91871181E-42
A78F : STA 32         : A=89 X=FD Y=A9 SP=?? N=1 V=0 D=0 I=0 Z=0 C=0 : FWA 00-7A:43894C20:00:00 = +4.12208971E-03 : FWB 00-00:0083FDDF:02:?? = +5.91871181E-42
A791 : LDA 31         : A=43 X=FD Y=A9 SP=?? N=0 V=0 D=0 I=0 Z=0 C=0 : FWA 00-7A:43894C20:00:00 = +4.12208971E-03 : FWB 00-00:0083FDDF:02:?? = +5.91871181E-42
A793 : ADC 3E,X       : A=43 X=FD Y=A9 SP=?? N=0 V=0 D=0 I=0 Z=0 C=0 : FWA 00-7A:43894C20:00:00 = +4.12208971E-03 : FWB 00-00:0083FDDF:02:?? = +5.91871181E-42
A795 : STA 31         : A=43 X=FD Y=A9 SP=?? N=0 V=0 D=0 I=0 Z=0 C=0 : FWA 00-7A:43894C20:00:00 = +4.12208971E-03 : FWB 00-00:0083FDDF:02:?? = +5.91871181E-42
A797 : INX            : A=43 X=FE Y=A9 SP=?? N=1 V=0 D=0 I=0 Z=0 C=0 : FWA 00-7A:43894C20:00:00 = +4.12208971E-03 : FWB 00-00:0083FDDF:02:?? = +5.91871181E-42
A798 : BMI A776       : A=43 X=FE Y=A9 SP=?? N=1 V=0 D=0 I=0 Z=0 C=0 : FWA 00-7A:43894C20:00:00 = +4.12208971E-03 : FWB 00-00:0083FDDF:02:?? = +5.91871181E-42
A776 : ASL 46,X       : A=43 X=FE Y=A9 SP=?? N=0 V=0 D=0 I=0 Z=1 C=1 : FWA 00-7A:43894C20:00:00 = +4.12208971E-03 : FWB 00-00:0083FDDF:02:?? = +5.91871181E-42
A778 : BCC A797       : A=43 X=FE Y=A9 SP=?? N=0 V=0 D=0 I=0 Z=1 C=1 : FWA 00-7A:43894C20:00:00 = +4.12208971E-03 : FWB 00-00:0083FDDF:02:?? = +5.91871181E-42
A77A : CLC            : A=43 X=FE Y=A9 SP=?? N=0 V=0 D=0 I=0 Z=1 C=0 : FWA 00-7A:43894C20:00:00 = +4.12208971E-03 : FWB 00-00:0083FDDF:02:?? = +5.91871181E-42
A77B : TYA            : A=A9 X=FE Y=A9 SP=?? N=1 V=0 D=0 I=0 Z=0 C=0 : FWA 00-7A:43894C20:00:00 = +4.12208971E-03 : FWB 00-00:0083FDDF:02:?? = +5.91871181E-42
A77C : ADC 42,X       : A=88 X=FE Y=A9 SP=?? N=1 V=0 D=0 I=0 Z=0 C=1 : FWA 00-7A:43894C20:00:00 = +4.12208971E-03 : FWB 00-00:0083FDDF:02:?? = +5.91871181E-42
A77E : TAY            : A=88 X=FE Y=88 SP=?? N=1 V=0 D=0 I=0 Z=0 C=1 : FWA 00-7A:43894C20:00:00 = +4.12208971E-03 : FWB 00-00:0083FDDF:02:?? = +5.91871181E-42
A77F : LDA 34         : A=20 X=FE Y=88 SP=?? N=0 V=0 D=0 I=0 Z=0 C=1 : FWA 00-7A:43894C20:00:00 = +4.12208971E-03 : FWB 00-00:0083FDDF:02:?? = +5.91871181E-42
A781 : ADC 41,X       : A=1E X=FE Y=88 SP=?? N=0 V=0 D=0 I=0 Z=0 C=1 : FWA 00-7A:43894C20:00:00 = +4.12208971E-03 : FWB 00-00:0083FDDF:02:?? = +5.91871181E-42
A783 : STA 34         : A=1E X=FE Y=88 SP=?? N=0 V=0 D=0 I=0 Z=0 C=1 : FWA 00-7A:43894C1E:00:00 = +4.12208970E-03 : FWB 00-00:0083FDDF:02:?? = +5.91871181E-42
A785 : LDA 33         : A=4C X=FE Y=88 SP=?? N=0 V=0 D=0 I=0 Z=0 C=1 : FWA 00-7A:43894C1E:00:00 = +4.12208970E-03 : FWB 00-00:0083FDDF:02:?? = +5.91871181E-42
A787 : ADC 40,X       : A=D0 X=FE Y=88 SP=?? N=1 V=0 D=0 I=0 Z=0 C=0 : FWA 00-7A:43894C1E:00:00 = +4.12208970E-03 : FWB 00-00:0083FDDF:02:?? = +5.91871181E-42
A789 : STA 33         : A=D0 X=FE Y=88 SP=?? N=1 V=0 D=0 I=0 Z=0 C=0 : FWA 00-7A:4389D01E:00:00 = +4.12221264E-03 : FWB 00-00:0083FDDF:02:?? = +5.91871181E-42
A78B : LDA 32         : A=89 X=FE Y=88 SP=?? N=1 V=0 D=0 I=0 Z=0 C=0 : FWA 00-7A:4389D01E:00:00 = +4.12221264E-03 : FWB 00-00:0083FDDF:02:?? = +5.91871181E-42
A78D : ADC 3F,X       : A=89 X=FE Y=88 SP=?? N=1 V=0 D=0 I=0 Z=0 C=0 : FWA 00-7A:4389D01E:00:00 = +4.12221264E-03 : FWB 00-00:0083FDDF:02:?? = +5.91871181E-42
A78F : STA 32         : A=89 X=FE Y=88 SP=?? N=1 V=0 D=0 I=0 Z=0 C=0 : FWA 00-7A:4389D01E:00:00 = +4.12221264E-03 : FWB 00-00:0083FDDF:02:?? = +5.91871181E-42
A791 : LDA 31         : A=43 X=FE Y=88 SP=?? N=0 V=0 D=0 I=0 Z=0 C=0 : FWA 00-7A:4389D01E:00:00 = +4.12221264E-03 : FWB 00-00:0083FDDF:02:?? = +5.91871181E-42
A793 : ADC 3E,X       : A=43 X=FE Y=88 SP=?? N=0 V=0 D=0 I=0 Z=0 C=0 : FWA 00-7A:4389D01E:00:00 = +4.12221264E-03 : FWB 00-00:0083FDDF:02:?? = +5.91871181E-42
A795 : STA 31         : A=43 X=FE Y=88 SP=?? N=0 V=0 D=0 I=0 Z=0 C=0 : FWA 00-7A:4389D01E:00:00 = +4.12221264E-03 : FWB 00-00:0083FDDF:02:?? = +5.91871181E-42
A797 : INX            : A=43 X=FF Y=88 SP=?? N=1 V=0 D=0 I=0 Z=0 C=0 : FWA 00-7A:4389D01E:00:00 = +4.12221264E-03 : FWB 00-00:0083FDDF:02:?? = +5.91871181E-42
A798 : BMI A776       : A=43 X=FF Y=88 SP=?? N=1 V=0 D=0 I=0 Z=0 C=0 : FWA 00-7A:4389D01E:00:00 = +4.12221264E-03 : FWB 00-00:0083FDDF:02:?? = +5.91871181E-42
A776 : ASL 46,X       : A=43 X=FF Y=88 SP=?? N=0 V=0 D=0 I=0 Z=1 C=1 : FWA 00-7A:4389D01E:00:00 = +4.12221264E-03 : FWB 00-00:0083FDDF:02:?? = +5.91871181E-42
A778 : BCC A797       : A=43 X=FF Y=88 SP=?? N=0 V=0 D=0 I=0 Z=1 C=1 : FWA 00-7A:4389D01E:00:00 = +4.12221264E-03 : FWB 00-00:0083FDDF:02:?? = +5.91871181E-42
A77A : CLC            : A=43 X=FF Y=88 SP=?? N=0 V=0 D=0 I=0 Z=1 C=0 : FWA 00-7A:4389D01E:00:00 = +4.12221264E-03 : FWB 00-00:0083FDDF:02:?? = +5.91871181E-42
A77B : TYA            : A=88 X=FF Y=88 SP=?? N=1 V=0 D=0 I=0 Z=0 C=0 : FWA 00-7A:4389D01E:00:00 = +4.12221264E-03 : FWB 00-00:0083FDDF:02:?? = +5.91871181E-42
A77C : ADC 42,X       : A=8A X=FF Y=88 SP=?? N=1 V=0 D=0 I=0 Z=0 C=0 : FWA 00-7A:4389D01E:00:00 = +4.12221264E-03 : FWB 00-00:0083FDDF:02:?? = +5.91871181E-42
A77E : TAY            : A=8A X=FF Y=8A SP=?? N=1 V=0 D=0 I=0 Z=0 C=0 : FWA 00-7A:4389D01E:00:00 = +4.12221264E-03 : FWB 00-00:0083FDDF:02:?? = +5.91871181E-42
A77F : LDA 34         : A=1E X=FF Y=8A SP=?? N=0 V=0 D=0 I=0 Z=0 C=0 : FWA 00-7A:4389D01E:00:00 = +4.12221264E-03 : FWB 00-00:0083FDDF:02:?? = +5.91871181E-42
A781 : ADC 41,X       : A=FD X=FF Y=8A SP=?? N=1 V=0 D=0 I=0 Z=0 C=0 : FWA 00-7A:4389D01E:00:00 = +4.12221264E-03 : FWB 00-00:0083FDDF:02:?? = +5.91871181E-42
A783 : STA 34         : A=FD X=FF Y=8A SP=?? N=1 V=0 D=0 I=0 Z=0 C=0 : FWA 00-7A:4389D0FD:00:00 = +4.12221345E-03 : FWB 00-00:0083FDDF:02:?? = +5.91871181E-42
A785 : LDA 33         : A=D0 X=FF Y=8A SP=?? N=1 V=0 D=0 I=0 Z=0 C=0 : FWA 00-7A:4389D0FD:00:00 = +4.12221345E-03 : FWB 00-00:0083FDDF:02:?? = +5.91871181E-42
A787 : ADC 40,X       : A=CD X=FF Y=8A SP=?? N=1 V=0 D=0 I=0 Z=0 C=1 : FWA 00-7A:4389D0FD:00:00 = +4.12221345E-03 : FWB 00-00:0083FDDF:02:?? = +5.91871181E-42
A789 : STA 33         : A=CD X=FF Y=8A SP=?? N=1 V=0 D=0 I=0 Z=0 C=1 : FWA 00-7A:4389CDFD:00:00 = +4.12221066E-03 : FWB 00-00:0083FDDF:02:?? = +5.91871181E-42
A78B : LDA 32         : A=89 X=FF Y=8A SP=?? N=1 V=0 D=0 I=0 Z=0 C=1 : FWA 00-7A:4389CDFD:00:00 = +4.12221066E-03 : FWB 00-00:0083FDDF:02:?? = +5.91871181E-42
A78D : ADC 3F,X       : A=0D X=FF Y=8A SP=?? N=0 V=1 D=0 I=0 Z=0 C=1 : FWA 00-7A:4389CDFD:00:00 = +4.12221066E-03 : FWB 00-00:0083FDDF:02:?? = +5.91871181E-42
A78F : STA 32         : A=0D X=FF Y=8A SP=?? N=0 V=1 D=0 I=0 Z=0 C=1 : FWA 00-7A:430DCDFD:00:00 = +4.09264675E-03 : FWB 00-00:0083FDDF:02:?? = +5.91871181E-42
A791 : LDA 31         : A=43 X=FF Y=8A SP=?? N=0 V=1 D=0 I=0 Z=0 C=1 : FWA 00-7A:430DCDFD:00:00 = +4.09264675E-03 : FWB 00-00:0083FDDF:02:?? = +5.91871181E-42
A793 : ADC 3E,X       : A=44 X=FF Y=8A SP=?? N=0 V=0 D=0 I=0 Z=0 C=0 : FWA 00-7A:430DCDFD:00:00 = +4.09264675E-03 : FWB 00-00:0083FDDF:02:?? = +5.91871181E-42
A795 : STA 31         : A=44 X=FF Y=8A SP=?? N=0 V=0 D=0 I=0 Z=0 C=0 : FWA 00-7A:440DCDFD:00:00 = +4.15368191E-03 : FWB 00-00:0083FDDF:02:?? = +5.91871181E-42
A797 : INX            : A=44 X=00 Y=8A SP=?? N=0 V=0 D=0 I=0 Z=1 C=0 : FWA 00-7A:440DCDFD:00:00 = +4.15368191E-03 : FWB 00-00:0083FDDF:02:?? = +5.91871181E-42
A798 : BMI A776       : A=44 X=00 Y=8A SP=?? N=0 V=0 D=0 I=0 Z=1 C=0 : FWA 00-7A:440DCDFD:00:00 = +4.15368191E-03 : FWB 00-00:0083FDDF:02:?? = +5.91871181E-42
A79A : PLX            : A=44 X=FD Y=8A SP=?? N=1 V=0 D=0 I=0 Z=0 C=0 : FWA 00-7A:440DCDFD:00:00 = +4.15368191E-03 : FWB 00-00:0083FDDF:02:?? = +5.91871181E-42
A79B : LDA 46,X       : A=00 X=FD Y=8A SP=?? N=0 V=0 D=0 I=0 Z=1 C=0 : FWA 00-7A:440DCDFD:00:00 = +4.15368191E-03 : FWB 00-00:0083FDDF:02:?? = +5.91871181E-42
A79D : BNE A76B       : A=00 X=FD Y=8A SP=?? N=0 V=0 D=0 I=0 Z=1 C=0 : FWA 00-7A:440DCDFD:00:00 = +4.15368191E-03 : FWB 00-00:0083FDDF:02:?? = +5.91871181E-42
A79F : INX            : A=00 X=FE Y=8A SP=?? N=1 V=0 D=0 I=0 Z=0 C=0 : FWA 00-7A:440DCDFD:00:00 = +4.15368191E-03 : FWB 00-00:0083FDDF:02:?? = +5.91871181E-42
A7A0 : BMI A79B       : A=00 X=FE Y=8A SP=?? N=1 V=0 D=0 I=0 Z=0 C=0 : FWA 00-7A:440DCDFD:00:00 = +4.15368191E-03 : FWB 00-00:0083FDDF:02:?? = +5.91871181E-42
A79B : LDA 46,X       : A=00 X=FE Y=8A SP=?? N=0 V=0 D=0 I=0 Z=1 C=0 : FWA 00-7A:440DCDFD:00:00 = +4.15368191E-03 : FWB 00-00:0083FDDF:02:?? = +5.91871181E-42
A79D : BNE A76B       : A=00 X=FE Y=8A SP=?? N=0 V=0 D=0 I=0 Z=1 C=0 : FWA 00-7A:440DCDFD:00:00 = +4.15368191E-03 : FWB 00-00:0083FDDF:02:?? = +5.91871181E-42
A79F : INX            : A=00 X=FF Y=8A SP=?? N=1 V=0 D=0 I=0 Z=0 C=0 : FWA 00-7A:440DCDFD:00:00 = +4.15368191E-03 : FWB 00-00:0083FDDF:02:?? = +5.91871181E-42
A7A0 : BMI A79B       : A=00 X=FF Y=8A SP=?? N=1 V=0 D=0 I=0 Z=0 C=0 : FWA 00-7A:440DCDFD:00:00 = +4.15368191E-03 : FWB 00-00:0083FDDF:02:?? = +5.91871181E-42
A79B : LDA 46,X       : A=00 X=FF Y=8A SP=?? N=0 V=0 D=0 I=0 Z=1 C=0 : FWA 00-7A:440DCDFD:00:00 = +4.15368191E-03 : FWB 00-00:0083FDDF:02:?? = +5.91871181E-42
A79D : BNE A76B       : A=00 X=FF Y=8A SP=?? N=0 V=0 D=0 I=0 Z=1 C=0 : FWA 00-7A:440DCDFD:00:00 = +4.15368191E-03 : FWB 00-00:0083FDDF:02:?? = +5.91871181E-42
A79F : INX            : A=00 X=00 Y=8A SP=?? N=0 V=0 D=0 I=0 Z=1 C=0 : FWA 00-7A:440DCDFD:00:00 = +4.15368191E-03 : FWB 00-00:0083FDDF:02:?? = +5.91871181E-42
A7A0 : BMI A79B       : A=00 X=00 Y=8A SP=?? N=0 V=0 D=0 I=0 Z=1 C=0 : FWA 00-7A:440DCDFD:00:00 = +4.15368191E-03 : FWB 00-00:0083FDDF:02:?? = +5.91871181E-42
A7A2 : PLX            : A=00 X=E7 Y=8A SP=?? N=1 V=0 D=0 I=0 Z=0 C=0 : FWA 00-7A:440DCDFD:00:00 = +4.15368191E-03 : FWB 00-00:0083FDDF:02:?? = +5.91871181E-42
A7A3 : STY 35         : A=00 X=E7 Y=8A SP=?? N=1 V=0 D=0 I=0 Z=0 C=0 : FWA 00-7A:440DCDFD:8A:00 = +4.15368191E-03 : FWB 00-00:0083FDDF:02:?? = +5.91871181E-42
A7A5 : LDA 31         : A=44 X=E7 Y=8A SP=?? N=0 V=0 D=0 I=0 Z=0 C=0 : FWA 00-7A:440DCDFD:8A:00 = +4.15368191E-03 : FWB 00-00:0083FDDF:02:?? = +5.91871181E-42
A7A7 : BMI A73D       : A=44 X=E7 Y=8A SP=?? N=0 V=0 D=0 I=0 Z=0 C=0 : FWA 00-7A:440DCDFD:8A:00 = +4.15368191E-03 : FWB 00-00:0083FDDF:02:?? = +5.91871181E-42
A7A9 : JMP 8306       : A=44 X=E7 Y=8A SP=?? N=0 V=0 D=0 I=0 Z=0 C=0 : FWA 00-7A:440DCDFD:8A:00 = +4.15368191E-03 : FWB 00-00:0083FDDF:02:?? = +5.91871181E-42
8306 : BNE 832F       : A=44 X=E7 Y=8A SP=?? N=0 V=0 D=0 I=0 Z=0 C=0 : FWA 00-7A:440DCDFD:8A:00 = +4.15368191E-03 : FWB 00-00:0083FDDF:02:?? = +5.91871181E-42
832F : LDY 30         : A=44 X=E7 Y=7A SP=?? N=0 V=0 D=0 I=0 Z=0 C=0 : FWA 00-7A:440DCDFD:8A:00 = +4.15368191E-03 : FWB 00-00:0083FDDF:02:?? = +5.91871181E-42
8331 : DEY            : A=44 X=E7 Y=79 SP=?? N=0 V=0 D=0 I=0 Z=0 C=0 : FWA 00-7A:440DCDFD:8A:00 = +4.15368191E-03 : FWB 00-00:0083FDDF:02:?? = +5.91871181E-42
8332 : ASL 35         : A=44 X=E7 Y=79 SP=?? N=0 V=0 D=0 I=0 Z=0 C=1 : FWA 00-7A:440DCDFD:14:00 = +4.15368191E-03 : FWB 00-00:0083FDDF:02:?? = +5.91871181E-42
8334 : ROL 34         : A=44 X=E7 Y=79 SP=?? N=1 V=0 D=0 I=0 Z=0 C=1 : FWA 00-7A:440DCDFB:14:00 = +4.15368190E-03 : FWB 00-00:0083FDDF:02:?? = +5.91871181E-42
8336 : ROL 33         : A=44 X=E7 Y=79 SP=?? N=1 V=0 D=0 I=0 Z=0 C=1 : FWA 00-7A:440D9BFB:14:00 = +4.15363533E-03 : FWB 00-00:0083FDDF:02:?? = +5.91871181E-42
8338 : ROL 32         : A=44 X=E7 Y=79 SP=?? N=0 V=0 D=0 I=0 Z=0 C=0 : FWA 00-7A:441B9BFB:14:00 = +4.15697320E-03 : FWB 00-00:0083FDDF:02:?? = +5.91871181E-42
833A : ROL A          : A=88 X=E7 Y=79 SP=?? N=1 V=0 D=0 I=0 Z=0 C=0 : FWA 00-7A:441B9BFB:14:00 = +4.15697320E-03 : FWB 00-00:0083FDDF:02:?? = +5.91871181E-42
833B : BPL 8331       : A=88 X=E7 Y=79 SP=?? N=1 V=0 D=0 I=0 Z=0 C=0 : FWA 00-7A:441B9BFB:14:00 = +4.15697320E-03 : FWB 00-00:0083FDDF:02:?? = +5.91871181E-42
833D : CPY 30         : A=88 X=E7 Y=79 SP=?? N=1 V=0 D=0 I=0 Z=0 C=0 : FWA 00-7A:441B9BFB:14:00 = +4.15697320E-03 : FWB 00-00:0083FDDF:02:?? = +5.91871181E-42
833F : STY 30         : A=88 X=E7 Y=79 SP=?? N=1 V=0 D=0 I=0 Z=0 C=0 : FWA 00-79:441B9BFB:14:00 = +2.07848660E-03 : FWB 00-00:0083FDDF:02:?? = +5.91871181E-42
8341 : BCC 8345       : A=88 X=E7 Y=79 SP=?? N=1 V=0 D=0 I=0 Z=0 C=0 : FWA 00-79:441B9BFB:14:00 = +2.07848660E-03 : FWB 00-00:0083FDDF:02:?? = +5.91871181E-42
8345 : TAY            : A=88 X=E7 Y=88 SP=?? N=1 V=0 D=0 I=0 Z=0 C=0 : FWA 00-79:441B9BFB:14:00 = +2.07848660E-03 : FWB 00-00:0083FDDF:02:?? = +5.91871181E-42
8346 : STA 31         : A=88 X=E7 Y=88 SP=?? N=1 V=0 D=0 I=0 Z=0 C=0 : FWA 00-79:881B9BFB:14:00 = +4.15368191E-03 : FWB 00-00:0083FDDF:02:?? = +5.91871181E-42
8348 : RTS            : A=88 X=E7 Y=88 SP=?? N=1 V=0 D=0 I=0 Z=0 C=0 : FWA 00-79:881B9BFB:14:00 = +4.15368191E-03 : FWB 00-00:0083FDDF:02:?? = +5.91871181E-42
A6F0 : BRA A712       : A=88 X=E7 Y=88 SP=?? N=1 V=0 D=0 I=0 Z=0 C=0 : FWA 00-79:881B9BFB:14:00 = +4.15368191E-03 : FWB 00-00:0083FDDF:02:?? = +5.91871181E-42
A712 : LDA 35         : A=14 X=E7 Y=88 SP=?? N=0 V=0 D=0 I=0 Z=0 C=0 : FWA 00-79:881B9BFB:14:00 = +4.15368191E-03 : FWB 00-00:0083FDDF:02:?? = +5.91871181E-42
A714 : BPL A725       : A=14 X=E7 Y=88 SP=?? N=0 V=0 D=0 I=0 Z=0 C=0 : FWA 00-79:881B9BFB:14:00 = +4.15368191E-03 : FWB 00-00:0083FDDF:02:?? = +5.91871181E-42
A725 : LDA 2F         : A=00 X=E7 Y=88 SP=?? N=0 V=0 D=0 I=0 Z=1 C=0 : FWA 00-79:881B9BFB:14:00 = +4.15368191E-03 : FWB 00-00:0083FDDF:02:?? = +5.91871181E-42
A727 : BEQ A739       : A=00 X=E7 Y=88 SP=?? N=0 V=0 D=0 I=0 Z=1 C=0 : FWA 00-79:881B9BFB:14:00 = +4.15368191E-03 : FWB 00-00:0083FDDF:02:?? = +5.91871181E-42
A739 : STZ 35         : A=00 X=E7 Y=88 SP=?? N=0 V=0 D=0 I=0 Z=1 C=0 : FWA 00-79:881B9BFB:00:00 = +4.15368191E-03 : FWB 00-00:0083FDDF:02:?? = +5.91871181E-42
A73B : LDA #FF        : A=FF X=E7 Y=88 SP=?? N=1 V=0 D=0 I=0 Z=0 C=0 : FWA 00-79:881B9BFB:00:00 = +4.15368191E-03 : FWB 00-00:0083FDDF:02:?? = +5.91871181E-42
A73D : RTS            : A=FF X=E7 Y=88 SP=?? N=1 V=0 D=0 I=0 Z=0 C=0 : FWA 00-79:881B9BFB:00:00 = +4.15368191E-03 : FWB 00-00:0083FDDF:02:?? = +5.91871181E-42
A8BF : PLP            : A=FF X=E7 Y=88 SP=?? N=1 V=1 D=0 I=0 Z=0 C=0 : FWA 00-79:881B9BFB:00:00 = +4.15368191E-03 : FWB 00-00:0083FDDF:02:?? = +5.91871181E-42
A8C0 : ROR 2E         : A=FF X=E7 Y=88 SP=?? N=0 V=1 D=0 I=0 Z=1 C=0 : FWA 00-79:881B9BFB:00:00 = +4.15368191E-03 : FWB 00-00:0083FDDF:02:?? = +5.91871181E-42
A8C2 : TXA            : A=E7 X=E7 Y=88 SP=?? N=1 V=1 D=0 I=0 Z=0 C=0 : FWA 00-79:881B9BFB:00:00 = +4.15368191E-03 : FWB 00-00:0083FDDF:02:?? = +5.91871181E-42
A8C3 : JSR AA55       : A=E7 X=E7 Y=88 SP=?? N=1 V=1 D=0 I=0 Z=0 C=0 : FWA 00-79:881B9BFB:00:00 = +4.15368191E-03 : FWB 00-00:0083FDDF:02:?? = +5.91871181E-42
AA55 : PHX            : A=E7 X=E7 Y=88 SP=?? N=1 V=1 D=0 I=0 Z=0 C=0 : FWA 00-79:881B9BFB:00:00 = +4.15368191E-03 : FWB 00-00:0083FDDF:02:?? = +5.91871181E-42
AA56 : TAX            : A=E7 X=E7 Y=88 SP=?? N=1 V=1 D=0 I=0 Z=0 C=0 : FWA 00-79:881B9BFB:00:00 = +4.15368191E-03 : FWB 00-00:0083FDDF:02:?? = +5.91871181E-42
AA57 : LDY #01        : A=E7 X=E7 Y=01 SP=?? N=0 V=1 D=0 I=0 Z=0 C=0 : FWA 00-79:881B9BFB:00:00 = +4.15368191E-03 : FWB 00-00:0083FDDF:02:?? = +5.91871181E-42
AA59 : DEX            : A=E7 X=E6 Y=01 SP=?? N=1 V=1 D=0 I=0 Z=0 C=0 : FWA 00-79:881B9BFB:00:00 = +4.15368191E-03 : FWB 00-00:0083FDDF:02:?? = +5.91871181E-42
AA5A : LDA BF00,X     : A=77 X=E6 Y=01 SP=?? N=0 V=1 D=0 I=0 Z=0 C=0 : FWA 00-79:881B9BFB:00:00 = +4.15368191E-03 : FWB 00-00:0083FDDF:02:?? = +5.91871181E-42
AA5D : CMP 30         : A=77 X=E6 Y=01 SP=?? N=1 V=1 D=0 I=0 Z=0 C=0 : FWA 00-79:881B9BFB:00:00 = +4.15368191E-03 : FWB 00-00:0083FDDF:02:?? = +5.91871181E-42
AA5F : BNE AA66       : A=77 X=E6 Y=01 SP=?? N=1 V=1 D=0 I=0 Z=0 C=0 : FWA 00-79:881B9BFB:00:00 = +4.15368191E-03 : FWB 00-00:0083FDDF:02:?? = +5.91871181E-42
AA66 : BCS AA6B       : A=77 X=E6 Y=01 SP=?? N=1 V=1 D=0 I=0 Z=0 C=0 : FWA 00-79:881B9BFB:00:00 = +4.15368191E-03 : FWB 00-00:0083FDDF:02:?? = +5.91871181E-42
AA68 : DEY            : A=77 X=E6 Y=00 SP=?? N=0 V=1 D=0 I=0 Z=1 C=0 : FWA 00-79:881B9BFB:00:00 = +4.15368191E-03 : FWB 00-00:0083FDDF:02:?? = +5.91871181E-42
AA69 : BPL AA59       : A=77 X=E6 Y=00 SP=?? N=0 V=1 D=0 I=0 Z=1 C=0 : FWA 00-79:881B9BFB:00:00 = +4.15368191E-03 : FWB 00-00:0083FDDF:02:?? = +5.91871181E-42
AA59 : DEX            : A=77 X=E5 Y=00 SP=?? N=1 V=1 D=0 I=0 Z=0 C=0 : FWA 00-79:881B9BFB:00:00 = +4.15368191E-03 : FWB 00-00:0083FDDF:02:?? = +5.91871181E-42
AA5A : LDA BF00,X     : A=7B X=E5 Y=00 SP=?? N=0 V=1 D=0 I=0 Z=0 C=0 : FWA 00-79:881B9BFB:00:00 = +4.15368191E-03 : FWB 00-00:0083FDDF:02:?? = +5.91871181E-42
AA5D : CMP 30         : A=7B X=E5 Y=00 SP=?? N=0 V=1 D=0 I=0 Z=0 C=1 : FWA 00-79:881B9BFB:00:00 = +4.15368191E-03 : FWB 00-00:0083FDDF:02:?? = +5.91871181E-42
AA5F : BNE AA66       : A=7B X=E5 Y=00 SP=?? N=0 V=1 D=0 I=0 Z=0 C=1 : FWA 00-79:881B9BFB:00:00 = +4.15368191E-03 : FWB 00-00:0083FDDF:02:?? = +5.91871181E-42
AA66 : BCS AA6B       : A=7B X=E5 Y=00 SP=?? N=0 V=1 D=0 I=0 Z=0 C=1 : FWA 00-79:881B9BFB:00:00 = +4.15368191E-03 : FWB 00-00:0083FDDF:02:?? = +5.91871181E-42
AA6B : PLX            : A=7B X=E7 Y=00 SP=?? N=1 V=1 D=0 I=0 Z=0 C=1 : FWA 00-79:881B9BFB:00:00 = +4.15368191E-03 : FWB 00-00:0083FDDF:02:?? = +5.91871181E-42
AA6C : TYA            : A=00 X=E7 Y=00 SP=?? N=0 V=1 D=0 I=0 Z=1 C=1 : FWA 00-79:881B9BFB:00:00 = +4.15368191E-03 : FWB 00-00:0083FDDF:02:?? = +5.91871181E-42
AA6D : RTS            : A=00 X=E7 Y=00 SP=?? N=0 V=1 D=0 I=0 Z=1 C=1 : FWA 00-79:881B9BFB:00:00 = +4.15368191E-03 : FWB 00-00:0083FDDF:02:?? = +5.91871181E-42
A8C6 : DEC A          : A=FF X=E7 Y=00 SP=?? N=1 V=1 D=0 I=0 Z=0 C=1 : FWA 00-79:881B9BFB:00:00 = +4.15368191E-03 : FWB 00-00:0083FDDF:02:?? = +5.91871181E-42
A8C7 : DEC A          : A=FE X=E7 Y=00 SP=?? N=1 V=1 D=0 I=0 Z=0 C=1 : FWA 00-79:881B9BFB:00:00 = +4.15368191E-03 : FWB 00-00:0083FDDF:02:?? = +5.91871181E-42
A8C8 : STA 47         : A=FE X=E7 Y=00 SP=?? N=1 V=1 D=0 I=0 Z=0 C=1 : FWA 00-79:881B9BFB:00:00 = +4.15368191E-03 : FWB 00-00:0083FDDF:02:?? = +5.91871181E-42
A8CA : TXA            : A=E7 X=E7 Y=00 SP=?? N=1 V=1 D=0 I=0 Z=0 C=1 : FWA 00-79:881B9BFB:00:00 = +4.15368191E-03 : FWB 00-00:0083FDDF:02:?? = +5.91871181E-42
A8CB : INY            : A=E7 X=E7 Y=01 SP=?? N=0 V=1 D=0 I=0 Z=0 C=1 : FWA 00-79:881B9BFB:00:00 = +4.15368191E-03 : FWB 00-00:0083FDDF:02:?? = +5.91871181E-42
A8CC : SEC            : A=E7 X=E7 Y=01 SP=?? N=0 V=1 D=0 I=0 Z=0 C=1 : FWA 00-79:881B9BFB:00:00 = +4.15368191E-03 : FWB 00-00:0083FDDF:02:?? = +5.91871181E-42
A8CD : SBC #10        : A=D7 X=E7 Y=01 SP=?? N=1 V=0 D=0 I=0 Z=0 C=1 : FWA 00-79:881B9BFB:00:00 = +4.15368191E-03 : FWB 00-00:0083FDDF:02:?? = +5.91871181E-42
A8CF : ADC #0A        : A=E2 X=E7 Y=01 SP=?? N=1 V=0 D=0 I=0 Z=0 C=0 : FWA 00-79:881B9BFB:00:00 = +4.15368191E-03 : FWB 00-00:0083FDDF:02:?? = +5.91871181E-42
A8D1 : DEY            : A=E2 X=E7 Y=00 SP=?? N=0 V=0 D=0 I=0 Z=1 C=0 : FWA 00-79:881B9BFB:00:00 = +4.15368191E-03 : FWB 00-00:0083FDDF:02:?? = +5.91871181E-42
A8D2 : BPL A8CF       : A=E2 X=E7 Y=00 SP=?? N=0 V=0 D=0 I=0 Z=1 C=0 : FWA 00-79:881B9BFB:00:00 = +4.15368191E-03 : FWB 00-00:0083FDDF:02:?? = +5.91871181E-42
A8CF : ADC #0A        : A=EC X=E7 Y=00 SP=?? N=1 V=0 D=0 I=0 Z=0 C=0 : FWA 00-79:881B9BFB:00:00 = +4.15368191E-03 : FWB 00-00:0083FDDF:02:?? = +5.91871181E-42
A8D1 : DEY            : A=EC X=E7 Y=FF SP=?? N=1 V=0 D=0 I=0 Z=0 C=0 : FWA 00-79:881B9BFB:00:00 = +4.15368191E-03 : FWB 00-00:0083FDDF:02:?? = +5.91871181E-42
A8D2 : BPL A8CF       : A=EC X=E7 Y=FF SP=?? N=1 V=0 D=0 I=0 Z=0 C=0 : FWA 00-79:881B9BFB:00:00 = +4.15368191E-03 : FWB 00-00:0083FDDF:02:?? = +5.91871181E-42
A8D4 : STA 4C         : A=EC X=E7 Y=FF SP=?? N=1 V=0 D=0 I=0 Z=0 C=0 : FWA 00-79:881B9BFB:00:00 = +4.15368191E-03 : FWB 00-00:0083FDDF:02:?? = +5.91871181E-42
A8D6 : LDA #BE        : A=BE X=E7 Y=FF SP=?? N=1 V=0 D=0 I=0 Z=0 C=0 : FWA 00-79:881B9BFB:00:00 = +4.15368191E-03 : FWB 00-00:0083FDDF:02:?? = +5.91871181E-42
A8D8 : JSR A631       : A=BE X=E7 Y=FF SP=?? N=1 V=0 D=0 I=0 Z=0 C=0 : FWA 00-79:881B9BFB:00:00 = +4.15368191E-03 : FWB 00-00:0083FDDF:02:?? = +5.91871181E-42
A631 : JSR A5B4       : A=BE X=E7 Y=FF SP=?? N=1 V=0 D=0 I=0 Z=0 C=0 : FWA 00-79:881B9BFB:00:00 = +4.15368191E-03 : FWB 00-00:0083FDDF:02:?? = +5.91871181E-42
A5B4 : LDY #BF        : A=BE X=E7 Y=BF SP=?? N=1 V=0 D=0 I=0 Z=0 C=0 : FWA 00-79:881B9BFB:00:00 = +4.15368191E-03 : FWB 00-00:0083FDDF:02:?? = +5.91871181E-42
A5B6 : STA 4A         : A=BE X=E7 Y=BF SP=?? N=1 V=0 D=0 I=0 Z=0 C=0 : FWA 00-79:881B9BFB:00:00 = +4.15368191E-03 : FWB 00-00:0083FDDF:02:?? = +5.91871181E-42
A5B8 : STY 4B         : A=BE X=E7 Y=BF SP=?? N=1 V=0 D=0 I=0 Z=0 C=0 : FWA 00-79:881B9BFB:00:00 = +4.15368191E-03 : FWB 00-00:0083FDDF:02:?? = +5.91871181E-42
A5BA : RTS            : A=BE X=E7 Y=BF SP=?? N=1 V=0 D=0 I=0 Z=0 C=0 : FWA 00-79:881B9BFB:00:00 = +4.15368191E-03 : FWB 00-00:0083FDDF:02:?? = +5.91871181E-42
A634 : LDA 31         : A=88 X=E7 Y=BF SP=?? N=1 V=0 D=0 I=0 Z=0 C=0 : FWA 00-79:881B9BFB:00:00 = +4.15368191E-03 : FWB 00-00:0083FDDF:02:?? = +5.91871181E-42
A636 : BEQ A62C       : A=88 X=E7 Y=BF SP=?? N=1 V=0 D=0 I=0 Z=0 C=0 : FWA 00-79:881B9BFB:00:00 = +4.15368191E-03 : FWB 00-00:0083FDDF:02:?? = +5.91871181E-42
A638 : JSR A514       : A=88 X=E7 Y=BF SP=?? N=1 V=0 D=0 I=0 Z=0 C=0 : FWA 00-79:881B9BFB:00:00 = +4.15368191E-03 : FWB 00-00:0083FDDF:02:?? = +5.91871181E-42
A514 : STZ 41         : A=88 X=E7 Y=BF SP=?? N=1 V=0 D=0 I=0 Z=0 C=0 : FWA 00-79:881B9BFB:00:00 = +4.15368191E-03 : FWB 00-00:0083FDDF:00:?? = +5.91871181E-42
A516 : LDY #04        : A=88 X=E7 Y=04 SP=?? N=0 V=0 D=0 I=0 Z=0 C=0 : FWA 00-79:881B9BFB:00:00 = +4.15368191E-03 : FWB 00-00:0083FDDF:00:?? = +5.91871181E-42
A518 : LDA (4A),Y     : A=00 X=E7 Y=04 SP=?? N=0 V=0 D=0 I=0 Z=1 C=0 : FWA 00-79:881B9BFB:00:00 = +4.15368191E-03 : FWB 00-00:0083FDDF:00:?? = +5.91871181E-42
A51A : STA 40         : A=00 X=E7 Y=04 SP=?? N=0 V=0 D=0 I=0 Z=1 C=0 : FWA 00-79:881B9BFB:00:00 = +4.15368191E-03 : FWB 00-00:0083FD00:00:?? = +5.91855923E-42
A51C : DEY            : A=00 X=E7 Y=03 SP=?? N=0 V=0 D=0 I=0 Z=0 C=0 : FWA 00-79:881B9BFB:00:00 = +4.15368191E-03 : FWB 00-00:0083FD00:00:?? = +5.91855923E-42
A51D : LDA (4A),Y     : A=00 X=E7 Y=03 SP=?? N=0 V=0 D=0 I=0 Z=1 C=0 : FWA 00-79:881B9BFB:00:00 = +4.15368191E-03 : FWB 00-00:0083FD00:00:?? = +5.91855923E-42
A51F : STA 3F         : A=00 X=E7 Y=03 SP=?? N=0 V=0 D=0 I=0 Z=1 C=0 : FWA 00-79:881B9BFB:00:00 = +4.15368191E-03 : FWB 00-00:00830000:00:?? = +5.87424316E-42
A521 : DEY            : A=00 X=E7 Y=02 SP=?? N=0 V=0 D=0 I=0 Z=0 C=0 : FWA 00-79:881B9BFB:00:00 = +4.15368191E-03 : FWB 00-00:00830000:00:?? = +5.87424316E-42
A522 : LDA (4A),Y     : A=00 X=E7 Y=02 SP=?? N=0 V=0 D=0 I=0 Z=1 C=0 : FWA 00-79:881B9BFB:00:00 = +4.15368191E-03 : FWB 00-00:00830000:00:?? = +5.87424316E-42
A524 : STA 3E         : A=00 X=E7 Y=02 SP=?? N=0 V=0 D=0 I=0 Z=1 C=0 : FWA 00-79:881B9BFB:00:00 = +4.15368191E-03 : FWB 00-00:00000000:00:?? = +0.00000000E+00
A526 : DEY            : A=00 X=E7 Y=01 SP=?? N=0 V=0 D=0 I=0 Z=0 C=0 : FWA 00-79:881B9BFB:00:00 = +4.15368191E-03 : FWB 00-00:00000000:00:?? = +0.00000000E+00
A527 : LDA (4A),Y     : A=40 X=E7 Y=01 SP=?? N=0 V=0 D=0 I=0 Z=0 C=0 : FWA 00-79:881B9BFB:00:00 = +4.15368191E-03 : FWB 00-00:00000000:00:?? = +0.00000000E+00
A529 : STA 3B         : A=40 X=E7 Y=01 SP=?? N=0 V=0 D=0 I=0 Z=0 C=0 : FWA 00-79:881B9BFB:00:00 = +4.15368191E-03 : FWB 40-00:00000000:00:?? = +0.00000000E+00
A52B : TAY            : A=40 X=E7 Y=40 SP=?? N=0 V=0 D=0 I=0 Z=0 C=0 : FWA 00-79:881B9BFB:00:00 = +4.15368191E-03 : FWB 40-00:00000000:00:?? = +0.00000000E+00
A52C : LDA (4A)       : A=82 X=E7 Y=40 SP=?? N=1 V=0 D=0 I=0 Z=0 C=0 : FWA 00-79:881B9BFB:00:00 = +4.15368191E-03 : FWB 40-00:00000000:00:?? = +0.00000000E+00
A52E : STA 3C         : A=82 X=E7 Y=40 SP=?? N=1 V=0 D=0 I=0 Z=0 C=0 : FWA 00-79:881B9BFB:00:00 = +4.15368191E-03 : FWB 40-82:00000000:00:?? = +0.00000000E+00
A530 : BNE A53B       : A=82 X=E7 Y=40 SP=?? N=1 V=0 D=0 I=0 Z=0 C=0 : FWA 00-79:881B9BFB:00:00 = +4.15368191E-03 : FWB 40-82:00000000:00:?? = +0.00000000E+00
A53B : TYA            : A=40 X=E7 Y=40 SP=?? N=0 V=0 D=0 I=0 Z=0 C=0 : FWA 00-79:881B9BFB:00:00 = +4.15368191E-03 : FWB 40-82:00000000:00:?? = +0.00000000E+00
A53C : ORA #80        : A=C0 X=E7 Y=40 SP=?? N=1 V=0 D=0 I=0 Z=0 C=0 : FWA 00-79:881B9BFB:00:00 = +4.15368191E-03 : FWB 40-82:00000000:00:?? = +0.00000000E+00
A53E : STA 3D         : A=C0 X=E7 Y=40 SP=?? N=1 V=0 D=0 I=0 Z=0 C=0 : FWA 00-79:881B9BFB:00:00 = +4.15368191E-03 : FWB 40-82:C0000000:00:?? = +3.00000000E+00
A540 : RTS            : A=C0 X=E7 Y=40 SP=?? N=1 V=0 D=0 I=0 Z=0 C=0 : FWA 00-79:881B9BFB:00:00 = +4.15368191E-03 : FWB 40-82:C0000000:00:?? = +3.00000000E+00
A63B : BNE A640       : A=C0 X=E7 Y=40 SP=?? N=1 V=0 D=0 I=0 Z=0 C=0 : FWA 00-79:881B9BFB:00:00 = +4.15368191E-03 : FWB 40-82:C0000000:00:?? = +3.00000000E+00
A640 : LDA 3B         : A=40 X=E7 Y=40 SP=?? N=0 V=0 D=0 I=0 Z=0 C=0 : FWA 00-79:881B9BFB:00:00 = +4.15368191E-03 : FWB 40-82:C0000000:00:?? = +3.00000000E+00
A642 : EOR 2E         : A=40 X=E7 Y=40 SP=?? N=0 V=0 D=0 I=0 Z=0 C=0 : FWA 00-79:881B9BFB:00:00 = +4.15368191E-03 : FWB 40-82:C0000000:00:?? = +3.00000000E+00
A644 : STA 2E         : A=40 X=E7 Y=40 SP=?? N=0 V=0 D=0 I=0 Z=0 C=0 : FWA 40-79:881B9BFB:00:00 = +4.15368191E-03 : FWB 40-82:C0000000:00:?? = +3.00000000E+00
A646 : SEC            : A=40 X=E7 Y=40 SP=?? N=0 V=0 D=0 I=0 Z=0 C=1 : FWA 40-79:881B9BFB:00:00 = +4.15368191E-03 : FWB 40-82:C0000000:00:?? = +3.00000000E+00
A647 : LDA 3C         : A=82 X=E7 Y=40 SP=?? N=1 V=0 D=0 I=0 Z=0 C=1 : FWA 40-79:881B9BFB:00:00 = +4.15368191E-03 : FWB 40-82:C0000000:00:?? = +3.00000000E+00
A649 : ADC #81        : A=04 X=E7 Y=40 SP=?? N=0 V=1 D=0 I=0 Z=0 C=1 : FWA 40-79:881B9BFB:00:00 = +4.15368191E-03 : FWB 40-82:C0000000:00:?? = +3.00000000E+00
A64B : ROL 2F         : A=04 X=E7 Y=40 SP=?? N=0 V=1 D=0 I=0 Z=0 C=0 : FWA 40-79:881B9BFB:00:01 = +4.15368191E-03 : FWB 40-82:C0000000:00:?? = +3.00000000E+00
A64D : SBC 30         : A=8A X=E7 Y=40 SP=?? N=1 V=0 D=0 I=0 Z=0 C=0 : FWA 40-79:881B9BFB:00:01 = +4.15368191E-03 : FWB 40-82:C0000000:00:?? = +3.00000000E+00
A64F : BCS A653       : A=8A X=E7 Y=40 SP=?? N=1 V=0 D=0 I=0 Z=0 C=0 : FWA 40-79:881B9BFB:00:01 = +4.15368191E-03 : FWB 40-82:C0000000:00:?? = +3.00000000E+00
A651 : DEC 2F         : A=8A X=E7 Y=40 SP=?? N=0 V=0 D=0 I=0 Z=1 C=0 : FWA 40-79:881B9BFB:00:00 = +4.15368191E-03 : FWB 40-82:C0000000:00:?? = +3.00000000E+00
A653 : STA 30         : A=8A X=E7 Y=40 SP=?? N=0 V=0 D=0 I=0 Z=1 C=0 : FWA 40-8A:881B9BFB:00:00 = +5.44431395E+02 : FWB 40-82:C0000000:00:?? = +3.00000000E+00
A655 : LDA 3D         : A=C0 X=E7 Y=40 SP=?? N=1 V=0 D=0 I=0 Z=0 C=0 : FWA 40-8A:881B9BFB:00:00 = +5.44431395E+02 : FWB 40-82:C0000000:00:?? = +3.00000000E+00
A657 : CLC            : A=C0 X=E7 Y=40 SP=?? N=1 V=0 D=0 I=0 Z=0 C=0 : FWA 40-8A:881B9BFB:00:00 = +5.44431395E+02 : FWB 40-82:C0000000:00:?? = +3.00000000E+00
A658 : LDY #04        : A=C0 X=E7 Y=04 SP=?? N=0 V=0 D=0 I=0 Z=0 C=0 : FWA 40-8A:881B9BFB:00:00 = +5.44431395E+02 : FWB 40-82:C0000000:00:?? = +3.00000000E+00
A65A : STY 3C         : A=C0 X=E7 Y=04 SP=?? N=0 V=0 D=0 I=0 Z=0 C=0 : FWA 40-8A:881B9BFB:00:00 = +5.44431395E+02 : FWB 40-04:C0000000:00:?? = +3.52648305E-38
A65C : LDX #08        : A=C0 X=08 Y=04 SP=?? N=0 V=0 D=0 I=0 Z=0 C=0 : FWA 40-8A:881B9BFB:00:00 = +5.44431395E+02 : FWB 40-04:C0000000:00:?? = +3.52648305E-38
A65E : BCS A676       : A=C0 X=08 Y=04 SP=?? N=0 V=0 D=0 I=0 Z=0 C=0 : FWA 40-8A:881B9BFB:00:00 = +5.44431395E+02 : FWB 40-04:C0000000:00:?? = +3.52648305E-38
A660 : CMP 31         : A=C0 X=08 Y=04 SP=?? N=0 V=0 D=0 I=0 Z=0 C=1 : FWA 40-8A:881B9BFB:00:00 = +5.44431395E+02 : FWB 40-04:C0000000:00:?? = +3.52648305E-38
A662 : BNE A674       : A=C0 X=08 Y=04 SP=?? N=0 V=0 D=0 I=0 Z=0 C=1 : FWA 40-8A:881B9BFB:00:00 = +5.44431395E+02 : FWB 40-04:C0000000:00:?? = +3.52648305E-38
A674 : BCC A68D       : A=C0 X=08 Y=04 SP=?? N=0 V=0 D=0 I=0 Z=0 C=1 : FWA 40-8A:881B9BFB:00:00 = +5.44431395E+02 : FWB 40-04:C0000000:00:?? = +3.52648305E-38
A676 : TAY            : A=C0 X=08 Y=C0 SP=?? N=1 V=0 D=0 I=0 Z=0 C=1 : FWA 40-8A:881B9BFB:00:00 = +5.44431395E+02 : FWB 40-04:C0000000:00:?? = +3.52648305E-38
A677 : LDA 40         : A=00 X=08 Y=C0 SP=?? N=0 V=0 D=0 I=0 Z=1 C=1 : FWA 40-8A:881B9BFB:00:00 = +5.44431395E+02 : FWB 40-04:C0000000:00:?? = +3.52648305E-38
A679 : SBC 34         : A=05 X=08 Y=C0 SP=?? N=0 V=0 D=0 I=0 Z=0 C=0 : FWA 40-8A:881B9BFB:00:00 = +5.44431395E+02 : FWB 40-04:C0000000:00:?? = +3.52648305E-38
A67B : STA 40         : A=05 X=08 Y=C0 SP=?? N=0 V=0 D=0 I=0 Z=0 C=0 : FWA 40-8A:881B9BFB:00:00 = +5.44431395E+02 : FWB 40-04:C0000005:00:?? = +3.52648306E-38
A67D : LDA 3F         : A=00 X=08 Y=C0 SP=?? N=0 V=0 D=0 I=0 Z=1 C=0 : FWA 40-8A:881B9BFB:00:00 = +5.44431395E+02 : FWB 40-04:C0000005:00:?? = +3.52648306E-38
A67F : SBC 33         : A=64 X=08 Y=C0 SP=?? N=0 V=0 D=0 I=0 Z=0 C=0 : FWA 40-8A:881B9BFB:00:00 = +5.44431395E+02 : FWB 40-04:C0000005:00:?? = +3.52648306E-38
A681 : STA 3F         : A=64 X=08 Y=C0 SP=?? N=0 V=0 D=0 I=0 Z=0 C=0 : FWA 40-8A:881B9BFB:00:00 = +5.44431395E+02 : FWB 40-04:C0006405:00:?? = +3.52651108E-38
A683 : LDA 3E         : A=00 X=08 Y=C0 SP=?? N=0 V=0 D=0 I=0 Z=1 C=0 : FWA 40-8A:881B9BFB:00:00 = +5.44431395E+02 : FWB 40-04:C0006405:00:?? = +3.52651108E-38
A685 : SBC 32         : A=E4 X=08 Y=C0 SP=?? N=1 V=0 D=0 I=0 Z=0 C=0 : FWA 40-8A:881B9BFB:00:00 = +5.44431395E+02 : FWB 40-04:C0006405:00:?? = +3.52651108E-38
A687 : STA 3E         : A=E4 X=08 Y=C0 SP=?? N=1 V=0 D=0 I=0 Z=0 C=0 : FWA 40-8A:881B9BFB:00:00 = +5.44431395E+02 : FWB 40-04:C0E46405:00:?? = +3.54286928E-38
A689 : TYA            : A=C0 X=08 Y=C0 SP=?? N=1 V=0 D=0 I=0 Z=0 C=0 : FWA 40-8A:881B9BFB:00:00 = +5.44431395E+02 : FWB 40-04:C0E46405:00:?? = +3.54286928E-38
A68A : SBC 31         : A=37 X=08 Y=C0 SP=?? N=0 V=0 D=0 I=0 Z=0 C=1 : FWA 40-8A:881B9BFB:00:00 = +5.44431395E+02 : FWB 40-04:C0E46405:00:?? = +3.54286928E-38
A68C : SEC            : A=37 X=08 Y=C0 SP=?? N=0 V=0 D=0 I=0 Z=0 C=1 : FWA 40-8A:881B9BFB:00:00 = +5.44431395E+02 : FWB 40-04:C0E46405:00:?? = +3.54286928E-38
A68D : ROL 3B         : A=37 X=08 Y=C0 SP=?? N=1 V=0 D=0 I=0 Z=0 C=0 : FWA 40-8A:881B9BFB:00:00 = +5.44431395E+02 : FWB 81-04:C0E46405:00:?? = -3.54286928E-38
A68F : ASL 40         : A=37 X=08 Y=C0 SP=?? N=0 V=0 D=0 I=0 Z=0 C=0 : FWA 40-8A:881B9BFB:00:00 = +5.44431395E+02 : FWB 81-04:C0E4640A:00:?? = -3.54286929E-38
A691 : ROL 3F         : A=37 X=08 Y=C0 SP=?? N=1 V=0 D=0 I=0 Z=0 C=0 : FWA 40-8A:881B9BFB:00:00 = +5.44431395E+02 : FWB 81-04:C0E4C80A:00:?? = -3.54289731E-38
A693 : ROL 3E         : A=37 X=08 Y=C0 SP=?? N=1 V=0 D=0 I=0 Z=0 C=1 : FWA 40-8A:881B9BFB:00:00 = +5.44431395E+02 : FWB 81-04:C0C8C80A:00:?? = -3.54088841E-38
A695 : ROL A          : A=6F X=08 Y=C0 SP=?? N=0 V=0 D=0 I=0 Z=0 C=0 : FWA 40-8A:881B9BFB:00:00 = +5.44431395E+02 : FWB 81-04:C0C8C80A:00:?? = -3.54088841E-38
A696 : DEX            : A=6F X=07 Y=C0 SP=?? N=0 V=0 D=0 I=0 Z=0 C=0 : FWA 40-8A:881B9BFB:00:00 = +5.44431395E+02 : FWB 81-04:C0C8C80A:00:?? = -3.54088841E-38
A697 : BNE A65E       : A=6F X=07 Y=C0 SP=?? N=0 V=0 D=0 I=0 Z=0 C=0 : FWA 40-8A:881B9BFB:00:00 = +5.44431395E+02 : FWB 81-04:C0C8C80A:00:?? = -3.54088841E-38
A65E : BCS A676       : A=6F X=07 Y=C0 SP=?? N=0 V=0 D=0 I=0 Z=0 C=0 : FWA 40-8A:881B9BFB:00:00 = +5.44431395E+02 : FWB 81-04:C0C8C80A:00:?? = -3.54088841E-38
A660 : CMP 31         : A=6F X=07 Y=C0 SP=?? N=1 V=0 D=0 I=0 Z=0 C=0 : FWA 40-8A:881B9BFB:00:00 = +5.44431395E+02 : FWB 81-04:C0C8C80A:00:?? = -3.54088841E-38
A662 : BNE A674       : A=6F X=07 Y=C0 SP=?? N=1 V=0 D=0 I=0 Z=0 C=0 : FWA 40-8A:881B9BFB:00:00 = +5.44431395E+02 : FWB 81-04:C0C8C80A:00:?? = -3.54088841E-38
A674 : BCC A68D       : A=6F X=07 Y=C0 SP=?? N=1 V=0 D=0 I=0 Z=0 C=0 : FWA 40-8A:881B9BFB:00:00 = +5.44431395E+02 : FWB 81-04:C0C8C80A:00:?? = -3.54088841E-38
A68D : ROL 3B         : A=6F X=07 Y=C0 SP=?? N=0 V=0 D=0 I=0 Z=0 C=1 : FWA 40-8A:881B9BFB:00:00 = +5.44431395E+02 : FWB 02-04:C0C8C80A:00:?? = +3.54088841E-38
A68F : ASL 40         : A=6F X=07 Y=C0 SP=?? N=0 V=0 D=0 I=0 Z=0 C=0 : FWA 40-8A:881B9BFB:00:00 = +5.44431395E+02 : FWB 02-04:C0C8C814:00:?? = +3.54088842E-38
A691 : ROL 3F         : A=6F X=07 Y=C0 SP=?? N=1 V=0 D=0 I=0 Z=0 C=1 : FWA 40-8A:881B9BFB:00:00 = +5.44431395E+02 : FWB 02-04:C0C89014:00:?? = +3.54087273E-38
A693 : ROL 3E         : A=6F X=07 Y=C0 SP=?? N=1 V=0 D=0 I=0 Z=0 C=1 : FWA 40-8A:881B9BFB:00:00 = +5.44431395E+02 : FWB 02-04:C0919014:00:?? = +3.53692667E-38
A695 : ROL A          : A=DF X=07 Y=C0 SP=?? N=1 V=0 D=0 I=0 Z=0 C=0 : FWA 40-8A:881B9BFB:00:00 = +5.44431395E+02 : FWB 02-04:C0919014:00:?? = +3.53692667E-38
A696 : DEX            : A=DF X=06 Y=C0 SP=?? N=0 V=0 D=0 I=0 Z=0 C=0 : FWA 40-8A:881B9BFB:00:00 = +5.44431395E+02 : FWB 02-04:C0919014:00:?? = +3.53692667E-38
A697 : BNE A65E       : A=DF X=06 Y=C0 SP=?? N=0 V=0 D=0 I=0 Z=0 C=0 : FWA 40-8A:881B9BFB:00:00 = +5.44431395E+02 : FWB 02-04:C0919014:00:?? = +3.53692667E-38
A65E : BCS A676       : A=DF X=06 Y=C0 SP=?? N=0 V=0 D=0 I=0 Z=0 C=0 : FWA 40-8A:881B9BFB:00:00 = +5.44431395E+02 : FWB 02-04:C0919014:00:?? = +3.53692667E-38
A660 : CMP 31         : A=DF X=06 Y=C0 SP=?? N=0 V=0 D=0 I=0 Z=0 C=1 : FWA 40-8A:881B9BFB:00:00 = +5.44431395E+02 : FWB 02-04:C0919014:00:?? = +3.53692667E-38
A662 : BNE A674       : A=DF X=06 Y=C0 SP=?? N=0 V=0 D=0 I=0 Z=0 C=1 : FWA 40-8A:881B9BFB:00:00 = +5.44431395E+02 : FWB 02-04:C0919014:00:?? = +3.53692667E-38
A674 : BCC A68D       : A=DF X=06 Y=C0 SP=?? N=0 V=0 D=0 I=0 Z=0 C=1 : FWA 40-8A:881B9BFB:00:00 = +5.44431395E+02 : FWB 02-04:C0919014:00:?? = +3.53692667E-38
A676 : TAY            : A=DF X=06 Y=DF SP=?? N=1 V=0 D=0 I=0 Z=0 C=1 : FWA 40-8A:881B9BFB:00:00 = +5.44431395E+02 : FWB 02-04:C0919014:00:?? = +3.53692667E-38
A677 : LDA 40         : A=14 X=06 Y=DF SP=?? N=0 V=0 D=0 I=0 Z=0 C=1 : FWA 40-8A:881B9BFB:00:00 = +5.44431395E+02 : FWB 02-04:C0919014:00:?? = +3.53692667E-38
A679 : SBC 34         : A=19 X=06 Y=DF SP=?? N=0 V=0 D=0 I=0 Z=0 C=0 : FWA 40-8A:881B9BFB:00:00 = +5.44431395E+02 : FWB 02-04:C0919014:00:?? = +3.53692667E-38
A67B : STA 40         : A=19 X=06 Y=DF SP=?? N=0 V=0 D=0 I=0 Z=0 C=0 : FWA 40-8A:881B9BFB:00:00 = +5.44431395E+02 : FWB 02-04:C0919019:00:?? = +3.53692668E-38
A67D : LDA 3F         : A=90 X=06 Y=DF SP=?? N=1 V=0 D=0 I=0 Z=0 C=0 : FWA 40-8A:881B9BFB:00:00 = +5.44431395E+02 : FWB 02-04:C0919019:00:?? = +3.53692668E-38
A67F : SBC 33         : A=F4 X=06 Y=DF SP=?? N=1 V=0 D=0 I=0 Z=0 C=0 : FWA 40-8A:881B9BFB:00:00 = +5.44431395E+02 : FWB 02-04:C0919019:00:?? = +3.53692668E-38
A681 : STA 3F         : A=F4 X=06 Y=DF SP=?? N=1 V=0 D=0 I=0 Z=0 C=0 : FWA 40-8A:881B9BFB:00:00 = +5.44431395E+02 : FWB 02-04:C091F419:00:?? = +3.53695470E-38
A683 : LDA 3E         : A=91 X=06 Y=DF SP=?? N=1 V=0 D=0 I=0 Z=0 C=0 : FWA 40-8A:881B9BFB:00:00 = +5.44431395E+02 : FWB 02-04:C091F419:00:?? = +3.53695470E-38
A685 : SBC 32         : A=75 X=06 Y=DF SP=?? N=0 V=1 D=0 I=0 Z=0 C=1 : FWA 40-8A:881B9BFB:00:00 = +5.44431395E+02 : FWB 02-04:C091F419:00:?? = +3.53695470E-38
A687 : STA 3E         : A=75 X=06 Y=DF SP=?? N=0 V=1 D=0 I=0 Z=0 C=1 : FWA 40-8A:881B9BFB:00:00 = +5.44431395E+02 : FWB 02-04:C075F419:00:?? = +3.53494580E-38
A689 : TYA            : A=DF X=06 Y=DF SP=?? N=1 V=1 D=0 I=0 Z=0 C=1 : FWA 40-8A:881B9BFB:00:00 = +5.44431395E+02 : FWB 02-04:C075F419:00:?? = +3.53494580E-38
A68A : SBC 31         : A=57 X=06 Y=DF SP=?? N=0 V=0 D=0 I=0 Z=0 C=1 : FWA 40-8A:881B9BFB:00:00 = +5.44431395E+02 : FWB 02-04:C075F419:00:?? = +3.53494580E-38
A68C : SEC            : A=57 X=06 Y=DF SP=?? N=0 V=0 D=0 I=0 Z=0 C=1 : FWA 40-8A:881B9BFB:00:00 = +5.44431395E+02 : FWB 02-04:C075F419:00:?? = +3.53494580E-38
A68D : ROL 3B         : A=57 X=06 Y=DF SP=?? N=0 V=0 D=0 I=0 Z=0 C=0 : FWA 40-8A:881B9BFB:00:00 = +5.44431395E+02 : FWB 05-04:C075F419:00:?? = +3.53494580E-38
A68F : ASL 40         : A=57 X=06 Y=DF SP=?? N=0 V=0 D=0 I=0 Z=0 C=0 : FWA 40-8A:881B9BFB:00:00 = +5.44431395E+02 : FWB 05-04:C075F432:00:?? = +3.53494583E-38
A691 : ROL 3F         : A=57 X=06 Y=DF SP=?? N=1 V=0 D=0 I=0 Z=0 C=1 : FWA 40-8A:881B9BFB:00:00 = +5.44431395E+02 : FWB 05-04:C075E832:00:?? = +3.53494247E-38
A693 : ROL 3E         : A=57 X=06 Y=DF SP=?? N=1 V=0 D=0 I=0 Z=0 C=0 : FWA 40-8A:881B9BFB:00:00 = +5.44431395E+02 : FWB 05-04:C0EBE832:00:?? = +3.54340855E-38
A695 : ROL A          : A=AE X=06 Y=DF SP=?? N=1 V=0 D=0 I=0 Z=0 C=0 : FWA 40-8A:881B9BFB:00:00 = +5.44431395E+02 : FWB 05-04:C0EBE832:00:?? = +3.54340855E-38
A696 : DEX            : A=AE X=05 Y=DF SP=?? N=0 V=0 D=0 I=0 Z=0 C=0 : FWA 40-8A:881B9BFB:00:00 = +5.44431395E+02 : FWB 05-04:C0EBE832:00:?? = +3.54340855E-38
A697 : BNE A65E       : A=AE X=05 Y=DF SP=?? N=0 V=0 D=0 I=0 Z=0 C=0 : FWA 40-8A:881B9BFB:00:00 = +5.44431395E+02 : FWB 05-04:C0EBE832:00:?? = +3.54340855E-38
A65E : BCS A676       : A=AE X=05 Y=DF SP=?? N=0 V=0 D=0 I=0 Z=0 C=0 : FWA 40-8A:881B9BFB:00:00 = +5.44431395E+02 : FWB 05-04:C0EBE832:00:?? = +3.54340855E-38
A660 : CMP 31         : A=AE X=05 Y=DF SP=?? N=0 V=0 D=0 I=0 Z=0 C=1 : FWA 40-8A:881B9BFB:00:00 = +5.44431395E+02 : FWB 05-04:C0EBE832:00:?? = +3.54340855E-38
A662 : BNE A674       : A=AE X=05 Y=DF SP=?? N=0 V=0 D=0 I=0 Z=0 C=1 : FWA 40-8A:881B9BFB:00:00 = +5.44431395E+02 : FWB 05-04:C0EBE832:00:?? = +3.54340855E-38
A674 : BCC A68D       : A=AE X=05 Y=DF SP=?? N=0 V=0 D=0 I=0 Z=0 C=1 : FWA 40-8A:881B9BFB:00:00 = +5.44431395E+02 : FWB 05-04:C0EBE832:00:?? = +3.54340855E-38
A676 : TAY            : A=AE X=05 Y=AE SP=?? N=1 V=0 D=0 I=0 Z=0 C=1 : FWA 40-8A:881B9BFB:00:00 = +5.44431395E+02 : FWB 05-04:C0EBE832:00:?? = +3.54340855E-38
A677 : LDA 40         : A=32 X=05 Y=AE SP=?? N=0 V=0 D=0 I=0 Z=0 C=1 : FWA 40-8A:881B9BFB:00:00 = +5.44431395E+02 : FWB 05-04:C0EBE832:00:?? = +3.54340855E-38
A679 : SBC 34         : A=37 X=05 Y=AE SP=?? N=0 V=0 D=0 I=0 Z=0 C=0 : FWA 40-8A:881B9BFB:00:00 = +5.44431395E+02 : FWB 05-04:C0EBE832:00:?? = +3.54340855E-38
A67B : STA 40         : A=37 X=05 Y=AE SP=?? N=0 V=0 D=0 I=0 Z=0 C=0 : FWA 40-8A:881B9BFB:00:00 = +5.44431395E+02 : FWB 05-04:C0EBE837:00:?? = +3.54340856E-38
A67D : LDA 3F         : A=E8 X=05 Y=AE SP=?? N=1 V=0 D=0 I=0 Z=0 C=0 : FWA 40-8A:881B9BFB:00:00 = +5.44431395E+02 : FWB 05-04:C0EBE837:00:?? = +3.54340856E-38
A67F : SBC 33         : A=4C X=05 Y=AE SP=?? N=0 V=0 D=0 I=0 Z=0 C=1 : FWA 40-8A:881B9BFB:00:00 = +5.44431395E+02 : FWB 05-04:C0EBE837:00:?? = +3.54340856E-38
A681 : STA 3F         : A=4C X=05 Y=AE SP=?? N=0 V=0 D=0 I=0 Z=0 C=1 : FWA 40-8A:881B9BFB:00:00 = +5.44431395E+02 : FWB 05-04:C0EB4C37:00:?? = +3.54336484E-38
A683 : LDA 3E         : A=EB X=05 Y=AE SP=?? N=1 V=0 D=0 I=0 Z=0 C=1 : FWA 40-8A:881B9BFB:00:00 = +5.44431395E+02 : FWB 05-04:C0EB4C37:00:?? = +3.54336484E-38
A685 : SBC 32         : A=D0 X=05 Y=AE SP=?? N=1 V=0 D=0 I=0 Z=0 C=1 : FWA 40-8A:881B9BFB:00:00 = +5.44431395E+02 : FWB 05-04:C0EB4C37:00:?? = +3.54336484E-38
A687 : STA 3E         : A=D0 X=05 Y=AE SP=?? N=1 V=0 D=0 I=0 Z=0 C=1 : FWA 40-8A:881B9BFB:00:00 = +5.44431395E+02 : FWB 05-04:C0D04C37:00:?? = +3.54142768E-38
A689 : TYA            : A=AE X=05 Y=AE SP=?? N=1 V=0 D=0 I=0 Z=0 C=1 : FWA 40-8A:881B9BFB:00:00 = +5.44431395E+02 : FWB 05-04:C0D04C37:00:?? = +3.54142768E-38
A68A : SBC 31         : A=26 X=05 Y=AE SP=?? N=0 V=0 D=0 I=0 Z=0 C=1 : FWA 40-8A:881B9BFB:00:00 = +5.44431395E+02 : FWB 05-04:C0D04C37:00:?? = +3.54142768E-38
A68C : SEC            : A=26 X=05 Y=AE SP=?? N=0 V=0 D=0 I=0 Z=0 C=1 : FWA 40-8A:881B9BFB:00:00 = +5.44431395E+02 : FWB 05-04:C0D04C37:00:?? = +3.54142768E-38
A68D : ROL 3B         : A=26 X=05 Y=AE SP=?? N=0 V=0 D=0 I=0 Z=0 C=0 : FWA 40-8A:881B9BFB:00:00 = +5.44431395E+02 : FWB 0B-04:C0D04C37:00:?? = +3.54142768E-38
A68F : ASL 40         : A=26 X=05 Y=AE SP=?? N=0 V=0 D=0 I=0 Z=0 C=0 : FWA 40-8A:881B9BFB:00:00 = +5.44431395E+02 : FWB 0B-04:C0D04C6E:00:?? = +3.54142774E-38
A691 : ROL 3F         : A=26 X=05 Y=AE SP=?? N=1 V=0 D=0 I=0 Z=0 C=0 : FWA 40-8A:881B9BFB:00:00 = +5.44431395E+02 : FWB 0B-04:C0D0986E:00:?? = +3.54144904E-38
A693 : ROL 3E         : A=26 X=05 Y=AE SP=?? N=1 V=0 D=0 I=0 Z=0 C=1 : FWA 40-8A:881B9BFB:00:00 = +5.44431395E+02 : FWB 0B-04:C0A0986E:00:?? = +3.53800521E-38
A695 : ROL A          : A=4D X=05 Y=AE SP=?? N=0 V=0 D=0 I=0 Z=0 C=0 : FWA 40-8A:881B9BFB:00:00 = +5.44431395E+02 : FWB 0B-04:C0A0986E:00:?? = +3.53800521E-38
A696 : DEX            : A=4D X=04 Y=AE SP=?? N=0 V=0 D=0 I=0 Z=0 C=0 : FWA 40-8A:881B9BFB:00:00 = +5.44431395E+02 : FWB 0B-04:C0A0986E:00:?? = +3.53800521E-38
A697 : BNE A65E       : A=4D X=04 Y=AE SP=?? N=0 V=0 D=0 I=0 Z=0 C=0 : FWA 40-8A:881B9BFB:00:00 = +5.44431395E+02 : FWB 0B-04:C0A0986E:00:?? = +3.53800521E-38
A65E : BCS A676       : A=4D X=04 Y=AE SP=?? N=0 V=0 D=0 I=0 Z=0 C=0 : FWA 40-8A:881B9BFB:00:00 = +5.44431395E+02 : FWB 0B-04:C0A0986E:00:?? = +3.53800521E-38
A660 : CMP 31         : A=4D X=04 Y=AE SP=?? N=1 V=0 D=0 I=0 Z=0 C=0 : FWA 40-8A:881B9BFB:00:00 = +5.44431395E+02 : FWB 0B-04:C0A0986E:00:?? = +3.53800521E-38
A662 : BNE A674       : A=4D X=04 Y=AE SP=?? N=1 V=0 D=0 I=0 Z=0 C=0 : FWA 40-8A:881B9BFB:00:00 = +5.44431395E+02 : FWB 0B-04:C0A0986E:00:?? = +3.53800521E-38
A674 : BCC A68D       : A=4D X=04 Y=AE SP=?? N=1 V=0 D=0 I=0 Z=0 C=0 : FWA 40-8A:881B9BFB:00:00 = +5.44431395E+02 : FWB 0B-04:C0A0986E:00:?? = +3.53800521E-38
A68D : ROL 3B         : A=4D X=04 Y=AE SP=?? N=0 V=0 D=0 I=0 Z=0 C=0 : FWA 40-8A:881B9BFB:00:00 = +5.44431395E+02 : FWB 16-04:C0A0986E:00:?? = +3.53800521E-38
A68F : ASL 40         : A=4D X=04 Y=AE SP=?? N=1 V=0 D=0 I=0 Z=0 C=0 : FWA 40-8A:881B9BFB:00:00 = +5.44431395E+02 : FWB 16-04:C0A098DC:00:?? = +3.53800533E-38
A691 : ROL 3F         : A=4D X=04 Y=AE SP=?? N=0 V=0 D=0 I=0 Z=0 C=1 : FWA 40-8A:881B9BFB:00:00 = +5.44431395E+02 : FWB 16-04:C0A030DC:00:?? = +3.53797618E-38
A693 : ROL 3E         : A=4D X=04 Y=AE SP=?? N=0 V=0 D=0 I=0 Z=0 C=1 : FWA 40-8A:881B9BFB:00:00 = +5.44431395E+02 : FWB 16-04:C04130DC:00:?? = +3.53116027E-38
A695 : ROL A          : A=9B X=04 Y=AE SP=?? N=1 V=0 D=0 I=0 Z=0 C=0 : FWA 40-8A:881B9BFB:00:00 = +5.44431395E+02 : FWB 16-04:C04130DC:00:?? = +3.53116027E-38
A696 : DEX            : A=9B X=03 Y=AE SP=?? N=0 V=0 D=0 I=0 Z=0 C=0 : FWA 40-8A:881B9BFB:00:00 = +5.44431395E+02 : FWB 16-04:C04130DC:00:?? = +3.53116027E-38
A697 : BNE A65E       : A=9B X=03 Y=AE SP=?? N=0 V=0 D=0 I=0 Z=0 C=0 : FWA 40-8A:881B9BFB:00:00 = +5.44431395E+02 : FWB 16-04:C04130DC:00:?? = +3.53116027E-38
A65E : BCS A676       : A=9B X=03 Y=AE SP=?? N=0 V=0 D=0 I=0 Z=0 C=0 : FWA 40-8A:881B9BFB:00:00 = +5.44431395E+02 : FWB 16-04:C04130DC:00:?? = +3.53116027E-38
A660 : CMP 31         : A=9B X=03 Y=AE SP=?? N=0 V=0 D=0 I=0 Z=0 C=1 : FWA 40-8A:881B9BFB:00:00 = +5.44431395E+02 : FWB 16-04:C04130DC:00:?? = +3.53116027E-38
A662 : BNE A674       : A=9B X=03 Y=AE SP=?? N=0 V=0 D=0 I=0 Z=0 C=1 : FWA 40-8A:881B9BFB:00:00 = +5.44431395E+02 : FWB 16-04:C04130DC:00:?? = +3.53116027E-38
A674 : BCC A68D       : A=9B X=03 Y=AE SP=?? N=0 V=0 D=0 I=0 Z=0 C=1 : FWA 40-8A:881B9BFB:00:00 = +5.44431395E+02 : FWB 16-04:C04130DC:00:?? = +3.53116027E-38
A676 : TAY            : A=9B X=03 Y=9B SP=?? N=1 V=0 D=0 I=0 Z=0 C=1 : FWA 40-8A:881B9BFB:00:00 = +5.44431395E+02 : FWB 16-04:C04130DC:00:?? = +3.53116027E-38
A677 : LDA 40         : A=DC X=03 Y=9B SP=?? N=1 V=0 D=0 I=0 Z=0 C=1 : FWA 40-8A:881B9BFB:00:00 = +5.44431395E+02 : FWB 16-04:C04130DC:00:?? = +3.53116027E-38
A679 : SBC 34         : A=E1 X=03 Y=9B SP=?? N=1 V=0 D=0 I=0 Z=0 C=0 : FWA 40-8A:881B9BFB:00:00 = +5.44431395E+02 : FWB 16-04:C04130DC:00:?? = +3.53116027E-38
A67B : STA 40         : A=E1 X=03 Y=9B SP=?? N=1 V=0 D=0 I=0 Z=0 C=0 : FWA 40-8A:881B9BFB:00:00 = +5.44431395E+02 : FWB 16-04:C04130E1:00:?? = +3.53116027E-38
A67D : LDA 3F         : A=30 X=03 Y=9B SP=?? N=0 V=0 D=0 I=0 Z=0 C=0 : FWA 40-8A:881B9BFB:00:00 = +5.44431395E+02 : FWB 16-04:C04130E1:00:?? = +3.53116027E-38
A67F : SBC 33         : A=94 X=03 Y=9B SP=?? N=1 V=1 D=0 I=0 Z=0 C=0 : FWA 40-8A:881B9BFB:00:00 = +5.44431395E+02 : FWB 16-04:C04130E1:00:?? = +3.53116027E-38
A681 : STA 3F         : A=94 X=03 Y=9B SP=?? N=1 V=1 D=0 I=0 Z=0 C=0 : FWA 40-8A:881B9BFB:00:00 = +5.44431395E+02 : FWB 16-04:C04194E1:00:?? = +3.53118830E-38
A683 : LDA 3E         : A=41 X=03 Y=9B SP=?? N=0 V=1 D=0 I=0 Z=0 C=0 : FWA 40-8A:881B9BFB:00:00 = +5.44431395E+02 : FWB 16-04:C04194E1:00:?? = +3.53118830E-38
A685 : SBC 32         : A=25 X=03 Y=9B SP=?? N=0 V=0 D=0 I=0 Z=0 C=1 : FWA 40-8A:881B9BFB:00:00 = +5.44431395E+02 : FWB 16-04:C04194E1:00:?? = +3.53118830E-38
A687 : STA 3E         : A=25 X=03 Y=9B SP=?? N=0 V=0 D=0 I=0 Z=0 C=1 : FWA 40-8A:881B9BFB:00:00 = +5.44431395E+02 : FWB 16-04:C02594E1:00:?? = +3.52917940E-38
A689 : TYA            : A=9B X=03 Y=9B SP=?? N=1 V=0 D=0 I=0 Z=0 C=1 : FWA 40-8A:881B9BFB:00:00 = +5.44431395E+02 : FWB 16-04:C02594E1:00:?? = +3.52917940E-38
A68A : SBC 31         : A=13 X=03 Y=9B SP=?? N=0 V=0 D=0 I=0 Z=0 C=1 : FWA 40-8A:881B9BFB:00:00 = +5.44431395E+02 : FWB 16-04:C02594E1:00:?? = +3.52917940E-38
A68C : SEC            : A=13 X=03 Y=9B SP=?? N=0 V=0 D=0 I=0 Z=0 C=1 : FWA 40-8A:881B9BFB:00:00 = +5.44431395E+02 : FWB 16-04:C02594E1:00:?? = +3.52917940E-38
A68D : ROL 3B         : A=13 X=03 Y=9B SP=?? N=0 V=0 D=0 I=0 Z=0 C=0 : FWA 40-8A:881B9BFB:00:00 = +5.44431395E+02 : FWB 2D-04:C02594E1:00:?? = +3.52917940E-38
A68F : ASL 40         : A=13 X=03 Y=9B SP=?? N=1 V=0 D=0 I=0 Z=0 C=1 : FWA 40-8A:881B9BFB:00:00 = +5.44431395E+02 : FWB 2D-04:C02594C2:00:?? = +3.52917936E-38
A691 : ROL 3F         : A=13 X=03 Y=9B SP=?? N=0 V=0 D=0 I=0 Z=0 C=1 : FWA 40-8A:881B9BFB:00:00 = +5.44431395E+02 : FWB 2D-04:C02529C2:00:?? = +3.52914938E-38
A693 : ROL 3E         : A=13 X=03 Y=9B SP=?? N=0 V=0 D=0 I=0 Z=0 C=0 : FWA 40-8A:881B9BFB:00:00 = +5.44431395E+02 : FWB 2D-04:C04B29C2:00:?? = +3.53187574E-38
A695 : ROL A          : A=26 X=03 Y=9B SP=?? N=0 V=0 D=0 I=0 Z=0 C=0 : FWA 40-8A:881B9BFB:00:00 = +5.44431395E+02 : FWB 2D-04:C04B29C2:00:?? = +3.53187574E-38
A696 : DEX            : A=26 X=02 Y=9B SP=?? N=0 V=0 D=0 I=0 Z=0 C=0 : FWA 40-8A:881B9BFB:00:00 = +5.44431395E+02 : FWB 2D-04:C04B29C2:00:?? = +3.53187574E-38
A697 : BNE A65E       : A=26 X=02 Y=9B SP=?? N=0 V=0 D=0 I=0 Z=0 C=0 : FWA 40-8A:881B9BFB:00:00 = +5.44431395E+02 : FWB 2D-04:C04B29C2:00:?? = +3.53187574E-38
A65E : BCS A676       : A=26 X=02 Y=9B SP=?? N=0 V=0 D=0 I=0 Z=0 C=0 : FWA 40-8A:881B9BFB:00:00 = +5.44431395E+02 : FWB 2D-04:C04B29C2:00:?? = +3.53187574E-38
A660 : CMP 31         : A=26 X=02 Y=9B SP=?? N=1 V=0 D=0 I=0 Z=0 C=0 : FWA 40-8A:881B9BFB:00:00 = +5.44431395E+02 : FWB 2D-04:C04B29C2:00:?? = +3.53187574E-38
A662 : BNE A674       : A=26 X=02 Y=9B SP=?? N=1 V=0 D=0 I=0 Z=0 C=0 : FWA 40-8A:881B9BFB:00:00 = +5.44431395E+02 : FWB 2D-04:C04B29C2:00:?? = +3.53187574E-38
A674 : BCC A68D       : A=26 X=02 Y=9B SP=?? N=1 V=0 D=0 I=0 Z=0 C=0 : FWA 40-8A:881B9BFB:00:00 = +5.44431395E+02 : FWB 2D-04:C04B29C2:00:?? = +3.53187574E-38
A68D : ROL 3B         : A=26 X=02 Y=9B SP=?? N=0 V=0 D=0 I=0 Z=0 C=0 : FWA 40-8A:881B9BFB:00:00 = +5.44431395E+02 : FWB 5A-04:C04B29C2:00:?? = +3.53187574E-38
A68F : ASL 40         : A=26 X=02 Y=9B SP=?? N=1 V=0 D=0 I=0 Z=0 C=1 : FWA 40-8A:881B9BFB:00:00 = +5.44431395E+02 : FWB 5A-04:C04B2984:00:?? = +3.53187567E-38
A691 : ROL 3F         : A=26 X=02 Y=9B SP=?? N=0 V=0 D=0 I=0 Z=0 C=0 : FWA 40-8A:881B9BFB:00:00 = +5.44431395E+02 : FWB 5A-04:C04B5384:00:?? = +3.53188744E-38
A693 : ROL 3E         : A=26 X=02 Y=9B SP=?? N=1 V=0 D=0 I=0 Z=0 C=0 : FWA 40-8A:881B9BFB:00:00 = +5.44431395E+02 : FWB 5A-04:C0965384:00:?? = +3.53726843E-38
A695 : ROL A          : A=4C X=02 Y=9B SP=?? N=0 V=0 D=0 I=0 Z=0 C=0 : FWA 40-8A:881B9BFB:00:00 = +5.44431395E+02 : FWB 5A-04:C0965384:00:?? = +3.53726843E-38
A696 : DEX            : A=4C X=01 Y=9B SP=?? N=0 V=0 D=0 I=0 Z=0 C=0 : FWA 40-8A:881B9BFB:00:00 = +5.44431395E+02 : FWB 5A-04:C0965384:00:?? = +3.53726843E-38
A697 : BNE A65E       : A=4C X=01 Y=9B SP=?? N=0 V=0 D=0 I=0 Z=0 C=0 : FWA 40-8A:881B9BFB:00:00 = +5.44431395E+02 : FWB 5A-04:C0965384:00:?? = +3.53726843E-38
A65E : BCS A676       : A=4C X=01 Y=9B SP=?? N=0 V=0 D=0 I=0 Z=0 C=0 : FWA 40-8A:881B9BFB:00:00 = +5.44431395E+02 : FWB 5A-04:C0965384:00:?? = +3.53726843E-38
A660 : CMP 31         : A=4C X=01 Y=9B SP=?? N=1 V=0 D=0 I=0 Z=0 C=0 : FWA 40-8A:881B9BFB:00:00 = +5.44431395E+02 : FWB 5A-04:C0965384:00:?? = +3.53726843E-38
A662 : BNE A674       : A=4C X=01 Y=9B SP=?? N=1 V=0 D=0 I=0 Z=0 C=0 : FWA 40-8A:881B9BFB:00:00 = +5.44431395E+02 : FWB 5A-04:C0965384:00:?? = +3.53726843E-38
A674 : BCC A68D       : A=4C X=01 Y=9B SP=?? N=1 V=0 D=0 I=0 Z=0 C=0 : FWA 40-8A:881B9BFB:00:00 = +5.44431395E+02 : FWB 5A-04:C0965384:00:?? = +3.53726843E-38
A68D : ROL 3B         : A=4C X=01 Y=9B SP=?? N=1 V=0 D=0 I=0 Z=0 C=0 : FWA 40-8A:881B9BFB:00:00 = +5.44431395E+02 : FWB B4-04:C0965384:00:?? = -3.53726843E-38
A68F : ASL 40         : A=4C X=01 Y=9B SP=?? N=0 V=0 D=0 I=0 Z=0 C=1 : FWA 40-8A:881B9BFB:00:00 = +5.44431395E+02 : FWB B4-04:C0965308:00:?? = -3.53726829E-38
A691 : ROL 3F         : A=4C X=01 Y=9B SP=?? N=1 V=0 D=0 I=0 Z=0 C=0 : FWA 40-8A:881B9BFB:00:00 = +5.44431395E+02 : FWB B4-04:C096A708:00:?? = -3.53729184E-38
A693 : ROL 3E         : A=4C X=01 Y=9B SP=?? N=0 V=0 D=0 I=0 Z=0 C=1 : FWA 40-8A:881B9BFB:00:00 = +5.44431395E+02 : FWB B4-04:C02CA708:00:?? = -3.52968671E-38
A695 : ROL A          : A=99 X=01 Y=9B SP=?? N=1 V=0 D=0 I=0 Z=0 C=0 : FWA 40-8A:881B9BFB:00:00 = +5.44431395E+02 : FWB B4-04:C02CA708:00:?? = -3.52968671E-38
A696 : DEX            : A=99 X=00 Y=9B SP=?? N=0 V=0 D=0 I=0 Z=1 C=0 : FWA 40-8A:881B9BFB:00:00 = +5.44431395E+02 : FWB B4-04:C02CA708:00:?? = -3.52968671E-38
A697 : BNE A65E       : A=99 X=00 Y=9B SP=?? N=0 V=0 D=0 I=0 Z=1 C=0 : FWA 40-8A:881B9BFB:00:00 = +5.44431395E+02 : FWB B4-04:C02CA708:00:?? = -3.52968671E-38
A699 : LDX 3B         : A=99 X=B4 Y=9B SP=?? N=1 V=0 D=0 I=0 Z=0 C=0 : FWA 40-8A:881B9BFB:00:00 = +5.44431395E+02 : FWB B4-04:C02CA708:00:?? = -3.52968671E-38
A69B : PHX            : A=99 X=B4 Y=9B SP=?? N=1 V=0 D=0 I=0 Z=0 C=0 : FWA 40-8A:881B9BFB:00:00 = +5.44431395E+02 : FWB B4-04:C02CA708:00:?? = -3.52968671E-38
A69C : DEC 3C         : A=99 X=B4 Y=9B SP=?? N=0 V=0 D=0 I=0 Z=0 C=0 : FWA 40-8A:881B9BFB:00:00 = +5.44431395E+02 : FWB B4-03:C02CA708:00:?? = -1.76484335E-38
A69E : BNE A65C       : A=99 X=B4 Y=9B SP=?? N=0 V=0 D=0 I=0 Z=0 C=0 : FWA 40-8A:881B9BFB:00:00 = +5.44431395E+02 : FWB B4-03:C02CA708:00:?? = -1.76484335E-38
A65C : LDX #08        : A=99 X=08 Y=9B SP=?? N=0 V=0 D=0 I=0 Z=0 C=0 : FWA 40-8A:881B9BFB:00:00 = +5.44431395E+02 : FWB B4-03:C02CA708:00:?? = -1.76484335E-38
A65E : BCS A676       : A=99 X=08 Y=9B SP=?? N=0 V=0 D=0 I=0 Z=0 C=0 : FWA 40-8A:881B9BFB:00:00 = +5.44431395E+02 : FWB B4-03:C02CA708:00:?? = -1.76484335E-38
A660 : CMP 31         : A=99 X=08 Y=9B SP=?? N=0 V=0 D=0 I=0 Z=0 C=1 : FWA 40-8A:881B9BFB:00:00 = +5.44431395E+02 : FWB B4-03:C02CA708:00:?? = -1.76484335E-38
A662 : BNE A674       : A=99 X=08 Y=9B SP=?? N=0 V=0 D=0 I=0 Z=0 C=1 : FWA 40-8A:881B9BFB:00:00 = +5.44431395E+02 : FWB B4-03:C02CA708:00:?? = -1.76484335E-38
A674 : BCC A68D       : A=99 X=08 Y=9B SP=?? N=0 V=0 D=0 I=0 Z=0 C=1 : FWA 40-8A:881B9BFB:00:00 = +5.44431395E+02 : FWB B4-03:C02CA708:00:?? = -1.76484335E-38
A676 : TAY            : A=99 X=08 Y=99 SP=?? N=1 V=0 D=0 I=0 Z=0 C=1 : FWA 40-8A:881B9BFB:00:00 = +5.44431395E+02 : FWB B4-03:C02CA708:00:?? = -1.76484335E-38
A677 : LDA 40         : A=08 X=08 Y=99 SP=?? N=0 V=0 D=0 I=0 Z=0 C=1 : FWA 40-8A:881B9BFB:00:00 = +5.44431395E+02 : FWB B4-03:C02CA708:00:?? = -1.76484335E-38
A679 : SBC 34         : A=0D X=08 Y=99 SP=?? N=0 V=0 D=0 I=0 Z=0 C=0 : FWA 40-8A:881B9BFB:00:00 = +5.44431395E+02 : FWB B4-03:C02CA708:00:?? = -1.76484335E-38
A67B : STA 40         : A=0D X=08 Y=99 SP=?? N=0 V=0 D=0 I=0 Z=0 C=0 : FWA 40-8A:881B9BFB:00:00 = +5.44431395E+02 : FWB B4-03:C02CA70D:00:?? = -1.76484336E-38
A67D : LDA 3F         : A=A7 X=08 Y=99 SP=?? N=1 V=0 D=0 I=0 Z=0 C=0 : FWA 40-8A:881B9BFB:00:00 = +5.44431395E+02 : FWB B4-03:C02CA70D:00:?? = -1.76484336E-38
A67F : SBC 33         : A=0B X=08 Y=99 SP=?? N=0 V=0 D=0 I=0 Z=0 C=1 : FWA 40-8A:881B9BFB:00:00 = +5.44431395E+02 : FWB B4-03:C02CA70D:00:?? = -1.76484336E-38
A681 : STA 3F         : A=0B X=08 Y=99 SP=?? N=0 V=0 D=0 I=0 Z=0 C=1 : FWA 40-8A:881B9BFB:00:00 = +5.44431395E+02 : FWB B4-03:C02C0B0D:00:?? = -1.76482150E-38
A683 : LDA 3E         : A=2C X=08 Y=99 SP=?? N=0 V=0 D=0 I=0 Z=0 C=1 : FWA 40-8A:881B9BFB:00:00 = +5.44431395E+02 : FWB B4-03:C02C0B0D:00:?? = -1.76482150E-38
A685 : SBC 32         : A=11 X=08 Y=99 SP=?? N=0 V=0 D=0 I=0 Z=0 C=1 : FWA 40-8A:881B9BFB:00:00 = +5.44431395E+02 : FWB B4-03:C02C0B0D:00:?? = -1.76482150E-38
A687 : STA 3E         : A=11 X=08 Y=99 SP=?? N=0 V=0 D=0 I=0 Z=0 C=1 : FWA 40-8A:881B9BFB:00:00 = +5.44431395E+02 : FWB B4-03:C0110B0D:00:?? = -1.76385292E-38
A689 : TYA            : A=99 X=08 Y=99 SP=?? N=1 V=0 D=0 I=0 Z=0 C=1 : FWA 40-8A:881B9BFB:00:00 = +5.44431395E+02 : FWB B4-03:C0110B0D:00:?? = -1.76385292E-38
A68A : SBC 31         : A=11 X=08 Y=99 SP=?? N=0 V=0 D=0 I=0 Z=0 C=1 : FWA 40-8A:881B9BFB:00:00 = +5.44431395E+02 : FWB B4-03:C0110B0D:00:?? = -1.76385292E-38
A68C : SEC            : A=11 X=08 Y=99 SP=?? N=0 V=0 D=0 I=0 Z=0 C=1 : FWA 40-8A:881B9BFB:00:00 = +5.44431395E+02 : FWB B4-03:C0110B0D:00:?? = -1.76385292E-38
A68D : ROL 3B         : A=11 X=08 Y=99 SP=?? N=0 V=0 D=0 I=0 Z=0 C=1 : FWA 40-8A:881B9BFB:00:00 = +5.44431395E+02 : FWB 69-03:C0110B0D:00:?? = +1.76385292E-38
A68F : ASL 40         : A=11 X=08 Y=99 SP=?? N=0 V=0 D=0 I=0 Z=0 C=0 : FWA 40-8A:881B9BFB:00:00 = +5.44431395E+02 : FWB 69-03:C0110B1A:00:?? = +1.76385293E-38
A691 : ROL 3F         : A=11 X=08 Y=99 SP=?? N=0 V=0 D=0 I=0 Z=0 C=0 : FWA 40-8A:881B9BFB:00:00 = +5.44431395E+02 : FWB 69-03:C011161A:00:?? = +1.76385447E-38
A693 : ROL 3E         : A=11 X=08 Y=99 SP=?? N=0 V=0 D=0 I=0 Z=0 C=0 : FWA 40-8A:881B9BFB:00:00 = +5.44431395E+02 : FWB 69-03:C022161A:00:?? = +1.76446431E-38
A695 : ROL A          : A=22 X=08 Y=99 SP=?? N=0 V=0 D=0 I=0 Z=0 C=0 : FWA 40-8A:881B9BFB:00:00 = +5.44431395E+02 : FWB 69-03:C022161A:00:?? = +1.76446431E-38
A696 : DEX            : A=22 X=07 Y=99 SP=?? N=0 V=0 D=0 I=0 Z=0 C=0 : FWA 40-8A:881B9BFB:00:00 = +5.44431395E+02 : FWB 69-03:C022161A:00:?? = +1.76446431E-38
A697 : BNE A65E       : A=22 X=07 Y=99 SP=?? N=0 V=0 D=0 I=0 Z=0 C=0 : FWA 40-8A:881B9BFB:00:00 = +5.44431395E+02 : FWB 69-03:C022161A:00:?? = +1.76446431E-38
A65E : BCS A676       : A=22 X=07 Y=99 SP=?? N=0 V=0 D=0 I=0 Z=0 C=0 : FWA 40-8A:881B9BFB:00:00 = +5.44431395E+02 : FWB 69-03:C022161A:00:?? = +1.76446431E-38
A660 : CMP 31         : A=22 X=07 Y=99 SP=?? N=1 V=0 D=0 I=0 Z=0 C=0 : FWA 40-8A:881B9BFB:00:00 = +5.44431395E+02 : FWB 69-03:C022161A:00:?? = +1.76446431E-38
A662 : BNE A674       : A=22 X=07 Y=99 SP=?? N=1 V=0 D=0 I=0 Z=0 C=0 : FWA 40-8A:881B9BFB:00:00 = +5.44431395E+02 : FWB 69-03:C022161A:00:?? = +1.76446431E-38
A674 : BCC A68D       : A=22 X=07 Y=99 SP=?? N=1 V=0 D=0 I=0 Z=0 C=0 : FWA 40-8A:881B9BFB:00:00 = +5.44431395E+02 : FWB 69-03:C022161A:00:?? = +1.76446431E-38
A68D : ROL 3B         : A=22 X=07 Y=99 SP=?? N=1 V=0 D=0 I=0 Z=0 C=0 : FWA 40-8A:881B9BFB:00:00 = +5.44431395E+02 : FWB D2-03:C022161A:00:?? = -1.76446431E-38
A68F : ASL 40         : A=22 X=07 Y=99 SP=?? N=0 V=0 D=0 I=0 Z=0 C=0 : FWA 40-8A:881B9BFB:00:00 = +5.44431395E+02 : FWB D2-03:C0221634:00:?? = -1.76446433E-38
A691 : ROL 3F         : A=22 X=07 Y=99 SP=?? N=0 V=0 D=0 I=0 Z=0 C=0 : FWA 40-8A:881B9BFB:00:00 = +5.44431395E+02 : FWB D2-03:C0222C34:00:?? = -1.76446741E-38
A693 : ROL 3E         : A=22 X=07 Y=99 SP=?? N=0 V=0 D=0 I=0 Z=0 C=0 : FWA 40-8A:881B9BFB:00:00 = +5.44431395E+02 : FWB D2-03:C0442C34:00:?? = -1.76568710E-38
A695 : ROL A          : A=44 X=07 Y=99 SP=?? N=0 V=0 D=0 I=0 Z=0 C=0 : FWA 40-8A:881B9BFB:00:00 = +5.44431395E+02 : FWB D2-03:C0442C34:00:?? = -1.76568710E-38
A696 : DEX            : A=44 X=06 Y=99 SP=?? N=0 V=0 D=0 I=0 Z=0 C=0 : FWA 40-8A:881B9BFB:00:00 = +5.44431395E+02 : FWB D2-03:C0442C34:00:?? = -1.76568710E-38
A697 : BNE A65E       : A=44 X=06 Y=99 SP=?? N=0 V=0 D=0 I=0 Z=0 C=0 : FWA 40-8A:881B9BFB:00:00 = +5.44431395E+02 : FWB D2-03:C0442C34:00:?? = -1.76568710E-38
A65E : BCS A676       : A=44 X=06 Y=99 SP=?? N=0 V=0 D=0 I=0 Z=0 C=0 : FWA 40-8A:881B9BFB:00:00 = +5.44431395E+02 : FWB D2-03:C0442C34:00:?? = -1.76568710E-38
A660 : CMP 31         : A=44 X=06 Y=99 SP=?? N=1 V=0 D=0 I=0 Z=0 C=0 : FWA 40-8A:881B9BFB:00:00 = +5.44431395E+02 : FWB D2-03:C0442C34:00:?? = -1.76568710E-38
A662 : BNE A674       : A=44 X=06 Y=99 SP=?? N=1 V=0 D=0 I=0 Z=0 C=0 : FWA 40-8A:881B9BFB:00:00 = +5.44431395E+02 : FWB D2-03:C0442C34:00:?? = -1.76568710E-38
A674 : BCC A68D       : A=44 X=06 Y=99 SP=?? N=1 V=0 D=0 I=0 Z=0 C=0 : FWA 40-8A:881B9BFB:00:00 = +5.44431395E+02 : FWB D2-03:C0442C34:00:?? = -1.76568710E-38
A68D : ROL 3B         : A=44 X=06 Y=99 SP=?? N=1 V=0 D=0 I=0 Z=0 C=1 : FWA 40-8A:881B9BFB:00:00 = +5.44431395E+02 : FWB A4-03:C0442C34:00:?? = -1.76568710E-38
A68F : ASL 40         : A=44 X=06 Y=99 SP=?? N=0 V=0 D=0 I=0 Z=0 C=0 : FWA 40-8A:881B9BFB:00:00 = +5.44431395E+02 : FWB A4-03:C0442C68:00:?? = -1.76568713E-38
A691 : ROL 3F         : A=44 X=06 Y=99 SP=?? N=0 V=0 D=0 I=0 Z=0 C=0 : FWA 40-8A:881B9BFB:00:00 = +5.44431395E+02 : FWB A4-03:C0445868:00:?? = -1.76569329E-38
A693 : ROL 3E         : A=44 X=06 Y=99 SP=?? N=1 V=0 D=0 I=0 Z=0 C=0 : FWA 40-8A:881B9BFB:00:00 = +5.44431395E+02 : FWB A4-03:C0885868:00:?? = -1.76813268E-38
A695 : ROL A          : A=88 X=06 Y=99 SP=?? N=1 V=0 D=0 I=0 Z=0 C=0 : FWA 40-8A:881B9BFB:00:00 = +5.44431395E+02 : FWB A4-03:C0885868:00:?? = -1.76813268E-38
A696 : DEX            : A=88 X=05 Y=99 SP=?? N=0 V=0 D=0 I=0 Z=0 C=0 : FWA 40-8A:881B9BFB:00:00 = +5.44431395E+02 : FWB A4-03:C0885868:00:?? = -1.76813268E-38
A697 : BNE A65E       : A=88 X=05 Y=99 SP=?? N=0 V=0 D=0 I=0 Z=0 C=0 : FWA 40-8A:881B9BFB:00:00 = +5.44431395E+02 : FWB A4-03:C0885868:00:?? = -1.76813268E-38
A65E : BCS A676       : A=88 X=05 Y=99 SP=?? N=0 V=0 D=0 I=0 Z=0 C=0 : FWA 40-8A:881B9BFB:00:00 = +5.44431395E+02 : FWB A4-03:C0885868:00:?? = -1.76813268E-38
A660 : CMP 31         : A=88 X=05 Y=99 SP=?? N=0 V=0 D=0 I=0 Z=1 C=1 : FWA 40-8A:881B9BFB:00:00 = +5.44431395E+02 : FWB A4-03:C0885868:00:?? = -1.76813268E-38
A662 : BNE A674       : A=88 X=05 Y=99 SP=?? N=0 V=0 D=0 I=0 Z=1 C=1 : FWA 40-8A:881B9BFB:00:00 = +5.44431395E+02 : FWB A4-03:C0885868:00:?? = -1.76813268E-38
A664 : LDY 3E         : A=88 X=05 Y=88 SP=?? N=1 V=0 D=0 I=0 Z=0 C=1 : FWA 40-8A:881B9BFB:00:00 = +5.44431395E+02 : FWB A4-03:C0885868:00:?? = -1.76813268E-38
A666 : CPY 32         : A=88 X=05 Y=88 SP=?? N=0 V=0 D=0 I=0 Z=0 C=1 : FWA 40-8A:881B9BFB:00:00 = +5.44431395E+02 : FWB A4-03:C0885868:00:?? = -1.76813268E-38
A668 : BNE A674       : A=88 X=05 Y=88 SP=?? N=0 V=0 D=0 I=0 Z=0 C=1 : FWA 40-8A:881B9BFB:00:00 = +5.44431395E+02 : FWB A4-03:C0885868:00:?? = -1.76813268E-38
A674 : BCC A68D       : A=88 X=05 Y=88 SP=?? N=0 V=0 D=0 I=0 Z=0 C=1 : FWA 40-8A:881B9BFB:00:00 = +5.44431395E+02 : FWB A4-03:C0885868:00:?? = -1.76813268E-38
A676 : TAY            : A=88 X=05 Y=88 SP=?? N=1 V=0 D=0 I=0 Z=0 C=1 : FWA 40-8A:881B9BFB:00:00 = +5.44431395E+02 : FWB A4-03:C0885868:00:?? = -1.76813268E-38
A677 : LDA 40         : A=68 X=05 Y=88 SP=?? N=0 V=0 D=0 I=0 Z=0 C=1 : FWA 40-8A:881B9BFB:00:00 = +5.44431395E+02 : FWB A4-03:C0885868:00:?? = -1.76813268E-38
A679 : SBC 34         : A=6D X=05 Y=88 SP=?? N=0 V=0 D=0 I=0 Z=0 C=0 : FWA 40-8A:881B9BFB:00:00 = +5.44431395E+02 : FWB A4-03:C0885868:00:?? = -1.76813268E-38
A67B : STA 40         : A=6D X=05 Y=88 SP=?? N=0 V=0 D=0 I=0 Z=0 C=0 : FWA 40-8A:881B9BFB:00:00 = +5.44431395E+02 : FWB A4-03:C088586D:00:?? = -1.76813268E-38
A67D : LDA 3F         : A=58 X=05 Y=88 SP=?? N=0 V=0 D=0 I=0 Z=0 C=0 : FWA 40-8A:881B9BFB:00:00 = +5.44431395E+02 : FWB A4-03:C088586D:00:?? = -1.76813268E-38
A67F : SBC 33         : A=BC X=05 Y=88 SP=?? N=1 V=1 D=0 I=0 Z=0 C=0 : FWA 40-8A:881B9BFB:00:00 = +5.44431395E+02 : FWB A4-03:C088586D:00:?? = -1.76813268E-38
A681 : STA 3F         : A=BC X=05 Y=88 SP=?? N=1 V=1 D=0 I=0 Z=0 C=0 : FWA 40-8A:881B9BFB:00:00 = +5.44431395E+02 : FWB A4-03:C088BC6D:00:?? = -1.76814669E-38
A683 : LDA 3E         : A=88 X=05 Y=88 SP=?? N=1 V=1 D=0 I=0 Z=0 C=0 : FWA 40-8A:881B9BFB:00:00 = +5.44431395E+02 : FWB A4-03:C088BC6D:00:?? = -1.76814669E-38
A685 : SBC 32         : A=6C X=05 Y=88 SP=?? N=0 V=1 D=0 I=0 Z=0 C=1 : FWA 40-8A:881B9BFB:00:00 = +5.44431395E+02 : FWB A4-03:C088BC6D:00:?? = -1.76814669E-38
A687 : STA 3E         : A=6C X=05 Y=88 SP=?? N=0 V=1 D=0 I=0 Z=0 C=1 : FWA 40-8A:881B9BFB:00:00 = +5.44431395E+02 : FWB A4-03:C06CBC6D:00:?? = -1.76714224E-38
A689 : TYA            : A=88 X=05 Y=88 SP=?? N=1 V=1 D=0 I=0 Z=0 C=1 : FWA 40-8A:881B9BFB:00:00 = +5.44431395E+02 : FWB A4-03:C06CBC6D:00:?? = -1.76714224E-38
A68A : SBC 31         : A=00 X=05 Y=88 SP=?? N=0 V=0 D=0 I=0 Z=1 C=1 : FWA 40-8A:881B9BFB:00:00 = +5.44431395E+02 : FWB A4-03:C06CBC6D:00:?? = -1.76714224E-38
A68C : SEC            : A=00 X=05 Y=88 SP=?? N=0 V=0 D=0 I=0 Z=1 C=1 : FWA 40-8A:881B9BFB:00:00 = +5.44431395E+02 : FWB A4-03:C06CBC6D:00:?? = -1.76714224E-38
A68D : ROL 3B         : A=00 X=05 Y=88 SP=?? N=0 V=0 D=0 I=0 Z=0 C=1 : FWA 40-8A:881B9BFB:00:00 = +5.44431395E+02 : FWB 49-03:C06CBC6D:00:?? = +1.76714224E-38
A68F : ASL 40         : A=00 X=05 Y=88 SP=?? N=1 V=0 D=0 I=0 Z=0 C=0 : FWA 40-8A:881B9BFB:00:00 = +5.44431395E+02 : FWB 49-03:C06CBCDA:00:?? = +1.76714230E-38
A691 : ROL 3F         : A=00 X=05 Y=88 SP=?? N=0 V=0 D=0 I=0 Z=0 C=1 : FWA 40-8A:881B9BFB:00:00 = +5.44431395E+02 : FWB 49-03:C06C78DA:00:?? = +1.76713277E-38
A693 : ROL 3E         : A=00 X=05 Y=88 SP=?? N=1 V=0 D=0 I=0 Z=0 C=0 : FWA 40-8A:881B9BFB:00:00 = +5.44431395E+02 : FWB 49-03:C0D978DA:00:?? = +1.77104295E-38
A695 : ROL A          : A=00 X=05 Y=88 SP=?? N=0 V=0 D=0 I=0 Z=1 C=0 : FWA 40-8A:881B9BFB:00:00 = +5.44431395E+02 : FWB 49-03:C0D978DA:00:?? = +1.77104295E-38
A696 : DEX            : A=00 X=04 Y=88 SP=?? N=0 V=0 D=0 I=0 Z=0 C=0 : FWA 40-8A:881B9BFB:00:00 = +5.44431395E+02 : FWB 49-03:C0D978DA:00:?? = +1.77104295E-38
A697 : BNE A65E       : A=00 X=04 Y=88 SP=?? N=0 V=0 D=0 I=0 Z=0 C=0 : FWA 40-8A:881B9BFB:00:00 = +5.44431395E+02 : FWB 49-03:C0D978DA:00:?? = +1.77104295E-38
A65E : BCS A676       : A=00 X=04 Y=88 SP=?? N=0 V=0 D=0 I=0 Z=0 C=0 : FWA 40-8A:881B9BFB:00:00 = +5.44431395E+02 : FWB 49-03:C0D978DA:00:?? = +1.77104295E-38
A660 : CMP 31         : A=00 X=04 Y=88 SP=?? N=0 V=0 D=0 I=0 Z=0 C=0 : FWA 40-8A:881B9BFB:00:00 = +5.44431395E+02 : FWB 49-03:C0D978DA:00:?? = +1.77104295E-38
A662 : BNE A674       : A=00 X=04 Y=88 SP=?? N=0 V=0 D=0 I=0 Z=0 C=0 : FWA 40-8A:881B9BFB:00:00 = +5.44431395E+02 : FWB 49-03:C0D978DA:00:?? = +1.77104295E-38
A674 : BCC A68D       : A=00 X=04 Y=88 SP=?? N=0 V=0 D=0 I=0 Z=0 C=0 : FWA 40-8A:881B9BFB:00:00 = +5.44431395E+02 : FWB 49-03:C0D978DA:00:?? = +1.77104295E-38
A68D : ROL 3B         : A=00 X=04 Y=88 SP=?? N=1 V=0 D=0 I=0 Z=0 C=0 : FWA 40-8A:881B9BFB:00:00 = +5.44431395E+02 : FWB 92-03:C0D978DA:00:?? = -1.77104295E-38
A68F : ASL 40         : A=00 X=04 Y=88 SP=?? N=1 V=0 D=0 I=0 Z=0 C=1 : FWA 40-8A:881B9BFB:00:00 = +5.44431395E+02 : FWB 92-03:C0D978B4:00:?? = -1.77104293E-38
A691 : ROL 3F         : A=00 X=04 Y=88 SP=?? N=1 V=0 D=0 I=0 Z=0 C=0 : FWA 40-8A:881B9BFB:00:00 = +5.44431395E+02 : FWB 92-03:C0D9F1B4:00:?? = -1.77105989E-38
A693 : ROL 3E         : A=00 X=04 Y=88 SP=?? N=1 V=0 D=0 I=0 Z=0 C=1 : FWA 40-8A:881B9BFB:00:00 = +5.44431395E+02 : FWB 92-03:C0B2F1B4:00:?? = -1.76966083E-38
A695 : ROL A          : A=01 X=04 Y=88 SP=?? N=0 V=0 D=0 I=0 Z=0 C=0 : FWA 40-8A:881B9BFB:00:00 = +5.44431395E+02 : FWB 92-03:C0B2F1B4:00:?? = -1.76966083E-38
A696 : DEX            : A=01 X=03 Y=88 SP=?? N=0 V=0 D=0 I=0 Z=0 C=0 : FWA 40-8A:881B9BFB:00:00 = +5.44431395E+02 : FWB 92-03:C0B2F1B4:00:?? = -1.76966083E-38
A697 : BNE A65E       : A=01 X=03 Y=88 SP=?? N=0 V=0 D=0 I=0 Z=0 C=0 : FWA 40-8A:881B9BFB:00:00 = +5.44431395E+02 : FWB 92-03:C0B2F1B4:00:?? = -1.76966083E-38
A65E : BCS A676       : A=01 X=03 Y=88 SP=?? N=0 V=0 D=0 I=0 Z=0 C=0 : FWA 40-8A:881B9BFB:00:00 = +5.44431395E+02 : FWB 92-03:C0B2F1B4:00:?? = -1.76966083E-38
A660 : CMP 31         : A=01 X=03 Y=88 SP=?? N=0 V=0 D=0 I=0 Z=0 C=0 : FWA 40-8A:881B9BFB:00:00 = +5.44431395E+02 : FWB 92-03:C0B2F1B4:00:?? = -1.76966083E-38
A662 : BNE A674       : A=01 X=03 Y=88 SP=?? N=0 V=0 D=0 I=0 Z=0 C=0 : FWA 40-8A:881B9BFB:00:00 = +5.44431395E+02 : FWB 92-03:C0B2F1B4:00:?? = -1.76966083E-38
A674 : BCC A68D       : A=01 X=03 Y=88 SP=?? N=0 V=0 D=0 I=0 Z=0 C=0 : FWA 40-8A:881B9BFB:00:00 = +5.44431395E+02 : FWB 92-03:C0B2F1B4:00:?? = -1.76966083E-38
A68D : ROL 3B         : A=01 X=03 Y=88 SP=?? N=0 V=0 D=0 I=0 Z=0 C=1 : FWA 40-8A:881B9BFB:00:00 = +5.44431395E+02 : FWB 24-03:C0B2F1B4:00:?? = +1.76966083E-38
A68F : ASL 40         : A=01 X=03 Y=88 SP=?? N=0 V=0 D=0 I=0 Z=0 C=1 : FWA 40-8A:881B9BFB:00:00 = +5.44431395E+02 : FWB 24-03:C0B2F168:00:?? = +1.76966079E-38
A691 : ROL 3F         : A=01 X=03 Y=88 SP=?? N=1 V=0 D=0 I=0 Z=0 C=1 : FWA 40-8A:881B9BFB:00:00 = +5.44431395E+02 : FWB 24-03:C0B2E368:00:?? = +1.76965883E-38
A693 : ROL 3E         : A=01 X=03 Y=88 SP=?? N=0 V=0 D=0 I=0 Z=0 C=1 : FWA 40-8A:881B9BFB:00:00 = +5.44431395E+02 : FWB 24-03:C065E368:00:?? = +1.76689659E-38
A695 : ROL A          : A=03 X=03 Y=88 SP=?? N=0 V=0 D=0 I=0 Z=0 C=0 : FWA 40-8A:881B9BFB:00:00 = +5.44431395E+02 : FWB 24-03:C065E368:00:?? = +1.76689659E-38
A696 : DEX            : A=03 X=02 Y=88 SP=?? N=0 V=0 D=0 I=0 Z=0 C=0 : FWA 40-8A:881B9BFB:00:00 = +5.44431395E+02 : FWB 24-03:C065E368:00:?? = +1.76689659E-38
A697 : BNE A65E       : A=03 X=02 Y=88 SP=?? N=0 V=0 D=0 I=0 Z=0 C=0 : FWA 40-8A:881B9BFB:00:00 = +5.44431395E+02 : FWB 24-03:C065E368:00:?? = +1.76689659E-38
A65E : BCS A676       : A=03 X=02 Y=88 SP=?? N=0 V=0 D=0 I=0 Z=0 C=0 : FWA 40-8A:881B9BFB:00:00 = +5.44431395E+02 : FWB 24-03:C065E368:00:?? = +1.76689659E-38
A660 : CMP 31         : A=03 X=02 Y=88 SP=?? N=0 V=0 D=0 I=0 Z=0 C=0 : FWA 40-8A:881B9BFB:00:00 = +5.44431395E+02 : FWB 24-03:C065E368:00:?? = +1.76689659E-38
A662 : BNE A674       : A=03 X=02 Y=88 SP=?? N=0 V=0 D=0 I=0 Z=0 C=0 : FWA 40-8A:881B9BFB:00:00 = +5.44431395E+02 : FWB 24-03:C065E368:00:?? = +1.76689659E-38
A674 : BCC A68D       : A=03 X=02 Y=88 SP=?? N=0 V=0 D=0 I=0 Z=0 C=0 : FWA 40-8A:881B9BFB:00:00 = +5.44431395E+02 : FWB 24-03:C065E368:00:?? = +1.76689659E-38
A68D : ROL 3B         : A=03 X=02 Y=88 SP=?? N=0 V=0 D=0 I=0 Z=0 C=0 : FWA 40-8A:881B9BFB:00:00 = +5.44431395E+02 : FWB 48-03:C065E368:00:?? = +1.76689659E-38
A68F : ASL 40         : A=03 X=02 Y=88 SP=?? N=1 V=0 D=0 I=0 Z=0 C=0 : FWA 40-8A:881B9BFB:00:00 = +5.44431395E+02 : FWB 48-03:C065E3D0:00:?? = +1.76689665E-38
A691 : ROL 3F         : A=03 X=02 Y=88 SP=?? N=1 V=0 D=0 I=0 Z=0 C=1 : FWA 40-8A:881B9BFB:00:00 = +5.44431395E+02 : FWB 48-03:C065C6D0:00:?? = +1.76689258E-38
A693 : ROL 3E         : A=03 X=02 Y=88 SP=?? N=1 V=0 D=0 I=0 Z=0 C=0 : FWA 40-8A:881B9BFB:00:00 = +5.44431395E+02 : FWB 48-03:C0CBC6D0:00:?? = +1.77055165E-38
A695 : ROL A          : A=06 X=02 Y=88 SP=?? N=0 V=0 D=0 I=0 Z=0 C=0 : FWA 40-8A:881B9BFB:00:00 = +5.44431395E+02 : FWB 48-03:C0CBC6D0:00:?? = +1.77055165E-38
A696 : DEX            : A=06 X=01 Y=88 SP=?? N=0 V=0 D=0 I=0 Z=0 C=0 : FWA 40-8A:881B9BFB:00:00 = +5.44431395E+02 : FWB 48-03:C0CBC6D0:00:?? = +1.77055165E-38
A697 : BNE A65E       : A=06 X=01 Y=88 SP=?? N=0 V=0 D=0 I=0 Z=0 C=0 : FWA 40-8A:881B9BFB:00:00 = +5.44431395E+02 : FWB 48-03:C0CBC6D0:00:?? = +1.77055165E-38
A65E : BCS A676       : A=06 X=01 Y=88 SP=?? N=0 V=0 D=0 I=0 Z=0 C=0 : FWA 40-8A:881B9BFB:00:00 = +5.44431395E+02 : FWB 48-03:C0CBC6D0:00:?? = +1.77055165E-38
A660 : CMP 31         : A=06 X=01 Y=88 SP=?? N=0 V=0 D=0 I=0 Z=0 C=0 : FWA 40-8A:881B9BFB:00:00 = +5.44431395E+02 : FWB 48-03:C0CBC6D0:00:?? = +1.77055165E-38
A662 : BNE A674       : A=06 X=01 Y=88 SP=?? N=0 V=0 D=0 I=0 Z=0 C=0 : FWA 40-8A:881B9BFB:00:00 = +5.44431395E+02 : FWB 48-03:C0CBC6D0:00:?? = +1.77055165E-38
A674 : BCC A68D       : A=06 X=01 Y=88 SP=?? N=0 V=0 D=0 I=0 Z=0 C=0 : FWA 40-8A:881B9BFB:00:00 = +5.44431395E+02 : FWB 48-03:C0CBC6D0:00:?? = +1.77055165E-38
A68D : ROL 3B         : A=06 X=01 Y=88 SP=?? N=1 V=0 D=0 I=0 Z=0 C=0 : FWA 40-8A:881B9BFB:00:00 = +5.44431395E+02 : FWB 90-03:C0CBC6D0:00:?? = -1.77055165E-38
A68F : ASL 40         : A=06 X=01 Y=88 SP=?? N=1 V=0 D=0 I=0 Z=0 C=1 : FWA 40-8A:881B9BFB:00:00 = +5.44431395E+02 : FWB 90-03:C0CBC6A0:00:?? = -1.77055163E-38
A691 : ROL 3F         : A=06 X=01 Y=88 SP=?? N=1 V=0 D=0 I=0 Z=0 C=1 : FWA 40-8A:881B9BFB:00:00 = +5.44431395E+02 : FWB 90-03:C0CB8DA0:00:?? = -1.77054364E-38
A693 : ROL 3E         : A=06 X=01 Y=88 SP=?? N=1 V=0 D=0 I=0 Z=0 C=1 : FWA 40-8A:881B9BFB:00:00 = +5.44431395E+02 : FWB 90-03:C0978DA0:00:?? = -1.76867823E-38
A695 : ROL A          : A=0D X=01 Y=88 SP=?? N=0 V=0 D=0 I=0 Z=0 C=0 : FWA 40-8A:881B9BFB:00:00 = +5.44431395E+02 : FWB 90-03:C0978DA0:00:?? = -1.76867823E-38
A696 : DEX            : A=0D X=00 Y=88 SP=?? N=0 V=0 D=0 I=0 Z=1 C=0 : FWA 40-8A:881B9BFB:00:00 = +5.44431395E+02 : FWB 90-03:C0978DA0:00:?? = -1.76867823E-38
A697 : BNE A65E       : A=0D X=00 Y=88 SP=?? N=0 V=0 D=0 I=0 Z=1 C=0 : FWA 40-8A:881B9BFB:00:00 = +5.44431395E+02 : FWB 90-03:C0978DA0:00:?? = -1.76867823E-38
A699 : LDX 3B         : A=0D X=90 Y=88 SP=?? N=1 V=0 D=0 I=0 Z=0 C=0 : FWA 40-8A:881B9BFB:00:00 = +5.44431395E+02 : FWB 90-03:C0978DA0:00:?? = -1.76867823E-38
A69B : PHX            : A=0D X=90 Y=88 SP=?? N=1 V=0 D=0 I=0 Z=0 C=0 : FWA 40-8A:881B9BFB:00:00 = +5.44431395E+02 : FWB 90-03:C0978DA0:00:?? = -1.76867823E-38
A69C : DEC 3C         : A=0D X=90 Y=88 SP=?? N=0 V=0 D=0 I=0 Z=0 C=0 : FWA 40-8A:881B9BFB:00:00 = +5.44431395E+02 : FWB 90-02:C0978DA0:00:?? = -8.84339116E-39
A69E : BNE A65C       : A=0D X=90 Y=88 SP=?? N=0 V=0 D=0 I=0 Z=0 C=0 : FWA 40-8A:881B9BFB:00:00 = +5.44431395E+02 : FWB 90-02:C0978DA0:00:?? = -8.84339116E-39
A65C : LDX #08        : A=0D X=08 Y=88 SP=?? N=0 V=0 D=0 I=0 Z=0 C=0 : FWA 40-8A:881B9BFB:00:00 = +5.44431395E+02 : FWB 90-02:C0978DA0:00:?? = -8.84339116E-39
A65E : BCS A676       : A=0D X=08 Y=88 SP=?? N=0 V=0 D=0 I=0 Z=0 C=0 : FWA 40-8A:881B9BFB:00:00 = +5.44431395E+02 : FWB 90-02:C0978DA0:00:?? = -8.84339116E-39
A660 : CMP 31         : A=0D X=08 Y=88 SP=?? N=1 V=0 D=0 I=0 Z=0 C=0 : FWA 40-8A:881B9BFB:00:00 = +5.44431395E+02 : FWB 90-02:C0978DA0:00:?? = -8.84339116E-39
A662 : BNE A674       : A=0D X=08 Y=88 SP=?? N=1 V=0 D=0 I=0 Z=0 C=0 : FWA 40-8A:881B9BFB:00:00 = +5.44431395E+02 : FWB 90-02:C0978DA0:00:?? = -8.84339116E-39
A674 : BCC A68D       : A=0D X=08 Y=88 SP=?? N=1 V=0 D=0 I=0 Z=0 C=0 : FWA 40-8A:881B9BFB:00:00 = +5.44431395E+02 : FWB 90-02:C0978DA0:00:?? = -8.84339116E-39
A68D : ROL 3B         : A=0D X=08 Y=88 SP=?? N=0 V=0 D=0 I=0 Z=0 C=1 : FWA 40-8A:881B9BFB:00:00 = +5.44431395E+02 : FWB 20-02:C0978DA0:00:?? = +8.84339116E-39
A68F : ASL 40         : A=0D X=08 Y=88 SP=?? N=0 V=0 D=0 I=0 Z=0 C=1 : FWA 40-8A:881B9BFB:00:00 = +5.44431395E+02 : FWB 20-02:C0978D40:00:?? = +8.84339089E-39
A691 : ROL 3F         : A=0D X=08 Y=88 SP=?? N=0 V=0 D=0 I=0 Z=0 C=1 : FWA 40-8A:881B9BFB:00:00 = +5.44431395E+02 : FWB 20-02:C0971B40:00:?? = +8.84331102E-39
A693 : ROL 3E         : A=0D X=08 Y=88 SP=?? N=0 V=0 D=0 I=0 Z=0 C=1 : FWA 40-8A:881B9BFB:00:00 = +5.44431395E+02 : FWB 20-02:C02F1B40:00:?? = +8.82465694E-39
A695 : ROL A          : A=1B X=08 Y=88 SP=?? N=0 V=0 D=0 I=0 Z=0 C=0 : FWA 40-8A:881B9BFB:00:00 = +5.44431395E+02 : FWB 20-02:C02F1B40:00:?? = +8.82465694E-39
A696 : DEX            : A=1B X=07 Y=88 SP=?? N=0 V=0 D=0 I=0 Z=0 C=0 : FWA 40-8A:881B9BFB:00:00 = +5.44431395E+02 : FWB 20-02:C02F1B40:00:?? = +8.82465694E-39
A697 : BNE A65E       : A=1B X=07 Y=88 SP=?? N=0 V=0 D=0 I=0 Z=0 C=0 : FWA 40-8A:881B9BFB:00:00 = +5.44431395E+02 : FWB 20-02:C02F1B40:00:?? = +8.82465694E-39
A65E : BCS A676       : A=1B X=07 Y=88 SP=?? N=0 V=0 D=0 I=0 Z=0 C=0 : FWA 40-8A:881B9BFB:00:00 = +5.44431395E+02 : FWB 20-02:C02F1B40:00:?? = +8.82465694E-39
A660 : CMP 31         : A=1B X=07 Y=88 SP=?? N=1 V=0 D=0 I=0 Z=0 C=0 : FWA 40-8A:881B9BFB:00:00 = +5.44431395E+02 : FWB 20-02:C02F1B40:00:?? = +8.82465694E-39
A662 : BNE A674       : A=1B X=07 Y=88 SP=?? N=1 V=0 D=0 I=0 Z=0 C=0 : FWA 40-8A:881B9BFB:00:00 = +5.44431395E+02 : FWB 20-02:C02F1B40:00:?? = +8.82465694E-39
A674 : BCC A68D       : A=1B X=07 Y=88 SP=?? N=1 V=0 D=0 I=0 Z=0 C=0 : FWA 40-8A:881B9BFB:00:00 = +5.44431395E+02 : FWB 20-02:C02F1B40:00:?? = +8.82465694E-39
A68D : ROL 3B         : A=1B X=07 Y=88 SP=?? N=0 V=0 D=0 I=0 Z=0 C=0 : FWA 40-8A:881B9BFB:00:00 = +5.44431395E+02 : FWB 40-02:C02F1B40:00:?? = +8.82465694E-39
A68F : ASL 40         : A=1B X=07 Y=88 SP=?? N=1 V=0 D=0 I=0 Z=0 C=0 : FWA 40-8A:881B9BFB:00:00 = +5.44431395E+02 : FWB 40-02:C02F1B80:00:?? = +8.82465711E-39
A691 : ROL 3F         : A=1B X=07 Y=88 SP=?? N=0 V=0 D=0 I=0 Z=0 C=0 : FWA 40-8A:881B9BFB:00:00 = +5.44431395E+02 : FWB 40-02:C02F3680:00:?? = +8.82467603E-39
A693 : ROL 3E         : A=1B X=07 Y=88 SP=?? N=0 V=0 D=0 I=0 Z=0 C=0 : FWA 40-8A:881B9BFB:00:00 = +5.44431395E+02 : FWB 40-02:C05E3680:00:?? = +8.83310624E-39
A695 : ROL A          : A=36 X=07 Y=88 SP=?? N=0 V=0 D=0 I=0 Z=0 C=0 : FWA 40-8A:881B9BFB:00:00 = +5.44431395E+02 : FWB 40-02:C05E3680:00:?? = +8.83310624E-39
A696 : DEX            : A=36 X=06 Y=88 SP=?? N=0 V=0 D=0 I=0 Z=0 C=0 : FWA 40-8A:881B9BFB:00:00 = +5.44431395E+02 : FWB 40-02:C05E3680:00:?? = +8.83310624E-39
A697 : BNE A65E       : A=36 X=06 Y=88 SP=?? N=0 V=0 D=0 I=0 Z=0 C=0 : FWA 40-8A:881B9BFB:00:00 = +5.44431395E+02 : FWB 40-02:C05E3680:00:?? = +8.83310624E-39
A65E : BCS A676       : A=36 X=06 Y=88 SP=?? N=0 V=0 D=0 I=0 Z=0 C=0 : FWA 40-8A:881B9BFB:00:00 = +5.44431395E+02 : FWB 40-02:C05E3680:00:?? = +8.83310624E-39
A660 : CMP 31         : A=36 X=06 Y=88 SP=?? N=1 V=0 D=0 I=0 Z=0 C=0 : FWA 40-8A:881B9BFB:00:00 = +5.44431395E+02 : FWB 40-02:C05E3680:00:?? = +8.83310624E-39
A662 : BNE A674       : A=36 X=06 Y=88 SP=?? N=1 V=0 D=0 I=0 Z=0 C=0 : FWA 40-8A:881B9BFB:00:00 = +5.44431395E+02 : FWB 40-02:C05E3680:00:?? = +8.83310624E-39
A674 : BCC A68D       : A=36 X=06 Y=88 SP=?? N=1 V=0 D=0 I=0 Z=0 C=0 : FWA 40-8A:881B9BFB:00:00 = +5.44431395E+02 : FWB 40-02:C05E3680:00:?? = +8.83310624E-39
A68D : ROL 3B         : A=36 X=06 Y=88 SP=?? N=1 V=0 D=0 I=0 Z=0 C=0 : FWA 40-8A:881B9BFB:00:00 = +5.44431395E+02 : FWB 80-02:C05E3680:00:?? = -8.83310624E-39
A68F : ASL 40         : A=36 X=06 Y=88 SP=?? N=0 V=0 D=0 I=0 Z=1 C=1 : FWA 40-8A:881B9BFB:00:00 = +5.44431395E+02 : FWB 80-02:C05E3600:00:?? = -8.83310589E-39
A691 : ROL 3F         : A=36 X=06 Y=88 SP=?? N=0 V=0 D=0 I=0 Z=0 C=0 : FWA 40-8A:881B9BFB:00:00 = +5.44431395E+02 : FWB 80-02:C05E6D00:00:?? = -8.83314443E-39
A693 : ROL 3E         : A=36 X=06 Y=88 SP=?? N=1 V=0 D=0 I=0 Z=0 C=0 : FWA 40-8A:881B9BFB:00:00 = +5.44431395E+02 : FWB 80-02:C0BC6D00:00:?? = -8.85000485E-39
A695 : ROL A          : A=6C X=06 Y=88 SP=?? N=0 V=0 D=0 I=0 Z=0 C=0 : FWA 40-8A:881B9BFB:00:00 = +5.44431395E+02 : FWB 80-02:C0BC6D00:00:?? = -8.85000485E-39
A696 : DEX            : A=6C X=05 Y=88 SP=?? N=0 V=0 D=0 I=0 Z=0 C=0 : FWA 40-8A:881B9BFB:00:00 = +5.44431395E+02 : FWB 80-02:C0BC6D00:00:?? = -8.85000485E-39
A697 : BNE A65E       : A=6C X=05 Y=88 SP=?? N=0 V=0 D=0 I=0 Z=0 C=0 : FWA 40-8A:881B9BFB:00:00 = +5.44431395E+02 : FWB 80-02:C0BC6D00:00:?? = -8.85000485E-39
A65E : BCS A676       : A=6C X=05 Y=88 SP=?? N=0 V=0 D=0 I=0 Z=0 C=0 : FWA 40-8A:881B9BFB:00:00 = +5.44431395E+02 : FWB 80-02:C0BC6D00:00:?? = -8.85000485E-39
A660 : CMP 31         : A=6C X=05 Y=88 SP=?? N=1 V=0 D=0 I=0 Z=0 C=0 : FWA 40-8A:881B9BFB:00:00 = +5.44431395E+02 : FWB 80-02:C0BC6D00:00:?? = -8.85000485E-39
A662 : BNE A674       : A=6C X=05 Y=88 SP=?? N=1 V=0 D=0 I=0 Z=0 C=0 : FWA 40-8A:881B9BFB:00:00 = +5.44431395E+02 : FWB 80-02:C0BC6D00:00:?? = -8.85000485E-39
A674 : BCC A68D       : A=6C X=05 Y=88 SP=?? N=1 V=0 D=0 I=0 Z=0 C=0 : FWA 40-8A:881B9BFB:00:00 = +5.44431395E+02 : FWB 80-02:C0BC6D00:00:?? = -8.85000485E-39
A68D : ROL 3B         : A=6C X=05 Y=88 SP=?? N=0 V=0 D=0 I=0 Z=1 C=1 : FWA 40-8A:881B9BFB:00:00 = +5.44431395E+02 : FWB 00-02:C0BC6D00:00:?? = +8.85000485E-39
A68F : ASL 40         : A=6C X=05 Y=88 SP=?? N=0 V=0 D=0 I=0 Z=1 C=0 : FWA 40-8A:881B9BFB:00:00 = +5.44431395E+02 : FWB 00-02:C0BC6D00:00:?? = +8.85000485E-39
A691 : ROL 3F         : A=6C X=05 Y=88 SP=?? N=1 V=0 D=0 I=0 Z=0 C=0 : FWA 40-8A:881B9BFB:00:00 = +5.44431395E+02 : FWB 00-02:C0BCDA00:00:?? = +8.85008122E-39
A693 : ROL 3E         : A=6C X=05 Y=88 SP=?? N=0 V=0 D=0 I=0 Z=0 C=1 : FWA 40-8A:881B9BFB:00:00 = +5.44431395E+02 : FWB 00-02:C078DA00:00:?? = +8.83788432E-39
A695 : ROL A          : A=D9 X=05 Y=88 SP=?? N=1 V=0 D=0 I=0 Z=0 C=0 : FWA 40-8A:881B9BFB:00:00 = +5.44431395E+02 : FWB 00-02:C078DA00:00:?? = +8.83788432E-39
A696 : DEX            : A=D9 X=04 Y=88 SP=?? N=0 V=0 D=0 I=0 Z=0 C=0 : FWA 40-8A:881B9BFB:00:00 = +5.44431395E+02 : FWB 00-02:C078DA00:00:?? = +8.83788432E-39
A697 : BNE A65E       : A=D9 X=04 Y=88 SP=?? N=0 V=0 D=0 I=0 Z=0 C=0 : FWA 40-8A:881B9BFB:00:00 = +5.44431395E+02 : FWB 00-02:C078DA00:00:?? = +8.83788432E-39
A65E : BCS A676       : A=D9 X=04 Y=88 SP=?? N=0 V=0 D=0 I=0 Z=0 C=0 : FWA 40-8A:881B9BFB:00:00 = +5.44431395E+02 : FWB 00-02:C078DA00:00:?? = +8.83788432E-39
A660 : CMP 31         : A=D9 X=04 Y=88 SP=?? N=0 V=0 D=0 I=0 Z=0 C=1 : FWA 40-8A:881B9BFB:00:00 = +5.44431395E+02 : FWB 00-02:C078DA00:00:?? = +8.83788432E-39
A662 : BNE A674       : A=D9 X=04 Y=88 SP=?? N=0 V=0 D=0 I=0 Z=0 C=1 : FWA 40-8A:881B9BFB:00:00 = +5.44431395E+02 : FWB 00-02:C078DA00:00:?? = +8.83788432E-39
A674 : BCC A68D       : A=D9 X=04 Y=88 SP=?? N=0 V=0 D=0 I=0 Z=0 C=1 : FWA 40-8A:881B9BFB:00:00 = +5.44431395E+02 : FWB 00-02:C078DA00:00:?? = +8.83788432E-39
A676 : TAY            : A=D9 X=04 Y=D9 SP=?? N=1 V=0 D=0 I=0 Z=0 C=1 : FWA 40-8A:881B9BFB:00:00 = +5.44431395E+02 : FWB 00-02:C078DA00:00:?? = +8.83788432E-39
A677 : LDA 40         : A=00 X=04 Y=D9 SP=?? N=0 V=0 D=0 I=0 Z=1 C=1 : FWA 40-8A:881B9BFB:00:00 = +5.44431395E+02 : FWB 00-02:C078DA00:00:?? = +8.83788432E-39
A679 : SBC 34         : A=05 X=04 Y=D9 SP=?? N=0 V=0 D=0 I=0 Z=0 C=0 : FWA 40-8A:881B9BFB:00:00 = +5.44431395E+02 : FWB 00-02:C078DA00:00:?? = +8.83788432E-39
A67B : STA 40         : A=05 X=04 Y=D9 SP=?? N=0 V=0 D=0 I=0 Z=0 C=0 : FWA 40-8A:881B9BFB:00:00 = +5.44431395E+02 : FWB 00-02:C078DA05:00:?? = +8.83788433E-39
A67D : LDA 3F         : A=DA X=04 Y=D9 SP=?? N=1 V=0 D=0 I=0 Z=0 C=0 : FWA 40-8A:881B9BFB:00:00 = +5.44431395E+02 : FWB 00-02:C078DA05:00:?? = +8.83788433E-39
A67F : SBC 33         : A=3E X=04 Y=D9 SP=?? N=0 V=0 D=0 I=0 Z=0 C=1 : FWA 40-8A:881B9BFB:00:00 = +5.44431395E+02 : FWB 00-02:C078DA05:00:?? = +8.83788433E-39
A681 : STA 3F         : A=3E X=04 Y=D9 SP=?? N=0 V=0 D=0 I=0 Z=0 C=1 : FWA 40-8A:881B9BFB:00:00 = +5.44431395E+02 : FWB 00-02:C0783E05:00:?? = +8.83777503E-39
A683 : LDA 3E         : A=78 X=04 Y=D9 SP=?? N=0 V=0 D=0 I=0 Z=0 C=1 : FWA 40-8A:881B9BFB:00:00 = +5.44431395E+02 : FWB 00-02:C0783E05:00:?? = +8.83777503E-39
A685 : SBC 32         : A=5D X=04 Y=D9 SP=?? N=0 V=0 D=0 I=0 Z=0 C=1 : FWA 40-8A:881B9BFB:00:00 = +5.44431395E+02 : FWB 00-02:C0783E05:00:?? = +8.83777503E-39
A687 : STA 3E         : A=5D X=04 Y=D9 SP=?? N=0 V=0 D=0 I=0 Z=0 C=1 : FWA 40-8A:881B9BFB:00:00 = +5.44431395E+02 : FWB 00-02:C05D3E05:00:?? = +8.83293214E-39
A689 : TYA            : A=D9 X=04 Y=D9 SP=?? N=1 V=0 D=0 I=0 Z=0 C=1 : FWA 40-8A:881B9BFB:00:00 = +5.44431395E+02 : FWB 00-02:C05D3E05:00:?? = +8.83293214E-39
A68A : SBC 31         : A=51 X=04 Y=D9 SP=?? N=0 V=0 D=0 I=0 Z=0 C=1 : FWA 40-8A:881B9BFB:00:00 = +5.44431395E+02 : FWB 00-02:C05D3E05:00:?? = +8.83293214E-39
A68C : SEC            : A=51 X=04 Y=D9 SP=?? N=0 V=0 D=0 I=0 Z=0 C=1 : FWA 40-8A:881B9BFB:00:00 = +5.44431395E+02 : FWB 00-02:C05D3E05:00:?? = +8.83293214E-39
A68D : ROL 3B         : A=51 X=04 Y=D9 SP=?? N=0 V=0 D=0 I=0 Z=0 C=0 : FWA 40-8A:881B9BFB:00:00 = +5.44431395E+02 : FWB 01-02:C05D3E05:00:?? = +8.83293214E-39
A68F : ASL 40         : A=51 X=04 Y=D9 SP=?? N=0 V=0 D=0 I=0 Z=0 C=0 : FWA 40-8A:881B9BFB:00:00 = +5.44431395E+02 : FWB 01-02:C05D3E0A:00:?? = +8.83293216E-39
A691 : ROL 3F         : A=51 X=04 Y=D9 SP=?? N=0 V=0 D=0 I=0 Z=0 C=0 : FWA 40-8A:881B9BFB:00:00 = +5.44431395E+02 : FWB 01-02:C05D7C0A:00:?? = +8.83297560E-39
A693 : ROL 3E         : A=51 X=04 Y=D9 SP=?? N=1 V=0 D=0 I=0 Z=0 C=0 : FWA 40-8A:881B9BFB:00:00 = +5.44431395E+02 : FWB 01-02:C0BA7C0A:00:?? = +8.84965665E-39
A695 : ROL A          : A=A2 X=04 Y=D9 SP=?? N=1 V=0 D=0 I=0 Z=0 C=0 : FWA 40-8A:881B9BFB:00:00 = +5.44431395E+02 : FWB 01-02:C0BA7C0A:00:?? = +8.84965665E-39
A696 : DEX            : A=A2 X=03 Y=D9 SP=?? N=0 V=0 D=0 I=0 Z=0 C=0 : FWA 40-8A:881B9BFB:00:00 = +5.44431395E+02 : FWB 01-02:C0BA7C0A:00:?? = +8.84965665E-39
A697 : BNE A65E       : A=A2 X=03 Y=D9 SP=?? N=0 V=0 D=0 I=0 Z=0 C=0 : FWA 40-8A:881B9BFB:00:00 = +5.44431395E+02 : FWB 01-02:C0BA7C0A:00:?? = +8.84965665E-39
A65E : BCS A676       : A=A2 X=03 Y=D9 SP=?? N=0 V=0 D=0 I=0 Z=0 C=0 : FWA 40-8A:881B9BFB:00:00 = +5.44431395E+02 : FWB 01-02:C0BA7C0A:00:?? = +8.84965665E-39
A660 : CMP 31         : A=A2 X=03 Y=D9 SP=?? N=0 V=0 D=0 I=0 Z=0 C=1 : FWA 40-8A:881B9BFB:00:00 = +5.44431395E+02 : FWB 01-02:C0BA7C0A:00:?? = +8.84965665E-39
A662 : BNE A674       : A=A2 X=03 Y=D9 SP=?? N=0 V=0 D=0 I=0 Z=0 C=1 : FWA 40-8A:881B9BFB:00:00 = +5.44431395E+02 : FWB 01-02:C0BA7C0A:00:?? = +8.84965665E-39
A674 : BCC A68D       : A=A2 X=03 Y=D9 SP=?? N=0 V=0 D=0 I=0 Z=0 C=1 : FWA 40-8A:881B9BFB:00:00 = +5.44431395E+02 : FWB 01-02:C0BA7C0A:00:?? = +8.84965665E-39
A676 : TAY            : A=A2 X=03 Y=A2 SP=?? N=1 V=0 D=0 I=0 Z=0 C=1 : FWA 40-8A:881B9BFB:00:00 = +5.44431395E+02 : FWB 01-02:C0BA7C0A:00:?? = +8.84965665E-39
A677 : LDA 40         : A=0A X=03 Y=A2 SP=?? N=0 V=0 D=0 I=0 Z=0 C=1 : FWA 40-8A:881B9BFB:00:00 = +5.44431395E+02 : FWB 01-02:C0BA7C0A:00:?? = +8.84965665E-39
A679 : SBC 34         : A=0F X=03 Y=A2 SP=?? N=0 V=0 D=0 I=0 Z=0 C=0 : FWA 40-8A:881B9BFB:00:00 = +5.44431395E+02 : FWB 01-02:C0BA7C0A:00:?? = +8.84965665E-39
A67B : STA 40         : A=0F X=03 Y=A2 SP=?? N=0 V=0 D=0 I=0 Z=0 C=0 : FWA 40-8A:881B9BFB:00:00 = +5.44431395E+02 : FWB 01-02:C0BA7C0F:00:?? = +8.84965667E-39
A67D : LDA 3F         : A=7C X=03 Y=A2 SP=?? N=0 V=0 D=0 I=0 Z=0 C=0 : FWA 40-8A:881B9BFB:00:00 = +5.44431395E+02 : FWB 01-02:C0BA7C0F:00:?? = +8.84965667E-39
A67F : SBC 33         : A=E0 X=03 Y=A2 SP=?? N=1 V=1 D=0 I=0 Z=0 C=0 : FWA 40-8A:881B9BFB:00:00 = +5.44431395E+02 : FWB 01-02:C0BA7C0F:00:?? = +8.84965667E-39
A681 : STA 3F         : A=E0 X=03 Y=A2 SP=?? N=1 V=1 D=0 I=0 Z=0 C=0 : FWA 40-8A:881B9BFB:00:00 = +5.44431395E+02 : FWB 01-02:C0BAE00F:00:?? = +8.84972673E-39
A683 : LDA 3E         : A=BA X=03 Y=A2 SP=?? N=1 V=1 D=0 I=0 Z=0 C=0 : FWA 40-8A:881B9BFB:00:00 = +5.44431395E+02 : FWB 01-02:C0BAE00F:00:?? = +8.84972673E-39
A685 : SBC 32         : A=9E X=03 Y=A2 SP=?? N=1 V=0 D=0 I=0 Z=0 C=1 : FWA 40-8A:881B9BFB:00:00 = +5.44431395E+02 : FWB 01-02:C0BAE00F:00:?? = +8.84972673E-39
A687 : STA 3E         : A=9E X=03 Y=A2 SP=?? N=1 V=0 D=0 I=0 Z=0 C=1 : FWA 40-8A:881B9BFB:00:00 = +5.44431395E+02 : FWB 01-02:C09EE00F:00:?? = +8.84470448E-39
A689 : TYA            : A=A2 X=03 Y=A2 SP=?? N=1 V=0 D=0 I=0 Z=0 C=1 : FWA 40-8A:881B9BFB:00:00 = +5.44431395E+02 : FWB 01-02:C09EE00F:00:?? = +8.84470448E-39
A68A : SBC 31         : A=1A X=03 Y=A2 SP=?? N=0 V=0 D=0 I=0 Z=0 C=1 : FWA 40-8A:881B9BFB:00:00 = +5.44431395E+02 : FWB 01-02:C09EE00F:00:?? = +8.84470448E-39
A68C : SEC            : A=1A X=03 Y=A2 SP=?? N=0 V=0 D=0 I=0 Z=0 C=1 : FWA 40-8A:881B9BFB:00:00 = +5.44431395E+02 : FWB 01-02:C09EE00F:00:?? = +8.84470448E-39
A68D : ROL 3B         : A=1A X=03 Y=A2 SP=?? N=0 V=0 D=0 I=0 Z=0 C=0 : FWA 40-8A:881B9BFB:00:00 = +5.44431395E+02 : FWB 03-02:C09EE00F:00:?? = +8.84470448E-39
A68F : ASL 40         : A=1A X=03 Y=A2 SP=?? N=0 V=0 D=0 I=0 Z=0 C=0 : FWA 40-8A:881B9BFB:00:00 = +5.44431395E+02 : FWB 03-02:C09EE01E:00:?? = +8.84470452E-39
A691 : ROL 3F         : A=1A X=03 Y=A2 SP=?? N=1 V=0 D=0 I=0 Z=0 C=1 : FWA 40-8A:881B9BFB:00:00 = +5.44431395E+02 : FWB 03-02:C09EC01E:00:?? = +8.84468210E-39
A693 : ROL 3E         : A=1A X=03 Y=A2 SP=?? N=0 V=0 D=0 I=0 Z=0 C=1 : FWA 40-8A:881B9BFB:00:00 = +5.44431395E+02 : FWB 03-02:C03DC01E:00:?? = +8.82728358E-39
A695 : ROL A          : A=35 X=03 Y=A2 SP=?? N=0 V=0 D=0 I=0 Z=0 C=0 : FWA 40-8A:881B9BFB:00:00 = +5.44431395E+02 : FWB 03-02:C03DC01E:00:?? = +8.82728358E-39
A696 : DEX            : A=35 X=02 Y=A2 SP=?? N=0 V=0 D=0 I=0 Z=0 C=0 : FWA 40-8A:881B9BFB:00:00 = +5.44431395E+02 : FWB 03-02:C03DC01E:00:?? = +8.82728358E-39
A697 : BNE A65E       : A=35 X=02 Y=A2 SP=?? N=0 V=0 D=0 I=0 Z=0 C=0 : FWA 40-8A:881B9BFB:00:00 = +5.44431395E+02 : FWB 03-02:C03DC01E:00:?? = +8.82728358E-39
A65E : BCS A676       : A=35 X=02 Y=A2 SP=?? N=0 V=0 D=0 I=0 Z=0 C=0 : FWA 40-8A:881B9BFB:00:00 = +5.44431395E+02 : FWB 03-02:C03DC01E:00:?? = +8.82728358E-39
A660 : CMP 31         : A=35 X=02 Y=A2 SP=?? N=1 V=0 D=0 I=0 Z=0 C=0 : FWA 40-8A:881B9BFB:00:00 = +5.44431395E+02 : FWB 03-02:C03DC01E:00:?? = +8.82728358E-39
A662 : BNE A674       : A=35 X=02 Y=A2 SP=?? N=1 V=0 D=0 I=0 Z=0 C=0 : FWA 40-8A:881B9BFB:00:00 = +5.44431395E+02 : FWB 03-02:C03DC01E:00:?? = +8.82728358E-39
A674 : BCC A68D       : A=35 X=02 Y=A2 SP=?? N=1 V=0 D=0 I=0 Z=0 C=0 : FWA 40-8A:881B9BFB:00:00 = +5.44431395E+02 : FWB 03-02:C03DC01E:00:?? = +8.82728358E-39
A68D : ROL 3B         : A=35 X=02 Y=A2 SP=?? N=0 V=0 D=0 I=0 Z=0 C=0 : FWA 40-8A:881B9BFB:00:00 = +5.44431395E+02 : FWB 06-02:C03DC01E:00:?? = +8.82728358E-39
A68F : ASL 40         : A=35 X=02 Y=A2 SP=?? N=0 V=0 D=0 I=0 Z=0 C=0 : FWA 40-8A:881B9BFB:00:00 = +5.44431395E+02 : FWB 06-02:C03DC03C:00:?? = +8.82728366E-39
A691 : ROL 3F         : A=35 X=02 Y=A2 SP=?? N=1 V=0 D=0 I=0 Z=0 C=1 : FWA 40-8A:881B9BFB:00:00 = +5.44431395E+02 : FWB 06-02:C03D803C:00:?? = +8.82723882E-39
A693 : ROL 3E         : A=35 X=02 Y=A2 SP=?? N=0 V=0 D=0 I=0 Z=0 C=0 : FWA 40-8A:881B9BFB:00:00 = +5.44431395E+02 : FWB 06-02:C07B803C:00:?? = +8.83835952E-39
A695 : ROL A          : A=6A X=02 Y=A2 SP=?? N=0 V=0 D=0 I=0 Z=0 C=0 : FWA 40-8A:881B9BFB:00:00 = +5.44431395E+02 : FWB 06-02:C07B803C:00:?? = +8.83835952E-39
A696 : DEX            : A=6A X=01 Y=A2 SP=?? N=0 V=0 D=0 I=0 Z=0 C=0 : FWA 40-8A:881B9BFB:00:00 = +5.44431395E+02 : FWB 06-02:C07B803C:00:?? = +8.83835952E-39
A697 : BNE A65E       : A=6A X=01 Y=A2 SP=?? N=0 V=0 D=0 I=0 Z=0 C=0 : FWA 40-8A:881B9BFB:00:00 = +5.44431395E+02 : FWB 06-02:C07B803C:00:?? = +8.83835952E-39
A65E : BCS A676       : A=6A X=01 Y=A2 SP=?? N=0 V=0 D=0 I=0 Z=0 C=0 : FWA 40-8A:881B9BFB:00:00 = +5.44431395E+02 : FWB 06-02:C07B803C:00:?? = +8.83835952E-39
A660 : CMP 31         : A=6A X=01 Y=A2 SP=?? N=1 V=0 D=0 I=0 Z=0 C=0 : FWA 40-8A:881B9BFB:00:00 = +5.44431395E+02 : FWB 06-02:C07B803C:00:?? = +8.83835952E-39
A662 : BNE A674       : A=6A X=01 Y=A2 SP=?? N=1 V=0 D=0 I=0 Z=0 C=0 : FWA 40-8A:881B9BFB:00:00 = +5.44431395E+02 : FWB 06-02:C07B803C:00:?? = +8.83835952E-39
A674 : BCC A68D       : A=6A X=01 Y=A2 SP=?? N=1 V=0 D=0 I=0 Z=0 C=0 : FWA 40-8A:881B9BFB:00:00 = +5.44431395E+02 : FWB 06-02:C07B803C:00:?? = +8.83835952E-39
A68D : ROL 3B         : A=6A X=01 Y=A2 SP=?? N=0 V=0 D=0 I=0 Z=0 C=0 : FWA 40-8A:881B9BFB:00:00 = +5.44431395E+02 : FWB 0C-02:C07B803C:00:?? = +8.83835952E-39
A68F : ASL 40         : A=6A X=01 Y=A2 SP=?? N=0 V=0 D=0 I=0 Z=0 C=0 : FWA 40-8A:881B9BFB:00:00 = +5.44431395E+02 : FWB 0C-02:C07B8078:00:?? = +8.83835969E-39
A691 : ROL 3F         : A=6A X=01 Y=A2 SP=?? N=0 V=0 D=0 I=0 Z=1 C=1 : FWA 40-8A:881B9BFB:00:00 = +5.44431395E+02 : FWB 0C-02:C07B0078:00:?? = +8.83827000E-39
A693 : ROL 3E         : A=6A X=01 Y=A2 SP=?? N=1 V=0 D=0 I=0 Z=0 C=0 : FWA 40-8A:881B9BFB:00:00 = +5.44431395E+02 : FWB 0C-02:C0F70078:00:?? = +8.86051141E-39
A695 : ROL A          : A=D4 X=01 Y=A2 SP=?? N=1 V=0 D=0 I=0 Z=0 C=0 : FWA 40-8A:881B9BFB:00:00 = +5.44431395E+02 : FWB 0C-02:C0F70078:00:?? = +8.86051141E-39
A696 : DEX            : A=D4 X=00 Y=A2 SP=?? N=0 V=0 D=0 I=0 Z=1 C=0 : FWA 40-8A:881B9BFB:00:00 = +5.44431395E+02 : FWB 0C-02:C0F70078:00:?? = +8.86051141E-39
A697 : BNE A65E       : A=D4 X=00 Y=A2 SP=?? N=0 V=0 D=0 I=0 Z=1 C=0 : FWA 40-8A:881B9BFB:00:00 = +5.44431395E+02 : FWB 0C-02:C0F70078:00:?? = +8.86051141E-39
A699 : LDX 3B         : A=D4 X=0C Y=A2 SP=?? N=0 V=0 D=0 I=0 Z=0 C=0 : FWA 40-8A:881B9BFB:00:00 = +5.44431395E+02 : FWB 0C-02:C0F70078:00:?? = +8.86051141E-39
A69B : PHX            : A=D4 X=0C Y=A2 SP=?? N=0 V=0 D=0 I=0 Z=0 C=0 : FWA 40-8A:881B9BFB:00:00 = +5.44431395E+02 : FWB 0C-02:C0F70078:00:?? = +8.86051141E-39
A69C : DEC 3C         : A=D4 X=0C Y=A2 SP=?? N=0 V=0 D=0 I=0 Z=0 C=0 : FWA 40-8A:881B9BFB:00:00 = +5.44431395E+02 : FWB 0C-01:C0F70078:00:?? = +4.43025571E-39
A69E : BNE A65C       : A=D4 X=0C Y=A2 SP=?? N=0 V=0 D=0 I=0 Z=0 C=0 : FWA 40-8A:881B9BFB:00:00 = +5.44431395E+02 : FWB 0C-01:C0F70078:00:?? = +4.43025571E-39
A65C : LDX #08        : A=D4 X=08 Y=A2 SP=?? N=0 V=0 D=0 I=0 Z=0 C=0 : FWA 40-8A:881B9BFB:00:00 = +5.44431395E+02 : FWB 0C-01:C0F70078:00:?? = +4.43025571E-39
A65E : BCS A676       : A=D4 X=08 Y=A2 SP=?? N=0 V=0 D=0 I=0 Z=0 C=0 : FWA 40-8A:881B9BFB:00:00 = +5.44431395E+02 : FWB 0C-01:C0F70078:00:?? = +4.43025571E-39
A660 : CMP 31         : A=D4 X=08 Y=A2 SP=?? N=0 V=0 D=0 I=0 Z=0 C=1 : FWA 40-8A:881B9BFB:00:00 = +5.44431395E+02 : FWB 0C-01:C0F70078:00:?? = +4.43025571E-39
A662 : BNE A674       : A=D4 X=08 Y=A2 SP=?? N=0 V=0 D=0 I=0 Z=0 C=1 : FWA 40-8A:881B9BFB:00:00 = +5.44431395E+02 : FWB 0C-01:C0F70078:00:?? = +4.43025571E-39
A674 : BCC A68D       : A=D4 X=08 Y=A2 SP=?? N=0 V=0 D=0 I=0 Z=0 C=1 : FWA 40-8A:881B9BFB:00:00 = +5.44431395E+02 : FWB 0C-01:C0F70078:00:?? = +4.43025571E-39
A676 : TAY            : A=D4 X=08 Y=D4 SP=?? N=1 V=0 D=0 I=0 Z=0 C=1 : FWA 40-8A:881B9BFB:00:00 = +5.44431395E+02 : FWB 0C-01:C0F70078:00:?? = +4.43025571E-39
A677 : LDA 40         : A=78 X=08 Y=D4 SP=?? N=0 V=0 D=0 I=0 Z=0 C=1 : FWA 40-8A:881B9BFB:00:00 = +5.44431395E+02 : FWB 0C-01:C0F70078:00:?? = +4.43025571E-39
A679 : SBC 34         : A=7D X=08 Y=D4 SP=?? N=0 V=0 D=0 I=0 Z=0 C=0 : FWA 40-8A:881B9BFB:00:00 = +5.44431395E+02 : FWB 0C-01:C0F70078:00:?? = +4.43025571E-39
A67B : STA 40         : A=7D X=08 Y=D4 SP=?? N=0 V=0 D=0 I=0 Z=0 C=0 : FWA 40-8A:881B9BFB:00:00 = +5.44431395E+02 : FWB 0C-01:C0F7007D:00:?? = +4.43025571E-39
A67D : LDA 3F         : A=00 X=08 Y=D4 SP=?? N=0 V=0 D=0 I=0 Z=1 C=0 : FWA 40-8A:881B9BFB:00:00 = +5.44431395E+02 : FWB 0C-01:C0F7007D:00:?? = +4.43025571E-39
A67F : SBC 33         : A=64 X=08 Y=D4 SP=?? N=0 V=0 D=0 I=0 Z=0 C=0 : FWA 40-8A:881B9BFB:00:00 = +5.44431395E+02 : FWB 0C-01:C0F7007D:00:?? = +4.43025571E-39
A681 : STA 3F         : A=64 X=08 Y=D4 SP=?? N=0 V=0 D=0 I=0 Z=0 C=0 : FWA 40-8A:881B9BFB:00:00 = +5.44431395E+02 : FWB 0C-01:C0F7647D:00:?? = +4.43029075E-39
A683 : LDA 3E         : A=F7 X=08 Y=D4 SP=?? N=1 V=0 D=0 I=0 Z=0 C=0 : FWA 40-8A:881B9BFB:00:00 = +5.44431395E+02 : FWB 0C-01:C0F7647D:00:?? = +4.43029075E-39
A685 : SBC 32         : A=DB X=08 Y=D4 SP=?? N=1 V=0 D=0 I=0 Z=0 C=1 : FWA 40-8A:881B9BFB:00:00 = +5.44431395E+02 : FWB 0C-01:C0F7647D:00:?? = +4.43029075E-39
A687 : STA 3E         : A=DB X=08 Y=D4 SP=?? N=1 V=0 D=0 I=0 Z=0 C=1 : FWA 40-8A:881B9BFB:00:00 = +5.44431395E+02 : FWB 0C-01:C0DB647D:00:?? = +4.42777962E-39
A689 : TYA            : A=D4 X=08 Y=D4 SP=?? N=1 V=0 D=0 I=0 Z=0 C=1 : FWA 40-8A:881B9BFB:00:00 = +5.44431395E+02 : FWB 0C-01:C0DB647D:00:?? = +4.42777962E-39
A68A : SBC 31         : A=4C X=08 Y=D4 SP=?? N=0 V=0 D=0 I=0 Z=0 C=1 : FWA 40-8A:881B9BFB:00:00 = +5.44431395E+02 : FWB 0C-01:C0DB647D:00:?? = +4.42777962E-39
A68C : SEC            : A=4C X=08 Y=D4 SP=?? N=0 V=0 D=0 I=0 Z=0 C=1 : FWA 40-8A:881B9BFB:00:00 = +5.44431395E+02 : FWB 0C-01:C0DB647D:00:?? = +4.42777962E-39
A68D : ROL 3B         : A=4C X=08 Y=D4 SP=?? N=0 V=0 D=0 I=0 Z=0 C=0 : FWA 40-8A:881B9BFB:00:00 = +5.44431395E+02 : FWB 19-01:C0DB647D:00:?? = +4.42777962E-39
A68F : ASL 40         : A=4C X=08 Y=D4 SP=?? N=1 V=0 D=0 I=0 Z=0 C=0 : FWA 40-8A:881B9BFB:00:00 = +5.44431395E+02 : FWB 19-01:C0DB64FA:00:?? = +4.42777979E-39
A691 : ROL 3F         : A=4C X=08 Y=D4 SP=?? N=1 V=0 D=0 I=0 Z=0 C=0 : FWA 40-8A:881B9BFB:00:00 = +5.44431395E+02 : FWB 19-01:C0DBC8FA:00:?? = +4.42781482E-39
A693 : ROL 3E         : A=4C X=08 Y=D4 SP=?? N=1 V=0 D=0 I=0 Z=0 C=1 : FWA 40-8A:881B9BFB:00:00 = +5.44431395E+02 : FWB 19-01:C0B6C8FA:00:?? = +4.42449655E-39
A695 : ROL A          : A=99 X=08 Y=D4 SP=?? N=1 V=0 D=0 I=0 Z=0 C=0 : FWA 40-8A:881B9BFB:00:00 = +5.44431395E+02 : FWB 19-01:C0B6C8FA:00:?? = +4.42449655E-39
A696 : DEX            : A=99 X=07 Y=D4 SP=?? N=0 V=0 D=0 I=0 Z=0 C=0 : FWA 40-8A:881B9BFB:00:00 = +5.44431395E+02 : FWB 19-01:C0B6C8FA:00:?? = +4.42449655E-39
A697 : BNE A65E       : A=99 X=07 Y=D4 SP=?? N=0 V=0 D=0 I=0 Z=0 C=0 : FWA 40-8A:881B9BFB:00:00 = +5.44431395E+02 : FWB 19-01:C0B6C8FA:00:?? = +4.42449655E-39
A65E : BCS A676       : A=99 X=07 Y=D4 SP=?? N=0 V=0 D=0 I=0 Z=0 C=0 : FWA 40-8A:881B9BFB:00:00 = +5.44431395E+02 : FWB 19-01:C0B6C8FA:00:?? = +4.42449655E-39
A660 : CMP 31         : A=99 X=07 Y=D4 SP=?? N=0 V=0 D=0 I=0 Z=0 C=1 : FWA 40-8A:881B9BFB:00:00 = +5.44431395E+02 : FWB 19-01:C0B6C8FA:00:?? = +4.42449655E-39
A662 : BNE A674       : A=99 X=07 Y=D4 SP=?? N=0 V=0 D=0 I=0 Z=0 C=1 : FWA 40-8A:881B9BFB:00:00 = +5.44431395E+02 : FWB 19-01:C0B6C8FA:00:?? = +4.42449655E-39
A674 : BCC A68D       : A=99 X=07 Y=D4 SP=?? N=0 V=0 D=0 I=0 Z=0 C=1 : FWA 40-8A:881B9BFB:00:00 = +5.44431395E+02 : FWB 19-01:C0B6C8FA:00:?? = +4.42449655E-39
A676 : TAY            : A=99 X=07 Y=99 SP=?? N=1 V=0 D=0 I=0 Z=0 C=1 : FWA 40-8A:881B9BFB:00:00 = +5.44431395E+02 : FWB 19-01:C0B6C8FA:00:?? = +4.42449655E-39
A677 : LDA 40         : A=FA X=07 Y=99 SP=?? N=1 V=0 D=0 I=0 Z=0 C=1 : FWA 40-8A:881B9BFB:00:00 = +5.44431395E+02 : FWB 19-01:C0B6C8FA:00:?? = +4.42449655E-39
A679 : SBC 34         : A=FF X=07 Y=99 SP=?? N=1 V=0 D=0 I=0 Z=0 C=0 : FWA 40-8A:881B9BFB:00:00 = +5.44431395E+02 : FWB 19-01:C0B6C8FA:00:?? = +4.42449655E-39
A67B : STA 40         : A=FF X=07 Y=99 SP=?? N=1 V=0 D=0 I=0 Z=0 C=0 : FWA 40-8A:881B9BFB:00:00 = +5.44431395E+02 : FWB 19-01:C0B6C8FF:00:?? = +4.42449655E-39
A67D : LDA 3F         : A=C8 X=07 Y=99 SP=?? N=1 V=0 D=0 I=0 Z=0 C=0 : FWA 40-8A:881B9BFB:00:00 = +5.44431395E+02 : FWB 19-01:C0B6C8FF:00:?? = +4.42449655E-39
A67F : SBC 33         : A=2C X=07 Y=99 SP=?? N=0 V=0 D=0 I=0 Z=0 C=1 : FWA 40-8A:881B9BFB:00:00 = +5.44431395E+02 : FWB 19-01:C0B6C8FF:00:?? = +4.42449655E-39
A681 : STA 3F         : A=2C X=07 Y=99 SP=?? N=0 V=0 D=0 I=0 Z=0 C=1 : FWA 40-8A:881B9BFB:00:00 = +5.44431395E+02 : FWB 19-01:C0B62CFF:00:?? = +4.42444190E-39
A683 : LDA 3E         : A=B6 X=07 Y=99 SP=?? N=1 V=0 D=0 I=0 Z=0 C=1 : FWA 40-8A:881B9BFB:00:00 = +5.44431395E+02 : FWB 19-01:C0B62CFF:00:?? = +4.42444190E-39
A685 : SBC 32         : A=9B X=07 Y=99 SP=?? N=1 V=0 D=0 I=0 Z=0 C=1 : FWA 40-8A:881B9BFB:00:00 = +5.44431395E+02 : FWB 19-01:C0B62CFF:00:?? = +4.42444190E-39
A687 : STA 3E         : A=9B X=07 Y=99 SP=?? N=1 V=0 D=0 I=0 Z=0 C=1 : FWA 40-8A:881B9BFB:00:00 = +5.44431395E+02 : FWB 19-01:C09B2CFF:00:?? = +4.42202046E-39
A689 : TYA            : A=99 X=07 Y=99 SP=?? N=1 V=0 D=0 I=0 Z=0 C=1 : FWA 40-8A:881B9BFB:00:00 = +5.44431395E+02 : FWB 19-01:C09B2CFF:00:?? = +4.42202046E-39
A68A : SBC 31         : A=11 X=07 Y=99 SP=?? N=0 V=0 D=0 I=0 Z=0 C=1 : FWA 40-8A:881B9BFB:00:00 = +5.44431395E+02 : FWB 19-01:C09B2CFF:00:?? = +4.42202046E-39
A68C : SEC            : A=11 X=07 Y=99 SP=?? N=0 V=0 D=0 I=0 Z=0 C=1 : FWA 40-8A:881B9BFB:00:00 = +5.44431395E+02 : FWB 19-01:C09B2CFF:00:?? = +4.42202046E-39
A68D : ROL 3B         : A=11 X=07 Y=99 SP=?? N=0 V=0 D=0 I=0 Z=0 C=0 : FWA 40-8A:881B9BFB:00:00 = +5.44431395E+02 : FWB 33-01:C09B2CFF:00:?? = +4.42202046E-39
A68F : ASL 40         : A=11 X=07 Y=99 SP=?? N=1 V=0 D=0 I=0 Z=0 C=1 : FWA 40-8A:881B9BFB:00:00 = +5.44431395E+02 : FWB 33-01:C09B2CFE:00:?? = +4.42202046E-39
A691 : ROL 3F         : A=11 X=07 Y=99 SP=?? N=0 V=0 D=0 I=0 Z=0 C=0 : FWA 40-8A:881B9BFB:00:00 = +5.44431395E+02 : FWB 33-01:C09B59FE:00:?? = +4.42203622E-39
A693 : ROL 3E         : A=11 X=07 Y=99 SP=?? N=0 V=0 D=0 I=0 Z=0 C=1 : FWA 40-8A:881B9BFB:00:00 = +5.44431395E+02 : FWB 33-01:C03659FE:00:?? = +4.41297823E-39
A695 : ROL A          : A=23 X=07 Y=99 SP=?? N=0 V=0 D=0 I=0 Z=0 C=0 : FWA 40-8A:881B9BFB:00:00 = +5.44431395E+02 : FWB 33-01:C03659FE:00:?? = +4.41297823E-39
A696 : DEX            : A=23 X=06 Y=99 SP=?? N=0 V=0 D=0 I=0 Z=0 C=0 : FWA 40-8A:881B9BFB:00:00 = +5.44431395E+02 : FWB 33-01:C03659FE:00:?? = +4.41297823E-39
A697 : BNE A65E       : A=23 X=06 Y=99 SP=?? N=0 V=0 D=0 I=0 Z=0 C=0 : FWA 40-8A:881B9BFB:00:00 = +5.44431395E+02 : FWB 33-01:C03659FE:00:?? = +4.41297823E-39
A65E : BCS A676       : A=23 X=06 Y=99 SP=?? N=0 V=0 D=0 I=0 Z=0 C=0 : FWA 40-8A:881B9BFB:00:00 = +5.44431395E+02 : FWB 33-01:C03659FE:00:?? = +4.41297823E-39
A660 : CMP 31         : A=23 X=06 Y=99 SP=?? N=1 V=0 D=0 I=0 Z=0 C=0 : FWA 40-8A:881B9BFB:00:00 = +5.44431395E+02 : FWB 33-01:C03659FE:00:?? = +4.41297823E-39
A662 : BNE A674       : A=23 X=06 Y=99 SP=?? N=1 V=0 D=0 I=0 Z=0 C=0 : FWA 40-8A:881B9BFB:00:00 = +5.44431395E+02 : FWB 33-01:C03659FE:00:?? = +4.41297823E-39
A674 : BCC A68D       : A=23 X=06 Y=99 SP=?? N=1 V=0 D=0 I=0 Z=0 C=0 : FWA 40-8A:881B9BFB:00:00 = +5.44431395E+02 : FWB 33-01:C03659FE:00:?? = +4.41297823E-39
A68D : ROL 3B         : A=23 X=06 Y=99 SP=?? N=0 V=0 D=0 I=0 Z=0 C=0 : FWA 40-8A:881B9BFB:00:00 = +5.44431395E+02 : FWB 66-01:C03659FE:00:?? = +4.41297823E-39
A68F : ASL 40         : A=23 X=06 Y=99 SP=?? N=1 V=0 D=0 I=0 Z=0 C=1 : FWA 40-8A:881B9BFB:00:00 = +5.44431395E+02 : FWB 66-01:C03659FC:00:?? = +4.41297823E-39
A691 : ROL 3F         : A=23 X=06 Y=99 SP=?? N=1 V=0 D=0 I=0 Z=0 C=0 : FWA 40-8A:881B9BFB:00:00 = +5.44431395E+02 : FWB 66-01:C036B3FC:00:?? = +4.41300976E-39
A693 : ROL 3E         : A=23 X=06 Y=99 SP=?? N=0 V=0 D=0 I=0 Z=0 C=0 : FWA 40-8A:881B9BFB:00:00 = +5.44431395E+02 : FWB 66-01:C06CB3FC:00:?? = +4.41785264E-39
A695 : ROL A          : A=46 X=06 Y=99 SP=?? N=0 V=0 D=0 I=0 Z=0 C=0 : FWA 40-8A:881B9BFB:00:00 = +5.44431395E+02 : FWB 66-01:C06CB3FC:00:?? = +4.41785264E-39
A696 : DEX            : A=46 X=05 Y=99 SP=?? N=0 V=0 D=0 I=0 Z=0 C=0 : FWA 40-8A:881B9BFB:00:00 = +5.44431395E+02 : FWB 66-01:C06CB3FC:00:?? = +4.41785264E-39
A697 : BNE A65E       : A=46 X=05 Y=99 SP=?? N=0 V=0 D=0 I=0 Z=0 C=0 : FWA 40-8A:881B9BFB:00:00 = +5.44431395E+02 : FWB 66-01:C06CB3FC:00:?? = +4.41785264E-39
A65E : BCS A676       : A=46 X=05 Y=99 SP=?? N=0 V=0 D=0 I=0 Z=0 C=0 : FWA 40-8A:881B9BFB:00:00 = +5.44431395E+02 : FWB 66-01:C06CB3FC:00:?? = +4.41785264E-39
A660 : CMP 31         : A=46 X=05 Y=99 SP=?? N=1 V=0 D=0 I=0 Z=0 C=0 : FWA 40-8A:881B9BFB:00:00 = +5.44431395E+02 : FWB 66-01:C06CB3FC:00:?? = +4.41785264E-39
A662 : BNE A674       : A=46 X=05 Y=99 SP=?? N=1 V=0 D=0 I=0 Z=0 C=0 : FWA 40-8A:881B9BFB:00:00 = +5.44431395E+02 : FWB 66-01:C06CB3FC:00:?? = +4.41785264E-39
A674 : BCC A68D       : A=46 X=05 Y=99 SP=?? N=1 V=0 D=0 I=0 Z=0 C=0 : FWA 40-8A:881B9BFB:00:00 = +5.44431395E+02 : FWB 66-01:C06CB3FC:00:?? = +4.41785264E-39
A68D : ROL 3B         : A=46 X=05 Y=99 SP=?? N=1 V=0 D=0 I=0 Z=0 C=0 : FWA 40-8A:881B9BFB:00:00 = +5.44431395E+02 : FWB CC-01:C06CB3FC:00:?? = -4.41785264E-39
A68F : ASL 40         : A=46 X=05 Y=99 SP=?? N=1 V=0 D=0 I=0 Z=0 C=1 : FWA 40-8A:881B9BFB:00:00 = +5.44431395E+02 : FWB CC-01:C06CB3F8:00:?? = -4.41785264E-39
A691 : ROL 3F         : A=46 X=05 Y=99 SP=?? N=0 V=0 D=0 I=0 Z=0 C=1 : FWA 40-8A:881B9BFB:00:00 = +5.44431395E+02 : FWB CC-01:C06C67F8:00:?? = -4.41782601E-39
A693 : ROL 3E         : A=46 X=05 Y=99 SP=?? N=1 V=0 D=0 I=0 Z=0 C=0 : FWA 40-8A:881B9BFB:00:00 = +5.44431395E+02 : FWB CC-01:C0D967F8:00:?? = -4.42760147E-39
A695 : ROL A          : A=8C X=05 Y=99 SP=?? N=1 V=0 D=0 I=0 Z=0 C=0 : FWA 40-8A:881B9BFB:00:00 = +5.44431395E+02 : FWB CC-01:C0D967F8:00:?? = -4.42760147E-39
A696 : DEX            : A=8C X=04 Y=99 SP=?? N=0 V=0 D=0 I=0 Z=0 C=0 : FWA 40-8A:881B9BFB:00:00 = +5.44431395E+02 : FWB CC-01:C0D967F8:00:?? = -4.42760147E-39
A697 : BNE A65E       : A=8C X=04 Y=99 SP=?? N=0 V=0 D=0 I=0 Z=0 C=0 : FWA 40-8A:881B9BFB:00:00 = +5.44431395E+02 : FWB CC-01:C0D967F8:00:?? = -4.42760147E-39
A65E : BCS A676       : A=8C X=04 Y=99 SP=?? N=0 V=0 D=0 I=0 Z=0 C=0 : FWA 40-8A:881B9BFB:00:00 = +5.44431395E+02 : FWB CC-01:C0D967F8:00:?? = -4.42760147E-39
A660 : CMP 31         : A=8C X=04 Y=99 SP=?? N=0 V=0 D=0 I=0 Z=0 C=1 : FWA 40-8A:881B9BFB:00:00 = +5.44431395E+02 : FWB CC-01:C0D967F8:00:?? = -4.42760147E-39
A662 : BNE A674       : A=8C X=04 Y=99 SP=?? N=0 V=0 D=0 I=0 Z=0 C=1 : FWA 40-8A:881B9BFB:00:00 = +5.44431395E+02 : FWB CC-01:C0D967F8:00:?? = -4.42760147E-39
A674 : BCC A68D       : A=8C X=04 Y=99 SP=?? N=0 V=0 D=0 I=0 Z=0 C=1 : FWA 40-8A:881B9BFB:00:00 = +5.44431395E+02 : FWB CC-01:C0D967F8:00:?? = -4.42760147E-39
A676 : TAY            : A=8C X=04 Y=8C SP=?? N=1 V=0 D=0 I=0 Z=0 C=1 : FWA 40-8A:881B9BFB:00:00 = +5.44431395E+02 : FWB CC-01:C0D967F8:00:?? = -4.42760147E-39
A677 : LDA 40         : A=F8 X=04 Y=8C SP=?? N=1 V=0 D=0 I=0 Z=0 C=1 : FWA 40-8A:881B9BFB:00:00 = +5.44431395E+02 : FWB CC-01:C0D967F8:00:?? = -4.42760147E-39
A679 : SBC 34         : A=FD X=04 Y=8C SP=?? N=1 V=0 D=0 I=0 Z=0 C=0 : FWA 40-8A:881B9BFB:00:00 = +5.44431395E+02 : FWB CC-01:C0D967F8:00:?? = -4.42760147E-39
A67B : STA 40         : A=FD X=04 Y=8C SP=?? N=1 V=0 D=0 I=0 Z=0 C=0 : FWA 40-8A:881B9BFB:00:00 = +5.44431395E+02 : FWB CC-01:C0D967FD:00:?? = -4.42760148E-39
A67D : LDA 3F         : A=67 X=04 Y=8C SP=?? N=0 V=0 D=0 I=0 Z=0 C=0 : FWA 40-8A:881B9BFB:00:00 = +5.44431395E+02 : FWB CC-01:C0D967FD:00:?? = -4.42760148E-39
A67F : SBC 33         : A=CB X=04 Y=8C SP=?? N=1 V=1 D=0 I=0 Z=0 C=0 : FWA 40-8A:881B9BFB:00:00 = +5.44431395E+02 : FWB CC-01:C0D967FD:00:?? = -4.42760148E-39
A681 : STA 3F         : A=CB X=04 Y=8C SP=?? N=1 V=1 D=0 I=0 Z=0 C=0 : FWA 40-8A:881B9BFB:00:00 = +5.44431395E+02 : FWB CC-01:C0D9CBFD:00:?? = -4.42763651E-39
A683 : LDA 3E         : A=D9 X=04 Y=8C SP=?? N=1 V=1 D=0 I=0 Z=0 C=0 : FWA 40-8A:881B9BFB:00:00 = +5.44431395E+02 : FWB CC-01:C0D9CBFD:00:?? = -4.42763651E-39
A685 : SBC 32         : A=BD X=04 Y=8C SP=?? N=1 V=0 D=0 I=0 Z=0 C=1 : FWA 40-8A:881B9BFB:00:00 = +5.44431395E+02 : FWB CC-01:C0D9CBFD:00:?? = -4.42763651E-39
A687 : STA 3E         : A=BD X=04 Y=8C SP=?? N=1 V=0 D=0 I=0 Z=0 C=1 : FWA 40-8A:881B9BFB:00:00 = +5.44431395E+02 : FWB CC-01:C0BDCBFD:00:?? = -4.42512538E-39
A689 : TYA            : A=8C X=04 Y=8C SP=?? N=1 V=0 D=0 I=0 Z=0 C=1 : FWA 40-8A:881B9BFB:00:00 = +5.44431395E+02 : FWB CC-01:C0BDCBFD:00:?? = -4.42512538E-39
A68A : SBC 31         : A=04 X=04 Y=8C SP=?? N=0 V=0 D=0 I=0 Z=0 C=1 : FWA 40-8A:881B9BFB:00:00 = +5.44431395E+02 : FWB CC-01:C0BDCBFD:00:?? = -4.42512538E-39
A68C : SEC            : A=04 X=04 Y=8C SP=?? N=0 V=0 D=0 I=0 Z=0 C=1 : FWA 40-8A:881B9BFB:00:00 = +5.44431395E+02 : FWB CC-01:C0BDCBFD:00:?? = -4.42512538E-39
A68D : ROL 3B         : A=04 X=04 Y=8C SP=?? N=1 V=0 D=0 I=0 Z=0 C=1 : FWA 40-8A:881B9BFB:00:00 = +5.44431395E+02 : FWB 99-01:C0BDCBFD:00:?? = -4.42512538E-39
A68F : ASL 40         : A=04 X=04 Y=8C SP=?? N=1 V=0 D=0 I=0 Z=0 C=1 : FWA 40-8A:881B9BFB:00:00 = +5.44431395E+02 : FWB 99-01:C0BDCBFA:00:?? = -4.42512538E-39
A691 : ROL 3F         : A=04 X=04 Y=8C SP=?? N=1 V=0 D=0 I=0 Z=0 C=1 : FWA 40-8A:881B9BFB:00:00 = +5.44431395E+02 : FWB 99-01:C0BD97FA:00:?? = -4.42510716E-39
A693 : ROL 3E         : A=04 X=04 Y=8C SP=?? N=0 V=0 D=0 I=0 Z=0 C=1 : FWA 40-8A:881B9BFB:00:00 = +5.44431395E+02 : FWB 99-01:C07B97FA:00:?? = -4.41918808E-39
A695 : ROL A          : A=09 X=04 Y=8C SP=?? N=0 V=0 D=0 I=0 Z=0 C=0 : FWA 40-8A:881B9BFB:00:00 = +5.44431395E+02 : FWB 99-01:C07B97FA:00:?? = -4.41918808E-39
A696 : DEX            : A=09 X=03 Y=8C SP=?? N=0 V=0 D=0 I=0 Z=0 C=0 : FWA 40-8A:881B9BFB:00:00 = +5.44431395E+02 : FWB 99-01:C07B97FA:00:?? = -4.41918808E-39
A697 : BNE A65E       : A=09 X=03 Y=8C SP=?? N=0 V=0 D=0 I=0 Z=0 C=0 : FWA 40-8A:881B9BFB:00:00 = +5.44431395E+02 : FWB 99-01:C07B97FA:00:?? = -4.41918808E-39
A65E : BCS A676       : A=09 X=03 Y=8C SP=?? N=0 V=0 D=0 I=0 Z=0 C=0 : FWA 40-8A:881B9BFB:00:00 = +5.44431395E+02 : FWB 99-01:C07B97FA:00:?? = -4.41918808E-39
A660 : CMP 31         : A=09 X=03 Y=8C SP=?? N=1 V=0 D=0 I=0 Z=0 C=0 : FWA 40-8A:881B9BFB:00:00 = +5.44431395E+02 : FWB 99-01:C07B97FA:00:?? = -4.41918808E-39
A662 : BNE A674       : A=09 X=03 Y=8C SP=?? N=1 V=0 D=0 I=0 Z=0 C=0 : FWA 40-8A:881B9BFB:00:00 = +5.44431395E+02 : FWB 99-01:C07B97FA:00:?? = -4.41918808E-39
A674 : BCC A68D       : A=09 X=03 Y=8C SP=?? N=1 V=0 D=0 I=0 Z=0 C=0 : FWA 40-8A:881B9BFB:00:00 = +5.44431395E+02 : FWB 99-01:C07B97FA:00:?? = -4.41918808E-39
A68D : ROL 3B         : A=09 X=03 Y=8C SP=?? N=0 V=0 D=0 I=0 Z=0 C=1 : FWA 40-8A:881B9BFB:00:00 = +5.44431395E+02 : FWB 32-01:C07B97FA:00:?? = +4.41918808E-39
A68F : ASL 40         : A=09 X=03 Y=8C SP=?? N=1 V=0 D=0 I=0 Z=0 C=1 : FWA 40-8A:881B9BFB:00:00 = +5.44431395E+02 : FWB 32-01:C07B97F4:00:?? = +4.41918807E-39
A691 : ROL 3F         : A=09 X=03 Y=8C SP=?? N=0 V=0 D=0 I=0 Z=0 C=1 : FWA 40-8A:881B9BFB:00:00 = +5.44431395E+02 : FWB 32-01:C07B2FF4:00:?? = +4.41915164E-39
A693 : ROL 3E         : A=09 X=03 Y=8C SP=?? N=1 V=0 D=0 I=0 Z=0 C=0 : FWA 40-8A:881B9BFB:00:00 = +5.44431395E+02 : FWB 32-01:C0F72FF4:00:?? = +4.43027234E-39
A695 : ROL A          : A=12 X=03 Y=8C SP=?? N=0 V=0 D=0 I=0 Z=0 C=0 : FWA 40-8A:881B9BFB:00:00 = +5.44431395E+02 : FWB 32-01:C0F72FF4:00:?? = +4.43027234E-39
A696 : DEX            : A=12 X=02 Y=8C SP=?? N=0 V=0 D=0 I=0 Z=0 C=0 : FWA 40-8A:881B9BFB:00:00 = +5.44431395E+02 : FWB 32-01:C0F72FF4:00:?? = +4.43027234E-39
A697 : BNE A65E       : A=12 X=02 Y=8C SP=?? N=0 V=0 D=0 I=0 Z=0 C=0 : FWA 40-8A:881B9BFB:00:00 = +5.44431395E+02 : FWB 32-01:C0F72FF4:00:?? = +4.43027234E-39
A65E : BCS A676       : A=12 X=02 Y=8C SP=?? N=0 V=0 D=0 I=0 Z=0 C=0 : FWA 40-8A:881B9BFB:00:00 = +5.44431395E+02 : FWB 32-01:C0F72FF4:00:?? = +4.43027234E-39
A660 : CMP 31         : A=12 X=02 Y=8C SP=?? N=1 V=0 D=0 I=0 Z=0 C=0 : FWA 40-8A:881B9BFB:00:00 = +5.44431395E+02 : FWB 32-01:C0F72FF4:00:?? = +4.43027234E-39
A662 : BNE A674       : A=12 X=02 Y=8C SP=?? N=1 V=0 D=0 I=0 Z=0 C=0 : FWA 40-8A:881B9BFB:00:00 = +5.44431395E+02 : FWB 32-01:C0F72FF4:00:?? = +4.43027234E-39
A674 : BCC A68D       : A=12 X=02 Y=8C SP=?? N=1 V=0 D=0 I=0 Z=0 C=0 : FWA 40-8A:881B9BFB:00:00 = +5.44431395E+02 : FWB 32-01:C0F72FF4:00:?? = +4.43027234E-39
A68D : ROL 3B         : A=12 X=02 Y=8C SP=?? N=0 V=0 D=0 I=0 Z=0 C=0 : FWA 40-8A:881B9BFB:00:00 = +5.44431395E+02 : FWB 64-01:C0F72FF4:00:?? = +4.43027234E-39
A68F : ASL 40         : A=12 X=02 Y=8C SP=?? N=1 V=0 D=0 I=0 Z=0 C=1 : FWA 40-8A:881B9BFB:00:00 = +5.44431395E+02 : FWB 64-01:C0F72FE8:00:?? = +4.43027232E-39
A691 : ROL 3F         : A=12 X=02 Y=8C SP=?? N=0 V=0 D=0 I=0 Z=0 C=0 : FWA 40-8A:881B9BFB:00:00 = +5.44431395E+02 : FWB 64-01:C0F75FE8:00:?? = +4.43028914E-39
A693 : ROL 3E         : A=12 X=02 Y=8C SP=?? N=1 V=0 D=0 I=0 Z=0 C=1 : FWA 40-8A:881B9BFB:00:00 = +5.44431395E+02 : FWB 64-01:C0EE5FE8:00:?? = +4.42948199E-39
A695 : ROL A          : A=25 X=02 Y=8C SP=?? N=0 V=0 D=0 I=0 Z=0 C=0 : FWA 40-8A:881B9BFB:00:00 = +5.44431395E+02 : FWB 64-01:C0EE5FE8:00:?? = +4.42948199E-39
A696 : DEX            : A=25 X=01 Y=8C SP=?? N=0 V=0 D=0 I=0 Z=0 C=0 : FWA 40-8A:881B9BFB:00:00 = +5.44431395E+02 : FWB 64-01:C0EE5FE8:00:?? = +4.42948199E-39
A697 : BNE A65E       : A=25 X=01 Y=8C SP=?? N=0 V=0 D=0 I=0 Z=0 C=0 : FWA 40-8A:881B9BFB:00:00 = +5.44431395E+02 : FWB 64-01:C0EE5FE8:00:?? = +4.42948199E-39
A65E : BCS A676       : A=25 X=01 Y=8C SP=?? N=0 V=0 D=0 I=0 Z=0 C=0 : FWA 40-8A:881B9BFB:00:00 = +5.44431395E+02 : FWB 64-01:C0EE5FE8:00:?? = +4.42948199E-39
A660 : CMP 31         : A=25 X=01 Y=8C SP=?? N=1 V=0 D=0 I=0 Z=0 C=0 : FWA 40-8A:881B9BFB:00:00 = +5.44431395E+02 : FWB 64-01:C0EE5FE8:00:?? = +4.42948199E-39
A662 : BNE A674       : A=25 X=01 Y=8C SP=?? N=1 V=0 D=0 I=0 Z=0 C=0 : FWA 40-8A:881B9BFB:00:00 = +5.44431395E+02 : FWB 64-01:C0EE5FE8:00:?? = +4.42948199E-39
A674 : BCC A68D       : A=25 X=01 Y=8C SP=?? N=1 V=0 D=0 I=0 Z=0 C=0 : FWA 40-8A:881B9BFB:00:00 = +5.44431395E+02 : FWB 64-01:C0EE5FE8:00:?? = +4.42948199E-39
A68D : ROL 3B         : A=25 X=01 Y=8C SP=?? N=1 V=0 D=0 I=0 Z=0 C=0 : FWA 40-8A:881B9BFB:00:00 = +5.44431395E+02 : FWB C8-01:C0EE5FE8:00:?? = -4.42948199E-39
A68F : ASL 40         : A=25 X=01 Y=8C SP=?? N=1 V=0 D=0 I=0 Z=0 C=1 : FWA 40-8A:881B9BFB:00:00 = +5.44431395E+02 : FWB C8-01:C0EE5FD0:00:?? = -4.42948196E-39
A691 : ROL 3F         : A=25 X=01 Y=8C SP=?? N=1 V=0 D=0 I=0 Z=0 C=0 : FWA 40-8A:881B9BFB:00:00 = +5.44431395E+02 : FWB C8-01:C0EEBFD0:00:?? = -4.42951559E-39
A693 : ROL 3E         : A=25 X=01 Y=8C SP=?? N=1 V=0 D=0 I=0 Z=0 C=1 : FWA 40-8A:881B9BFB:00:00 = +5.44431395E+02 : FWB C8-01:C0DCBFD0:00:?? = -4.42790129E-39
A695 : ROL A          : A=4B X=01 Y=8C SP=?? N=0 V=0 D=0 I=0 Z=0 C=0 : FWA 40-8A:881B9BFB:00:00 = +5.44431395E+02 : FWB C8-01:C0DCBFD0:00:?? = -4.42790129E-39
A696 : DEX            : A=4B X=00 Y=8C SP=?? N=0 V=0 D=0 I=0 Z=1 C=0 : FWA 40-8A:881B9BFB:00:00 = +5.44431395E+02 : FWB C8-01:C0DCBFD0:00:?? = -4.42790129E-39
A697 : BNE A65E       : A=4B X=00 Y=8C SP=?? N=0 V=0 D=0 I=0 Z=1 C=0 : FWA 40-8A:881B9BFB:00:00 = +5.44431395E+02 : FWB C8-01:C0DCBFD0:00:?? = -4.42790129E-39
A699 : LDX 3B         : A=4B X=C8 Y=8C SP=?? N=1 V=0 D=0 I=0 Z=0 C=0 : FWA 40-8A:881B9BFB:00:00 = +5.44431395E+02 : FWB C8-01:C0DCBFD0:00:?? = -4.42790129E-39
A69B : PHX            : A=4B X=C8 Y=8C SP=?? N=1 V=0 D=0 I=0 Z=0 C=0 : FWA 40-8A:881B9BFB:00:00 = +5.44431395E+02 : FWB C8-01:C0DCBFD0:00:?? = -4.42790129E-39
A69C : DEC 3C         : A=4B X=C8 Y=8C SP=?? N=0 V=0 D=0 I=0 Z=1 C=0 : FWA 40-8A:881B9BFB:00:00 = +5.44431395E+02 : FWB C8-00:C0DCBFD0:00:?? = -2.21395065E-39
A69E : BNE A65C       : A=4B X=C8 Y=8C SP=?? N=0 V=0 D=0 I=0 Z=1 C=0 : FWA 40-8A:881B9BFB:00:00 = +5.44431395E+02 : FWB C8-00:C0DCBFD0:00:?? = -2.21395065E-39
A6A0 : PLX            : A=4B X=C8 Y=8C SP=?? N=1 V=0 D=0 I=0 Z=0 C=0 : FWA 40-8A:881B9BFB:00:00 = +5.44431395E+02 : FWB C8-00:C0DCBFD0:00:?? = -2.21395065E-39
A6A1 : ROR A          : A=25 X=C8 Y=8C SP=?? N=0 V=0 D=0 I=0 Z=0 C=1 : FWA 40-8A:881B9BFB:00:00 = +5.44431395E+02 : FWB C8-00:C0DCBFD0:00:?? = -2.21395065E-39
A6A2 : LSR 31         : A=25 X=C8 Y=8C SP=?? N=0 V=0 D=0 I=0 Z=0 C=0 : FWA 40-8A:441B9BFB:00:00 = +2.72431395E+02 : FWB C8-00:C0DCBFD0:00:?? = -2.21395065E-39
A6A4 : STX 34         : A=25 X=C8 Y=8C SP=?? N=0 V=0 D=0 I=0 Z=0 C=0 : FWA 40-8A:441B9BC8:00:00 = +2.72431383E+02 : FWB C8-00:C0DCBFD0:00:?? = -2.21395065E-39
A6A6 : LDX #03        : A=25 X=03 Y=8C SP=?? N=0 V=0 D=0 I=0 Z=0 C=0 : FWA 40-8A:441B9BC8:00:00 = +2.72431383E+02 : FWB C8-00:C0DCBFD0:00:?? = -2.21395065E-39
A6A8 : CMP 31         : A=25 X=03 Y=8C SP=?? N=1 V=0 D=0 I=0 Z=0 C=0 : FWA 40-8A:441B9BC8:00:00 = +2.72431383E+02 : FWB C8-00:C0DCBFD0:00:?? = -2.21395065E-39
A6AA : BCC A6AE       : A=25 X=03 Y=8C SP=?? N=1 V=0 D=0 I=0 Z=0 C=0 : FWA 40-8A:441B9BC8:00:00 = +2.72431383E+02 : FWB C8-00:C0DCBFD0:00:?? = -2.21395065E-39
A6AE : PHP            : A=25 X=03 Y=8C SP=?? N=1 V=0 D=0 I=0 Z=0 C=0 : FWA 40-8A:441B9BC8:00:00 = +2.72431383E+02 : FWB C8-00:C0DCBFD0:00:?? = -2.21395065E-39
A6AF : ASL A          : A=4A X=03 Y=8C SP=?? N=0 V=0 D=0 I=0 Z=0 C=0 : FWA 40-8A:441B9BC8:00:00 = +2.72431383E+02 : FWB C8-00:C0DCBFD0:00:?? = -2.21395065E-39
A6B0 : DEX            : A=4A X=02 Y=8C SP=?? N=0 V=0 D=0 I=0 Z=0 C=0 : FWA 40-8A:441B9BC8:00:00 = +2.72431383E+02 : FWB C8-00:C0DCBFD0:00:?? = -2.21395065E-39
A6B1 : BNE A6A8       : A=4A X=02 Y=8C SP=?? N=0 V=0 D=0 I=0 Z=0 C=0 : FWA 40-8A:441B9BC8:00:00 = +2.72431383E+02 : FWB C8-00:C0DCBFD0:00:?? = -2.21395065E-39
A6A8 : CMP 31         : A=4A X=02 Y=8C SP=?? N=0 V=0 D=0 I=0 Z=0 C=1 : FWA 40-8A:441B9BC8:00:00 = +2.72431383E+02 : FWB C8-00:C0DCBFD0:00:?? = -2.21395065E-39
A6AA : BCC A6AE       : A=4A X=02 Y=8C SP=?? N=0 V=0 D=0 I=0 Z=0 C=1 : FWA 40-8A:441B9BC8:00:00 = +2.72431383E+02 : FWB C8-00:C0DCBFD0:00:?? = -2.21395065E-39
A6AC : SBC 31         : A=06 X=02 Y=8C SP=?? N=0 V=0 D=0 I=0 Z=0 C=1 : FWA 40-8A:441B9BC8:00:00 = +2.72431383E+02 : FWB C8-00:C0DCBFD0:00:?? = -2.21395065E-39
A6AE : PHP            : A=06 X=02 Y=8C SP=?? N=0 V=0 D=0 I=0 Z=0 C=1 : FWA 40-8A:441B9BC8:00:00 = +2.72431383E+02 : FWB C8-00:C0DCBFD0:00:?? = -2.21395065E-39
A6AF : ASL A          : A=0C X=02 Y=8C SP=?? N=0 V=0 D=0 I=0 Z=0 C=0 : FWA 40-8A:441B9BC8:00:00 = +2.72431383E+02 : FWB C8-00:C0DCBFD0:00:?? = -2.21395065E-39
A6B0 : DEX            : A=0C X=01 Y=8C SP=?? N=0 V=0 D=0 I=0 Z=0 C=0 : FWA 40-8A:441B9BC8:00:00 = +2.72431383E+02 : FWB C8-00:C0DCBFD0:00:?? = -2.21395065E-39
A6B1 : BNE A6A8       : A=0C X=01 Y=8C SP=?? N=0 V=0 D=0 I=0 Z=0 C=0 : FWA 40-8A:441B9BC8:00:00 = +2.72431383E+02 : FWB C8-00:C0DCBFD0:00:?? = -2.21395065E-39
A6A8 : CMP 31         : A=0C X=01 Y=8C SP=?? N=1 V=0 D=0 I=0 Z=0 C=0 : FWA 40-8A:441B9BC8:00:00 = +2.72431383E+02 : FWB C8-00:C0DCBFD0:00:?? = -2.21395065E-39
A6AA : BCC A6AE       : A=0C X=01 Y=8C SP=?? N=1 V=0 D=0 I=0 Z=0 C=0 : FWA 40-8A:441B9BC8:00:00 = +2.72431383E+02 : FWB C8-00:C0DCBFD0:00:?? = -2.21395065E-39
A6AE : PHP            : A=0C X=01 Y=8C SP=?? N=1 V=0 D=0 I=0 Z=0 C=0 : FWA 40-8A:441B9BC8:00:00 = +2.72431383E+02 : FWB C8-00:C0DCBFD0:00:?? = -2.21395065E-39
A6AF : ASL A          : A=18 X=01 Y=8C SP=?? N=0 V=0 D=0 I=0 Z=0 C=0 : FWA 40-8A:441B9BC8:00:00 = +2.72431383E+02 : FWB C8-00:C0DCBFD0:00:?? = -2.21395065E-39
A6B0 : DEX            : A=18 X=00 Y=8C SP=?? N=0 V=0 D=0 I=0 Z=1 C=0 : FWA 40-8A:441B9BC8:00:00 = +2.72431383E+02 : FWB C8-00:C0DCBFD0:00:?? = -2.21395065E-39
A6B1 : BNE A6A8       : A=18 X=00 Y=8C SP=?? N=0 V=0 D=0 I=0 Z=1 C=0 : FWA 40-8A:441B9BC8:00:00 = +2.72431383E+02 : FWB C8-00:C0DCBFD0:00:?? = -2.21395065E-39
A6B3 : PLP            : A=18 X=00 Y=8C SP=?? N=1 V=0 D=0 I=0 Z=0 C=0 : FWA 40-8A:441B9BC8:00:00 = +2.72431383E+02 : FWB C8-00:C0DCBFD0:00:?? = -2.21395065E-39
A6B4 : ROR A          : A=0C X=00 Y=8C SP=?? N=0 V=0 D=0 I=0 Z=0 C=0 : FWA 40-8A:441B9BC8:00:00 = +2.72431383E+02 : FWB C8-00:C0DCBFD0:00:?? = -2.21395065E-39
A6B5 : PLP            : A=0C X=00 Y=8C SP=?? N=0 V=0 D=0 I=0 Z=0 C=1 : FWA 40-8A:441B9BC8:00:00 = +2.72431383E+02 : FWB C8-00:C0DCBFD0:00:?? = -2.21395065E-39
A6B6 : ROR A          : A=86 X=00 Y=8C SP=?? N=1 V=0 D=0 I=0 Z=0 C=0 : FWA 40-8A:441B9BC8:00:00 = +2.72431383E+02 : FWB C8-00:C0DCBFD0:00:?? = -2.21395065E-39
A6B7 : PLP            : A=86 X=00 Y=8C SP=?? N=1 V=0 D=0 I=0 Z=0 C=0 : FWA 40-8A:441B9BC8:00:00 = +2.72431383E+02 : FWB C8-00:C0DCBFD0:00:?? = -2.21395065E-39
A6B8 : ROR A          : A=43 X=00 Y=8C SP=?? N=0 V=0 D=0 I=0 Z=0 C=0 : FWA 40-8A:441B9BC8:00:00 = +2.72431383E+02 : FWB C8-00:C0DCBFD0:00:?? = -2.21395065E-39
A6B9 : STA 35         : A=43 X=00 Y=8C SP=?? N=0 V=0 D=0 I=0 Z=0 C=0 : FWA 40-8A:441B9BC8:43:00 = +2.72431383E+02 : FWB C8-00:C0DCBFD0:00:?? = -2.21395065E-39
A6BB : PLA            : A=0C X=00 Y=8C SP=?? N=0 V=0 D=0 I=0 Z=0 C=0 : FWA 40-8A:441B9BC8:43:00 = +2.72431383E+02 : FWB C8-00:C0DCBFD0:00:?? = -2.21395065E-39
A6BC : STA 33         : A=0C X=00 Y=8C SP=?? N=0 V=0 D=0 I=0 Z=0 C=0 : FWA 40-8A:441B0CC8:43:00 = +2.72422655E+02 : FWB C8-00:C0DCBFD0:00:?? = -2.21395065E-39
A6BE : PLA            : A=90 X=00 Y=8C SP=?? N=1 V=0 D=0 I=0 Z=0 C=0 : FWA 40-8A:441B0CC8:43:00 = +2.72422655E+02 : FWB C8-00:C0DCBFD0:00:?? = -2.21395065E-39
A6BF : STA 32         : A=90 X=00 Y=8C SP=?? N=1 V=0 D=0 I=0 Z=0 C=0 : FWA 40-8A:44900CC8:43:00 = +2.74250780E+02 : FWB C8-00:C0DCBFD0:00:?? = -2.21395065E-39
A6C1 : PLA            : A=B4 X=00 Y=8C SP=?? N=1 V=0 D=0 I=0 Z=0 C=0 : FWA 40-8A:44900CC8:43:00 = +2.74250780E+02 : FWB C8-00:C0DCBFD0:00:?? = -2.21395065E-39
A6C2 : STA 31         : A=B4 X=00 Y=8C SP=?? N=1 V=0 D=0 I=0 Z=0 C=0 : FWA 40-8A:B4900CC8:43:00 = +7.22250780E+02 : FWB C8-00:C0DCBFD0:00:?? = -2.21395065E-39
A6C4 : BMI A712       : A=B4 X=00 Y=8C SP=?? N=1 V=0 D=0 I=0 Z=0 C=0 : FWA 40-8A:B4900CC8:43:00 = +7.22250780E+02 : FWB C8-00:C0DCBFD0:00:?? = -2.21395065E-39
A712 : LDA 35         : A=43 X=00 Y=8C SP=?? N=0 V=0 D=0 I=0 Z=0 C=0 : FWA 40-8A:B4900CC8:43:00 = +7.22250780E+02 : FWB C8-00:C0DCBFD0:00:?? = -2.21395065E-39
A714 : BPL A725       : A=43 X=00 Y=8C SP=?? N=0 V=0 D=0 I=0 Z=0 C=0 : FWA 40-8A:B4900CC8:43:00 = +7.22250780E+02 : FWB C8-00:C0DCBFD0:00:?? = -2.21395065E-39
A725 : LDA 2F         : A=00 X=00 Y=8C SP=?? N=0 V=0 D=0 I=0 Z=1 C=0 : FWA 40-8A:B4900CC8:43:00 = +7.22250780E+02 : FWB C8-00:C0DCBFD0:00:?? = -2.21395065E-39
A727 : BEQ A739       : A=00 X=00 Y=8C SP=?? N=0 V=0 D=0 I=0 Z=1 C=0 : FWA 40-8A:B4900CC8:43:00 = +7.22250780E+02 : FWB C8-00:C0DCBFD0:00:?? = -2.21395065E-39
A739 : STZ 35         : A=00 X=00 Y=8C SP=?? N=0 V=0 D=0 I=0 Z=1 C=0 : FWA 40-8A:B4900CC8:00:00 = +7.22250780E+02 : FWB C8-00:C0DCBFD0:00:?? = -2.21395065E-39
A73B : LDA #FF        : A=FF X=00 Y=8C SP=?? N=1 V=0 D=0 I=0 Z=0 C=0 : FWA 40-8A:B4900CC8:00:00 = +7.22250780E+02 : FWB C8-00:C0DCBFD0:00:?? = -2.21395065E-39
A73D : RTS            : A=FF X=00 Y=8C SP=?? N=1 V=0 D=0 I=0 Z=0 C=0 : FWA 40-8A:B4900CC8:00:00 = +7.22250780E+02 : FWB C8-00:C0DCBFD0:00:?? = -2.21395065E-39
A8DB : JSR A541       : A=FF X=00 Y=8C SP=?? N=1 V=0 D=0 I=0 Z=0 C=0 : FWA 40-8A:B4900CC8:00:00 = +7.22250780E+02 : FWB C8-00:C0DCBFD0:00:?? = -2.21395065E-39
A541 : LDA #76        : A=76 X=00 Y=8C SP=?? N=0 V=0 D=0 I=0 Z=0 C=0 : FWA 40-8A:B4900CC8:00:00 = +7.22250780E+02 : FWB C8-00:C0DCBFD0:00:?? = -2.21395065E-39
A543 : BRA A547       : A=76 X=00 Y=8C SP=?? N=0 V=0 D=0 I=0 Z=0 C=0 : FWA 40-8A:B4900CC8:00:00 = +7.22250780E+02 : FWB C8-00:C0DCBFD0:00:?? = -2.21395065E-39
A547 : STA 4A         : A=76 X=00 Y=8C SP=?? N=0 V=0 D=0 I=0 Z=0 C=0 : FWA 40-8A:B4900CC8:00:00 = +7.22250780E+02 : FWB C8-00:C0DCBFD0:00:?? = -2.21395065E-39
A549 : LDA #04        : A=04 X=00 Y=8C SP=?? N=0 V=0 D=0 I=0 Z=0 C=0 : FWA 40-8A:B4900CC8:00:00 = +7.22250780E+02 : FWB C8-00:C0DCBFD0:00:?? = -2.21395065E-39
A54B : STA 4B         : A=04 X=00 Y=8C SP=?? N=0 V=0 D=0 I=0 Z=0 C=0 : FWA 40-8A:B4900CC8:00:00 = +7.22250780E+02 : FWB C8-00:C0DCBFD0:00:?? = -2.21395065E-39
A54D : LDA 30         : A=8A X=00 Y=8C SP=?? N=1 V=0 D=0 I=0 Z=0 C=0 : FWA 40-8A:B4900CC8:00:00 = +7.22250780E+02 : FWB C8-00:C0DCBFD0:00:?? = -2.21395065E-39
A54F : STA (4A)       : A=8A X=00 Y=8C SP=?? N=1 V=0 D=0 I=0 Z=0 C=0 : FWA 40-8A:B4900CC8:00:00 = +7.22250780E+02 : FWB C8-00:C0DCBFD0:00:?? = -2.21395065E-39
A551 : LDY #01        : A=8A X=00 Y=01 SP=?? N=0 V=0 D=0 I=0 Z=0 C=0 : FWA 40-8A:B4900CC8:00:00 = +7.22250780E+02 : FWB C8-00:C0DCBFD0:00:?? = -2.21395065E-39
A553 : LDA 2E         : A=40 X=00 Y=01 SP=?? N=0 V=0 D=0 I=0 Z=0 C=0 : FWA 40-8A:B4900CC8:00:00 = +7.22250780E+02 : FWB C8-00:C0DCBFD0:00:?? = -2.21395065E-39
A555 : EOR 31         : A=F4 X=00 Y=01 SP=?? N=1 V=0 D=0 I=0 Z=0 C=0 : FWA 40-8A:B4900CC8:00:00 = +7.22250780E+02 : FWB C8-00:C0DCBFD0:00:?? = -2.21395065E-39
A557 : AND #80        : A=80 X=00 Y=01 SP=?? N=1 V=0 D=0 I=0 Z=0 C=0 : FWA 40-8A:B4900CC8:00:00 = +7.22250780E+02 : FWB C8-00:C0DCBFD0:00:?? = -2.21395065E-39
A559 : EOR 31         : A=34 X=00 Y=01 SP=?? N=0 V=0 D=0 I=0 Z=0 C=0 : FWA 40-8A:B4900CC8:00:00 = +7.22250780E+02 : FWB C8-00:C0DCBFD0:00:?? = -2.21395065E-39
A55B : STA (4A),Y     : A=34 X=00 Y=01 SP=?? N=0 V=0 D=0 I=0 Z=0 C=0 : FWA 40-8A:B4900CC8:00:00 = +7.22250780E+02 : FWB C8-00:C0DCBFD0:00:?? = -2.21395065E-39
A55D : LDA 32         : A=90 X=00 Y=01 SP=?? N=1 V=0 D=0 I=0 Z=0 C=0 : FWA 40-8A:B4900CC8:00:00 = +7.22250780E+02 : FWB C8-00:C0DCBFD0:00:?? = -2.21395065E-39
A55F : INY            : A=90 X=00 Y=02 SP=?? N=0 V=0 D=0 I=0 Z=0 C=0 : FWA 40-8A:B4900CC8:00:00 = +7.22250780E+02 : FWB C8-00:C0DCBFD0:00:?? = -2.21395065E-39
A560 : STA (4A),Y     : A=90 X=00 Y=02 SP=?? N=0 V=0 D=0 I=0 Z=0 C=0 : FWA 40-8A:B4900CC8:00:00 = +7.22250780E+02 : FWB C8-00:C0DCBFD0:00:?? = -2.21395065E-39
A562 : LDA 33         : A=0C X=00 Y=02 SP=?? N=0 V=0 D=0 I=0 Z=0 C=0 : FWA 40-8A:B4900CC8:00:00 = +7.22250780E+02 : FWB C8-00:C0DCBFD0:00:?? = -2.21395065E-39
A564 : INY            : A=0C X=00 Y=03 SP=?? N=0 V=0 D=0 I=0 Z=0 C=0 : FWA 40-8A:B4900CC8:00:00 = +7.22250780E+02 : FWB C8-00:C0DCBFD0:00:?? = -2.21395065E-39
A565 : STA (4A),Y     : A=0C X=00 Y=03 SP=?? N=0 V=0 D=0 I=0 Z=0 C=0 : FWA 40-8A:B4900CC8:00:00 = +7.22250780E+02 : FWB C8-00:C0DCBFD0:00:?? = -2.21395065E-39
A567 : LDA 34         : A=C8 X=00 Y=03 SP=?? N=1 V=0 D=0 I=0 Z=0 C=0 : FWA 40-8A:B4900CC8:00:00 = +7.22250780E+02 : FWB C8-00:C0DCBFD0:00:?? = -2.21395065E-39
A569 : INY            : A=C8 X=00 Y=04 SP=?? N=0 V=0 D=0 I=0 Z=0 C=0 : FWA 40-8A:B4900CC8:00:00 = +7.22250780E+02 : FWB C8-00:C0DCBFD0:00:?? = -2.21395065E-39
A56A : STA (4A),Y     : A=C8 X=00 Y=04 SP=?? N=0 V=0 D=0 I=0 Z=0 C=0 : FWA 40-8A:B4900CC8:00:00 = +7.22250780E+02 : FWB C8-00:C0DCBFD0:00:?? = -2.21395065E-39
A56C : RTS            : A=C8 X=00 Y=04 SP=?? N=0 V=0 D=0 I=0 Z=0 C=0 : FWA 40-8A:B4900CC8:00:00 = +7.22250780E+02 : FWB C8-00:C0DCBFD0:00:?? = -2.21395065E-39
A8DE : BRA A8EE       : A=C8 X=00 Y=04 SP=?? N=0 V=0 D=0 I=0 Z=0 C=0 : FWA 40-8A:B4900CC8:00:00 = +7.22250780E+02 : FWB C8-00:C0DCBFD0:00:?? = -2.21395065E-39
A8EE : JSR A5AD       : A=C8 X=00 Y=04 SP=?? N=0 V=0 D=0 I=0 Z=0 C=0 : FWA 40-8A:B4900CC8:00:00 = +7.22250780E+02 : FWB C8-00:C0DCBFD0:00:?? = -2.21395065E-39
A5AD : CLC            : A=C8 X=00 Y=04 SP=?? N=0 V=0 D=0 I=0 Z=0 C=0 : FWA 40-8A:B4900CC8:00:00 = +7.22250780E+02 : FWB C8-00:C0DCBFD0:00:?? = -2.21395065E-39
A5AE : LDA 4C         : A=EC X=00 Y=04 SP=?? N=1 V=0 D=0 I=0 Z=0 C=0 : FWA 40-8A:B4900CC8:00:00 = +7.22250780E+02 : FWB C8-00:C0DCBFD0:00:?? = -2.21395065E-39
A5B0 : ADC #05        : A=F1 X=00 Y=04 SP=?? N=1 V=0 D=0 I=0 Z=0 C=0 : FWA 40-8A:B4900CC8:00:00 = +7.22250780E+02 : FWB C8-00:C0DCBFD0:00:?? = -2.21395065E-39
A5B2 : STA 4C         : A=F1 X=00 Y=04 SP=?? N=1 V=0 D=0 I=0 Z=0 C=0 : FWA 40-8A:B4900CC8:00:00 = +7.22250780E+02 : FWB C8-00:C0DCBFD0:00:?? = -2.21395065E-39
A5B4 : LDY #BF        : A=F1 X=00 Y=BF SP=?? N=1 V=0 D=0 I=0 Z=0 C=0 : FWA 40-8A:B4900CC8:00:00 = +7.22250780E+02 : FWB C8-00:C0DCBFD0:00:?? = -2.21395065E-39
A5B6 : STA 4A         : A=F1 X=00 Y=BF SP=?? N=1 V=0 D=0 I=0 Z=0 C=0 : FWA 40-8A:B4900CC8:00:00 = +7.22250780E+02 : FWB C8-00:C0DCBFD0:00:?? = -2.21395065E-39
A5B8 : STY 4B         : A=F1 X=00 Y=BF SP=?? N=1 V=0 D=0 I=0 Z=0 C=0 : FWA 40-8A:B4900CC8:00:00 = +7.22250780E+02 : FWB C8-00:C0DCBFD0:00:?? = -2.21395065E-39
A5BA : RTS            : A=F1 X=00 Y=BF SP=?? N=1 V=0 D=0 I=0 Z=0 C=0 : FWA 40-8A:B4900CC8:00:00 = +7.22250780E+02 : FWB C8-00:C0DCBFD0:00:?? = -2.21395065E-39
A8F1 : JSR A70A       : A=F1 X=00 Y=BF SP=?? N=1 V=0 D=0 I=0 Z=0 C=0 : FWA 40-8A:B4900CC8:00:00 = +7.22250780E+02 : FWB C8-00:C0DCBFD0:00:?? = -2.21395065E-39
A70A : JSR A514       : A=F1 X=00 Y=BF SP=?? N=1 V=0 D=0 I=0 Z=0 C=0 : FWA 40-8A:B4900CC8:00:00 = +7.22250780E+02 : FWB C8-00:C0DCBFD0:00:?? = -2.21395065E-39
A514 : STZ 41         : A=F1 X=00 Y=BF SP=?? N=1 V=0 D=0 I=0 Z=0 C=0 : FWA 40-8A:B4900CC8:00:00 = +7.22250780E+02 : FWB C8-00:C0DCBFD0:00:?? = -2.21395065E-39
A516 : LDY #04        : A=F1 X=00 Y=04 SP=?? N=0 V=0 D=0 I=0 Z=0 C=0 : FWA 40-8A:B4900CC8:00:00 = +7.22250780E+02 : FWB C8-00:C0DCBFD0:00:?? = -2.21395065E-39
A518 : LDA (4A),Y     : A=44 X=00 Y=04 SP=?? N=0 V=0 D=0 I=0 Z=0 C=0 : FWA 40-8A:B4900CC8:00:00 = +7.22250780E+02 : FWB C8-00:C0DCBFD0:00:?? = -2.21395065E-39
A51A : STA 40         : A=44 X=00 Y=04 SP=?? N=0 V=0 D=0 I=0 Z=0 C=0 : FWA 40-8A:B4900CC8:00:00 = +7.22250780E+02 : FWB C8-00:C0DCBF44:00:?? = -2.21395055E-39
A51C : DEY            : A=44 X=00 Y=03 SP=?? N=0 V=0 D=0 I=0 Z=0 C=0 : FWA 40-8A:B4900CC8:00:00 = +7.22250780E+02 : FWB C8-00:C0DCBF44:00:?? = -2.21395055E-39
A51D : LDA (4A),Y     : A=44 X=00 Y=03 SP=?? N=0 V=0 D=0 I=0 Z=0 C=0 : FWA 40-8A:B4900CC8:00:00 = +7.22250780E+02 : FWB C8-00:C0DCBF44:00:?? = -2.21395055E-39
A51F : STA 3F         : A=44 X=00 Y=03 SP=?? N=0 V=0 D=0 I=0 Z=0 C=0 : FWA 40-8A:B4900CC8:00:00 = +7.22250780E+02 : FWB C8-00:C0DC4444:00:?? = -2.21392901E-39
A521 : DEY            : A=44 X=00 Y=02 SP=?? N=0 V=0 D=0 I=0 Z=0 C=0 : FWA 40-8A:B4900CC8:00:00 = +7.22250780E+02 : FWB C8-00:C0DC4444:00:?? = -2.21392901E-39
A522 : LDA (4A),Y     : A=44 X=00 Y=02 SP=?? N=0 V=0 D=0 I=0 Z=0 C=0 : FWA 40-8A:B4900CC8:00:00 = +7.22250780E+02 : FWB C8-00:C0DC4444:00:?? = -2.21392901E-39
A524 : STA 3E         : A=44 X=00 Y=02 SP=?? N=0 V=0 D=0 I=0 Z=0 C=0 : FWA 40-8A:B4900CC8:00:00 = +7.22250780E+02 : FWB C8-00:C0444444:00:?? = -2.20711309E-39
A526 : DEY            : A=44 X=00 Y=01 SP=?? N=0 V=0 D=0 I=0 Z=0 C=0 : FWA 40-8A:B4900CC8:00:00 = +7.22250780E+02 : FWB C8-00:C0444444:00:?? = -2.20711309E-39
A527 : LDA (4A),Y     : A=C4 X=00 Y=01 SP=?? N=1 V=0 D=0 I=0 Z=0 C=0 : FWA 40-8A:B4900CC8:00:00 = +7.22250780E+02 : FWB C8-00:C0444444:00:?? = -2.20711309E-39
A529 : STA 3B         : A=C4 X=00 Y=01 SP=?? N=1 V=0 D=0 I=0 Z=0 C=0 : FWA 40-8A:B4900CC8:00:00 = +7.22250780E+02 : FWB C4-00:C0444444:00:?? = -2.20711309E-39
A52B : TAY            : A=C4 X=00 Y=C4 SP=?? N=1 V=0 D=0 I=0 Z=0 C=0 : FWA 40-8A:B4900CC8:00:00 = +7.22250780E+02 : FWB C4-00:C0444444:00:?? = -2.20711309E-39
A52C : LDA (4A)       : A=81 X=00 Y=C4 SP=?? N=1 V=0 D=0 I=0 Z=0 C=0 : FWA 40-8A:B4900CC8:00:00 = +7.22250780E+02 : FWB C4-00:C0444444:00:?? = -2.20711309E-39
A52E : STA 3C         : A=81 X=00 Y=C4 SP=?? N=1 V=0 D=0 I=0 Z=0 C=0 : FWA 40-8A:B4900CC8:00:00 = +7.22250780E+02 : FWB C4-81:C0444444:00:?? = -1.50208333E+00
A530 : BNE A53B       : A=81 X=00 Y=C4 SP=?? N=1 V=0 D=0 I=0 Z=0 C=0 : FWA 40-8A:B4900CC8:00:00 = +7.22250780E+02 : FWB C4-81:C0444444:00:?? = -1.50208333E+00
A53B : TYA            : A=C4 X=00 Y=C4 SP=?? N=1 V=0 D=0 I=0 Z=0 C=0 : FWA 40-8A:B4900CC8:00:00 = +7.22250780E+02 : FWB C4-81:C0444444:00:?? = -1.50208333E+00
A53C : ORA #80        : A=C4 X=00 Y=C4 SP=?? N=1 V=0 D=0 I=0 Z=0 C=0 : FWA 40-8A:B4900CC8:00:00 = +7.22250780E+02 : FWB C4-81:C0444444:00:?? = -1.50208333E+00
A53E : STA 3D         : A=C4 X=00 Y=C4 SP=?? N=1 V=0 D=0 I=0 Z=0 C=0 : FWA 40-8A:B4900CC8:00:00 = +7.22250780E+02 : FWB C4-81:C4444444:00:?? = -1.53333333E+00
A540 : RTS            : A=C4 X=00 Y=C4 SP=?? N=1 V=0 D=0 I=0 Z=0 C=0 : FWA 40-8A:B4900CC8:00:00 = +7.22250780E+02 : FWB C4-81:C4444444:00:?? = -1.53333333E+00
A70D : BEQ A73B       : A=C4 X=00 Y=C4 SP=?? N=1 V=0 D=0 I=0 Z=0 C=0 : FWA 40-8A:B4900CC8:00:00 = +7.22250780E+02 : FWB C4-81:C4444444:00:?? = -1.53333333E+00
A70F : JSR 8429       : A=C4 X=00 Y=C4 SP=?? N=1 V=0 D=0 I=0 Z=0 C=0 : FWA 40-8A:B4900CC8:00:00 = +7.22250780E+02 : FWB C4-81:C4444444:00:?? = -1.53333333E+00
8429 : LDA 31         : A=B4 X=00 Y=C4 SP=?? N=1 V=0 D=0 I=0 Z=0 C=0 : FWA 40-8A:B4900CC8:00:00 = +7.22250780E+02 : FWB C4-81:C4444444:00:?? = -1.53333333E+00
842B : BEQ 840A       : A=B4 X=00 Y=C4 SP=?? N=1 V=0 D=0 I=0 Z=0 C=0 : FWA 40-8A:B4900CC8:00:00 = +7.22250780E+02 : FWB C4-81:C4444444:00:?? = -1.53333333E+00
842D : SEC            : A=B4 X=00 Y=C4 SP=?? N=1 V=0 D=0 I=0 Z=0 C=1 : FWA 40-8A:B4900CC8:00:00 = +7.22250780E+02 : FWB C4-81:C4444444:00:?? = -1.53333333E+00
842E : LDA 30         : A=8A X=00 Y=C4 SP=?? N=1 V=0 D=0 I=0 Z=0 C=1 : FWA 40-8A:B4900CC8:00:00 = +7.22250780E+02 : FWB C4-81:C4444444:00:?? = -1.53333333E+00
8430 : SBC 3C         : A=09 X=00 Y=C4 SP=?? N=0 V=0 D=0 I=0 Z=0 C=1 : FWA 40-8A:B4900CC8:00:00 = +7.22250780E+02 : FWB C4-81:C4444444:00:?? = -1.53333333E+00
8432 : BEQ 84A3       : A=09 X=00 Y=C4 SP=?? N=0 V=0 D=0 I=0 Z=0 C=1 : FWA 40-8A:B4900CC8:00:00 = +7.22250780E+02 : FWB C4-81:C4444444:00:?? = -1.53333333E+00
8434 : BCC 846A       : A=09 X=00 Y=C4 SP=?? N=0 V=0 D=0 I=0 Z=0 C=1 : FWA 40-8A:B4900CC8:00:00 = +7.22250780E+02 : FWB C4-81:C4444444:00:?? = -1.53333333E+00
8436 : CMP #25        : A=09 X=00 Y=C4 SP=?? N=1 V=0 D=0 I=0 Z=0 C=0 : FWA 40-8A:B4900CC8:00:00 = +7.22250780E+02 : FWB C4-81:C4444444:00:?? = -1.53333333E+00
8438 : BCS 8428       : A=09 X=00 Y=C4 SP=?? N=1 V=0 D=0 I=0 Z=0 C=0 : FWA 40-8A:B4900CC8:00:00 = +7.22250780E+02 : FWB C4-81:C4444444:00:?? = -1.53333333E+00
843A : TAY            : A=09 X=00 Y=09 SP=?? N=0 V=0 D=0 I=0 Z=0 C=0 : FWA 40-8A:B4900CC8:00:00 = +7.22250780E+02 : FWB C4-81:C4444444:00:?? = -1.53333333E+00
843B : AND #38        : A=08 X=00 Y=09 SP=?? N=0 V=0 D=0 I=0 Z=0 C=0 : FWA 40-8A:B4900CC8:00:00 = +7.22250780E+02 : FWB C4-81:C4444444:00:?? = -1.53333333E+00
843D : BEQ 8456       : A=08 X=00 Y=09 SP=?? N=0 V=0 D=0 I=0 Z=0 C=0 : FWA 40-8A:B4900CC8:00:00 = +7.22250780E+02 : FWB C4-81:C4444444:00:?? = -1.53333333E+00
843F : SEC            : A=08 X=00 Y=09 SP=?? N=0 V=0 D=0 I=0 Z=0 C=1 : FWA 40-8A:B4900CC8:00:00 = +7.22250780E+02 : FWB C4-81:C4444444:00:?? = -1.53333333E+00
8440 : LDX 40         : A=08 X=44 Y=09 SP=?? N=0 V=0 D=0 I=0 Z=0 C=1 : FWA 40-8A:B4900CC8:00:00 = +7.22250780E+02 : FWB C4-81:C4444444:00:?? = -1.53333333E+00
8442 : STX 41         : A=08 X=44 Y=09 SP=?? N=0 V=0 D=0 I=0 Z=0 C=1 : FWA 40-8A:B4900CC8:00:00 = +7.22250780E+02 : FWB C4-81:C4444444:44:?? = -1.53333333E+00
8444 : LDX 3F         : A=08 X=44 Y=09 SP=?? N=0 V=0 D=0 I=0 Z=0 C=1 : FWA 40-8A:B4900CC8:00:00 = +7.22250780E+02 : FWB C4-81:C4444444:44:?? = -1.53333333E+00
8446 : STX 40         : A=08 X=44 Y=09 SP=?? N=0 V=0 D=0 I=0 Z=0 C=1 : FWA 40-8A:B4900CC8:00:00 = +7.22250780E+02 : FWB C4-81:C4444444:44:?? = -1.53333333E+00
8448 : LDX 3E         : A=08 X=44 Y=09 SP=?? N=0 V=0 D=0 I=0 Z=0 C=1 : FWA 40-8A:B4900CC8:00:00 = +7.22250780E+02 : FWB C4-81:C4444444:44:?? = -1.53333333E+00
844A : STX 3F         : A=08 X=44 Y=09 SP=?? N=0 V=0 D=0 I=0 Z=0 C=1 : FWA 40-8A:B4900CC8:00:00 = +7.22250780E+02 : FWB C4-81:C4444444:44:?? = -1.53333333E+00
844C : LDX 3D         : A=08 X=C4 Y=09 SP=?? N=1 V=0 D=0 I=0 Z=0 C=1 : FWA 40-8A:B4900CC8:00:00 = +7.22250780E+02 : FWB C4-81:C4444444:44:?? = -1.53333333E+00
844E : STX 3E         : A=08 X=C4 Y=09 SP=?? N=1 V=0 D=0 I=0 Z=0 C=1 : FWA 40-8A:B4900CC8:00:00 = +7.22250780E+02 : FWB C4-81:C4C44444:44:?? = -1.53723958E+00
8450 : STZ 3D         : A=08 X=C4 Y=09 SP=?? N=1 V=0 D=0 I=0 Z=0 C=1 : FWA 40-8A:B4900CC8:00:00 = +7.22250780E+02 : FWB C4-81:00C44444:44:?? = -5.98958333E-03
8452 : SBC #08        : A=00 X=C4 Y=09 SP=?? N=0 V=0 D=0 I=0 Z=1 C=1 : FWA 40-8A:B4900CC8:00:00 = +7.22250780E+02 : FWB C4-81:00C44444:44:?? = -5.98958333E-03
8454 : BNE 8440       : A=00 X=C4 Y=09 SP=?? N=0 V=0 D=0 I=0 Z=1 C=1 : FWA 40-8A:B4900CC8:00:00 = +7.22250780E+02 : FWB C4-81:00C44444:44:?? = -5.98958333E-03
8456 : TYA            : A=09 X=C4 Y=09 SP=?? N=0 V=0 D=0 I=0 Z=0 C=1 : FWA 40-8A:B4900CC8:00:00 = +7.22250780E+02 : FWB C4-81:00C44444:44:?? = -5.98958333E-03
8457 : AND #07        : A=01 X=C4 Y=09 SP=?? N=0 V=0 D=0 I=0 Z=0 C=1 : FWA 40-8A:B4900CC8:00:00 = +7.22250780E+02 : FWB C4-81:00C44444:44:?? = -5.98958333E-03
8459 : BEQ 84A3       : A=01 X=C4 Y=09 SP=?? N=0 V=0 D=0 I=0 Z=0 C=1 : FWA 40-8A:B4900CC8:00:00 = +7.22250780E+02 : FWB C4-81:00C44444:44:?? = -5.98958333E-03
845B : LSR 3D         : A=01 X=C4 Y=09 SP=?? N=0 V=0 D=0 I=0 Z=1 C=0 : FWA 40-8A:B4900CC8:00:00 = +7.22250780E+02 : FWB C4-81:00C44444:44:?? = -5.98958333E-03
845D : ROR 3E         : A=01 X=C4 Y=09 SP=?? N=0 V=0 D=0 I=0 Z=0 C=0 : FWA 40-8A:B4900CC8:00:00 = +7.22250780E+02 : FWB C4-81:00624444:44:?? = -2.99886068E-03
845F : ROR 3F         : A=01 X=C4 Y=09 SP=?? N=0 V=0 D=0 I=0 Z=0 C=0 : FWA 40-8A:B4900CC8:00:00 = +7.22250780E+02 : FWB C4-81:00622244:44:?? = -2.99480756E-03
8461 : ROR 40         : A=01 X=C4 Y=09 SP=?? N=0 V=0 D=0 I=0 Z=0 C=0 : FWA 40-8A:B4900CC8:00:00 = +7.22250780E+02 : FWB C4-81:00622222:44:?? = -2.99479173E-03
8463 : ROR 41         : A=01 X=C4 Y=09 SP=?? N=0 V=0 D=0 I=0 Z=0 C=0 : FWA 40-8A:B4900CC8:00:00 = +7.22250780E+02 : FWB C4-81:00622222:22:?? = -2.99479167E-03
8465 : DEC A          : A=00 X=C4 Y=09 SP=?? N=0 V=0 D=0 I=0 Z=1 C=0 : FWA 40-8A:B4900CC8:00:00 = +7.22250780E+02 : FWB C4-81:00622222:22:?? = -2.99479167E-03
8466 : BNE 845B       : A=00 X=C4 Y=09 SP=?? N=0 V=0 D=0 I=0 Z=1 C=0 : FWA 40-8A:B4900CC8:00:00 = +7.22250780E+02 : FWB C4-81:00622222:22:?? = -2.99479167E-03
8468 : BRA 84A3       : A=00 X=C4 Y=09 SP=?? N=0 V=0 D=0 I=0 Z=1 C=0 : FWA 40-8A:B4900CC8:00:00 = +7.22250780E+02 : FWB C4-81:00622222:22:?? = -2.99479167E-03
84A3 : LDA 2E         : A=40 X=C4 Y=09 SP=?? N=0 V=0 D=0 I=0 Z=0 C=0 : FWA 40-8A:B4900CC8:00:00 = +7.22250780E+02 : FWB C4-81:00622222:22:?? = -2.99479167E-03
84A5 : EOR 3B         : A=84 X=C4 Y=09 SP=?? N=1 V=0 D=0 I=0 Z=0 C=0 : FWA 40-8A:B4900CC8:00:00 = +7.22250780E+02 : FWB C4-81:00622222:22:?? = -2.99479167E-03
84A7 : BMI 84AD       : A=84 X=C4 Y=09 SP=?? N=1 V=0 D=0 I=0 Z=0 C=0 : FWA 40-8A:B4900CC8:00:00 = +7.22250780E+02 : FWB C4-81:00622222:22:?? = -2.99479167E-03
84AD : LDA 31         : A=B4 X=C4 Y=09 SP=?? N=1 V=0 D=0 I=0 Z=0 C=0 : FWA 40-8A:B4900CC8:00:00 = +7.22250780E+02 : FWB C4-81:00622222:22:?? = -2.99479167E-03
84AF : CMP 3D         : A=B4 X=C4 Y=09 SP=?? N=1 V=0 D=0 I=0 Z=0 C=1 : FWA 40-8A:B4900CC8:00:00 = +7.22250780E+02 : FWB C4-81:00622222:22:?? = -2.99479167E-03
84B1 : BNE 84CE       : A=B4 X=C4 Y=09 SP=?? N=1 V=0 D=0 I=0 Z=0 C=1 : FWA 40-8A:B4900CC8:00:00 = +7.22250780E+02 : FWB C4-81:00622222:22:?? = -2.99479167E-03
84CE : BCS 84F4       : A=B4 X=C4 Y=09 SP=?? N=1 V=0 D=0 I=0 Z=0 C=1 : FWA 40-8A:B4900CC8:00:00 = +7.22250780E+02 : FWB C4-81:00622222:22:?? = -2.99479167E-03
84F4 : LDA 35         : A=00 X=C4 Y=09 SP=?? N=0 V=0 D=0 I=0 Z=1 C=1 : FWA 40-8A:B4900CC8:00:00 = +7.22250780E+02 : FWB C4-81:00622222:22:?? = -2.99479167E-03
84F6 : SBC 41         : A=DE X=C4 Y=09 SP=?? N=1 V=0 D=0 I=0 Z=0 C=0 : FWA 40-8A:B4900CC8:00:00 = +7.22250780E+02 : FWB C4-81:00622222:22:?? = -2.99479167E-03
84F8 : STA 35         : A=DE X=C4 Y=09 SP=?? N=1 V=0 D=0 I=0 Z=0 C=0 : FWA 40-8A:B4900CC8:DE:00 = +7.22250780E+02 : FWB C4-81:00622222:22:?? = -2.99479167E-03
84FA : LDA 34         : A=C8 X=C4 Y=09 SP=?? N=1 V=0 D=0 I=0 Z=0 C=0 : FWA 40-8A:B4900CC8:DE:00 = +7.22250780E+02 : FWB C4-81:00622222:22:?? = -2.99479167E-03
84FC : SBC 40         : A=A5 X=C4 Y=09 SP=?? N=1 V=0 D=0 I=0 Z=0 C=1 : FWA 40-8A:B4900CC8:DE:00 = +7.22250780E+02 : FWB C4-81:00622222:22:?? = -2.99479167E-03
84FE : STA 34         : A=A5 X=C4 Y=09 SP=?? N=1 V=0 D=0 I=0 Z=0 C=1 : FWA 40-8A:B4900CA5:DE:00 = +7.22250772E+02 : FWB C4-81:00622222:22:?? = -2.99479167E-03
8500 : LDA 33         : A=0C X=C4 Y=09 SP=?? N=0 V=0 D=0 I=0 Z=0 C=1 : FWA 40-8A:B4900CA5:DE:00 = +7.22250772E+02 : FWB C4-81:00622222:22:?? = -2.99479167E-03
8502 : SBC 3F         : A=EA X=C4 Y=09 SP=?? N=1 V=0 D=0 I=0 Z=0 C=0 : FWA 40-8A:B4900CA5:DE:00 = +7.22250772E+02 : FWB C4-81:00622222:22:?? = -2.99479167E-03
8504 : STA 33         : A=EA X=C4 Y=09 SP=?? N=1 V=0 D=0 I=0 Z=0 C=0 : FWA 40-8A:B490EAA5:DE:00 = +7.22264322E+02 : FWB C4-81:00622222:22:?? = -2.99479167E-03
8506 : LDA 32         : A=90 X=C4 Y=09 SP=?? N=1 V=0 D=0 I=0 Z=0 C=0 : FWA 40-8A:B490EAA5:DE:00 = +7.22264322E+02 : FWB C4-81:00622222:22:?? = -2.99479167E-03
8508 : SBC 3E         : A=2D X=C4 Y=09 SP=?? N=0 V=1 D=0 I=0 Z=0 C=1 : FWA 40-8A:B490EAA5:DE:00 = +7.22264322E+02 : FWB C4-81:00622222:22:?? = -2.99479167E-03
850A : STA 32         : A=2D X=C4 Y=09 SP=?? N=0 V=1 D=0 I=0 Z=0 C=1 : FWA 40-8A:B42DEAA5:DE:00 = +7.20717447E+02 : FWB C4-81:00622222:22:?? = -2.99479167E-03
850C : LDA 31         : A=B4 X=C4 Y=09 SP=?? N=1 V=1 D=0 I=0 Z=0 C=1 : FWA 40-8A:B42DEAA5:DE:00 = +7.20717447E+02 : FWB C4-81:00622222:22:?? = -2.99479167E-03
850E : SBC 3D         : A=B4 X=C4 Y=09 SP=?? N=1 V=0 D=0 I=0 Z=0 C=1 : FWA 40-8A:B42DEAA5:DE:00 = +7.20717447E+02 : FWB C4-81:00622222:22:?? = -2.99479167E-03
8510 : JMP 8304       : A=B4 X=C4 Y=09 SP=?? N=1 V=0 D=0 I=0 Z=0 C=1 : FWA 40-8A:B42DEAA5:DE:00 = +7.20717447E+02 : FWB C4-81:00622222:22:?? = -2.99479167E-03
8304 : BMI 8346       : A=B4 X=C4 Y=09 SP=?? N=1 V=0 D=0 I=0 Z=0 C=1 : FWA 40-8A:B42DEAA5:DE:00 = +7.20717447E+02 : FWB C4-81:00622222:22:?? = -2.99479167E-03
8346 : STA 31         : A=B4 X=C4 Y=09 SP=?? N=1 V=0 D=0 I=0 Z=0 C=1 : FWA 40-8A:B42DEAA5:DE:00 = +7.20717447E+02 : FWB C4-81:00622222:22:?? = -2.99479167E-03
8348 : RTS            : A=B4 X=C4 Y=09 SP=?? N=1 V=0 D=0 I=0 Z=0 C=1 : FWA 40-8A:B42DEAA5:DE:00 = +7.20717447E+02 : FWB C4-81:00622222:22:?? = -2.99479167E-03
A712 : LDA 35         : A=DE X=C4 Y=09 SP=?? N=1 V=0 D=0 I=0 Z=0 C=1 : FWA 40-8A:B42DEAA5:DE:00 = +7.20717447E+02 : FWB C4-81:00622222:22:?? = -2.99479167E-03
A714 : BPL A725       : A=DE X=C4 Y=09 SP=?? N=1 V=0 D=0 I=0 Z=0 C=1 : FWA 40-8A:B42DEAA5:DE:00 = +7.20717447E+02 : FWB C4-81:00622222:22:?? = -2.99479167E-03
A716 : ASL A          : A=BC X=C4 Y=09 SP=?? N=1 V=0 D=0 I=0 Z=0 C=1 : FWA 40-8A:B42DEAA5:DE:00 = +7.20717447E+02 : FWB C4-81:00622222:22:?? = -2.99479167E-03
A717 : BNE A71E       : A=BC X=C4 Y=09 SP=?? N=1 V=0 D=0 I=0 Z=0 C=1 : FWA 40-8A:B42DEAA5:DE:00 = +7.20717447E+02 : FWB C4-81:00622222:22:?? = -2.99479167E-03
A71E : INC 34         : A=BC X=C4 Y=09 SP=?? N=1 V=0 D=0 I=0 Z=0 C=1 : FWA 40-8A:B42DEAA6:DE:00 = +7.20717447E+02 : FWB C4-81:00622222:22:?? = -2.99479167E-03
A720 : BNE A725       : A=BC X=C4 Y=09 SP=?? N=1 V=0 D=0 I=0 Z=0 C=1 : FWA 40-8A:B42DEAA6:DE:00 = +7.20717447E+02 : FWB C4-81:00622222:22:?? = -2.99479167E-03
A725 : LDA 2F         : A=00 X=C4 Y=09 SP=?? N=0 V=0 D=0 I=0 Z=1 C=1 : FWA 40-8A:B42DEAA6:DE:00 = +7.20717447E+02 : FWB C4-81:00622222:22:?? = -2.99479167E-03
A727 : BEQ A739       : A=00 X=C4 Y=09 SP=?? N=0 V=0 D=0 I=0 Z=1 C=1 : FWA 40-8A:B42DEAA6:DE:00 = +7.20717447E+02 : FWB C4-81:00622222:22:?? = -2.99479167E-03
A739 : STZ 35         : A=00 X=C4 Y=09 SP=?? N=0 V=0 D=0 I=0 Z=1 C=1 : FWA 40-8A:B42DEAA6:00:00 = +7.20717447E+02 : FWB C4-81:00622222:22:?? = -2.99479167E-03
A73B : LDA #FF        : A=FF X=C4 Y=09 SP=?? N=1 V=0 D=0 I=0 Z=0 C=1 : FWA 40-8A:B42DEAA6:00:00 = +7.20717447E+02 : FWB C4-81:00622222:22:?? = -2.99479167E-03
A73D : RTS            : A=FF X=C4 Y=09 SP=?? N=1 V=0 D=0 I=0 Z=0 C=1 : FWA 40-8A:B42DEAA6:00:00 = +7.20717447E+02 : FWB C4-81:00622222:22:?? = -2.99479167E-03
A8F4 : INC 47         : A=FF X=C4 Y=09 SP=?? N=1 V=0 D=0 I=0 Z=0 C=1 : FWA 40-8A:B42DEAA6:00:00 = +7.20717447E+02 : FWB C4-81:00622222:22:?? = -2.99479167E-03
A8F6 : BMI A8E0       : A=FF X=C4 Y=09 SP=?? N=1 V=0 D=0 I=0 Z=0 C=1 : FWA 40-8A:B42DEAA6:00:00 = +7.20717447E+02 : FWB C4-81:00622222:22:?? = -2.99479167E-03
A8E0 : JSR A5AD       : A=FF X=C4 Y=09 SP=?? N=1 V=0 D=0 I=0 Z=0 C=1 : FWA 40-8A:B42DEAA6:00:00 = +7.20717447E+02 : FWB C4-81:00622222:22:?? = -2.99479167E-03
A5AD : CLC            : A=FF X=C4 Y=09 SP=?? N=1 V=0 D=0 I=0 Z=0 C=0 : FWA 40-8A:B42DEAA6:00:00 = +7.20717447E+02 : FWB C4-81:00622222:22:?? = -2.99479167E-03
A5AE : LDA 4C         : A=F1 X=C4 Y=09 SP=?? N=1 V=0 D=0 I=0 Z=0 C=0 : FWA 40-8A:B42DEAA6:00:00 = +7.20717447E+02 : FWB C4-81:00622222:22:?? = -2.99479167E-03
A5B0 : ADC #05        : A=F6 X=C4 Y=09 SP=?? N=1 V=0 D=0 I=0 Z=0 C=0 : FWA 40-8A:B42DEAA6:00:00 = +7.20717447E+02 : FWB C4-81:00622222:22:?? = -2.99479167E-03
A5B2 : STA 4C         : A=F6 X=C4 Y=09 SP=?? N=1 V=0 D=0 I=0 Z=0 C=0 : FWA 40-8A:B42DEAA6:00:00 = +7.20717447E+02 : FWB C4-81:00622222:22:?? = -2.99479167E-03
A5B4 : LDY #BF        : A=F6 X=C4 Y=BF SP=?? N=1 V=0 D=0 I=0 Z=0 C=0 : FWA 40-8A:B42DEAA6:00:00 = +7.20717447E+02 : FWB C4-81:00622222:22:?? = -2.99479167E-03
A5B6 : STA 4A         : A=F6 X=C4 Y=BF SP=?? N=1 V=0 D=0 I=0 Z=0 C=0 : FWA 40-8A:B42DEAA6:00:00 = +7.20717447E+02 : FWB C4-81:00622222:22:?? = -2.99479167E-03
A5B8 : STY 4B         : A=F6 X=C4 Y=BF SP=?? N=1 V=0 D=0 I=0 Z=0 C=0 : FWA 40-8A:B42DEAA6:00:00 = +7.20717447E+02 : FWB C4-81:00622222:22:?? = -2.99479167E-03
A5BA : RTS            : A=F6 X=C4 Y=BF SP=?? N=1 V=0 D=0 I=0 Z=0 C=0 : FWA 40-8A:B42DEAA6:00:00 = +7.20717447E+02 : FWB C4-81:00622222:22:?? = -2.99479167E-03
A8E3 : JSR A634       : A=F6 X=C4 Y=BF SP=?? N=1 V=0 D=0 I=0 Z=0 C=0 : FWA 40-8A:B42DEAA6:00:00 = +7.20717447E+02 : FWB C4-81:00622222:22:?? = -2.99479167E-03
A634 : LDA 31         : A=B4 X=C4 Y=BF SP=?? N=1 V=0 D=0 I=0 Z=0 C=0 : FWA 40-8A:B42DEAA6:00:00 = +7.20717447E+02 : FWB C4-81:00622222:22:?? = -2.99479167E-03
A636 : BEQ A62C       : A=B4 X=C4 Y=BF SP=?? N=1 V=0 D=0 I=0 Z=0 C=0 : FWA 40-8A:B42DEAA6:00:00 = +7.20717447E+02 : FWB C4-81:00622222:22:?? = -2.99479167E-03
A638 : JSR A514       : A=B4 X=C4 Y=BF SP=?? N=1 V=0 D=0 I=0 Z=0 C=0 : FWA 40-8A:B42DEAA6:00:00 = +7.20717447E+02 : FWB C4-81:00622222:22:?? = -2.99479167E-03
A514 : STZ 41         : A=B4 X=C4 Y=BF SP=?? N=1 V=0 D=0 I=0 Z=0 C=0 : FWA 40-8A:B42DEAA6:00:00 = +7.20717447E+02 : FWB C4-81:00622222:00:?? = -2.99479160E-03
A516 : LDY #04        : A=B4 X=C4 Y=04 SP=?? N=0 V=0 D=0 I=0 Z=0 C=0 : FWA 40-8A:B42DEAA6:00:00 = +7.20717447E+02 : FWB C4-81:00622222:00:?? = -2.99479160E-03
A518 : LDA (4A),Y     : A=04 X=C4 Y=04 SP=?? N=0 V=0 D=0 I=0 Z=0 C=0 : FWA 40-8A:B42DEAA6:00:00 = +7.20717447E+02 : FWB C4-81:00622222:00:?? = -2.99479160E-03
A51A : STA 40         : A=04 X=C4 Y=04 SP=?? N=0 V=0 D=0 I=0 Z=0 C=0 : FWA 40-8A:B42DEAA6:00:00 = +7.20717447E+02 : FWB C4-81:00622204:00:?? = -2.99477763E-03
A51C : DEY            : A=04 X=C4 Y=03 SP=?? N=0 V=0 D=0 I=0 Z=0 C=0 : FWA 40-8A:B42DEAA6:00:00 = +7.20717447E+02 : FWB C4-81:00622204:00:?? = -2.99477763E-03
A51D : LDA (4A),Y     : A=13 X=C4 Y=03 SP=?? N=0 V=0 D=0 I=0 Z=0 C=0 : FWA 40-8A:B42DEAA6:00:00 = +7.20717447E+02 : FWB C4-81:00622204:00:?? = -2.99477763E-03
A51F : STA 3F         : A=13 X=C4 Y=03 SP=?? N=0 V=0 D=0 I=0 Z=0 C=0 : FWA 40-8A:B42DEAA6:00:00 = +7.20717447E+02 : FWB C4-81:00621304:00:?? = -2.99298950E-03
A521 : DEY            : A=13 X=C4 Y=02 SP=?? N=0 V=0 D=0 I=0 Z=0 C=0 : FWA 40-8A:B42DEAA6:00:00 = +7.20717447E+02 : FWB C4-81:00621304:00:?? = -2.99298950E-03
A522 : LDA (4A),Y     : A=FD X=C4 Y=02 SP=?? N=1 V=0 D=0 I=0 Z=0 C=0 : FWA 40-8A:B42DEAA6:00:00 = +7.20717447E+02 : FWB C4-81:00621304:00:?? = -2.99298950E-03
A524 : STA 3E         : A=FD X=C4 Y=02 SP=?? N=1 V=0 D=0 I=0 Z=0 C=0 : FWA 40-8A:B42DEAA6:00:00 = +7.20717447E+02 : FWB C4-81:00FD1304:00:?? = -7.72321410E-03
A526 : DEY            : A=FD X=C4 Y=01 SP=?? N=0 V=0 D=0 I=0 Z=0 C=0 : FWA 40-8A:B42DEAA6:00:00 = +7.20717447E+02 : FWB C4-81:00FD1304:00:?? = -7.72321410E-03
A527 : LDA (4A),Y     : A=9D X=C4 Y=01 SP=?? N=1 V=0 D=0 I=0 Z=0 C=0 : FWA 40-8A:B42DEAA6:00:00 = +7.20717447E+02 : FWB C4-81:00FD1304:00:?? = -7.72321410E-03
A529 : STA 3B         : A=9D X=C4 Y=01 SP=?? N=1 V=0 D=0 I=0 Z=0 C=0 : FWA 40-8A:B42DEAA6:00:00 = +7.20717447E+02 : FWB 9D-81:00FD1304:00:?? = -7.72321410E-03
A52B : TAY            : A=9D X=C4 Y=9D SP=?? N=1 V=0 D=0 I=0 Z=0 C=0 : FWA 40-8A:B42DEAA6:00:00 = +7.20717447E+02 : FWB 9D-81:00FD1304:00:?? = -7.72321410E-03
A52C : LDA (4A)       : A=80 X=C4 Y=9D SP=?? N=1 V=0 D=0 I=0 Z=0 C=0 : FWA 40-8A:B42DEAA6:00:00 = +7.20717447E+02 : FWB 9D-81:00FD1304:00:?? = -7.72321410E-03
A52E : STA 3C         : A=80 X=C4 Y=9D SP=?? N=1 V=0 D=0 I=0 Z=0 C=0 : FWA 40-8A:B42DEAA6:00:00 = +7.20717447E+02 : FWB 9D-80:00FD1304:00:?? = -3.86160705E-03
A530 : BNE A53B       : A=80 X=C4 Y=9D SP=?? N=1 V=0 D=0 I=0 Z=0 C=0 : FWA 40-8A:B42DEAA6:00:00 = +7.20717447E+02 : FWB 9D-80:00FD1304:00:?? = -3.86160705E-03
A53B : TYA            : A=9D X=C4 Y=9D SP=?? N=1 V=0 D=0 I=0 Z=0 C=0 : FWA 40-8A:B42DEAA6:00:00 = +7.20717447E+02 : FWB 9D-80:00FD1304:00:?? = -3.86160705E-03
A53C : ORA #80        : A=9D X=C4 Y=9D SP=?? N=1 V=0 D=0 I=0 Z=0 C=0 : FWA 40-8A:B42DEAA6:00:00 = +7.20717447E+02 : FWB 9D-80:00FD1304:00:?? = -3.86160705E-03
A53E : STA 3D         : A=9D X=C4 Y=9D SP=?? N=1 V=0 D=0 I=0 Z=0 C=0 : FWA 40-8A:B42DEAA6:00:00 = +7.20717447E+02 : FWB 9D-80:9DFD1304:00:?? = -6.17142857E-01
A540 : RTS            : A=9D X=C4 Y=9D SP=?? N=1 V=0 D=0 I=0 Z=0 C=0 : FWA 40-8A:B42DEAA6:00:00 = +7.20717447E+02 : FWB 9D-80:9DFD1304:00:?? = -6.17142857E-01
A63B : BNE A640       : A=9D X=C4 Y=9D SP=?? N=1 V=0 D=0 I=0 Z=0 C=0 : FWA 40-8A:B42DEAA6:00:00 = +7.20717447E+02 : FWB 9D-80:9DFD1304:00:?? = -6.17142857E-01
A640 : LDA 3B         : A=9D X=C4 Y=9D SP=?? N=1 V=0 D=0 I=0 Z=0 C=0 : FWA 40-8A:B42DEAA6:00:00 = +7.20717447E+02 : FWB 9D-80:9DFD1304:00:?? = -6.17142857E-01
A642 : EOR 2E         : A=DD X=C4 Y=9D SP=?? N=1 V=0 D=0 I=0 Z=0 C=0 : FWA 40-8A:B42DEAA6:00:00 = +7.20717447E+02 : FWB 9D-80:9DFD1304:00:?? = -6.17142857E-01
A644 : STA 2E         : A=DD X=C4 Y=9D SP=?? N=1 V=0 D=0 I=0 Z=0 C=0 : FWA DD-8A:B42DEAA6:00:00 = -7.20717447E+02 : FWB 9D-80:9DFD1304:00:?? = -6.17142857E-01
A646 : SEC            : A=DD X=C4 Y=9D SP=?? N=1 V=0 D=0 I=0 Z=0 C=1 : FWA DD-8A:B42DEAA6:00:00 = -7.20717447E+02 : FWB 9D-80:9DFD1304:00:?? = -6.17142857E-01
A647 : LDA 3C         : A=80 X=C4 Y=9D SP=?? N=1 V=0 D=0 I=0 Z=0 C=1 : FWA DD-8A:B42DEAA6:00:00 = -7.20717447E+02 : FWB 9D-80:9DFD1304:00:?? = -6.17142857E-01
A649 : ADC #81        : A=02 X=C4 Y=9D SP=?? N=0 V=1 D=0 I=0 Z=0 C=1 : FWA DD-8A:B42DEAA6:00:00 = -7.20717447E+02 : FWB 9D-80:9DFD1304:00:?? = -6.17142857E-01
A64B : ROL 2F         : A=02 X=C4 Y=9D SP=?? N=0 V=1 D=0 I=0 Z=0 C=0 : FWA DD-8A:B42DEAA6:00:01 = -7.20717447E+02 : FWB 9D-80:9DFD1304:00:?? = -6.17142857E-01
A64D : SBC 30         : A=77 X=C4 Y=9D SP=?? N=0 V=0 D=0 I=0 Z=0 C=0 : FWA DD-8A:B42DEAA6:00:01 = -7.20717447E+02 : FWB 9D-80:9DFD1304:00:?? = -6.17142857E-01
A64F : BCS A653       : A=77 X=C4 Y=9D SP=?? N=0 V=0 D=0 I=0 Z=0 C=0 : FWA DD-8A:B42DEAA6:00:01 = -7.20717447E+02 : FWB 9D-80:9DFD1304:00:?? = -6.17142857E-01
A651 : DEC 2F         : A=77 X=C4 Y=9D SP=?? N=0 V=0 D=0 I=0 Z=1 C=0 : FWA DD-8A:B42DEAA6:00:00 = -7.20717447E+02 : FWB 9D-80:9DFD1304:00:?? = -6.17142857E-01
A653 : STA 30         : A=77 X=C4 Y=9D SP=?? N=0 V=0 D=0 I=0 Z=1 C=0 : FWA DD-77:B42DEAA6:00:00 = -1.37465944E-03 : FWB 9D-80:9DFD1304:00:?? = -6.17142857E-01
A655 : LDA 3D         : A=9D X=C4 Y=9D SP=?? N=1 V=0 D=0 I=0 Z=0 C=0 : FWA DD-77:B42DEAA6:00:00 = -1.37465944E-03 : FWB 9D-80:9DFD1304:00:?? = -6.17142857E-01
A657 : CLC            : A=9D X=C4 Y=9D SP=?? N=1 V=0 D=0 I=0 Z=0 C=0 : FWA DD-77:B42DEAA6:00:00 = -1.37465944E-03 : FWB 9D-80:9DFD1304:00:?? = -6.17142857E-01
A658 : LDY #04        : A=9D X=C4 Y=04 SP=?? N=0 V=0 D=0 I=0 Z=0 C=0 : FWA DD-77:B42DEAA6:00:00 = -1.37465944E-03 : FWB 9D-80:9DFD1304:00:?? = -6.17142857E-01
A65A : STY 3C         : A=9D X=C4 Y=04 SP=?? N=0 V=0 D=0 I=0 Z=0 C=0 : FWA DD-77:B42DEAA6:00:00 = -1.37465944E-03 : FWB 9D-04:9DFD1304:00:?? = -2.90179177E-38
A65C : LDX #08        : A=9D X=08 Y=04 SP=?? N=0 V=0 D=0 I=0 Z=0 C=0 : FWA DD-77:B42DEAA6:00:00 = -1.37465944E-03 : FWB 9D-04:9DFD1304:00:?? = -2.90179177E-38
A65E : BCS A676       : A=9D X=08 Y=04 SP=?? N=0 V=0 D=0 I=0 Z=0 C=0 : FWA DD-77:B42DEAA6:00:00 = -1.37465944E-03 : FWB 9D-04:9DFD1304:00:?? = -2.90179177E-38
A660 : CMP 31         : A=9D X=08 Y=04 SP=?? N=1 V=0 D=0 I=0 Z=0 C=0 : FWA DD-77:B42DEAA6:00:00 = -1.37465944E-03 : FWB 9D-04:9DFD1304:00:?? = -2.90179177E-38
A662 : BNE A674       : A=9D X=08 Y=04 SP=?? N=1 V=0 D=0 I=0 Z=0 C=0 : FWA DD-77:B42DEAA6:00:00 = -1.37465944E-03 : FWB 9D-04:9DFD1304:00:?? = -2.90179177E-38
A674 : BCC A68D       : A=9D X=08 Y=04 SP=?? N=1 V=0 D=0 I=0 Z=0 C=0 : FWA DD-77:B42DEAA6:00:00 = -1.37465944E-03 : FWB 9D-04:9DFD1304:00:?? = -2.90179177E-38
A68D : ROL 3B         : A=9D X=08 Y=04 SP=?? N=0 V=0 D=0 I=0 Z=0 C=1 : FWA DD-77:B42DEAA6:00:00 = -1.37465944E-03 : FWB 3A-04:9DFD1304:00:?? = +2.90179177E-38
A68F : ASL 40         : A=9D X=08 Y=04 SP=?? N=0 V=0 D=0 I=0 Z=0 C=0 : FWA DD-77:B42DEAA6:00:00 = -1.37465944E-03 : FWB 3A-04:9DFD1308:00:?? = +2.90179177E-38
A691 : ROL 3F         : A=9D X=08 Y=04 SP=?? N=0 V=0 D=0 I=0 Z=0 C=0 : FWA DD-77:B42DEAA6:00:00 = -1.37465944E-03 : FWB 3A-04:9DFD2608:00:?? = +2.90179710E-38
A693 : ROL 3E         : A=9D X=08 Y=04 SP=?? N=1 V=0 D=0 I=0 Z=0 C=1 : FWA DD-77:B42DEAA6:00:00 = -1.37465944E-03 : FWB 3A-04:9DFA2608:00:?? = +2.90158186E-38
A695 : ROL A          : A=3B X=08 Y=04 SP=?? N=0 V=0 D=0 I=0 Z=0 C=1 : FWA DD-77:B42DEAA6:00:00 = -1.37465944E-03 : FWB 3A-04:9DFA2608:00:?? = +2.90158186E-38
A696 : DEX            : A=3B X=07 Y=04 SP=?? N=0 V=0 D=0 I=0 Z=0 C=1 : FWA DD-77:B42DEAA6:00:00 = -1.37465944E-03 : FWB 3A-04:9DFA2608:00:?? = +2.90158186E-38
A697 : BNE A65E       : A=3B X=07 Y=04 SP=?? N=0 V=0 D=0 I=0 Z=0 C=1 : FWA DD-77:B42DEAA6:00:00 = -1.37465944E-03 : FWB 3A-04:9DFA2608:00:?? = +2.90158186E-38
A65E : BCS A676       : A=3B X=07 Y=04 SP=?? N=0 V=0 D=0 I=0 Z=0 C=1 : FWA DD-77:B42DEAA6:00:00 = -1.37465944E-03 : FWB 3A-04:9DFA2608:00:?? = +2.90158186E-38
A676 : TAY            : A=3B X=07 Y=3B SP=?? N=0 V=0 D=0 I=0 Z=0 C=1 : FWA DD-77:B42DEAA6:00:00 = -1.37465944E-03 : FWB 3A-04:9DFA2608:00:?? = +2.90158186E-38
A677 : LDA 40         : A=08 X=07 Y=3B SP=?? N=0 V=0 D=0 I=0 Z=0 C=1 : FWA DD-77:B42DEAA6:00:00 = -1.37465944E-03 : FWB 3A-04:9DFA2608:00:?? = +2.90158186E-38
A679 : SBC 34         : A=62 X=07 Y=3B SP=?? N=0 V=0 D=0 I=0 Z=0 C=0 : FWA DD-77:B42DEAA6:00:00 = -1.37465944E-03 : FWB 3A-04:9DFA2608:00:?? = +2.90158186E-38
A67B : STA 40         : A=62 X=07 Y=3B SP=?? N=0 V=0 D=0 I=0 Z=0 C=0 : FWA DD-77:B42DEAA6:00:00 = -1.37465944E-03 : FWB 3A-04:9DFA2662:00:?? = +2.90158196E-38
A67D : LDA 3F         : A=26 X=07 Y=3B SP=?? N=0 V=0 D=0 I=0 Z=0 C=0 : FWA DD-77:B42DEAA6:00:00 = -1.37465944E-03 : FWB 3A-04:9DFA2662:00:?? = +2.90158196E-38
A67F : SBC 33         : A=3B X=07 Y=3B SP=?? N=0 V=0 D=0 I=0 Z=0 C=0 : FWA DD-77:B42DEAA6:00:00 = -1.37465944E-03 : FWB 3A-04:9DFA2662:00:?? = +2.90158196E-38
A681 : STA 3F         : A=3B X=07 Y=3B SP=?? N=0 V=0 D=0 I=0 Z=0 C=0 : FWA DD-77:B42DEAA6:00:00 = -1.37465944E-03 : FWB 3A-04:9DFA3B62:00:?? = +2.90158784E-38
A683 : LDA 3E         : A=FA X=07 Y=3B SP=?? N=1 V=0 D=0 I=0 Z=0 C=0 : FWA DD-77:B42DEAA6:00:00 = -1.37465944E-03 : FWB 3A-04:9DFA3B62:00:?? = +2.90158784E-38
A685 : SBC 32         : A=CC X=07 Y=3B SP=?? N=1 V=0 D=0 I=0 Z=0 C=1 : FWA DD-77:B42DEAA6:00:00 = -1.37465944E-03 : FWB 3A-04:9DFA3B62:00:?? = +2.90158784E-38
A687 : STA 3E         : A=CC X=07 Y=3B SP=?? N=1 V=0 D=0 I=0 Z=0 C=1 : FWA DD-77:B42DEAA6:00:00 = -1.37465944E-03 : FWB 3A-04:9DCC3B62:00:?? = +2.89828750E-38
A689 : TYA            : A=3B X=07 Y=3B SP=?? N=0 V=0 D=0 I=0 Z=0 C=1 : FWA DD-77:B42DEAA6:00:00 = -1.37465944E-03 : FWB 3A-04:9DCC3B62:00:?? = +2.89828750E-38
A68A : SBC 31         : A=87 X=07 Y=3B SP=?? N=1 V=1 D=0 I=0 Z=0 C=0 : FWA DD-77:B42DEAA6:00:00 = -1.37465944E-03 : FWB 3A-04:9DCC3B62:00:?? = +2.89828750E-38
A68C : SEC            : A=87 X=07 Y=3B SP=?? N=1 V=1 D=0 I=0 Z=0 C=1 : FWA DD-77:B42DEAA6:00:00 = -1.37465944E-03 : FWB 3A-04:9DCC3B62:00:?? = +2.89828750E-38
A68D : ROL 3B         : A=87 X=07 Y=3B SP=?? N=0 V=1 D=0 I=0 Z=0 C=0 : FWA DD-77:B42DEAA6:00:00 = -1.37465944E-03 : FWB 75-04:9DCC3B62:00:?? = +2.89828750E-38
A68F : ASL 40         : A=87 X=07 Y=3B SP=?? N=1 V=1 D=0 I=0 Z=0 C=0 : FWA DD-77:B42DEAA6:00:00 = -1.37465944E-03 : FWB 75-04:9DCC3BC4:00:?? = +2.89828761E-38
A691 : ROL 3F         : A=87 X=07 Y=3B SP=?? N=0 V=1 D=0 I=0 Z=0 C=0 : FWA DD-77:B42DEAA6:00:00 = -1.37465944E-03 : FWB 75-04:9DCC76C4:00:?? = +2.89830415E-38
A693 : ROL 3E         : A=87 X=07 Y=3B SP=?? N=1 V=1 D=0 I=0 Z=0 C=1 : FWA DD-77:B42DEAA6:00:00 = -1.37465944E-03 : FWB 75-04:9D9876C4:00:?? = +2.89457333E-38
A695 : ROL A          : A=0F X=07 Y=3B SP=?? N=0 V=1 D=0 I=0 Z=0 C=1 : FWA DD-77:B42DEAA6:00:00 = -1.37465944E-03 : FWB 75-04:9D9876C4:00:?? = +2.89457333E-38
A696 : DEX            : A=0F X=06 Y=3B SP=?? N=0 V=1 D=0 I=0 Z=0 C=1 : FWA DD-77:B42DEAA6:00:00 = -1.37465944E-03 : FWB 75-04:9D9876C4:00:?? = +2.89457333E-38
A697 : BNE A65E       : A=0F X=06 Y=3B SP=?? N=0 V=1 D=0 I=0 Z=0 C=1 : FWA DD-77:B42DEAA6:00:00 = -1.37465944E-03 : FWB 75-04:9D9876C4:00:?? = +2.89457333E-38
A65E : BCS A676       : A=0F X=06 Y=3B SP=?? N=0 V=1 D=0 I=0 Z=0 C=1 : FWA DD-77:B42DEAA6:00:00 = -1.37465944E-03 : FWB 75-04:9D9876C4:00:?? = +2.89457333E-38
A676 : TAY            : A=0F X=06 Y=0F SP=?? N=0 V=1 D=0 I=0 Z=0 C=1 : FWA DD-77:B42DEAA6:00:00 = -1.37465944E-03 : FWB 75-04:9D9876C4:00:?? = +2.89457333E-38
A677 : LDA 40         : A=C4 X=06 Y=0F SP=?? N=1 V=1 D=0 I=0 Z=0 C=1 : FWA DD-77:B42DEAA6:00:00 = -1.37465944E-03 : FWB 75-04:9D9876C4:00:?? = +2.89457333E-38
A679 : SBC 34         : A=1E X=06 Y=0F SP=?? N=0 V=0 D=0 I=0 Z=0 C=1 : FWA DD-77:B42DEAA6:00:00 = -1.37465944E-03 : FWB 75-04:9D9876C4:00:?? = +2.89457333E-38
A67B : STA 40         : A=1E X=06 Y=0F SP=?? N=0 V=0 D=0 I=0 Z=0 C=1 : FWA DD-77:B42DEAA6:00:00 = -1.37465944E-03 : FWB 75-04:9D98761E:00:?? = +2.89457315E-38
A67D : LDA 3F         : A=76 X=06 Y=0F SP=?? N=0 V=0 D=0 I=0 Z=0 C=1 : FWA DD-77:B42DEAA6:00:00 = -1.37465944E-03 : FWB 75-04:9D98761E:00:?? = +2.89457315E-38
A67F : SBC 33         : A=8C X=06 Y=0F SP=?? N=1 V=1 D=0 I=0 Z=0 C=0 : FWA DD-77:B42DEAA6:00:00 = -1.37465944E-03 : FWB 75-04:9D98761E:00:?? = +2.89457315E-38
A681 : STA 3F         : A=8C X=06 Y=0F SP=?? N=1 V=1 D=0 I=0 Z=0 C=0 : FWA DD-77:B42DEAA6:00:00 = -1.37465944E-03 : FWB 75-04:9D988C1E:00:?? = +2.89457931E-38
A683 : LDA 3E         : A=98 X=06 Y=0F SP=?? N=1 V=1 D=0 I=0 Z=0 C=0 : FWA DD-77:B42DEAA6:00:00 = -1.37465944E-03 : FWB 75-04:9D988C1E:00:?? = +2.89457931E-38
A685 : SBC 32         : A=6A X=06 Y=0F SP=?? N=0 V=1 D=0 I=0 Z=0 C=1 : FWA DD-77:B42DEAA6:00:00 = -1.37465944E-03 : FWB 75-04:9D988C1E:00:?? = +2.89457931E-38
A687 : STA 3E         : A=6A X=06 Y=0F SP=?? N=0 V=1 D=0 I=0 Z=0 C=1 : FWA DD-77:B42DEAA6:00:00 = -1.37465944E-03 : FWB 75-04:9D6A8C1E:00:?? = +2.89127898E-38
A689 : TYA            : A=0F X=06 Y=0F SP=?? N=0 V=1 D=0 I=0 Z=0 C=1 : FWA DD-77:B42DEAA6:00:00 = -1.37465944E-03 : FWB 75-04:9D6A8C1E:00:?? = +2.89127898E-38
A68A : SBC 31         : A=5B X=06 Y=0F SP=?? N=0 V=0 D=0 I=0 Z=0 C=0 : FWA DD-77:B42DEAA6:00:00 = -1.37465944E-03 : FWB 75-04:9D6A8C1E:00:?? = +2.89127898E-38
A68C : SEC            : A=5B X=06 Y=0F SP=?? N=0 V=0 D=0 I=0 Z=0 C=1 : FWA DD-77:B42DEAA6:00:00 = -1.37465944E-03 : FWB 75-04:9D6A8C1E:00:?? = +2.89127898E-38
A68D : ROL 3B         : A=5B X=06 Y=0F SP=?? N=1 V=0 D=0 I=0 Z=0 C=0 : FWA DD-77:B42DEAA6:00:00 = -1.37465944E-03 : FWB EB-04:9D6A8C1E:00:?? = -2.89127898E-38
A68F : ASL 40         : A=5B X=06 Y=0F SP=?? N=0 V=0 D=0 I=0 Z=0 C=0 : FWA DD-77:B42DEAA6:00:00 = -1.37465944E-03 : FWB EB-04:9D6A8C3C:00:?? = -2.89127901E-38
A691 : ROL 3F         : A=5B X=06 Y=0F SP=?? N=0 V=0 D=0 I=0 Z=0 C=1 : FWA DD-77:B42DEAA6:00:00 = -1.37465944E-03 : FWB EB-04:9D6A183C:00:?? = -2.89124650E-38
A693 : ROL 3E         : A=5B X=06 Y=0F SP=?? N=1 V=0 D=0 I=0 Z=0 C=0 : FWA DD-77:B42DEAA6:00:00 = -1.37465944E-03 : FWB EB-04:9DD5183C:00:?? = -2.89892337E-38
A695 : ROL A          : A=B6 X=06 Y=0F SP=?? N=1 V=0 D=0 I=0 Z=0 C=0 : FWA DD-77:B42DEAA6:00:00 = -1.37465944E-03 : FWB EB-04:9DD5183C:00:?? = -2.89892337E-38
A696 : DEX            : A=B6 X=05 Y=0F SP=?? N=0 V=0 D=0 I=0 Z=0 C=0 : FWA DD-77:B42DEAA6:00:00 = -1.37465944E-03 : FWB EB-04:9DD5183C:00:?? = -2.89892337E-38
A697 : BNE A65E       : A=B6 X=05 Y=0F SP=?? N=0 V=0 D=0 I=0 Z=0 C=0 : FWA DD-77:B42DEAA6:00:00 = -1.37465944E-03 : FWB EB-04:9DD5183C:00:?? = -2.89892337E-38
A65E : BCS A676       : A=B6 X=05 Y=0F SP=?? N=0 V=0 D=0 I=0 Z=0 C=0 : FWA DD-77:B42DEAA6:00:00 = -1.37465944E-03 : FWB EB-04:9DD5183C:00:?? = -2.89892337E-38
A660 : CMP 31         : A=B6 X=05 Y=0F SP=?? N=0 V=0 D=0 I=0 Z=0 C=1 : FWA DD-77:B42DEAA6:00:00 = -1.37465944E-03 : FWB EB-04:9DD5183C:00:?? = -2.89892337E-38
A662 : BNE A674       : A=B6 X=05 Y=0F SP=?? N=0 V=0 D=0 I=0 Z=0 C=1 : FWA DD-77:B42DEAA6:00:00 = -1.37465944E-03 : FWB EB-04:9DD5183C:00:?? = -2.89892337E-38
A674 : BCC A68D       : A=B6 X=05 Y=0F SP=?? N=0 V=0 D=0 I=0 Z=0 C=1 : FWA DD-77:B42DEAA6:00:00 = -1.37465944E-03 : FWB EB-04:9DD5183C:00:?? = -2.89892337E-38
A676 : TAY            : A=B6 X=05 Y=B6 SP=?? N=1 V=0 D=0 I=0 Z=0 C=1 : FWA DD-77:B42DEAA6:00:00 = -1.37465944E-03 : FWB EB-04:9DD5183C:00:?? = -2.89892337E-38
A677 : LDA 40         : A=3C X=05 Y=B6 SP=?? N=0 V=0 D=0 I=0 Z=0 C=1 : FWA DD-77:B42DEAA6:00:00 = -1.37465944E-03 : FWB EB-04:9DD5183C:00:?? = -2.89892337E-38
A679 : SBC 34         : A=96 X=05 Y=B6 SP=?? N=1 V=1 D=0 I=0 Z=0 C=0 : FWA DD-77:B42DEAA6:00:00 = -1.37465944E-03 : FWB EB-04:9DD5183C:00:?? = -2.89892337E-38
A67B : STA 40         : A=96 X=05 Y=B6 SP=?? N=1 V=1 D=0 I=0 Z=0 C=0 : FWA DD-77:B42DEAA6:00:00 = -1.37465944E-03 : FWB EB-04:9DD51896:00:?? = -2.89892347E-38
A67D : LDA 3F         : A=18 X=05 Y=B6 SP=?? N=0 V=1 D=0 I=0 Z=0 C=0 : FWA DD-77:B42DEAA6:00:00 = -1.37465944E-03 : FWB EB-04:9DD51896:00:?? = -2.89892347E-38
A67F : SBC 33         : A=2D X=05 Y=B6 SP=?? N=0 V=0 D=0 I=0 Z=0 C=0 : FWA DD-77:B42DEAA6:00:00 = -1.37465944E-03 : FWB EB-04:9DD51896:00:?? = -2.89892347E-38
A681 : STA 3F         : A=2D X=05 Y=B6 SP=?? N=0 V=0 D=0 I=0 Z=0 C=0 : FWA DD-77:B42DEAA6:00:00 = -1.37465944E-03 : FWB EB-04:9DD52D96:00:?? = -2.89892936E-38
A683 : LDA 3E         : A=D5 X=05 Y=B6 SP=?? N=1 V=0 D=0 I=0 Z=0 C=0 : FWA DD-77:B42DEAA6:00:00 = -1.37465944E-03 : FWB EB-04:9DD52D96:00:?? = -2.89892936E-38
A685 : SBC 32         : A=A7 X=05 Y=B6 SP=?? N=1 V=0 D=0 I=0 Z=0 C=1 : FWA DD-77:B42DEAA6:00:00 = -1.37465944E-03 : FWB EB-04:9DD52D96:00:?? = -2.89892936E-38
A687 : STA 3E         : A=A7 X=05 Y=B6 SP=?? N=1 V=0 D=0 I=0 Z=0 C=1 : FWA DD-77:B42DEAA6:00:00 = -1.37465944E-03 : FWB EB-04:9DA72D96:00:?? = -2.89562902E-38
A689 : TYA            : A=B6 X=05 Y=B6 SP=?? N=1 V=0 D=0 I=0 Z=0 C=1 : FWA DD-77:B42DEAA6:00:00 = -1.37465944E-03 : FWB EB-04:9DA72D96:00:?? = -2.89562902E-38
A68A : SBC 31         : A=02 X=05 Y=B6 SP=?? N=0 V=0 D=0 I=0 Z=0 C=1 : FWA DD-77:B42DEAA6:00:00 = -1.37465944E-03 : FWB EB-04:9DA72D96:00:?? = -2.89562902E-38
A68C : SEC            : A=02 X=05 Y=B6 SP=?? N=0 V=0 D=0 I=0 Z=0 C=1 : FWA DD-77:B42DEAA6:00:00 = -1.37465944E-03 : FWB EB-04:9DA72D96:00:?? = -2.89562902E-38
A68D : ROL 3B         : A=02 X=05 Y=B6 SP=?? N=1 V=0 D=0 I=0 Z=0 C=1 : FWA DD-77:B42DEAA6:00:00 = -1.37465944E-03 : FWB D7-04:9DA72D96:00:?? = -2.89562902E-38
A68F : ASL 40         : A=02 X=05 Y=B6 SP=?? N=0 V=0 D=0 I=0 Z=0 C=1 : FWA DD-77:B42DEAA6:00:00 = -1.37465944E-03 : FWB D7-04:9DA72D2C:00:?? = -2.89562890E-38
A691 : ROL 3F         : A=02 X=05 Y=B6 SP=?? N=0 V=0 D=0 I=0 Z=0 C=0 : FWA DD-77:B42DEAA6:00:00 = -1.37465944E-03 : FWB D7-04:9DA75B2C:00:?? = -2.89564179E-38
A693 : ROL 3E         : A=02 X=05 Y=B6 SP=?? N=0 V=0 D=0 I=0 Z=0 C=1 : FWA DD-77:B42DEAA6:00:00 = -1.37465944E-03 : FWB D7-04:9D4E5B2C:00:?? = -2.88925636E-38
A695 : ROL A          : A=05 X=05 Y=B6 SP=?? N=0 V=0 D=0 I=0 Z=0 C=0 : FWA DD-77:B42DEAA6:00:00 = -1.37465944E-03 : FWB D7-04:9D4E5B2C:00:?? = -2.88925636E-38
A696 : DEX            : A=05 X=04 Y=B6 SP=?? N=0 V=0 D=0 I=0 Z=0 C=0 : FWA DD-77:B42DEAA6:00:00 = -1.37465944E-03 : FWB D7-04:9D4E5B2C:00:?? = -2.88925636E-38
A697 : BNE A65E       : A=05 X=04 Y=B6 SP=?? N=0 V=0 D=0 I=0 Z=0 C=0 : FWA DD-77:B42DEAA6:00:00 = -1.37465944E-03 : FWB D7-04:9D4E5B2C:00:?? = -2.88925636E-38
A65E : BCS A676       : A=05 X=04 Y=B6 SP=?? N=0 V=0 D=0 I=0 Z=0 C=0 : FWA DD-77:B42DEAA6:00:00 = -1.37465944E-03 : FWB D7-04:9D4E5B2C:00:?? = -2.88925636E-38
A660 : CMP 31         : A=05 X=04 Y=B6 SP=?? N=0 V=0 D=0 I=0 Z=0 C=0 : FWA DD-77:B42DEAA6:00:00 = -1.37465944E-03 : FWB D7-04:9D4E5B2C:00:?? = -2.88925636E-38
A662 : BNE A674       : A=05 X=04 Y=B6 SP=?? N=0 V=0 D=0 I=0 Z=0 C=0 : FWA DD-77:B42DEAA6:00:00 = -1.37465944E-03 : FWB D7-04:9D4E5B2C:00:?? = -2.88925636E-38
A674 : BCC A68D       : A=05 X=04 Y=B6 SP=?? N=0 V=0 D=0 I=0 Z=0 C=0 : FWA DD-77:B42DEAA6:00:00 = -1.37465944E-03 : FWB D7-04:9D4E5B2C:00:?? = -2.88925636E-38
A68D : ROL 3B         : A=05 X=04 Y=B6 SP=?? N=1 V=0 D=0 I=0 Z=0 C=1 : FWA DD-77:B42DEAA6:00:00 = -1.37465944E-03 : FWB AE-04:9D4E5B2C:00:?? = -2.88925636E-38
A68F : ASL 40         : A=05 X=04 Y=B6 SP=?? N=0 V=0 D=0 I=0 Z=0 C=0 : FWA DD-77:B42DEAA6:00:00 = -1.37465944E-03 : FWB AE-04:9D4E5B58:00:?? = -2.88925640E-38
A691 : ROL 3F         : A=05 X=04 Y=B6 SP=?? N=1 V=0 D=0 I=0 Z=0 C=0 : FWA DD-77:B42DEAA6:00:00 = -1.37465944E-03 : FWB AE-04:9D4EB658:00:?? = -2.88928191E-38
A693 : ROL 3E         : A=05 X=04 Y=B6 SP=?? N=1 V=0 D=0 I=0 Z=0 C=0 : FWA DD-77:B42DEAA6:00:00 = -1.37465944E-03 : FWB AE-04:9D9CB658:00:?? = -2.89487813E-38
A695 : ROL A          : A=0A X=04 Y=B6 SP=?? N=0 V=0 D=0 I=0 Z=0 C=0 : FWA DD-77:B42DEAA6:00:00 = -1.37465944E-03 : FWB AE-04:9D9CB658:00:?? = -2.89487813E-38
A696 : DEX            : A=0A X=03 Y=B6 SP=?? N=0 V=0 D=0 I=0 Z=0 C=0 : FWA DD-77:B42DEAA6:00:00 = -1.37465944E-03 : FWB AE-04:9D9CB658:00:?? = -2.89487813E-38
A697 : BNE A65E       : A=0A X=03 Y=B6 SP=?? N=0 V=0 D=0 I=0 Z=0 C=0 : FWA DD-77:B42DEAA6:00:00 = -1.37465944E-03 : FWB AE-04:9D9CB658:00:?? = -2.89487813E-38
A65E : BCS A676       : A=0A X=03 Y=B6 SP=?? N=0 V=0 D=0 I=0 Z=0 C=0 : FWA DD-77:B42DEAA6:00:00 = -1.37465944E-03 : FWB AE-04:9D9CB658:00:?? = -2.89487813E-38
A660 : CMP 31         : A=0A X=03 Y=B6 SP=?? N=0 V=0 D=0 I=0 Z=0 C=0 : FWA DD-77:B42DEAA6:00:00 = -1.37465944E-03 : FWB AE-04:9D9CB658:00:?? = -2.89487813E-38
A662 : BNE A674       : A=0A X=03 Y=B6 SP=?? N=0 V=0 D=0 I=0 Z=0 C=0 : FWA DD-77:B42DEAA6:00:00 = -1.37465944E-03 : FWB AE-04:9D9CB658:00:?? = -2.89487813E-38
A674 : BCC A68D       : A=0A X=03 Y=B6 SP=?? N=0 V=0 D=0 I=0 Z=0 C=0 : FWA DD-77:B42DEAA6:00:00 = -1.37465944E-03 : FWB AE-04:9D9CB658:00:?? = -2.89487813E-38
A68D : ROL 3B         : A=0A X=03 Y=B6 SP=?? N=0 V=0 D=0 I=0 Z=0 C=1 : FWA DD-77:B42DEAA6:00:00 = -1.37465944E-03 : FWB 5C-04:9D9CB658:00:?? = +2.89487813E-38
A68F : ASL 40         : A=0A X=03 Y=B6 SP=?? N=1 V=0 D=0 I=0 Z=0 C=0 : FWA DD-77:B42DEAA6:00:00 = -1.37465944E-03 : FWB 5C-04:9D9CB6B0:00:?? = +2.89487823E-38
A691 : ROL 3F         : A=0A X=03 Y=B6 SP=?? N=0 V=0 D=0 I=0 Z=0 C=1 : FWA DD-77:B42DEAA6:00:00 = -1.37465944E-03 : FWB 5C-04:9D9C6CB0:00:?? = +2.89485749E-38
A693 : ROL 3E         : A=0A X=03 Y=B6 SP=?? N=0 V=0 D=0 I=0 Z=0 C=1 : FWA DD-77:B42DEAA6:00:00 = -1.37465944E-03 : FWB 5C-04:9D396CB0:00:?? = +2.88775459E-38
A695 : ROL A          : A=15 X=03 Y=B6 SP=?? N=0 V=0 D=0 I=0 Z=0 C=0 : FWA DD-77:B42DEAA6:00:00 = -1.37465944E-03 : FWB 5C-04:9D396CB0:00:?? = +2.88775459E-38
A696 : DEX            : A=15 X=02 Y=B6 SP=?? N=0 V=0 D=0 I=0 Z=0 C=0 : FWA DD-77:B42DEAA6:00:00 = -1.37465944E-03 : FWB 5C-04:9D396CB0:00:?? = +2.88775459E-38
A697 : BNE A65E       : A=15 X=02 Y=B6 SP=?? N=0 V=0 D=0 I=0 Z=0 C=0 : FWA DD-77:B42DEAA6:00:00 = -1.37465944E-03 : FWB 5C-04:9D396CB0:00:?? = +2.88775459E-38
A65E : BCS A676       : A=15 X=02 Y=B6 SP=?? N=0 V=0 D=0 I=0 Z=0 C=0 : FWA DD-77:B42DEAA6:00:00 = -1.37465944E-03 : FWB 5C-04:9D396CB0:00:?? = +2.88775459E-38
A660 : CMP 31         : A=15 X=02 Y=B6 SP=?? N=0 V=0 D=0 I=0 Z=0 C=0 : FWA DD-77:B42DEAA6:00:00 = -1.37465944E-03 : FWB 5C-04:9D396CB0:00:?? = +2.88775459E-38
A662 : BNE A674       : A=15 X=02 Y=B6 SP=?? N=0 V=0 D=0 I=0 Z=0 C=0 : FWA DD-77:B42DEAA6:00:00 = -1.37465944E-03 : FWB 5C-04:9D396CB0:00:?? = +2.88775459E-38
A674 : BCC A68D       : A=15 X=02 Y=B6 SP=?? N=0 V=0 D=0 I=0 Z=0 C=0 : FWA DD-77:B42DEAA6:00:00 = -1.37465944E-03 : FWB 5C-04:9D396CB0:00:?? = +2.88775459E-38
A68D : ROL 3B         : A=15 X=02 Y=B6 SP=?? N=1 V=0 D=0 I=0 Z=0 C=0 : FWA DD-77:B42DEAA6:00:00 = -1.37465944E-03 : FWB B8-04:9D396CB0:00:?? = -2.88775459E-38
A68F : ASL 40         : A=15 X=02 Y=B6 SP=?? N=0 V=0 D=0 I=0 Z=0 C=1 : FWA DD-77:B42DEAA6:00:00 = -1.37465944E-03 : FWB B8-04:9D396C60:00:?? = -2.88775450E-38
A691 : ROL 3F         : A=15 X=02 Y=B6 SP=?? N=1 V=0 D=0 I=0 Z=0 C=0 : FWA DD-77:B42DEAA6:00:00 = -1.37465944E-03 : FWB B8-04:9D39D960:00:?? = -2.88778505E-38
A693 : ROL 3E         : A=15 X=02 Y=B6 SP=?? N=0 V=0 D=0 I=0 Z=0 C=0 : FWA DD-77:B42DEAA6:00:00 = -1.37465944E-03 : FWB B8-04:9D72D960:00:?? = -2.89187460E-38
A695 : ROL A          : A=2A X=02 Y=B6 SP=?? N=0 V=0 D=0 I=0 Z=0 C=0 : FWA DD-77:B42DEAA6:00:00 = -1.37465944E-03 : FWB B8-04:9D72D960:00:?? = -2.89187460E-38
A696 : DEX            : A=2A X=01 Y=B6 SP=?? N=0 V=0 D=0 I=0 Z=0 C=0 : FWA DD-77:B42DEAA6:00:00 = -1.37465944E-03 : FWB B8-04:9D72D960:00:?? = -2.89187460E-38
A697 : BNE A65E       : A=2A X=01 Y=B6 SP=?? N=0 V=0 D=0 I=0 Z=0 C=0 : FWA DD-77:B42DEAA6:00:00 = -1.37465944E-03 : FWB B8-04:9D72D960:00:?? = -2.89187460E-38
A65E : BCS A676       : A=2A X=01 Y=B6 SP=?? N=0 V=0 D=0 I=0 Z=0 C=0 : FWA DD-77:B42DEAA6:00:00 = -1.37465944E-03 : FWB B8-04:9D72D960:00:?? = -2.89187460E-38
A660 : CMP 31         : A=2A X=01 Y=B6 SP=?? N=0 V=0 D=0 I=0 Z=0 C=0 : FWA DD-77:B42DEAA6:00:00 = -1.37465944E-03 : FWB B8-04:9D72D960:00:?? = -2.89187460E-38
A662 : BNE A674       : A=2A X=01 Y=B6 SP=?? N=0 V=0 D=0 I=0 Z=0 C=0 : FWA DD-77:B42DEAA6:00:00 = -1.37465944E-03 : FWB B8-04:9D72D960:00:?? = -2.89187460E-38
A674 : BCC A68D       : A=2A X=01 Y=B6 SP=?? N=0 V=0 D=0 I=0 Z=0 C=0 : FWA DD-77:B42DEAA6:00:00 = -1.37465944E-03 : FWB B8-04:9D72D960:00:?? = -2.89187460E-38
A68D : ROL 3B         : A=2A X=01 Y=B6 SP=?? N=0 V=0 D=0 I=0 Z=0 C=1 : FWA DD-77:B42DEAA6:00:00 = -1.37465944E-03 : FWB 70-04:9D72D960:00:?? = +2.89187460E-38
A68F : ASL 40         : A=2A X=01 Y=B6 SP=?? N=1 V=0 D=0 I=0 Z=0 C=0 : FWA DD-77:B42DEAA6:00:00 = -1.37465944E-03 : FWB 70-04:9D72D9C0:00:?? = +2.89187470E-38
A691 : ROL 3F         : A=2A X=01 Y=B6 SP=?? N=1 V=0 D=0 I=0 Z=0 C=1 : FWA DD-77:B42DEAA6:00:00 = -1.37465944E-03 : FWB 70-04:9D72B2C0:00:?? = +2.89186377E-38
A693 : ROL 3E         : A=2A X=01 Y=B6 SP=?? N=1 V=0 D=0 I=0 Z=0 C=0 : FWA DD-77:B42DEAA6:00:00 = -1.37465944E-03 : FWB 70-04:9DE5B2C0:00:?? = +2.90011462E-38
A695 : ROL A          : A=54 X=01 Y=B6 SP=?? N=0 V=0 D=0 I=0 Z=0 C=0 : FWA DD-77:B42DEAA6:00:00 = -1.37465944E-03 : FWB 70-04:9DE5B2C0:00:?? = +2.90011462E-38
A696 : DEX            : A=54 X=00 Y=B6 SP=?? N=0 V=0 D=0 I=0 Z=1 C=0 : FWA DD-77:B42DEAA6:00:00 = -1.37465944E-03 : FWB 70-04:9DE5B2C0:00:?? = +2.90011462E-38
A697 : BNE A65E       : A=54 X=00 Y=B6 SP=?? N=0 V=0 D=0 I=0 Z=1 C=0 : FWA DD-77:B42DEAA6:00:00 = -1.37465944E-03 : FWB 70-04:9DE5B2C0:00:?? = +2.90011462E-38
A699 : LDX 3B         : A=54 X=70 Y=B6 SP=?? N=0 V=0 D=0 I=0 Z=0 C=0 : FWA DD-77:B42DEAA6:00:00 = -1.37465944E-03 : FWB 70-04:9DE5B2C0:00:?? = +2.90011462E-38
A69B : PHX            : A=54 X=70 Y=B6 SP=?? N=0 V=0 D=0 I=0 Z=0 C=0 : FWA DD-77:B42DEAA6:00:00 = -1.37465944E-03 : FWB 70-04:9DE5B2C0:00:?? = +2.90011462E-38
A69C : DEC 3C         : A=54 X=70 Y=B6 SP=?? N=0 V=0 D=0 I=0 Z=0 C=0 : FWA DD-77:B42DEAA6:00:00 = -1.37465944E-03 : FWB 70-03:9DE5B2C0:00:?? = +1.45005731E-38
A69E : BNE A65C       : A=54 X=70 Y=B6 SP=?? N=0 V=0 D=0 I=0 Z=0 C=0 : FWA DD-77:B42DEAA6:00:00 = -1.37465944E-03 : FWB 70-03:9DE5B2C0:00:?? = +1.45005731E-38
A65C : LDX #08        : A=54 X=08 Y=B6 SP=?? N=0 V=0 D=0 I=0 Z=0 C=0 : FWA DD-77:B42DEAA6:00:00 = -1.37465944E-03 : FWB 70-03:9DE5B2C0:00:?? = +1.45005731E-38
A65E : BCS A676       : A=54 X=08 Y=B6 SP=?? N=0 V=0 D=0 I=0 Z=0 C=0 : FWA DD-77:B42DEAA6:00:00 = -1.37465944E-03 : FWB 70-03:9DE5B2C0:00:?? = +1.45005731E-38
A660 : CMP 31         : A=54 X=08 Y=B6 SP=?? N=1 V=0 D=0 I=0 Z=0 C=0 : FWA DD-77:B42DEAA6:00:00 = -1.37465944E-03 : FWB 70-03:9DE5B2C0:00:?? = +1.45005731E-38
A662 : BNE A674       : A=54 X=08 Y=B6 SP=?? N=1 V=0 D=0 I=0 Z=0 C=0 : FWA DD-77:B42DEAA6:00:00 = -1.37465944E-03 : FWB 70-03:9DE5B2C0:00:?? = +1.45005731E-38
A674 : BCC A68D       : A=54 X=08 Y=B6 SP=?? N=1 V=0 D=0 I=0 Z=0 C=0 : FWA DD-77:B42DEAA6:00:00 = -1.37465944E-03 : FWB 70-03:9DE5B2C0:00:?? = +1.45005731E-38
A68D : ROL 3B         : A=54 X=08 Y=B6 SP=?? N=1 V=0 D=0 I=0 Z=0 C=0 : FWA DD-77:B42DEAA6:00:00 = -1.37465944E-03 : FWB E0-03:9DE5B2C0:00:?? = -1.45005731E-38
A68F : ASL 40         : A=54 X=08 Y=B6 SP=?? N=1 V=0 D=0 I=0 Z=0 C=1 : FWA DD-77:B42DEAA6:00:00 = -1.37465944E-03 : FWB E0-03:9DE5B280:00:?? = -1.45005727E-38
A691 : ROL 3F         : A=54 X=08 Y=B6 SP=?? N=0 V=0 D=0 I=0 Z=0 C=1 : FWA DD-77:B42DEAA6:00:00 = -1.37465944E-03 : FWB E0-03:9DE56580:00:?? = -1.45004648E-38
A693 : ROL 3E         : A=54 X=08 Y=B6 SP=?? N=1 V=0 D=0 I=0 Z=0 C=1 : FWA DD-77:B42DEAA6:00:00 = -1.37465944E-03 : FWB E0-03:9DCB6580:00:?? = -1.44911378E-38
A695 : ROL A          : A=A9 X=08 Y=B6 SP=?? N=1 V=0 D=0 I=0 Z=0 C=0 : FWA DD-77:B42DEAA6:00:00 = -1.37465944E-03 : FWB E0-03:9DCB6580:00:?? = -1.44911378E-38
A696 : DEX            : A=A9 X=07 Y=B6 SP=?? N=0 V=0 D=0 I=0 Z=0 C=0 : FWA DD-77:B42DEAA6:00:00 = -1.37465944E-03 : FWB E0-03:9DCB6580:00:?? = -1.44911378E-38
A697 : BNE A65E       : A=A9 X=07 Y=B6 SP=?? N=0 V=0 D=0 I=0 Z=0 C=0 : FWA DD-77:B42DEAA6:00:00 = -1.37465944E-03 : FWB E0-03:9DCB6580:00:?? = -1.44911378E-38
A65E : BCS A676       : A=A9 X=07 Y=B6 SP=?? N=0 V=0 D=0 I=0 Z=0 C=0 : FWA DD-77:B42DEAA6:00:00 = -1.37465944E-03 : FWB E0-03:9DCB6580:00:?? = -1.44911378E-38
A660 : CMP 31         : A=A9 X=07 Y=B6 SP=?? N=1 V=0 D=0 I=0 Z=0 C=0 : FWA DD-77:B42DEAA6:00:00 = -1.37465944E-03 : FWB E0-03:9DCB6580:00:?? = -1.44911378E-38
A662 : BNE A674       : A=A9 X=07 Y=B6 SP=?? N=1 V=0 D=0 I=0 Z=0 C=0 : FWA DD-77:B42DEAA6:00:00 = -1.37465944E-03 : FWB E0-03:9DCB6580:00:?? = -1.44911378E-38
A674 : BCC A68D       : A=A9 X=07 Y=B6 SP=?? N=1 V=0 D=0 I=0 Z=0 C=0 : FWA DD-77:B42DEAA6:00:00 = -1.37465944E-03 : FWB E0-03:9DCB6580:00:?? = -1.44911378E-38
A68D : ROL 3B         : A=A9 X=07 Y=B6 SP=?? N=1 V=0 D=0 I=0 Z=0 C=1 : FWA DD-77:B42DEAA6:00:00 = -1.37465944E-03 : FWB C0-03:9DCB6580:00:?? = -1.44911378E-38
A68F : ASL 40         : A=A9 X=07 Y=B6 SP=?? N=0 V=0 D=0 I=0 Z=1 C=1 : FWA DD-77:B42DEAA6:00:00 = -1.37465944E-03 : FWB C0-03:9DCB6500:00:?? = -1.44911371E-38
A691 : ROL 3F         : A=A9 X=07 Y=B6 SP=?? N=1 V=0 D=0 I=0 Z=0 C=0 : FWA DD-77:B42DEAA6:00:00 = -1.37465944E-03 : FWB C0-03:9DCBCB00:00:?? = -1.44912800E-38
A693 : ROL 3E         : A=A9 X=07 Y=B6 SP=?? N=1 V=0 D=0 I=0 Z=0 C=1 : FWA DD-77:B42DEAA6:00:00 = -1.37465944E-03 : FWB C0-03:9D96CB00:00:?? = -1.44722672E-38
A695 : ROL A          : A=53 X=07 Y=B6 SP=?? N=0 V=0 D=0 I=0 Z=0 C=1 : FWA DD-77:B42DEAA6:00:00 = -1.37465944E-03 : FWB C0-03:9D96CB00:00:?? = -1.44722672E-38
A696 : DEX            : A=53 X=06 Y=B6 SP=?? N=0 V=0 D=0 I=0 Z=0 C=1 : FWA DD-77:B42DEAA6:00:00 = -1.37465944E-03 : FWB C0-03:9D96CB00:00:?? = -1.44722672E-38
A697 : BNE A65E       : A=53 X=06 Y=B6 SP=?? N=0 V=0 D=0 I=0 Z=0 C=1 : FWA DD-77:B42DEAA6:00:00 = -1.37465944E-03 : FWB C0-03:9D96CB00:00:?? = -1.44722672E-38
A65E : BCS A676       : A=53 X=06 Y=B6 SP=?? N=0 V=0 D=0 I=0 Z=0 C=1 : FWA DD-77:B42DEAA6:00:00 = -1.37465944E-03 : FWB C0-03:9D96CB00:00:?? = -1.44722672E-38
A676 : TAY            : A=53 X=06 Y=53 SP=?? N=0 V=0 D=0 I=0 Z=0 C=1 : FWA DD-77:B42DEAA6:00:00 = -1.37465944E-03 : FWB C0-03:9D96CB00:00:?? = -1.44722672E-38
A677 : LDA 40         : A=00 X=06 Y=53 SP=?? N=0 V=0 D=0 I=0 Z=1 C=1 : FWA DD-77:B42DEAA6:00:00 = -1.37465944E-03 : FWB C0-03:9D96CB00:00:?? = -1.44722672E-38
A679 : SBC 34         : A=5A X=06 Y=53 SP=?? N=0 V=0 D=0 I=0 Z=0 C=0 : FWA DD-77:B42DEAA6:00:00 = -1.37465944E-03 : FWB C0-03:9D96CB00:00:?? = -1.44722672E-38
A67B : STA 40         : A=5A X=06 Y=53 SP=?? N=0 V=0 D=0 I=0 Z=0 C=0 : FWA DD-77:B42DEAA6:00:00 = -1.37465944E-03 : FWB C0-03:9D96CB5A:00:?? = -1.44722677E-38
A67D : LDA 3F         : A=CB X=06 Y=53 SP=?? N=1 V=0 D=0 I=0 Z=0 C=0 : FWA DD-77:B42DEAA6:00:00 = -1.37465944E-03 : FWB C0-03:9D96CB5A:00:?? = -1.44722677E-38
A67F : SBC 33         : A=E0 X=06 Y=53 SP=?? N=1 V=0 D=0 I=0 Z=0 C=0 : FWA DD-77:B42DEAA6:00:00 = -1.37465944E-03 : FWB C0-03:9D96CB5A:00:?? = -1.44722677E-38
A681 : STA 3F         : A=E0 X=06 Y=53 SP=?? N=1 V=0 D=0 I=0 Z=0 C=0 : FWA DD-77:B42DEAA6:00:00 = -1.37465944E-03 : FWB C0-03:9D96E05A:00:?? = -1.44722971E-38
A683 : LDA 3E         : A=96 X=06 Y=53 SP=?? N=1 V=0 D=0 I=0 Z=0 C=0 : FWA DD-77:B42DEAA6:00:00 = -1.37465944E-03 : FWB C0-03:9D96E05A:00:?? = -1.44722971E-38
A685 : SBC 32         : A=68 X=06 Y=53 SP=?? N=0 V=1 D=0 I=0 Z=0 C=1 : FWA DD-77:B42DEAA6:00:00 = -1.37465944E-03 : FWB C0-03:9D96E05A:00:?? = -1.44722971E-38
A687 : STA 3E         : A=68 X=06 Y=53 SP=?? N=0 V=1 D=0 I=0 Z=0 C=1 : FWA DD-77:B42DEAA6:00:00 = -1.37465944E-03 : FWB C0-03:9D68E05A:00:?? = -1.44557955E-38
A689 : TYA            : A=53 X=06 Y=53 SP=?? N=0 V=1 D=0 I=0 Z=0 C=1 : FWA DD-77:B42DEAA6:00:00 = -1.37465944E-03 : FWB C0-03:9D68E05A:00:?? = -1.44557955E-38
A68A : SBC 31         : A=9F X=06 Y=53 SP=?? N=1 V=1 D=0 I=0 Z=0 C=0 : FWA DD-77:B42DEAA6:00:00 = -1.37465944E-03 : FWB C0-03:9D68E05A:00:?? = -1.44557955E-38
A68C : SEC            : A=9F X=06 Y=53 SP=?? N=1 V=1 D=0 I=0 Z=0 C=1 : FWA DD-77:B42DEAA6:00:00 = -1.37465944E-03 : FWB C0-03:9D68E05A:00:?? = -1.44557955E-38
A68D : ROL 3B         : A=9F X=06 Y=53 SP=?? N=1 V=1 D=0 I=0 Z=0 C=1 : FWA DD-77:B42DEAA6:00:00 = -1.37465944E-03 : FWB 81-03:9D68E05A:00:?? = -1.44557955E-38
A68F : ASL 40         : A=9F X=06 Y=53 SP=?? N=1 V=1 D=0 I=0 Z=0 C=0 : FWA DD-77:B42DEAA6:00:00 = -1.37465944E-03 : FWB 81-03:9D68E0B4:00:?? = -1.44557959E-38
A691 : ROL 3F         : A=9F X=06 Y=53 SP=?? N=1 V=1 D=0 I=0 Z=0 C=1 : FWA DD-77:B42DEAA6:00:00 = -1.37465944E-03 : FWB 81-03:9D68C0B4:00:?? = -1.44557511E-38
A693 : ROL 3E         : A=9F X=06 Y=53 SP=?? N=1 V=1 D=0 I=0 Z=0 C=0 : FWA DD-77:B42DEAA6:00:00 = -1.37465944E-03 : FWB 81-03:9DD1C0B4:00:?? = -1.44934180E-38
A695 : ROL A          : A=3E X=06 Y=53 SP=?? N=0 V=1 D=0 I=0 Z=0 C=1 : FWA DD-77:B42DEAA6:00:00 = -1.37465944E-03 : FWB 81-03:9DD1C0B4:00:?? = -1.44934180E-38
A696 : DEX            : A=3E X=05 Y=53 SP=?? N=0 V=1 D=0 I=0 Z=0 C=1 : FWA DD-77:B42DEAA6:00:00 = -1.37465944E-03 : FWB 81-03:9DD1C0B4:00:?? = -1.44934180E-38
A697 : BNE A65E       : A=3E X=05 Y=53 SP=?? N=0 V=1 D=0 I=0 Z=0 C=1 : FWA DD-77:B42DEAA6:00:00 = -1.37465944E-03 : FWB 81-03:9DD1C0B4:00:?? = -1.44934180E-38
A65E : BCS A676       : A=3E X=05 Y=53 SP=?? N=0 V=1 D=0 I=0 Z=0 C=1 : FWA DD-77:B42DEAA6:00:00 = -1.37465944E-03 : FWB 81-03:9DD1C0B4:00:?? = -1.44934180E-38
A676 : TAY            : A=3E X=05 Y=3E SP=?? N=0 V=1 D=0 I=0 Z=0 C=1 : FWA DD-77:B42DEAA6:00:00 = -1.37465944E-03 : FWB 81-03:9DD1C0B4:00:?? = -1.44934180E-38
A677 : LDA 40         : A=B4 X=05 Y=3E SP=?? N=1 V=1 D=0 I=0 Z=0 C=1 : FWA DD-77:B42DEAA6:00:00 = -1.37465944E-03 : FWB 81-03:9DD1C0B4:00:?? = -1.44934180E-38
A679 : SBC 34         : A=0E X=05 Y=3E SP=?? N=0 V=0 D=0 I=0 Z=0 C=1 : FWA DD-77:B42DEAA6:00:00 = -1.37465944E-03 : FWB 81-03:9DD1C0B4:00:?? = -1.44934180E-38
A67B : STA 40         : A=0E X=05 Y=3E SP=?? N=0 V=0 D=0 I=0 Z=0 C=1 : FWA DD-77:B42DEAA6:00:00 = -1.37465944E-03 : FWB 81-03:9DD1C00E:00:?? = -1.44934171E-38
A67D : LDA 3F         : A=C0 X=05 Y=3E SP=?? N=1 V=0 D=0 I=0 Z=0 C=1 : FWA DD-77:B42DEAA6:00:00 = -1.37465944E-03 : FWB 81-03:9DD1C00E:00:?? = -1.44934171E-38
A67F : SBC 33         : A=D6 X=05 Y=3E SP=?? N=1 V=0 D=0 I=0 Z=0 C=0 : FWA DD-77:B42DEAA6:00:00 = -1.37465944E-03 : FWB 81-03:9DD1C00E:00:?? = -1.44934171E-38
A681 : STA 3F         : A=D6 X=05 Y=3E SP=?? N=1 V=0 D=0 I=0 Z=0 C=0 : FWA DD-77:B42DEAA6:00:00 = -1.37465944E-03 : FWB 81-03:9DD1D60E:00:?? = -1.44934479E-38
A683 : LDA 3E         : A=D1 X=05 Y=3E SP=?? N=1 V=0 D=0 I=0 Z=0 C=0 : FWA DD-77:B42DEAA6:00:00 = -1.37465944E-03 : FWB 81-03:9DD1D60E:00:?? = -1.44934479E-38
A685 : SBC 32         : A=A3 X=05 Y=3E SP=?? N=1 V=0 D=0 I=0 Z=0 C=1 : FWA DD-77:B42DEAA6:00:00 = -1.37465944E-03 : FWB 81-03:9DD1D60E:00:?? = -1.44934479E-38
A687 : STA 3E         : A=A3 X=05 Y=3E SP=?? N=1 V=0 D=0 I=0 Z=0 C=1 : FWA DD-77:B42DEAA6:00:00 = -1.37465944E-03 : FWB 81-03:9DA3D60E:00:?? = -1.44769462E-38
A689 : TYA            : A=3E X=05 Y=3E SP=?? N=0 V=0 D=0 I=0 Z=0 C=1 : FWA DD-77:B42DEAA6:00:00 = -1.37465944E-03 : FWB 81-03:9DA3D60E:00:?? = -1.44769462E-38
A68A : SBC 31         : A=8A X=05 Y=3E SP=?? N=1 V=1 D=0 I=0 Z=0 C=0 : FWA DD-77:B42DEAA6:00:00 = -1.37465944E-03 : FWB 81-03:9DA3D60E:00:?? = -1.44769462E-38
A68C : SEC            : A=8A X=05 Y=3E SP=?? N=1 V=1 D=0 I=0 Z=0 C=1 : FWA DD-77:B42DEAA6:00:00 = -1.37465944E-03 : FWB 81-03:9DA3D60E:00:?? = -1.44769462E-38
A68D : ROL 3B         : A=8A X=05 Y=3E SP=?? N=0 V=1 D=0 I=0 Z=0 C=1 : FWA DD-77:B42DEAA6:00:00 = -1.37465944E-03 : FWB 03-03:9DA3D60E:00:?? = +1.44769462E-38
A68F : ASL 40         : A=8A X=05 Y=3E SP=?? N=0 V=1 D=0 I=0 Z=0 C=0 : FWA DD-77:B42DEAA6:00:00 = -1.37465944E-03 : FWB 03-03:9DA3D61C:00:?? = +1.44769463E-38
A691 : ROL 3F         : A=8A X=05 Y=3E SP=?? N=1 V=1 D=0 I=0 Z=0 C=1 : FWA DD-77:B42DEAA6:00:00 = -1.37465944E-03 : FWB 03-03:9DA3AC1C:00:?? = +1.44768875E-38
A693 : ROL 3E         : A=8A X=05 Y=3E SP=?? N=0 V=1 D=0 I=0 Z=0 C=1 : FWA DD-77:B42DEAA6:00:00 = -1.37465944E-03 : FWB 03-03:9D47AC1C:00:?? = +1.44438841E-38
A695 : ROL A          : A=15 X=05 Y=3E SP=?? N=0 V=1 D=0 I=0 Z=0 C=1 : FWA DD-77:B42DEAA6:00:00 = -1.37465944E-03 : FWB 03-03:9D47AC1C:00:?? = +1.44438841E-38
A696 : DEX            : A=15 X=04 Y=3E SP=?? N=0 V=1 D=0 I=0 Z=0 C=1 : FWA DD-77:B42DEAA6:00:00 = -1.37465944E-03 : FWB 03-03:9D47AC1C:00:?? = +1.44438841E-38
A697 : BNE A65E       : A=15 X=04 Y=3E SP=?? N=0 V=1 D=0 I=0 Z=0 C=1 : FWA DD-77:B42DEAA6:00:00 = -1.37465944E-03 : FWB 03-03:9D47AC1C:00:?? = +1.44438841E-38
A65E : BCS A676       : A=15 X=04 Y=3E SP=?? N=0 V=1 D=0 I=0 Z=0 C=1 : FWA DD-77:B42DEAA6:00:00 = -1.37465944E-03 : FWB 03-03:9D47AC1C:00:?? = +1.44438841E-38
A676 : TAY            : A=15 X=04 Y=15 SP=?? N=0 V=1 D=0 I=0 Z=0 C=1 : FWA DD-77:B42DEAA6:00:00 = -1.37465944E-03 : FWB 03-03:9D47AC1C:00:?? = +1.44438841E-38
A677 : LDA 40         : A=1C X=04 Y=15 SP=?? N=0 V=1 D=0 I=0 Z=0 C=1 : FWA DD-77:B42DEAA6:00:00 = -1.37465944E-03 : FWB 03-03:9D47AC1C:00:?? = +1.44438841E-38
A679 : SBC 34         : A=76 X=04 Y=15 SP=?? N=0 V=0 D=0 I=0 Z=0 C=0 : FWA DD-77:B42DEAA6:00:00 = -1.37465944E-03 : FWB 03-03:9D47AC1C:00:?? = +1.44438841E-38
A67B : STA 40         : A=76 X=04 Y=15 SP=?? N=0 V=0 D=0 I=0 Z=0 C=0 : FWA DD-77:B42DEAA6:00:00 = -1.37465944E-03 : FWB 03-03:9D47AC76:00:?? = +1.44438846E-38
A67D : LDA 3F         : A=AC X=04 Y=15 SP=?? N=1 V=0 D=0 I=0 Z=0 C=0 : FWA DD-77:B42DEAA6:00:00 = -1.37465944E-03 : FWB 03-03:9D47AC76:00:?? = +1.44438846E-38
A67F : SBC 33         : A=C1 X=04 Y=15 SP=?? N=1 V=0 D=0 I=0 Z=0 C=0 : FWA DD-77:B42DEAA6:00:00 = -1.37465944E-03 : FWB 03-03:9D47AC76:00:?? = +1.44438846E-38
A681 : STA 3F         : A=C1 X=04 Y=15 SP=?? N=1 V=0 D=0 I=0 Z=0 C=0 : FWA DD-77:B42DEAA6:00:00 = -1.37465944E-03 : FWB 03-03:9D47C176:00:?? = +1.44439140E-38
A683 : LDA 3E         : A=47 X=04 Y=15 SP=?? N=0 V=0 D=0 I=0 Z=0 C=0 : FWA DD-77:B42DEAA6:00:00 = -1.37465944E-03 : FWB 03-03:9D47C176:00:?? = +1.44439140E-38
A685 : SBC 32         : A=19 X=04 Y=15 SP=?? N=0 V=0 D=0 I=0 Z=0 C=1 : FWA DD-77:B42DEAA6:00:00 = -1.37465944E-03 : FWB 03-03:9D47C176:00:?? = +1.44439140E-38
A687 : STA 3E         : A=19 X=04 Y=15 SP=?? N=0 V=0 D=0 I=0 Z=0 C=1 : FWA DD-77:B42DEAA6:00:00 = -1.37465944E-03 : FWB 03-03:9D19C176:00:?? = +1.44274123E-38
A689 : TYA            : A=15 X=04 Y=15 SP=?? N=0 V=0 D=0 I=0 Z=0 C=1 : FWA DD-77:B42DEAA6:00:00 = -1.37465944E-03 : FWB 03-03:9D19C176:00:?? = +1.44274123E-38
A68A : SBC 31         : A=61 X=04 Y=15 SP=?? N=0 V=0 D=0 I=0 Z=0 C=0 : FWA DD-77:B42DEAA6:00:00 = -1.37465944E-03 : FWB 03-03:9D19C176:00:?? = +1.44274123E-38
A68C : SEC            : A=61 X=04 Y=15 SP=?? N=0 V=0 D=0 I=0 Z=0 C=1 : FWA DD-77:B42DEAA6:00:00 = -1.37465944E-03 : FWB 03-03:9D19C176:00:?? = +1.44274123E-38
A68D : ROL 3B         : A=61 X=04 Y=15 SP=?? N=0 V=0 D=0 I=0 Z=0 C=0 : FWA DD-77:B42DEAA6:00:00 = -1.37465944E-03 : FWB 07-03:9D19C176:00:?? = +1.44274123E-38
A68F : ASL 40         : A=61 X=04 Y=15 SP=?? N=1 V=0 D=0 I=0 Z=0 C=0 : FWA DD-77:B42DEAA6:00:00 = -1.37465944E-03 : FWB 07-03:9D19C1EC:00:?? = +1.44274129E-38
A691 : ROL 3F         : A=61 X=04 Y=15 SP=?? N=1 V=0 D=0 I=0 Z=0 C=1 : FWA DD-77:B42DEAA6:00:00 = -1.37465944E-03 : FWB 07-03:9D1982EC:00:?? = +1.44273247E-38
A693 : ROL 3E         : A=61 X=04 Y=15 SP=?? N=0 V=0 D=0 I=0 Z=0 C=0 : FWA DD-77:B42DEAA6:00:00 = -1.37465944E-03 : FWB 07-03:9D3382EC:00:?? = +1.44366517E-38
A695 : ROL A          : A=C2 X=04 Y=15 SP=?? N=1 V=0 D=0 I=0 Z=0 C=0 : FWA DD-77:B42DEAA6:00:00 = -1.37465944E-03 : FWB 07-03:9D3382EC:00:?? = +1.44366517E-38
A696 : DEX            : A=C2 X=03 Y=15 SP=?? N=0 V=0 D=0 I=0 Z=0 C=0 : FWA DD-77:B42DEAA6:00:00 = -1.37465944E-03 : FWB 07-03:9D3382EC:00:?? = +1.44366517E-38
A697 : BNE A65E       : A=C2 X=03 Y=15 SP=?? N=0 V=0 D=0 I=0 Z=0 C=0 : FWA DD-77:B42DEAA6:00:00 = -1.37465944E-03 : FWB 07-03:9D3382EC:00:?? = +1.44366517E-38
A65E : BCS A676       : A=C2 X=03 Y=15 SP=?? N=0 V=0 D=0 I=0 Z=0 C=0 : FWA DD-77:B42DEAA6:00:00 = -1.37465944E-03 : FWB 07-03:9D3382EC:00:?? = +1.44366517E-38
A660 : CMP 31         : A=C2 X=03 Y=15 SP=?? N=0 V=0 D=0 I=0 Z=0 C=1 : FWA DD-77:B42DEAA6:00:00 = -1.37465944E-03 : FWB 07-03:9D3382EC:00:?? = +1.44366517E-38
A662 : BNE A674       : A=C2 X=03 Y=15 SP=?? N=0 V=0 D=0 I=0 Z=0 C=1 : FWA DD-77:B42DEAA6:00:00 = -1.37465944E-03 : FWB 07-03:9D3382EC:00:?? = +1.44366517E-38
A674 : BCC A68D       : A=C2 X=03 Y=15 SP=?? N=0 V=0 D=0 I=0 Z=0 C=1 : FWA DD-77:B42DEAA6:00:00 = -1.37465944E-03 : FWB 07-03:9D3382EC:00:?? = +1.44366517E-38
A676 : TAY            : A=C2 X=03 Y=C2 SP=?? N=1 V=0 D=0 I=0 Z=0 C=1 : FWA DD-77:B42DEAA6:00:00 = -1.37465944E-03 : FWB 07-03:9D3382EC:00:?? = +1.44366517E-38
A677 : LDA 40         : A=EC X=03 Y=C2 SP=?? N=1 V=0 D=0 I=0 Z=0 C=1 : FWA DD-77:B42DEAA6:00:00 = -1.37465944E-03 : FWB 07-03:9D3382EC:00:?? = +1.44366517E-38
A679 : SBC 34         : A=46 X=03 Y=C2 SP=?? N=0 V=0 D=0 I=0 Z=0 C=1 : FWA DD-77:B42DEAA6:00:00 = -1.37465944E-03 : FWB 07-03:9D3382EC:00:?? = +1.44366517E-38
A67B : STA 40         : A=46 X=03 Y=C2 SP=?? N=0 V=0 D=0 I=0 Z=0 C=1 : FWA DD-77:B42DEAA6:00:00 = -1.37465944E-03 : FWB 07-03:9D338246:00:?? = +1.44366508E-38
A67D : LDA 3F         : A=82 X=03 Y=C2 SP=?? N=1 V=0 D=0 I=0 Z=0 C=1 : FWA DD-77:B42DEAA6:00:00 = -1.37465944E-03 : FWB 07-03:9D338246:00:?? = +1.44366508E-38
A67F : SBC 33         : A=98 X=03 Y=C2 SP=?? N=1 V=0 D=0 I=0 Z=0 C=0 : FWA DD-77:B42DEAA6:00:00 = -1.37465944E-03 : FWB 07-03:9D338246:00:?? = +1.44366508E-38
A681 : STA 3F         : A=98 X=03 Y=C2 SP=?? N=1 V=0 D=0 I=0 Z=0 C=0 : FWA DD-77:B42DEAA6:00:00 = -1.37465944E-03 : FWB 07-03:9D339846:00:?? = +1.44366816E-38
A683 : LDA 3E         : A=33 X=03 Y=C2 SP=?? N=0 V=0 D=0 I=0 Z=0 C=0 : FWA DD-77:B42DEAA6:00:00 = -1.37465944E-03 : FWB 07-03:9D339846:00:?? = +1.44366816E-38
A685 : SBC 32         : A=05 X=03 Y=C2 SP=?? N=0 V=0 D=0 I=0 Z=0 C=1 : FWA DD-77:B42DEAA6:00:00 = -1.37465944E-03 : FWB 07-03:9D339846:00:?? = +1.44366816E-38
A687 : STA 3E         : A=05 X=03 Y=C2 SP=?? N=0 V=0 D=0 I=0 Z=0 C=1 : FWA DD-77:B42DEAA6:00:00 = -1.37465944E-03 : FWB 07-03:9D059846:00:?? = +1.44201799E-38
A689 : TYA            : A=C2 X=03 Y=C2 SP=?? N=1 V=0 D=0 I=0 Z=0 C=1 : FWA DD-77:B42DEAA6:00:00 = -1.37465944E-03 : FWB 07-03:9D059846:00:?? = +1.44201799E-38
A68A : SBC 31         : A=0E X=03 Y=C2 SP=?? N=0 V=0 D=0 I=0 Z=0 C=1 : FWA DD-77:B42DEAA6:00:00 = -1.37465944E-03 : FWB 07-03:9D059846:00:?? = +1.44201799E-38
A68C : SEC            : A=0E X=03 Y=C2 SP=?? N=0 V=0 D=0 I=0 Z=0 C=1 : FWA DD-77:B42DEAA6:00:00 = -1.37465944E-03 : FWB 07-03:9D059846:00:?? = +1.44201799E-38
A68D : ROL 3B         : A=0E X=03 Y=C2 SP=?? N=0 V=0 D=0 I=0 Z=0 C=0 : FWA DD-77:B42DEAA6:00:00 = -1.37465944E-03 : FWB 0F-03:9D059846:00:?? = +1.44201799E-38
A68F : ASL 40         : A=0E X=03 Y=C2 SP=?? N=1 V=0 D=0 I=0 Z=0 C=0 : FWA DD-77:B42DEAA6:00:00 = -1.37465944E-03 : FWB 0F-03:9D05988C:00:?? = +1.44201803E-38
A691 : ROL 3F         : A=0E X=03 Y=C2 SP=?? N=0 V=0 D=0 I=0 Z=0 C=1 : FWA DD-77:B42DEAA6:00:00 = -1.37465944E-03 : FWB 0F-03:9D05308C:00:?? = +1.44200346E-38
A693 : ROL 3E         : A=0E X=03 Y=C2 SP=?? N=0 V=0 D=0 I=0 Z=0 C=0 : FWA DD-77:B42DEAA6:00:00 = -1.37465944E-03 : FWB 0F-03:9D0B308C:00:?? = +1.44221870E-38
A695 : ROL A          : A=1C X=03 Y=C2 SP=?? N=0 V=0 D=0 I=0 Z=0 C=0 : FWA DD-77:B42DEAA6:00:00 = -1.37465944E-03 : FWB 0F-03:9D0B308C:00:?? = +1.44221870E-38
A696 : DEX            : A=1C X=02 Y=C2 SP=?? N=0 V=0 D=0 I=0 Z=0 C=0 : FWA DD-77:B42DEAA6:00:00 = -1.37465944E-03 : FWB 0F-03:9D0B308C:00:?? = +1.44221870E-38
A697 : BNE A65E       : A=1C X=02 Y=C2 SP=?? N=0 V=0 D=0 I=0 Z=0 C=0 : FWA DD-77:B42DEAA6:00:00 = -1.37465944E-03 : FWB 0F-03:9D0B308C:00:?? = +1.44221870E-38
A65E : BCS A676       : A=1C X=02 Y=C2 SP=?? N=0 V=0 D=0 I=0 Z=0 C=0 : FWA DD-77:B42DEAA6:00:00 = -1.37465944E-03 : FWB 0F-03:9D0B308C:00:?? = +1.44221870E-38
A660 : CMP 31         : A=1C X=02 Y=C2 SP=?? N=0 V=0 D=0 I=0 Z=0 C=0 : FWA DD-77:B42DEAA6:00:00 = -1.37465944E-03 : FWB 0F-03:9D0B308C:00:?? = +1.44221870E-38
A662 : BNE A674       : A=1C X=02 Y=C2 SP=?? N=0 V=0 D=0 I=0 Z=0 C=0 : FWA DD-77:B42DEAA6:00:00 = -1.37465944E-03 : FWB 0F-03:9D0B308C:00:?? = +1.44221870E-38
A674 : BCC A68D       : A=1C X=02 Y=C2 SP=?? N=0 V=0 D=0 I=0 Z=0 C=0 : FWA DD-77:B42DEAA6:00:00 = -1.37465944E-03 : FWB 0F-03:9D0B308C:00:?? = +1.44221870E-38
A68D : ROL 3B         : A=1C X=02 Y=C2 SP=?? N=0 V=0 D=0 I=0 Z=0 C=0 : FWA DD-77:B42DEAA6:00:00 = -1.37465944E-03 : FWB 1E-03:9D0B308C:00:?? = +1.44221870E-38
A68F : ASL 40         : A=1C X=02 Y=C2 SP=?? N=0 V=0 D=0 I=0 Z=0 C=1 : FWA DD-77:B42DEAA6:00:00 = -1.37465944E-03 : FWB 1E-03:9D0B3018:00:?? = +1.44221863E-38
A691 : ROL 3F         : A=1C X=02 Y=C2 SP=?? N=0 V=0 D=0 I=0 Z=0 C=0 : FWA DD-77:B42DEAA6:00:00 = -1.37465944E-03 : FWB 1E-03:9D0B6118:00:?? = +1.44222550E-38
A693 : ROL 3E         : A=1C X=02 Y=C2 SP=?? N=0 V=0 D=0 I=0 Z=0 C=0 : FWA DD-77:B42DEAA6:00:00 = -1.37465944E-03 : FWB 1E-03:9D166118:00:?? = +1.44262011E-38
A695 : ROL A          : A=38 X=02 Y=C2 SP=?? N=0 V=0 D=0 I=0 Z=0 C=0 : FWA DD-77:B42DEAA6:00:00 = -1.37465944E-03 : FWB 1E-03:9D166118:00:?? = +1.44262011E-38
A696 : DEX            : A=38 X=01 Y=C2 SP=?? N=0 V=0 D=0 I=0 Z=0 C=0 : FWA DD-77:B42DEAA6:00:00 = -1.37465944E-03 : FWB 1E-03:9D166118:00:?? = +1.44262011E-38
A697 : BNE A65E       : A=38 X=01 Y=C2 SP=?? N=0 V=0 D=0 I=0 Z=0 C=0 : FWA DD-77:B42DEAA6:00:00 = -1.37465944E-03 : FWB 1E-03:9D166118:00:?? = +1.44262011E-38
A65E : BCS A676       : A=38 X=01 Y=C2 SP=?? N=0 V=0 D=0 I=0 Z=0 C=0 : FWA DD-77:B42DEAA6:00:00 = -1.37465944E-03 : FWB 1E-03:9D166118:00:?? = +1.44262011E-38
A660 : CMP 31         : A=38 X=01 Y=C2 SP=?? N=1 V=0 D=0 I=0 Z=0 C=0 : FWA DD-77:B42DEAA6:00:00 = -1.37465944E-03 : FWB 1E-03:9D166118:00:?? = +1.44262011E-38
A662 : BNE A674       : A=38 X=01 Y=C2 SP=?? N=1 V=0 D=0 I=0 Z=0 C=0 : FWA DD-77:B42DEAA6:00:00 = -1.37465944E-03 : FWB 1E-03:9D166118:00:?? = +1.44262011E-38
A674 : BCC A68D       : A=38 X=01 Y=C2 SP=?? N=1 V=0 D=0 I=0 Z=0 C=0 : FWA DD-77:B42DEAA6:00:00 = -1.37465944E-03 : FWB 1E-03:9D166118:00:?? = +1.44262011E-38
A68D : ROL 3B         : A=38 X=01 Y=C2 SP=?? N=0 V=0 D=0 I=0 Z=0 C=0 : FWA DD-77:B42DEAA6:00:00 = -1.37465944E-03 : FWB 3C-03:9D166118:00:?? = +1.44262011E-38
A68F : ASL 40         : A=38 X=01 Y=C2 SP=?? N=0 V=0 D=0 I=0 Z=0 C=0 : FWA DD-77:B42DEAA6:00:00 = -1.37465944E-03 : FWB 3C-03:9D166130:00:?? = +1.44262012E-38
A691 : ROL 3F         : A=38 X=01 Y=C2 SP=?? N=1 V=0 D=0 I=0 Z=0 C=0 : FWA DD-77:B42DEAA6:00:00 = -1.37465944E-03 : FWB 3C-03:9D16C230:00:?? = +1.44263371E-38
A693 : ROL 3E         : A=38 X=01 Y=C2 SP=?? N=0 V=0 D=0 I=0 Z=0 C=0 : FWA DD-77:B42DEAA6:00:00 = -1.37465944E-03 : FWB 3C-03:9D2CC230:00:?? = +1.44342292E-38
A695 : ROL A          : A=70 X=01 Y=C2 SP=?? N=0 V=0 D=0 I=0 Z=0 C=0 : FWA DD-77:B42DEAA6:00:00 = -1.37465944E-03 : FWB 3C-03:9D2CC230:00:?? = +1.44342292E-38
A696 : DEX            : A=70 X=00 Y=C2 SP=?? N=0 V=0 D=0 I=0 Z=1 C=0 : FWA DD-77:B42DEAA6:00:00 = -1.37465944E-03 : FWB 3C-03:9D2CC230:00:?? = +1.44342292E-38
A697 : BNE A65E       : A=70 X=00 Y=C2 SP=?? N=0 V=0 D=0 I=0 Z=1 C=0 : FWA DD-77:B42DEAA6:00:00 = -1.37465944E-03 : FWB 3C-03:9D2CC230:00:?? = +1.44342292E-38
A699 : LDX 3B         : A=70 X=3C Y=C2 SP=?? N=0 V=0 D=0 I=0 Z=0 C=0 : FWA DD-77:B42DEAA6:00:00 = -1.37465944E-03 : FWB 3C-03:9D2CC230:00:?? = +1.44342292E-38
A69B : PHX            : A=70 X=3C Y=C2 SP=?? N=0 V=0 D=0 I=0 Z=0 C=0 : FWA DD-77:B42DEAA6:00:00 = -1.37465944E-03 : FWB 3C-03:9D2CC230:00:?? = +1.44342292E-38
A69C : DEC 3C         : A=70 X=3C Y=C2 SP=?? N=0 V=0 D=0 I=0 Z=0 C=0 : FWA DD-77:B42DEAA6:00:00 = -1.37465944E-03 : FWB 3C-02:9D2CC230:00:?? = +7.21711462E-39
A69E : BNE A65C       : A=70 X=3C Y=C2 SP=?? N=0 V=0 D=0 I=0 Z=0 C=0 : FWA DD-77:B42DEAA6:00:00 = -1.37465944E-03 : FWB 3C-02:9D2CC230:00:?? = +7.21711462E-39
A65C : LDX #08        : A=70 X=08 Y=C2 SP=?? N=0 V=0 D=0 I=0 Z=0 C=0 : FWA DD-77:B42DEAA6:00:00 = -1.37465944E-03 : FWB 3C-02:9D2CC230:00:?? = +7.21711462E-39
A65E : BCS A676       : A=70 X=08 Y=C2 SP=?? N=0 V=0 D=0 I=0 Z=0 C=0 : FWA DD-77:B42DEAA6:00:00 = -1.37465944E-03 : FWB 3C-02:9D2CC230:00:?? = +7.21711462E-39
A660 : CMP 31         : A=70 X=08 Y=C2 SP=?? N=1 V=0 D=0 I=0 Z=0 C=0 : FWA DD-77:B42DEAA6:00:00 = -1.37465944E-03 : FWB 3C-02:9D2CC230:00:?? = +7.21711462E-39
A662 : BNE A674       : A=70 X=08 Y=C2 SP=?? N=1 V=0 D=0 I=0 Z=0 C=0 : FWA DD-77:B42DEAA6:00:00 = -1.37465944E-03 : FWB 3C-02:9D2CC230:00:?? = +7.21711462E-39
A674 : BCC A68D       : A=70 X=08 Y=C2 SP=?? N=1 V=0 D=0 I=0 Z=0 C=0 : FWA DD-77:B42DEAA6:00:00 = -1.37465944E-03 : FWB 3C-02:9D2CC230:00:?? = +7.21711462E-39
A68D : ROL 3B         : A=70 X=08 Y=C2 SP=?? N=0 V=0 D=0 I=0 Z=0 C=0 : FWA DD-77:B42DEAA6:00:00 = -1.37465944E-03 : FWB 78-02:9D2CC230:00:?? = +7.21711462E-39
A68F : ASL 40         : A=70 X=08 Y=C2 SP=?? N=0 V=0 D=0 I=0 Z=0 C=0 : FWA DD-77:B42DEAA6:00:00 = -1.37465944E-03 : FWB 78-02:9D2CC260:00:?? = +7.21711475E-39
A691 : ROL 3F         : A=70 X=08 Y=C2 SP=?? N=1 V=0 D=0 I=0 Z=0 C=1 : FWA DD-77:B42DEAA6:00:00 = -1.37465944E-03 : FWB 78-02:9D2C8460:00:?? = +7.21707131E-39
A693 : ROL 3E         : A=70 X=08 Y=C2 SP=?? N=0 V=0 D=0 I=0 Z=0 C=0 : FWA DD-77:B42DEAA6:00:00 = -1.37465944E-03 : FWB 78-02:9D598460:00:?? = +7.22514279E-39
A695 : ROL A          : A=E0 X=08 Y=C2 SP=?? N=1 V=0 D=0 I=0 Z=0 C=0 : FWA DD-77:B42DEAA6:00:00 = -1.37465944E-03 : FWB 78-02:9D598460:00:?? = +7.22514279E-39
A696 : DEX            : A=E0 X=07 Y=C2 SP=?? N=0 V=0 D=0 I=0 Z=0 C=0 : FWA DD-77:B42DEAA6:00:00 = -1.37465944E-03 : FWB 78-02:9D598460:00:?? = +7.22514279E-39
A697 : BNE A65E       : A=E0 X=07 Y=C2 SP=?? N=0 V=0 D=0 I=0 Z=0 C=0 : FWA DD-77:B42DEAA6:00:00 = -1.37465944E-03 : FWB 78-02:9D598460:00:?? = +7.22514279E-39
A65E : BCS A676       : A=E0 X=07 Y=C2 SP=?? N=0 V=0 D=0 I=0 Z=0 C=0 : FWA DD-77:B42DEAA6:00:00 = -1.37465944E-03 : FWB 78-02:9D598460:00:?? = +7.22514279E-39
A660 : CMP 31         : A=E0 X=07 Y=C2 SP=?? N=0 V=0 D=0 I=0 Z=0 C=1 : FWA DD-77:B42DEAA6:00:00 = -1.37465944E-03 : FWB 78-02:9D598460:00:?? = +7.22514279E-39
A662 : BNE A674       : A=E0 X=07 Y=C2 SP=?? N=0 V=0 D=0 I=0 Z=0 C=1 : FWA DD-77:B42DEAA6:00:00 = -1.37465944E-03 : FWB 78-02:9D598460:00:?? = +7.22514279E-39
A674 : BCC A68D       : A=E0 X=07 Y=C2 SP=?? N=0 V=0 D=0 I=0 Z=0 C=1 : FWA DD-77:B42DEAA6:00:00 = -1.37465944E-03 : FWB 78-02:9D598460:00:?? = +7.22514279E-39
A676 : TAY            : A=E0 X=07 Y=E0 SP=?? N=1 V=0 D=0 I=0 Z=0 C=1 : FWA DD-77:B42DEAA6:00:00 = -1.37465944E-03 : FWB 78-02:9D598460:00:?? = +7.22514279E-39
A677 : LDA 40         : A=60 X=07 Y=E0 SP=?? N=0 V=0 D=0 I=0 Z=0 C=1 : FWA DD-77:B42DEAA6:00:00 = -1.37465944E-03 : FWB 78-02:9D598460:00:?? = +7.22514279E-39
A679 : SBC 34         : A=BA X=07 Y=E0 SP=?? N=1 V=1 D=0 I=0 Z=0 C=0 : FWA DD-77:B42DEAA6:00:00 = -1.37465944E-03 : FWB 78-02:9D598460:00:?? = +7.22514279E-39
A67B : STA 40         : A=BA X=07 Y=E0 SP=?? N=1 V=1 D=0 I=0 Z=0 C=0 : FWA DD-77:B42DEAA6:00:00 = -1.37465944E-03 : FWB 78-02:9D5984BA:00:?? = +7.22514304E-39
A67D : LDA 3F         : A=84 X=07 Y=E0 SP=?? N=1 V=1 D=0 I=0 Z=0 C=0 : FWA DD-77:B42DEAA6:00:00 = -1.37465944E-03 : FWB 78-02:9D5984BA:00:?? = +7.22514304E-39
A67F : SBC 33         : A=99 X=07 Y=E0 SP=?? N=1 V=0 D=0 I=0 Z=0 C=0 : FWA DD-77:B42DEAA6:00:00 = -1.37465944E-03 : FWB 78-02:9D5984BA:00:?? = +7.22514304E-39
A681 : STA 3F         : A=99 X=07 Y=E0 SP=?? N=1 V=0 D=0 I=0 Z=0 C=0 : FWA DD-77:B42DEAA6:00:00 = -1.37465944E-03 : FWB 78-02:9D5999BA:00:?? = +7.22515775E-39
A683 : LDA 3E         : A=59 X=07 Y=E0 SP=?? N=0 V=0 D=0 I=0 Z=0 C=0 : FWA DD-77:B42DEAA6:00:00 = -1.37465944E-03 : FWB 78-02:9D5999BA:00:?? = +7.22515775E-39
A685 : SBC 32         : A=2B X=07 Y=E0 SP=?? N=0 V=0 D=0 I=0 Z=0 C=1 : FWA DD-77:B42DEAA6:00:00 = -1.37465944E-03 : FWB 78-02:9D5999BA:00:?? = +7.22515775E-39
A687 : STA 3E         : A=2B X=07 Y=E0 SP=?? N=0 V=0 D=0 I=0 Z=0 C=1 : FWA DD-77:B42DEAA6:00:00 = -1.37465944E-03 : FWB 78-02:9D2B99BA:00:?? = +7.21690690E-39
A689 : TYA            : A=E0 X=07 Y=E0 SP=?? N=1 V=0 D=0 I=0 Z=0 C=1 : FWA DD-77:B42DEAA6:00:00 = -1.37465944E-03 : FWB 78-02:9D2B99BA:00:?? = +7.21690690E-39
A68A : SBC 31         : A=2C X=07 Y=E0 SP=?? N=0 V=0 D=0 I=0 Z=0 C=1 : FWA DD-77:B42DEAA6:00:00 = -1.37465944E-03 : FWB 78-02:9D2B99BA:00:?? = +7.21690690E-39
A68C : SEC            : A=2C X=07 Y=E0 SP=?? N=0 V=0 D=0 I=0 Z=0 C=1 : FWA DD-77:B42DEAA6:00:00 = -1.37465944E-03 : FWB 78-02:9D2B99BA:00:?? = +7.21690690E-39
A68D : ROL 3B         : A=2C X=07 Y=E0 SP=?? N=1 V=0 D=0 I=0 Z=0 C=0 : FWA DD-77:B42DEAA6:00:00 = -1.37465944E-03 : FWB F1-02:9D2B99BA:00:?? = -7.21690690E-39
A68F : ASL 40         : A=2C X=07 Y=E0 SP=?? N=0 V=0 D=0 I=0 Z=0 C=1 : FWA DD-77:B42DEAA6:00:00 = -1.37465944E-03 : FWB F1-02:9D2B9974:00:?? = -7.21690671E-39
A691 : ROL 3F         : A=2C X=07 Y=E0 SP=?? N=0 V=0 D=0 I=0 Z=0 C=1 : FWA DD-77:B42DEAA6:00:00 = -1.37465944E-03 : FWB F1-02:9D2B3374:00:?? = -7.21683525E-39
A693 : ROL 3E         : A=2C X=07 Y=E0 SP=?? N=0 V=0 D=0 I=0 Z=0 C=0 : FWA DD-77:B42DEAA6:00:00 = -1.37465944E-03 : FWB F1-02:9D573374:00:?? = -7.22472736E-39
A695 : ROL A          : A=58 X=07 Y=E0 SP=?? N=0 V=0 D=0 I=0 Z=0 C=0 : FWA DD-77:B42DEAA6:00:00 = -1.37465944E-03 : FWB F1-02:9D573374:00:?? = -7.22472736E-39
A696 : DEX            : A=58 X=06 Y=E0 SP=?? N=0 V=0 D=0 I=0 Z=0 C=0 : FWA DD-77:B42DEAA6:00:00 = -1.37465944E-03 : FWB F1-02:9D573374:00:?? = -7.22472736E-39
A697 : BNE A65E       : A=58 X=06 Y=E0 SP=?? N=0 V=0 D=0 I=0 Z=0 C=0 : FWA DD-77:B42DEAA6:00:00 = -1.37465944E-03 : FWB F1-02:9D573374:00:?? = -7.22472736E-39
A65E : BCS A676       : A=58 X=06 Y=E0 SP=?? N=0 V=0 D=0 I=0 Z=0 C=0 : FWA DD-77:B42DEAA6:00:00 = -1.37465944E-03 : FWB F1-02:9D573374:00:?? = -7.22472736E-39
A660 : CMP 31         : A=58 X=06 Y=E0 SP=?? N=1 V=0 D=0 I=0 Z=0 C=0 : FWA DD-77:B42DEAA6:00:00 = -1.37465944E-03 : FWB F1-02:9D573374:00:?? = -7.22472736E-39
A662 : BNE A674       : A=58 X=06 Y=E0 SP=?? N=1 V=0 D=0 I=0 Z=0 C=0 : FWA DD-77:B42DEAA6:00:00 = -1.37465944E-03 : FWB F1-02:9D573374:00:?? = -7.22472736E-39
A674 : BCC A68D       : A=58 X=06 Y=E0 SP=?? N=1 V=0 D=0 I=0 Z=0 C=0 : FWA DD-77:B42DEAA6:00:00 = -1.37465944E-03 : FWB F1-02:9D573374:00:?? = -7.22472736E-39
A68D : ROL 3B         : A=58 X=06 Y=E0 SP=?? N=1 V=0 D=0 I=0 Z=0 C=1 : FWA DD-77:B42DEAA6:00:00 = -1.37465944E-03 : FWB E2-02:9D573374:00:?? = -7.22472736E-39
A68F : ASL 40         : A=58 X=06 Y=E0 SP=?? N=1 V=0 D=0 I=0 Z=0 C=0 : FWA DD-77:B42DEAA6:00:00 = -1.37465944E-03 : FWB E2-02:9D5733E8:00:?? = -7.22472768E-39
A691 : ROL 3F         : A=58 X=06 Y=E0 SP=?? N=0 V=0 D=0 I=0 Z=0 C=0 : FWA DD-77:B42DEAA6:00:00 = -1.37465944E-03 : FWB E2-02:9D5766E8:00:?? = -7.22476341E-39
A693 : ROL 3E         : A=58 X=06 Y=E0 SP=?? N=1 V=0 D=0 I=0 Z=0 C=0 : FWA DD-77:B42DEAA6:00:00 = -1.37465944E-03 : FWB E2-02:9DAE66E8:00:?? = -7.24036827E-39
A695 : ROL A          : A=B0 X=06 Y=E0 SP=?? N=1 V=0 D=0 I=0 Z=0 C=0 : FWA DD-77:B42DEAA6:00:00 = -1.37465944E-03 : FWB E2-02:9DAE66E8:00:?? = -7.24036827E-39
A696 : DEX            : A=B0 X=05 Y=E0 SP=?? N=0 V=0 D=0 I=0 Z=0 C=0 : FWA DD-77:B42DEAA6:00:00 = -1.37465944E-03 : FWB E2-02:9DAE66E8:00:?? = -7.24036827E-39
A697 : BNE A65E       : A=B0 X=05 Y=E0 SP=?? N=0 V=0 D=0 I=0 Z=0 C=0 : FWA DD-77:B42DEAA6:00:00 = -1.37465944E-03 : FWB E2-02:9DAE66E8:00:?? = -7.24036827E-39
A65E : BCS A676       : A=B0 X=05 Y=E0 SP=?? N=0 V=0 D=0 I=0 Z=0 C=0 : FWA DD-77:B42DEAA6:00:00 = -1.37465944E-03 : FWB E2-02:9DAE66E8:00:?? = -7.24036827E-39
A660 : CMP 31         : A=B0 X=05 Y=E0 SP=?? N=1 V=0 D=0 I=0 Z=0 C=0 : FWA DD-77:B42DEAA6:00:00 = -1.37465944E-03 : FWB E2-02:9DAE66E8:00:?? = -7.24036827E-39
A662 : BNE A674       : A=B0 X=05 Y=E0 SP=?? N=1 V=0 D=0 I=0 Z=0 C=0 : FWA DD-77:B42DEAA6:00:00 = -1.37465944E-03 : FWB E2-02:9DAE66E8:00:?? = -7.24036827E-39
A674 : BCC A68D       : A=B0 X=05 Y=E0 SP=?? N=1 V=0 D=0 I=0 Z=0 C=0 : FWA DD-77:B42DEAA6:00:00 = -1.37465944E-03 : FWB E2-02:9DAE66E8:00:?? = -7.24036827E-39
A68D : ROL 3B         : A=B0 X=05 Y=E0 SP=?? N=1 V=0 D=0 I=0 Z=0 C=1 : FWA DD-77:B42DEAA6:00:00 = -1.37465944E-03 : FWB C4-02:9DAE66E8:00:?? = -7.24036827E-39
A68F : ASL 40         : A=B0 X=05 Y=E0 SP=?? N=1 V=0 D=0 I=0 Z=0 C=1 : FWA DD-77:B42DEAA6:00:00 = -1.37465944E-03 : FWB C4-02:9DAE66D0:00:?? = -7.24036820E-39
A691 : ROL 3F         : A=B0 X=05 Y=E0 SP=?? N=1 V=0 D=0 I=0 Z=0 C=0 : FWA DD-77:B42DEAA6:00:00 = -1.37465944E-03 : FWB C4-02:9DAECDD0:00:?? = -7.24044037E-39
A693 : ROL 3E         : A=B0 X=05 Y=E0 SP=?? N=0 V=0 D=0 I=0 Z=0 C=1 : FWA DD-77:B42DEAA6:00:00 = -1.37465944E-03 : FWB C4-02:9D5CCDD0:00:?? = -7.22573234E-39
A695 : ROL A          : A=61 X=05 Y=E0 SP=?? N=0 V=0 D=0 I=0 Z=0 C=1 : FWA DD-77:B42DEAA6:00:00 = -1.37465944E-03 : FWB C4-02:9D5CCDD0:00:?? = -7.22573234E-39
A696 : DEX            : A=61 X=04 Y=E0 SP=?? N=0 V=0 D=0 I=0 Z=0 C=1 : FWA DD-77:B42DEAA6:00:00 = -1.37465944E-03 : FWB C4-02:9D5CCDD0:00:?? = -7.22573234E-39
A697 : BNE A65E       : A=61 X=04 Y=E0 SP=?? N=0 V=0 D=0 I=0 Z=0 C=1 : FWA DD-77:B42DEAA6:00:00 = -1.37465944E-03 : FWB C4-02:9D5CCDD0:00:?? = -7.22573234E-39
A65E : BCS A676       : A=61 X=04 Y=E0 SP=?? N=0 V=0 D=0 I=0 Z=0 C=1 : FWA DD-77:B42DEAA6:00:00 = -1.37465944E-03 : FWB C4-02:9D5CCDD0:00:?? = -7.22573234E-39
A676 : TAY            : A=61 X=04 Y=61 SP=?? N=0 V=0 D=0 I=0 Z=0 C=1 : FWA DD-77:B42DEAA6:00:00 = -1.37465944E-03 : FWB C4-02:9D5CCDD0:00:?? = -7.22573234E-39
A677 : LDA 40         : A=D0 X=04 Y=61 SP=?? N=1 V=0 D=0 I=0 Z=0 C=1 : FWA DD-77:B42DEAA6:00:00 = -1.37465944E-03 : FWB C4-02:9D5CCDD0:00:?? = -7.22573234E-39
A679 : SBC 34         : A=2A X=04 Y=61 SP=?? N=0 V=0 D=0 I=0 Z=0 C=1 : FWA DD-77:B42DEAA6:00:00 = -1.37465944E-03 : FWB C4-02:9D5CCDD0:00:?? = -7.22573234E-39
A67B : STA 40         : A=2A X=04 Y=61 SP=?? N=0 V=0 D=0 I=0 Z=0 C=1 : FWA DD-77:B42DEAA6:00:00 = -1.37465944E-03 : FWB C4-02:9D5CCD2A:00:?? = -7.22573189E-39
A67D : LDA 3F         : A=CD X=04 Y=61 SP=?? N=1 V=0 D=0 I=0 Z=0 C=1 : FWA DD-77:B42DEAA6:00:00 = -1.37465944E-03 : FWB C4-02:9D5CCD2A:00:?? = -7.22573189E-39
A67F : SBC 33         : A=E3 X=04 Y=61 SP=?? N=1 V=0 D=0 I=0 Z=0 C=0 : FWA DD-77:B42DEAA6:00:00 = -1.37465944E-03 : FWB C4-02:9D5CCD2A:00:?? = -7.22573189E-39
A681 : STA 3F         : A=E3 X=04 Y=61 SP=?? N=1 V=0 D=0 I=0 Z=0 C=0 : FWA DD-77:B42DEAA6:00:00 = -1.37465944E-03 : FWB C4-02:9D5CE32A:00:?? = -7.22574730E-39
A683 : LDA 3E         : A=5C X=04 Y=61 SP=?? N=0 V=0 D=0 I=0 Z=0 C=0 : FWA DD-77:B42DEAA6:00:00 = -1.37465944E-03 : FWB C4-02:9D5CE32A:00:?? = -7.22574730E-39
A685 : SBC 32         : A=2E X=04 Y=61 SP=?? N=0 V=0 D=0 I=0 Z=0 C=1 : FWA DD-77:B42DEAA6:00:00 = -1.37465944E-03 : FWB C4-02:9D5CE32A:00:?? = -7.22574730E-39
A687 : STA 3E         : A=2E X=04 Y=61 SP=?? N=0 V=0 D=0 I=0 Z=0 C=1 : FWA DD-77:B42DEAA6:00:00 = -1.37465944E-03 : FWB C4-02:9D2EE32A:00:?? = -7.21749646E-39
A689 : TYA            : A=61 X=04 Y=61 SP=?? N=0 V=0 D=0 I=0 Z=0 C=1 : FWA DD-77:B42DEAA6:00:00 = -1.37465944E-03 : FWB C4-02:9D2EE32A:00:?? = -7.21749646E-39
A68A : SBC 31         : A=AD X=04 Y=61 SP=?? N=1 V=1 D=0 I=0 Z=0 C=0 : FWA DD-77:B42DEAA6:00:00 = -1.37465944E-03 : FWB C4-02:9D2EE32A:00:?? = -7.21749646E-39
A68C : SEC            : A=AD X=04 Y=61 SP=?? N=1 V=1 D=0 I=0 Z=0 C=1 : FWA DD-77:B42DEAA6:00:00 = -1.37465944E-03 : FWB C4-02:9D2EE32A:00:?? = -7.21749646E-39
A68D : ROL 3B         : A=AD X=04 Y=61 SP=?? N=1 V=1 D=0 I=0 Z=0 C=1 : FWA DD-77:B42DEAA6:00:00 = -1.37465944E-03 : FWB 89-02:9D2EE32A:00:?? = -7.21749646E-39
A68F : ASL 40         : A=AD X=04 Y=61 SP=?? N=0 V=1 D=0 I=0 Z=0 C=0 : FWA DD-77:B42DEAA6:00:00 = -1.37465944E-03 : FWB 89-02:9D2EE354:00:?? = -7.21749657E-39
A691 : ROL 3F         : A=AD X=04 Y=61 SP=?? N=1 V=1 D=0 I=0 Z=0 C=1 : FWA DD-77:B42DEAA6:00:00 = -1.37465944E-03 : FWB 89-02:9D2EC654:00:?? = -7.21747625E-39
A693 : ROL 3E         : A=AD X=04 Y=61 SP=?? N=0 V=1 D=0 I=0 Z=0 C=0 : FWA DD-77:B42DEAA6:00:00 = -1.37465944E-03 : FWB 89-02:9D5DC654:00:?? = -7.22590646E-39
A695 : ROL A          : A=5A X=04 Y=61 SP=?? N=0 V=1 D=0 I=0 Z=0 C=1 : FWA DD-77:B42DEAA6:00:00 = -1.37465944E-03 : FWB 89-02:9D5DC654:00:?? = -7.22590646E-39
A696 : DEX            : A=5A X=03 Y=61 SP=?? N=0 V=1 D=0 I=0 Z=0 C=1 : FWA DD-77:B42DEAA6:00:00 = -1.37465944E-03 : FWB 89-02:9D5DC654:00:?? = -7.22590646E-39
A697 : BNE A65E       : A=5A X=03 Y=61 SP=?? N=0 V=1 D=0 I=0 Z=0 C=1 : FWA DD-77:B42DEAA6:00:00 = -1.37465944E-03 : FWB 89-02:9D5DC654:00:?? = -7.22590646E-39
A65E : BCS A676       : A=5A X=03 Y=61 SP=?? N=0 V=1 D=0 I=0 Z=0 C=1 : FWA DD-77:B42DEAA6:00:00 = -1.37465944E-03 : FWB 89-02:9D5DC654:00:?? = -7.22590646E-39
A676 : TAY            : A=5A X=03 Y=5A SP=?? N=0 V=1 D=0 I=0 Z=0 C=1 : FWA DD-77:B42DEAA6:00:00 = -1.37465944E-03 : FWB 89-02:9D5DC654:00:?? = -7.22590646E-39
A677 : LDA 40         : A=54 X=03 Y=5A SP=?? N=0 V=1 D=0 I=0 Z=0 C=1 : FWA DD-77:B42DEAA6:00:00 = -1.37465944E-03 : FWB 89-02:9D5DC654:00:?? = -7.22590646E-39
A679 : SBC 34         : A=AE X=03 Y=5A SP=?? N=1 V=1 D=0 I=0 Z=0 C=0 : FWA DD-77:B42DEAA6:00:00 = -1.37465944E-03 : FWB 89-02:9D5DC654:00:?? = -7.22590646E-39
A67B : STA 40         : A=AE X=03 Y=5A SP=?? N=1 V=1 D=0 I=0 Z=0 C=0 : FWA DD-77:B42DEAA6:00:00 = -1.37465944E-03 : FWB 89-02:9D5DC6AE:00:?? = -7.22590671E-39
A67D : LDA 3F         : A=C6 X=03 Y=5A SP=?? N=1 V=1 D=0 I=0 Z=0 C=0 : FWA DD-77:B42DEAA6:00:00 = -1.37465944E-03 : FWB 89-02:9D5DC6AE:00:?? = -7.22590671E-39
A67F : SBC 33         : A=DB X=03 Y=5A SP=?? N=1 V=0 D=0 I=0 Z=0 C=0 : FWA DD-77:B42DEAA6:00:00 = -1.37465944E-03 : FWB 89-02:9D5DC6AE:00:?? = -7.22590671E-39
A681 : STA 3F         : A=DB X=03 Y=5A SP=?? N=1 V=0 D=0 I=0 Z=0 C=0 : FWA DD-77:B42DEAA6:00:00 = -1.37465944E-03 : FWB 89-02:9D5DDBAE:00:?? = -7.22592142E-39
A683 : LDA 3E         : A=5D X=03 Y=5A SP=?? N=0 V=0 D=0 I=0 Z=0 C=0 : FWA DD-77:B42DEAA6:00:00 = -1.37465944E-03 : FWB 89-02:9D5DDBAE:00:?? = -7.22592142E-39
A685 : SBC 32         : A=2F X=03 Y=5A SP=?? N=0 V=0 D=0 I=0 Z=0 C=1 : FWA DD-77:B42DEAA6:00:00 = -1.37465944E-03 : FWB 89-02:9D5DDBAE:00:?? = -7.22592142E-39
A687 : STA 3E         : A=2F X=03 Y=5A SP=?? N=0 V=0 D=0 I=0 Z=0 C=1 : FWA DD-77:B42DEAA6:00:00 = -1.37465944E-03 : FWB 89-02:9D2FDBAE:00:?? = -7.21767058E-39
A689 : TYA            : A=5A X=03 Y=5A SP=?? N=0 V=0 D=0 I=0 Z=0 C=1 : FWA DD-77:B42DEAA6:00:00 = -1.37465944E-03 : FWB 89-02:9D2FDBAE:00:?? = -7.21767058E-39
A68A : SBC 31         : A=A6 X=03 Y=5A SP=?? N=1 V=1 D=0 I=0 Z=0 C=0 : FWA DD-77:B42DEAA6:00:00 = -1.37465944E-03 : FWB 89-02:9D2FDBAE:00:?? = -7.21767058E-39
A68C : SEC            : A=A6 X=03 Y=5A SP=?? N=1 V=1 D=0 I=0 Z=0 C=1 : FWA DD-77:B42DEAA6:00:00 = -1.37465944E-03 : FWB 89-02:9D2FDBAE:00:?? = -7.21767058E-39
A68D : ROL 3B         : A=A6 X=03 Y=5A SP=?? N=0 V=1 D=0 I=0 Z=0 C=1 : FWA DD-77:B42DEAA6:00:00 = -1.37465944E-03 : FWB 13-02:9D2FDBAE:00:?? = +7.21767058E-39
A68F : ASL 40         : A=A6 X=03 Y=5A SP=?? N=0 V=1 D=0 I=0 Z=0 C=1 : FWA DD-77:B42DEAA6:00:00 = -1.37465944E-03 : FWB 13-02:9D2FDB5C:00:?? = +7.21767035E-39
A691 : ROL 3F         : A=A6 X=03 Y=5A SP=?? N=1 V=1 D=0 I=0 Z=0 C=1 : FWA DD-77:B42DEAA6:00:00 = -1.37465944E-03 : FWB 13-02:9D2FB75C:00:?? = +7.21764513E-39
A693 : ROL 3E         : A=A6 X=03 Y=5A SP=?? N=0 V=1 D=0 I=0 Z=0 C=0 : FWA DD-77:B42DEAA6:00:00 = -1.37465944E-03 : FWB 13-02:9D5FB75C:00:?? = +7.22625471E-39
A695 : ROL A          : A=4C X=03 Y=5A SP=?? N=0 V=1 D=0 I=0 Z=0 C=1 : FWA DD-77:B42DEAA6:00:00 = -1.37465944E-03 : FWB 13-02:9D5FB75C:00:?? = +7.22625471E-39
A696 : DEX            : A=4C X=02 Y=5A SP=?? N=0 V=1 D=0 I=0 Z=0 C=1 : FWA DD-77:B42DEAA6:00:00 = -1.37465944E-03 : FWB 13-02:9D5FB75C:00:?? = +7.22625471E-39
A697 : BNE A65E       : A=4C X=02 Y=5A SP=?? N=0 V=1 D=0 I=0 Z=0 C=1 : FWA DD-77:B42DEAA6:00:00 = -1.37465944E-03 : FWB 13-02:9D5FB75C:00:?? = +7.22625471E-39
A65E : BCS A676       : A=4C X=02 Y=5A SP=?? N=0 V=1 D=0 I=0 Z=0 C=1 : FWA DD-77:B42DEAA6:00:00 = -1.37465944E-03 : FWB 13-02:9D5FB75C:00:?? = +7.22625471E-39
A676 : TAY            : A=4C X=02 Y=4C SP=?? N=0 V=1 D=0 I=0 Z=0 C=1 : FWA DD-77:B42DEAA6:00:00 = -1.37465944E-03 : FWB 13-02:9D5FB75C:00:?? = +7.22625471E-39
A677 : LDA 40         : A=5C X=02 Y=4C SP=?? N=0 V=1 D=0 I=0 Z=0 C=1 : FWA DD-77:B42DEAA6:00:00 = -1.37465944E-03 : FWB 13-02:9D5FB75C:00:?? = +7.22625471E-39
A679 : SBC 34         : A=B6 X=02 Y=4C SP=?? N=1 V=1 D=0 I=0 Z=0 C=0 : FWA DD-77:B42DEAA6:00:00 = -1.37465944E-03 : FWB 13-02:9D5FB75C:00:?? = +7.22625471E-39
A67B : STA 40         : A=B6 X=02 Y=4C SP=?? N=1 V=1 D=0 I=0 Z=0 C=0 : FWA DD-77:B42DEAA6:00:00 = -1.37465944E-03 : FWB 13-02:9D5FB7B6:00:?? = +7.22625495E-39
A67D : LDA 3F         : A=B7 X=02 Y=4C SP=?? N=1 V=1 D=0 I=0 Z=0 C=0 : FWA DD-77:B42DEAA6:00:00 = -1.37465944E-03 : FWB 13-02:9D5FB7B6:00:?? = +7.22625495E-39
A67F : SBC 33         : A=CC X=02 Y=4C SP=?? N=1 V=0 D=0 I=0 Z=0 C=0 : FWA DD-77:B42DEAA6:00:00 = -1.37465944E-03 : FWB 13-02:9D5FB7B6:00:?? = +7.22625495E-39
A681 : STA 3F         : A=CC X=02 Y=4C SP=?? N=1 V=0 D=0 I=0 Z=0 C=0 : FWA DD-77:B42DEAA6:00:00 = -1.37465944E-03 : FWB 13-02:9D5FCCB6:00:?? = +7.22626967E-39
A683 : LDA 3E         : A=5F X=02 Y=4C SP=?? N=0 V=0 D=0 I=0 Z=0 C=0 : FWA DD-77:B42DEAA6:00:00 = -1.37465944E-03 : FWB 13-02:9D5FCCB6:00:?? = +7.22626967E-39
A685 : SBC 32         : A=31 X=02 Y=4C SP=?? N=0 V=0 D=0 I=0 Z=0 C=1 : FWA DD-77:B42DEAA6:00:00 = -1.37465944E-03 : FWB 13-02:9D5FCCB6:00:?? = +7.22626967E-39
A687 : STA 3E         : A=31 X=02 Y=4C SP=?? N=0 V=0 D=0 I=0 Z=0 C=1 : FWA DD-77:B42DEAA6:00:00 = -1.37465944E-03 : FWB 13-02:9D31CCB6:00:?? = +7.21801882E-39
A689 : TYA            : A=4C X=02 Y=4C SP=?? N=0 V=0 D=0 I=0 Z=0 C=1 : FWA DD-77:B42DEAA6:00:00 = -1.37465944E-03 : FWB 13-02:9D31CCB6:00:?? = +7.21801882E-39
A68A : SBC 31         : A=98 X=02 Y=4C SP=?? N=1 V=1 D=0 I=0 Z=0 C=0 : FWA DD-77:B42DEAA6:00:00 = -1.37465944E-03 : FWB 13-02:9D31CCB6:00:?? = +7.21801882E-39
A68C : SEC            : A=98 X=02 Y=4C SP=?? N=1 V=1 D=0 I=0 Z=0 C=1 : FWA DD-77:B42DEAA6:00:00 = -1.37465944E-03 : FWB 13-02:9D31CCB6:00:?? = +7.21801882E-39
A68D : ROL 3B         : A=98 X=02 Y=4C SP=?? N=0 V=1 D=0 I=0 Z=0 C=0 : FWA DD-77:B42DEAA6:00:00 = -1.37465944E-03 : FWB 27-02:9D31CCB6:00:?? = +7.21801882E-39
A68F : ASL 40         : A=98 X=02 Y=4C SP=?? N=0 V=1 D=0 I=0 Z=0 C=1 : FWA DD-77:B42DEAA6:00:00 = -1.37465944E-03 : FWB 27-02:9D31CC6C:00:?? = +7.21801862E-39
A691 : ROL 3F         : A=98 X=02 Y=4C SP=?? N=1 V=1 D=0 I=0 Z=0 C=1 : FWA DD-77:B42DEAA6:00:00 = -1.37465944E-03 : FWB 27-02:9D31996C:00:?? = +7.21798289E-39
A693 : ROL 3E         : A=98 X=02 Y=4C SP=?? N=0 V=1 D=0 I=0 Z=0 C=0 : FWA DD-77:B42DEAA6:00:00 = -1.37465944E-03 : FWB 27-02:9D63996C:00:?? = +7.22695120E-39
A695 : ROL A          : A=30 X=02 Y=4C SP=?? N=0 V=1 D=0 I=0 Z=0 C=1 : FWA DD-77:B42DEAA6:00:00 = -1.37465944E-03 : FWB 27-02:9D63996C:00:?? = +7.22695120E-39
A696 : DEX            : A=30 X=01 Y=4C SP=?? N=0 V=1 D=0 I=0 Z=0 C=1 : FWA DD-77:B42DEAA6:00:00 = -1.37465944E-03 : FWB 27-02:9D63996C:00:?? = +7.22695120E-39
A697 : BNE A65E       : A=30 X=01 Y=4C SP=?? N=0 V=1 D=0 I=0 Z=0 C=1 : FWA DD-77:B42DEAA6:00:00 = -1.37465944E-03 : FWB 27-02:9D63996C:00:?? = +7.22695120E-39
A65E : BCS A676       : A=30 X=01 Y=4C SP=?? N=0 V=1 D=0 I=0 Z=0 C=1 : FWA DD-77:B42DEAA6:00:00 = -1.37465944E-03 : FWB 27-02:9D63996C:00:?? = +7.22695120E-39
A676 : TAY            : A=30 X=01 Y=30 SP=?? N=0 V=1 D=0 I=0 Z=0 C=1 : FWA DD-77:B42DEAA6:00:00 = -1.37465944E-03 : FWB 27-02:9D63996C:00:?? = +7.22695120E-39
A677 : LDA 40         : A=6C X=01 Y=30 SP=?? N=0 V=1 D=0 I=0 Z=0 C=1 : FWA DD-77:B42DEAA6:00:00 = -1.37465944E-03 : FWB 27-02:9D63996C:00:?? = +7.22695120E-39
A679 : SBC 34         : A=C6 X=01 Y=30 SP=?? N=1 V=1 D=0 I=0 Z=0 C=0 : FWA DD-77:B42DEAA6:00:00 = -1.37465944E-03 : FWB 27-02:9D63996C:00:?? = +7.22695120E-39
A67B : STA 40         : A=C6 X=01 Y=30 SP=?? N=1 V=1 D=0 I=0 Z=0 C=0 : FWA DD-77:B42DEAA6:00:00 = -1.37465944E-03 : FWB 27-02:9D6399C6:00:?? = +7.22695144E-39
A67D : LDA 3F         : A=99 X=01 Y=30 SP=?? N=1 V=1 D=0 I=0 Z=0 C=0 : FWA DD-77:B42DEAA6:00:00 = -1.37465944E-03 : FWB 27-02:9D6399C6:00:?? = +7.22695144E-39
A67F : SBC 33         : A=AE X=01 Y=30 SP=?? N=1 V=0 D=0 I=0 Z=0 C=0 : FWA DD-77:B42DEAA6:00:00 = -1.37465944E-03 : FWB 27-02:9D6399C6:00:?? = +7.22695144E-39
A681 : STA 3F         : A=AE X=01 Y=30 SP=?? N=1 V=0 D=0 I=0 Z=0 C=0 : FWA DD-77:B42DEAA6:00:00 = -1.37465944E-03 : FWB 27-02:9D63AEC6:00:?? = +7.22696616E-39
A683 : LDA 3E         : A=63 X=01 Y=30 SP=?? N=0 V=0 D=0 I=0 Z=0 C=0 : FWA DD-77:B42DEAA6:00:00 = -1.37465944E-03 : FWB 27-02:9D63AEC6:00:?? = +7.22696616E-39
A685 : SBC 32         : A=35 X=01 Y=30 SP=?? N=0 V=0 D=0 I=0 Z=0 C=1 : FWA DD-77:B42DEAA6:00:00 = -1.37465944E-03 : FWB 27-02:9D63AEC6:00:?? = +7.22696616E-39
A687 : STA 3E         : A=35 X=01 Y=30 SP=?? N=0 V=0 D=0 I=0 Z=0 C=1 : FWA DD-77:B42DEAA6:00:00 = -1.37465944E-03 : FWB 27-02:9D35AEC6:00:?? = +7.21871531E-39
A689 : TYA            : A=30 X=01 Y=30 SP=?? N=0 V=0 D=0 I=0 Z=0 C=1 : FWA DD-77:B42DEAA6:00:00 = -1.37465944E-03 : FWB 27-02:9D35AEC6:00:?? = +7.21871531E-39
A68A : SBC 31         : A=7C X=01 Y=30 SP=?? N=0 V=0 D=0 I=0 Z=0 C=0 : FWA DD-77:B42DEAA6:00:00 = -1.37465944E-03 : FWB 27-02:9D35AEC6:00:?? = +7.21871531E-39
A68C : SEC            : A=7C X=01 Y=30 SP=?? N=0 V=0 D=0 I=0 Z=0 C=1 : FWA DD-77:B42DEAA6:00:00 = -1.37465944E-03 : FWB 27-02:9D35AEC6:00:?? = +7.21871531E-39
A68D : ROL 3B         : A=7C X=01 Y=30 SP=?? N=0 V=0 D=0 I=0 Z=0 C=0 : FWA DD-77:B42DEAA6:00:00 = -1.37465944E-03 : FWB 4F-02:9D35AEC6:00:?? = +7.21871531E-39
A68F : ASL 40         : A=7C X=01 Y=30 SP=?? N=1 V=0 D=0 I=0 Z=0 C=1 : FWA DD-77:B42DEAA6:00:00 = -1.37465944E-03 : FWB 4F-02:9D35AE8C:00:?? = +7.21871515E-39
A691 : ROL 3F         : A=7C X=01 Y=30 SP=?? N=0 V=0 D=0 I=0 Z=0 C=1 : FWA DD-77:B42DEAA6:00:00 = -1.37465944E-03 : FWB 4F-02:9D355D8C:00:?? = +7.21865840E-39
A693 : ROL 3E         : A=7C X=01 Y=30 SP=?? N=0 V=0 D=0 I=0 Z=0 C=0 : FWA DD-77:B42DEAA6:00:00 = -1.37465944E-03 : FWB 4F-02:9D6B5D8C:00:?? = +7.22834418E-39
A695 : ROL A          : A=F8 X=01 Y=30 SP=?? N=1 V=0 D=0 I=0 Z=0 C=0 : FWA DD-77:B42DEAA6:00:00 = -1.37465944E-03 : FWB 4F-02:9D6B5D8C:00:?? = +7.22834418E-39
A696 : DEX            : A=F8 X=00 Y=30 SP=?? N=0 V=0 D=0 I=0 Z=1 C=0 : FWA DD-77:B42DEAA6:00:00 = -1.37465944E-03 : FWB 4F-02:9D6B5D8C:00:?? = +7.22834418E-39
A697 : BNE A65E       : A=F8 X=00 Y=30 SP=?? N=0 V=0 D=0 I=0 Z=1 C=0 : FWA DD-77:B42DEAA6:00:00 = -1.37465944E-03 : FWB 4F-02:9D6B5D8C:00:?? = +7.22834418E-39
A699 : LDX 3B         : A=F8 X=4F Y=30 SP=?? N=0 V=0 D=0 I=0 Z=0 C=0 : FWA DD-77:B42DEAA6:00:00 = -1.37465944E-03 : FWB 4F-02:9D6B5D8C:00:?? = +7.22834418E-39
A69B : PHX            : A=F8 X=4F Y=30 SP=?? N=0 V=0 D=0 I=0 Z=0 C=0 : FWA DD-77:B42DEAA6:00:00 = -1.37465944E-03 : FWB 4F-02:9D6B5D8C:00:?? = +7.22834418E-39
A69C : DEC 3C         : A=F8 X=4F Y=30 SP=?? N=0 V=0 D=0 I=0 Z=0 C=0 : FWA DD-77:B42DEAA6:00:00 = -1.37465944E-03 : FWB 4F-01:9D6B5D8C:00:?? = +3.61417209E-39
A69E : BNE A65C       : A=F8 X=4F Y=30 SP=?? N=0 V=0 D=0 I=0 Z=0 C=0 : FWA DD-77:B42DEAA6:00:00 = -1.37465944E-03 : FWB 4F-01:9D6B5D8C:00:?? = +3.61417209E-39
A65C : LDX #08        : A=F8 X=08 Y=30 SP=?? N=0 V=0 D=0 I=0 Z=0 C=0 : FWA DD-77:B42DEAA6:00:00 = -1.37465944E-03 : FWB 4F-01:9D6B5D8C:00:?? = +3.61417209E-39
A65E : BCS A676       : A=F8 X=08 Y=30 SP=?? N=0 V=0 D=0 I=0 Z=0 C=0 : FWA DD-77:B42DEAA6:00:00 = -1.37465944E-03 : FWB 4F-01:9D6B5D8C:00:?? = +3.61417209E-39
A660 : CMP 31         : A=F8 X=08 Y=30 SP=?? N=0 V=0 D=0 I=0 Z=0 C=1 : FWA DD-77:B42DEAA6:00:00 = -1.37465944E-03 : FWB 4F-01:9D6B5D8C:00:?? = +3.61417209E-39
A662 : BNE A674       : A=F8 X=08 Y=30 SP=?? N=0 V=0 D=0 I=0 Z=0 C=1 : FWA DD-77:B42DEAA6:00:00 = -1.37465944E-03 : FWB 4F-01:9D6B5D8C:00:?? = +3.61417209E-39
A674 : BCC A68D       : A=F8 X=08 Y=30 SP=?? N=0 V=0 D=0 I=0 Z=0 C=1 : FWA DD-77:B42DEAA6:00:00 = -1.37465944E-03 : FWB 4F-01:9D6B5D8C:00:?? = +3.61417209E-39
A676 : TAY            : A=F8 X=08 Y=F8 SP=?? N=1 V=0 D=0 I=0 Z=0 C=1 : FWA DD-77:B42DEAA6:00:00 = -1.37465944E-03 : FWB 4F-01:9D6B5D8C:00:?? = +3.61417209E-39
A677 : LDA 40         : A=8C X=08 Y=F8 SP=?? N=1 V=0 D=0 I=0 Z=0 C=1 : FWA DD-77:B42DEAA6:00:00 = -1.37465944E-03 : FWB 4F-01:9D6B5D8C:00:?? = +3.61417209E-39
A679 : SBC 34         : A=E6 X=08 Y=F8 SP=?? N=1 V=0 D=0 I=0 Z=0 C=0 : FWA DD-77:B42DEAA6:00:00 = -1.37465944E-03 : FWB 4F-01:9D6B5D8C:00:?? = +3.61417209E-39
A67B : STA 40         : A=E6 X=08 Y=F8 SP=?? N=1 V=0 D=0 I=0 Z=0 C=0 : FWA DD-77:B42DEAA6:00:00 = -1.37465944E-03 : FWB 4F-01:9D6B5DE6:00:?? = +3.61417221E-39
A67D : LDA 3F         : A=5D X=08 Y=F8 SP=?? N=0 V=0 D=0 I=0 Z=0 C=0 : FWA DD-77:B42DEAA6:00:00 = -1.37465944E-03 : FWB 4F-01:9D6B5DE6:00:?? = +3.61417221E-39
A67F : SBC 33         : A=72 X=08 Y=F8 SP=?? N=0 V=0 D=0 I=0 Z=0 C=0 : FWA DD-77:B42DEAA6:00:00 = -1.37465944E-03 : FWB 4F-01:9D6B5DE6:00:?? = +3.61417221E-39
A681 : STA 3F         : A=72 X=08 Y=F8 SP=?? N=0 V=0 D=0 I=0 Z=0 C=0 : FWA DD-77:B42DEAA6:00:00 = -1.37465944E-03 : FWB 4F-01:9D6B72E6:00:?? = +3.61417957E-39
A683 : LDA 3E         : A=6B X=08 Y=F8 SP=?? N=0 V=0 D=0 I=0 Z=0 C=0 : FWA DD-77:B42DEAA6:00:00 = -1.37465944E-03 : FWB 4F-01:9D6B72E6:00:?? = +3.61417957E-39
A685 : SBC 32         : A=3D X=08 Y=F8 SP=?? N=0 V=0 D=0 I=0 Z=0 C=1 : FWA DD-77:B42DEAA6:00:00 = -1.37465944E-03 : FWB 4F-01:9D6B72E6:00:?? = +3.61417957E-39
A687 : STA 3E         : A=3D X=08 Y=F8 SP=?? N=0 V=0 D=0 I=0 Z=0 C=1 : FWA DD-77:B42DEAA6:00:00 = -1.37465944E-03 : FWB 4F-01:9D3D72E6:00:?? = +3.61005415E-39
A689 : TYA            : A=F8 X=08 Y=F8 SP=?? N=1 V=0 D=0 I=0 Z=0 C=1 : FWA DD-77:B42DEAA6:00:00 = -1.37465944E-03 : FWB 4F-01:9D3D72E6:00:?? = +3.61005415E-39
A68A : SBC 31         : A=44 X=08 Y=F8 SP=?? N=0 V=0 D=0 I=0 Z=0 C=1 : FWA DD-77:B42DEAA6:00:00 = -1.37465944E-03 : FWB 4F-01:9D3D72E6:00:?? = +3.61005415E-39
A68C : SEC            : A=44 X=08 Y=F8 SP=?? N=0 V=0 D=0 I=0 Z=0 C=1 : FWA DD-77:B42DEAA6:00:00 = -1.37465944E-03 : FWB 4F-01:9D3D72E6:00:?? = +3.61005415E-39
A68D : ROL 3B         : A=44 X=08 Y=F8 SP=?? N=1 V=0 D=0 I=0 Z=0 C=0 : FWA DD-77:B42DEAA6:00:00 = -1.37465944E-03 : FWB 9F-01:9D3D72E6:00:?? = -3.61005415E-39
A68F : ASL 40         : A=44 X=08 Y=F8 SP=?? N=1 V=0 D=0 I=0 Z=0 C=1 : FWA DD-77:B42DEAA6:00:00 = -1.37465944E-03 : FWB 9F-01:9D3D72CC:00:?? = -3.61005411E-39
A691 : ROL 3F         : A=44 X=08 Y=F8 SP=?? N=1 V=0 D=0 I=0 Z=0 C=0 : FWA DD-77:B42DEAA6:00:00 = -1.37465944E-03 : FWB 9F-01:9D3DE5CC:00:?? = -3.61009440E-39
A693 : ROL 3E         : A=44 X=08 Y=F8 SP=?? N=0 V=0 D=0 I=0 Z=0 C=0 : FWA DD-77:B42DEAA6:00:00 = -1.37465944E-03 : FWB 9F-01:9D7AE5CC:00:?? = -3.61556507E-39
A695 : ROL A          : A=88 X=08 Y=F8 SP=?? N=1 V=0 D=0 I=0 Z=0 C=0 : FWA DD-77:B42DEAA6:00:00 = -1.37465944E-03 : FWB 9F-01:9D7AE5CC:00:?? = -3.61556507E-39
A696 : DEX            : A=88 X=07 Y=F8 SP=?? N=0 V=0 D=0 I=0 Z=0 C=0 : FWA DD-77:B42DEAA6:00:00 = -1.37465944E-03 : FWB 9F-01:9D7AE5CC:00:?? = -3.61556507E-39
A697 : BNE A65E       : A=88 X=07 Y=F8 SP=?? N=0 V=0 D=0 I=0 Z=0 C=0 : FWA DD-77:B42DEAA6:00:00 = -1.37465944E-03 : FWB 9F-01:9D7AE5CC:00:?? = -3.61556507E-39
A65E : BCS A676       : A=88 X=07 Y=F8 SP=?? N=0 V=0 D=0 I=0 Z=0 C=0 : FWA DD-77:B42DEAA6:00:00 = -1.37465944E-03 : FWB 9F-01:9D7AE5CC:00:?? = -3.61556507E-39
A660 : CMP 31         : A=88 X=07 Y=F8 SP=?? N=1 V=0 D=0 I=0 Z=0 C=0 : FWA DD-77:B42DEAA6:00:00 = -1.37465944E-03 : FWB 9F-01:9D7AE5CC:00:?? = -3.61556507E-39
A662 : BNE A674       : A=88 X=07 Y=F8 SP=?? N=1 V=0 D=0 I=0 Z=0 C=0 : FWA DD-77:B42DEAA6:00:00 = -1.37465944E-03 : FWB 9F-01:9D7AE5CC:00:?? = -3.61556507E-39
A674 : BCC A68D       : A=88 X=07 Y=F8 SP=?? N=1 V=0 D=0 I=0 Z=0 C=0 : FWA DD-77:B42DEAA6:00:00 = -1.37465944E-03 : FWB 9F-01:9D7AE5CC:00:?? = -3.61556507E-39
A68D : ROL 3B         : A=88 X=07 Y=F8 SP=?? N=0 V=0 D=0 I=0 Z=0 C=1 : FWA DD-77:B42DEAA6:00:00 = -1.37465944E-03 : FWB 3E-01:9D7AE5CC:00:?? = +3.61556507E-39
A68F : ASL 40         : A=88 X=07 Y=F8 SP=?? N=1 V=0 D=0 I=0 Z=0 C=1 : FWA DD-77:B42DEAA6:00:00 = -1.37465944E-03 : FWB 3E-01:9D7AE598:00:?? = +3.61556499E-39
A691 : ROL 3F         : A=88 X=07 Y=F8 SP=?? N=1 V=0 D=0 I=0 Z=0 C=1 : FWA DD-77:B42DEAA6:00:00 = -1.37465944E-03 : FWB 3E-01:9D7ACB98:00:?? = +3.61555589E-39
A693 : ROL 3E         : A=88 X=07 Y=F8 SP=?? N=1 V=0 D=0 I=0 Z=0 C=0 : FWA DD-77:B42DEAA6:00:00 = -1.37465944E-03 : FWB 3E-01:9DF5CB98:00:?? = +3.62658691E-39
A695 : ROL A          : A=10 X=07 Y=F8 SP=?? N=0 V=0 D=0 I=0 Z=0 C=1 : FWA DD-77:B42DEAA6:00:00 = -1.37465944E-03 : FWB 3E-01:9DF5CB98:00:?? = +3.62658691E-39
A696 : DEX            : A=10 X=06 Y=F8 SP=?? N=0 V=0 D=0 I=0 Z=0 C=1 : FWA DD-77:B42DEAA6:00:00 = -1.37465944E-03 : FWB 3E-01:9DF5CB98:00:?? = +3.62658691E-39
A697 : BNE A65E       : A=10 X=06 Y=F8 SP=?? N=0 V=0 D=0 I=0 Z=0 C=1 : FWA DD-77:B42DEAA6:00:00 = -1.37465944E-03 : FWB 3E-01:9DF5CB98:00:?? = +3.62658691E-39
A65E : BCS A676       : A=10 X=06 Y=F8 SP=?? N=0 V=0 D=0 I=0 Z=0 C=1 : FWA DD-77:B42DEAA6:00:00 = -1.37465944E-03 : FWB 3E-01:9DF5CB98:00:?? = +3.62658691E-39
A676 : TAY            : A=10 X=06 Y=10 SP=?? N=0 V=0 D=0 I=0 Z=0 C=1 : FWA DD-77:B42DEAA6:00:00 = -1.37465944E-03 : FWB 3E-01:9DF5CB98:00:?? = +3.62658691E-39
A677 : LDA 40         : A=98 X=06 Y=10 SP=?? N=1 V=0 D=0 I=0 Z=0 C=1 : FWA DD-77:B42DEAA6:00:00 = -1.37465944E-03 : FWB 3E-01:9DF5CB98:00:?? = +3.62658691E-39
A679 : SBC 34         : A=F2 X=06 Y=10 SP=?? N=1 V=0 D=0 I=0 Z=0 C=0 : FWA DD-77:B42DEAA6:00:00 = -1.37465944E-03 : FWB 3E-01:9DF5CB98:00:?? = +3.62658691E-39
A67B : STA 40         : A=F2 X=06 Y=10 SP=?? N=1 V=0 D=0 I=0 Z=0 C=0 : FWA DD-77:B42DEAA6:00:00 = -1.37465944E-03 : FWB 3E-01:9DF5CBF2:00:?? = +3.62658703E-39
A67D : LDA 3F         : A=CB X=06 Y=10 SP=?? N=1 V=0 D=0 I=0 Z=0 C=0 : FWA DD-77:B42DEAA6:00:00 = -1.37465944E-03 : FWB 3E-01:9DF5CBF2:00:?? = +3.62658703E-39
A67F : SBC 33         : A=E0 X=06 Y=10 SP=?? N=1 V=0 D=0 I=0 Z=0 C=0 : FWA DD-77:B42DEAA6:00:00 = -1.37465944E-03 : FWB 3E-01:9DF5CBF2:00:?? = +3.62658703E-39
A681 : STA 3F         : A=E0 X=06 Y=10 SP=?? N=1 V=0 D=0 I=0 Z=0 C=0 : FWA DD-77:B42DEAA6:00:00 = -1.37465944E-03 : FWB 3E-01:9DF5E0F2:00:?? = +3.62659439E-39
A683 : LDA 3E         : A=F5 X=06 Y=10 SP=?? N=1 V=0 D=0 I=0 Z=0 C=0 : FWA DD-77:B42DEAA6:00:00 = -1.37465944E-03 : FWB 3E-01:9DF5E0F2:00:?? = +3.62659439E-39
A685 : SBC 32         : A=C7 X=06 Y=10 SP=?? N=1 V=0 D=0 I=0 Z=0 C=1 : FWA DD-77:B42DEAA6:00:00 = -1.37465944E-03 : FWB 3E-01:9DF5E0F2:00:?? = +3.62659439E-39
A687 : STA 3E         : A=C7 X=06 Y=10 SP=?? N=1 V=0 D=0 I=0 Z=0 C=1 : FWA DD-77:B42DEAA6:00:00 = -1.37465944E-03 : FWB 3E-01:9DC7E0F2:00:?? = +3.62246897E-39
A689 : TYA            : A=10 X=06 Y=10 SP=?? N=0 V=0 D=0 I=0 Z=0 C=1 : FWA DD-77:B42DEAA6:00:00 = -1.37465944E-03 : FWB 3E-01:9DC7E0F2:00:?? = +3.62246897E-39
A68A : SBC 31         : A=5C X=06 Y=10 SP=?? N=0 V=0 D=0 I=0 Z=0 C=0 : FWA DD-77:B42DEAA6:00:00 = -1.37465944E-03 : FWB 3E-01:9DC7E0F2:00:?? = +3.62246897E-39
A68C : SEC            : A=5C X=06 Y=10 SP=?? N=0 V=0 D=0 I=0 Z=0 C=1 : FWA DD-77:B42DEAA6:00:00 = -1.37465944E-03 : FWB 3E-01:9DC7E0F2:00:?? = +3.62246897E-39
A68D : ROL 3B         : A=5C X=06 Y=10 SP=?? N=0 V=0 D=0 I=0 Z=0 C=0 : FWA DD-77:B42DEAA6:00:00 = -1.37465944E-03 : FWB 7D-01:9DC7E0F2:00:?? = +3.62246897E-39
A68F : ASL 40         : A=5C X=06 Y=10 SP=?? N=1 V=0 D=0 I=0 Z=0 C=1 : FWA DD-77:B42DEAA6:00:00 = -1.37465944E-03 : FWB 7D-01:9DC7E0E4:00:?? = +3.62246895E-39
A691 : ROL 3F         : A=5C X=06 Y=10 SP=?? N=1 V=0 D=0 I=0 Z=0 C=1 : FWA DD-77:B42DEAA6:00:00 = -1.37465944E-03 : FWB 7D-01:9DC7C1E4:00:?? = +3.62245809E-39
A693 : ROL 3E         : A=5C X=06 Y=10 SP=?? N=1 V=0 D=0 I=0 Z=0 C=1 : FWA DD-77:B42DEAA6:00:00 = -1.37465944E-03 : FWB 7D-01:9D8FC1E4:00:?? = +3.61743583E-39
A695 : ROL A          : A=B9 X=06 Y=10 SP=?? N=1 V=0 D=0 I=0 Z=0 C=0 : FWA DD-77:B42DEAA6:00:00 = -1.37465944E-03 : FWB 7D-01:9D8FC1E4:00:?? = +3.61743583E-39
A696 : DEX            : A=B9 X=05 Y=10 SP=?? N=0 V=0 D=0 I=0 Z=0 C=0 : FWA DD-77:B42DEAA6:00:00 = -1.37465944E-03 : FWB 7D-01:9D8FC1E4:00:?? = +3.61743583E-39
A697 : BNE A65E       : A=B9 X=05 Y=10 SP=?? N=0 V=0 D=0 I=0 Z=0 C=0 : FWA DD-77:B42DEAA6:00:00 = -1.37465944E-03 : FWB 7D-01:9D8FC1E4:00:?? = +3.61743583E-39
A65E : BCS A676       : A=B9 X=05 Y=10 SP=?? N=0 V=0 D=0 I=0 Z=0 C=0 : FWA DD-77:B42DEAA6:00:00 = -1.37465944E-03 : FWB 7D-01:9D8FC1E4:00:?? = +3.61743583E-39
A660 : CMP 31         : A=B9 X=05 Y=10 SP=?? N=0 V=0 D=0 I=0 Z=0 C=1 : FWA DD-77:B42DEAA6:00:00 = -1.37465944E-03 : FWB 7D-01:9D8FC1E4:00:?? = +3.61743583E-39
A662 : BNE A674       : A=B9 X=05 Y=10 SP=?? N=0 V=0 D=0 I=0 Z=0 C=1 : FWA DD-77:B42DEAA6:00:00 = -1.37465944E-03 : FWB 7D-01:9D8FC1E4:00:?? = +3.61743583E-39
A674 : BCC A68D       : A=B9 X=05 Y=10 SP=?? N=0 V=0 D=0 I=0 Z=0 C=1 : FWA DD-77:B42DEAA6:00:00 = -1.37465944E-03 : FWB 7D-01:9D8FC1E4:00:?? = +3.61743583E-39
A676 : TAY            : A=B9 X=05 Y=B9 SP=?? N=1 V=0 D=0 I=0 Z=0 C=1 : FWA DD-77:B42DEAA6:00:00 = -1.37465944E-03 : FWB 7D-01:9D8FC1E4:00:?? = +3.61743583E-39
A677 : LDA 40         : A=E4 X=05 Y=B9 SP=?? N=1 V=0 D=0 I=0 Z=0 C=1 : FWA DD-77:B42DEAA6:00:00 = -1.37465944E-03 : FWB 7D-01:9D8FC1E4:00:?? = +3.61743583E-39
A679 : SBC 34         : A=3E X=05 Y=B9 SP=?? N=0 V=0 D=0 I=0 Z=0 C=1 : FWA DD-77:B42DEAA6:00:00 = -1.37465944E-03 : FWB 7D-01:9D8FC1E4:00:?? = +3.61743583E-39
A67B : STA 40         : A=3E X=05 Y=B9 SP=?? N=0 V=0 D=0 I=0 Z=0 C=1 : FWA DD-77:B42DEAA6:00:00 = -1.37465944E-03 : FWB 7D-01:9D8FC13E:00:?? = +3.61743561E-39
A67D : LDA 3F         : A=C1 X=05 Y=B9 SP=?? N=1 V=0 D=0 I=0 Z=0 C=1 : FWA DD-77:B42DEAA6:00:00 = -1.37465944E-03 : FWB 7D-01:9D8FC13E:00:?? = +3.61743561E-39
A67F : SBC 33         : A=D7 X=05 Y=B9 SP=?? N=1 V=0 D=0 I=0 Z=0 C=0 : FWA DD-77:B42DEAA6:00:00 = -1.37465944E-03 : FWB 7D-01:9D8FC13E:00:?? = +3.61743561E-39
A681 : STA 3F         : A=D7 X=05 Y=B9 SP=?? N=1 V=0 D=0 I=0 Z=0 C=0 : FWA DD-77:B42DEAA6:00:00 = -1.37465944E-03 : FWB 7D-01:9D8FD73E:00:?? = +3.61744331E-39
A683 : LDA 3E         : A=8F X=05 Y=B9 SP=?? N=1 V=0 D=0 I=0 Z=0 C=0 : FWA DD-77:B42DEAA6:00:00 = -1.37465944E-03 : FWB 7D-01:9D8FD73E:00:?? = +3.61744331E-39
A685 : SBC 32         : A=61 X=05 Y=B9 SP=?? N=0 V=1 D=0 I=0 Z=0 C=1 : FWA DD-77:B42DEAA6:00:00 = -1.37465944E-03 : FWB 7D-01:9D8FD73E:00:?? = +3.61744331E-39
A687 : STA 3E         : A=61 X=05 Y=B9 SP=?? N=0 V=1 D=0 I=0 Z=0 C=1 : FWA DD-77:B42DEAA6:00:00 = -1.37465944E-03 : FWB 7D-01:9D61D73E:00:?? = +3.61331789E-39
A689 : TYA            : A=B9 X=05 Y=B9 SP=?? N=1 V=1 D=0 I=0 Z=0 C=1 : FWA DD-77:B42DEAA6:00:00 = -1.37465944E-03 : FWB 7D-01:9D61D73E:00:?? = +3.61331789E-39
A68A : SBC 31         : A=05 X=05 Y=B9 SP=?? N=0 V=0 D=0 I=0 Z=0 C=1 : FWA DD-77:B42DEAA6:00:00 = -1.37465944E-03 : FWB 7D-01:9D61D73E:00:?? = +3.61331789E-39
A68C : SEC            : A=05 X=05 Y=B9 SP=?? N=0 V=0 D=0 I=0 Z=0 C=1 : FWA DD-77:B42DEAA6:00:00 = -1.37465944E-03 : FWB 7D-01:9D61D73E:00:?? = +3.61331789E-39
A68D : ROL 3B         : A=05 X=05 Y=B9 SP=?? N=1 V=0 D=0 I=0 Z=0 C=0 : FWA DD-77:B42DEAA6:00:00 = -1.37465944E-03 : FWB FB-01:9D61D73E:00:?? = -3.61331789E-39
A68F : ASL 40         : A=05 X=05 Y=B9 SP=?? N=0 V=0 D=0 I=0 Z=0 C=0 : FWA DD-77:B42DEAA6:00:00 = -1.37465944E-03 : FWB FB-01:9D61D77C:00:?? = -3.61331797E-39
A691 : ROL 3F         : A=05 X=05 Y=B9 SP=?? N=1 V=0 D=0 I=0 Z=0 C=1 : FWA DD-77:B42DEAA6:00:00 = -1.37465944E-03 : FWB FB-01:9D61AE7C:00:?? = -3.61330361E-39
A693 : ROL 3E         : A=05 X=05 Y=B9 SP=?? N=1 V=0 D=0 I=0 Z=0 C=0 : FWA DD-77:B42DEAA6:00:00 = -1.37465944E-03 : FWB FB-01:9DC3AE7C:00:?? = -3.62209256E-39
A695 : ROL A          : A=0A X=05 Y=B9 SP=?? N=0 V=0 D=0 I=0 Z=0 C=0 : FWA DD-77:B42DEAA6:00:00 = -1.37465944E-03 : FWB FB-01:9DC3AE7C:00:?? = -3.62209256E-39
A696 : DEX            : A=0A X=04 Y=B9 SP=?? N=0 V=0 D=0 I=0 Z=0 C=0 : FWA DD-77:B42DEAA6:00:00 = -1.37465944E-03 : FWB FB-01:9DC3AE7C:00:?? = -3.62209256E-39
A697 : BNE A65E       : A=0A X=04 Y=B9 SP=?? N=0 V=0 D=0 I=0 Z=0 C=0 : FWA DD-77:B42DEAA6:00:00 = -1.37465944E-03 : FWB FB-01:9DC3AE7C:00:?? = -3.62209256E-39
A65E : BCS A676       : A=0A X=04 Y=B9 SP=?? N=0 V=0 D=0 I=0 Z=0 C=0 : FWA DD-77:B42DEAA6:00:00 = -1.37465944E-03 : FWB FB-01:9DC3AE7C:00:?? = -3.62209256E-39
A660 : CMP 31         : A=0A X=04 Y=B9 SP=?? N=0 V=0 D=0 I=0 Z=0 C=0 : FWA DD-77:B42DEAA6:00:00 = -1.37465944E-03 : FWB FB-01:9DC3AE7C:00:?? = -3.62209256E-39
A662 : BNE A674       : A=0A X=04 Y=B9 SP=?? N=0 V=0 D=0 I=0 Z=0 C=0 : FWA DD-77:B42DEAA6:00:00 = -1.37465944E-03 : FWB FB-01:9DC3AE7C:00:?? = -3.62209256E-39
A674 : BCC A68D       : A=0A X=04 Y=B9 SP=?? N=0 V=0 D=0 I=0 Z=0 C=0 : FWA DD-77:B42DEAA6:00:00 = -1.37465944E-03 : FWB FB-01:9DC3AE7C:00:?? = -3.62209256E-39
A68D : ROL 3B         : A=0A X=04 Y=B9 SP=?? N=1 V=0 D=0 I=0 Z=0 C=1 : FWA DD-77:B42DEAA6:00:00 = -1.37465944E-03 : FWB F6-01:9DC3AE7C:00:?? = -3.62209256E-39
A68F : ASL 40         : A=0A X=04 Y=B9 SP=?? N=1 V=0 D=0 I=0 Z=0 C=0 : FWA DD-77:B42DEAA6:00:00 = -1.37465944E-03 : FWB F6-01:9DC3AEF8:00:?? = -3.62209272E-39
A691 : ROL 3F         : A=0A X=04 Y=B9 SP=?? N=0 V=0 D=0 I=0 Z=0 C=1 : FWA DD-77:B42DEAA6:00:00 = -1.37465944E-03 : FWB F6-01:9DC35CF8:00:?? = -3.62206400E-39
A693 : ROL 3E         : A=0A X=04 Y=B9 SP=?? N=1 V=0 D=0 I=0 Z=0 C=1 : FWA DD-77:B42DEAA6:00:00 = -1.37465944E-03 : FWB F6-01:9D875CF8:00:?? = -3.61668301E-39
A695 : ROL A          : A=15 X=04 Y=B9 SP=?? N=0 V=0 D=0 I=0 Z=0 C=0 : FWA DD-77:B42DEAA6:00:00 = -1.37465944E-03 : FWB F6-01:9D875CF8:00:?? = -3.61668301E-39
A696 : DEX            : A=15 X=03 Y=B9 SP=?? N=0 V=0 D=0 I=0 Z=0 C=0 : FWA DD-77:B42DEAA6:00:00 = -1.37465944E-03 : FWB F6-01:9D875CF8:00:?? = -3.61668301E-39
A697 : BNE A65E       : A=15 X=03 Y=B9 SP=?? N=0 V=0 D=0 I=0 Z=0 C=0 : FWA DD-77:B42DEAA6:00:00 = -1.37465944E-03 : FWB F6-01:9D875CF8:00:?? = -3.61668301E-39
A65E : BCS A676       : A=15 X=03 Y=B9 SP=?? N=0 V=0 D=0 I=0 Z=0 C=0 : FWA DD-77:B42DEAA6:00:00 = -1.37465944E-03 : FWB F6-01:9D875CF8:00:?? = -3.61668301E-39
A660 : CMP 31         : A=15 X=03 Y=B9 SP=?? N=0 V=0 D=0 I=0 Z=0 C=0 : FWA DD-77:B42DEAA6:00:00 = -1.37465944E-03 : FWB F6-01:9D875CF8:00:?? = -3.61668301E-39
A662 : BNE A674       : A=15 X=03 Y=B9 SP=?? N=0 V=0 D=0 I=0 Z=0 C=0 : FWA DD-77:B42DEAA6:00:00 = -1.37465944E-03 : FWB F6-01:9D875CF8:00:?? = -3.61668301E-39
A674 : BCC A68D       : A=15 X=03 Y=B9 SP=?? N=0 V=0 D=0 I=0 Z=0 C=0 : FWA DD-77:B42DEAA6:00:00 = -1.37465944E-03 : FWB F6-01:9D875CF8:00:?? = -3.61668301E-39
A68D : ROL 3B         : A=15 X=03 Y=B9 SP=?? N=1 V=0 D=0 I=0 Z=0 C=1 : FWA DD-77:B42DEAA6:00:00 = -1.37465944E-03 : FWB EC-01:9D875CF8:00:?? = -3.61668301E-39
A68F : ASL 40         : A=15 X=03 Y=B9 SP=?? N=1 V=0 D=0 I=0 Z=0 C=1 : FWA DD-77:B42DEAA6:00:00 = -1.37465944E-03 : FWB EC-01:9D875CF0:00:?? = -3.61668300E-39
A691 : ROL 3F         : A=15 X=03 Y=B9 SP=?? N=1 V=0 D=0 I=0 Z=0 C=0 : FWA DD-77:B42DEAA6:00:00 = -1.37465944E-03 : FWB EC-01:9D87B9F0:00:?? = -3.61671558E-39
A693 : ROL 3E         : A=15 X=03 Y=B9 SP=?? N=0 V=0 D=0 I=0 Z=0 C=1 : FWA DD-77:B42DEAA6:00:00 = -1.37465944E-03 : FWB EC-01:9D0EB9F0:00:?? = -3.60586393E-39
A695 : ROL A          : A=2B X=03 Y=B9 SP=?? N=0 V=0 D=0 I=0 Z=0 C=0 : FWA DD-77:B42DEAA6:00:00 = -1.37465944E-03 : FWB EC-01:9D0EB9F0:00:?? = -3.60586393E-39
A696 : DEX            : A=2B X=02 Y=B9 SP=?? N=0 V=0 D=0 I=0 Z=0 C=0 : FWA DD-77:B42DEAA6:00:00 = -1.37465944E-03 : FWB EC-01:9D0EB9F0:00:?? = -3.60586393E-39
A697 : BNE A65E       : A=2B X=02 Y=B9 SP=?? N=0 V=0 D=0 I=0 Z=0 C=0 : FWA DD-77:B42DEAA6:00:00 = -1.37465944E-03 : FWB EC-01:9D0EB9F0:00:?? = -3.60586393E-39
A65E : BCS A676       : A=2B X=02 Y=B9 SP=?? N=0 V=0 D=0 I=0 Z=0 C=0 : FWA DD-77:B42DEAA6:00:00 = -1.37465944E-03 : FWB EC-01:9D0EB9F0:00:?? = -3.60586393E-39
A660 : CMP 31         : A=2B X=02 Y=B9 SP=?? N=0 V=0 D=0 I=0 Z=0 C=0 : FWA DD-77:B42DEAA6:00:00 = -1.37465944E-03 : FWB EC-01:9D0EB9F0:00:?? = -3.60586393E-39
A662 : BNE A674       : A=2B X=02 Y=B9 SP=?? N=0 V=0 D=0 I=0 Z=0 C=0 : FWA DD-77:B42DEAA6:00:00 = -1.37465944E-03 : FWB EC-01:9D0EB9F0:00:?? = -3.60586393E-39
A674 : BCC A68D       : A=2B X=02 Y=B9 SP=?? N=0 V=0 D=0 I=0 Z=0 C=0 : FWA DD-77:B42DEAA6:00:00 = -1.37465944E-03 : FWB EC-01:9D0EB9F0:00:?? = -3.60586393E-39
A68D : ROL 3B         : A=2B X=02 Y=B9 SP=?? N=1 V=0 D=0 I=0 Z=0 C=1 : FWA DD-77:B42DEAA6:00:00 = -1.37465944E-03 : FWB D8-01:9D0EB9F0:00:?? = -3.60586393E-39
A68F : ASL 40         : A=2B X=02 Y=B9 SP=?? N=1 V=0 D=0 I=0 Z=0 C=1 : FWA DD-77:B42DEAA6:00:00 = -1.37465944E-03 : FWB D8-01:9D0EB9E0:00:?? = -3.60586390E-39
A691 : ROL 3F         : A=2B X=02 Y=B9 SP=?? N=0 V=0 D=0 I=0 Z=0 C=1 : FWA DD-77:B42DEAA6:00:00 = -1.37465944E-03 : FWB D8-01:9D0E73E0:00:?? = -3.60583938E-39
A693 : ROL 3E         : A=2B X=02 Y=B9 SP=?? N=0 V=0 D=0 I=0 Z=0 C=0 : FWA DD-77:B42DEAA6:00:00 = -1.37465944E-03 : FWB D8-01:9D1D73E0:00:?? = -3.60718463E-39
A695 : ROL A          : A=56 X=02 Y=B9 SP=?? N=0 V=0 D=0 I=0 Z=0 C=0 : FWA DD-77:B42DEAA6:00:00 = -1.37465944E-03 : FWB D8-01:9D1D73E0:00:?? = -3.60718463E-39
A696 : DEX            : A=56 X=01 Y=B9 SP=?? N=0 V=0 D=0 I=0 Z=0 C=0 : FWA DD-77:B42DEAA6:00:00 = -1.37465944E-03 : FWB D8-01:9D1D73E0:00:?? = -3.60718463E-39
A697 : BNE A65E       : A=56 X=01 Y=B9 SP=?? N=0 V=0 D=0 I=0 Z=0 C=0 : FWA DD-77:B42DEAA6:00:00 = -1.37465944E-03 : FWB D8-01:9D1D73E0:00:?? = -3.60718463E-39
A65E : BCS A676       : A=56 X=01 Y=B9 SP=?? N=0 V=0 D=0 I=0 Z=0 C=0 : FWA DD-77:B42DEAA6:00:00 = -1.37465944E-03 : FWB D8-01:9D1D73E0:00:?? = -3.60718463E-39
A660 : CMP 31         : A=56 X=01 Y=B9 SP=?? N=1 V=0 D=0 I=0 Z=0 C=0 : FWA DD-77:B42DEAA6:00:00 = -1.37465944E-03 : FWB D8-01:9D1D73E0:00:?? = -3.60718463E-39
A662 : BNE A674       : A=56 X=01 Y=B9 SP=?? N=1 V=0 D=0 I=0 Z=0 C=0 : FWA DD-77:B42DEAA6:00:00 = -1.37465944E-03 : FWB D8-01:9D1D73E0:00:?? = -3.60718463E-39
A674 : BCC A68D       : A=56 X=01 Y=B9 SP=?? N=1 V=0 D=0 I=0 Z=0 C=0 : FWA DD-77:B42DEAA6:00:00 = -1.37465944E-03 : FWB D8-01:9D1D73E0:00:?? = -3.60718463E-39
A68D : ROL 3B         : A=56 X=01 Y=B9 SP=?? N=1 V=0 D=0 I=0 Z=0 C=1 : FWA DD-77:B42DEAA6:00:00 = -1.37465944E-03 : FWB B0-01:9D1D73E0:00:?? = -3.60718463E-39
A68F : ASL 40         : A=56 X=01 Y=B9 SP=?? N=1 V=0 D=0 I=0 Z=0 C=1 : FWA DD-77:B42DEAA6:00:00 = -1.37465944E-03 : FWB B0-01:9D1D73C0:00:?? = -3.60718458E-39
A691 : ROL 3F         : A=56 X=01 Y=B9 SP=?? N=1 V=0 D=0 I=0 Z=0 C=0 : FWA DD-77:B42DEAA6:00:00 = -1.37465944E-03 : FWB B0-01:9D1DE7C0:00:?? = -3.60722522E-39
A693 : ROL 3E         : A=56 X=01 Y=B9 SP=?? N=0 V=0 D=0 I=0 Z=0 C=0 : FWA DD-77:B42DEAA6:00:00 = -1.37465944E-03 : FWB B0-01:9D3AE7C0:00:?? = -3.60982603E-39
A695 : ROL A          : A=AC X=01 Y=B9 SP=?? N=1 V=0 D=0 I=0 Z=0 C=0 : FWA DD-77:B42DEAA6:00:00 = -1.37465944E-03 : FWB B0-01:9D3AE7C0:00:?? = -3.60982603E-39
A696 : DEX            : A=AC X=00 Y=B9 SP=?? N=0 V=0 D=0 I=0 Z=1 C=0 : FWA DD-77:B42DEAA6:00:00 = -1.37465944E-03 : FWB B0-01:9D3AE7C0:00:?? = -3.60982603E-39
A697 : BNE A65E       : A=AC X=00 Y=B9 SP=?? N=0 V=0 D=0 I=0 Z=1 C=0 : FWA DD-77:B42DEAA6:00:00 = -1.37465944E-03 : FWB B0-01:9D3AE7C0:00:?? = -3.60982603E-39
A699 : LDX 3B         : A=AC X=B0 Y=B9 SP=?? N=1 V=0 D=0 I=0 Z=0 C=0 : FWA DD-77:B42DEAA6:00:00 = -1.37465944E-03 : FWB B0-01:9D3AE7C0:00:?? = -3.60982603E-39
A69B : PHX            : A=AC X=B0 Y=B9 SP=?? N=1 V=0 D=0 I=0 Z=0 C=0 : FWA DD-77:B42DEAA6:00:00 = -1.37465944E-03 : FWB B0-01:9D3AE7C0:00:?? = -3.60982603E-39
A69C : DEC 3C         : A=AC X=B0 Y=B9 SP=?? N=0 V=0 D=0 I=0 Z=1 C=0 : FWA DD-77:B42DEAA6:00:00 = -1.37465944E-03 : FWB B0-00:9D3AE7C0:00:?? = -1.80491302E-39
A69E : BNE A65C       : A=AC X=B0 Y=B9 SP=?? N=0 V=0 D=0 I=0 Z=1 C=0 : FWA DD-77:B42DEAA6:00:00 = -1.37465944E-03 : FWB B0-00:9D3AE7C0:00:?? = -1.80491302E-39
A6A0 : PLX            : A=AC X=B0 Y=B9 SP=?? N=1 V=0 D=0 I=0 Z=0 C=0 : FWA DD-77:B42DEAA6:00:00 = -1.37465944E-03 : FWB B0-00:9D3AE7C0:00:?? = -1.80491302E-39
A6A1 : ROR A          : A=56 X=B0 Y=B9 SP=?? N=0 V=0 D=0 I=0 Z=0 C=0 : FWA DD-77:B42DEAA6:00:00 = -1.37465944E-03 : FWB B0-00:9D3AE7C0:00:?? = -1.80491302E-39
A6A2 : LSR 31         : A=56 X=B0 Y=B9 SP=?? N=0 V=0 D=0 I=0 Z=0 C=0 : FWA DD-77:5A2DEAA6:00:00 = -6.88013929E-04 : FWB B0-00:9D3AE7C0:00:?? = -1.80491302E-39
A6A4 : STX 34         : A=56 X=B0 Y=B9 SP=?? N=0 V=0 D=0 I=0 Z=0 C=0 : FWA DD-77:5A2DEAB0:00:00 = -6.88013934E-04 : FWB B0-00:9D3AE7C0:00:?? = -1.80491302E-39
A6A6 : LDX #03        : A=56 X=03 Y=B9 SP=?? N=0 V=0 D=0 I=0 Z=0 C=0 : FWA DD-77:5A2DEAB0:00:00 = -6.88013934E-04 : FWB B0-00:9D3AE7C0:00:?? = -1.80491302E-39
A6A8 : CMP 31         : A=56 X=03 Y=B9 SP=?? N=1 V=0 D=0 I=0 Z=0 C=0 : FWA DD-77:5A2DEAB0:00:00 = -6.88013934E-04 : FWB B0-00:9D3AE7C0:00:?? = -1.80491302E-39
A6AA : BCC A6AE       : A=56 X=03 Y=B9 SP=?? N=1 V=0 D=0 I=0 Z=0 C=0 : FWA DD-77:5A2DEAB0:00:00 = -6.88013934E-04 : FWB B0-00:9D3AE7C0:00:?? = -1.80491302E-39
A6AE : PHP            : A=56 X=03 Y=B9 SP=?? N=1 V=0 D=0 I=0 Z=0 C=0 : FWA DD-77:5A2DEAB0:00:00 = -6.88013934E-04 : FWB B0-00:9D3AE7C0:00:?? = -1.80491302E-39
A6AF : ASL A          : A=AC X=03 Y=B9 SP=?? N=1 V=0 D=0 I=0 Z=0 C=0 : FWA DD-77:5A2DEAB0:00:00 = -6.88013934E-04 : FWB B0-00:9D3AE7C0:00:?? = -1.80491302E-39
A6B0 : DEX            : A=AC X=02 Y=B9 SP=?? N=0 V=0 D=0 I=0 Z=0 C=0 : FWA DD-77:5A2DEAB0:00:00 = -6.88013934E-04 : FWB B0-00:9D3AE7C0:00:?? = -1.80491302E-39
A6B1 : BNE A6A8       : A=AC X=02 Y=B9 SP=?? N=0 V=0 D=0 I=0 Z=0 C=0 : FWA DD-77:5A2DEAB0:00:00 = -6.88013934E-04 : FWB B0-00:9D3AE7C0:00:?? = -1.80491302E-39
A6A8 : CMP 31         : A=AC X=02 Y=B9 SP=?? N=0 V=0 D=0 I=0 Z=0 C=1 : FWA DD-77:5A2DEAB0:00:00 = -6.88013934E-04 : FWB B0-00:9D3AE7C0:00:?? = -1.80491302E-39
A6AA : BCC A6AE       : A=AC X=02 Y=B9 SP=?? N=0 V=0 D=0 I=0 Z=0 C=1 : FWA DD-77:5A2DEAB0:00:00 = -6.88013934E-04 : FWB B0-00:9D3AE7C0:00:?? = -1.80491302E-39
A6AC : SBC 31         : A=52 X=02 Y=B9 SP=?? N=0 V=1 D=0 I=0 Z=0 C=1 : FWA DD-77:5A2DEAB0:00:00 = -6.88013934E-04 : FWB B0-00:9D3AE7C0:00:?? = -1.80491302E-39
A6AE : PHP            : A=52 X=02 Y=B9 SP=?? N=0 V=1 D=0 I=0 Z=0 C=1 : FWA DD-77:5A2DEAB0:00:00 = -6.88013934E-04 : FWB B0-00:9D3AE7C0:00:?? = -1.80491302E-39
A6AF : ASL A          : A=A4 X=02 Y=B9 SP=?? N=1 V=1 D=0 I=0 Z=0 C=0 : FWA DD-77:5A2DEAB0:00:00 = -6.88013934E-04 : FWB B0-00:9D3AE7C0:00:?? = -1.80491302E-39
A6B0 : DEX            : A=A4 X=01 Y=B9 SP=?? N=0 V=1 D=0 I=0 Z=0 C=0 : FWA DD-77:5A2DEAB0:00:00 = -6.88013934E-04 : FWB B0-00:9D3AE7C0:00:?? = -1.80491302E-39
A6B1 : BNE A6A8       : A=A4 X=01 Y=B9 SP=?? N=0 V=1 D=0 I=0 Z=0 C=0 : FWA DD-77:5A2DEAB0:00:00 = -6.88013934E-04 : FWB B0-00:9D3AE7C0:00:?? = -1.80491302E-39
A6A8 : CMP 31         : A=A4 X=01 Y=B9 SP=?? N=0 V=1 D=0 I=0 Z=0 C=1 : FWA DD-77:5A2DEAB0:00:00 = -6.88013934E-04 : FWB B0-00:9D3AE7C0:00:?? = -1.80491302E-39
A6AA : BCC A6AE       : A=A4 X=01 Y=B9 SP=?? N=0 V=1 D=0 I=0 Z=0 C=1 : FWA DD-77:5A2DEAB0:00:00 = -6.88013934E-04 : FWB B0-00:9D3AE7C0:00:?? = -1.80491302E-39
A6AC : SBC 31         : A=4A X=01 Y=B9 SP=?? N=0 V=1 D=0 I=0 Z=0 C=1 : FWA DD-77:5A2DEAB0:00:00 = -6.88013934E-04 : FWB B0-00:9D3AE7C0:00:?? = -1.80491302E-39
A6AE : PHP            : A=4A X=01 Y=B9 SP=?? N=0 V=1 D=0 I=0 Z=0 C=1 : FWA DD-77:5A2DEAB0:00:00 = -6.88013934E-04 : FWB B0-00:9D3AE7C0:00:?? = -1.80491302E-39
A6AF : ASL A          : A=94 X=01 Y=B9 SP=?? N=1 V=1 D=0 I=0 Z=0 C=0 : FWA DD-77:5A2DEAB0:00:00 = -6.88013934E-04 : FWB B0-00:9D3AE7C0:00:?? = -1.80491302E-39
A6B0 : DEX            : A=94 X=00 Y=B9 SP=?? N=0 V=1 D=0 I=0 Z=1 C=0 : FWA DD-77:5A2DEAB0:00:00 = -6.88013934E-04 : FWB B0-00:9D3AE7C0:00:?? = -1.80491302E-39
A6B1 : BNE A6A8       : A=94 X=00 Y=B9 SP=?? N=0 V=1 D=0 I=0 Z=1 C=0 : FWA DD-77:5A2DEAB0:00:00 = -6.88013934E-04 : FWB B0-00:9D3AE7C0:00:?? = -1.80491302E-39
A6B3 : PLP            : A=94 X=00 Y=B9 SP=?? N=0 V=1 D=0 I=0 Z=0 C=1 : FWA DD-77:5A2DEAB0:00:00 = -6.88013934E-04 : FWB B0-00:9D3AE7C0:00:?? = -1.80491302E-39
A6B4 : ROR A          : A=CA X=00 Y=B9 SP=?? N=1 V=1 D=0 I=0 Z=0 C=0 : FWA DD-77:5A2DEAB0:00:00 = -6.88013934E-04 : FWB B0-00:9D3AE7C0:00:?? = -1.80491302E-39
A6B5 : PLP            : A=CA X=00 Y=B9 SP=?? N=0 V=1 D=0 I=0 Z=0 C=1 : FWA DD-77:5A2DEAB0:00:00 = -6.88013934E-04 : FWB B0-00:9D3AE7C0:00:?? = -1.80491302E-39
A6B6 : ROR A          : A=E5 X=00 Y=B9 SP=?? N=1 V=1 D=0 I=0 Z=0 C=0 : FWA DD-77:5A2DEAB0:00:00 = -6.88013934E-04 : FWB B0-00:9D3AE7C0:00:?? = -1.80491302E-39
A6B7 : PLP            : A=E5 X=00 Y=B9 SP=?? N=1 V=0 D=0 I=0 Z=0 C=0 : FWA DD-77:5A2DEAB0:00:00 = -6.88013934E-04 : FWB B0-00:9D3AE7C0:00:?? = -1.80491302E-39
A6B8 : ROR A          : A=72 X=00 Y=B9 SP=?? N=0 V=0 D=0 I=0 Z=0 C=1 : FWA DD-77:5A2DEAB0:00:00 = -6.88013934E-04 : FWB B0-00:9D3AE7C0:00:?? = -1.80491302E-39
A6B9 : STA 35         : A=72 X=00 Y=B9 SP=?? N=0 V=0 D=0 I=0 Z=0 C=1 : FWA DD-77:5A2DEAB0:72:00 = -6.88013934E-04 : FWB B0-00:9D3AE7C0:00:?? = -1.80491302E-39
A6BB : PLA            : A=4F X=00 Y=B9 SP=?? N=0 V=0 D=0 I=0 Z=0 C=1 : FWA DD-77:5A2DEAB0:72:00 = -6.88013934E-04 : FWB B0-00:9D3AE7C0:00:?? = -1.80491302E-39
A6BC : STA 33         : A=4F X=00 Y=B9 SP=?? N=0 V=0 D=0 I=0 Z=0 C=1 : FWA DD-77:5A2D4FB0:72:00 = -6.87995889E-04 : FWB B0-00:9D3AE7C0:00:?? = -1.80491302E-39
A6BE : PLA            : A=3C X=00 Y=B9 SP=?? N=0 V=0 D=0 I=0 Z=0 C=1 : FWA DD-77:5A2D4FB0:72:00 = -6.87995889E-04 : FWB B0-00:9D3AE7C0:00:?? = -1.80491302E-39
A6BF : STA 32         : A=3C X=00 Y=B9 SP=?? N=0 V=0 D=0 I=0 Z=0 C=1 : FWA DD-77:5A3C4FB0:72:00 = -6.88442924E-04 : FWB B0-00:9D3AE7C0:00:?? = -1.80491302E-39
A6C1 : PLA            : A=70 X=00 Y=B9 SP=?? N=0 V=0 D=0 I=0 Z=0 C=1 : FWA DD-77:5A3C4FB0:72:00 = -6.88442924E-04 : FWB B0-00:9D3AE7C0:00:?? = -1.80491302E-39
A6C2 : STA 31         : A=70 X=00 Y=B9 SP=?? N=0 V=0 D=0 I=0 Z=0 C=1 : FWA DD-77:703C4FB0:72:00 = -8.56289604E-04 : FWB B0-00:9D3AE7C0:00:?? = -1.80491302E-39
A6C4 : BMI A712       : A=70 X=00 Y=B9 SP=?? N=0 V=0 D=0 I=0 Z=0 C=1 : FWA DD-77:703C4FB0:72:00 = -8.56289604E-04 : FWB B0-00:9D3AE7C0:00:?? = -1.80491302E-39
A6C6 : JSR 8306       : A=70 X=00 Y=B9 SP=?? N=0 V=0 D=0 I=0 Z=0 C=1 : FWA DD-77:703C4FB0:72:00 = -8.56289604E-04 : FWB B0-00:9D3AE7C0:00:?? = -1.80491302E-39
8306 : BNE 832F       : A=70 X=00 Y=B9 SP=?? N=0 V=0 D=0 I=0 Z=0 C=1 : FWA DD-77:703C4FB0:72:00 = -8.56289604E-04 : FWB B0-00:9D3AE7C0:00:?? = -1.80491302E-39
832F : LDY 30         : A=70 X=00 Y=77 SP=?? N=0 V=0 D=0 I=0 Z=0 C=1 : FWA DD-77:703C4FB0:72:00 = -8.56289604E-04 : FWB B0-00:9D3AE7C0:00:?? = -1.80491302E-39
8331 : DEY            : A=70 X=00 Y=76 SP=?? N=0 V=0 D=0 I=0 Z=0 C=1 : FWA DD-77:703C4FB0:72:00 = -8.56289604E-04 : FWB B0-00:9D3AE7C0:00:?? = -1.80491302E-39
8332 : ASL 35         : A=70 X=00 Y=76 SP=?? N=1 V=0 D=0 I=0 Z=0 C=0 : FWA DD-77:703C4FB0:E4:00 = -8.56289604E-04 : FWB B0-00:9D3AE7C0:00:?? = -1.80491302E-39
8334 : ROL 34         : A=70 X=00 Y=76 SP=?? N=0 V=0 D=0 I=0 Z=0 C=1 : FWA DD-77:703C4F60:E4:00 = -8.56289568E-04 : FWB B0-00:9D3AE7C0:00:?? = -1.80491302E-39
8336 : ROL 33         : A=70 X=00 Y=76 SP=?? N=1 V=0 D=0 I=0 Z=0 C=0 : FWA DD-77:703C9F60:E4:00 = -8.56298881E-04 : FWB B0-00:9D3AE7C0:00:?? = -1.80491302E-39
8338 : ROL 32         : A=70 X=00 Y=76 SP=?? N=0 V=0 D=0 I=0 Z=0 C=0 : FWA DD-77:70789F60:E4:00 = -8.58087020E-04 : FWB B0-00:9D3AE7C0:00:?? = -1.80491302E-39
833A : ROL A          : A=E0 X=00 Y=76 SP=?? N=1 V=0 D=0 I=0 Z=0 C=0 : FWA DD-77:70789F60:E4:00 = -8.58087020E-04 : FWB B0-00:9D3AE7C0:00:?? = -1.80491302E-39
833B : BPL 8331       : A=E0 X=00 Y=76 SP=?? N=1 V=0 D=0 I=0 Z=0 C=0 : FWA DD-77:70789F60:E4:00 = -8.58087020E-04 : FWB B0-00:9D3AE7C0:00:?? = -1.80491302E-39
833D : CPY 30         : A=E0 X=00 Y=76 SP=?? N=1 V=0 D=0 I=0 Z=0 C=0 : FWA DD-77:70789F60:E4:00 = -8.58087020E-04 : FWB B0-00:9D3AE7C0:00:?? = -1.80491302E-39
833F : STY 30         : A=E0 X=00 Y=76 SP=?? N=1 V=0 D=0 I=0 Z=0 C=0 : FWA DD-76:70789F60:E4:00 = -4.29043510E-04 : FWB B0-00:9D3AE7C0:00:?? = -1.80491302E-39
8341 : BCC 8345       : A=E0 X=00 Y=76 SP=?? N=1 V=0 D=0 I=0 Z=0 C=0 : FWA DD-76:70789F60:E4:00 = -4.29043510E-04 : FWB B0-00:9D3AE7C0:00:?? = -1.80491302E-39
8345 : TAY            : A=E0 X=00 Y=E0 SP=?? N=1 V=0 D=0 I=0 Z=0 C=0 : FWA DD-76:70789F60:E4:00 = -4.29043510E-04 : FWB B0-00:9D3AE7C0:00:?? = -1.80491302E-39
8346 : STA 31         : A=E0 X=00 Y=E0 SP=?? N=1 V=0 D=0 I=0 Z=0 C=0 : FWA DD-76:E0789F60:E4:00 = -8.56289604E-04 : FWB B0-00:9D3AE7C0:00:?? = -1.80491302E-39
8348 : RTS            : A=E0 X=00 Y=E0 SP=?? N=1 V=0 D=0 I=0 Z=0 C=0 : FWA DD-76:E0789F60:E4:00 = -8.56289604E-04 : FWB B0-00:9D3AE7C0:00:?? = -1.80491302E-39
A6C9 : BRA A712       : A=E0 X=00 Y=E0 SP=?? N=1 V=0 D=0 I=0 Z=0 C=0 : FWA DD-76:E0789F60:E4:00 = -8.56289604E-04 : FWB B0-00:9D3AE7C0:00:?? = -1.80491302E-39
A712 : LDA 35         : A=E4 X=00 Y=E0 SP=?? N=1 V=0 D=0 I=0 Z=0 C=0 : FWA DD-76:E0789F60:E4:00 = -8.56289604E-04 : FWB B0-00:9D3AE7C0:00:?? = -1.80491302E-39
A714 : BPL A725       : A=E4 X=00 Y=E0 SP=?? N=1 V=0 D=0 I=0 Z=0 C=0 : FWA DD-76:E0789F60:E4:00 = -8.56289604E-04 : FWB B0-00:9D3AE7C0:00:?? = -1.80491302E-39
A716 : ASL A          : A=C8 X=00 Y=E0 SP=?? N=1 V=0 D=0 I=0 Z=0 C=1 : FWA DD-76:E0789F60:E4:00 = -8.56289604E-04 : FWB B0-00:9D3AE7C0:00:?? = -1.80491302E-39
A717 : BNE A71E       : A=C8 X=00 Y=E0 SP=?? N=1 V=0 D=0 I=0 Z=0 C=1 : FWA DD-76:E0789F60:E4:00 = -8.56289604E-04 : FWB B0-00:9D3AE7C0:00:?? = -1.80491302E-39
A71E : INC 34         : A=C8 X=00 Y=E0 SP=?? N=0 V=0 D=0 I=0 Z=0 C=1 : FWA DD-76:E0789F61:E4:00 = -8.56289604E-04 : FWB B0-00:9D3AE7C0:00:?? = -1.80491302E-39
A720 : BNE A725       : A=C8 X=00 Y=E0 SP=?? N=0 V=0 D=0 I=0 Z=0 C=1 : FWA DD-76:E0789F61:E4:00 = -8.56289604E-04 : FWB B0-00:9D3AE7C0:00:?? = -1.80491302E-39
A725 : LDA 2F         : A=00 X=00 Y=E0 SP=?? N=0 V=0 D=0 I=0 Z=1 C=1 : FWA DD-76:E0789F61:E4:00 = -8.56289604E-04 : FWB B0-00:9D3AE7C0:00:?? = -1.80491302E-39
A727 : BEQ A739       : A=00 X=00 Y=E0 SP=?? N=0 V=0 D=0 I=0 Z=1 C=1 : FWA DD-76:E0789F61:E4:00 = -8.56289604E-04 : FWB B0-00:9D3AE7C0:00:?? = -1.80491302E-39
A739 : STZ 35         : A=00 X=00 Y=E0 SP=?? N=0 V=0 D=0 I=0 Z=1 C=1 : FWA DD-76:E0789F61:00:00 = -8.56289604E-04 : FWB B0-00:9D3AE7C0:00:?? = -1.80491302E-39
A73B : LDA #FF        : A=FF X=00 Y=E0 SP=?? N=1 V=0 D=0 I=0 Z=0 C=1 : FWA DD-76:E0789F61:00:00 = -8.56289604E-04 : FWB B0-00:9D3AE7C0:00:?? = -1.80491302E-39
A73D : RTS            : A=FF X=00 Y=E0 SP=?? N=1 V=0 D=0 I=0 Z=0 C=1 : FWA DD-76:E0789F61:00:00 = -8.56289604E-04 : FWB B0-00:9D3AE7C0:00:?? = -1.80491302E-39
A8E6 : LDA #76        : A=76 X=00 Y=E0 SP=?? N=0 V=0 D=0 I=0 Z=0 C=1 : FWA DD-76:E0789F61:00:00 = -8.56289604E-04 : FWB B0-00:9D3AE7C0:00:?? = -1.80491302E-39
A8E8 : JSR A5BD       : A=76 X=00 Y=E0 SP=?? N=0 V=0 D=0 I=0 Z=0 C=1 : FWA DD-76:E0789F61:00:00 = -8.56289604E-04 : FWB B0-00:9D3AE7C0:00:?? = -1.80491302E-39
A5BD : LDY #04        : A=76 X=00 Y=04 SP=?? N=0 V=0 D=0 I=0 Z=0 C=1 : FWA DD-76:E0789F61:00:00 = -8.56289604E-04 : FWB B0-00:9D3AE7C0:00:?? = -1.80491302E-39
A5BF : BRA A5B6       : A=76 X=00 Y=04 SP=?? N=0 V=0 D=0 I=0 Z=0 C=1 : FWA DD-76:E0789F61:00:00 = -8.56289604E-04 : FWB B0-00:9D3AE7C0:00:?? = -1.80491302E-39
A5B6 : STA 4A         : A=76 X=00 Y=04 SP=?? N=0 V=0 D=0 I=0 Z=0 C=1 : FWA DD-76:E0789F61:00:00 = -8.56289604E-04 : FWB B0-00:9D3AE7C0:00:?? = -1.80491302E-39
A5B8 : STY 4B         : A=76 X=00 Y=04 SP=?? N=0 V=0 D=0 I=0 Z=0 C=1 : FWA DD-76:E0789F61:00:00 = -8.56289604E-04 : FWB B0-00:9D3AE7C0:00:?? = -1.80491302E-39
A5BA : RTS            : A=76 X=00 Y=04 SP=?? N=0 V=0 D=0 I=0 Z=0 C=1 : FWA DD-76:E0789F61:00:00 = -8.56289604E-04 : FWB B0-00:9D3AE7C0:00:?? = -1.80491302E-39
A8EB : JSR A70A       : A=76 X=00 Y=04 SP=?? N=0 V=0 D=0 I=0 Z=0 C=1 : FWA DD-76:E0789F61:00:00 = -8.56289604E-04 : FWB B0-00:9D3AE7C0:00:?? = -1.80491302E-39
A70A : JSR A514       : A=76 X=00 Y=04 SP=?? N=0 V=0 D=0 I=0 Z=0 C=1 : FWA DD-76:E0789F61:00:00 = -8.56289604E-04 : FWB B0-00:9D3AE7C0:00:?? = -1.80491302E-39
A514 : STZ 41         : A=76 X=00 Y=04 SP=?? N=0 V=0 D=0 I=0 Z=0 C=1 : FWA DD-76:E0789F61:00:00 = -8.56289604E-04 : FWB B0-00:9D3AE7C0:00:?? = -1.80491302E-39
A516 : LDY #04        : A=76 X=00 Y=04 SP=?? N=0 V=0 D=0 I=0 Z=0 C=1 : FWA DD-76:E0789F61:00:00 = -8.56289604E-04 : FWB B0-00:9D3AE7C0:00:?? = -1.80491302E-39
A518 : LDA (4A),Y     : A=C8 X=00 Y=04 SP=?? N=1 V=0 D=0 I=0 Z=0 C=1 : FWA DD-76:E0789F61:00:00 = -8.56289604E-04 : FWB B0-00:9D3AE7C0:00:?? = -1.80491302E-39
A51A : STA 40         : A=C8 X=00 Y=04 SP=?? N=1 V=0 D=0 I=0 Z=0 C=1 : FWA DD-76:E0789F61:00:00 = -8.56289604E-04 : FWB B0-00:9D3AE7C8:00:?? = -1.80491302E-39
A51C : DEY            : A=C8 X=00 Y=03 SP=?? N=0 V=0 D=0 I=0 Z=0 C=1 : FWA DD-76:E0789F61:00:00 = -8.56289604E-04 : FWB B0-00:9D3AE7C8:00:?? = -1.80491302E-39
A51D : LDA (4A),Y     : A=0C X=00 Y=03 SP=?? N=0 V=0 D=0 I=0 Z=0 C=1 : FWA DD-76:E0789F61:00:00 = -8.56289604E-04 : FWB B0-00:9D3AE7C8:00:?? = -1.80491302E-39
A51F : STA 3F         : A=0C X=00 Y=03 SP=?? N=0 V=0 D=0 I=0 Z=0 C=1 : FWA DD-76:E0789F61:00:00 = -8.56289604E-04 : FWB B0-00:9D3A0CC8:00:?? = -1.80487466E-39
A521 : DEY            : A=0C X=00 Y=02 SP=?? N=0 V=0 D=0 I=0 Z=0 C=1 : FWA DD-76:E0789F61:00:00 = -8.56289604E-04 : FWB B0-00:9D3A0CC8:00:?? = -1.80487466E-39
A522 : LDA (4A),Y     : A=90 X=00 Y=02 SP=?? N=1 V=0 D=0 I=0 Z=0 C=1 : FWA DD-76:E0789F61:00:00 = -8.56289604E-04 : FWB B0-00:9D3A0CC8:00:?? = -1.80487466E-39
A524 : STA 3E         : A=90 X=00 Y=02 SP=?? N=1 V=0 D=0 I=0 Z=0 C=1 : FWA DD-76:E0789F61:00:00 = -8.56289604E-04 : FWB B0-00:9D900CC8:00:?? = -1.80873103E-39
A526 : DEY            : A=90 X=00 Y=01 SP=?? N=0 V=0 D=0 I=0 Z=0 C=1 : FWA DD-76:E0789F61:00:00 = -8.56289604E-04 : FWB B0-00:9D900CC8:00:?? = -1.80873103E-39
A527 : LDA (4A),Y     : A=34 X=00 Y=01 SP=?? N=0 V=0 D=0 I=0 Z=0 C=1 : FWA DD-76:E0789F61:00:00 = -8.56289604E-04 : FWB B0-00:9D900CC8:00:?? = -1.80873103E-39
A529 : STA 3B         : A=34 X=00 Y=01 SP=?? N=0 V=0 D=0 I=0 Z=0 C=1 : FWA DD-76:E0789F61:00:00 = -8.56289604E-04 : FWB 34-00:9D900CC8:00:?? = +1.80873103E-39
A52B : TAY            : A=34 X=00 Y=34 SP=?? N=0 V=0 D=0 I=0 Z=0 C=1 : FWA DD-76:E0789F61:00:00 = -8.56289604E-04 : FWB 34-00:9D900CC8:00:?? = +1.80873103E-39
A52C : LDA (4A)       : A=8A X=00 Y=34 SP=?? N=1 V=0 D=0 I=0 Z=0 C=1 : FWA DD-76:E0789F61:00:00 = -8.56289604E-04 : FWB 34-00:9D900CC8:00:?? = +1.80873103E-39
A52E : STA 3C         : A=8A X=00 Y=34 SP=?? N=1 V=0 D=0 I=0 Z=0 C=1 : FWA DD-76:E0789F61:00:00 = -8.56289604E-04 : FWB 34-8A:9D900CC8:00:?? = +6.30250780E+02
A530 : BNE A53B       : A=8A X=00 Y=34 SP=?? N=1 V=0 D=0 I=0 Z=0 C=1 : FWA DD-76:E0789F61:00:00 = -8.56289604E-04 : FWB 34-8A:9D900CC8:00:?? = +6.30250780E+02
A53B : TYA            : A=34 X=00 Y=34 SP=?? N=0 V=0 D=0 I=0 Z=0 C=1 : FWA DD-76:E0789F61:00:00 = -8.56289604E-04 : FWB 34-8A:9D900CC8:00:?? = +6.30250780E+02
A53C : ORA #80        : A=B4 X=00 Y=34 SP=?? N=1 V=0 D=0 I=0 Z=0 C=1 : FWA DD-76:E0789F61:00:00 = -8.56289604E-04 : FWB 34-8A:9D900CC8:00:?? = +6.30250780E+02
A53E : STA 3D         : A=B4 X=00 Y=34 SP=?? N=1 V=0 D=0 I=0 Z=0 C=1 : FWA DD-76:E0789F61:00:00 = -8.56289604E-04 : FWB 34-8A:B4900CC8:00:?? = +7.22250780E+02
A540 : RTS            : A=B4 X=00 Y=34 SP=?? N=1 V=0 D=0 I=0 Z=0 C=1 : FWA DD-76:E0789F61:00:00 = -8.56289604E-04 : FWB 34-8A:B4900CC8:00:?? = +7.22250780E+02
A70D : BEQ A73B       : A=B4 X=00 Y=34 SP=?? N=1 V=0 D=0 I=0 Z=0 C=1 : FWA DD-76:E0789F61:00:00 = -8.56289604E-04 : FWB 34-8A:B4900CC8:00:?? = +7.22250780E+02
A70F : JSR 8429       : A=B4 X=00 Y=34 SP=?? N=1 V=0 D=0 I=0 Z=0 C=1 : FWA DD-76:E0789F61:00:00 = -8.56289604E-04 : FWB 34-8A:B4900CC8:00:?? = +7.22250780E+02
8429 : LDA 31         : A=E0 X=00 Y=34 SP=?? N=1 V=0 D=0 I=0 Z=0 C=1 : FWA DD-76:E0789F61:00:00 = -8.56289604E-04 : FWB 34-8A:B4900CC8:00:?? = +7.22250780E+02
842B : BEQ 840A       : A=E0 X=00 Y=34 SP=?? N=1 V=0 D=0 I=0 Z=0 C=1 : FWA DD-76:E0789F61:00:00 = -8.56289604E-04 : FWB 34-8A:B4900CC8:00:?? = +7.22250780E+02
842D : SEC            : A=E0 X=00 Y=34 SP=?? N=1 V=0 D=0 I=0 Z=0 C=1 : FWA DD-76:E0789F61:00:00 = -8.56289604E-04 : FWB 34-8A:B4900CC8:00:?? = +7.22250780E+02
842E : LDA 30         : A=76 X=00 Y=34 SP=?? N=0 V=0 D=0 I=0 Z=0 C=1 : FWA DD-76:E0789F61:00:00 = -8.56289604E-04 : FWB 34-8A:B4900CC8:00:?? = +7.22250780E+02
8430 : SBC 3C         : A=EC X=00 Y=34 SP=?? N=1 V=1 D=0 I=0 Z=0 C=0 : FWA DD-76:E0789F61:00:00 = -8.56289604E-04 : FWB 34-8A:B4900CC8:00:?? = +7.22250780E+02
8432 : BEQ 84A3       : A=EC X=00 Y=34 SP=?? N=1 V=1 D=0 I=0 Z=0 C=0 : FWA DD-76:E0789F61:00:00 = -8.56289604E-04 : FWB 34-8A:B4900CC8:00:?? = +7.22250780E+02
8434 : BCC 846A       : A=EC X=00 Y=34 SP=?? N=1 V=1 D=0 I=0 Z=0 C=0 : FWA DD-76:E0789F61:00:00 = -8.56289604E-04 : FWB 34-8A:B4900CC8:00:?? = +7.22250780E+02
846A : EOR #FF        : A=13 X=00 Y=34 SP=?? N=0 V=1 D=0 I=0 Z=0 C=0 : FWA DD-76:E0789F61:00:00 = -8.56289604E-04 : FWB 34-8A:B4900CC8:00:?? = +7.22250780E+02
846C : INC A          : A=14 X=00 Y=34 SP=?? N=0 V=1 D=0 I=0 Z=0 C=0 : FWA DD-76:E0789F61:00:00 = -8.56289604E-04 : FWB 34-8A:B4900CC8:00:?? = +7.22250780E+02
846D : CMP #25        : A=14 X=00 Y=34 SP=?? N=1 V=1 D=0 I=0 Z=0 C=0 : FWA DD-76:E0789F61:00:00 = -8.56289604E-04 : FWB 34-8A:B4900CC8:00:?? = +7.22250780E+02
846F : BCS 840A       : A=14 X=00 Y=34 SP=?? N=1 V=1 D=0 I=0 Z=0 C=0 : FWA DD-76:E0789F61:00:00 = -8.56289604E-04 : FWB 34-8A:B4900CC8:00:?? = +7.22250780E+02
8471 : LDY 3C         : A=14 X=00 Y=8A SP=?? N=1 V=1 D=0 I=0 Z=0 C=0 : FWA DD-76:E0789F61:00:00 = -8.56289604E-04 : FWB 34-8A:B4900CC8:00:?? = +7.22250780E+02
8473 : STY 30         : A=14 X=00 Y=8A SP=?? N=1 V=1 D=0 I=0 Z=0 C=0 : FWA DD-8A:E0789F61:00:00 = -8.97884728E+02 : FWB 34-8A:B4900CC8:00:?? = +7.22250780E+02
8475 : TAY            : A=14 X=00 Y=14 SP=?? N=0 V=1 D=0 I=0 Z=0 C=0 : FWA DD-8A:E0789F61:00:00 = -8.97884728E+02 : FWB 34-8A:B4900CC8:00:?? = +7.22250780E+02
8476 : AND #38        : A=10 X=00 Y=14 SP=?? N=0 V=1 D=0 I=0 Z=0 C=0 : FWA DD-8A:E0789F61:00:00 = -8.97884728E+02 : FWB 34-8A:B4900CC8:00:?? = +7.22250780E+02
8478 : BEQ 8491       : A=10 X=00 Y=14 SP=?? N=0 V=1 D=0 I=0 Z=0 C=0 : FWA DD-8A:E0789F61:00:00 = -8.97884728E+02 : FWB 34-8A:B4900CC8:00:?? = +7.22250780E+02
847A : SEC            : A=10 X=00 Y=14 SP=?? N=0 V=1 D=0 I=0 Z=0 C=1 : FWA DD-8A:E0789F61:00:00 = -8.97884728E+02 : FWB 34-8A:B4900CC8:00:?? = +7.22250780E+02
847B : LDX 34         : A=10 X=61 Y=14 SP=?? N=0 V=1 D=0 I=0 Z=0 C=1 : FWA DD-8A:E0789F61:00:00 = -8.97884728E+02 : FWB 34-8A:B4900CC8:00:?? = +7.22250780E+02
847D : STX 35         : A=10 X=61 Y=14 SP=?? N=0 V=1 D=0 I=0 Z=0 C=1 : FWA DD-8A:E0789F61:61:00 = -8.97884728E+02 : FWB 34-8A:B4900CC8:00:?? = +7.22250780E+02
847F : LDX 33         : A=10 X=9F Y=14 SP=?? N=1 V=1 D=0 I=0 Z=0 C=1 : FWA DD-8A:E0789F61:61:00 = -8.97884728E+02 : FWB 34-8A:B4900CC8:00:?? = +7.22250780E+02
8481 : STX 34         : A=10 X=9F Y=14 SP=?? N=1 V=1 D=0 I=0 Z=0 C=1 : FWA DD-8A:E0789F9F:61:00 = -8.97884743E+02 : FWB 34-8A:B4900CC8:00:?? = +7.22250780E+02
8483 : LDX 32         : A=10 X=78 Y=14 SP=?? N=0 V=1 D=0 I=0 Z=0 C=1 : FWA DD-8A:E0789F9F:61:00 = -8.97884743E+02 : FWB 34-8A:B4900CC8:00:?? = +7.22250780E+02
8485 : STX 33         : A=10 X=78 Y=14 SP=?? N=0 V=1 D=0 I=0 Z=0 C=1 : FWA DD-8A:E078789F:61:00 = -8.97882362E+02 : FWB 34-8A:B4900CC8:00:?? = +7.22250780E+02
8487 : LDX 31         : A=10 X=E0 Y=14 SP=?? N=1 V=1 D=0 I=0 Z=0 C=1 : FWA DD-8A:E078789F:61:00 = -8.97882362E+02 : FWB 34-8A:B4900CC8:00:?? = +7.22250780E+02
8489 : STX 32         : A=10 X=E0 Y=14 SP=?? N=1 V=1 D=0 I=0 Z=0 C=1 : FWA DD-8A:E0E0789F:61:00 = -8.99507362E+02 : FWB 34-8A:B4900CC8:00:?? = +7.22250780E+02
848B : STZ 31         : A=10 X=E0 Y=14 SP=?? N=1 V=1 D=0 I=0 Z=0 C=1 : FWA DD-8A:00E0789F:61:00 = -3.50736222E+00 : FWB 34-8A:B4900CC8:00:?? = +7.22250780E+02
848D : SBC #08        : A=08 X=E0 Y=14 SP=?? N=0 V=0 D=0 I=0 Z=0 C=1 : FWA DD-8A:00E0789F:61:00 = -3.50736222E+00 : FWB 34-8A:B4900CC8:00:?? = +7.22250780E+02
848F : BNE 847B       : A=08 X=E0 Y=14 SP=?? N=0 V=0 D=0 I=0 Z=0 C=1 : FWA DD-8A:00E0789F:61:00 = -3.50736222E+00 : FWB 34-8A:B4900CC8:00:?? = +7.22250780E+02
847B : LDX 34         : A=08 X=9F Y=14 SP=?? N=1 V=0 D=0 I=0 Z=0 C=1 : FWA DD-8A:00E0789F:61:00 = -3.50736222E+00 : FWB 34-8A:B4900CC8:00:?? = +7.22250780E+02
847D : STX 35         : A=08 X=9F Y=14 SP=?? N=1 V=0 D=0 I=0 Z=0 C=1 : FWA DD-8A:00E0789F:9F:00 = -3.50736228E+00 : FWB 34-8A:B4900CC8:00:?? = +7.22250780E+02
847F : LDX 33         : A=08 X=78 Y=14 SP=?? N=0 V=0 D=0 I=0 Z=0 C=1 : FWA DD-8A:00E0789F:9F:00 = -3.50736228E+00 : FWB 34-8A:B4900CC8:00:?? = +7.22250780E+02
8481 : STX 34         : A=08 X=78 Y=14 SP=?? N=0 V=0 D=0 I=0 Z=0 C=1 : FWA DD-8A:00E07878:9F:00 = -3.50735298E+00 : FWB 34-8A:B4900CC8:00:?? = +7.22250780E+02
8483 : LDX 32         : A=08 X=E0 Y=14 SP=?? N=1 V=0 D=0 I=0 Z=0 C=1 : FWA DD-8A:00E07878:9F:00 = -3.50735298E+00 : FWB 34-8A:B4900CC8:00:?? = +7.22250780E+02
8485 : STX 33         : A=08 X=E0 Y=14 SP=?? N=1 V=0 D=0 I=0 Z=0 C=1 : FWA DD-8A:00E0E078:9F:00 = -3.51370063E+00 : FWB 34-8A:B4900CC8:00:?? = +7.22250780E+02
8487 : LDX 31         : A=08 X=00 Y=14 SP=?? N=0 V=0 D=0 I=0 Z=1 C=1 : FWA DD-8A:00E0E078:9F:00 = -3.51370063E+00 : FWB 34-8A:B4900CC8:00:?? = +7.22250780E+02
8489 : STX 32         : A=08 X=00 Y=14 SP=?? N=0 V=0 D=0 I=0 Z=1 C=1 : FWA DD-8A:0000E078:9F:00 = -1.37006333E-02 : FWB 34-8A:B4900CC8:00:?? = +7.22250780E+02
848B : STZ 31         : A=08 X=00 Y=14 SP=?? N=0 V=0 D=0 I=0 Z=1 C=1 : FWA DD-8A:0000E078:9F:00 = -1.37006333E-02 : FWB 34-8A:B4900CC8:00:?? = +7.22250780E+02
848D : SBC #08        : A=00 X=00 Y=14 SP=?? N=0 V=0 D=0 I=0 Z=1 C=1 : FWA DD-8A:0000E078:9F:00 = -1.37006333E-02 : FWB 34-8A:B4900CC8:00:?? = +7.22250780E+02
848F : BNE 847B       : A=00 X=00 Y=14 SP=?? N=0 V=0 D=0 I=0 Z=1 C=1 : FWA DD-8A:0000E078:9F:00 = -1.37006333E-02 : FWB 34-8A:B4900CC8:00:?? = +7.22250780E+02
8491 : TYA            : A=14 X=00 Y=14 SP=?? N=0 V=0 D=0 I=0 Z=0 C=1 : FWA DD-8A:0000E078:9F:00 = -1.37006333E-02 : FWB 34-8A:B4900CC8:00:?? = +7.22250780E+02
8492 : AND #07        : A=04 X=00 Y=14 SP=?? N=0 V=0 D=0 I=0 Z=0 C=1 : FWA DD-8A:0000E078:9F:00 = -1.37006333E-02 : FWB 34-8A:B4900CC8:00:?? = +7.22250780E+02
8494 : BEQ 84A3       : A=04 X=00 Y=14 SP=?? N=0 V=0 D=0 I=0 Z=0 C=1 : FWA DD-8A:0000E078:9F:00 = -1.37006333E-02 : FWB 34-8A:B4900CC8:00:?? = +7.22250780E+02
8496 : LSR 31         : A=04 X=00 Y=14 SP=?? N=0 V=0 D=0 I=0 Z=1 C=0 : FWA DD-8A:0000E078:9F:00 = -1.37006333E-02 : FWB 34-8A:B4900CC8:00:?? = +7.22250780E+02
8498 : ROR 32         : A=04 X=00 Y=14 SP=?? N=0 V=0 D=0 I=0 Z=1 C=0 : FWA DD-8A:0000E078:9F:00 = -1.37006333E-02 : FWB 34-8A:B4900CC8:00:?? = +7.22250780E+02
849A : ROR 33         : A=04 X=00 Y=14 SP=?? N=0 V=0 D=0 I=0 Z=0 C=0 : FWA DD-8A:00007078:9F:00 = -6.86469581E-03 : FWB 34-8A:B4900CC8:00:?? = +7.22250780E+02
849C : ROR 34         : A=04 X=00 Y=14 SP=?? N=0 V=0 D=0 I=0 Z=0 C=0 : FWA DD-8A:0000703C:9F:00 = -6.85039070E-03 : FWB 34-8A:B4900CC8:00:?? = +7.22250780E+02
849E : ROR 35         : A=04 X=00 Y=14 SP=?? N=0 V=0 D=0 I=0 Z=0 C=1 : FWA DD-8A:0000703C:4F:00 = -6.85031619E-03 : FWB 34-8A:B4900CC8:00:?? = +7.22250780E+02
84A0 : DEC A          : A=03 X=00 Y=14 SP=?? N=0 V=0 D=0 I=0 Z=0 C=1 : FWA DD-8A:0000703C:4F:00 = -6.85031619E-03 : FWB 34-8A:B4900CC8:00:?? = +7.22250780E+02
84A1 : BNE 8496       : A=03 X=00 Y=14 SP=?? N=0 V=0 D=0 I=0 Z=0 C=1 : FWA DD-8A:0000703C:4F:00 = -6.85031619E-03 : FWB 34-8A:B4900CC8:00:?? = +7.22250780E+02
8496 : LSR 31         : A=03 X=00 Y=14 SP=?? N=0 V=0 D=0 I=0 Z=1 C=0 : FWA DD-8A:0000703C:4F:00 = -6.85031619E-03 : FWB 34-8A:B4900CC8:00:?? = +7.22250780E+02
8498 : ROR 32         : A=03 X=00 Y=14 SP=?? N=0 V=0 D=0 I=0 Z=1 C=0 : FWA DD-8A:0000703C:4F:00 = -6.85031619E-03 : FWB 34-8A:B4900CC8:00:?? = +7.22250780E+02
849A : ROR 33         : A=03 X=00 Y=14 SP=?? N=0 V=0 D=0 I=0 Z=0 C=0 : FWA DD-8A:0000383C:4F:00 = -3.43234744E-03 : FWB 34-8A:B4900CC8:00:?? = +7.22250780E+02
849C : ROR 34         : A=03 X=00 Y=14 SP=?? N=0 V=0 D=0 I=0 Z=0 C=0 : FWA DD-8A:0000381E:4F:00 = -3.42519488E-03 : FWB 34-8A:B4900CC8:00:?? = +7.22250780E+02
849E : ROR 35         : A=03 X=00 Y=14 SP=?? N=0 V=0 D=0 I=0 Z=0 C=1 : FWA DD-8A:0000381E:27:00 = -3.42515763E-03 : FWB 34-8A:B4900CC8:00:?? = +7.22250780E+02
84A0 : DEC A          : A=02 X=00 Y=14 SP=?? N=0 V=0 D=0 I=0 Z=0 C=1 : FWA DD-8A:0000381E:27:00 = -3.42515763E-03 : FWB 34-8A:B4900CC8:00:?? = +7.22250780E+02
84A1 : BNE 8496       : A=02 X=00 Y=14 SP=?? N=0 V=0 D=0 I=0 Z=0 C=1 : FWA DD-8A:0000381E:27:00 = -3.42515763E-03 : FWB 34-8A:B4900CC8:00:?? = +7.22250780E+02
8496 : LSR 31         : A=02 X=00 Y=14 SP=?? N=0 V=0 D=0 I=0 Z=1 C=0 : FWA DD-8A:0000381E:27:00 = -3.42515763E-03 : FWB 34-8A:B4900CC8:00:?? = +7.22250780E+02
8498 : ROR 32         : A=02 X=00 Y=14 SP=?? N=0 V=0 D=0 I=0 Z=1 C=0 : FWA DD-8A:0000381E:27:00 = -3.42515763E-03 : FWB 34-8A:B4900CC8:00:?? = +7.22250780E+02
849A : ROR 33         : A=02 X=00 Y=14 SP=?? N=0 V=0 D=0 I=0 Z=0 C=0 : FWA DD-8A:00001C1E:27:00 = -1.71617325E-03 : FWB 34-8A:B4900CC8:00:?? = +7.22250780E+02
849C : ROR 34         : A=02 X=00 Y=14 SP=?? N=0 V=0 D=0 I=0 Z=0 C=0 : FWA DD-8A:00001C0F:27:00 = -1.71259698E-03 : FWB 34-8A:B4900CC8:00:?? = +7.22250780E+02
849E : ROR 35         : A=02 X=00 Y=14 SP=?? N=0 V=0 D=0 I=0 Z=0 C=1 : FWA DD-8A:00001C0F:13:00 = -1.71257835E-03 : FWB 34-8A:B4900CC8:00:?? = +7.22250780E+02
84A0 : DEC A          : A=01 X=00 Y=14 SP=?? N=0 V=0 D=0 I=0 Z=0 C=1 : FWA DD-8A:00001C0F:13:00 = -1.71257835E-03 : FWB 34-8A:B4900CC8:00:?? = +7.22250780E+02
84A1 : BNE 8496       : A=01 X=00 Y=14 SP=?? N=0 V=0 D=0 I=0 Z=0 C=1 : FWA DD-8A:00001C0F:13:00 = -1.71257835E-03 : FWB 34-8A:B4900CC8:00:?? = +7.22250780E+02
8496 : LSR 31         : A=01 X=00 Y=14 SP=?? N=0 V=0 D=0 I=0 Z=1 C=0 : FWA DD-8A:00001C0F:13:00 = -1.71257835E-03 : FWB 34-8A:B4900CC8:00:?? = +7.22250780E+02
8498 : ROR 32         : A=01 X=00 Y=14 SP=?? N=0 V=0 D=0 I=0 Z=1 C=0 : FWA DD-8A:00001C0F:13:00 = -1.71257835E-03 : FWB 34-8A:B4900CC8:00:?? = +7.22250780E+02
849A : ROR 33         : A=01 X=00 Y=14 SP=?? N=0 V=0 D=0 I=0 Z=0 C=0 : FWA DD-8A:00000E0F:13:00 = -8.58086161E-04 : FWB 34-8A:B4900CC8:00:?? = +7.22250780E+02
849C : ROR 34         : A=01 X=00 Y=14 SP=?? N=0 V=0 D=0 I=0 Z=0 C=1 : FWA DD-8A:00000E07:13:00 = -8.56178813E-04 : FWB 34-8A:B4900CC8:00:?? = +7.22250780E+02
849E : ROR 35         : A=01 X=00 Y=14 SP=?? N=1 V=0 D=0 I=0 Z=0 C=1 : FWA DD-8A:00000E07:89:00 = -8.56288709E-04 : FWB 34-8A:B4900CC8:00:?? = +7.22250780E+02
84A0 : DEC A          : A=00 X=00 Y=14 SP=?? N=0 V=0 D=0 I=0 Z=1 C=1 : FWA DD-8A:00000E07:89:00 = -8.56288709E-04 : FWB 34-8A:B4900CC8:00:?? = +7.22250780E+02
84A1 : BNE 8496       : A=00 X=00 Y=14 SP=?? N=0 V=0 D=0 I=0 Z=1 C=1 : FWA DD-8A:00000E07:89:00 = -8.56288709E-04 : FWB 34-8A:B4900CC8:00:?? = +7.22250780E+02
84A3 : LDA 2E         : A=DD X=00 Y=14 SP=?? N=1 V=0 D=0 I=0 Z=0 C=1 : FWA DD-8A:00000E07:89:00 = -8.56288709E-04 : FWB 34-8A:B4900CC8:00:?? = +7.22250780E+02
84A5 : EOR 3B         : A=E9 X=00 Y=14 SP=?? N=1 V=0 D=0 I=0 Z=0 C=1 : FWA DD-8A:00000E07:89:00 = -8.56288709E-04 : FWB 34-8A:B4900CC8:00:?? = +7.22250780E+02
84A7 : BMI 84AD       : A=E9 X=00 Y=14 SP=?? N=1 V=0 D=0 I=0 Z=0 C=1 : FWA DD-8A:00000E07:89:00 = -8.56288709E-04 : FWB 34-8A:B4900CC8:00:?? = +7.22250780E+02
84AD : LDA 31         : A=00 X=00 Y=14 SP=?? N=0 V=0 D=0 I=0 Z=1 C=1 : FWA DD-8A:00000E07:89:00 = -8.56288709E-04 : FWB 34-8A:B4900CC8:00:?? = +7.22250780E+02
84AF : CMP 3D         : A=00 X=00 Y=14 SP=?? N=0 V=0 D=0 I=0 Z=0 C=0 : FWA DD-8A:00000E07:89:00 = -8.56288709E-04 : FWB 34-8A:B4900CC8:00:?? = +7.22250780E+02
84B1 : BNE 84CE       : A=00 X=00 Y=14 SP=?? N=0 V=0 D=0 I=0 Z=0 C=0 : FWA DD-8A:00000E07:89:00 = -8.56288709E-04 : FWB 34-8A:B4900CC8:00:?? = +7.22250780E+02
84CE : BCS 84F4       : A=00 X=00 Y=14 SP=?? N=0 V=0 D=0 I=0 Z=0 C=0 : FWA DD-8A:00000E07:89:00 = -8.56288709E-04 : FWB 34-8A:B4900CC8:00:?? = +7.22250780E+02
84D0 : LDA 3B         : A=34 X=00 Y=14 SP=?? N=0 V=0 D=0 I=0 Z=0 C=0 : FWA DD-8A:00000E07:89:00 = -8.56288709E-04 : FWB 34-8A:B4900CC8:00:?? = +7.22250780E+02
84D2 : STA 2E         : A=34 X=00 Y=14 SP=?? N=0 V=0 D=0 I=0 Z=0 C=0 : FWA 34-8A:00000E07:89:00 = +8.56288709E-04 : FWB 34-8A:B4900CC8:00:?? = +7.22250780E+02
84D4 : SEC            : A=34 X=00 Y=14 SP=?? N=0 V=0 D=0 I=0 Z=0 C=1 : FWA 34-8A:00000E07:89:00 = +8.56288709E-04 : FWB 34-8A:B4900CC8:00:?? = +7.22250780E+02
84D5 : LDA 41         : A=00 X=00 Y=14 SP=?? N=0 V=0 D=0 I=0 Z=1 C=1 : FWA 34-8A:00000E07:89:00 = +8.56288709E-04 : FWB 34-8A:B4900CC8:00:?? = +7.22250780E+02
84D7 : SBC 35         : A=77 X=00 Y=14 SP=?? N=0 V=0 D=0 I=0 Z=0 C=0 : FWA 34-8A:00000E07:89:00 = +8.56288709E-04 : FWB 34-8A:B4900CC8:00:?? = +7.22250780E+02
84D9 : STA 35         : A=77 X=00 Y=14 SP=?? N=0 V=0 D=0 I=0 Z=0 C=0 : FWA 34-8A:00000E07:77:00 = +8.56271945E-04 : FWB 34-8A:B4900CC8:00:?? = +7.22250780E+02
84DB : LDA 40         : A=C8 X=00 Y=14 SP=?? N=1 V=0 D=0 I=0 Z=0 C=0 : FWA 34-8A:00000E07:77:00 = +8.56271945E-04 : FWB 34-8A:B4900CC8:00:?? = +7.22250780E+02
84DD : SBC 34         : A=C0 X=00 Y=14 SP=?? N=1 V=0 D=0 I=0 Z=0 C=1 : FWA 34-8A:00000E07:77:00 = +8.56271945E-04 : FWB 34-8A:B4900CC8:00:?? = +7.22250780E+02
84DF : STA 34         : A=C0 X=00 Y=14 SP=?? N=1 V=0 D=0 I=0 Z=0 C=1 : FWA 34-8A:00000EC0:77:00 = +9.00379382E-04 : FWB 34-8A:B4900CC8:00:?? = +7.22250780E+02
84E1 : LDA 3F         : A=0C X=00 Y=14 SP=?? N=0 V=0 D=0 I=0 Z=0 C=1 : FWA 34-8A:00000EC0:77:00 = +9.00379382E-04 : FWB 34-8A:B4900CC8:00:?? = +7.22250780E+02
84E3 : SBC 33         : A=FE X=00 Y=14 SP=?? N=1 V=0 D=0 I=0 Z=0 C=0 : FWA 34-8A:00000EC0:77:00 = +9.00379382E-04 : FWB 34-8A:B4900CC8:00:?? = +7.22250780E+02
84E5 : STA 33         : A=FE X=00 Y=14 SP=?? N=1 V=0 D=0 I=0 Z=0 C=0 : FWA 34-8A:0000FEC0:77:00 = +1.55488169E-02 : FWB 34-8A:B4900CC8:00:?? = +7.22250780E+02
84E7 : LDA 3E         : A=90 X=00 Y=14 SP=?? N=1 V=0 D=0 I=0 Z=0 C=0 : FWA 34-8A:0000FEC0:77:00 = +1.55488169E-02 : FWB 34-8A:B4900CC8:00:?? = +7.22250780E+02
84E9 : SBC 32         : A=8F X=00 Y=14 SP=?? N=1 V=0 D=0 I=0 Z=0 C=1 : FWA 34-8A:0000FEC0:77:00 = +1.55488169E-02 : FWB 34-8A:B4900CC8:00:?? = +7.22250780E+02
84EB : STA 32         : A=8F X=00 Y=14 SP=?? N=1 V=0 D=0 I=0 Z=0 C=1 : FWA 34-8A:008FFEC0:77:00 = +2.24992382E+00 : FWB 34-8A:B4900CC8:00:?? = +7.22250780E+02
84ED : LDA 3D         : A=B4 X=00 Y=14 SP=?? N=1 V=0 D=0 I=0 Z=0 C=1 : FWA 34-8A:008FFEC0:77:00 = +2.24992382E+00 : FWB 34-8A:B4900CC8:00:?? = +7.22250780E+02
84EF : SBC 31         : A=B4 X=00 Y=14 SP=?? N=1 V=0 D=0 I=0 Z=0 C=1 : FWA 34-8A:008FFEC0:77:00 = +2.24992382E+00 : FWB 34-8A:B4900CC8:00:?? = +7.22250780E+02
84F1 : JMP 8304       : A=B4 X=00 Y=14 SP=?? N=1 V=0 D=0 I=0 Z=0 C=1 : FWA 34-8A:008FFEC0:77:00 = +2.24992382E+00 : FWB 34-8A:B4900CC8:00:?? = +7.22250780E+02
8304 : BMI 8346       : A=B4 X=00 Y=14 SP=?? N=1 V=0 D=0 I=0 Z=0 C=1 : FWA 34-8A:008FFEC0:77:00 = +2.24992382E+00 : FWB 34-8A:B4900CC8:00:?? = +7.22250780E+02
8346 : STA 31         : A=B4 X=00 Y=14 SP=?? N=1 V=0 D=0 I=0 Z=0 C=1 : FWA 34-8A:B48FFEC0:77:00 = +7.22249924E+02 : FWB 34-8A:B4900CC8:00:?? = +7.22250780E+02
8348 : RTS            : A=B4 X=00 Y=14 SP=?? N=1 V=0 D=0 I=0 Z=0 C=1 : FWA 34-8A:B48FFEC0:77:00 = +7.22249924E+02 : FWB 34-8A:B4900CC8:00:?? = +7.22250780E+02
A712 : LDA 35         : A=77 X=00 Y=14 SP=?? N=0 V=0 D=0 I=0 Z=0 C=1 : FWA 34-8A:B48FFEC0:77:00 = +7.22249924E+02 : FWB 34-8A:B4900CC8:00:?? = +7.22250780E+02
A714 : BPL A725       : A=77 X=00 Y=14 SP=?? N=0 V=0 D=0 I=0 Z=0 C=1 : FWA 34-8A:B48FFEC0:77:00 = +7.22249924E+02 : FWB 34-8A:B4900CC8:00:?? = +7.22250780E+02
A725 : LDA 2F         : A=00 X=00 Y=14 SP=?? N=0 V=0 D=0 I=0 Z=1 C=1 : FWA 34-8A:B48FFEC0:77:00 = +7.22249924E+02 : FWB 34-8A:B4900CC8:00:?? = +7.22250780E+02
A727 : BEQ A739       : A=00 X=00 Y=14 SP=?? N=0 V=0 D=0 I=0 Z=1 C=1 : FWA 34-8A:B48FFEC0:77:00 = +7.22249924E+02 : FWB 34-8A:B4900CC8:00:?? = +7.22250780E+02
A739 : STZ 35         : A=00 X=00 Y=14 SP=?? N=0 V=0 D=0 I=0 Z=1 C=1 : FWA 34-8A:B48FFEC0:00:00 = +7.22249924E+02 : FWB 34-8A:B4900CC8:00:?? = +7.22250780E+02
A73B : LDA #FF        : A=FF X=00 Y=14 SP=?? N=1 V=0 D=0 I=0 Z=0 C=1 : FWA 34-8A:B48FFEC0:00:00 = +7.22249924E+02 : FWB 34-8A:B4900CC8:00:?? = +7.22250780E+02
A73D : RTS            : A=FF X=00 Y=14 SP=?? N=1 V=0 D=0 I=0 Z=0 C=1 : FWA 34-8A:B48FFEC0:00:00 = +7.22249924E+02 : FWB 34-8A:B4900CC8:00:?? = +7.22250780E+02
A8EE : JSR A5AD       : A=FF X=00 Y=14 SP=?? N=1 V=0 D=0 I=0 Z=0 C=1 : FWA 34-8A:B48FFEC0:00:00 = +7.22249924E+02 : FWB 34-8A:B4900CC8:00:?? = +7.22250780E+02
A5AD : CLC            : A=FF X=00 Y=14 SP=?? N=1 V=0 D=0 I=0 Z=0 C=0 : FWA 34-8A:B48FFEC0:00:00 = +7.22249924E+02 : FWB 34-8A:B4900CC8:00:?? = +7.22250780E+02
A5AE : LDA 4C         : A=F6 X=00 Y=14 SP=?? N=1 V=0 D=0 I=0 Z=0 C=0 : FWA 34-8A:B48FFEC0:00:00 = +7.22249924E+02 : FWB 34-8A:B4900CC8:00:?? = +7.22250780E+02
A5B0 : ADC #05        : A=FB X=00 Y=14 SP=?? N=1 V=0 D=0 I=0 Z=0 C=0 : FWA 34-8A:B48FFEC0:00:00 = +7.22249924E+02 : FWB 34-8A:B4900CC8:00:?? = +7.22250780E+02
A5B2 : STA 4C         : A=FB X=00 Y=14 SP=?? N=1 V=0 D=0 I=0 Z=0 C=0 : FWA 34-8A:B48FFEC0:00:00 = +7.22249924E+02 : FWB 34-8A:B4900CC8:00:?? = +7.22250780E+02
A5B4 : LDY #BF        : A=FB X=00 Y=BF SP=?? N=1 V=0 D=0 I=0 Z=0 C=0 : FWA 34-8A:B48FFEC0:00:00 = +7.22249924E+02 : FWB 34-8A:B4900CC8:00:?? = +7.22250780E+02
A5B6 : STA 4A         : A=FB X=00 Y=BF SP=?? N=1 V=0 D=0 I=0 Z=0 C=0 : FWA 34-8A:B48FFEC0:00:00 = +7.22249924E+02 : FWB 34-8A:B4900CC8:00:?? = +7.22250780E+02
A5B8 : STY 4B         : A=FB X=00 Y=BF SP=?? N=1 V=0 D=0 I=0 Z=0 C=0 : FWA 34-8A:B48FFEC0:00:00 = +7.22249924E+02 : FWB 34-8A:B4900CC8:00:?? = +7.22250780E+02
A5BA : RTS            : A=FB X=00 Y=BF SP=?? N=1 V=0 D=0 I=0 Z=0 C=0 : FWA 34-8A:B48FFEC0:00:00 = +7.22249924E+02 : FWB 34-8A:B4900CC8:00:?? = +7.22250780E+02
A8F1 : JSR A70A       : A=FB X=00 Y=BF SP=?? N=1 V=0 D=0 I=0 Z=0 C=0 : FWA 34-8A:B48FFEC0:00:00 = +7.22249924E+02 : FWB 34-8A:B4900CC8:00:?? = +7.22250780E+02
A70A : JSR A514       : A=FB X=00 Y=BF SP=?? N=1 V=0 D=0 I=0 Z=0 C=0 : FWA 34-8A:B48FFEC0:00:00 = +7.22249924E+02 : FWB 34-8A:B4900CC8:00:?? = +7.22250780E+02
A514 : STZ 41         : A=FB X=00 Y=BF SP=?? N=1 V=0 D=0 I=0 Z=0 C=0 : FWA 34-8A:B48FFEC0:00:00 = +7.22249924E+02 : FWB 34-8A:B4900CC8:00:?? = +7.22250780E+02
A516 : LDY #04        : A=FB X=00 Y=04 SP=?? N=0 V=0 D=0 I=0 Z=0 C=0 : FWA 34-8A:B48FFEC0:00:00 = +7.22249924E+02 : FWB 34-8A:B4900CC8:00:?? = +7.22250780E+02
A518 : LDA (4A),Y     : A=66 X=00 Y=04 SP=?? N=0 V=0 D=0 I=0 Z=0 C=0 : FWA 34-8A:B48FFEC0:00:00 = +7.22249924E+02 : FWB 34-8A:B4900CC8:00:?? = +7.22250780E+02
A51A : STA 40         : A=66 X=00 Y=04 SP=?? N=0 V=0 D=0 I=0 Z=0 C=0 : FWA 34-8A:B48FFEC0:00:00 = +7.22249924E+02 : FWB 34-8A:B4900C66:00:?? = +7.22250757E+02
A51C : DEY            : A=66 X=00 Y=03 SP=?? N=0 V=0 D=0 I=0 Z=0 C=0 : FWA 34-8A:B48FFEC0:00:00 = +7.22249924E+02 : FWB 34-8A:B4900C66:00:?? = +7.22250757E+02
A51D : LDA (4A),Y     : A=66 X=00 Y=03 SP=?? N=0 V=0 D=0 I=0 Z=0 C=0 : FWA 34-8A:B48FFEC0:00:00 = +7.22249924E+02 : FWB 34-8A:B4900C66:00:?? = +7.22250757E+02
A51F : STA 3F         : A=66 X=00 Y=03 SP=?? N=0 V=0 D=0 I=0 Z=0 C=0 : FWA 34-8A:B48FFEC0:00:00 = +7.22249924E+02 : FWB 34-8A:B4906666:00:?? = +7.22256250E+02
A521 : DEY            : A=66 X=00 Y=02 SP=?? N=0 V=0 D=0 I=0 Z=0 C=0 : FWA 34-8A:B48FFEC0:00:00 = +7.22249924E+02 : FWB 34-8A:B4906666:00:?? = +7.22256250E+02
A522 : LDA (4A),Y     : A=66 X=00 Y=02 SP=?? N=0 V=0 D=0 I=0 Z=0 C=0 : FWA 34-8A:B48FFEC0:00:00 = +7.22249924E+02 : FWB 34-8A:B4906666:00:?? = +7.22256250E+02
A524 : STA 3E         : A=66 X=00 Y=02 SP=?? N=0 V=0 D=0 I=0 Z=0 C=0 : FWA 34-8A:B48FFEC0:00:00 = +7.22249924E+02 : FWB 34-8A:B4666666:00:?? = +7.21600000E+02
A526 : DEY            : A=66 X=00 Y=01 SP=?? N=0 V=0 D=0 I=0 Z=0 C=0 : FWA 34-8A:B48FFEC0:00:00 = +7.22249924E+02 : FWB 34-8A:B4666666:00:?? = +7.21600000E+02
A527 : LDA (4A),Y     : A=E6 X=00 Y=01 SP=?? N=1 V=0 D=0 I=0 Z=0 C=0 : FWA 34-8A:B48FFEC0:00:00 = +7.22249924E+02 : FWB 34-8A:B4666666:00:?? = +7.21600000E+02
A529 : STA 3B         : A=E6 X=00 Y=01 SP=?? N=1 V=0 D=0 I=0 Z=0 C=0 : FWA 34-8A:B48FFEC0:00:00 = +7.22249924E+02 : FWB E6-8A:B4666666:00:?? = -7.21600000E+02
A52B : TAY            : A=E6 X=00 Y=E6 SP=?? N=1 V=0 D=0 I=0 Z=0 C=0 : FWA 34-8A:B48FFEC0:00:00 = +7.22249924E+02 : FWB E6-8A:B4666666:00:?? = -7.21600000E+02
A52C : LDA (4A)       : A=81 X=00 Y=E6 SP=?? N=1 V=0 D=0 I=0 Z=0 C=0 : FWA 34-8A:B48FFEC0:00:00 = +7.22249924E+02 : FWB E6-8A:B4666666:00:?? = -7.21600000E+02
A52E : STA 3C         : A=81 X=00 Y=E6 SP=?? N=1 V=0 D=0 I=0 Z=0 C=0 : FWA 34-8A:B48FFEC0:00:00 = +7.22249924E+02 : FWB E6-81:B4666666:00:?? = -1.40937500E+00
A530 : BNE A53B       : A=81 X=00 Y=E6 SP=?? N=1 V=0 D=0 I=0 Z=0 C=0 : FWA 34-8A:B48FFEC0:00:00 = +7.22249924E+02 : FWB E6-81:B4666666:00:?? = -1.40937500E+00
A53B : TYA            : A=E6 X=00 Y=E6 SP=?? N=1 V=0 D=0 I=0 Z=0 C=0 : FWA 34-8A:B48FFEC0:00:00 = +7.22249924E+02 : FWB E6-81:B4666666:00:?? = -1.40937500E+00
A53C : ORA #80        : A=E6 X=00 Y=E6 SP=?? N=1 V=0 D=0 I=0 Z=0 C=0 : FWA 34-8A:B48FFEC0:00:00 = +7.22249924E+02 : FWB E6-81:B4666666:00:?? = -1.40937500E+00
A53E : STA 3D         : A=E6 X=00 Y=E6 SP=?? N=1 V=0 D=0 I=0 Z=0 C=0 : FWA 34-8A:B48FFEC0:00:00 = +7.22249924E+02 : FWB E6-81:E6666666:00:?? = -1.80000000E+00
A540 : RTS            : A=E6 X=00 Y=E6 SP=?? N=1 V=0 D=0 I=0 Z=0 C=0 : FWA 34-8A:B48FFEC0:00:00 = +7.22249924E+02 : FWB E6-81:E6666666:00:?? = -1.80000000E+00
A70D : BEQ A73B       : A=E6 X=00 Y=E6 SP=?? N=1 V=0 D=0 I=0 Z=0 C=0 : FWA 34-8A:B48FFEC0:00:00 = +7.22249924E+02 : FWB E6-81:E6666666:00:?? = -1.80000000E+00
A70F : JSR 8429       : A=E6 X=00 Y=E6 SP=?? N=1 V=0 D=0 I=0 Z=0 C=0 : FWA 34-8A:B48FFEC0:00:00 = +7.22249924E+02 : FWB E6-81:E6666666:00:?? = -1.80000000E+00
8429 : LDA 31         : A=B4 X=00 Y=E6 SP=?? N=1 V=0 D=0 I=0 Z=0 C=0 : FWA 34-8A:B48FFEC0:00:00 = +7.22249924E+02 : FWB E6-81:E6666666:00:?? = -1.80000000E+00
842B : BEQ 840A       : A=B4 X=00 Y=E6 SP=?? N=1 V=0 D=0 I=0 Z=0 C=0 : FWA 34-8A:B48FFEC0:00:00 = +7.22249924E+02 : FWB E6-81:E6666666:00:?? = -1.80000000E+00
842D : SEC            : A=B4 X=00 Y=E6 SP=?? N=1 V=0 D=0 I=0 Z=0 C=1 : FWA 34-8A:B48FFEC0:00:00 = +7.22249924E+02 : FWB E6-81:E6666666:00:?? = -1.80000000E+00
842E : LDA 30         : A=8A X=00 Y=E6 SP=?? N=1 V=0 D=0 I=0 Z=0 C=1 : FWA 34-8A:B48FFEC0:00:00 = +7.22249924E+02 : FWB E6-81:E6666666:00:?? = -1.80000000E+00
8430 : SBC 3C         : A=09 X=00 Y=E6 SP=?? N=0 V=0 D=0 I=0 Z=0 C=1 : FWA 34-8A:B48FFEC0:00:00 = +7.22249924E+02 : FWB E6-81:E6666666:00:?? = -1.80000000E+00
8432 : BEQ 84A3       : A=09 X=00 Y=E6 SP=?? N=0 V=0 D=0 I=0 Z=0 C=1 : FWA 34-8A:B48FFEC0:00:00 = +7.22249924E+02 : FWB E6-81:E6666666:00:?? = -1.80000000E+00
8434 : BCC 846A       : A=09 X=00 Y=E6 SP=?? N=0 V=0 D=0 I=0 Z=0 C=1 : FWA 34-8A:B48FFEC0:00:00 = +7.22249924E+02 : FWB E6-81:E6666666:00:?? = -1.80000000E+00
8436 : CMP #25        : A=09 X=00 Y=E6 SP=?? N=1 V=0 D=0 I=0 Z=0 C=0 : FWA 34-8A:B48FFEC0:00:00 = +7.22249924E+02 : FWB E6-81:E6666666:00:?? = -1.80000000E+00
8438 : BCS 8428       : A=09 X=00 Y=E6 SP=?? N=1 V=0 D=0 I=0 Z=0 C=0 : FWA 34-8A:B48FFEC0:00:00 = +7.22249924E+02 : FWB E6-81:E6666666:00:?? = -1.80000000E+00
843A : TAY            : A=09 X=00 Y=09 SP=?? N=0 V=0 D=0 I=0 Z=0 C=0 : FWA 34-8A:B48FFEC0:00:00 = +7.22249924E+02 : FWB E6-81:E6666666:00:?? = -1.80000000E+00
843B : AND #38        : A=08 X=00 Y=09 SP=?? N=0 V=0 D=0 I=0 Z=0 C=0 : FWA 34-8A:B48FFEC0:00:00 = +7.22249924E+02 : FWB E6-81:E6666666:00:?? = -1.80000000E+00
843D : BEQ 8456       : A=08 X=00 Y=09 SP=?? N=0 V=0 D=0 I=0 Z=0 C=0 : FWA 34-8A:B48FFEC0:00:00 = +7.22249924E+02 : FWB E6-81:E6666666:00:?? = -1.80000000E+00
843F : SEC            : A=08 X=00 Y=09 SP=?? N=0 V=0 D=0 I=0 Z=0 C=1 : FWA 34-8A:B48FFEC0:00:00 = +7.22249924E+02 : FWB E6-81:E6666666:00:?? = -1.80000000E+00
8440 : LDX 40         : A=08 X=66 Y=09 SP=?? N=0 V=0 D=0 I=0 Z=0 C=1 : FWA 34-8A:B48FFEC0:00:00 = +7.22249924E+02 : FWB E6-81:E6666666:00:?? = -1.80000000E+00
8442 : STX 41         : A=08 X=66 Y=09 SP=?? N=0 V=0 D=0 I=0 Z=0 C=1 : FWA 34-8A:B48FFEC0:00:00 = +7.22249924E+02 : FWB E6-81:E6666666:66:?? = -1.80000000E+00
8444 : LDX 3F         : A=08 X=66 Y=09 SP=?? N=0 V=0 D=0 I=0 Z=0 C=1 : FWA 34-8A:B48FFEC0:00:00 = +7.22249924E+02 : FWB E6-81:E6666666:66:?? = -1.80000000E+00
8446 : STX 40         : A=08 X=66 Y=09 SP=?? N=0 V=0 D=0 I=0 Z=0 C=1 : FWA 34-8A:B48FFEC0:00:00 = +7.22249924E+02 : FWB E6-81:E6666666:66:?? = -1.80000000E+00
8448 : LDX 3E         : A=08 X=66 Y=09 SP=?? N=0 V=0 D=0 I=0 Z=0 C=1 : FWA 34-8A:B48FFEC0:00:00 = +7.22249924E+02 : FWB E6-81:E6666666:66:?? = -1.80000000E+00
844A : STX 3F         : A=08 X=66 Y=09 SP=?? N=0 V=0 D=0 I=0 Z=0 C=1 : FWA 34-8A:B48FFEC0:00:00 = +7.22249924E+02 : FWB E6-81:E6666666:66:?? = -1.80000000E+00
844C : LDX 3D         : A=08 X=E6 Y=09 SP=?? N=1 V=0 D=0 I=0 Z=0 C=1 : FWA 34-8A:B48FFEC0:00:00 = +7.22249924E+02 : FWB E6-81:E6666666:66:?? = -1.80000000E+00
844E : STX 3E         : A=08 X=E6 Y=09 SP=?? N=1 V=0 D=0 I=0 Z=0 C=1 : FWA 34-8A:B48FFEC0:00:00 = +7.22249924E+02 : FWB E6-81:E6E66666:66:?? = -1.80390625E+00
8450 : STZ 3D         : A=08 X=E6 Y=09 SP=?? N=1 V=0 D=0 I=0 Z=0 C=1 : FWA 34-8A:B48FFEC0:00:00 = +7.22249924E+02 : FWB E6-81:00E66666:66:?? = -7.03125000E-03
8452 : SBC #08        : A=00 X=E6 Y=09 SP=?? N=0 V=0 D=0 I=0 Z=1 C=1 : FWA 34-8A:B48FFEC0:00:00 = +7.22249924E+02 : FWB E6-81:00E66666:66:?? = -7.03125000E-03
8454 : BNE 8440       : A=00 X=E6 Y=09 SP=?? N=0 V=0 D=0 I=0 Z=1 C=1 : FWA 34-8A:B48FFEC0:00:00 = +7.22249924E+02 : FWB E6-81:00E66666:66:?? = -7.03125000E-03
8456 : TYA            : A=09 X=E6 Y=09 SP=?? N=0 V=0 D=0 I=0 Z=0 C=1 : FWA 34-8A:B48FFEC0:00:00 = +7.22249924E+02 : FWB E6-81:00E66666:66:?? = -7.03125000E-03
8457 : AND #07        : A=01 X=E6 Y=09 SP=?? N=0 V=0 D=0 I=0 Z=0 C=1 : FWA 34-8A:B48FFEC0:00:00 = +7.22249924E+02 : FWB E6-81:00E66666:66:?? = -7.03125000E-03
8459 : BEQ 84A3       : A=01 X=E6 Y=09 SP=?? N=0 V=0 D=0 I=0 Z=0 C=1 : FWA 34-8A:B48FFEC0:00:00 = +7.22249924E+02 : FWB E6-81:00E66666:66:?? = -7.03125000E-03
845B : LSR 3D         : A=01 X=E6 Y=09 SP=?? N=0 V=0 D=0 I=0 Z=1 C=0 : FWA 34-8A:B48FFEC0:00:00 = +7.22249924E+02 : FWB E6-81:00E66666:66:?? = -7.03125000E-03
845D : ROR 3E         : A=01 X=E6 Y=09 SP=?? N=0 V=0 D=0 I=0 Z=0 C=0 : FWA 34-8A:B48FFEC0:00:00 = +7.22249924E+02 : FWB E6-81:00736666:66:?? = -3.52172851E-03
845F : ROR 3F         : A=01 X=E6 Y=09 SP=?? N=0 V=0 D=0 I=0 Z=0 C=0 : FWA 34-8A:B48FFEC0:00:00 = +7.22249924E+02 : FWB E6-81:00733366:66:?? = -3.51564884E-03
8461 : ROR 40         : A=01 X=E6 Y=09 SP=?? N=0 V=0 D=0 I=0 Z=0 C=0 : FWA 34-8A:B48FFEC0:00:00 = +7.22249924E+02 : FWB E6-81:00733333:66:?? = -3.51562509E-03
8463 : ROR 41         : A=01 X=E6 Y=09 SP=?? N=0 V=0 D=0 I=0 Z=0 C=0 : FWA 34-8A:B48FFEC0:00:00 = +7.22249924E+02 : FWB E6-81:00733333:33:?? = -3.51562500E-03
8465 : DEC A          : A=00 X=E6 Y=09 SP=?? N=0 V=0 D=0 I=0 Z=1 C=0 : FWA 34-8A:B48FFEC0:00:00 = +7.22249924E+02 : FWB E6-81:00733333:33:?? = -3.51562500E-03
8466 : BNE 845B       : A=00 X=E6 Y=09 SP=?? N=0 V=0 D=0 I=0 Z=1 C=0 : FWA 34-8A:B48FFEC0:00:00 = +7.22249924E+02 : FWB E6-81:00733333:33:?? = -3.51562500E-03
8468 : BRA 84A3       : A=00 X=E6 Y=09 SP=?? N=0 V=0 D=0 I=0 Z=1 C=0 : FWA 34-8A:B48FFEC0:00:00 = +7.22249924E+02 : FWB E6-81:00733333:33:?? = -3.51562500E-03
84A3 : LDA 2E         : A=34 X=E6 Y=09 SP=?? N=0 V=0 D=0 I=0 Z=0 C=0 : FWA 34-8A:B48FFEC0:00:00 = +7.22249924E+02 : FWB E6-81:00733333:33:?? = -3.51562500E-03
84A5 : EOR 3B         : A=D2 X=E6 Y=09 SP=?? N=1 V=0 D=0 I=0 Z=0 C=0 : FWA 34-8A:B48FFEC0:00:00 = +7.22249924E+02 : FWB E6-81:00733333:33:?? = -3.51562500E-03
84A7 : BMI 84AD       : A=D2 X=E6 Y=09 SP=?? N=1 V=0 D=0 I=0 Z=0 C=0 : FWA 34-8A:B48FFEC0:00:00 = +7.22249924E+02 : FWB E6-81:00733333:33:?? = -3.51562500E-03
84AD : LDA 31         : A=B4 X=E6 Y=09 SP=?? N=1 V=0 D=0 I=0 Z=0 C=0 : FWA 34-8A:B48FFEC0:00:00 = +7.22249924E+02 : FWB E6-81:00733333:33:?? = -3.51562500E-03
84AF : CMP 3D         : A=B4 X=E6 Y=09 SP=?? N=1 V=0 D=0 I=0 Z=0 C=1 : FWA 34-8A:B48FFEC0:00:00 = +7.22249924E+02 : FWB E6-81:00733333:33:?? = -3.51562500E-03
84B1 : BNE 84CE       : A=B4 X=E6 Y=09 SP=?? N=1 V=0 D=0 I=0 Z=0 C=1 : FWA 34-8A:B48FFEC0:00:00 = +7.22249924E+02 : FWB E6-81:00733333:33:?? = -3.51562500E-03
84CE : BCS 84F4       : A=B4 X=E6 Y=09 SP=?? N=1 V=0 D=0 I=0 Z=0 C=1 : FWA 34-8A:B48FFEC0:00:00 = +7.22249924E+02 : FWB E6-81:00733333:33:?? = -3.51562500E-03
84F4 : LDA 35         : A=00 X=E6 Y=09 SP=?? N=0 V=0 D=0 I=0 Z=1 C=1 : FWA 34-8A:B48FFEC0:00:00 = +7.22249924E+02 : FWB E6-81:00733333:33:?? = -3.51562500E-03
84F6 : SBC 41         : A=CD X=E6 Y=09 SP=?? N=1 V=0 D=0 I=0 Z=0 C=0 : FWA 34-8A:B48FFEC0:00:00 = +7.22249924E+02 : FWB E6-81:00733333:33:?? = -3.51562500E-03
84F8 : STA 35         : A=CD X=E6 Y=09 SP=?? N=1 V=0 D=0 I=0 Z=0 C=0 : FWA 34-8A:B48FFEC0:CD:00 = +7.22249924E+02 : FWB E6-81:00733333:33:?? = -3.51562500E-03
84FA : LDA 34         : A=C0 X=E6 Y=09 SP=?? N=1 V=0 D=0 I=0 Z=0 C=0 : FWA 34-8A:B48FFEC0:CD:00 = +7.22249924E+02 : FWB E6-81:00733333:33:?? = -3.51562500E-03
84FC : SBC 40         : A=8C X=E6 Y=09 SP=?? N=1 V=0 D=0 I=0 Z=0 C=1 : FWA 34-8A:B48FFEC0:CD:00 = +7.22249924E+02 : FWB E6-81:00733333:33:?? = -3.51562500E-03
84FE : STA 34         : A=8C X=E6 Y=09 SP=?? N=1 V=0 D=0 I=0 Z=0 C=1 : FWA 34-8A:B48FFE8C:CD:00 = +7.22249911E+02 : FWB E6-81:00733333:33:?? = -3.51562500E-03
8500 : LDA 33         : A=FE X=E6 Y=09 SP=?? N=1 V=0 D=0 I=0 Z=0 C=1 : FWA 34-8A:B48FFE8C:CD:00 = +7.22249911E+02 : FWB E6-81:00733333:33:?? = -3.51562500E-03
8502 : SBC 3F         : A=CB X=E6 Y=09 SP=?? N=1 V=0 D=0 I=0 Z=0 C=1 : FWA 34-8A:B48FFE8C:CD:00 = +7.22249911E+02 : FWB E6-81:00733333:33:?? = -3.51562500E-03
8504 : STA 33         : A=CB X=E6 Y=09 SP=?? N=1 V=0 D=0 I=0 Z=0 C=1 : FWA 34-8A:B48FCB8C:CD:00 = +7.22246799E+02 : FWB E6-81:00733333:33:?? = -3.51562500E-03
8506 : LDA 32         : A=8F X=E6 Y=09 SP=?? N=1 V=0 D=0 I=0 Z=0 C=1 : FWA 34-8A:B48FCB8C:CD:00 = +7.22246799E+02 : FWB E6-81:00733333:33:?? = -3.51562500E-03
8508 : SBC 3E         : A=1C X=E6 Y=09 SP=?? N=0 V=1 D=0 I=0 Z=0 C=1 : FWA 34-8A:B48FCB8C:CD:00 = +7.22246799E+02 : FWB E6-81:00733333:33:?? = -3.51562500E-03
850A : STA 32         : A=1C X=E6 Y=09 SP=?? N=0 V=1 D=0 I=0 Z=0 C=1 : FWA 34-8A:B41CCB8C:CD:00 = +7.20449924E+02 : FWB E6-81:00733333:33:?? = -3.51562500E-03
850C : LDA 31         : A=B4 X=E6 Y=09 SP=?? N=1 V=1 D=0 I=0 Z=0 C=1 : FWA 34-8A:B41CCB8C:CD:00 = +7.20449924E+02 : FWB E6-81:00733333:33:?? = -3.51562500E-03
850E : SBC 3D         : A=B4 X=E6 Y=09 SP=?? N=1 V=0 D=0 I=0 Z=0 C=1 : FWA 34-8A:B41CCB8C:CD:00 = +7.20449924E+02 : FWB E6-81:00733333:33:?? = -3.51562500E-03
8510 : JMP 8304       : A=B4 X=E6 Y=09 SP=?? N=1 V=0 D=0 I=0 Z=0 C=1 : FWA 34-8A:B41CCB8C:CD:00 = +7.20449924E+02 : FWB E6-81:00733333:33:?? = -3.51562500E-03
8304 : BMI 8346       : A=B4 X=E6 Y=09 SP=?? N=1 V=0 D=0 I=0 Z=0 C=1 : FWA 34-8A:B41CCB8C:CD:00 = +7.20449924E+02 : FWB E6-81:00733333:33:?? = -3.51562500E-03
8346 : STA 31         : A=B4 X=E6 Y=09 SP=?? N=1 V=0 D=0 I=0 Z=0 C=1 : FWA 34-8A:B41CCB8C:CD:00 = +7.20449924E+02 : FWB E6-81:00733333:33:?? = -3.51562500E-03
8348 : RTS            : A=B4 X=E6 Y=09 SP=?? N=1 V=0 D=0 I=0 Z=0 C=1 : FWA 34-8A:B41CCB8C:CD:00 = +7.20449924E+02 : FWB E6-81:00733333:33:?? = -3.51562500E-03
A712 : LDA 35         : A=CD X=E6 Y=09 SP=?? N=1 V=0 D=0 I=0 Z=0 C=1 : FWA 34-8A:B41CCB8C:CD:00 = +7.20449924E+02 : FWB E6-81:00733333:33:?? = -3.51562500E-03
A714 : BPL A725       : A=CD X=E6 Y=09 SP=?? N=1 V=0 D=0 I=0 Z=0 C=1 : FWA 34-8A:B41CCB8C:CD:00 = +7.20449924E+02 : FWB E6-81:00733333:33:?? = -3.51562500E-03
A716 : ASL A          : A=9A X=E6 Y=09 SP=?? N=1 V=0 D=0 I=0 Z=0 C=1 : FWA 34-8A:B41CCB8C:CD:00 = +7.20449924E+02 : FWB E6-81:00733333:33:?? = -3.51562500E-03
A717 : BNE A71E       : A=9A X=E6 Y=09 SP=?? N=1 V=0 D=0 I=0 Z=0 C=1 : FWA 34-8A:B41CCB8C:CD:00 = +7.20449924E+02 : FWB E6-81:00733333:33:?? = -3.51562500E-03
A71E : INC 34         : A=9A X=E6 Y=09 SP=?? N=1 V=0 D=0 I=0 Z=0 C=1 : FWA 34-8A:B41CCB8D:CD:00 = +7.20449924E+02 : FWB E6-81:00733333:33:?? = -3.51562500E-03
A720 : BNE A725       : A=9A X=E6 Y=09 SP=?? N=1 V=0 D=0 I=0 Z=0 C=1 : FWA 34-8A:B41CCB8D:CD:00 = +7.20449924E+02 : FWB E6-81:00733333:33:?? = -3.51562500E-03
A725 : LDA 2F         : A=00 X=E6 Y=09 SP=?? N=0 V=0 D=0 I=0 Z=1 C=1 : FWA 34-8A:B41CCB8D:CD:00 = +7.20449924E+02 : FWB E6-81:00733333:33:?? = -3.51562500E-03
A727 : BEQ A739       : A=00 X=E6 Y=09 SP=?? N=0 V=0 D=0 I=0 Z=1 C=1 : FWA 34-8A:B41CCB8D:CD:00 = +7.20449924E+02 : FWB E6-81:00733333:33:?? = -3.51562500E-03
A739 : STZ 35         : A=00 X=E6 Y=09 SP=?? N=0 V=0 D=0 I=0 Z=1 C=1 : FWA 34-8A:B41CCB8D:00:00 = +7.20449924E+02 : FWB E6-81:00733333:33:?? = -3.51562500E-03
A73B : LDA #FF        : A=FF X=E6 Y=09 SP=?? N=1 V=0 D=0 I=0 Z=0 C=1 : FWA 34-8A:B41CCB8D:00:00 = +7.20449924E+02 : FWB E6-81:00733333:33:?? = -3.51562500E-03
A73D : RTS            : A=FF X=E6 Y=09 SP=?? N=1 V=0 D=0 I=0 Z=0 C=1 : FWA 34-8A:B41CCB8D:00:00 = +7.20449924E+02 : FWB E6-81:00733333:33:?? = -3.51562500E-03
A8F4 : INC 47         : A=FF X=E6 Y=09 SP=?? N=0 V=0 D=0 I=0 Z=1 C=1 : FWA 34-8A:B41CCB8D:00:00 = +7.20449924E+02 : FWB E6-81:00733333:33:?? = -3.51562500E-03
A8F6 : BMI A8E0       : A=FF X=E6 Y=09 SP=?? N=0 V=0 D=0 I=0 Z=1 C=1 : FWA 34-8A:B41CCB8D:00:00 = +7.20449924E+02 : FWB E6-81:00733333:33:?? = -3.51562500E-03
A8F8 : JSR A5BB       : A=FF X=E6 Y=09 SP=?? N=0 V=0 D=0 I=0 Z=1 C=1 : FWA 34-8A:B41CCB8D:00:00 = +7.20449924E+02 : FWB E6-81:00733333:33:?? = -3.51562500E-03
A5BB : LDA #6C        : A=6C X=E6 Y=09 SP=?? N=0 V=0 D=0 I=0 Z=0 C=1 : FWA 34-8A:B41CCB8D:00:00 = +7.20449924E+02 : FWB E6-81:00733333:33:?? = -3.51562500E-03
A5BD : LDY #04        : A=6C X=E6 Y=04 SP=?? N=0 V=0 D=0 I=0 Z=0 C=1 : FWA 34-8A:B41CCB8D:00:00 = +7.20449924E+02 : FWB E6-81:00733333:33:?? = -3.51562500E-03
A5BF : BRA A5B6       : A=6C X=E6 Y=04 SP=?? N=0 V=0 D=0 I=0 Z=0 C=1 : FWA 34-8A:B41CCB8D:00:00 = +7.20449924E+02 : FWB E6-81:00733333:33:?? = -3.51562500E-03
A5B6 : STA 4A         : A=6C X=E6 Y=04 SP=?? N=0 V=0 D=0 I=0 Z=0 C=1 : FWA 34-8A:B41CCB8D:00:00 = +7.20449924E+02 : FWB E6-81:00733333:33:?? = -3.51562500E-03
A5B8 : STY 4B         : A=6C X=E6 Y=04 SP=?? N=0 V=0 D=0 I=0 Z=0 C=1 : FWA 34-8A:B41CCB8D:00:00 = +7.20449924E+02 : FWB E6-81:00733333:33:?? = -3.51562500E-03
A5BA : RTS            : A=6C X=E6 Y=04 SP=?? N=0 V=0 D=0 I=0 Z=0 C=1 : FWA 34-8A:B41CCB8D:00:00 = +7.20449924E+02 : FWB E6-81:00733333:33:?? = -3.51562500E-03
A8FB : JSR A634       : A=6C X=E6 Y=04 SP=?? N=0 V=0 D=0 I=0 Z=0 C=1 : FWA 34-8A:B41CCB8D:00:00 = +7.20449924E+02 : FWB E6-81:00733333:33:?? = -3.51562500E-03
A634 : LDA 31         : A=B4 X=E6 Y=04 SP=?? N=1 V=0 D=0 I=0 Z=0 C=1 : FWA 34-8A:B41CCB8D:00:00 = +7.20449924E+02 : FWB E6-81:00733333:33:?? = -3.51562500E-03
A636 : BEQ A62C       : A=B4 X=E6 Y=04 SP=?? N=1 V=0 D=0 I=0 Z=0 C=1 : FWA 34-8A:B41CCB8D:00:00 = +7.20449924E+02 : FWB E6-81:00733333:33:?? = -3.51562500E-03
A638 : JSR A514       : A=B4 X=E6 Y=04 SP=?? N=1 V=0 D=0 I=0 Z=0 C=1 : FWA 34-8A:B41CCB8D:00:00 = +7.20449924E+02 : FWB E6-81:00733333:33:?? = -3.51562500E-03
A514 : STZ 41         : A=B4 X=E6 Y=04 SP=?? N=1 V=0 D=0 I=0 Z=0 C=1 : FWA 34-8A:B41CCB8D:00:00 = +7.20449924E+02 : FWB E6-81:00733333:00:?? = -3.51562491E-03
A516 : LDY #04        : A=B4 X=E6 Y=04 SP=?? N=0 V=0 D=0 I=0 Z=0 C=1 : FWA 34-8A:B41CCB8D:00:00 = +7.20449924E+02 : FWB E6-81:00733333:00:?? = -3.51562491E-03
A518 : LDA (4A),Y     : A=01 X=E6 Y=04 SP=?? N=0 V=0 D=0 I=0 Z=0 C=1 : FWA 34-8A:B41CCB8D:00:00 = +7.20449924E+02 : FWB E6-81:00733333:00:?? = -3.51562491E-03
A51A : STA 40         : A=01 X=E6 Y=04 SP=?? N=0 V=0 D=0 I=0 Z=0 C=1 : FWA 34-8A:B41CCB8D:00:00 = +7.20449924E+02 : FWB E6-81:00733301:00:?? = -3.51560162E-03
A51C : DEY            : A=01 X=E6 Y=03 SP=?? N=0 V=0 D=0 I=0 Z=0 C=1 : FWA 34-8A:B41CCB8D:00:00 = +7.20449924E+02 : FWB E6-81:00733301:00:?? = -3.51560162E-03
A51D : LDA (4A),Y     : A=DF X=E6 Y=03 SP=?? N=1 V=0 D=0 I=0 Z=0 C=1 : FWA 34-8A:B41CCB8D:00:00 = +7.20449924E+02 : FWB E6-81:00733301:00:?? = -3.51560162E-03
A51F : STA 3F         : A=DF X=E6 Y=03 SP=?? N=1 V=0 D=0 I=0 Z=0 C=1 : FWA 34-8A:B41CCB8D:00:00 = +7.20449924E+02 : FWB E6-81:0073DF01:00:?? = -3.53610562E-03
A521 : DEY            : A=DF X=E6 Y=02 SP=?? N=0 V=0 D=0 I=0 Z=0 C=1 : FWA 34-8A:B41CCB8D:00:00 = +7.20449924E+02 : FWB E6-81:0073DF01:00:?? = -3.53610562E-03
A522 : LDA (4A),Y     : A=FD X=E6 Y=02 SP=?? N=1 V=0 D=0 I=0 Z=0 C=1 : FWA 34-8A:B41CCB8D:00:00 = +7.20449924E+02 : FWB E6-81:0073DF01:00:?? = -3.53610562E-03
A524 : STA 3E         : A=FD X=E6 Y=02 SP=?? N=1 V=0 D=0 I=0 Z=0 C=1 : FWA 34-8A:B41CCB8D:00:00 = +7.20449924E+02 : FWB E6-81:00FDDF01:00:?? = -7.74753140E-03
A526 : DEY            : A=FD X=E6 Y=01 SP=?? N=0 V=0 D=0 I=0 Z=0 C=1 : FWA 34-8A:B41CCB8D:00:00 = +7.20449924E+02 : FWB E6-81:00FDDF01:00:?? = -7.74753140E-03
A527 : LDA (4A),Y     : A=03 X=E6 Y=01 SP=?? N=0 V=0 D=0 I=0 Z=0 C=1 : FWA 34-8A:B41CCB8D:00:00 = +7.20449924E+02 : FWB E6-81:00FDDF01:00:?? = -7.74753140E-03
A529 : STA 3B         : A=03 X=E6 Y=01 SP=?? N=0 V=0 D=0 I=0 Z=0 C=1 : FWA 34-8A:B41CCB8D:00:00 = +7.20449924E+02 : FWB 03-81:00FDDF01:00:?? = +7.74753140E-03
A52B : TAY            : A=03 X=E6 Y=03 SP=?? N=0 V=0 D=0 I=0 Z=0 C=1 : FWA 34-8A:B41CCB8D:00:00 = +7.20449924E+02 : FWB 03-81:00FDDF01:00:?? = +7.74753140E-03
A52C : LDA (4A)       : A=7D X=E6 Y=03 SP=?? N=0 V=0 D=0 I=0 Z=0 C=1 : FWA 34-8A:B41CCB8D:00:00 = +7.20449924E+02 : FWB 03-81:00FDDF01:00:?? = +7.74753140E-03
A52E : STA 3C         : A=7D X=E6 Y=03 SP=?? N=0 V=0 D=0 I=0 Z=0 C=1 : FWA 34-8A:B41CCB8D:00:00 = +7.20449924E+02 : FWB 03-7D:00FDDF01:00:?? = +4.84220713E-04
A530 : BNE A53B       : A=7D X=E6 Y=03 SP=?? N=0 V=0 D=0 I=0 Z=0 C=1 : FWA 34-8A:B41CCB8D:00:00 = +7.20449924E+02 : FWB 03-7D:00FDDF01:00:?? = +4.84220713E-04
A53B : TYA            : A=03 X=E6 Y=03 SP=?? N=0 V=0 D=0 I=0 Z=0 C=1 : FWA 34-8A:B41CCB8D:00:00 = +7.20449924E+02 : FWB 03-7D:00FDDF01:00:?? = +4.84220713E-04
A53C : ORA #80        : A=83 X=E6 Y=03 SP=?? N=1 V=0 D=0 I=0 Z=0 C=1 : FWA 34-8A:B41CCB8D:00:00 = +7.20449924E+02 : FWB 03-7D:00FDDF01:00:?? = +4.84220713E-04
A53E : STA 3D         : A=83 X=E6 Y=03 SP=?? N=1 V=0 D=0 I=0 Z=0 C=1 : FWA 34-8A:B41CCB8D:00:00 = +7.20449924E+02 : FWB 03-7D:83FDDF01:00:?? = +6.44490645E-02
A540 : RTS            : A=83 X=E6 Y=03 SP=?? N=1 V=0 D=0 I=0 Z=0 C=1 : FWA 34-8A:B41CCB8D:00:00 = +7.20449924E+02 : FWB 03-7D:83FDDF01:00:?? = +6.44490645E-02
A63B : BNE A640       : A=83 X=E6 Y=03 SP=?? N=1 V=0 D=0 I=0 Z=0 C=1 : FWA 34-8A:B41CCB8D:00:00 = +7.20449924E+02 : FWB 03-7D:83FDDF01:00:?? = +6.44490645E-02
A640 : LDA 3B         : A=03 X=E6 Y=03 SP=?? N=0 V=0 D=0 I=0 Z=0 C=1 : FWA 34-8A:B41CCB8D:00:00 = +7.20449924E+02 : FWB 03-7D:83FDDF01:00:?? = +6.44490645E-02
A642 : EOR 2E         : A=37 X=E6 Y=03 SP=?? N=0 V=0 D=0 I=0 Z=0 C=1 : FWA 34-8A:B41CCB8D:00:00 = +7.20449924E+02 : FWB 03-7D:83FDDF01:00:?? = +6.44490645E-02
A644 : STA 2E         : A=37 X=E6 Y=03 SP=?? N=0 V=0 D=0 I=0 Z=0 C=1 : FWA 37-8A:B41CCB8D:00:00 = +7.20449924E+02 : FWB 03-7D:83FDDF01:00:?? = +6.44490645E-02
A646 : SEC            : A=37 X=E6 Y=03 SP=?? N=0 V=0 D=0 I=0 Z=0 C=1 : FWA 37-8A:B41CCB8D:00:00 = +7.20449924E+02 : FWB 03-7D:83FDDF01:00:?? = +6.44490645E-02
A647 : LDA 3C         : A=7D X=E6 Y=03 SP=?? N=0 V=0 D=0 I=0 Z=0 C=1 : FWA 37-8A:B41CCB8D:00:00 = +7.20449924E+02 : FWB 03-7D:83FDDF01:00:?? = +6.44490645E-02
A649 : ADC #81        : A=FF X=E6 Y=03 SP=?? N=1 V=0 D=0 I=0 Z=0 C=0 : FWA 37-8A:B41CCB8D:00:00 = +7.20449924E+02 : FWB 03-7D:83FDDF01:00:?? = +6.44490645E-02
A64B : ROL 2F         : A=FF X=E6 Y=03 SP=?? N=0 V=0 D=0 I=0 Z=1 C=0 : FWA 37-8A:B41CCB8D:00:00 = +7.20449924E+02 : FWB 03-7D:83FDDF01:00:?? = +6.44490645E-02
A64D : SBC 30         : A=74 X=E6 Y=03 SP=?? N=0 V=0 D=0 I=0 Z=0 C=1 : FWA 37-8A:B41CCB8D:00:00 = +7.20449924E+02 : FWB 03-7D:83FDDF01:00:?? = +6.44490645E-02
A64F : BCS A653       : A=74 X=E6 Y=03 SP=?? N=0 V=0 D=0 I=0 Z=0 C=1 : FWA 37-8A:B41CCB8D:00:00 = +7.20449924E+02 : FWB 03-7D:83FDDF01:00:?? = +6.44490645E-02
A653 : STA 30         : A=74 X=E6 Y=03 SP=?? N=0 V=0 D=0 I=0 Z=0 C=1 : FWA 37-74:B41CCB8D:00:00 = +1.71768647E-04 : FWB 03-7D:83FDDF01:00:?? = +6.44490645E-02
A655 : LDA 3D         : A=83 X=E6 Y=03 SP=?? N=1 V=0 D=0 I=0 Z=0 C=1 : FWA 37-74:B41CCB8D:00:00 = +1.71768647E-04 : FWB 03-7D:83FDDF01:00:?? = +6.44490645E-02
A657 : CLC            : A=83 X=E6 Y=03 SP=?? N=1 V=0 D=0 I=0 Z=0 C=0 : FWA 37-74:B41CCB8D:00:00 = +1.71768647E-04 : FWB 03-7D:83FDDF01:00:?? = +6.44490645E-02
A658 : LDY #04        : A=83 X=E6 Y=04 SP=?? N=0 V=0 D=0 I=0 Z=0 C=0 : FWA 37-74:B41CCB8D:00:00 = +1.71768647E-04 : FWB 03-7D:83FDDF01:00:?? = +6.44490645E-02
A65A : STY 3C         : A=83 X=E6 Y=04 SP=?? N=0 V=0 D=0 I=0 Z=0 C=0 : FWA 37-74:B41CCB8D:00:00 = +1.71768647E-04 : FWB 03-04:83FDDF01:00:?? = +2.42430436E-38
A65C : LDX #08        : A=83 X=08 Y=04 SP=?? N=0 V=0 D=0 I=0 Z=0 C=0 : FWA 37-74:B41CCB8D:00:00 = +1.71768647E-04 : FWB 03-04:83FDDF01:00:?? = +2.42430436E-38
A65E : BCS A676       : A=83 X=08 Y=04 SP=?? N=0 V=0 D=0 I=0 Z=0 C=0 : FWA 37-74:B41CCB8D:00:00 = +1.71768647E-04 : FWB 03-04:83FDDF01:00:?? = +2.42430436E-38
A660 : CMP 31         : A=83 X=08 Y=04 SP=?? N=1 V=0 D=0 I=0 Z=0 C=0 : FWA 37-74:B41CCB8D:00:00 = +1.71768647E-04 : FWB 03-04:83FDDF01:00:?? = +2.42430436E-38
A662 : BNE A674       : A=83 X=08 Y=04 SP=?? N=1 V=0 D=0 I=0 Z=0 C=0 : FWA 37-74:B41CCB8D:00:00 = +1.71768647E-04 : FWB 03-04:83FDDF01:00:?? = +2.42430436E-38
A674 : BCC A68D       : A=83 X=08 Y=04 SP=?? N=1 V=0 D=0 I=0 Z=0 C=0 : FWA 37-74:B41CCB8D:00:00 = +1.71768647E-04 : FWB 03-04:83FDDF01:00:?? = +2.42430436E-38
A68D : ROL 3B         : A=83 X=08 Y=04 SP=?? N=0 V=0 D=0 I=0 Z=0 C=0 : FWA 37-74:B41CCB8D:00:00 = +1.71768647E-04 : FWB 06-04:83FDDF01:00:?? = +2.42430436E-38
A68F : ASL 40         : A=83 X=08 Y=04 SP=?? N=0 V=0 D=0 I=0 Z=0 C=0 : FWA 37-74:B41CCB8D:00:00 = +1.71768647E-04 : FWB 06-04:83FDDF02:00:?? = +2.42430436E-38
A691 : ROL 3F         : A=83 X=08 Y=04 SP=?? N=1 V=0 D=0 I=0 Z=0 C=1 : FWA 37-74:B41CCB8D:00:00 = +1.71768647E-04 : FWB 06-04:83FDBE02:00:?? = +2.42429511E-38
A693 : ROL 3E         : A=83 X=08 Y=04 SP=?? N=1 V=0 D=0 I=0 Z=0 C=1 : FWA 37-74:B41CCB8D:00:00 = +1.71768647E-04 : FWB 06-04:83FBBE02:00:?? = +2.42415162E-38
A695 : ROL A          : A=07 X=08 Y=04 SP=?? N=0 V=0 D=0 I=0 Z=0 C=1 : FWA 37-74:B41CCB8D:00:00 = +1.71768647E-04 : FWB 06-04:83FBBE02:00:?? = +2.42415162E-38
A696 : DEX            : A=07 X=07 Y=04 SP=?? N=0 V=0 D=0 I=0 Z=0 C=1 : FWA 37-74:B41CCB8D:00:00 = +1.71768647E-04 : FWB 06-04:83FBBE02:00:?? = +2.42415162E-38
A697 : BNE A65E       : A=07 X=07 Y=04 SP=?? N=0 V=0 D=0 I=0 Z=0 C=1 : FWA 37-74:B41CCB8D:00:00 = +1.71768647E-04 : FWB 06-04:83FBBE02:00:?? = +2.42415162E-38
A65E : BCS A676       : A=07 X=07 Y=04 SP=?? N=0 V=0 D=0 I=0 Z=0 C=1 : FWA 37-74:B41CCB8D:00:00 = +1.71768647E-04 : FWB 06-04:83FBBE02:00:?? = +2.42415162E-38
A676 : TAY            : A=07 X=07 Y=07 SP=?? N=0 V=0 D=0 I=0 Z=0 C=1 : FWA 37-74:B41CCB8D:00:00 = +1.71768647E-04 : FWB 06-04:83FBBE02:00:?? = +2.42415162E-38
A677 : LDA 40         : A=02 X=07 Y=07 SP=?? N=0 V=0 D=0 I=0 Z=0 C=1 : FWA 37-74:B41CCB8D:00:00 = +1.71768647E-04 : FWB 06-04:83FBBE02:00:?? = +2.42415162E-38
A679 : SBC 34         : A=75 X=07 Y=07 SP=?? N=0 V=0 D=0 I=0 Z=0 C=0 : FWA 37-74:B41CCB8D:00:00 = +1.71768647E-04 : FWB 06-04:83FBBE02:00:?? = +2.42415162E-38
A67B : STA 40         : A=75 X=07 Y=07 SP=?? N=0 V=0 D=0 I=0 Z=0 C=0 : FWA 37-74:B41CCB8D:00:00 = +1.71768647E-04 : FWB 06-04:83FBBE75:00:?? = +2.42415174E-38
A67D : LDA 3F         : A=BE X=07 Y=07 SP=?? N=1 V=0 D=0 I=0 Z=0 C=0 : FWA 37-74:B41CCB8D:00:00 = +1.71768647E-04 : FWB 06-04:83FBBE75:00:?? = +2.42415174E-38
A67F : SBC 33         : A=F2 X=07 Y=07 SP=?? N=1 V=0 D=0 I=0 Z=0 C=0 : FWA 37-74:B41CCB8D:00:00 = +1.71768647E-04 : FWB 06-04:83FBBE75:00:?? = +2.42415174E-38
A681 : STA 3F         : A=F2 X=07 Y=07 SP=?? N=1 V=0 D=0 I=0 Z=0 C=0 : FWA 37-74:B41CCB8D:00:00 = +1.71768647E-04 : FWB 06-04:83FBF275:00:?? = +2.42416632E-38
A683 : LDA 3E         : A=FB X=07 Y=07 SP=?? N=1 V=0 D=0 I=0 Z=0 C=0 : FWA 37-74:B41CCB8D:00:00 = +1.71768647E-04 : FWB 06-04:83FBF275:00:?? = +2.42416632E-38
A685 : SBC 32         : A=DE X=07 Y=07 SP=?? N=1 V=0 D=0 I=0 Z=0 C=1 : FWA 37-74:B41CCB8D:00:00 = +1.71768647E-04 : FWB 06-04:83FBF275:00:?? = +2.42416632E-38
A687 : STA 3E         : A=DE X=07 Y=07 SP=?? N=1 V=0 D=0 I=0 Z=0 C=1 : FWA 37-74:B41CCB8D:00:00 = +1.71768647E-04 : FWB 06-04:83DEF275:00:?? = +2.42208567E-38
A689 : TYA            : A=07 X=07 Y=07 SP=?? N=0 V=0 D=0 I=0 Z=0 C=1 : FWA 37-74:B41CCB8D:00:00 = +1.71768647E-04 : FWB 06-04:83DEF275:00:?? = +2.42208567E-38
A68A : SBC 31         : A=53 X=07 Y=07 SP=?? N=0 V=0 D=0 I=0 Z=0 C=0 : FWA 37-74:B41CCB8D:00:00 = +1.71768647E-04 : FWB 06-04:83DEF275:00:?? = +2.42208567E-38
A68C : SEC            : A=53 X=07 Y=07 SP=?? N=0 V=0 D=0 I=0 Z=0 C=1 : FWA 37-74:B41CCB8D:00:00 = +1.71768647E-04 : FWB 06-04:83DEF275:00:?? = +2.42208567E-38
A68D : ROL 3B         : A=53 X=07 Y=07 SP=?? N=0 V=0 D=0 I=0 Z=0 C=0 : FWA 37-74:B41CCB8D:00:00 = +1.71768647E-04 : FWB 0D-04:83DEF275:00:?? = +2.42208567E-38
A68F : ASL 40         : A=53 X=07 Y=07 SP=?? N=1 V=0 D=0 I=0 Z=0 C=0 : FWA 37-74:B41CCB8D:00:00 = +1.71768647E-04 : FWB 0D-04:83DEF2EA:00:?? = +2.42208580E-38
A691 : ROL 3F         : A=53 X=07 Y=07 SP=?? N=1 V=0 D=0 I=0 Z=0 C=1 : FWA 37-74:B41CCB8D:00:00 = +1.71768647E-04 : FWB 0D-04:83DEE4EA:00:?? = +2.42208187E-38
A693 : ROL 3E         : A=53 X=07 Y=07 SP=?? N=1 V=0 D=0 I=0 Z=0 C=1 : FWA 37-74:B41CCB8D:00:00 = +1.71768647E-04 : FWB 0D-04:83BDE4EA:00:?? = +2.41971424E-38
A695 : ROL A          : A=A7 X=07 Y=07 SP=?? N=1 V=0 D=0 I=0 Z=0 C=0 : FWA 37-74:B41CCB8D:00:00 = +1.71768647E-04 : FWB 0D-04:83BDE4EA:00:?? = +2.41971424E-38
A696 : DEX            : A=A7 X=06 Y=07 SP=?? N=0 V=0 D=0 I=0 Z=0 C=0 : FWA 37-74:B41CCB8D:00:00 = +1.71768647E-04 : FWB 0D-04:83BDE4EA:00:?? = +2.41971424E-38
A697 : BNE A65E       : A=A7 X=06 Y=07 SP=?? N=0 V=0 D=0 I=0 Z=0 C=0 : FWA 37-74:B41CCB8D:00:00 = +1.71768647E-04 : FWB 0D-04:83BDE4EA:00:?? = +2.41971424E-38
A65E : BCS A676       : A=A7 X=06 Y=07 SP=?? N=0 V=0 D=0 I=0 Z=0 C=0 : FWA 37-74:B41CCB8D:00:00 = +1.71768647E-04 : FWB 0D-04:83BDE4EA:00:?? = +2.41971424E-38
A660 : CMP 31         : A=A7 X=06 Y=07 SP=?? N=1 V=0 D=0 I=0 Z=0 C=0 : FWA 37-74:B41CCB8D:00:00 = +1.71768647E-04 : FWB 0D-04:83BDE4EA:00:?? = +2.41971424E-38
A662 : BNE A674       : A=A7 X=06 Y=07 SP=?? N=1 V=0 D=0 I=0 Z=0 C=0 : FWA 37-74:B41CCB8D:00:00 = +1.71768647E-04 : FWB 0D-04:83BDE4EA:00:?? = +2.41971424E-38
A674 : BCC A68D       : A=A7 X=06 Y=07 SP=?? N=1 V=0 D=0 I=0 Z=0 C=0 : FWA 37-74:B41CCB8D:00:00 = +1.71768647E-04 : FWB 0D-04:83BDE4EA:00:?? = +2.41971424E-38
A68D : ROL 3B         : A=A7 X=06 Y=07 SP=?? N=0 V=0 D=0 I=0 Z=0 C=0 : FWA 37-74:B41CCB8D:00:00 = +1.71768647E-04 : FWB 1A-04:83BDE4EA:00:?? = +2.41971424E-38
A68F : ASL 40         : A=A7 X=06 Y=07 SP=?? N=1 V=0 D=0 I=0 Z=0 C=1 : FWA 37-74:B41CCB8D:00:00 = +1.71768647E-04 : FWB 1A-04:83BDE4D4:00:?? = +2.41971422E-38
A691 : ROL 3F         : A=A7 X=06 Y=07 SP=?? N=1 V=0 D=0 I=0 Z=0 C=1 : FWA 37-74:B41CCB8D:00:00 = +1.71768647E-04 : FWB 1A-04:83BDC9D4:00:?? = +2.41970665E-38
A693 : ROL 3E         : A=A7 X=06 Y=07 SP=?? N=0 V=0 D=0 I=0 Z=0 C=1 : FWA 37-74:B41CCB8D:00:00 = +1.71768647E-04 : FWB 1A-04:837BC9D4:00:?? = +2.41497138E-38
A695 : ROL A          : A=4F X=06 Y=07 SP=?? N=0 V=0 D=0 I=0 Z=0 C=1 : FWA 37-74:B41CCB8D:00:00 = +1.71768647E-04 : FWB 1A-04:837BC9D4:00:?? = +2.41497138E-38
A696 : DEX            : A=4F X=05 Y=07 SP=?? N=0 V=0 D=0 I=0 Z=0 C=1 : FWA 37-74:B41CCB8D:00:00 = +1.71768647E-04 : FWB 1A-04:837BC9D4:00:?? = +2.41497138E-38
A697 : BNE A65E       : A=4F X=05 Y=07 SP=?? N=0 V=0 D=0 I=0 Z=0 C=1 : FWA 37-74:B41CCB8D:00:00 = +1.71768647E-04 : FWB 1A-04:837BC9D4:00:?? = +2.41497138E-38
A65E : BCS A676       : A=4F X=05 Y=07 SP=?? N=0 V=0 D=0 I=0 Z=0 C=1 : FWA 37-74:B41CCB8D:00:00 = +1.71768647E-04 : FWB 1A-04:837BC9D4:00:?? = +2.41497138E-38
A676 : TAY            : A=4F X=05 Y=4F SP=?? N=0 V=0 D=0 I=0 Z=0 C=1 : FWA 37-74:B41CCB8D:00:00 = +1.71768647E-04 : FWB 1A-04:837BC9D4:00:?? = +2.41497138E-38
A677 : LDA 40         : A=D4 X=05 Y=4F SP=?? N=1 V=0 D=0 I=0 Z=0 C=1 : FWA 37-74:B41CCB8D:00:00 = +1.71768647E-04 : FWB 1A-04:837BC9D4:00:?? = +2.41497138E-38
A679 : SBC 34         : A=47 X=05 Y=4F SP=?? N=0 V=0 D=0 I=0 Z=0 C=1 : FWA 37-74:B41CCB8D:00:00 = +1.71768647E-04 : FWB 1A-04:837BC9D4:00:?? = +2.41497138E-38
A67B : STA 40         : A=47 X=05 Y=4F SP=?? N=0 V=0 D=0 I=0 Z=0 C=1 : FWA 37-74:B41CCB8D:00:00 = +1.71768647E-04 : FWB 1A-04:837BC947:00:?? = +2.41497123E-38
A67D : LDA 3F         : A=C9 X=05 Y=4F SP=?? N=1 V=0 D=0 I=0 Z=0 C=1 : FWA 37-74:B41CCB8D:00:00 = +1.71768647E-04 : FWB 1A-04:837BC947:00:?? = +2.41497123E-38
A67F : SBC 33         : A=FE X=05 Y=4F SP=?? N=1 V=0 D=0 I=0 Z=0 C=0 : FWA 37-74:B41CCB8D:00:00 = +1.71768647E-04 : FWB 1A-04:837BC947:00:?? = +2.41497123E-38
A681 : STA 3F         : A=FE X=05 Y=4F SP=?? N=1 V=0 D=0 I=0 Z=0 C=0 : FWA 37-74:B41CCB8D:00:00 = +1.71768647E-04 : FWB 1A-04:837BFE47:00:?? = +2.41498608E-38
A683 : LDA 3E         : A=7B X=05 Y=4F SP=?? N=0 V=0 D=0 I=0 Z=0 C=0 : FWA 37-74:B41CCB8D:00:00 = +1.71768647E-04 : FWB 1A-04:837BFE47:00:?? = +2.41498608E-38
A685 : SBC 32         : A=5E X=05 Y=4F SP=?? N=0 V=0 D=0 I=0 Z=0 C=1 : FWA 37-74:B41CCB8D:00:00 = +1.71768647E-04 : FWB 1A-04:837BFE47:00:?? = +2.41498608E-38
A687 : STA 3E         : A=5E X=05 Y=4F SP=?? N=0 V=0 D=0 I=0 Z=0 C=1 : FWA 37-74:B41CCB8D:00:00 = +1.71768647E-04 : FWB 1A-04:835EFE47:00:?? = +2.41290543E-38
A689 : TYA            : A=4F X=05 Y=4F SP=?? N=0 V=0 D=0 I=0 Z=0 C=1 : FWA 37-74:B41CCB8D:00:00 = +1.71768647E-04 : FWB 1A-04:835EFE47:00:?? = +2.41290543E-38
A68A : SBC 31         : A=9B X=05 Y=4F SP=?? N=1 V=1 D=0 I=0 Z=0 C=0 : FWA 37-74:B41CCB8D:00:00 = +1.71768647E-04 : FWB 1A-04:835EFE47:00:?? = +2.41290543E-38
A68C : SEC            : A=9B X=05 Y=4F SP=?? N=1 V=1 D=0 I=0 Z=0 C=1 : FWA 37-74:B41CCB8D:00:00 = +1.71768647E-04 : FWB 1A-04:835EFE47:00:?? = +2.41290543E-38
A68D : ROL 3B         : A=9B X=05 Y=4F SP=?? N=0 V=1 D=0 I=0 Z=0 C=0 : FWA 37-74:B41CCB8D:00:00 = +1.71768647E-04 : FWB 35-04:835EFE47:00:?? = +2.41290543E-38
A68F : ASL 40         : A=9B X=05 Y=4F SP=?? N=1 V=1 D=0 I=0 Z=0 C=0 : FWA 37-74:B41CCB8D:00:00 = +1.71768647E-04 : FWB 35-04:835EFE8E:00:?? = +2.41290551E-38
A691 : ROL 3F         : A=9B X=05 Y=4F SP=?? N=1 V=1 D=0 I=0 Z=0 C=1 : FWA 37-74:B41CCB8D:00:00 = +1.71768647E-04 : FWB 35-04:835EFC8E:00:?? = +2.41290495E-38
A693 : ROL 3E         : A=9B X=05 Y=4F SP=?? N=1 V=1 D=0 I=0 Z=0 C=0 : FWA 37-74:B41CCB8D:00:00 = +1.71768647E-04 : FWB 35-04:83BDFC8E:00:?? = +2.41972087E-38
A695 : ROL A          : A=36 X=05 Y=4F SP=?? N=0 V=1 D=0 I=0 Z=0 C=1 : FWA 37-74:B41CCB8D:00:00 = +1.71768647E-04 : FWB 35-04:83BDFC8E:00:?? = +2.41972087E-38
A696 : DEX            : A=36 X=04 Y=4F SP=?? N=0 V=1 D=0 I=0 Z=0 C=1 : FWA 37-74:B41CCB8D:00:00 = +1.71768647E-04 : FWB 35-04:83BDFC8E:00:?? = +2.41972087E-38
A697 : BNE A65E       : A=36 X=04 Y=4F SP=?? N=0 V=1 D=0 I=0 Z=0 C=1 : FWA 37-74:B41CCB8D:00:00 = +1.71768647E-04 : FWB 35-04:83BDFC8E:00:?? = +2.41972087E-38
A65E : BCS A676       : A=36 X=04 Y=4F SP=?? N=0 V=1 D=0 I=0 Z=0 C=1 : FWA 37-74:B41CCB8D:00:00 = +1.71768647E-04 : FWB 35-04:83BDFC8E:00:?? = +2.41972087E-38
A676 : TAY            : A=36 X=04 Y=36 SP=?? N=0 V=1 D=0 I=0 Z=0 C=1 : FWA 37-74:B41CCB8D:00:00 = +1.71768647E-04 : FWB 35-04:83BDFC8E:00:?? = +2.41972087E-38
A677 : LDA 40         : A=8E X=04 Y=36 SP=?? N=1 V=1 D=0 I=0 Z=0 C=1 : FWA 37-74:B41CCB8D:00:00 = +1.71768647E-04 : FWB 35-04:83BDFC8E:00:?? = +2.41972087E-38
A679 : SBC 34         : A=01 X=04 Y=36 SP=?? N=0 V=0 D=0 I=0 Z=0 C=1 : FWA 37-74:B41CCB8D:00:00 = +1.71768647E-04 : FWB 35-04:83BDFC8E:00:?? = +2.41972087E-38
A67B : STA 40         : A=01 X=04 Y=36 SP=?? N=0 V=0 D=0 I=0 Z=0 C=1 : FWA 37-74:B41CCB8D:00:00 = +1.71768647E-04 : FWB 35-04:83BDFC01:00:?? = +2.41972071E-38
A67D : LDA 3F         : A=FC X=04 Y=36 SP=?? N=1 V=0 D=0 I=0 Z=0 C=1 : FWA 37-74:B41CCB8D:00:00 = +1.71768647E-04 : FWB 35-04:83BDFC01:00:?? = +2.41972071E-38
A67F : SBC 33         : A=31 X=04 Y=36 SP=?? N=0 V=0 D=0 I=0 Z=0 C=1 : FWA 37-74:B41CCB8D:00:00 = +1.71768647E-04 : FWB 35-04:83BDFC01:00:?? = +2.41972071E-38
A681 : STA 3F         : A=31 X=04 Y=36 SP=?? N=0 V=0 D=0 I=0 Z=0 C=1 : FWA 37-74:B41CCB8D:00:00 = +1.71768647E-04 : FWB 35-04:83BD3101:00:?? = +2.41966382E-38
A683 : LDA 3E         : A=BD X=04 Y=36 SP=?? N=1 V=0 D=0 I=0 Z=0 C=1 : FWA 37-74:B41CCB8D:00:00 = +1.71768647E-04 : FWB 35-04:83BD3101:00:?? = +2.41966382E-38
A685 : SBC 32         : A=A1 X=04 Y=36 SP=?? N=1 V=0 D=0 I=0 Z=0 C=1 : FWA 37-74:B41CCB8D:00:00 = +1.71768647E-04 : FWB 35-04:83BD3101:00:?? = +2.41966382E-38
A687 : STA 3E         : A=A1 X=04 Y=36 SP=?? N=1 V=0 D=0 I=0 Z=0 C=1 : FWA 37-74:B41CCB8D:00:00 = +1.71768647E-04 : FWB 35-04:83A13101:00:?? = +2.41765492E-38
A689 : TYA            : A=36 X=04 Y=36 SP=?? N=0 V=0 D=0 I=0 Z=0 C=1 : FWA 37-74:B41CCB8D:00:00 = +1.71768647E-04 : FWB 35-04:83A13101:00:?? = +2.41765492E-38
A68A : SBC 31         : A=82 X=04 Y=36 SP=?? N=1 V=1 D=0 I=0 Z=0 C=0 : FWA 37-74:B41CCB8D:00:00 = +1.71768647E-04 : FWB 35-04:83A13101:00:?? = +2.41765492E-38
A68C : SEC            : A=82 X=04 Y=36 SP=?? N=1 V=1 D=0 I=0 Z=0 C=1 : FWA 37-74:B41CCB8D:00:00 = +1.71768647E-04 : FWB 35-04:83A13101:00:?? = +2.41765492E-38
A68D : ROL 3B         : A=82 X=04 Y=36 SP=?? N=0 V=1 D=0 I=0 Z=0 C=0 : FWA 37-74:B41CCB8D:00:00 = +1.71768647E-04 : FWB 6B-04:83A13101:00:?? = +2.41765492E-38
A68F : ASL 40         : A=82 X=04 Y=36 SP=?? N=0 V=1 D=0 I=0 Z=0 C=0 : FWA 37-74:B41CCB8D:00:00 = +1.71768647E-04 : FWB 6B-04:83A13102:00:?? = +2.41765492E-38
A691 : ROL 3F         : A=82 X=04 Y=36 SP=?? N=0 V=1 D=0 I=0 Z=0 C=0 : FWA 37-74:B41CCB8D:00:00 = +1.71768647E-04 : FWB 6B-04:83A16202:00:?? = +2.41766865E-38
A693 : ROL 3E         : A=82 X=04 Y=36 SP=?? N=0 V=1 D=0 I=0 Z=0 C=1 : FWA 37-74:B41CCB8D:00:00 = +1.71768647E-04 : FWB 6B-04:83426202:00:?? = +2.41085273E-38
A695 : ROL A          : A=05 X=04 Y=36 SP=?? N=0 V=1 D=0 I=0 Z=0 C=1 : FWA 37-74:B41CCB8D:00:00 = +1.71768647E-04 : FWB 6B-04:83426202:00:?? = +2.41085273E-38
A696 : DEX            : A=05 X=03 Y=36 SP=?? N=0 V=1 D=0 I=0 Z=0 C=1 : FWA 37-74:B41CCB8D:00:00 = +1.71768647E-04 : FWB 6B-04:83426202:00:?? = +2.41085273E-38
A697 : BNE A65E       : A=05 X=03 Y=36 SP=?? N=0 V=1 D=0 I=0 Z=0 C=1 : FWA 37-74:B41CCB8D:00:00 = +1.71768647E-04 : FWB 6B-04:83426202:00:?? = +2.41085273E-38
A65E : BCS A676       : A=05 X=03 Y=36 SP=?? N=0 V=1 D=0 I=0 Z=0 C=1 : FWA 37-74:B41CCB8D:00:00 = +1.71768647E-04 : FWB 6B-04:83426202:00:?? = +2.41085273E-38
A676 : TAY            : A=05 X=03 Y=05 SP=?? N=0 V=1 D=0 I=0 Z=0 C=1 : FWA 37-74:B41CCB8D:00:00 = +1.71768647E-04 : FWB 6B-04:83426202:00:?? = +2.41085273E-38
A677 : LDA 40         : A=02 X=03 Y=05 SP=?? N=0 V=1 D=0 I=0 Z=0 C=1 : FWA 37-74:B41CCB8D:00:00 = +1.71768647E-04 : FWB 6B-04:83426202:00:?? = +2.41085273E-38
A679 : SBC 34         : A=75 X=03 Y=05 SP=?? N=0 V=0 D=0 I=0 Z=0 C=0 : FWA 37-74:B41CCB8D:00:00 = +1.71768647E-04 : FWB 6B-04:83426202:00:?? = +2.41085273E-38
A67B : STA 40         : A=75 X=03 Y=05 SP=?? N=0 V=0 D=0 I=0 Z=0 C=0 : FWA 37-74:B41CCB8D:00:00 = +1.71768647E-04 : FWB 6B-04:83426275:00:?? = +2.41085286E-38
A67D : LDA 3F         : A=62 X=03 Y=05 SP=?? N=0 V=0 D=0 I=0 Z=0 C=0 : FWA 37-74:B41CCB8D:00:00 = +1.71768647E-04 : FWB 6B-04:83426275:00:?? = +2.41085286E-38
A67F : SBC 33         : A=96 X=03 Y=05 SP=?? N=1 V=1 D=0 I=0 Z=0 C=0 : FWA 37-74:B41CCB8D:00:00 = +1.71768647E-04 : FWB 6B-04:83426275:00:?? = +2.41085286E-38
A681 : STA 3F         : A=96 X=03 Y=05 SP=?? N=1 V=1 D=0 I=0 Z=0 C=0 : FWA 37-74:B41CCB8D:00:00 = +1.71768647E-04 : FWB 6B-04:83429675:00:?? = +2.41086743E-38
A683 : LDA 3E         : A=42 X=03 Y=05 SP=?? N=0 V=1 D=0 I=0 Z=0 C=0 : FWA 37-74:B41CCB8D:00:00 = +1.71768647E-04 : FWB 6B-04:83429675:00:?? = +2.41086743E-38
A685 : SBC 32         : A=25 X=03 Y=05 SP=?? N=0 V=0 D=0 I=0 Z=0 C=1 : FWA 37-74:B41CCB8D:00:00 = +1.71768647E-04 : FWB 6B-04:83429675:00:?? = +2.41086743E-38
A687 : STA 3E         : A=25 X=03 Y=05 SP=?? N=0 V=0 D=0 I=0 Z=0 C=1 : FWA 37-74:B41CCB8D:00:00 = +1.71768647E-04 : FWB 6B-04:83259675:00:?? = +2.40878679E-38
A689 : TYA            : A=05 X=03 Y=05 SP=?? N=0 V=0 D=0 I=0 Z=0 C=1 : FWA 37-74:B41CCB8D:00:00 = +1.71768647E-04 : FWB 6B-04:83259675:00:?? = +2.40878679E-38
A68A : SBC 31         : A=51 X=03 Y=05 SP=?? N=0 V=0 D=0 I=0 Z=0 C=0 : FWA 37-74:B41CCB8D:00:00 = +1.71768647E-04 : FWB 6B-04:83259675:00:?? = +2.40878679E-38
A68C : SEC            : A=51 X=03 Y=05 SP=?? N=0 V=0 D=0 I=0 Z=0 C=1 : FWA 37-74:B41CCB8D:00:00 = +1.71768647E-04 : FWB 6B-04:83259675:00:?? = +2.40878679E-38
A68D : ROL 3B         : A=51 X=03 Y=05 SP=?? N=1 V=0 D=0 I=0 Z=0 C=0 : FWA 37-74:B41CCB8D:00:00 = +1.71768647E-04 : FWB D7-04:83259675:00:?? = -2.40878679E-38
A68F : ASL 40         : A=51 X=03 Y=05 SP=?? N=1 V=0 D=0 I=0 Z=0 C=0 : FWA 37-74:B41CCB8D:00:00 = +1.71768647E-04 : FWB D7-04:832596EA:00:?? = -2.40878691E-38
A691 : ROL 3F         : A=51 X=03 Y=05 SP=?? N=0 V=0 D=0 I=0 Z=0 C=1 : FWA 37-74:B41CCB8D:00:00 = +1.71768647E-04 : FWB D7-04:83252CEA:00:?? = -2.40875721E-38
A693 : ROL 3E         : A=51 X=03 Y=05 SP=?? N=0 V=0 D=0 I=0 Z=0 C=0 : FWA 37-74:B41CCB8D:00:00 = +1.71768647E-04 : FWB D7-04:834B2CEA:00:?? = -2.41148357E-38
A695 : ROL A          : A=A2 X=03 Y=05 SP=?? N=1 V=0 D=0 I=0 Z=0 C=0 : FWA 37-74:B41CCB8D:00:00 = +1.71768647E-04 : FWB D7-04:834B2CEA:00:?? = -2.41148357E-38
A696 : DEX            : A=A2 X=02 Y=05 SP=?? N=0 V=0 D=0 I=0 Z=0 C=0 : FWA 37-74:B41CCB8D:00:00 = +1.71768647E-04 : FWB D7-04:834B2CEA:00:?? = -2.41148357E-38
A697 : BNE A65E       : A=A2 X=02 Y=05 SP=?? N=0 V=0 D=0 I=0 Z=0 C=0 : FWA 37-74:B41CCB8D:00:00 = +1.71768647E-04 : FWB D7-04:834B2CEA:00:?? = -2.41148357E-38
A65E : BCS A676       : A=A2 X=02 Y=05 SP=?? N=0 V=0 D=0 I=0 Z=0 C=0 : FWA 37-74:B41CCB8D:00:00 = +1.71768647E-04 : FWB D7-04:834B2CEA:00:?? = -2.41148357E-38
A660 : CMP 31         : A=A2 X=02 Y=05 SP=?? N=1 V=0 D=0 I=0 Z=0 C=0 : FWA 37-74:B41CCB8D:00:00 = +1.71768647E-04 : FWB D7-04:834B2CEA:00:?? = -2.41148357E-38
A662 : BNE A674       : A=A2 X=02 Y=05 SP=?? N=1 V=0 D=0 I=0 Z=0 C=0 : FWA 37-74:B41CCB8D:00:00 = +1.71768647E-04 : FWB D7-04:834B2CEA:00:?? = -2.41148357E-38
A674 : BCC A68D       : A=A2 X=02 Y=05 SP=?? N=1 V=0 D=0 I=0 Z=0 C=0 : FWA 37-74:B41CCB8D:00:00 = +1.71768647E-04 : FWB D7-04:834B2CEA:00:?? = -2.41148357E-38
A68D : ROL 3B         : A=A2 X=02 Y=05 SP=?? N=1 V=0 D=0 I=0 Z=0 C=1 : FWA 37-74:B41CCB8D:00:00 = +1.71768647E-04 : FWB AE-04:834B2CEA:00:?? = -2.41148357E-38
A68F : ASL 40         : A=A2 X=02 Y=05 SP=?? N=1 V=0 D=0 I=0 Z=0 C=1 : FWA 37-74:B41CCB8D:00:00 = +1.71768647E-04 : FWB AE-04:834B2CD4:00:?? = -2.41148355E-38
A691 : ROL 3F         : A=A2 X=02 Y=05 SP=?? N=0 V=0 D=0 I=0 Z=0 C=0 : FWA 37-74:B41CCB8D:00:00 = +1.71768647E-04 : FWB AE-04:834B59D4:00:?? = -2.41149616E-38
A693 : ROL 3E         : A=A2 X=02 Y=05 SP=?? N=1 V=0 D=0 I=0 Z=0 C=0 : FWA 37-74:B41CCB8D:00:00 = +1.71768647E-04 : FWB AE-04:839659D4:00:?? = -2.41687715E-38
A695 : ROL A          : A=44 X=02 Y=05 SP=?? N=0 V=0 D=0 I=0 Z=0 C=1 : FWA 37-74:B41CCB8D:00:00 = +1.71768647E-04 : FWB AE-04:839659D4:00:?? = -2.41687715E-38
A696 : DEX            : A=44 X=01 Y=05 SP=?? N=0 V=0 D=0 I=0 Z=0 C=1 : FWA 37-74:B41CCB8D:00:00 = +1.71768647E-04 : FWB AE-04:839659D4:00:?? = -2.41687715E-38
A697 : BNE A65E       : A=44 X=01 Y=05 SP=?? N=0 V=0 D=0 I=0 Z=0 C=1 : FWA 37-74:B41CCB8D:00:00 = +1.71768647E-04 : FWB AE-04:839659D4:00:?? = -2.41687715E-38
A65E : BCS A676       : A=44 X=01 Y=05 SP=?? N=0 V=0 D=0 I=0 Z=0 C=1 : FWA 37-74:B41CCB8D:00:00 = +1.71768647E-04 : FWB AE-04:839659D4:00:?? = -2.41687715E-38
A676 : TAY            : A=44 X=01 Y=44 SP=?? N=0 V=0 D=0 I=0 Z=0 C=1 : FWA 37-74:B41CCB8D:00:00 = +1.71768647E-04 : FWB AE-04:839659D4:00:?? = -2.41687715E-38
A677 : LDA 40         : A=D4 X=01 Y=44 SP=?? N=1 V=0 D=0 I=0 Z=0 C=1 : FWA 37-74:B41CCB8D:00:00 = +1.71768647E-04 : FWB AE-04:839659D4:00:?? = -2.41687715E-38
A679 : SBC 34         : A=47 X=01 Y=44 SP=?? N=0 V=0 D=0 I=0 Z=0 C=1 : FWA 37-74:B41CCB8D:00:00 = +1.71768647E-04 : FWB AE-04:839659D4:00:?? = -2.41687715E-38
A67B : STA 40         : A=47 X=01 Y=44 SP=?? N=0 V=0 D=0 I=0 Z=0 C=1 : FWA 37-74:B41CCB8D:00:00 = +1.71768647E-04 : FWB AE-04:83965947:00:?? = -2.41687699E-38
A67D : LDA 3F         : A=59 X=01 Y=44 SP=?? N=0 V=0 D=0 I=0 Z=0 C=1 : FWA 37-74:B41CCB8D:00:00 = +1.71768647E-04 : FWB AE-04:83965947:00:?? = -2.41687699E-38
A67F : SBC 33         : A=8E X=01 Y=44 SP=?? N=1 V=1 D=0 I=0 Z=0 C=0 : FWA 37-74:B41CCB8D:00:00 = +1.71768647E-04 : FWB AE-04:83965947:00:?? = -2.41687699E-38
A681 : STA 3F         : A=8E X=01 Y=44 SP=?? N=1 V=1 D=0 I=0 Z=0 C=0 : FWA 37-74:B41CCB8D:00:00 = +1.71768647E-04 : FWB AE-04:83968E47:00:?? = -2.41689185E-38
A683 : LDA 3E         : A=96 X=01 Y=44 SP=?? N=1 V=1 D=0 I=0 Z=0 C=0 : FWA 37-74:B41CCB8D:00:00 = +1.71768647E-04 : FWB AE-04:83968E47:00:?? = -2.41689185E-38
A685 : SBC 32         : A=79 X=01 Y=44 SP=?? N=0 V=1 D=0 I=0 Z=0 C=1 : FWA 37-74:B41CCB8D:00:00 = +1.71768647E-04 : FWB AE-04:83968E47:00:?? = -2.41689185E-38
A687 : STA 3E         : A=79 X=01 Y=44 SP=?? N=0 V=1 D=0 I=0 Z=0 C=1 : FWA 37-74:B41CCB8D:00:00 = +1.71768647E-04 : FWB AE-04:83798E47:00:?? = -2.41481120E-38
A689 : TYA            : A=44 X=01 Y=44 SP=?? N=0 V=1 D=0 I=0 Z=0 C=1 : FWA 37-74:B41CCB8D:00:00 = +1.71768647E-04 : FWB AE-04:83798E47:00:?? = -2.41481120E-38
A68A : SBC 31         : A=90 X=01 Y=44 SP=?? N=1 V=1 D=0 I=0 Z=0 C=0 : FWA 37-74:B41CCB8D:00:00 = +1.71768647E-04 : FWB AE-04:83798E47:00:?? = -2.41481120E-38
A68C : SEC            : A=90 X=01 Y=44 SP=?? N=1 V=1 D=0 I=0 Z=0 C=1 : FWA 37-74:B41CCB8D:00:00 = +1.71768647E-04 : FWB AE-04:83798E47:00:?? = -2.41481120E-38
A68D : ROL 3B         : A=90 X=01 Y=44 SP=?? N=0 V=1 D=0 I=0 Z=0 C=1 : FWA 37-74:B41CCB8D:00:00 = +1.71768647E-04 : FWB 5D-04:83798E47:00:?? = +2.41481120E-38
A68F : ASL 40         : A=90 X=01 Y=44 SP=?? N=1 V=1 D=0 I=0 Z=0 C=0 : FWA 37-74:B41CCB8D:00:00 = +1.71768647E-04 : FWB 5D-04:83798E8E:00:?? = +2.41481128E-38
A691 : ROL 3F         : A=90 X=01 Y=44 SP=?? N=0 V=1 D=0 I=0 Z=0 C=1 : FWA 37-74:B41CCB8D:00:00 = +1.71768647E-04 : FWB 5D-04:83791C8E:00:?? = +2.41477933E-38
A693 : ROL 3E         : A=90 X=01 Y=44 SP=?? N=1 V=1 D=0 I=0 Z=0 C=0 : FWA 37-74:B41CCB8D:00:00 = +1.71768647E-04 : FWB 5D-04:83F31C8E:00:?? = +2.42353240E-38
A695 : ROL A          : A=20 X=01 Y=44 SP=?? N=0 V=1 D=0 I=0 Z=0 C=1 : FWA 37-74:B41CCB8D:00:00 = +1.71768647E-04 : FWB 5D-04:83F31C8E:00:?? = +2.42353240E-38
A696 : DEX            : A=20 X=00 Y=44 SP=?? N=0 V=1 D=0 I=0 Z=1 C=1 : FWA 37-74:B41CCB8D:00:00 = +1.71768647E-04 : FWB 5D-04:83F31C8E:00:?? = +2.42353240E-38
A697 : BNE A65E       : A=20 X=00 Y=44 SP=?? N=0 V=1 D=0 I=0 Z=1 C=1 : FWA 37-74:B41CCB8D:00:00 = +1.71768647E-04 : FWB 5D-04:83F31C8E:00:?? = +2.42353240E-38
A699 : LDX 3B         : A=20 X=5D Y=44 SP=?? N=0 V=1 D=0 I=0 Z=0 C=1 : FWA 37-74:B41CCB8D:00:00 = +1.71768647E-04 : FWB 5D-04:83F31C8E:00:?? = +2.42353240E-38
A69B : PHX            : A=20 X=5D Y=44 SP=?? N=0 V=1 D=0 I=0 Z=0 C=1 : FWA 37-74:B41CCB8D:00:00 = +1.71768647E-04 : FWB 5D-04:83F31C8E:00:?? = +2.42353240E-38
A69C : DEC 3C         : A=20 X=5D Y=44 SP=?? N=0 V=1 D=0 I=0 Z=0 C=1 : FWA 37-74:B41CCB8D:00:00 = +1.71768647E-04 : FWB 5D-03:83F31C8E:00:?? = +1.21176620E-38
A69E : BNE A65C       : A=20 X=5D Y=44 SP=?? N=0 V=1 D=0 I=0 Z=0 C=1 : FWA 37-74:B41CCB8D:00:00 = +1.71768647E-04 : FWB 5D-03:83F31C8E:00:?? = +1.21176620E-38
A65C : LDX #08        : A=20 X=08 Y=44 SP=?? N=0 V=1 D=0 I=0 Z=0 C=1 : FWA 37-74:B41CCB8D:00:00 = +1.71768647E-04 : FWB 5D-03:83F31C8E:00:?? = +1.21176620E-38
A65E : BCS A676       : A=20 X=08 Y=44 SP=?? N=0 V=1 D=0 I=0 Z=0 C=1 : FWA 37-74:B41CCB8D:00:00 = +1.71768647E-04 : FWB 5D-03:83F31C8E:00:?? = +1.21176620E-38
A676 : TAY            : A=20 X=08 Y=20 SP=?? N=0 V=1 D=0 I=0 Z=0 C=1 : FWA 37-74:B41CCB8D:00:00 = +1.71768647E-04 : FWB 5D-03:83F31C8E:00:?? = +1.21176620E-38
A677 : LDA 40         : A=8E X=08 Y=20 SP=?? N=1 V=1 D=0 I=0 Z=0 C=1 : FWA 37-74:B41CCB8D:00:00 = +1.71768647E-04 : FWB 5D-03:83F31C8E:00:?? = +1.21176620E-38
A679 : SBC 34         : A=01 X=08 Y=20 SP=?? N=0 V=0 D=0 I=0 Z=0 C=1 : FWA 37-74:B41CCB8D:00:00 = +1.71768647E-04 : FWB 5D-03:83F31C8E:00:?? = +1.21176620E-38
A67B : STA 40         : A=01 X=08 Y=20 SP=?? N=0 V=0 D=0 I=0 Z=0 C=1 : FWA 37-74:B41CCB8D:00:00 = +1.71768647E-04 : FWB 5D-03:83F31C01:00:?? = +1.21176612E-38
A67D : LDA 3F         : A=1C X=08 Y=20 SP=?? N=0 V=0 D=0 I=0 Z=0 C=1 : FWA 37-74:B41CCB8D:00:00 = +1.71768647E-04 : FWB 5D-03:83F31C01:00:?? = +1.21176612E-38
A67F : SBC 33         : A=51 X=08 Y=20 SP=?? N=0 V=0 D=0 I=0 Z=0 C=0 : FWA 37-74:B41CCB8D:00:00 = +1.71768647E-04 : FWB 5D-03:83F31C01:00:?? = +1.21176612E-38
A681 : STA 3F         : A=51 X=08 Y=20 SP=?? N=0 V=0 D=0 I=0 Z=0 C=0 : FWA 37-74:B41CCB8D:00:00 = +1.71768647E-04 : FWB 5D-03:83F35101:00:?? = +1.21177355E-38
A683 : LDA 3E         : A=F3 X=08 Y=20 SP=?? N=1 V=0 D=0 I=0 Z=0 C=0 : FWA 37-74:B41CCB8D:00:00 = +1.71768647E-04 : FWB 5D-03:83F35101:00:?? = +1.21177355E-38
A685 : SBC 32         : A=D6 X=08 Y=20 SP=?? N=1 V=0 D=0 I=0 Z=0 C=1 : FWA 37-74:B41CCB8D:00:00 = +1.71768647E-04 : FWB 5D-03:83F35101:00:?? = +1.21177355E-38
A687 : STA 3E         : A=D6 X=08 Y=20 SP=?? N=1 V=0 D=0 I=0 Z=0 C=1 : FWA 37-74:B41CCB8D:00:00 = +1.71768647E-04 : FWB 5D-03:83D65101:00:?? = +1.21073322E-38
A689 : TYA            : A=20 X=08 Y=20 SP=?? N=0 V=0 D=0 I=0 Z=0 C=1 : FWA 37-74:B41CCB8D:00:00 = +1.71768647E-04 : FWB 5D-03:83D65101:00:?? = +1.21073322E-38
A68A : SBC 31         : A=6C X=08 Y=20 SP=?? N=0 V=0 D=0 I=0 Z=0 C=0 : FWA 37-74:B41CCB8D:00:00 = +1.71768647E-04 : FWB 5D-03:83D65101:00:?? = +1.21073322E-38
A68C : SEC            : A=6C X=08 Y=20 SP=?? N=0 V=0 D=0 I=0 Z=0 C=1 : FWA 37-74:B41CCB8D:00:00 = +1.71768647E-04 : FWB 5D-03:83D65101:00:?? = +1.21073322E-38
A68D : ROL 3B         : A=6C X=08 Y=20 SP=?? N=1 V=0 D=0 I=0 Z=0 C=0 : FWA 37-74:B41CCB8D:00:00 = +1.71768647E-04 : FWB BB-03:83D65101:00:?? = -1.21073322E-38
A68F : ASL 40         : A=6C X=08 Y=20 SP=?? N=0 V=0 D=0 I=0 Z=0 C=0 : FWA 37-74:B41CCB8D:00:00 = +1.71768647E-04 : FWB BB-03:83D65102:00:?? = -1.21073322E-38
A691 : ROL 3F         : A=6C X=08 Y=20 SP=?? N=1 V=0 D=0 I=0 Z=0 C=0 : FWA 37-74:B41CCB8D:00:00 = +1.71768647E-04 : FWB BB-03:83D6A202:00:?? = -1.21074458E-38
A693 : ROL 3E         : A=6C X=08 Y=20 SP=?? N=1 V=0 D=0 I=0 Z=0 C=1 : FWA 37-74:B41CCB8D:00:00 = +1.71768647E-04 : FWB BB-03:83ACA202:00:?? = -1.20923790E-38
A695 : ROL A          : A=D9 X=08 Y=20 SP=?? N=1 V=0 D=0 I=0 Z=0 C=0 : FWA 37-74:B41CCB8D:00:00 = +1.71768647E-04 : FWB BB-03:83ACA202:00:?? = -1.20923790E-38
A696 : DEX            : A=D9 X=07 Y=20 SP=?? N=0 V=0 D=0 I=0 Z=0 C=0 : FWA 37-74:B41CCB8D:00:00 = +1.71768647E-04 : FWB BB-03:83ACA202:00:?? = -1.20923790E-38
A697 : BNE A65E       : A=D9 X=07 Y=20 SP=?? N=0 V=0 D=0 I=0 Z=0 C=0 : FWA 37-74:B41CCB8D:00:00 = +1.71768647E-04 : FWB BB-03:83ACA202:00:?? = -1.20923790E-38
A65E : BCS A676       : A=D9 X=07 Y=20 SP=?? N=0 V=0 D=0 I=0 Z=0 C=0 : FWA 37-74:B41CCB8D:00:00 = +1.71768647E-04 : FWB BB-03:83ACA202:00:?? = -1.20923790E-38
A660 : CMP 31         : A=D9 X=07 Y=20 SP=?? N=0 V=0 D=0 I=0 Z=0 C=1 : FWA 37-74:B41CCB8D:00:00 = +1.71768647E-04 : FWB BB-03:83ACA202:00:?? = -1.20923790E-38
A662 : BNE A674       : A=D9 X=07 Y=20 SP=?? N=0 V=0 D=0 I=0 Z=0 C=1 : FWA 37-74:B41CCB8D:00:00 = +1.71768647E-04 : FWB BB-03:83ACA202:00:?? = -1.20923790E-38
A674 : BCC A68D       : A=D9 X=07 Y=20 SP=?? N=0 V=0 D=0 I=0 Z=0 C=1 : FWA 37-74:B41CCB8D:00:00 = +1.71768647E-04 : FWB BB-03:83ACA202:00:?? = -1.20923790E-38
A676 : TAY            : A=D9 X=07 Y=D9 SP=?? N=1 V=0 D=0 I=0 Z=0 C=1 : FWA 37-74:B41CCB8D:00:00 = +1.71768647E-04 : FWB BB-03:83ACA202:00:?? = -1.20923790E-38
A677 : LDA 40         : A=02 X=07 Y=D9 SP=?? N=0 V=0 D=0 I=0 Z=0 C=1 : FWA 37-74:B41CCB8D:00:00 = +1.71768647E-04 : FWB BB-03:83ACA202:00:?? = -1.20923790E-38
A679 : SBC 34         : A=75 X=07 Y=D9 SP=?? N=0 V=0 D=0 I=0 Z=0 C=0 : FWA 37-74:B41CCB8D:00:00 = +1.71768647E-04 : FWB BB-03:83ACA202:00:?? = -1.20923790E-38
A67B : STA 40         : A=75 X=07 Y=D9 SP=?? N=0 V=0 D=0 I=0 Z=0 C=0 : FWA 37-74:B41CCB8D:00:00 = +1.71768647E-04 : FWB BB-03:83ACA275:00:?? = -1.20923796E-38
A67D : LDA 3F         : A=A2 X=07 Y=D9 SP=?? N=1 V=0 D=0 I=0 Z=0 C=0 : FWA 37-74:B41CCB8D:00:00 = +1.71768647E-04 : FWB BB-03:83ACA275:00:?? = -1.20923796E-38
A67F : SBC 33         : A=D6 X=07 Y=D9 SP=?? N=1 V=0 D=0 I=0 Z=0 C=0 : FWA 37-74:B41CCB8D:00:00 = +1.71768647E-04 : FWB BB-03:83ACA275:00:?? = -1.20923796E-38
A681 : STA 3F         : A=D6 X=07 Y=D9 SP=?? N=1 V=0 D=0 I=0 Z=0 C=0 : FWA 37-74:B41CCB8D:00:00 = +1.71768647E-04 : FWB BB-03:83ACD675:00:?? = -1.20924525E-38
A683 : LDA 3E         : A=AC X=07 Y=D9 SP=?? N=1 V=0 D=0 I=0 Z=0 C=0 : FWA 37-74:B41CCB8D:00:00 = +1.71768647E-04 : FWB BB-03:83ACD675:00:?? = -1.20924525E-38
A685 : SBC 32         : A=8F X=07 Y=D9 SP=?? N=1 V=0 D=0 I=0 Z=0 C=1 : FWA 37-74:B41CCB8D:00:00 = +1.71768647E-04 : FWB BB-03:83ACD675:00:?? = -1.20924525E-38
A687 : STA 3E         : A=8F X=07 Y=D9 SP=?? N=1 V=0 D=0 I=0 Z=0 C=1 : FWA 37-74:B41CCB8D:00:00 = +1.71768647E-04 : FWB BB-03:838FD675:00:?? = -1.20820492E-38
A689 : TYA            : A=D9 X=07 Y=D9 SP=?? N=1 V=0 D=0 I=0 Z=0 C=1 : FWA 37-74:B41CCB8D:00:00 = +1.71768647E-04 : FWB BB-03:838FD675:00:?? = -1.20820492E-38
A68A : SBC 31         : A=25 X=07 Y=D9 SP=?? N=0 V=0 D=0 I=0 Z=0 C=1 : FWA 37-74:B41CCB8D:00:00 = +1.71768647E-04 : FWB BB-03:838FD675:00:?? = -1.20820492E-38
A68C : SEC            : A=25 X=07 Y=D9 SP=?? N=0 V=0 D=0 I=0 Z=0 C=1 : FWA 37-74:B41CCB8D:00:00 = +1.71768647E-04 : FWB BB-03:838FD675:00:?? = -1.20820492E-38
A68D : ROL 3B         : A=25 X=07 Y=D9 SP=?? N=0 V=0 D=0 I=0 Z=0 C=1 : FWA 37-74:B41CCB8D:00:00 = +1.71768647E-04 : FWB 77-03:838FD675:00:?? = +1.20820492E-38
A68F : ASL 40         : A=25 X=07 Y=D9 SP=?? N=1 V=0 D=0 I=0 Z=0 C=0 : FWA 37-74:B41CCB8D:00:00 = +1.71768647E-04 : FWB 77-03:838FD6EA:00:?? = +1.20820499E-38
A691 : ROL 3F         : A=25 X=07 Y=D9 SP=?? N=1 V=0 D=0 I=0 Z=0 C=1 : FWA 37-74:B41CCB8D:00:00 = +1.71768647E-04 : FWB 77-03:838FACEA:00:?? = +1.20819910E-38
A693 : ROL 3E         : A=25 X=07 Y=D9 SP=?? N=0 V=0 D=0 I=0 Z=0 C=1 : FWA 37-74:B41CCB8D:00:00 = +1.71768647E-04 : FWB 77-03:831FACEA:00:?? = +1.20418130E-38
A695 : ROL A          : A=4B X=07 Y=D9 SP=?? N=0 V=0 D=0 I=0 Z=0 C=0 : FWA 37-74:B41CCB8D:00:00 = +1.71768647E-04 : FWB 77-03:831FACEA:00:?? = +1.20418130E-38
A696 : DEX            : A=4B X=06 Y=D9 SP=?? N=0 V=0 D=0 I=0 Z=0 C=0 : FWA 37-74:B41CCB8D:00:00 = +1.71768647E-04 : FWB 77-03:831FACEA:00:?? = +1.20418130E-38
A697 : BNE A65E       : A=4B X=06 Y=D9 SP=?? N=0 V=0 D=0 I=0 Z=0 C=0 : FWA 37-74:B41CCB8D:00:00 = +1.71768647E-04 : FWB 77-03:831FACEA:00:?? = +1.20418130E-38
A65E : BCS A676       : A=4B X=06 Y=D9 SP=?? N=0 V=0 D=0 I=0 Z=0 C=0 : FWA 37-74:B41CCB8D:00:00 = +1.71768647E-04 : FWB 77-03:831FACEA:00:?? = +1.20418130E-38
A660 : CMP 31         : A=4B X=06 Y=D9 SP=?? N=1 V=0 D=0 I=0 Z=0 C=0 : FWA 37-74:B41CCB8D:00:00 = +1.71768647E-04 : FWB 77-03:831FACEA:00:?? = +1.20418130E-38
A662 : BNE A674       : A=4B X=06 Y=D9 SP=?? N=1 V=0 D=0 I=0 Z=0 C=0 : FWA 37-74:B41CCB8D:00:00 = +1.71768647E-04 : FWB 77-03:831FACEA:00:?? = +1.20418130E-38
A674 : BCC A68D       : A=4B X=06 Y=D9 SP=?? N=1 V=0 D=0 I=0 Z=0 C=0 : FWA 37-74:B41CCB8D:00:00 = +1.71768647E-04 : FWB 77-03:831FACEA:00:?? = +1.20418130E-38
A68D : ROL 3B         : A=4B X=06 Y=D9 SP=?? N=1 V=0 D=0 I=0 Z=0 C=0 : FWA 37-74:B41CCB8D:00:00 = +1.71768647E-04 : FWB EE-03:831FACEA:00:?? = -1.20418130E-38
A68F : ASL 40         : A=4B X=06 Y=D9 SP=?? N=1 V=0 D=0 I=0 Z=0 C=1 : FWA 37-74:B41CCB8D:00:00 = +1.71768647E-04 : FWB EE-03:831FACD4:00:?? = -1.20418129E-38
A691 : ROL 3F         : A=4B X=06 Y=D9 SP=?? N=0 V=0 D=0 I=0 Z=0 C=1 : FWA 37-74:B41CCB8D:00:00 = +1.71768647E-04 : FWB EE-03:831F59D4:00:?? = -1.20416966E-38
A693 : ROL 3E         : A=4B X=06 Y=D9 SP=?? N=0 V=0 D=0 I=0 Z=0 C=0 : FWA 37-74:B41CCB8D:00:00 = +1.71768647E-04 : FWB EE-03:833F59D4:00:?? = -1.20531760E-38
A695 : ROL A          : A=96 X=06 Y=D9 SP=?? N=1 V=0 D=0 I=0 Z=0 C=0 : FWA 37-74:B41CCB8D:00:00 = +1.71768647E-04 : FWB EE-03:833F59D4:00:?? = -1.20531760E-38
A696 : DEX            : A=96 X=05 Y=D9 SP=?? N=0 V=0 D=0 I=0 Z=0 C=0 : FWA 37-74:B41CCB8D:00:00 = +1.71768647E-04 : FWB EE-03:833F59D4:00:?? = -1.20531760E-38
A697 : BNE A65E       : A=96 X=05 Y=D9 SP=?? N=0 V=0 D=0 I=0 Z=0 C=0 : FWA 37-74:B41CCB8D:00:00 = +1.71768647E-04 : FWB EE-03:833F59D4:00:?? = -1.20531760E-38
A65E : BCS A676       : A=96 X=05 Y=D9 SP=?? N=0 V=0 D=0 I=0 Z=0 C=0 : FWA 37-74:B41CCB8D:00:00 = +1.71768647E-04 : FWB EE-03:833F59D4:00:?? = -1.20531760E-38
A660 : CMP 31         : A=96 X=05 Y=D9 SP=?? N=1 V=0 D=0 I=0 Z=0 C=0 : FWA 37-74:B41CCB8D:00:00 = +1.71768647E-04 : FWB EE-03:833F59D4:00:?? = -1.20531760E-38
A662 : BNE A674       : A=96 X=05 Y=D9 SP=?? N=1 V=0 D=0 I=0 Z=0 C=0 : FWA 37-74:B41CCB8D:00:00 = +1.71768647E-04 : FWB EE-03:833F59D4:00:?? = -1.20531760E-38
A674 : BCC A68D       : A=96 X=05 Y=D9 SP=?? N=1 V=0 D=0 I=0 Z=0 C=0 : FWA 37-74:B41CCB8D:00:00 = +1.71768647E-04 : FWB EE-03:833F59D4:00:?? = -1.20531760E-38
A68D : ROL 3B         : A=96 X=05 Y=D9 SP=?? N=1 V=0 D=0 I=0 Z=0 C=1 : FWA 37-74:B41CCB8D:00:00 = +1.71768647E-04 : FWB DC-03:833F59D4:00:?? = -1.20531760E-38
A68F : ASL 40         : A=96 X=05 Y=D9 SP=?? N=1 V=0 D=0 I=0 Z=0 C=1 : FWA 37-74:B41CCB8D:00:00 = +1.71768647E-04 : FWB DC-03:833F59A8:00:?? = -1.20531758E-38
A691 : ROL 3F         : A=96 X=05 Y=D9 SP=?? N=1 V=0 D=0 I=0 Z=0 C=0 : FWA 37-74:B41CCB8D:00:00 = +1.71768647E-04 : FWB DC-03:833FB3A8:00:?? = -1.20533019E-38
A693 : ROL 3E         : A=96 X=05 Y=D9 SP=?? N=0 V=0 D=0 I=0 Z=0 C=0 : FWA 37-74:B41CCB8D:00:00 = +1.71768647E-04 : FWB DC-03:837EB3A8:00:?? = -1.20759020E-38
A695 : ROL A          : A=2C X=05 Y=D9 SP=?? N=0 V=0 D=0 I=0 Z=0 C=1 : FWA 37-74:B41CCB8D:00:00 = +1.71768647E-04 : FWB DC-03:837EB3A8:00:?? = -1.20759020E-38
A696 : DEX            : A=2C X=04 Y=D9 SP=?? N=0 V=0 D=0 I=0 Z=0 C=1 : FWA 37-74:B41CCB8D:00:00 = +1.71768647E-04 : FWB DC-03:837EB3A8:00:?? = -1.20759020E-38
A697 : BNE A65E       : A=2C X=04 Y=D9 SP=?? N=0 V=0 D=0 I=0 Z=0 C=1 : FWA 37-74:B41CCB8D:00:00 = +1.71768647E-04 : FWB DC-03:837EB3A8:00:?? = -1.20759020E-38
A65E : BCS A676       : A=2C X=04 Y=D9 SP=?? N=0 V=0 D=0 I=0 Z=0 C=1 : FWA 37-74:B41CCB8D:00:00 = +1.71768647E-04 : FWB DC-03:837EB3A8:00:?? = -1.20759020E-38
A676 : TAY            : A=2C X=04 Y=2C SP=?? N=0 V=0 D=0 I=0 Z=0 C=1 : FWA 37-74:B41CCB8D:00:00 = +1.71768647E-04 : FWB DC-03:837EB3A8:00:?? = -1.20759020E-38
A677 : LDA 40         : A=A8 X=04 Y=2C SP=?? N=1 V=0 D=0 I=0 Z=0 C=1 : FWA 37-74:B41CCB8D:00:00 = +1.71768647E-04 : FWB DC-03:837EB3A8:00:?? = -1.20759020E-38
A679 : SBC 34         : A=1B X=04 Y=2C SP=?? N=0 V=0 D=0 I=0 Z=0 C=1 : FWA 37-74:B41CCB8D:00:00 = +1.71768647E-04 : FWB DC-03:837EB3A8:00:?? = -1.20759020E-38
A67B : STA 40         : A=1B X=04 Y=2C SP=?? N=0 V=0 D=0 I=0 Z=0 C=1 : FWA 37-74:B41CCB8D:00:00 = +1.71768647E-04 : FWB DC-03:837EB31B:00:?? = -1.20759013E-38
A67D : LDA 3F         : A=B3 X=04 Y=2C SP=?? N=1 V=0 D=0 I=0 Z=0 C=1 : FWA 37-74:B41CCB8D:00:00 = +1.71768647E-04 : FWB DC-03:837EB31B:00:?? = -1.20759013E-38
A67F : SBC 33         : A=E8 X=04 Y=2C SP=?? N=1 V=0 D=0 I=0 Z=0 C=0 : FWA 37-74:B41CCB8D:00:00 = +1.71768647E-04 : FWB DC-03:837EB31B:00:?? = -1.20759013E-38
A681 : STA 3F         : A=E8 X=04 Y=2C SP=?? N=1 V=0 D=0 I=0 Z=0 C=0 : FWA 37-74:B41CCB8D:00:00 = +1.71768647E-04 : FWB DC-03:837EE81B:00:?? = -1.20759755E-38
A683 : LDA 3E         : A=7E X=04 Y=2C SP=?? N=0 V=0 D=0 I=0 Z=0 C=0 : FWA 37-74:B41CCB8D:00:00 = +1.71768647E-04 : FWB DC-03:837EE81B:00:?? = -1.20759755E-38
A685 : SBC 32         : A=61 X=04 Y=2C SP=?? N=0 V=0 D=0 I=0 Z=0 C=1 : FWA 37-74:B41CCB8D:00:00 = +1.71768647E-04 : FWB DC-03:837EE81B:00:?? = -1.20759755E-38
A687 : STA 3E         : A=61 X=04 Y=2C SP=?? N=0 V=0 D=0 I=0 Z=0 C=1 : FWA 37-74:B41CCB8D:00:00 = +1.71768647E-04 : FWB DC-03:8361E81B:00:?? = -1.20655723E-38
A689 : TYA            : A=2C X=04 Y=2C SP=?? N=0 V=0 D=0 I=0 Z=0 C=1 : FWA 37-74:B41CCB8D:00:00 = +1.71768647E-04 : FWB DC-03:8361E81B:00:?? = -1.20655723E-38
A68A : SBC 31         : A=78 X=04 Y=2C SP=?? N=0 V=0 D=0 I=0 Z=0 C=0 : FWA 37-74:B41CCB8D:00:00 = +1.71768647E-04 : FWB DC-03:8361E81B:00:?? = -1.20655723E-38
A68C : SEC            : A=78 X=04 Y=2C SP=?? N=0 V=0 D=0 I=0 Z=0 C=1 : FWA 37-74:B41CCB8D:00:00 = +1.71768647E-04 : FWB DC-03:8361E81B:00:?? = -1.20655723E-38
A68D : ROL 3B         : A=78 X=04 Y=2C SP=?? N=1 V=0 D=0 I=0 Z=0 C=1 : FWA 37-74:B41CCB8D:00:00 = +1.71768647E-04 : FWB B9-03:8361E81B:00:?? = -1.20655723E-38
A68F : ASL 40         : A=78 X=04 Y=2C SP=?? N=0 V=0 D=0 I=0 Z=0 C=0 : FWA 37-74:B41CCB8D:00:00 = +1.71768647E-04 : FWB B9-03:8361E836:00:?? = -1.20655724E-38
A691 : ROL 3F         : A=78 X=04 Y=2C SP=?? N=1 V=0 D=0 I=0 Z=0 C=1 : FWA 37-74:B41CCB8D:00:00 = +1.71768647E-04 : FWB B9-03:8361D036:00:?? = -1.20655388E-38
A693 : ROL 3E         : A=78 X=04 Y=2C SP=?? N=1 V=0 D=0 I=0 Z=0 C=0 : FWA 37-74:B41CCB8D:00:00 = +1.71768647E-04 : FWB B9-03:83C3D036:00:?? = -1.21006946E-38
A695 : ROL A          : A=F0 X=04 Y=2C SP=?? N=1 V=0 D=0 I=0 Z=0 C=0 : FWA 37-74:B41CCB8D:00:00 = +1.71768647E-04 : FWB B9-03:83C3D036:00:?? = -1.21006946E-38
A696 : DEX            : A=F0 X=03 Y=2C SP=?? N=0 V=0 D=0 I=0 Z=0 C=0 : FWA 37-74:B41CCB8D:00:00 = +1.71768647E-04 : FWB B9-03:83C3D036:00:?? = -1.21006946E-38
A697 : BNE A65E       : A=F0 X=03 Y=2C SP=?? N=0 V=0 D=0 I=0 Z=0 C=0 : FWA 37-74:B41CCB8D:00:00 = +1.71768647E-04 : FWB B9-03:83C3D036:00:?? = -1.21006946E-38
A65E : BCS A676       : A=F0 X=03 Y=2C SP=?? N=0 V=0 D=0 I=0 Z=0 C=0 : FWA 37-74:B41CCB8D:00:00 = +1.71768647E-04 : FWB B9-03:83C3D036:00:?? = -1.21006946E-38
A660 : CMP 31         : A=F0 X=03 Y=2C SP=?? N=0 V=0 D=0 I=0 Z=0 C=1 : FWA 37-74:B41CCB8D:00:00 = +1.71768647E-04 : FWB B9-03:83C3D036:00:?? = -1.21006946E-38
A662 : BNE A674       : A=F0 X=03 Y=2C SP=?? N=0 V=0 D=0 I=0 Z=0 C=1 : FWA 37-74:B41CCB8D:00:00 = +1.71768647E-04 : FWB B9-03:83C3D036:00:?? = -1.21006946E-38
A674 : BCC A68D       : A=F0 X=03 Y=2C SP=?? N=0 V=0 D=0 I=0 Z=0 C=1 : FWA 37-74:B41CCB8D:00:00 = +1.71768647E-04 : FWB B9-03:83C3D036:00:?? = -1.21006946E-38
A676 : TAY            : A=F0 X=03 Y=F0 SP=?? N=1 V=0 D=0 I=0 Z=0 C=1 : FWA 37-74:B41CCB8D:00:00 = +1.71768647E-04 : FWB B9-03:83C3D036:00:?? = -1.21006946E-38
A677 : LDA 40         : A=36 X=03 Y=F0 SP=?? N=0 V=0 D=0 I=0 Z=0 C=1 : FWA 37-74:B41CCB8D:00:00 = +1.71768647E-04 : FWB B9-03:83C3D036:00:?? = -1.21006946E-38
A679 : SBC 34         : A=A9 X=03 Y=F0 SP=?? N=1 V=1 D=0 I=0 Z=0 C=0 : FWA 37-74:B41CCB8D:00:00 = +1.71768647E-04 : FWB B9-03:83C3D036:00:?? = -1.21006946E-38
A67B : STA 40         : A=A9 X=03 Y=F0 SP=?? N=1 V=1 D=0 I=0 Z=0 C=0 : FWA 37-74:B41CCB8D:00:00 = +1.71768647E-04 : FWB B9-03:83C3D0A9:00:?? = -1.21006952E-38
A67D : LDA 3F         : A=D0 X=03 Y=F0 SP=?? N=1 V=1 D=0 I=0 Z=0 C=0 : FWA 37-74:B41CCB8D:00:00 = +1.71768647E-04 : FWB B9-03:83C3D0A9:00:?? = -1.21006952E-38
A67F : SBC 33         : A=04 X=03 Y=F0 SP=?? N=0 V=0 D=0 I=0 Z=0 C=1 : FWA 37-74:B41CCB8D:00:00 = +1.71768647E-04 : FWB B9-03:83C3D0A9:00:?? = -1.21006952E-38
A681 : STA 3F         : A=04 X=03 Y=F0 SP=?? N=0 V=0 D=0 I=0 Z=0 C=1 : FWA 37-74:B41CCB8D:00:00 = +1.71768647E-04 : FWB B9-03:83C304A9:00:?? = -1.21004093E-38
A683 : LDA 3E         : A=C3 X=03 Y=F0 SP=?? N=1 V=0 D=0 I=0 Z=0 C=1 : FWA 37-74:B41CCB8D:00:00 = +1.71768647E-04 : FWB B9-03:83C304A9:00:?? = -1.21004093E-38
A685 : SBC 32         : A=A7 X=03 Y=F0 SP=?? N=1 V=0 D=0 I=0 Z=0 C=1 : FWA 37-74:B41CCB8D:00:00 = +1.71768647E-04 : FWB B9-03:83C304A9:00:?? = -1.21004093E-38
A687 : STA 3E         : A=A7 X=03 Y=F0 SP=?? N=1 V=0 D=0 I=0 Z=0 C=1 : FWA 37-74:B41CCB8D:00:00 = +1.71768647E-04 : FWB B9-03:83A704A9:00:?? = -1.20903648E-38
A689 : TYA            : A=F0 X=03 Y=F0 SP=?? N=1 V=0 D=0 I=0 Z=0 C=1 : FWA 37-74:B41CCB8D:00:00 = +1.71768647E-04 : FWB B9-03:83A704A9:00:?? = -1.20903648E-38
A68A : SBC 31         : A=3C X=03 Y=F0 SP=?? N=0 V=0 D=0 I=0 Z=0 C=1 : FWA 37-74:B41CCB8D:00:00 = +1.71768647E-04 : FWB B9-03:83A704A9:00:?? = -1.20903648E-38
A68C : SEC            : A=3C X=03 Y=F0 SP=?? N=0 V=0 D=0 I=0 Z=0 C=1 : FWA 37-74:B41CCB8D:00:00 = +1.71768647E-04 : FWB B9-03:83A704A9:00:?? = -1.20903648E-38
A68D : ROL 3B         : A=3C X=03 Y=F0 SP=?? N=0 V=0 D=0 I=0 Z=0 C=1 : FWA 37-74:B41CCB8D:00:00 = +1.71768647E-04 : FWB 73-03:83A704A9:00:?? = +1.20903648E-38
A68F : ASL 40         : A=3C X=03 Y=F0 SP=?? N=0 V=0 D=0 I=0 Z=0 C=1 : FWA 37-74:B41CCB8D:00:00 = +1.71768647E-04 : FWB 73-03:83A70452:00:?? = +1.20903644E-38
A691 : ROL 3F         : A=3C X=03 Y=F0 SP=?? N=0 V=0 D=0 I=0 Z=0 C=0 : FWA 37-74:B41CCB8D:00:00 = +1.71768647E-04 : FWB 73-03:83A70952:00:?? = +1.20903714E-38
A693 : ROL 3E         : A=3C X=03 Y=F0 SP=?? N=0 V=0 D=0 I=0 Z=0 C=1 : FWA 37-74:B41CCB8D:00:00 = +1.71768647E-04 : FWB 73-03:834E0952:00:?? = +1.20584442E-38
A695 : ROL A          : A=79 X=03 Y=F0 SP=?? N=0 V=0 D=0 I=0 Z=0 C=0 : FWA 37-74:B41CCB8D:00:00 = +1.71768647E-04 : FWB 73-03:834E0952:00:?? = +1.20584442E-38
A696 : DEX            : A=79 X=02 Y=F0 SP=?? N=0 V=0 D=0 I=0 Z=0 C=0 : FWA 37-74:B41CCB8D:00:00 = +1.71768647E-04 : FWB 73-03:834E0952:00:?? = +1.20584442E-38
A697 : BNE A65E       : A=79 X=02 Y=F0 SP=?? N=0 V=0 D=0 I=0 Z=0 C=0 : FWA 37-74:B41CCB8D:00:00 = +1.71768647E-04 : FWB 73-03:834E0952:00:?? = +1.20584442E-38
A65E : BCS A676       : A=79 X=02 Y=F0 SP=?? N=0 V=0 D=0 I=0 Z=0 C=0 : FWA 37-74:B41CCB8D:00:00 = +1.71768647E-04 : FWB 73-03:834E0952:00:?? = +1.20584442E-38
A660 : CMP 31         : A=79 X=02 Y=F0 SP=?? N=1 V=0 D=0 I=0 Z=0 C=0 : FWA 37-74:B41CCB8D:00:00 = +1.71768647E-04 : FWB 73-03:834E0952:00:?? = +1.20584442E-38
A662 : BNE A674       : A=79 X=02 Y=F0 SP=?? N=1 V=0 D=0 I=0 Z=0 C=0 : FWA 37-74:B41CCB8D:00:00 = +1.71768647E-04 : FWB 73-03:834E0952:00:?? = +1.20584442E-38
A674 : BCC A68D       : A=79 X=02 Y=F0 SP=?? N=1 V=0 D=0 I=0 Z=0 C=0 : FWA 37-74:B41CCB8D:00:00 = +1.71768647E-04 : FWB 73-03:834E0952:00:?? = +1.20584442E-38
A68D : ROL 3B         : A=79 X=02 Y=F0 SP=?? N=1 V=0 D=0 I=0 Z=0 C=0 : FWA 37-74:B41CCB8D:00:00 = +1.71768647E-04 : FWB E6-03:834E0952:00:?? = -1.20584442E-38
A68F : ASL 40         : A=79 X=02 Y=F0 SP=?? N=1 V=0 D=0 I=0 Z=0 C=0 : FWA 37-74:B41CCB8D:00:00 = +1.71768647E-04 : FWB E6-03:834E09A4:00:?? = -1.20584446E-38
A691 : ROL 3F         : A=79 X=02 Y=F0 SP=?? N=0 V=0 D=0 I=0 Z=0 C=0 : FWA 37-74:B41CCB8D:00:00 = +1.71768647E-04 : FWB E6-03:834E12A4:00:?? = -1.20584572E-38
A693 : ROL 3E         : A=79 X=02 Y=F0 SP=?? N=1 V=0 D=0 I=0 Z=0 C=0 : FWA 37-74:B41CCB8D:00:00 = +1.71768647E-04 : FWB E6-03:839C12A4:00:?? = -1.20864384E-38
A695 : ROL A          : A=F2 X=02 Y=F0 SP=?? N=1 V=0 D=0 I=0 Z=0 C=0 : FWA 37-74:B41CCB8D:00:00 = +1.71768647E-04 : FWB E6-03:839C12A4:00:?? = -1.20864384E-38
A696 : DEX            : A=F2 X=01 Y=F0 SP=?? N=0 V=0 D=0 I=0 Z=0 C=0 : FWA 37-74:B41CCB8D:00:00 = +1.71768647E-04 : FWB E6-03:839C12A4:00:?? = -1.20864384E-38
A697 : BNE A65E       : A=F2 X=01 Y=F0 SP=?? N=0 V=0 D=0 I=0 Z=0 C=0 : FWA 37-74:B41CCB8D:00:00 = +1.71768647E-04 : FWB E6-03:839C12A4:00:?? = -1.20864384E-38
A65E : BCS A676       : A=F2 X=01 Y=F0 SP=?? N=0 V=0 D=0 I=0 Z=0 C=0 : FWA 37-74:B41CCB8D:00:00 = +1.71768647E-04 : FWB E6-03:839C12A4:00:?? = -1.20864384E-38
A660 : CMP 31         : A=F2 X=01 Y=F0 SP=?? N=0 V=0 D=0 I=0 Z=0 C=1 : FWA 37-74:B41CCB8D:00:00 = +1.71768647E-04 : FWB E6-03:839C12A4:00:?? = -1.20864384E-38
A662 : BNE A674       : A=F2 X=01 Y=F0 SP=?? N=0 V=0 D=0 I=0 Z=0 C=1 : FWA 37-74:B41CCB8D:00:00 = +1.71768647E-04 : FWB E6-03:839C12A4:00:?? = -1.20864384E-38
A674 : BCC A68D       : A=F2 X=01 Y=F0 SP=?? N=0 V=0 D=0 I=0 Z=0 C=1 : FWA 37-74:B41CCB8D:00:00 = +1.71768647E-04 : FWB E6-03:839C12A4:00:?? = -1.20864384E-38
A676 : TAY            : A=F2 X=01 Y=F2 SP=?? N=1 V=0 D=0 I=0 Z=0 C=1 : FWA 37-74:B41CCB8D:00:00 = +1.71768647E-04 : FWB E6-03:839C12A4:00:?? = -1.20864384E-38
A677 : LDA 40         : A=A4 X=01 Y=F2 SP=?? N=1 V=0 D=0 I=0 Z=0 C=1 : FWA 37-74:B41CCB8D:00:00 = +1.71768647E-04 : FWB E6-03:839C12A4:00:?? = -1.20864384E-38
A679 : SBC 34         : A=17 X=01 Y=F2 SP=?? N=0 V=0 D=0 I=0 Z=0 C=1 : FWA 37-74:B41CCB8D:00:00 = +1.71768647E-04 : FWB E6-03:839C12A4:00:?? = -1.20864384E-38
A67B : STA 40         : A=17 X=01 Y=F2 SP=?? N=0 V=0 D=0 I=0 Z=0 C=1 : FWA 37-74:B41CCB8D:00:00 = +1.71768647E-04 : FWB E6-03:839C1217:00:?? = -1.20864376E-38
A67D : LDA 3F         : A=12 X=01 Y=F2 SP=?? N=0 V=0 D=0 I=0 Z=0 C=1 : FWA 37-74:B41CCB8D:00:00 = +1.71768647E-04 : FWB E6-03:839C1217:00:?? = -1.20864376E-38
A67F : SBC 33         : A=47 X=01 Y=F2 SP=?? N=0 V=0 D=0 I=0 Z=0 C=0 : FWA 37-74:B41CCB8D:00:00 = +1.71768647E-04 : FWB E6-03:839C1217:00:?? = -1.20864376E-38
A681 : STA 3F         : A=47 X=01 Y=F2 SP=?? N=0 V=0 D=0 I=0 Z=0 C=0 : FWA 37-74:B41CCB8D:00:00 = +1.71768647E-04 : FWB E6-03:839C4717:00:?? = -1.20865119E-38
A683 : LDA 3E         : A=9C X=01 Y=F2 SP=?? N=1 V=0 D=0 I=0 Z=0 C=0 : FWA 37-74:B41CCB8D:00:00 = +1.71768647E-04 : FWB E6-03:839C4717:00:?? = -1.20865119E-38
A685 : SBC 32         : A=7F X=01 Y=F2 SP=?? N=0 V=1 D=0 I=0 Z=0 C=1 : FWA 37-74:B41CCB8D:00:00 = +1.71768647E-04 : FWB E6-03:839C4717:00:?? = -1.20865119E-38
A687 : STA 3E         : A=7F X=01 Y=F2 SP=?? N=0 V=1 D=0 I=0 Z=0 C=1 : FWA 37-74:B41CCB8D:00:00 = +1.71768647E-04 : FWB E6-03:837F4717:00:?? = -1.20761086E-38
A689 : TYA            : A=F2 X=01 Y=F2 SP=?? N=1 V=1 D=0 I=0 Z=0 C=1 : FWA 37-74:B41CCB8D:00:00 = +1.71768647E-04 : FWB E6-03:837F4717:00:?? = -1.20761086E-38
A68A : SBC 31         : A=3E X=01 Y=F2 SP=?? N=0 V=0 D=0 I=0 Z=0 C=1 : FWA 37-74:B41CCB8D:00:00 = +1.71768647E-04 : FWB E6-03:837F4717:00:?? = -1.20761086E-38
A68C : SEC            : A=3E X=01 Y=F2 SP=?? N=0 V=0 D=0 I=0 Z=0 C=1 : FWA 37-74:B41CCB8D:00:00 = +1.71768647E-04 : FWB E6-03:837F4717:00:?? = -1.20761086E-38
A68D : ROL 3B         : A=3E X=01 Y=F2 SP=?? N=1 V=0 D=0 I=0 Z=0 C=1 : FWA 37-74:B41CCB8D:00:00 = +1.71768647E-04 : FWB CD-03:837F4717:00:?? = -1.20761086E-38
A68F : ASL 40         : A=3E X=01 Y=F2 SP=?? N=0 V=0 D=0 I=0 Z=0 C=0 : FWA 37-74:B41CCB8D:00:00 = +1.71768647E-04 : FWB CD-03:837F472E:00:?? = -1.20761088E-38
A691 : ROL 3F         : A=3E X=01 Y=F2 SP=?? N=1 V=0 D=0 I=0 Z=0 C=0 : FWA 37-74:B41CCB8D:00:00 = +1.71768647E-04 : FWB CD-03:837F8E2E:00:?? = -1.20762082E-38
A693 : ROL 3E         : A=3E X=01 Y=F2 SP=?? N=1 V=0 D=0 I=0 Z=0 C=0 : FWA 37-74:B41CCB8D:00:00 = +1.71768647E-04 : FWB CD-03:83FE8E2E:00:?? = -1.21217673E-38
A695 : ROL A          : A=7C X=01 Y=F2 SP=?? N=0 V=0 D=0 I=0 Z=0 C=0 : FWA 37-74:B41CCB8D:00:00 = +1.71768647E-04 : FWB CD-03:83FE8E2E:00:?? = -1.21217673E-38
A696 : DEX            : A=7C X=00 Y=F2 SP=?? N=0 V=0 D=0 I=0 Z=1 C=0 : FWA 37-74:B41CCB8D:00:00 = +1.71768647E-04 : FWB CD-03:83FE8E2E:00:?? = -1.21217673E-38
A697 : BNE A65E       : A=7C X=00 Y=F2 SP=?? N=0 V=0 D=0 I=0 Z=1 C=0 : FWA 37-74:B41CCB8D:00:00 = +1.71768647E-04 : FWB CD-03:83FE8E2E:00:?? = -1.21217673E-38
A699 : LDX 3B         : A=7C X=CD Y=F2 SP=?? N=1 V=0 D=0 I=0 Z=0 C=0 : FWA 37-74:B41CCB8D:00:00 = +1.71768647E-04 : FWB CD-03:83FE8E2E:00:?? = -1.21217673E-38
A69B : PHX            : A=7C X=CD Y=F2 SP=?? N=1 V=0 D=0 I=0 Z=0 C=0 : FWA 37-74:B41CCB8D:00:00 = +1.71768647E-04 : FWB CD-03:83FE8E2E:00:?? = -1.21217673E-38
A69C : DEC 3C         : A=7C X=CD Y=F2 SP=?? N=0 V=0 D=0 I=0 Z=0 C=0 : FWA 37-74:B41CCB8D:00:00 = +1.71768647E-04 : FWB CD-02:83FE8E2E:00:?? = -6.06088363E-39
A69E : BNE A65C       : A=7C X=CD Y=F2 SP=?? N=0 V=0 D=0 I=0 Z=0 C=0 : FWA 37-74:B41CCB8D:00:00 = +1.71768647E-04 : FWB CD-02:83FE8E2E:00:?? = -6.06088363E-39
A65C : LDX #08        : A=7C X=08 Y=F2 SP=?? N=0 V=0 D=0 I=0 Z=0 C=0 : FWA 37-74:B41CCB8D:00:00 = +1.71768647E-04 : FWB CD-02:83FE8E2E:00:?? = -6.06088363E-39
A65E : BCS A676       : A=7C X=08 Y=F2 SP=?? N=0 V=0 D=0 I=0 Z=0 C=0 : FWA 37-74:B41CCB8D:00:00 = +1.71768647E-04 : FWB CD-02:83FE8E2E:00:?? = -6.06088363E-39
A660 : CMP 31         : A=7C X=08 Y=F2 SP=?? N=1 V=0 D=0 I=0 Z=0 C=0 : FWA 37-74:B41CCB8D:00:00 = +1.71768647E-04 : FWB CD-02:83FE8E2E:00:?? = -6.06088363E-39
A662 : BNE A674       : A=7C X=08 Y=F2 SP=?? N=1 V=0 D=0 I=0 Z=0 C=0 : FWA 37-74:B41CCB8D:00:00 = +1.71768647E-04 : FWB CD-02:83FE8E2E:00:?? = -6.06088363E-39
A674 : BCC A68D       : A=7C X=08 Y=F2 SP=?? N=1 V=0 D=0 I=0 Z=0 C=0 : FWA 37-74:B41CCB8D:00:00 = +1.71768647E-04 : FWB CD-02:83FE8E2E:00:?? = -6.06088363E-39
A68D : ROL 3B         : A=7C X=08 Y=F2 SP=?? N=1 V=0 D=0 I=0 Z=0 C=1 : FWA 37-74:B41CCB8D:00:00 = +1.71768647E-04 : FWB 9A-02:83FE8E2E:00:?? = -6.06088363E-39
A68F : ASL 40         : A=7C X=08 Y=F2 SP=?? N=0 V=0 D=0 I=0 Z=0 C=0 : FWA 37-74:B41CCB8D:00:00 = +1.71768647E-04 : FWB 9A-02:83FE8E5C:00:?? = -6.06088376E-39
A691 : ROL 3F         : A=7C X=08 Y=F2 SP=?? N=0 V=0 D=0 I=0 Z=0 C=1 : FWA 37-74:B41CCB8D:00:00 = +1.71768647E-04 : FWB 9A-02:83FE1C5C:00:?? = -6.06080388E-39
A693 : ROL 3E         : A=7C X=08 Y=F2 SP=?? N=1 V=0 D=0 I=0 Z=0 C=1 : FWA 37-74:B41CCB8D:00:00 = +1.71768647E-04 : FWB 9A-02:83FD1C5C:00:?? = -6.06062452E-39
A695 : ROL A          : A=F9 X=08 Y=F2 SP=?? N=1 V=0 D=0 I=0 Z=0 C=0 : FWA 37-74:B41CCB8D:00:00 = +1.71768647E-04 : FWB 9A-02:83FD1C5C:00:?? = -6.06062452E-39
A696 : DEX            : A=F9 X=07 Y=F2 SP=?? N=0 V=0 D=0 I=0 Z=0 C=0 : FWA 37-74:B41CCB8D:00:00 = +1.71768647E-04 : FWB 9A-02:83FD1C5C:00:?? = -6.06062452E-39
A697 : BNE A65E       : A=F9 X=07 Y=F2 SP=?? N=0 V=0 D=0 I=0 Z=0 C=0 : FWA 37-74:B41CCB8D:00:00 = +1.71768647E-04 : FWB 9A-02:83FD1C5C:00:?? = -6.06062452E-39
A65E : BCS A676       : A=F9 X=07 Y=F2 SP=?? N=0 V=0 D=0 I=0 Z=0 C=0 : FWA 37-74:B41CCB8D:00:00 = +1.71768647E-04 : FWB 9A-02:83FD1C5C:00:?? = -6.06062452E-39
A660 : CMP 31         : A=F9 X=07 Y=F2 SP=?? N=0 V=0 D=0 I=0 Z=0 C=1 : FWA 37-74:B41CCB8D:00:00 = +1.71768647E-04 : FWB 9A-02:83FD1C5C:00:?? = -6.06062452E-39
A662 : BNE A674       : A=F9 X=07 Y=F2 SP=?? N=0 V=0 D=0 I=0 Z=0 C=1 : FWA 37-74:B41CCB8D:00:00 = +1.71768647E-04 : FWB 9A-02:83FD1C5C:00:?? = -6.06062452E-39
A674 : BCC A68D       : A=F9 X=07 Y=F2 SP=?? N=0 V=0 D=0 I=0 Z=0 C=1 : FWA 37-74:B41CCB8D:00:00 = +1.71768647E-04 : FWB 9A-02:83FD1C5C:00:?? = -6.06062452E-39
A676 : TAY            : A=F9 X=07 Y=F9 SP=?? N=1 V=0 D=0 I=0 Z=0 C=1 : FWA 37-74:B41CCB8D:00:00 = +1.71768647E-04 : FWB 9A-02:83FD1C5C:00:?? = -6.06062452E-39
A677 : LDA 40         : A=5C X=07 Y=F9 SP=?? N=0 V=0 D=0 I=0 Z=0 C=1 : FWA 37-74:B41CCB8D:00:00 = +1.71768647E-04 : FWB 9A-02:83FD1C5C:00:?? = -6.06062452E-39
A679 : SBC 34         : A=CF X=07 Y=F9 SP=?? N=1 V=1 D=0 I=0 Z=0 C=0 : FWA 37-74:B41CCB8D:00:00 = +1.71768647E-04 : FWB 9A-02:83FD1C5C:00:?? = -6.06062452E-39
A67B : STA 40         : A=CF X=07 Y=F9 SP=?? N=1 V=1 D=0 I=0 Z=0 C=0 : FWA 37-74:B41CCB8D:00:00 = +1.71768647E-04 : FWB 9A-02:83FD1CCF:00:?? = -6.06062483E-39
A67D : LDA 3F         : A=1C X=07 Y=F9 SP=?? N=0 V=1 D=0 I=0 Z=0 C=0 : FWA 37-74:B41CCB8D:00:00 = +1.71768647E-04 : FWB 9A-02:83FD1CCF:00:?? = -6.06062483E-39
A67F : SBC 33         : A=50 X=07 Y=F9 SP=?? N=0 V=0 D=0 I=0 Z=0 C=0 : FWA 37-74:B41CCB8D:00:00 = +1.71768647E-04 : FWB 9A-02:83FD1CCF:00:?? = -6.06062483E-39
A681 : STA 3F         : A=50 X=07 Y=F9 SP=?? N=0 V=0 D=0 I=0 Z=0 C=0 : FWA 37-74:B41CCB8D:00:00 = +1.71768647E-04 : FWB 9A-02:83FD50CF:00:?? = -6.06066127E-39
A683 : LDA 3E         : A=FD X=07 Y=F9 SP=?? N=1 V=0 D=0 I=0 Z=0 C=0 : FWA 37-74:B41CCB8D:00:00 = +1.71768647E-04 : FWB 9A-02:83FD50CF:00:?? = -6.06066127E-39
A685 : SBC 32         : A=E0 X=07 Y=F9 SP=?? N=1 V=0 D=0 I=0 Z=0 C=1 : FWA 37-74:B41CCB8D:00:00 = +1.71768647E-04 : FWB 9A-02:83FD50CF:00:?? = -6.06066127E-39
A687 : STA 3E         : A=E0 X=07 Y=F9 SP=?? N=1 V=0 D=0 I=0 Z=0 C=1 : FWA 37-74:B41CCB8D:00:00 = +1.71768647E-04 : FWB 9A-02:83E050CF:00:?? = -6.05545965E-39
A689 : TYA            : A=F9 X=07 Y=F9 SP=?? N=1 V=0 D=0 I=0 Z=0 C=1 : FWA 37-74:B41CCB8D:00:00 = +1.71768647E-04 : FWB 9A-02:83E050CF:00:?? = -6.05545965E-39
A68A : SBC 31         : A=45 X=07 Y=F9 SP=?? N=0 V=0 D=0 I=0 Z=0 C=1 : FWA 37-74:B41CCB8D:00:00 = +1.71768647E-04 : FWB 9A-02:83E050CF:00:?? = -6.05545965E-39
A68C : SEC            : A=45 X=07 Y=F9 SP=?? N=0 V=0 D=0 I=0 Z=0 C=1 : FWA 37-74:B41CCB8D:00:00 = +1.71768647E-04 : FWB 9A-02:83E050CF:00:?? = -6.05545965E-39
A68D : ROL 3B         : A=45 X=07 Y=F9 SP=?? N=0 V=0 D=0 I=0 Z=0 C=1 : FWA 37-74:B41CCB8D:00:00 = +1.71768647E-04 : FWB 35-02:83E050CF:00:?? = +6.05545965E-39
A68F : ASL 40         : A=45 X=07 Y=F9 SP=?? N=1 V=0 D=0 I=0 Z=0 C=1 : FWA 37-74:B41CCB8D:00:00 = +1.71768647E-04 : FWB 35-02:83E0509E:00:?? = +6.05545951E-39
A691 : ROL 3F         : A=45 X=07 Y=F9 SP=?? N=1 V=0 D=0 I=0 Z=0 C=0 : FWA 37-74:B41CCB8D:00:00 = +1.71768647E-04 : FWB 35-02:83E0A19E:00:?? = +6.05551626E-39
A693 : ROL 3E         : A=45 X=07 Y=F9 SP=?? N=1 V=0 D=0 I=0 Z=0 C=1 : FWA 37-74:B41CCB8D:00:00 = +1.71768647E-04 : FWB 35-02:83C0A19E:00:?? = +6.04977655E-39
A695 : ROL A          : A=8B X=07 Y=F9 SP=?? N=1 V=0 D=0 I=0 Z=0 C=0 : FWA 37-74:B41CCB8D:00:00 = +1.71768647E-04 : FWB 35-02:83C0A19E:00:?? = +6.04977655E-39
A696 : DEX            : A=8B X=06 Y=F9 SP=?? N=0 V=0 D=0 I=0 Z=0 C=0 : FWA 37-74:B41CCB8D:00:00 = +1.71768647E-04 : FWB 35-02:83C0A19E:00:?? = +6.04977655E-39
A697 : BNE A65E       : A=8B X=06 Y=F9 SP=?? N=0 V=0 D=0 I=0 Z=0 C=0 : FWA 37-74:B41CCB8D:00:00 = +1.71768647E-04 : FWB 35-02:83C0A19E:00:?? = +6.04977655E-39
A65E : BCS A676       : A=8B X=06 Y=F9 SP=?? N=0 V=0 D=0 I=0 Z=0 C=0 : FWA 37-74:B41CCB8D:00:00 = +1.71768647E-04 : FWB 35-02:83C0A19E:00:?? = +6.04977655E-39
A660 : CMP 31         : A=8B X=06 Y=F9 SP=?? N=1 V=0 D=0 I=0 Z=0 C=0 : FWA 37-74:B41CCB8D:00:00 = +1.71768647E-04 : FWB 35-02:83C0A19E:00:?? = +6.04977655E-39
A662 : BNE A674       : A=8B X=06 Y=F9 SP=?? N=1 V=0 D=0 I=0 Z=0 C=0 : FWA 37-74:B41CCB8D:00:00 = +1.71768647E-04 : FWB 35-02:83C0A19E:00:?? = +6.04977655E-39
A674 : BCC A68D       : A=8B X=06 Y=F9 SP=?? N=1 V=0 D=0 I=0 Z=0 C=0 : FWA 37-74:B41CCB8D:00:00 = +1.71768647E-04 : FWB 35-02:83C0A19E:00:?? = +6.04977655E-39
A68D : ROL 3B         : A=8B X=06 Y=F9 SP=?? N=0 V=0 D=0 I=0 Z=0 C=0 : FWA 37-74:B41CCB8D:00:00 = +1.71768647E-04 : FWB 6A-02:83C0A19E:00:?? = +6.04977655E-39
A68F : ASL 40         : A=8B X=06 Y=F9 SP=?? N=0 V=0 D=0 I=0 Z=0 C=1 : FWA 37-74:B41CCB8D:00:00 = +1.71768647E-04 : FWB 6A-02:83C0A13C:00:?? = +6.04977628E-39
A691 : ROL 3F         : A=8B X=06 Y=F9 SP=?? N=0 V=0 D=0 I=0 Z=0 C=1 : FWA 37-74:B41CCB8D:00:00 = +1.71768647E-04 : FWB 6A-02:83C0433C:00:?? = +6.04971042E-39
A693 : ROL 3E         : A=8B X=06 Y=F9 SP=?? N=1 V=0 D=0 I=0 Z=0 C=1 : FWA 37-74:B41CCB8D:00:00 = +1.71768647E-04 : FWB 6A-02:8381433C:00:?? = +6.03841035E-39
A695 : ROL A          : A=17 X=06 Y=F9 SP=?? N=0 V=0 D=0 I=0 Z=0 C=1 : FWA 37-74:B41CCB8D:00:00 = +1.71768647E-04 : FWB 6A-02:8381433C:00:?? = +6.03841035E-39
A696 : DEX            : A=17 X=05 Y=F9 SP=?? N=0 V=0 D=0 I=0 Z=0 C=1 : FWA 37-74:B41CCB8D:00:00 = +1.71768647E-04 : FWB 6A-02:8381433C:00:?? = +6.03841035E-39
A697 : BNE A65E       : A=17 X=05 Y=F9 SP=?? N=0 V=0 D=0 I=0 Z=0 C=1 : FWA 37-74:B41CCB8D:00:00 = +1.71768647E-04 : FWB 6A-02:8381433C:00:?? = +6.03841035E-39
A65E : BCS A676       : A=17 X=05 Y=F9 SP=?? N=0 V=0 D=0 I=0 Z=0 C=1 : FWA 37-74:B41CCB8D:00:00 = +1.71768647E-04 : FWB 6A-02:8381433C:00:?? = +6.03841035E-39
A676 : TAY            : A=17 X=05 Y=17 SP=?? N=0 V=0 D=0 I=0 Z=0 C=1 : FWA 37-74:B41CCB8D:00:00 = +1.71768647E-04 : FWB 6A-02:8381433C:00:?? = +6.03841035E-39
A677 : LDA 40         : A=3C X=05 Y=17 SP=?? N=0 V=0 D=0 I=0 Z=0 C=1 : FWA 37-74:B41CCB8D:00:00 = +1.71768647E-04 : FWB 6A-02:8381433C:00:?? = +6.03841035E-39
A679 : SBC 34         : A=AF X=05 Y=17 SP=?? N=1 V=1 D=0 I=0 Z=0 C=0 : FWA 37-74:B41CCB8D:00:00 = +1.71768647E-04 : FWB 6A-02:8381433C:00:?? = +6.03841035E-39
A67B : STA 40         : A=AF X=05 Y=17 SP=?? N=1 V=1 D=0 I=0 Z=0 C=0 : FWA 37-74:B41CCB8D:00:00 = +1.71768647E-04 : FWB 6A-02:838143AF:00:?? = +6.03841066E-39
A67D : LDA 3F         : A=43 X=05 Y=17 SP=?? N=0 V=1 D=0 I=0 Z=0 C=0 : FWA 37-74:B41CCB8D:00:00 = +1.71768647E-04 : FWB 6A-02:838143AF:00:?? = +6.03841066E-39
A67F : SBC 33         : A=77 X=05 Y=17 SP=?? N=0 V=0 D=0 I=0 Z=0 C=0 : FWA 37-74:B41CCB8D:00:00 = +1.71768647E-04 : FWB 6A-02:838143AF:00:?? = +6.03841066E-39
A681 : STA 3F         : A=77 X=05 Y=17 SP=?? N=0 V=0 D=0 I=0 Z=0 C=0 : FWA 37-74:B41CCB8D:00:00 = +1.71768647E-04 : FWB 6A-02:838177AF:00:?? = +6.03844709E-39
A683 : LDA 3E         : A=81 X=05 Y=17 SP=?? N=1 V=0 D=0 I=0 Z=0 C=0 : FWA 37-74:B41CCB8D:00:00 = +1.71768647E-04 : FWB 6A-02:838177AF:00:?? = +6.03844709E-39
A685 : SBC 32         : A=64 X=05 Y=17 SP=?? N=0 V=1 D=0 I=0 Z=0 C=1 : FWA 37-74:B41CCB8D:00:00 = +1.71768647E-04 : FWB 6A-02:838177AF:00:?? = +6.03844709E-39
A687 : STA 3E         : A=64 X=05 Y=17 SP=?? N=0 V=1 D=0 I=0 Z=0 C=1 : FWA 37-74:B41CCB8D:00:00 = +1.71768647E-04 : FWB 6A-02:836477AF:00:?? = +6.03324547E-39
A689 : TYA            : A=17 X=05 Y=17 SP=?? N=0 V=1 D=0 I=0 Z=0 C=1 : FWA 37-74:B41CCB8D:00:00 = +1.71768647E-04 : FWB 6A-02:836477AF:00:?? = +6.03324547E-39
A68A : SBC 31         : A=63 X=05 Y=17 SP=?? N=0 V=0 D=0 I=0 Z=0 C=0 : FWA 37-74:B41CCB8D:00:00 = +1.71768647E-04 : FWB 6A-02:836477AF:00:?? = +6.03324547E-39
A68C : SEC            : A=63 X=05 Y=17 SP=?? N=0 V=0 D=0 I=0 Z=0 C=1 : FWA 37-74:B41CCB8D:00:00 = +1.71768647E-04 : FWB 6A-02:836477AF:00:?? = +6.03324547E-39
A68D : ROL 3B         : A=63 X=05 Y=17 SP=?? N=1 V=0 D=0 I=0 Z=0 C=0 : FWA 37-74:B41CCB8D:00:00 = +1.71768647E-04 : FWB D5-02:836477AF:00:?? = -6.03324547E-39
A68F : ASL 40         : A=63 X=05 Y=17 SP=?? N=0 V=0 D=0 I=0 Z=0 C=1 : FWA 37-74:B41CCB8D:00:00 = +1.71768647E-04 : FWB D5-02:8364775E:00:?? = -6.03324525E-39
A691 : ROL 3F         : A=63 X=05 Y=17 SP=?? N=1 V=0 D=0 I=0 Z=0 C=0 : FWA 37-74:B41CCB8D:00:00 = +1.71768647E-04 : FWB D5-02:8364EF5E:00:?? = -6.03332933E-39
A693 : ROL 3E         : A=63 X=05 Y=17 SP=?? N=1 V=0 D=0 I=0 Z=0 C=0 : FWA 37-74:B41CCB8D:00:00 = +1.71768647E-04 : FWB D5-02:83C8EF5E:00:?? = -6.05126595E-39
A695 : ROL A          : A=C6 X=05 Y=17 SP=?? N=1 V=0 D=0 I=0 Z=0 C=0 : FWA 37-74:B41CCB8D:00:00 = +1.71768647E-04 : FWB D5-02:83C8EF5E:00:?? = -6.05126595E-39
A696 : DEX            : A=C6 X=04 Y=17 SP=?? N=0 V=0 D=0 I=0 Z=0 C=0 : FWA 37-74:B41CCB8D:00:00 = +1.71768647E-04 : FWB D5-02:83C8EF5E:00:?? = -6.05126595E-39
A697 : BNE A65E       : A=C6 X=04 Y=17 SP=?? N=0 V=0 D=0 I=0 Z=0 C=0 : FWA 37-74:B41CCB8D:00:00 = +1.71768647E-04 : FWB D5-02:83C8EF5E:00:?? = -6.05126595E-39
A65E : BCS A676       : A=C6 X=04 Y=17 SP=?? N=0 V=0 D=0 I=0 Z=0 C=0 : FWA 37-74:B41CCB8D:00:00 = +1.71768647E-04 : FWB D5-02:83C8EF5E:00:?? = -6.05126595E-39
A660 : CMP 31         : A=C6 X=04 Y=17 SP=?? N=0 V=0 D=0 I=0 Z=0 C=1 : FWA 37-74:B41CCB8D:00:00 = +1.71768647E-04 : FWB D5-02:83C8EF5E:00:?? = -6.05126595E-39
A662 : BNE A674       : A=C6 X=04 Y=17 SP=?? N=0 V=0 D=0 I=0 Z=0 C=1 : FWA 37-74:B41CCB8D:00:00 = +1.71768647E-04 : FWB D5-02:83C8EF5E:00:?? = -6.05126595E-39
A674 : BCC A68D       : A=C6 X=04 Y=17 SP=?? N=0 V=0 D=0 I=0 Z=0 C=1 : FWA 37-74:B41CCB8D:00:00 = +1.71768647E-04 : FWB D5-02:83C8EF5E:00:?? = -6.05126595E-39
A676 : TAY            : A=C6 X=04 Y=C6 SP=?? N=1 V=0 D=0 I=0 Z=0 C=1 : FWA 37-74:B41CCB8D:00:00 = +1.71768647E-04 : FWB D5-02:83C8EF5E:00:?? = -6.05126595E-39
A677 : LDA 40         : A=5E X=04 Y=C6 SP=?? N=0 V=0 D=0 I=0 Z=0 C=1 : FWA 37-74:B41CCB8D:00:00 = +1.71768647E-04 : FWB D5-02:83C8EF5E:00:?? = -6.05126595E-39
A679 : SBC 34         : A=D1 X=04 Y=C6 SP=?? N=1 V=1 D=0 I=0 Z=0 C=0 : FWA 37-74:B41CCB8D:00:00 = +1.71768647E-04 : FWB D5-02:83C8EF5E:00:?? = -6.05126595E-39
A67B : STA 40         : A=D1 X=04 Y=C6 SP=?? N=1 V=1 D=0 I=0 Z=0 C=0 : FWA 37-74:B41CCB8D:00:00 = +1.71768647E-04 : FWB D5-02:83C8EFD1:00:?? = -6.05126627E-39
A67D : LDA 3F         : A=EF X=04 Y=C6 SP=?? N=1 V=1 D=0 I=0 Z=0 C=0 : FWA 37-74:B41CCB8D:00:00 = +1.71768647E-04 : FWB D5-02:83C8EFD1:00:?? = -6.05126627E-39
A67F : SBC 33         : A=23 X=04 Y=C6 SP=?? N=0 V=0 D=0 I=0 Z=0 C=1 : FWA 37-74:B41CCB8D:00:00 = +1.71768647E-04 : FWB D5-02:83C8EFD1:00:?? = -6.05126627E-39
A681 : STA 3F         : A=23 X=04 Y=C6 SP=?? N=0 V=0 D=0 I=0 Z=0 C=1 : FWA 37-74:B41CCB8D:00:00 = +1.71768647E-04 : FWB D5-02:83C823D1:00:?? = -6.05112333E-39
A683 : LDA 3E         : A=C8 X=04 Y=C6 SP=?? N=1 V=0 D=0 I=0 Z=0 C=1 : FWA 37-74:B41CCB8D:00:00 = +1.71768647E-04 : FWB D5-02:83C823D1:00:?? = -6.05112333E-39
A685 : SBC 32         : A=AC X=04 Y=C6 SP=?? N=1 V=0 D=0 I=0 Z=0 C=1 : FWA 37-74:B41CCB8D:00:00 = +1.71768647E-04 : FWB D5-02:83C823D1:00:?? = -6.05112333E-39
A687 : STA 3E         : A=AC X=04 Y=C6 SP=?? N=1 V=0 D=0 I=0 Z=0 C=1 : FWA 37-74:B41CCB8D:00:00 = +1.71768647E-04 : FWB D5-02:83AC23D1:00:?? = -6.04610108E-39
A689 : TYA            : A=C6 X=04 Y=C6 SP=?? N=1 V=0 D=0 I=0 Z=0 C=1 : FWA 37-74:B41CCB8D:00:00 = +1.71768647E-04 : FWB D5-02:83AC23D1:00:?? = -6.04610108E-39
A68A : SBC 31         : A=12 X=04 Y=C6 SP=?? N=0 V=0 D=0 I=0 Z=0 C=1 : FWA 37-74:B41CCB8D:00:00 = +1.71768647E-04 : FWB D5-02:83AC23D1:00:?? = -6.04610108E-39
A68C : SEC            : A=12 X=04 Y=C6 SP=?? N=0 V=0 D=0 I=0 Z=0 C=1 : FWA 37-74:B41CCB8D:00:00 = +1.71768647E-04 : FWB D5-02:83AC23D1:00:?? = -6.04610108E-39
A68D : ROL 3B         : A=12 X=04 Y=C6 SP=?? N=1 V=0 D=0 I=0 Z=0 C=1 : FWA 37-74:B41CCB8D:00:00 = +1.71768647E-04 : FWB AB-02:83AC23D1:00:?? = -6.04610108E-39
A68F : ASL 40         : A=12 X=04 Y=C6 SP=?? N=1 V=0 D=0 I=0 Z=0 C=1 : FWA 37-74:B41CCB8D:00:00 = +1.71768647E-04 : FWB AB-02:83AC23A2:00:?? = -6.04610095E-39
A691 : ROL 3F         : A=12 X=04 Y=C6 SP=?? N=0 V=0 D=0 I=0 Z=0 C=0 : FWA 37-74:B41CCB8D:00:00 = +1.71768647E-04 : FWB AB-02:83AC47A2:00:?? = -6.04612617E-39
A693 : ROL 3E         : A=12 X=04 Y=C6 SP=?? N=0 V=0 D=0 I=0 Z=0 C=1 : FWA 37-74:B41CCB8D:00:00 = +1.71768647E-04 : FWB AB-02:835847A2:00:?? = -6.03105941E-39
A695 : ROL A          : A=25 X=04 Y=C6 SP=?? N=0 V=0 D=0 I=0 Z=0 C=0 : FWA 37-74:B41CCB8D:00:00 = +1.71768647E-04 : FWB AB-02:835847A2:00:?? = -6.03105941E-39
A696 : DEX            : A=25 X=03 Y=C6 SP=?? N=0 V=0 D=0 I=0 Z=0 C=0 : FWA 37-74:B41CCB8D:00:00 = +1.71768647E-04 : FWB AB-02:835847A2:00:?? = -6.03105941E-39
A697 : BNE A65E       : A=25 X=03 Y=C6 SP=?? N=0 V=0 D=0 I=0 Z=0 C=0 : FWA 37-74:B41CCB8D:00:00 = +1.71768647E-04 : FWB AB-02:835847A2:00:?? = -6.03105941E-39
A65E : BCS A676       : A=25 X=03 Y=C6 SP=?? N=0 V=0 D=0 I=0 Z=0 C=0 : FWA 37-74:B41CCB8D:00:00 = +1.71768647E-04 : FWB AB-02:835847A2:00:?? = -6.03105941E-39
A660 : CMP 31         : A=25 X=03 Y=C6 SP=?? N=0 V=0 D=0 I=0 Z=0 C=0 : FWA 37-74:B41CCB8D:00:00 = +1.71768647E-04 : FWB AB-02:835847A2:00:?? = -6.03105941E-39
A662 : BNE A674       : A=25 X=03 Y=C6 SP=?? N=0 V=0 D=0 I=0 Z=0 C=0 : FWA 37-74:B41CCB8D:00:00 = +1.71768647E-04 : FWB AB-02:835847A2:00:?? = -6.03105941E-39
A674 : BCC A68D       : A=25 X=03 Y=C6 SP=?? N=0 V=0 D=0 I=0 Z=0 C=0 : FWA 37-74:B41CCB8D:00:00 = +1.71768647E-04 : FWB AB-02:835847A2:00:?? = -6.03105941E-39
A68D : ROL 3B         : A=25 X=03 Y=C6 SP=?? N=0 V=0 D=0 I=0 Z=0 C=1 : FWA 37-74:B41CCB8D:00:00 = +1.71768647E-04 : FWB 56-02:835847A2:00:?? = +6.03105941E-39
A68F : ASL 40         : A=25 X=03 Y=C6 SP=?? N=0 V=0 D=0 I=0 Z=0 C=1 : FWA 37-74:B41CCB8D:00:00 = +1.71768647E-04 : FWB 56-02:83584744:00:?? = +6.03105916E-39
A691 : ROL 3F         : A=25 X=03 Y=C6 SP=?? N=1 V=0 D=0 I=0 Z=0 C=0 : FWA 37-74:B41CCB8D:00:00 = +1.71768647E-04 : FWB 56-02:83588F44:00:?? = +6.03110960E-39
A693 : ROL 3E         : A=25 X=03 Y=C6 SP=?? N=1 V=0 D=0 I=0 Z=0 C=0 : FWA 37-74:B41CCB8D:00:00 = +1.71768647E-04 : FWB 56-02:83B08F44:00:?? = +6.04689383E-39
A695 : ROL A          : A=4A X=03 Y=C6 SP=?? N=0 V=0 D=0 I=0 Z=0 C=0 : FWA 37-74:B41CCB8D:00:00 = +1.71768647E-04 : FWB 56-02:83B08F44:00:?? = +6.04689383E-39
A696 : DEX            : A=4A X=02 Y=C6 SP=?? N=0 V=0 D=0 I=0 Z=0 C=0 : FWA 37-74:B41CCB8D:00:00 = +1.71768647E-04 : FWB 56-02:83B08F44:00:?? = +6.04689383E-39
A697 : BNE A65E       : A=4A X=02 Y=C6 SP=?? N=0 V=0 D=0 I=0 Z=0 C=0 : FWA 37-74:B41CCB8D:00:00 = +1.71768647E-04 : FWB 56-02:83B08F44:00:?? = +6.04689383E-39
A65E : BCS A676       : A=4A X=02 Y=C6 SP=?? N=0 V=0 D=0 I=0 Z=0 C=0 : FWA 37-74:B41CCB8D:00:00 = +1.71768647E-04 : FWB 56-02:83B08F44:00:?? = +6.04689383E-39
A660 : CMP 31         : A=4A X=02 Y=C6 SP=?? N=1 V=0 D=0 I=0 Z=0 C=0 : FWA 37-74:B41CCB8D:00:00 = +1.71768647E-04 : FWB 56-02:83B08F44:00:?? = +6.04689383E-39
A662 : BNE A674       : A=4A X=02 Y=C6 SP=?? N=1 V=0 D=0 I=0 Z=0 C=0 : FWA 37-74:B41CCB8D:00:00 = +1.71768647E-04 : FWB 56-02:83B08F44:00:?? = +6.04689383E-39
A674 : BCC A68D       : A=4A X=02 Y=C6 SP=?? N=1 V=0 D=0 I=0 Z=0 C=0 : FWA 37-74:B41CCB8D:00:00 = +1.71768647E-04 : FWB 56-02:83B08F44:00:?? = +6.04689383E-39
A68D : ROL 3B         : A=4A X=02 Y=C6 SP=?? N=1 V=0 D=0 I=0 Z=0 C=0 : FWA 37-74:B41CCB8D:00:00 = +1.71768647E-04 : FWB AC-02:83B08F44:00:?? = -6.04689383E-39
A68F : ASL 40         : A=4A X=02 Y=C6 SP=?? N=1 V=0 D=0 I=0 Z=0 C=0 : FWA 37-74:B41CCB8D:00:00 = +1.71768647E-04 : FWB AC-02:83B08F88:00:?? = -6.04689402E-39
A691 : ROL 3F         : A=4A X=02 Y=C6 SP=?? N=0 V=0 D=0 I=0 Z=0 C=1 : FWA 37-74:B41CCB8D:00:00 = +1.71768647E-04 : FWB AC-02:83B01E88:00:?? = -6.04681484E-39
A693 : ROL 3E         : A=4A X=02 Y=C6 SP=?? N=0 V=0 D=0 I=0 Z=0 C=1 : FWA 37-74:B41CCB8D:00:00 = +1.71768647E-04 : FWB AC-02:83611E88:00:?? = -6.03264491E-39
A695 : ROL A          : A=95 X=02 Y=C6 SP=?? N=1 V=0 D=0 I=0 Z=0 C=0 : FWA 37-74:B41CCB8D:00:00 = +1.71768647E-04 : FWB AC-02:83611E88:00:?? = -6.03264491E-39
A696 : DEX            : A=95 X=01 Y=C6 SP=?? N=0 V=0 D=0 I=0 Z=0 C=0 : FWA 37-74:B41CCB8D:00:00 = +1.71768647E-04 : FWB AC-02:83611E88:00:?? = -6.03264491E-39
A697 : BNE A65E       : A=95 X=01 Y=C6 SP=?? N=0 V=0 D=0 I=0 Z=0 C=0 : FWA 37-74:B41CCB8D:00:00 = +1.71768647E-04 : FWB AC-02:83611E88:00:?? = -6.03264491E-39
A65E : BCS A676       : A=95 X=01 Y=C6 SP=?? N=0 V=0 D=0 I=0 Z=0 C=0 : FWA 37-74:B41CCB8D:00:00 = +1.71768647E-04 : FWB AC-02:83611E88:00:?? = -6.03264491E-39
A660 : CMP 31         : A=95 X=01 Y=C6 SP=?? N=1 V=0 D=0 I=0 Z=0 C=0 : FWA 37-74:B41CCB8D:00:00 = +1.71768647E-04 : FWB AC-02:83611E88:00:?? = -6.03264491E-39
A662 : BNE A674       : A=95 X=01 Y=C6 SP=?? N=1 V=0 D=0 I=0 Z=0 C=0 : FWA 37-74:B41CCB8D:00:00 = +1.71768647E-04 : FWB AC-02:83611E88:00:?? = -6.03264491E-39
A674 : BCC A68D       : A=95 X=01 Y=C6 SP=?? N=1 V=0 D=0 I=0 Z=0 C=0 : FWA 37-74:B41CCB8D:00:00 = +1.71768647E-04 : FWB AC-02:83611E88:00:?? = -6.03264491E-39
A68D : ROL 3B         : A=95 X=01 Y=C6 SP=?? N=0 V=0 D=0 I=0 Z=0 C=1 : FWA 37-74:B41CCB8D:00:00 = +1.71768647E-04 : FWB 58-02:83611E88:00:?? = +6.03264491E-39
A68F : ASL 40         : A=95 X=01 Y=C6 SP=?? N=0 V=0 D=0 I=0 Z=0 C=1 : FWA 37-74:B41CCB8D:00:00 = +1.71768647E-04 : FWB 58-02:83611E10:00:?? = +6.03264458E-39
A691 : ROL 3F         : A=95 X=01 Y=C6 SP=?? N=0 V=0 D=0 I=0 Z=0 C=0 : FWA 37-74:B41CCB8D:00:00 = +1.71768647E-04 : FWB 58-02:83613D10:00:?? = +6.03266630E-39
A693 : ROL 3E         : A=95 X=01 Y=C6 SP=?? N=1 V=0 D=0 I=0 Z=0 C=0 : FWA 37-74:B41CCB8D:00:00 = +1.71768647E-04 : FWB 58-02:83C23D10:00:?? = +6.05006483E-39
A695 : ROL A          : A=2A X=01 Y=C6 SP=?? N=0 V=0 D=0 I=0 Z=0 C=1 : FWA 37-74:B41CCB8D:00:00 = +1.71768647E-04 : FWB 58-02:83C23D10:00:?? = +6.05006483E-39
A696 : DEX            : A=2A X=00 Y=C6 SP=?? N=0 V=0 D=0 I=0 Z=1 C=1 : FWA 37-74:B41CCB8D:00:00 = +1.71768647E-04 : FWB 58-02:83C23D10:00:?? = +6.05006483E-39
A697 : BNE A65E       : A=2A X=00 Y=C6 SP=?? N=0 V=0 D=0 I=0 Z=1 C=1 : FWA 37-74:B41CCB8D:00:00 = +1.71768647E-04 : FWB 58-02:83C23D10:00:?? = +6.05006483E-39
A699 : LDX 3B         : A=2A X=58 Y=C6 SP=?? N=0 V=0 D=0 I=0 Z=0 C=1 : FWA 37-74:B41CCB8D:00:00 = +1.71768647E-04 : FWB 58-02:83C23D10:00:?? = +6.05006483E-39
A69B : PHX            : A=2A X=58 Y=C6 SP=?? N=0 V=0 D=0 I=0 Z=0 C=1 : FWA 37-74:B41CCB8D:00:00 = +1.71768647E-04 : FWB 58-02:83C23D10:00:?? = +6.05006483E-39
A69C : DEC 3C         : A=2A X=58 Y=C6 SP=?? N=0 V=0 D=0 I=0 Z=0 C=1 : FWA 37-74:B41CCB8D:00:00 = +1.71768647E-04 : FWB 58-01:83C23D10:00:?? = +3.02503241E-39
A69E : BNE A65C       : A=2A X=58 Y=C6 SP=?? N=0 V=0 D=0 I=0 Z=0 C=1 : FWA 37-74:B41CCB8D:00:00 = +1.71768647E-04 : FWB 58-01:83C23D10:00:?? = +3.02503241E-39
A65C : LDX #08        : A=2A X=08 Y=C6 SP=?? N=0 V=0 D=0 I=0 Z=0 C=1 : FWA 37-74:B41CCB8D:00:00 = +1.71768647E-04 : FWB 58-01:83C23D10:00:?? = +3.02503241E-39
A65E : BCS A676       : A=2A X=08 Y=C6 SP=?? N=0 V=0 D=0 I=0 Z=0 C=1 : FWA 37-74:B41CCB8D:00:00 = +1.71768647E-04 : FWB 58-01:83C23D10:00:?? = +3.02503241E-39
A676 : TAY            : A=2A X=08 Y=2A SP=?? N=0 V=0 D=0 I=0 Z=0 C=1 : FWA 37-74:B41CCB8D:00:00 = +1.71768647E-04 : FWB 58-01:83C23D10:00:?? = +3.02503241E-39
A677 : LDA 40         : A=10 X=08 Y=2A SP=?? N=0 V=0 D=0 I=0 Z=0 C=1 : FWA 37-74:B41CCB8D:00:00 = +1.71768647E-04 : FWB 58-01:83C23D10:00:?? = +3.02503241E-39
A679 : SBC 34         : A=83 X=08 Y=2A SP=?? N=1 V=1 D=0 I=0 Z=0 C=0 : FWA 37-74:B41CCB8D:00:00 = +1.71768647E-04 : FWB 58-01:83C23D10:00:?? = +3.02503241E-39
A67B : STA 40         : A=83 X=08 Y=2A SP=?? N=1 V=1 D=0 I=0 Z=0 C=0 : FWA 37-74:B41CCB8D:00:00 = +1.71768647E-04 : FWB 58-01:83C23D83:00:?? = +3.02503257E-39
A67D : LDA 3F         : A=3D X=08 Y=2A SP=?? N=0 V=1 D=0 I=0 Z=0 C=0 : FWA 37-74:B41CCB8D:00:00 = +1.71768647E-04 : FWB 58-01:83C23D83:00:?? = +3.02503257E-39
A67F : SBC 33         : A=71 X=08 Y=2A SP=?? N=0 V=0 D=0 I=0 Z=0 C=0 : FWA 37-74:B41CCB8D:00:00 = +1.71768647E-04 : FWB 58-01:83C23D83:00:?? = +3.02503257E-39
A681 : STA 3F         : A=71 X=08 Y=2A SP=?? N=0 V=0 D=0 I=0 Z=0 C=0 : FWA 37-74:B41CCB8D:00:00 = +1.71768647E-04 : FWB 58-01:83C27183:00:?? = +3.02505079E-39
A683 : LDA 3E         : A=C2 X=08 Y=2A SP=?? N=1 V=0 D=0 I=0 Z=0 C=0 : FWA 37-74:B41CCB8D:00:00 = +1.71768647E-04 : FWB 58-01:83C27183:00:?? = +3.02505079E-39
A685 : SBC 32         : A=A5 X=08 Y=2A SP=?? N=1 V=0 D=0 I=0 Z=0 C=1 : FWA 37-74:B41CCB8D:00:00 = +1.71768647E-04 : FWB 58-01:83C27183:00:?? = +3.02505079E-39
A687 : STA 3E         : A=A5 X=08 Y=2A SP=?? N=1 V=0 D=0 I=0 Z=0 C=1 : FWA 37-74:B41CCB8D:00:00 = +1.71768647E-04 : FWB 58-01:83A57183:00:?? = +3.02244998E-39
A689 : TYA            : A=2A X=08 Y=2A SP=?? N=0 V=0 D=0 I=0 Z=0 C=1 : FWA 37-74:B41CCB8D:00:00 = +1.71768647E-04 : FWB 58-01:83A57183:00:?? = +3.02244998E-39
A68A : SBC 31         : A=76 X=08 Y=2A SP=?? N=0 V=0 D=0 I=0 Z=0 C=0 : FWA 37-74:B41CCB8D:00:00 = +1.71768647E-04 : FWB 58-01:83A57183:00:?? = +3.02244998E-39
A68C : SEC            : A=76 X=08 Y=2A SP=?? N=0 V=0 D=0 I=0 Z=0 C=1 : FWA 37-74:B41CCB8D:00:00 = +1.71768647E-04 : FWB 58-01:83A57183:00:?? = +3.02244998E-39
A68D : ROL 3B         : A=76 X=08 Y=2A SP=?? N=1 V=0 D=0 I=0 Z=0 C=0 : FWA 37-74:B41CCB8D:00:00 = +1.71768647E-04 : FWB B1-01:83A57183:00:?? = -3.02244998E-39
A68F : ASL 40         : A=76 X=08 Y=2A SP=?? N=0 V=0 D=0 I=0 Z=0 C=1 : FWA 37-74:B41CCB8D:00:00 = +1.71768647E-04 : FWB B1-01:83A57106:00:?? = -3.02244981E-39
A691 : ROL 3F         : A=76 X=08 Y=2A SP=?? N=1 V=0 D=0 I=0 Z=0 C=0 : FWA 37-74:B41CCB8D:00:00 = +1.71768647E-04 : FWB B1-01:83A5E306:00:?? = -3.02248974E-39
A693 : ROL 3E         : A=76 X=08 Y=2A SP=?? N=0 V=0 D=0 I=0 Z=0 C=1 : FWA 37-74:B41CCB8D:00:00 = +1.71768647E-04 : FWB B1-01:834AE306:00:?? = -3.01432858E-39
A695 : ROL A          : A=ED X=08 Y=2A SP=?? N=1 V=0 D=0 I=0 Z=0 C=0 : FWA 37-74:B41CCB8D:00:00 = +1.71768647E-04 : FWB B1-01:834AE306:00:?? = -3.01432858E-39
A696 : DEX            : A=ED X=07 Y=2A SP=?? N=0 V=0 D=0 I=0 Z=0 C=0 : FWA 37-74:B41CCB8D:00:00 = +1.71768647E-04 : FWB B1-01:834AE306:00:?? = -3.01432858E-39
A697 : BNE A65E       : A=ED X=07 Y=2A SP=?? N=0 V=0 D=0 I=0 Z=0 C=0 : FWA 37-74:B41CCB8D:00:00 = +1.71768647E-04 : FWB B1-01:834AE306:00:?? = -3.01432858E-39
A65E : BCS A676       : A=ED X=07 Y=2A SP=?? N=0 V=0 D=0 I=0 Z=0 C=0 : FWA 37-74:B41CCB8D:00:00 = +1.71768647E-04 : FWB B1-01:834AE306:00:?? = -3.01432858E-39
A660 : CMP 31         : A=ED X=07 Y=2A SP=?? N=0 V=0 D=0 I=0 Z=0 C=1 : FWA 37-74:B41CCB8D:00:00 = +1.71768647E-04 : FWB B1-01:834AE306:00:?? = -3.01432858E-39
A662 : BNE A674       : A=ED X=07 Y=2A SP=?? N=0 V=0 D=0 I=0 Z=0 C=1 : FWA 37-74:B41CCB8D:00:00 = +1.71768647E-04 : FWB B1-01:834AE306:00:?? = -3.01432858E-39
A674 : BCC A68D       : A=ED X=07 Y=2A SP=?? N=0 V=0 D=0 I=0 Z=0 C=1 : FWA 37-74:B41CCB8D:00:00 = +1.71768647E-04 : FWB B1-01:834AE306:00:?? = -3.01432858E-39
A676 : TAY            : A=ED X=07 Y=ED SP=?? N=1 V=0 D=0 I=0 Z=0 C=1 : FWA 37-74:B41CCB8D:00:00 = +1.71768647E-04 : FWB B1-01:834AE306:00:?? = -3.01432858E-39
A677 : LDA 40         : A=06 X=07 Y=ED SP=?? N=0 V=0 D=0 I=0 Z=0 C=1 : FWA 37-74:B41CCB8D:00:00 = +1.71768647E-04 : FWB B1-01:834AE306:00:?? = -3.01432858E-39
A679 : SBC 34         : A=79 X=07 Y=ED SP=?? N=0 V=0 D=0 I=0 Z=0 C=0 : FWA 37-74:B41CCB8D:00:00 = +1.71768647E-04 : FWB B1-01:834AE306:00:?? = -3.01432858E-39
A67B : STA 40         : A=79 X=07 Y=ED SP=?? N=0 V=0 D=0 I=0 Z=0 C=0 : FWA 37-74:B41CCB8D:00:00 = +1.71768647E-04 : FWB B1-01:834AE379:00:?? = -3.01432874E-39
A67D : LDA 3F         : A=E3 X=07 Y=ED SP=?? N=1 V=0 D=0 I=0 Z=0 C=0 : FWA 37-74:B41CCB8D:00:00 = +1.71768647E-04 : FWB B1-01:834AE379:00:?? = -3.01432874E-39
A67F : SBC 33         : A=17 X=07 Y=ED SP=?? N=0 V=0 D=0 I=0 Z=0 C=1 : FWA 37-74:B41CCB8D:00:00 = +1.71768647E-04 : FWB B1-01:834AE379:00:?? = -3.01432874E-39
A681 : STA 3F         : A=17 X=07 Y=ED SP=?? N=0 V=0 D=0 I=0 Z=0 C=1 : FWA 37-74:B41CCB8D:00:00 = +1.71768647E-04 : FWB B1-01:834A1779:00:?? = -3.01425727E-39
A683 : LDA 3E         : A=4A X=07 Y=ED SP=?? N=0 V=0 D=0 I=0 Z=0 C=1 : FWA 37-74:B41CCB8D:00:00 = +1.71768647E-04 : FWB B1-01:834A1779:00:?? = -3.01425727E-39
A685 : SBC 32         : A=2E X=07 Y=ED SP=?? N=0 V=0 D=0 I=0 Z=0 C=1 : FWA 37-74:B41CCB8D:00:00 = +1.71768647E-04 : FWB B1-01:834A1779:00:?? = -3.01425727E-39
A687 : STA 3E         : A=2E X=07 Y=ED SP=?? N=0 V=0 D=0 I=0 Z=0 C=1 : FWA 37-74:B41CCB8D:00:00 = +1.71768647E-04 : FWB B1-01:832E1779:00:?? = -3.01174614E-39
A689 : TYA            : A=ED X=07 Y=ED SP=?? N=1 V=0 D=0 I=0 Z=0 C=1 : FWA 37-74:B41CCB8D:00:00 = +1.71768647E-04 : FWB B1-01:832E1779:00:?? = -3.01174614E-39
A68A : SBC 31         : A=39 X=07 Y=ED SP=?? N=0 V=0 D=0 I=0 Z=0 C=1 : FWA 37-74:B41CCB8D:00:00 = +1.71768647E-04 : FWB B1-01:832E1779:00:?? = -3.01174614E-39
A68C : SEC            : A=39 X=07 Y=ED SP=?? N=0 V=0 D=0 I=0 Z=0 C=1 : FWA 37-74:B41CCB8D:00:00 = +1.71768647E-04 : FWB B1-01:832E1779:00:?? = -3.01174614E-39
A68D : ROL 3B         : A=39 X=07 Y=ED SP=?? N=0 V=0 D=0 I=0 Z=0 C=1 : FWA 37-74:B41CCB8D:00:00 = +1.71768647E-04 : FWB 63-01:832E1779:00:?? = +3.01174614E-39
A68F : ASL 40         : A=39 X=07 Y=ED SP=?? N=1 V=0 D=0 I=0 Z=0 C=0 : FWA 37-74:B41CCB8D:00:00 = +1.71768647E-04 : FWB 63-01:832E17F2:00:?? = +3.01174631E-39
A691 : ROL 3F         : A=39 X=07 Y=ED SP=?? N=0 V=0 D=0 I=0 Z=0 C=0 : FWA 37-74:B41CCB8D:00:00 = +1.71768647E-04 : FWB 63-01:832E2EF2:00:?? = +3.01175437E-39
A693 : ROL 3E         : A=39 X=07 Y=ED SP=?? N=0 V=0 D=0 I=0 Z=0 C=0 : FWA 37-74:B41CCB8D:00:00 = +1.71768647E-04 : FWB 63-01:835C2EF2:00:?? = +3.01587979E-39
A695 : ROL A          : A=72 X=07 Y=ED SP=?? N=0 V=0 D=0 I=0 Z=0 C=0 : FWA 37-74:B41CCB8D:00:00 = +1.71768647E-04 : FWB 63-01:835C2EF2:00:?? = +3.01587979E-39
A696 : DEX            : A=72 X=06 Y=ED SP=?? N=0 V=0 D=0 I=0 Z=0 C=0 : FWA 37-74:B41CCB8D:00:00 = +1.71768647E-04 : FWB 63-01:835C2EF2:00:?? = +3.01587979E-39
A697 : BNE A65E       : A=72 X=06 Y=ED SP=?? N=0 V=0 D=0 I=0 Z=0 C=0 : FWA 37-74:B41CCB8D:00:00 = +1.71768647E-04 : FWB 63-01:835C2EF2:00:?? = +3.01587979E-39
A65E : BCS A676       : A=72 X=06 Y=ED SP=?? N=0 V=0 D=0 I=0 Z=0 C=0 : FWA 37-74:B41CCB8D:00:00 = +1.71768647E-04 : FWB 63-01:835C2EF2:00:?? = +3.01587979E-39
A660 : CMP 31         : A=72 X=06 Y=ED SP=?? N=1 V=0 D=0 I=0 Z=0 C=0 : FWA 37-74:B41CCB8D:00:00 = +1.71768647E-04 : FWB 63-01:835C2EF2:00:?? = +3.01587979E-39
A662 : BNE A674       : A=72 X=06 Y=ED SP=?? N=1 V=0 D=0 I=0 Z=0 C=0 : FWA 37-74:B41CCB8D:00:00 = +1.71768647E-04 : FWB 63-01:835C2EF2:00:?? = +3.01587979E-39
A674 : BCC A68D       : A=72 X=06 Y=ED SP=?? N=1 V=0 D=0 I=0 Z=0 C=0 : FWA 37-74:B41CCB8D:00:00 = +1.71768647E-04 : FWB 63-01:835C2EF2:00:?? = +3.01587979E-39
A68D : ROL 3B         : A=72 X=06 Y=ED SP=?? N=1 V=0 D=0 I=0 Z=0 C=0 : FWA 37-74:B41CCB8D:00:00 = +1.71768647E-04 : FWB C6-01:835C2EF2:00:?? = -3.01587979E-39
A68F : ASL 40         : A=72 X=06 Y=ED SP=?? N=1 V=0 D=0 I=0 Z=0 C=1 : FWA 37-74:B41CCB8D:00:00 = +1.71768647E-04 : FWB C6-01:835C2EE4:00:?? = -3.01587977E-39
A691 : ROL 3F         : A=72 X=06 Y=ED SP=?? N=0 V=0 D=0 I=0 Z=0 C=0 : FWA 37-74:B41CCB8D:00:00 = +1.71768647E-04 : FWB C6-01:835C5DE4:00:?? = -3.01589624E-39
A693 : ROL 3E         : A=72 X=06 Y=ED SP=?? N=1 V=0 D=0 I=0 Z=0 C=0 : FWA 37-74:B41CCB8D:00:00 = +1.71768647E-04 : FWB C6-01:83B85DE4:00:?? = -3.02414708E-39
A695 : ROL A          : A=E4 X=06 Y=ED SP=?? N=1 V=0 D=0 I=0 Z=0 C=0 : FWA 37-74:B41CCB8D:00:00 = +1.71768647E-04 : FWB C6-01:83B85DE4:00:?? = -3.02414708E-39
A696 : DEX            : A=E4 X=05 Y=ED SP=?? N=0 V=0 D=0 I=0 Z=0 C=0 : FWA 37-74:B41CCB8D:00:00 = +1.71768647E-04 : FWB C6-01:83B85DE4:00:?? = -3.02414708E-39
A697 : BNE A65E       : A=E4 X=05 Y=ED SP=?? N=0 V=0 D=0 I=0 Z=0 C=0 : FWA 37-74:B41CCB8D:00:00 = +1.71768647E-04 : FWB C6-01:83B85DE4:00:?? = -3.02414708E-39
A65E : BCS A676       : A=E4 X=05 Y=ED SP=?? N=0 V=0 D=0 I=0 Z=0 C=0 : FWA 37-74:B41CCB8D:00:00 = +1.71768647E-04 : FWB C6-01:83B85DE4:00:?? = -3.02414708E-39
A660 : CMP 31         : A=E4 X=05 Y=ED SP=?? N=0 V=0 D=0 I=0 Z=0 C=1 : FWA 37-74:B41CCB8D:00:00 = +1.71768647E-04 : FWB C6-01:83B85DE4:00:?? = -3.02414708E-39
A662 : BNE A674       : A=E4 X=05 Y=ED SP=?? N=0 V=0 D=0 I=0 Z=0 C=1 : FWA 37-74:B41CCB8D:00:00 = +1.71768647E-04 : FWB C6-01:83B85DE4:00:?? = -3.02414708E-39
A674 : BCC A68D       : A=E4 X=05 Y=ED SP=?? N=0 V=0 D=0 I=0 Z=0 C=1 : FWA 37-74:B41CCB8D:00:00 = +1.71768647E-04 : FWB C6-01:83B85DE4:00:?? = -3.02414708E-39
A676 : TAY            : A=E4 X=05 Y=E4 SP=?? N=1 V=0 D=0 I=0 Z=0 C=1 : FWA 37-74:B41CCB8D:00:00 = +1.71768647E-04 : FWB C6-01:83B85DE4:00:?? = -3.02414708E-39
A677 : LDA 40         : A=E4 X=05 Y=E4 SP=?? N=1 V=0 D=0 I=0 Z=0 C=1 : FWA 37-74:B41CCB8D:00:00 = +1.71768647E-04 : FWB C6-01:83B85DE4:00:?? = -3.02414708E-39
A679 : SBC 34         : A=57 X=05 Y=E4 SP=?? N=0 V=0 D=0 I=0 Z=0 C=1 : FWA 37-74:B41CCB8D:00:00 = +1.71768647E-04 : FWB C6-01:83B85DE4:00:?? = -3.02414708E-39
A67B : STA 40         : A=57 X=05 Y=E4 SP=?? N=0 V=0 D=0 I=0 Z=0 C=1 : FWA 37-74:B41CCB8D:00:00 = +1.71768647E-04 : FWB C6-01:83B85D57:00:?? = -3.02414689E-39
A67D : LDA 3F         : A=5D X=05 Y=E4 SP=?? N=0 V=0 D=0 I=0 Z=0 C=1 : FWA 37-74:B41CCB8D:00:00 = +1.71768647E-04 : FWB C6-01:83B85D57:00:?? = -3.02414689E-39
A67F : SBC 33         : A=92 X=05 Y=E4 SP=?? N=1 V=1 D=0 I=0 Z=0 C=0 : FWA 37-74:B41CCB8D:00:00 = +1.71768647E-04 : FWB C6-01:83B85D57:00:?? = -3.02414689E-39
A681 : STA 3F         : A=92 X=05 Y=E4 SP=?? N=1 V=1 D=0 I=0 Z=0 C=0 : FWA 37-74:B41CCB8D:00:00 = +1.71768647E-04 : FWB C6-01:83B89257:00:?? = -3.02416546E-39
A683 : LDA 3E         : A=B8 X=05 Y=E4 SP=?? N=1 V=1 D=0 I=0 Z=0 C=0 : FWA 37-74:B41CCB8D:00:00 = +1.71768647E-04 : FWB C6-01:83B89257:00:?? = -3.02416546E-39
A685 : SBC 32         : A=9B X=05 Y=E4 SP=?? N=1 V=0 D=0 I=0 Z=0 C=1 : FWA 37-74:B41CCB8D:00:00 = +1.71768647E-04 : FWB C6-01:83B89257:00:?? = -3.02416546E-39
A687 : STA 3E         : A=9B X=05 Y=E4 SP=?? N=1 V=0 D=0 I=0 Z=0 C=1 : FWA 37-74:B41CCB8D:00:00 = +1.71768647E-04 : FWB C6-01:839B9257:00:?? = -3.02156465E-39
A689 : TYA            : A=E4 X=05 Y=E4 SP=?? N=1 V=0 D=0 I=0 Z=0 C=1 : FWA 37-74:B41CCB8D:00:00 = +1.71768647E-04 : FWB C6-01:839B9257:00:?? = -3.02156465E-39
A68A : SBC 31         : A=30 X=05 Y=E4 SP=?? N=0 V=0 D=0 I=0 Z=0 C=1 : FWA 37-74:B41CCB8D:00:00 = +1.71768647E-04 : FWB C6-01:839B9257:00:?? = -3.02156465E-39
A68C : SEC            : A=30 X=05 Y=E4 SP=?? N=0 V=0 D=0 I=0 Z=0 C=1 : FWA 37-74:B41CCB8D:00:00 = +1.71768647E-04 : FWB C6-01:839B9257:00:?? = -3.02156465E-39
A68D : ROL 3B         : A=30 X=05 Y=E4 SP=?? N=1 V=0 D=0 I=0 Z=0 C=1 : FWA 37-74:B41CCB8D:00:00 = +1.71768647E-04 : FWB 8D-01:839B9257:00:?? = -3.02156465E-39
A68F : ASL 40         : A=30 X=05 Y=E4 SP=?? N=1 V=0 D=0 I=0 Z=0 C=0 : FWA 37-74:B41CCB8D:00:00 = +1.71768647E-04 : FWB 8D-01:839B92AE:00:?? = -3.02156477E-39
A691 : ROL 3F         : A=30 X=05 Y=E4 SP=?? N=0 V=0 D=0 I=0 Z=0 C=1 : FWA 37-74:B41CCB8D:00:00 = +1.71768647E-04 : FWB 8D-01:839B24AE:00:?? = -3.02152623E-39
A693 : ROL 3E         : A=30 X=05 Y=E4 SP=?? N=0 V=0 D=0 I=0 Z=0 C=1 : FWA 37-74:B41CCB8D:00:00 = +1.71768647E-04 : FWB 8D-01:833724AE:00:?? = -3.01255792E-39
A695 : ROL A          : A=61 X=05 Y=E4 SP=?? N=0 V=0 D=0 I=0 Z=0 C=0 : FWA 37-74:B41CCB8D:00:00 = +1.71768647E-04 : FWB 8D-01:833724AE:00:?? = -3.01255792E-39
A696 : DEX            : A=61 X=04 Y=E4 SP=?? N=0 V=0 D=0 I=0 Z=0 C=0 : FWA 37-74:B41CCB8D:00:00 = +1.71768647E-04 : FWB 8D-01:833724AE:00:?? = -3.01255792E-39
A697 : BNE A65E       : A=61 X=04 Y=E4 SP=?? N=0 V=0 D=0 I=0 Z=0 C=0 : FWA 37-74:B41CCB8D:00:00 = +1.71768647E-04 : FWB 8D-01:833724AE:00:?? = -3.01255792E-39
A65E : BCS A676       : A=61 X=04 Y=E4 SP=?? N=0 V=0 D=0 I=0 Z=0 C=0 : FWA 37-74:B41CCB8D:00:00 = +1.71768647E-04 : FWB 8D-01:833724AE:00:?? = -3.01255792E-39
A660 : CMP 31         : A=61 X=04 Y=E4 SP=?? N=1 V=0 D=0 I=0 Z=0 C=0 : FWA 37-74:B41CCB8D:00:00 = +1.71768647E-04 : FWB 8D-01:833724AE:00:?? = -3.01255792E-39
A662 : BNE A674       : A=61 X=04 Y=E4 SP=?? N=1 V=0 D=0 I=0 Z=0 C=0 : FWA 37-74:B41CCB8D:00:00 = +1.71768647E-04 : FWB 8D-01:833724AE:00:?? = -3.01255792E-39
A674 : BCC A68D       : A=61 X=04 Y=E4 SP=?? N=1 V=0 D=0 I=0 Z=0 C=0 : FWA 37-74:B41CCB8D:00:00 = +1.71768647E-04 : FWB 8D-01:833724AE:00:?? = -3.01255792E-39
A68D : ROL 3B         : A=61 X=04 Y=E4 SP=?? N=0 V=0 D=0 I=0 Z=0 C=1 : FWA 37-74:B41CCB8D:00:00 = +1.71768647E-04 : FWB 1A-01:833724AE:00:?? = +3.01255792E-39
A68F : ASL 40         : A=61 X=04 Y=E4 SP=?? N=0 V=0 D=0 I=0 Z=0 C=1 : FWA 37-74:B41CCB8D:00:00 = +1.71768647E-04 : FWB 1A-01:8337245C:00:?? = +3.01255781E-39
A691 : ROL 3F         : A=61 X=04 Y=E4 SP=?? N=0 V=0 D=0 I=0 Z=0 C=0 : FWA 37-74:B41CCB8D:00:00 = +1.71768647E-04 : FWB 1A-01:8337495C:00:?? = +3.01257077E-39
A693 : ROL 3E         : A=61 X=04 Y=E4 SP=?? N=0 V=0 D=0 I=0 Z=0 C=0 : FWA 37-74:B41CCB8D:00:00 = +1.71768647E-04 : FWB 1A-01:836E495C:00:?? = +3.01750334E-39
A695 : ROL A          : A=C2 X=04 Y=E4 SP=?? N=1 V=0 D=0 I=0 Z=0 C=0 : FWA 37-74:B41CCB8D:00:00 = +1.71768647E-04 : FWB 1A-01:836E495C:00:?? = +3.01750334E-39
A696 : DEX            : A=C2 X=03 Y=E4 SP=?? N=0 V=0 D=0 I=0 Z=0 C=0 : FWA 37-74:B41CCB8D:00:00 = +1.71768647E-04 : FWB 1A-01:836E495C:00:?? = +3.01750334E-39
A697 : BNE A65E       : A=C2 X=03 Y=E4 SP=?? N=0 V=0 D=0 I=0 Z=0 C=0 : FWA 37-74:B41CCB8D:00:00 = +1.71768647E-04 : FWB 1A-01:836E495C:00:?? = +3.01750334E-39
A65E : BCS A676       : A=C2 X=03 Y=E4 SP=?? N=0 V=0 D=0 I=0 Z=0 C=0 : FWA 37-74:B41CCB8D:00:00 = +1.71768647E-04 : FWB 1A-01:836E495C:00:?? = +3.01750334E-39
A660 : CMP 31         : A=C2 X=03 Y=E4 SP=?? N=0 V=0 D=0 I=0 Z=0 C=1 : FWA 37-74:B41CCB8D:00:00 = +1.71768647E-04 : FWB 1A-01:836E495C:00:?? = +3.01750334E-39
A662 : BNE A674       : A=C2 X=03 Y=E4 SP=?? N=0 V=0 D=0 I=0 Z=0 C=1 : FWA 37-74:B41CCB8D:00:00 = +1.71768647E-04 : FWB 1A-01:836E495C:00:?? = +3.01750334E-39
A674 : BCC A68D       : A=C2 X=03 Y=E4 SP=?? N=0 V=0 D=0 I=0 Z=0 C=1 : FWA 37-74:B41CCB8D:00:00 = +1.71768647E-04 : FWB 1A-01:836E495C:00:?? = +3.01750334E-39
A676 : TAY            : A=C2 X=03 Y=C2 SP=?? N=1 V=0 D=0 I=0 Z=0 C=1 : FWA 37-74:B41CCB8D:00:00 = +1.71768647E-04 : FWB 1A-01:836E495C:00:?? = +3.01750334E-39
A677 : LDA 40         : A=5C X=03 Y=C2 SP=?? N=0 V=0 D=0 I=0 Z=0 C=1 : FWA 37-74:B41CCB8D:00:00 = +1.71768647E-04 : FWB 1A-01:836E495C:00:?? = +3.01750334E-39
A679 : SBC 34         : A=CF X=03 Y=C2 SP=?? N=1 V=1 D=0 I=0 Z=0 C=0 : FWA 37-74:B41CCB8D:00:00 = +1.71768647E-04 : FWB 1A-01:836E495C:00:?? = +3.01750334E-39
A67B : STA 40         : A=CF X=03 Y=C2 SP=?? N=1 V=1 D=0 I=0 Z=0 C=0 : FWA 37-74:B41CCB8D:00:00 = +1.71768647E-04 : FWB 1A-01:836E49CF:00:?? = +3.01750350E-39
A67D : LDA 3F         : A=49 X=03 Y=C2 SP=?? N=0 V=1 D=0 I=0 Z=0 C=0 : FWA 37-74:B41CCB8D:00:00 = +1.71768647E-04 : FWB 1A-01:836E49CF:00:?? = +3.01750350E-39
A67F : SBC 33         : A=7D X=03 Y=C2 SP=?? N=0 V=0 D=0 I=0 Z=0 C=0 : FWA 37-74:B41CCB8D:00:00 = +1.71768647E-04 : FWB 1A-01:836E49CF:00:?? = +3.01750350E-39
A681 : STA 3F         : A=7D X=03 Y=C2 SP=?? N=0 V=0 D=0 I=0 Z=0 C=0 : FWA 37-74:B41CCB8D:00:00 = +1.71768647E-04 : FWB 1A-01:836E7DCF:00:?? = +3.01752171E-39
A683 : LDA 3E         : A=6E X=03 Y=C2 SP=?? N=0 V=0 D=0 I=0 Z=0 C=0 : FWA 37-74:B41CCB8D:00:00 = +1.71768647E-04 : FWB 1A-01:836E7DCF:00:?? = +3.01752171E-39
A685 : SBC 32         : A=51 X=03 Y=C2 SP=?? N=0 V=0 D=0 I=0 Z=0 C=1 : FWA 37-74:B41CCB8D:00:00 = +1.71768647E-04 : FWB 1A-01:836E7DCF:00:?? = +3.01752171E-39
A687 : STA 3E         : A=51 X=03 Y=C2 SP=?? N=0 V=0 D=0 I=0 Z=0 C=1 : FWA 37-74:B41CCB8D:00:00 = +1.71768647E-04 : FWB 1A-01:83517DCF:00:?? = +3.01492090E-39
A689 : TYA            : A=C2 X=03 Y=C2 SP=?? N=1 V=0 D=0 I=0 Z=0 C=1 : FWA 37-74:B41CCB8D:00:00 = +1.71768647E-04 : FWB 1A-01:83517DCF:00:?? = +3.01492090E-39
A68A : SBC 31         : A=0E X=03 Y=C2 SP=?? N=0 V=0 D=0 I=0 Z=0 C=1 : FWA 37-74:B41CCB8D:00:00 = +1.71768647E-04 : FWB 1A-01:83517DCF:00:?? = +3.01492090E-39
A68C : SEC            : A=0E X=03 Y=C2 SP=?? N=0 V=0 D=0 I=0 Z=0 C=1 : FWA 37-74:B41CCB8D:00:00 = +1.71768647E-04 : FWB 1A-01:83517DCF:00:?? = +3.01492090E-39
A68D : ROL 3B         : A=0E X=03 Y=C2 SP=?? N=0 V=0 D=0 I=0 Z=0 C=0 : FWA 37-74:B41CCB8D:00:00 = +1.71768647E-04 : FWB 35-01:83517DCF:00:?? = +3.01492090E-39
A68F : ASL 40         : A=0E X=03 Y=C2 SP=?? N=1 V=0 D=0 I=0 Z=0 C=1 : FWA 37-74:B41CCB8D:00:00 = +1.71768647E-04 : FWB 35-01:83517D9E:00:?? = +3.01492084E-39
A691 : ROL 3F         : A=0E X=03 Y=C2 SP=?? N=1 V=0 D=0 I=0 Z=0 C=0 : FWA 37-74:B41CCB8D:00:00 = +1.71768647E-04 : FWB 35-01:8351FB9E:00:?? = +3.01496498E-39
A693 : ROL 3E         : A=0E X=03 Y=C2 SP=?? N=1 V=0 D=0 I=0 Z=0 C=0 : FWA 37-74:B41CCB8D:00:00 = +1.71768647E-04 : FWB 35-01:83A2FB9E:00:?? = +3.02222931E-39
A695 : ROL A          : A=1C X=03 Y=C2 SP=?? N=0 V=0 D=0 I=0 Z=0 C=0 : FWA 37-74:B41CCB8D:00:00 = +1.71768647E-04 : FWB 35-01:83A2FB9E:00:?? = +3.02222931E-39
A696 : DEX            : A=1C X=02 Y=C2 SP=?? N=0 V=0 D=0 I=0 Z=0 C=0 : FWA 37-74:B41CCB8D:00:00 = +1.71768647E-04 : FWB 35-01:83A2FB9E:00:?? = +3.02222931E-39
A697 : BNE A65E       : A=1C X=02 Y=C2 SP=?? N=0 V=0 D=0 I=0 Z=0 C=0 : FWA 37-74:B41CCB8D:00:00 = +1.71768647E-04 : FWB 35-01:83A2FB9E:00:?? = +3.02222931E-39
A65E : BCS A676       : A=1C X=02 Y=C2 SP=?? N=0 V=0 D=0 I=0 Z=0 C=0 : FWA 37-74:B41CCB8D:00:00 = +1.71768647E-04 : FWB 35-01:83A2FB9E:00:?? = +3.02222931E-39
A660 : CMP 31         : A=1C X=02 Y=C2 SP=?? N=0 V=0 D=0 I=0 Z=0 C=0 : FWA 37-74:B41CCB8D:00:00 = +1.71768647E-04 : FWB 35-01:83A2FB9E:00:?? = +3.02222931E-39
A662 : BNE A674       : A=1C X=02 Y=C2 SP=?? N=0 V=0 D=0 I=0 Z=0 C=0 : FWA 37-74:B41CCB8D:00:00 = +1.71768647E-04 : FWB 35-01:83A2FB9E:00:?? = +3.02222931E-39
A674 : BCC A68D       : A=1C X=02 Y=C2 SP=?? N=0 V=0 D=0 I=0 Z=0 C=0 : FWA 37-74:B41CCB8D:00:00 = +1.71768647E-04 : FWB 35-01:83A2FB9E:00:?? = +3.02222931E-39
A68D : ROL 3B         : A=1C X=02 Y=C2 SP=?? N=0 V=0 D=0 I=0 Z=0 C=0 : FWA 37-74:B41CCB8D:00:00 = +1.71768647E-04 : FWB 6A-01:83A2FB9E:00:?? = +3.02222931E-39
A68F : ASL 40         : A=1C X=02 Y=C2 SP=?? N=0 V=0 D=0 I=0 Z=0 C=1 : FWA 37-74:B41CCB8D:00:00 = +1.71768647E-04 : FWB 6A-01:83A2FB3C:00:?? = +3.02222918E-39
A691 : ROL 3F         : A=1C X=02 Y=C2 SP=?? N=1 V=0 D=0 I=0 Z=0 C=1 : FWA 37-74:B41CCB8D:00:00 = +1.71768647E-04 : FWB 6A-01:83A2F73C:00:?? = +3.02222777E-39
A693 : ROL 3E         : A=1C X=02 Y=C2 SP=?? N=0 V=0 D=0 I=0 Z=0 C=1 : FWA 37-74:B41CCB8D:00:00 = +1.71768647E-04 : FWB 6A-01:8345F73C:00:?? = +3.01388725E-39
A695 : ROL A          : A=39 X=02 Y=C2 SP=?? N=0 V=0 D=0 I=0 Z=0 C=0 : FWA 37-74:B41CCB8D:00:00 = +1.71768647E-04 : FWB 6A-01:8345F73C:00:?? = +3.01388725E-39
A696 : DEX            : A=39 X=01 Y=C2 SP=?? N=0 V=0 D=0 I=0 Z=0 C=0 : FWA 37-74:B41CCB8D:00:00 = +1.71768647E-04 : FWB 6A-01:8345F73C:00:?? = +3.01388725E-39
A697 : BNE A65E       : A=39 X=01 Y=C2 SP=?? N=0 V=0 D=0 I=0 Z=0 C=0 : FWA 37-74:B41CCB8D:00:00 = +1.71768647E-04 : FWB 6A-01:8345F73C:00:?? = +3.01388725E-39
A65E : BCS A676       : A=39 X=01 Y=C2 SP=?? N=0 V=0 D=0 I=0 Z=0 C=0 : FWA 37-74:B41CCB8D:00:00 = +1.71768647E-04 : FWB 6A-01:8345F73C:00:?? = +3.01388725E-39
A660 : CMP 31         : A=39 X=01 Y=C2 SP=?? N=1 V=0 D=0 I=0 Z=0 C=0 : FWA 37-74:B41CCB8D:00:00 = +1.71768647E-04 : FWB 6A-01:8345F73C:00:?? = +3.01388725E-39
A662 : BNE A674       : A=39 X=01 Y=C2 SP=?? N=1 V=0 D=0 I=0 Z=0 C=0 : FWA 37-74:B41CCB8D:00:00 = +1.71768647E-04 : FWB 6A-01:8345F73C:00:?? = +3.01388725E-39
A674 : BCC A68D       : A=39 X=01 Y=C2 SP=?? N=1 V=0 D=0 I=0 Z=0 C=0 : FWA 37-74:B41CCB8D:00:00 = +1.71768647E-04 : FWB 6A-01:8345F73C:00:?? = +3.01388725E-39
A68D : ROL 3B         : A=39 X=01 Y=C2 SP=?? N=1 V=0 D=0 I=0 Z=0 C=0 : FWA 37-74:B41CCB8D:00:00 = +1.71768647E-04 : FWB D4-01:8345F73C:00:?? = -3.01388725E-39
A68F : ASL 40         : A=39 X=01 Y=C2 SP=?? N=0 V=0 D=0 I=0 Z=0 C=0 : FWA 37-74:B41CCB8D:00:00 = +1.71768647E-04 : FWB D4-01:8345F778:00:?? = -3.01388733E-39
A691 : ROL 3F         : A=39 X=01 Y=C2 SP=?? N=1 V=0 D=0 I=0 Z=0 C=1 : FWA 37-74:B41CCB8D:00:00 = +1.71768647E-04 : FWB D4-01:8345EE78:00:?? = -3.01388417E-39
A693 : ROL 3E         : A=39 X=01 Y=C2 SP=?? N=1 V=0 D=0 I=0 Z=0 C=0 : FWA 37-74:B41CCB8D:00:00 = +1.71768647E-04 : FWB D4-01:838BEE78:00:?? = -3.02016199E-39
A695 : ROL A          : A=72 X=01 Y=C2 SP=?? N=0 V=0 D=0 I=0 Z=0 C=0 : FWA 37-74:B41CCB8D:00:00 = +1.71768647E-04 : FWB D4-01:838BEE78:00:?? = -3.02016199E-39
A696 : DEX            : A=72 X=00 Y=C2 SP=?? N=0 V=0 D=0 I=0 Z=1 C=0 : FWA 37-74:B41CCB8D:00:00 = +1.71768647E-04 : FWB D4-01:838BEE78:00:?? = -3.02016199E-39
A697 : BNE A65E       : A=72 X=00 Y=C2 SP=?? N=0 V=0 D=0 I=0 Z=1 C=0 : FWA 37-74:B41CCB8D:00:00 = +1.71768647E-04 : FWB D4-01:838BEE78:00:?? = -3.02016199E-39
A699 : LDX 3B         : A=72 X=D4 Y=C2 SP=?? N=1 V=0 D=0 I=0 Z=0 C=0 : FWA 37-74:B41CCB8D:00:00 = +1.71768647E-04 : FWB D4-01:838BEE78:00:?? = -3.02016199E-39
A69B : PHX            : A=72 X=D4 Y=C2 SP=?? N=1 V=0 D=0 I=0 Z=0 C=0 : FWA 37-74:B41CCB8D:00:00 = +1.71768647E-04 : FWB D4-01:838BEE78:00:?? = -3.02016199E-39
A69C : DEC 3C         : A=72 X=D4 Y=C2 SP=?? N=0 V=0 D=0 I=0 Z=1 C=0 : FWA 37-74:B41CCB8D:00:00 = +1.71768647E-04 : FWB D4-00:838BEE78:00:?? = -1.51008100E-39
A69E : BNE A65C       : A=72 X=D4 Y=C2 SP=?? N=0 V=0 D=0 I=0 Z=1 C=0 : FWA 37-74:B41CCB8D:00:00 = +1.71768647E-04 : FWB D4-00:838BEE78:00:?? = -1.51008100E-39
A6A0 : PLX            : A=72 X=D4 Y=C2 SP=?? N=1 V=0 D=0 I=0 Z=0 C=0 : FWA 37-74:B41CCB8D:00:00 = +1.71768647E-04 : FWB D4-00:838BEE78:00:?? = -1.51008100E-39
A6A1 : ROR A          : A=39 X=D4 Y=C2 SP=?? N=0 V=0 D=0 I=0 Z=0 C=0 : FWA 37-74:B41CCB8D:00:00 = +1.71768647E-04 : FWB D4-00:838BEE78:00:?? = -1.51008100E-39
A6A2 : LSR 31         : A=39 X=D4 Y=C2 SP=?? N=0 V=0 D=0 I=0 Z=0 C=0 : FWA 37-74:5A1CCB8D:00:00 = +8.59379587E-05 : FWB D4-00:838BEE78:00:?? = -1.51008100E-39
A6A4 : STX 34         : A=39 X=D4 Y=C2 SP=?? N=0 V=0 D=0 I=0 Z=0 C=0 : FWA 37-74:5A1CCBD4:00:00 = +8.59379627E-05 : FWB D4-00:838BEE78:00:?? = -1.51008100E-39
A6A6 : LDX #03        : A=39 X=03 Y=C2 SP=?? N=0 V=0 D=0 I=0 Z=0 C=0 : FWA 37-74:5A1CCBD4:00:00 = +8.59379627E-05 : FWB D4-00:838BEE78:00:?? = -1.51008100E-39
A6A8 : CMP 31         : A=39 X=03 Y=C2 SP=?? N=1 V=0 D=0 I=0 Z=0 C=0 : FWA 37-74:5A1CCBD4:00:00 = +8.59379627E-05 : FWB D4-00:838BEE78:00:?? = -1.51008100E-39
A6AA : BCC A6AE       : A=39 X=03 Y=C2 SP=?? N=1 V=0 D=0 I=0 Z=0 C=0 : FWA 37-74:5A1CCBD4:00:00 = +8.59379627E-05 : FWB D4-00:838BEE78:00:?? = -1.51008100E-39
A6AE : PHP            : A=39 X=03 Y=C2 SP=?? N=1 V=0 D=0 I=0 Z=0 C=0 : FWA 37-74:5A1CCBD4:00:00 = +8.59379627E-05 : FWB D4-00:838BEE78:00:?? = -1.51008100E-39
A6AF : ASL A          : A=72 X=03 Y=C2 SP=?? N=0 V=0 D=0 I=0 Z=0 C=0 : FWA 37-74:5A1CCBD4:00:00 = +8.59379627E-05 : FWB D4-00:838BEE78:00:?? = -1.51008100E-39
A6B0 : DEX            : A=72 X=02 Y=C2 SP=?? N=0 V=0 D=0 I=0 Z=0 C=0 : FWA 37-74:5A1CCBD4:00:00 = +8.59379627E-05 : FWB D4-00:838BEE78:00:?? = -1.51008100E-39
A6B1 : BNE A6A8       : A=72 X=02 Y=C2 SP=?? N=0 V=0 D=0 I=0 Z=0 C=0 : FWA 37-74:5A1CCBD4:00:00 = +8.59379627E-05 : FWB D4-00:838BEE78:00:?? = -1.51008100E-39
A6A8 : CMP 31         : A=72 X=02 Y=C2 SP=?? N=0 V=0 D=0 I=0 Z=0 C=1 : FWA 37-74:5A1CCBD4:00:00 = +8.59379627E-05 : FWB D4-00:838BEE78:00:?? = -1.51008100E-39
A6AA : BCC A6AE       : A=72 X=02 Y=C2 SP=?? N=0 V=0 D=0 I=0 Z=0 C=1 : FWA 37-74:5A1CCBD4:00:00 = +8.59379627E-05 : FWB D4-00:838BEE78:00:?? = -1.51008100E-39
A6AC : SBC 31         : A=18 X=02 Y=C2 SP=?? N=0 V=0 D=0 I=0 Z=0 C=1 : FWA 37-74:5A1CCBD4:00:00 = +8.59379627E-05 : FWB D4-00:838BEE78:00:?? = -1.51008100E-39
A6AE : PHP            : A=18 X=02 Y=C2 SP=?? N=0 V=0 D=0 I=0 Z=0 C=1 : FWA 37-74:5A1CCBD4:00:00 = +8.59379627E-05 : FWB D4-00:838BEE78:00:?? = -1.51008100E-39
A6AF : ASL A          : A=30 X=02 Y=C2 SP=?? N=0 V=0 D=0 I=0 Z=0 C=0 : FWA 37-74:5A1CCBD4:00:00 = +8.59379627E-05 : FWB D4-00:838BEE78:00:?? = -1.51008100E-39
A6B0 : DEX            : A=30 X=01 Y=C2 SP=?? N=0 V=0 D=0 I=0 Z=0 C=0 : FWA 37-74:5A1CCBD4:00:00 = +8.59379627E-05 : FWB D4-00:838BEE78:00:?? = -1.51008100E-39
A6B1 : BNE A6A8       : A=30 X=01 Y=C2 SP=?? N=0 V=0 D=0 I=0 Z=0 C=0 : FWA 37-74:5A1CCBD4:00:00 = +8.59379627E-05 : FWB D4-00:838BEE78:00:?? = -1.51008100E-39
A6A8 : CMP 31         : A=30 X=01 Y=C2 SP=?? N=1 V=0 D=0 I=0 Z=0 C=0 : FWA 37-74:5A1CCBD4:00:00 = +8.59379627E-05 : FWB D4-00:838BEE78:00:?? = -1.51008100E-39
A6AA : BCC A6AE       : A=30 X=01 Y=C2 SP=?? N=1 V=0 D=0 I=0 Z=0 C=0 : FWA 37-74:5A1CCBD4:00:00 = +8.59379627E-05 : FWB D4-00:838BEE78:00:?? = -1.51008100E-39
A6AE : PHP            : A=30 X=01 Y=C2 SP=?? N=1 V=0 D=0 I=0 Z=0 C=0 : FWA 37-74:5A1CCBD4:00:00 = +8.59379627E-05 : FWB D4-00:838BEE78:00:?? = -1.51008100E-39
A6AF : ASL A          : A=60 X=01 Y=C2 SP=?? N=0 V=0 D=0 I=0 Z=0 C=0 : FWA 37-74:5A1CCBD4:00:00 = +8.59379627E-05 : FWB D4-00:838BEE78:00:?? = -1.51008100E-39
A6B0 : DEX            : A=60 X=00 Y=C2 SP=?? N=0 V=0 D=0 I=0 Z=1 C=0 : FWA 37-74:5A1CCBD4:00:00 = +8.59379627E-05 : FWB D4-00:838BEE78:00:?? = -1.51008100E-39
A6B1 : BNE A6A8       : A=60 X=00 Y=C2 SP=?? N=0 V=0 D=0 I=0 Z=1 C=0 : FWA 37-74:5A1CCBD4:00:00 = +8.59379627E-05 : FWB D4-00:838BEE78:00:?? = -1.51008100E-39
A6B3 : PLP            : A=60 X=00 Y=C2 SP=?? N=1 V=0 D=0 I=0 Z=0 C=0 : FWA 37-74:5A1CCBD4:00:00 = +8.59379627E-05 : FWB D4-00:838BEE78:00:?? = -1.51008100E-39
A6B4 : ROR A          : A=30 X=00 Y=C2 SP=?? N=0 V=0 D=0 I=0 Z=0 C=0 : FWA 37-74:5A1CCBD4:00:00 = +8.59379627E-05 : FWB D4-00:838BEE78:00:?? = -1.51008100E-39
A6B5 : PLP            : A=30 X=00 Y=C2 SP=?? N=0 V=0 D=0 I=0 Z=0 C=1 : FWA 37-74:5A1CCBD4:00:00 = +8.59379627E-05 : FWB D4-00:838BEE78:00:?? = -1.51008100E-39
A6B6 : ROR A          : A=98 X=00 Y=C2 SP=?? N=1 V=0 D=0 I=0 Z=0 C=0 : FWA 37-74:5A1CCBD4:00:00 = +8.59379627E-05 : FWB D4-00:838BEE78:00:?? = -1.51008100E-39
A6B7 : PLP            : A=98 X=00 Y=C2 SP=?? N=1 V=0 D=0 I=0 Z=0 C=0 : FWA 37-74:5A1CCBD4:00:00 = +8.59379627E-05 : FWB D4-00:838BEE78:00:?? = -1.51008100E-39
A6B8 : ROR A          : A=4C X=00 Y=C2 SP=?? N=0 V=0 D=0 I=0 Z=0 C=0 : FWA 37-74:5A1CCBD4:00:00 = +8.59379627E-05 : FWB D4-00:838BEE78:00:?? = -1.51008100E-39
A6B9 : STA 35         : A=4C X=00 Y=C2 SP=?? N=0 V=0 D=0 I=0 Z=0 C=0 : FWA 37-74:5A1CCBD4:4C:00 = +8.59379627E-05 : FWB D4-00:838BEE78:00:?? = -1.51008100E-39
A6BB : PLA            : A=58 X=00 Y=C2 SP=?? N=0 V=0 D=0 I=0 Z=0 C=0 : FWA 37-74:5A1CCBD4:4C:00 = +8.59379627E-05 : FWB D4-00:838BEE78:00:?? = -1.51008100E-39
A6BC : STA 33         : A=58 X=00 Y=C2 SP=?? N=0 V=0 D=0 I=0 Z=0 C=0 : FWA 37-74:5A1C58D4:4C:00 = +8.59362892E-05 : FWB D4-00:838BEE78:00:?? = -1.51008100E-39
A6BE : PLA            : A=CD X=00 Y=C2 SP=?? N=1 V=0 D=0 I=0 Z=0 C=0 : FWA 37-74:5A1C58D4:4C:00 = +8.59362892E-05 : FWB D4-00:838BEE78:00:?? = -1.51008100E-39
A6BF : STA 32         : A=CD X=00 Y=C2 SP=?? N=1 V=0 D=0 I=0 Z=0 C=0 : FWA 37-74:5ACD58D4:4C:00 = +8.65956656E-05 : FWB D4-00:838BEE78:00:?? = -1.51008100E-39
A6C1 : PLA            : A=5D X=00 Y=C2 SP=?? N=0 V=0 D=0 I=0 Z=0 C=0 : FWA 37-74:5ACD58D4:4C:00 = +8.65956656E-05 : FWB D4-00:838BEE78:00:?? = -1.51008100E-39
A6C2 : STA 31         : A=5D X=00 Y=C2 SP=?? N=0 V=0 D=0 I=0 Z=0 C=0 : FWA 37-74:5DCD58D4:4C:00 = +8.94566886E-05 : FWB D4-00:838BEE78:00:?? = -1.51008100E-39
A6C4 : BMI A712       : A=5D X=00 Y=C2 SP=?? N=0 V=0 D=0 I=0 Z=0 C=0 : FWA 37-74:5DCD58D4:4C:00 = +8.94566886E-05 : FWB D4-00:838BEE78:00:?? = -1.51008100E-39
A6C6 : JSR 8306       : A=5D X=00 Y=C2 SP=?? N=0 V=0 D=0 I=0 Z=0 C=0 : FWA 37-74:5DCD58D4:4C:00 = +8.94566886E-05 : FWB D4-00:838BEE78:00:?? = -1.51008100E-39
8306 : BNE 832F       : A=5D X=00 Y=C2 SP=?? N=0 V=0 D=0 I=0 Z=0 C=0 : FWA 37-74:5DCD58D4:4C:00 = +8.94566886E-05 : FWB D4-00:838BEE78:00:?? = -1.51008100E-39
832F : LDY 30         : A=5D X=00 Y=74 SP=?? N=0 V=0 D=0 I=0 Z=0 C=0 : FWA 37-74:5DCD58D4:4C:00 = +8.94566886E-05 : FWB D4-00:838BEE78:00:?? = -1.51008100E-39
8331 : DEY            : A=5D X=00 Y=73 SP=?? N=0 V=0 D=0 I=0 Z=0 C=0 : FWA 37-74:5DCD58D4:4C:00 = +8.94566886E-05 : FWB D4-00:838BEE78:00:?? = -1.51008100E-39
8332 : ASL 35         : A=5D X=00 Y=73 SP=?? N=1 V=0 D=0 I=0 Z=0 C=0 : FWA 37-74:5DCD58D4:98:00 = +8.94566886E-05 : FWB D4-00:838BEE78:00:?? = -1.51008100E-39
8334 : ROL 34         : A=5D X=00 Y=73 SP=?? N=1 V=0 D=0 I=0 Z=0 C=1 : FWA 37-74:5DCD58A8:98:00 = +8.94566861E-05 : FWB D4-00:838BEE78:00:?? = -1.51008100E-39
8336 : ROL 33         : A=5D X=00 Y=73 SP=?? N=1 V=0 D=0 I=0 Z=0 C=0 : FWA 37-74:5DCDB1A8:98:00 = +8.94579812E-05 : FWB D4-00:838BEE78:00:?? = -1.51008100E-39
8338 : ROL 32         : A=5D X=00 Y=73 SP=?? N=1 V=0 D=0 I=0 Z=0 C=1 : FWA 37-74:5D9AB1A8:98:00 = +8.92679914E-05 : FWB D4-00:838BEE78:00:?? = -1.51008100E-39
833A : ROL A          : A=BB X=00 Y=73 SP=?? N=1 V=0 D=0 I=0 Z=0 C=0 : FWA 37-74:5D9AB1A8:98:00 = +8.92679914E-05 : FWB D4-00:838BEE78:00:?? = -1.51008100E-39
833B : BPL 8331       : A=BB X=00 Y=73 SP=?? N=1 V=0 D=0 I=0 Z=0 C=0 : FWA 37-74:5D9AB1A8:98:00 = +8.92679914E-05 : FWB D4-00:838BEE78:00:?? = -1.51008100E-39
833D : CPY 30         : A=BB X=00 Y=73 SP=?? N=1 V=0 D=0 I=0 Z=0 C=0 : FWA 37-74:5D9AB1A8:98:00 = +8.92679914E-05 : FWB D4-00:838BEE78:00:?? = -1.51008100E-39
833F : STY 30         : A=BB X=00 Y=73 SP=?? N=1 V=0 D=0 I=0 Z=0 C=0 : FWA 37-73:5D9AB1A8:98:00 = +4.46339957E-05 : FWB D4-00:838BEE78:00:?? = -1.51008100E-39
8341 : BCC 8345       : A=BB X=00 Y=73 SP=?? N=1 V=0 D=0 I=0 Z=0 C=0 : FWA 37-73:5D9AB1A8:98:00 = +4.46339957E-05 : FWB D4-00:838BEE78:00:?? = -1.51008100E-39
8345 : TAY            : A=BB X=00 Y=BB SP=?? N=1 V=0 D=0 I=0 Z=0 C=0 : FWA 37-73:5D9AB1A8:98:00 = +4.46339957E-05 : FWB D4-00:838BEE78:00:?? = -1.51008100E-39
8346 : STA 31         : A=BB X=00 Y=BB SP=?? N=1 V=0 D=0 I=0 Z=0 C=0 : FWA 37-73:BB9AB1A8:98:00 = +8.94566886E-05 : FWB D4-00:838BEE78:00:?? = -1.51008100E-39
8348 : RTS            : A=BB X=00 Y=BB SP=?? N=1 V=0 D=0 I=0 Z=0 C=0 : FWA 37-73:BB9AB1A8:98:00 = +8.94566886E-05 : FWB D4-00:838BEE78:00:?? = -1.51008100E-39
A6C9 : BRA A712       : A=BB X=00 Y=BB SP=?? N=1 V=0 D=0 I=0 Z=0 C=0 : FWA 37-73:BB9AB1A8:98:00 = +8.94566886E-05 : FWB D4-00:838BEE78:00:?? = -1.51008100E-39
A712 : LDA 35         : A=98 X=00 Y=BB SP=?? N=1 V=0 D=0 I=0 Z=0 C=0 : FWA 37-73:BB9AB1A8:98:00 = +8.94566886E-05 : FWB D4-00:838BEE78:00:?? = -1.51008100E-39
A714 : BPL A725       : A=98 X=00 Y=BB SP=?? N=1 V=0 D=0 I=0 Z=0 C=0 : FWA 37-73:BB9AB1A8:98:00 = +8.94566886E-05 : FWB D4-00:838BEE78:00:?? = -1.51008100E-39
A716 : ASL A          : A=30 X=00 Y=BB SP=?? N=0 V=0 D=0 I=0 Z=0 C=1 : FWA 37-73:BB9AB1A8:98:00 = +8.94566886E-05 : FWB D4-00:838BEE78:00:?? = -1.51008100E-39
A717 : BNE A71E       : A=30 X=00 Y=BB SP=?? N=0 V=0 D=0 I=0 Z=0 C=1 : FWA 37-73:BB9AB1A8:98:00 = +8.94566886E-05 : FWB D4-00:838BEE78:00:?? = -1.51008100E-39
A71E : INC 34         : A=30 X=00 Y=BB SP=?? N=1 V=0 D=0 I=0 Z=0 C=1 : FWA 37-73:BB9AB1A9:98:00 = +8.94566886E-05 : FWB D4-00:838BEE78:00:?? = -1.51008100E-39
A720 : BNE A725       : A=30 X=00 Y=BB SP=?? N=1 V=0 D=0 I=0 Z=0 C=1 : FWA 37-73:BB9AB1A9:98:00 = +8.94566886E-05 : FWB D4-00:838BEE78:00:?? = -1.51008100E-39
A725 : LDA 2F         : A=00 X=00 Y=BB SP=?? N=0 V=0 D=0 I=0 Z=1 C=1 : FWA 37-73:BB9AB1A9:98:00 = +8.94566886E-05 : FWB D4-00:838BEE78:00:?? = -1.51008100E-39
A727 : BEQ A739       : A=00 X=00 Y=BB SP=?? N=0 V=0 D=0 I=0 Z=1 C=1 : FWA 37-73:BB9AB1A9:98:00 = +8.94566886E-05 : FWB D4-00:838BEE78:00:?? = -1.51008100E-39
A739 : STZ 35         : A=00 X=00 Y=BB SP=?? N=0 V=0 D=0 I=0 Z=1 C=1 : FWA 37-73:BB9AB1A9:00:00 = +8.94566886E-05 : FWB D4-00:838BEE78:00:?? = -1.51008100E-39
A73B : LDA #FF        : A=FF X=00 Y=BB SP=?? N=1 V=0 D=0 I=0 Z=0 C=1 : FWA 37-73:BB9AB1A9:00:00 = +8.94566886E-05 : FWB D4-00:838BEE78:00:?? = -1.51008100E-39
A73D : RTS            : A=FF X=00 Y=BB SP=?? N=1 V=0 D=0 I=0 Z=0 C=1 : FWA 37-73:BB9AB1A9:00:00 = +8.94566886E-05 : FWB D4-00:838BEE78:00:?? = -1.51008100E-39
A8FE : JMP A70A       : A=FF X=00 Y=BB SP=?? N=1 V=0 D=0 I=0 Z=0 C=1 : FWA 37-73:BB9AB1A9:00:00 = +8.94566886E-05 : FWB D4-00:838BEE78:00:?? = -1.51008100E-39
A70A : JSR A514       : A=FF X=00 Y=BB SP=?? N=1 V=0 D=0 I=0 Z=0 C=1 : FWA 37-73:BB9AB1A9:00:00 = +8.94566886E-05 : FWB D4-00:838BEE78:00:?? = -1.51008100E-39
A514 : STZ 41         : A=FF X=00 Y=BB SP=?? N=1 V=0 D=0 I=0 Z=0 C=1 : FWA 37-73:BB9AB1A9:00:00 = +8.94566886E-05 : FWB D4-00:838BEE78:00:?? = -1.51008100E-39
A516 : LDY #04        : A=FF X=00 Y=04 SP=?? N=0 V=0 D=0 I=0 Z=0 C=1 : FWA 37-73:BB9AB1A9:00:00 = +8.94566886E-05 : FWB D4-00:838BEE78:00:?? = -1.51008100E-39
A518 : LDA (4A),Y     : A=01 X=00 Y=04 SP=?? N=0 V=0 D=0 I=0 Z=0 C=1 : FWA 37-73:BB9AB1A9:00:00 = +8.94566886E-05 : FWB D4-00:838BEE78:00:?? = -1.51008100E-39
A51A : STA 40         : A=01 X=00 Y=04 SP=?? N=0 V=0 D=0 I=0 Z=0 C=1 : FWA 37-73:BB9AB1A9:00:00 = +8.94566886E-05 : FWB D4-00:838BEE01:00:?? = -1.51008091E-39
A51C : DEY            : A=01 X=00 Y=03 SP=?? N=0 V=0 D=0 I=0 Z=0 C=1 : FWA 37-73:BB9AB1A9:00:00 = +8.94566886E-05 : FWB D4-00:838BEE01:00:?? = -1.51008091E-39
A51D : LDA (4A),Y     : A=DF X=00 Y=03 SP=?? N=1 V=0 D=0 I=0 Z=0 C=1 : FWA 37-73:BB9AB1A9:00:00 = +8.94566886E-05 : FWB D4-00:838BEE01:00:?? = -1.51008091E-39
A51F : STA 3F         : A=DF X=00 Y=03 SP=?? N=1 V=0 D=0 I=0 Z=0 C=1 : FWA 37-73:BB9AB1A9:00:00 = +8.94566886E-05 : FWB D4-00:838BDF01:00:?? = -1.51007829E-39
A521 : DEY            : A=DF X=00 Y=02 SP=?? N=0 V=0 D=0 I=0 Z=0 C=1 : FWA 37-73:BB9AB1A9:00:00 = +8.94566886E-05 : FWB D4-00:838BDF01:00:?? = -1.51007829E-39
A522 : LDA (4A),Y     : A=FD X=00 Y=02 SP=?? N=1 V=0 D=0 I=0 Z=0 C=1 : FWA 37-73:BB9AB1A9:00:00 = +8.94566886E-05 : FWB D4-00:838BDF01:00:?? = -1.51007829E-39
A524 : STA 3E         : A=FD X=00 Y=02 SP=?? N=1 V=0 D=0 I=0 Z=0 C=1 : FWA 37-73:BB9AB1A9:00:00 = +8.94566886E-05 : FWB D4-00:83FDDF01:00:?? = -1.51519022E-39
A526 : DEY            : A=FD X=00 Y=01 SP=?? N=0 V=0 D=0 I=0 Z=0 C=1 : FWA 37-73:BB9AB1A9:00:00 = +8.94566886E-05 : FWB D4-00:83FDDF01:00:?? = -1.51519022E-39
A527 : LDA (4A),Y     : A=03 X=00 Y=01 SP=?? N=0 V=0 D=0 I=0 Z=0 C=1 : FWA 37-73:BB9AB1A9:00:00 = +8.94566886E-05 : FWB D4-00:83FDDF01:00:?? = -1.51519022E-39
A529 : STA 3B         : A=03 X=00 Y=01 SP=?? N=0 V=0 D=0 I=0 Z=0 C=1 : FWA 37-73:BB9AB1A9:00:00 = +8.94566886E-05 : FWB 03-00:83FDDF01:00:?? = +1.51519022E-39
A52B : TAY            : A=03 X=00 Y=03 SP=?? N=0 V=0 D=0 I=0 Z=0 C=1 : FWA 37-73:BB9AB1A9:00:00 = +8.94566886E-05 : FWB 03-00:83FDDF01:00:?? = +1.51519022E-39
A52C : LDA (4A)       : A=7D X=00 Y=03 SP=?? N=0 V=0 D=0 I=0 Z=0 C=1 : FWA 37-73:BB9AB1A9:00:00 = +8.94566886E-05 : FWB 03-00:83FDDF01:00:?? = +1.51519022E-39
A52E : STA 3C         : A=7D X=00 Y=03 SP=?? N=0 V=0 D=0 I=0 Z=0 C=1 : FWA 37-73:BB9AB1A9:00:00 = +8.94566886E-05 : FWB 03-7D:83FDDF01:00:?? = +6.44490645E-02
A530 : BNE A53B       : A=7D X=00 Y=03 SP=?? N=0 V=0 D=0 I=0 Z=0 C=1 : FWA 37-73:BB9AB1A9:00:00 = +8.94566886E-05 : FWB 03-7D:83FDDF01:00:?? = +6.44490645E-02
A53B : TYA            : A=03 X=00 Y=03 SP=?? N=0 V=0 D=0 I=0 Z=0 C=1 : FWA 37-73:BB9AB1A9:00:00 = +8.94566886E-05 : FWB 03-7D:83FDDF01:00:?? = +6.44490645E-02
A53C : ORA #80        : A=83 X=00 Y=03 SP=?? N=1 V=0 D=0 I=0 Z=0 C=1 : FWA 37-73:BB9AB1A9:00:00 = +8.94566886E-05 : FWB 03-7D:83FDDF01:00:?? = +6.44490645E-02
A53E : STA 3D         : A=83 X=00 Y=03 SP=?? N=1 V=0 D=0 I=0 Z=0 C=1 : FWA 37-73:BB9AB1A9:00:00 = +8.94566886E-05 : FWB 03-7D:83FDDF01:00:?? = +6.44490645E-02
A540 : RTS            : A=83 X=00 Y=03 SP=?? N=1 V=0 D=0 I=0 Z=0 C=1 : FWA 37-73:BB9AB1A9:00:00 = +8.94566886E-05 : FWB 03-7D:83FDDF01:00:?? = +6.44490645E-02
A70D : BEQ A73B       : A=83 X=00 Y=03 SP=?? N=1 V=0 D=0 I=0 Z=0 C=1 : FWA 37-73:BB9AB1A9:00:00 = +8.94566886E-05 : FWB 03-7D:83FDDF01:00:?? = +6.44490645E-02
A70F : JSR 8429       : A=83 X=00 Y=03 SP=?? N=1 V=0 D=0 I=0 Z=0 C=1 : FWA 37-73:BB9AB1A9:00:00 = +8.94566886E-05 : FWB 03-7D:83FDDF01:00:?? = +6.44490645E-02
8429 : LDA 31         : A=BB X=00 Y=03 SP=?? N=1 V=0 D=0 I=0 Z=0 C=1 : FWA 37-73:BB9AB1A9:00:00 = +8.94566886E-05 : FWB 03-7D:83FDDF01:00:?? = +6.44490645E-02
842B : BEQ 840A       : A=BB X=00 Y=03 SP=?? N=1 V=0 D=0 I=0 Z=0 C=1 : FWA 37-73:BB9AB1A9:00:00 = +8.94566886E-05 : FWB 03-7D:83FDDF01:00:?? = +6.44490645E-02
842D : SEC            : A=BB X=00 Y=03 SP=?? N=1 V=0 D=0 I=0 Z=0 C=1 : FWA 37-73:BB9AB1A9:00:00 = +8.94566886E-05 : FWB 03-7D:83FDDF01:00:?? = +6.44490645E-02
842E : LDA 30         : A=73 X=00 Y=03 SP=?? N=0 V=0 D=0 I=0 Z=0 C=1 : FWA 37-73:BB9AB1A9:00:00 = +8.94566886E-05 : FWB 03-7D:83FDDF01:00:?? = +6.44490645E-02
8430 : SBC 3C         : A=F6 X=00 Y=03 SP=?? N=1 V=0 D=0 I=0 Z=0 C=0 : FWA 37-73:BB9AB1A9:00:00 = +8.94566886E-05 : FWB 03-7D:83FDDF01:00:?? = +6.44490645E-02
8432 : BEQ 84A3       : A=F6 X=00 Y=03 SP=?? N=1 V=0 D=0 I=0 Z=0 C=0 : FWA 37-73:BB9AB1A9:00:00 = +8.94566886E-05 : FWB 03-7D:83FDDF01:00:?? = +6.44490645E-02
8434 : BCC 846A       : A=F6 X=00 Y=03 SP=?? N=1 V=0 D=0 I=0 Z=0 C=0 : FWA 37-73:BB9AB1A9:00:00 = +8.94566886E-05 : FWB 03-7D:83FDDF01:00:?? = +6.44490645E-02
846A : EOR #FF        : A=09 X=00 Y=03 SP=?? N=0 V=0 D=0 I=0 Z=0 C=0 : FWA 37-73:BB9AB1A9:00:00 = +8.94566886E-05 : FWB 03-7D:83FDDF01:00:?? = +6.44490645E-02
846C : INC A          : A=0A X=00 Y=03 SP=?? N=0 V=0 D=0 I=0 Z=0 C=0 : FWA 37-73:BB9AB1A9:00:00 = +8.94566886E-05 : FWB 03-7D:83FDDF01:00:?? = +6.44490645E-02
846D : CMP #25        : A=0A X=00 Y=03 SP=?? N=1 V=0 D=0 I=0 Z=0 C=0 : FWA 37-73:BB9AB1A9:00:00 = +8.94566886E-05 : FWB 03-7D:83FDDF01:00:?? = +6.44490645E-02
846F : BCS 840A       : A=0A X=00 Y=03 SP=?? N=1 V=0 D=0 I=0 Z=0 C=0 : FWA 37-73:BB9AB1A9:00:00 = +8.94566886E-05 : FWB 03-7D:83FDDF01:00:?? = +6.44490645E-02
8471 : LDY 3C         : A=0A X=00 Y=7D SP=?? N=0 V=0 D=0 I=0 Z=0 C=0 : FWA 37-73:BB9AB1A9:00:00 = +8.94566886E-05 : FWB 03-7D:83FDDF01:00:?? = +6.44490645E-02
8473 : STY 30         : A=0A X=00 Y=7D SP=?? N=0 V=0 D=0 I=0 Z=0 C=0 : FWA 37-7D:BB9AB1A9:00:00 = +9.16036491E-02 : FWB 03-7D:83FDDF01:00:?? = +6.44490645E-02
8475 : TAY            : A=0A X=00 Y=0A SP=?? N=0 V=0 D=0 I=0 Z=0 C=0 : FWA 37-7D:BB9AB1A9:00:00 = +9.16036491E-02 : FWB 03-7D:83FDDF01:00:?? = +6.44490645E-02
8476 : AND #38        : A=08 X=00 Y=0A SP=?? N=0 V=0 D=0 I=0 Z=0 C=0 : FWA 37-7D:BB9AB1A9:00:00 = +9.16036491E-02 : FWB 03-7D:83FDDF01:00:?? = +6.44490645E-02
8478 : BEQ 8491       : A=08 X=00 Y=0A SP=?? N=0 V=0 D=0 I=0 Z=0 C=0 : FWA 37-7D:BB9AB1A9:00:00 = +9.16036491E-02 : FWB 03-7D:83FDDF01:00:?? = +6.44490645E-02
847A : SEC            : A=08 X=00 Y=0A SP=?? N=0 V=0 D=0 I=0 Z=0 C=1 : FWA 37-7D:BB9AB1A9:00:00 = +9.16036491E-02 : FWB 03-7D:83FDDF01:00:?? = +6.44490645E-02
847B : LDX 34         : A=08 X=A9 Y=0A SP=?? N=1 V=0 D=0 I=0 Z=0 C=1 : FWA 37-7D:BB9AB1A9:00:00 = +9.16036491E-02 : FWB 03-7D:83FDDF01:00:?? = +6.44490645E-02
847D : STX 35         : A=08 X=A9 Y=0A SP=?? N=1 V=0 D=0 I=0 Z=0 C=1 : FWA 37-7D:BB9AB1A9:A9:00 = +9.16036491E-02 : FWB 03-7D:83FDDF01:00:?? = +6.44490645E-02
847F : LDX 33         : A=08 X=B1 Y=0A SP=?? N=1 V=0 D=0 I=0 Z=0 C=1 : FWA 37-7D:BB9AB1A9:A9:00 = +9.16036491E-02 : FWB 03-7D:83FDDF01:00:?? = +6.44490645E-02
8481 : STX 34         : A=08 X=B1 Y=0A SP=?? N=1 V=0 D=0 I=0 Z=0 C=1 : FWA 37-7D:BB9AB1B1:A9:00 = +9.16036494E-02 : FWB 03-7D:83FDDF01:00:?? = +6.44490645E-02
8483 : LDX 32         : A=08 X=9A Y=0A SP=?? N=1 V=0 D=0 I=0 Z=0 C=1 : FWA 37-7D:BB9AB1B1:A9:00 = +9.16036494E-02 : FWB 03-7D:83FDDF01:00:?? = +6.44490645E-02
8485 : STX 33         : A=08 X=9A Y=0A SP=?? N=1 V=0 D=0 I=0 Z=0 C=1 : FWA 37-7D:BB9A9AB1:A9:00 = +9.16034780E-02 : FWB 03-7D:83FDDF01:00:?? = +6.44490645E-02
8487 : LDX 31         : A=08 X=BB Y=0A SP=?? N=1 V=0 D=0 I=0 Z=0 C=1 : FWA 37-7D:BB9A9AB1:A9:00 = +9.16034780E-02 : FWB 03-7D:83FDDF01:00:?? = +6.44490645E-02
8489 : STX 32         : A=08 X=BB Y=0A SP=?? N=1 V=0 D=0 I=0 Z=0 C=1 : FWA 37-7D:BBBB9AB1:A9:00 = +9.16664205E-02 : FWB 03-7D:83FDDF01:00:?? = +6.44490645E-02
848B : STZ 31         : A=08 X=BB Y=0A SP=?? N=1 V=0 D=0 I=0 Z=0 C=1 : FWA 37-7D:00BB9AB1:A9:00 = +3.57826754E-04 : FWB 03-7D:83FDDF01:00:?? = +6.44490645E-02
848D : SBC #08        : A=00 X=BB Y=0A SP=?? N=0 V=0 D=0 I=0 Z=1 C=1 : FWA 37-7D:00BB9AB1:A9:00 = +3.57826754E-04 : FWB 03-7D:83FDDF01:00:?? = +6.44490645E-02
848F : BNE 847B       : A=00 X=BB Y=0A SP=?? N=0 V=0 D=0 I=0 Z=1 C=1 : FWA 37-7D:00BB9AB1:A9:00 = +3.57826754E-04 : FWB 03-7D:83FDDF01:00:?? = +6.44490645E-02
8491 : TYA            : A=0A X=BB Y=0A SP=?? N=0 V=0 D=0 I=0 Z=0 C=1 : FWA 37-7D:00BB9AB1:A9:00 = +3.57826754E-04 : FWB 03-7D:83FDDF01:00:?? = +6.44490645E-02
8492 : AND #07        : A=02 X=BB Y=0A SP=?? N=0 V=0 D=0 I=0 Z=0 C=1 : FWA 37-7D:00BB9AB1:A9:00 = +3.57826754E-04 : FWB 03-7D:83FDDF01:00:?? = +6.44490645E-02
8494 : BEQ 84A3       : A=02 X=BB Y=0A SP=?? N=0 V=0 D=0 I=0 Z=0 C=1 : FWA 37-7D:00BB9AB1:A9:00 = +3.57826754E-04 : FWB 03-7D:83FDDF01:00:?? = +6.44490645E-02
8496 : LSR 31         : A=02 X=BB Y=0A SP=?? N=0 V=0 D=0 I=0 Z=1 C=0 : FWA 37-7D:00BB9AB1:A9:00 = +3.57826754E-04 : FWB 03-7D:83FDDF01:00:?? = +6.44490645E-02
8498 : ROR 32         : A=02 X=BB Y=0A SP=?? N=0 V=0 D=0 I=0 Z=0 C=1 : FWA 37-7D:005D9AB1:A9:00 = +1.78535983E-04 : FWB 03-7D:83FDDF01:00:?? = +6.44490645E-02
849A : ROR 33         : A=02 X=BB Y=0A SP=?? N=1 V=0 D=0 I=0 Z=0 C=0 : FWA 37-7D:005DCDB1:A9:00 = +1.78915962E-04 : FWB 03-7D:83FDDF01:00:?? = +6.44490645E-02
849C : ROR 34         : A=02 X=BB Y=0A SP=?? N=0 V=0 D=0 I=0 Z=0 C=1 : FWA 37-7D:005DCD58:A9:00 = +1.78913372E-04 : FWB 03-7D:83FDDF01:00:?? = +6.44490645E-02
849E : ROR 35         : A=02 X=BB Y=0A SP=?? N=1 V=0 D=0 I=0 Z=0 C=1 : FWA 37-7D:005DCD58:D4:00 = +1.78913377E-04 : FWB 03-7D:83FDDF01:00:?? = +6.44490645E-02
84A0 : DEC A          : A=01 X=BB Y=0A SP=?? N=0 V=0 D=0 I=0 Z=0 C=1 : FWA 37-7D:005DCD58:D4:00 = +1.78913377E-04 : FWB 03-7D:83FDDF01:00:?? = +6.44490645E-02
84A1 : BNE 8496       : A=01 X=BB Y=0A SP=?? N=0 V=0 D=0 I=0 Z=0 C=1 : FWA 37-7D:005DCD58:D4:00 = +1.78913377E-04 : FWB 03-7D:83FDDF01:00:?? = +6.44490645E-02
8496 : LSR 31         : A=01 X=BB Y=0A SP=?? N=0 V=0 D=0 I=0 Z=1 C=0 : FWA 37-7D:005DCD58:D4:00 = +1.78913377E-04 : FWB 03-7D:83FDDF01:00:?? = +6.44490645E-02
8498 : ROR 32         : A=01 X=BB Y=0A SP=?? N=0 V=0 D=0 I=0 Z=0 C=1 : FWA 37-7D:002ECD58:D4:00 = +8.92679914E-05 : FWB 03-7D:83FDDF01:00:?? = +6.44490645E-02
849A : ROR 33         : A=01 X=BB Y=0A SP=?? N=1 V=0 D=0 I=0 Z=0 C=1 : FWA 37-7D:002EE658:D4:00 = +8.94542559E-05 : FWB 03-7D:83FDDF01:00:?? = +6.44490645E-02
849C : ROR 34         : A=01 X=BB Y=0A SP=?? N=1 V=0 D=0 I=0 Z=0 C=0 : FWA 37-7D:002EE6AC:D4:00 = +8.94567006E-05 : FWB 03-7D:83FDDF01:00:?? = +6.44490645E-02
849E : ROR 35         : A=01 X=BB Y=0A SP=?? N=0 V=0 D=0 I=0 Z=0 C=0 : FWA 37-7D:002EE6AC:6A:00 = +8.94566886E-05 : FWB 03-7D:83FDDF01:00:?? = +6.44490645E-02
84A0 : DEC A          : A=00 X=BB Y=0A SP=?? N=0 V=0 D=0 I=0 Z=1 C=0 : FWA 37-7D:002EE6AC:6A:00 = +8.94566886E-05 : FWB 03-7D:83FDDF01:00:?? = +6.44490645E-02
84A1 : BNE 8496       : A=00 X=BB Y=0A SP=?? N=0 V=0 D=0 I=0 Z=1 C=0 : FWA 37-7D:002EE6AC:6A:00 = +8.94566886E-05 : FWB 03-7D:83FDDF01:00:?? = +6.44490645E-02
84A3 : LDA 2E         : A=37 X=BB Y=0A SP=?? N=0 V=0 D=0 I=0 Z=0 C=0 : FWA 37-7D:002EE6AC:6A:00 = +8.94566886E-05 : FWB 03-7D:83FDDF01:00:?? = +6.44490645E-02
84A5 : EOR 3B         : A=34 X=BB Y=0A SP=?? N=0 V=0 D=0 I=0 Z=0 C=0 : FWA 37-7D:002EE6AC:6A:00 = +8.94566886E-05 : FWB 03-7D:83FDDF01:00:?? = +6.44490645E-02
84A7 : BMI 84AD       : A=34 X=BB Y=0A SP=?? N=0 V=0 D=0 I=0 Z=0 C=0 : FWA 37-7D:002EE6AC:6A:00 = +8.94566886E-05 : FWB 03-7D:83FDDF01:00:?? = +6.44490645E-02
84A9 : CLC            : A=34 X=BB Y=0A SP=?? N=0 V=0 D=0 I=0 Z=0 C=0 : FWA 37-7D:002EE6AC:6A:00 = +8.94566886E-05 : FWB 03-7D:83FDDF01:00:?? = +6.44490645E-02
84AA : JMP A489       : A=34 X=BB Y=0A SP=?? N=0 V=0 D=0 I=0 Z=0 C=0 : FWA 37-7D:002EE6AC:6A:00 = +8.94566886E-05 : FWB 03-7D:83FDDF01:00:?? = +6.44490645E-02
A489 : LDA 35         : A=6A X=BB Y=0A SP=?? N=0 V=0 D=0 I=0 Z=0 C=0 : FWA 37-7D:002EE6AC:6A:00 = +8.94566886E-05 : FWB 03-7D:83FDDF01:00:?? = +6.44490645E-02
A48B : ADC 41         : A=6A X=BB Y=0A SP=?? N=0 V=0 D=0 I=0 Z=0 C=0 : FWA 37-7D:002EE6AC:6A:00 = +8.94566886E-05 : FWB 03-7D:83FDDF01:00:?? = +6.44490645E-02
A48D : STA 35         : A=6A X=BB Y=0A SP=?? N=0 V=0 D=0 I=0 Z=0 C=0 : FWA 37-7D:002EE6AC:6A:00 = +8.94566886E-05 : FWB 03-7D:83FDDF01:00:?? = +6.44490645E-02
A48F : LDA 34         : A=AC X=BB Y=0A SP=?? N=1 V=0 D=0 I=0 Z=0 C=0 : FWA 37-7D:002EE6AC:6A:00 = +8.94566886E-05 : FWB 03-7D:83FDDF01:00:?? = +6.44490645E-02
A491 : ADC 40         : A=AD X=BB Y=0A SP=?? N=1 V=0 D=0 I=0 Z=0 C=0 : FWA 37-7D:002EE6AC:6A:00 = +8.94566886E-05 : FWB 03-7D:83FDDF01:00:?? = +6.44490645E-02
A493 : STA 34         : A=AD X=BB Y=0A SP=?? N=1 V=0 D=0 I=0 Z=0 C=0 : FWA 37-7D:002EE6AD:6A:00 = +8.94567177E-05 : FWB 03-7D:83FDDF01:00:?? = +6.44490645E-02
A495 : LDA 33         : A=E6 X=BB Y=0A SP=?? N=1 V=0 D=0 I=0 Z=0 C=0 : FWA 37-7D:002EE6AD:6A:00 = +8.94567177E-05 : FWB 03-7D:83FDDF01:00:?? = +6.44490645E-02
A497 : ADC 3F         : A=C5 X=BB Y=0A SP=?? N=1 V=0 D=0 I=0 Z=0 C=1 : FWA 37-7D:002EE6AD:6A:00 = +8.94567177E-05 : FWB 03-7D:83FDDF01:00:?? = +6.44490645E-02
A499 : STA 33         : A=C5 X=BB Y=0A SP=?? N=1 V=0 D=0 I=0 Z=0 C=1 : FWA 37-7D:002EC5AD:6A:00 = +8.92108485E-05 : FWB 03-7D:83FDDF01:00:?? = +6.44490645E-02
A49B : LDA 32         : A=2E X=BB Y=0A SP=?? N=0 V=0 D=0 I=0 Z=0 C=1 : FWA 37-7D:002EC5AD:6A:00 = +8.92108485E-05 : FWB 03-7D:83FDDF01:00:?? = +6.44490645E-02
A49D : ADC 3E         : A=2C X=BB Y=0A SP=?? N=0 V=0 D=0 I=0 Z=0 C=1 : FWA 37-7D:002EC5AD:6A:00 = +8.92108485E-05 : FWB 03-7D:83FDDF01:00:?? = +6.44490645E-02
A49F : STA 32         : A=2C X=BB Y=0A SP=?? N=0 V=0 D=0 I=0 Z=0 C=1 : FWA 37-7D:002CC5AD:6A:00 = +8.53961512E-05 : FWB 03-7D:83FDDF01:00:?? = +6.44490645E-02
A4A1 : LDA 3D         : A=83 X=BB Y=0A SP=?? N=1 V=0 D=0 I=0 Z=0 C=1 : FWA 37-7D:002CC5AD:6A:00 = +8.53961512E-05 : FWB 03-7D:83FDDF01:00:?? = +6.44490645E-02
A4A3 : ADC 31         : A=84 X=BB Y=0A SP=?? N=1 V=0 D=0 I=0 Z=0 C=0 : FWA 37-7D:002CC5AD:6A:00 = +8.53961512E-05 : FWB 03-7D:83FDDF01:00:?? = +6.44490645E-02
A4A5 : STA 31         : A=84 X=BB Y=0A SP=?? N=1 V=0 D=0 I=0 Z=0 C=0 : FWA 37-7D:842CC5AD:6A:00 = +6.45385212E-02 : FWB 03-7D:83FDDF01:00:?? = +6.44490645E-02
A4A7 : BCC A4B9       : A=84 X=BB Y=0A SP=?? N=1 V=0 D=0 I=0 Z=0 C=0 : FWA 37-7D:842CC5AD:6A:00 = +6.45385212E-02 : FWB 03-7D:83FDDF01:00:?? = +6.44490645E-02
A4B9 : RTS            : A=84 X=BB Y=0A SP=?? N=1 V=0 D=0 I=0 Z=0 C=0 : FWA 37-7D:842CC5AD:6A:00 = +6.45385212E-02 : FWB 03-7D:83FDDF01:00:?? = +6.44490645E-02
A712 : LDA 35         : A=6A X=BB Y=0A SP=?? N=0 V=0 D=0 I=0 Z=0 C=0 : FWA 37-7D:842CC5AD:6A:00 = +6.45385212E-02 : FWB 03-7D:83FDDF01:00:?? = +6.44490645E-02
A714 : BPL A725       : A=6A X=BB Y=0A SP=?? N=0 V=0 D=0 I=0 Z=0 C=0 : FWA 37-7D:842CC5AD:6A:00 = +6.45385212E-02 : FWB 03-7D:83FDDF01:00:?? = +6.44490645E-02
A725 : LDA 2F         : A=00 X=BB Y=0A SP=?? N=0 V=0 D=0 I=0 Z=1 C=0 : FWA 37-7D:842CC5AD:6A:00 = +6.45385212E-02 : FWB 03-7D:83FDDF01:00:?? = +6.44490645E-02
A727 : BEQ A739       : A=00 X=BB Y=0A SP=?? N=0 V=0 D=0 I=0 Z=1 C=0 : FWA 37-7D:842CC5AD:6A:00 = +6.45385212E-02 : FWB 03-7D:83FDDF01:00:?? = +6.44490645E-02
A739 : STZ 35         : A=00 X=BB Y=0A SP=?? N=0 V=0 D=0 I=0 Z=1 C=0 : FWA 37-7D:842CC5AD:00:00 = +6.45385211E-02 : FWB 03-7D:83FDDF01:00:?? = +6.44490645E-02
A73B : LDA #FF        : A=FF X=BB Y=0A SP=?? N=1 V=0 D=0 I=0 Z=0 C=0 : FWA 37-7D:842CC5AD:00:00 = +6.45385211E-02 : FWB 03-7D:83FDDF01:00:?? = +6.44490645E-02
A73D : RTS            : A=FF X=BB Y=0A SP=?? N=1 V=0 D=0 I=0 Z=0 C=0 : FWA 37-7D:842CC5AD:00:00 = +6.45385211E-02 : FWB 03-7D:83FDDF01:00:?? = +6.44490645E-02
A7ED : INC 30         : A=FF X=BB Y=0A SP=?? N=0 V=0 D=0 I=0 Z=0 C=0 : FWA 37-7E:842CC5AD:00:00 = +1.29077042E-01 : FWB 03-7D:83FDDF01:00:?? = +6.44490645E-02
A7EF : JSR A545       : A=FF X=BB Y=0A SP=?? N=0 V=0 D=0 I=0 Z=0 C=0 : FWA 37-7E:842CC5AD:00:00 = +1.29077042E-01 : FWB 03-7D:83FDDF01:00:?? = +6.44490645E-02
A545 : LDA #6C        : A=6C X=BB Y=0A SP=?? N=0 V=0 D=0 I=0 Z=0 C=0 : FWA 37-7E:842CC5AD:00:00 = +1.29077042E-01 : FWB 03-7D:83FDDF01:00:?? = +6.44490645E-02
A547 : STA 4A         : A=6C X=BB Y=0A SP=?? N=0 V=0 D=0 I=0 Z=0 C=0 : FWA 37-7E:842CC5AD:00:00 = +1.29077042E-01 : FWB 03-7D:83FDDF01:00:?? = +6.44490645E-02
A549 : LDA #04        : A=04 X=BB Y=0A SP=?? N=0 V=0 D=0 I=0 Z=0 C=0 : FWA 37-7E:842CC5AD:00:00 = +1.29077042E-01 : FWB 03-7D:83FDDF01:00:?? = +6.44490645E-02
A54B : STA 4B         : A=04 X=BB Y=0A SP=?? N=0 V=0 D=0 I=0 Z=0 C=0 : FWA 37-7E:842CC5AD:00:00 = +1.29077042E-01 : FWB 03-7D:83FDDF01:00:?? = +6.44490645E-02
A54D : LDA 30         : A=7E X=BB Y=0A SP=?? N=0 V=0 D=0 I=0 Z=0 C=0 : FWA 37-7E:842CC5AD:00:00 = +1.29077042E-01 : FWB 03-7D:83FDDF01:00:?? = +6.44490645E-02
A54F : STA (4A)       : A=7E X=BB Y=0A SP=?? N=0 V=0 D=0 I=0 Z=0 C=0 : FWA 37-7E:842CC5AD:00:00 = +1.29077042E-01 : FWB 03-7D:83FDDF01:00:?? = +6.44490645E-02
A551 : LDY #01        : A=7E X=BB Y=01 SP=?? N=0 V=0 D=0 I=0 Z=0 C=0 : FWA 37-7E:842CC5AD:00:00 = +1.29077042E-01 : FWB 03-7D:83FDDF01:00:?? = +6.44490645E-02
A553 : LDA 2E         : A=37 X=BB Y=01 SP=?? N=0 V=0 D=0 I=0 Z=0 C=0 : FWA 37-7E:842CC5AD:00:00 = +1.29077042E-01 : FWB 03-7D:83FDDF01:00:?? = +6.44490645E-02
A555 : EOR 31         : A=B3 X=BB Y=01 SP=?? N=1 V=0 D=0 I=0 Z=0 C=0 : FWA 37-7E:842CC5AD:00:00 = +1.29077042E-01 : FWB 03-7D:83FDDF01:00:?? = +6.44490645E-02
A557 : AND #80        : A=80 X=BB Y=01 SP=?? N=1 V=0 D=0 I=0 Z=0 C=0 : FWA 37-7E:842CC5AD:00:00 = +1.29077042E-01 : FWB 03-7D:83FDDF01:00:?? = +6.44490645E-02
A559 : EOR 31         : A=04 X=BB Y=01 SP=?? N=0 V=0 D=0 I=0 Z=0 C=0 : FWA 37-7E:842CC5AD:00:00 = +1.29077042E-01 : FWB 03-7D:83FDDF01:00:?? = +6.44490645E-02
A55B : STA (4A),Y     : A=04 X=BB Y=01 SP=?? N=0 V=0 D=0 I=0 Z=0 C=0 : FWA 37-7E:842CC5AD:00:00 = +1.29077042E-01 : FWB 03-7D:83FDDF01:00:?? = +6.44490645E-02
A55D : LDA 32         : A=2C X=BB Y=01 SP=?? N=0 V=0 D=0 I=0 Z=0 C=0 : FWA 37-7E:842CC5AD:00:00 = +1.29077042E-01 : FWB 03-7D:83FDDF01:00:?? = +6.44490645E-02
A55F : INY            : A=2C X=BB Y=02 SP=?? N=0 V=0 D=0 I=0 Z=0 C=0 : FWA 37-7E:842CC5AD:00:00 = +1.29077042E-01 : FWB 03-7D:83FDDF01:00:?? = +6.44490645E-02
A560 : STA (4A),Y     : A=2C X=BB Y=02 SP=?? N=0 V=0 D=0 I=0 Z=0 C=0 : FWA 37-7E:842CC5AD:00:00 = +1.29077042E-01 : FWB 03-7D:83FDDF01:00:?? = +6.44490645E-02
A562 : LDA 33         : A=C5 X=BB Y=02 SP=?? N=1 V=0 D=0 I=0 Z=0 C=0 : FWA 37-7E:842CC5AD:00:00 = +1.29077042E-01 : FWB 03-7D:83FDDF01:00:?? = +6.44490645E-02
A564 : INY            : A=C5 X=BB Y=03 SP=?? N=0 V=0 D=0 I=0 Z=0 C=0 : FWA 37-7E:842CC5AD:00:00 = +1.29077042E-01 : FWB 03-7D:83FDDF01:00:?? = +6.44490645E-02
A565 : STA (4A),Y     : A=C5 X=BB Y=03 SP=?? N=0 V=0 D=0 I=0 Z=0 C=0 : FWA 37-7E:842CC5AD:00:00 = +1.29077042E-01 : FWB 03-7D:83FDDF01:00:?? = +6.44490645E-02
A567 : LDA 34         : A=AD X=BB Y=03 SP=?? N=1 V=0 D=0 I=0 Z=0 C=0 : FWA 37-7E:842CC5AD:00:00 = +1.29077042E-01 : FWB 03-7D:83FDDF01:00:?? = +6.44490645E-02
A569 : INY            : A=AD X=BB Y=04 SP=?? N=0 V=0 D=0 I=0 Z=0 C=0 : FWA 37-7E:842CC5AD:00:00 = +1.29077042E-01 : FWB 03-7D:83FDDF01:00:?? = +6.44490645E-02
A56A : STA (4A),Y     : A=AD X=BB Y=04 SP=?? N=0 V=0 D=0 I=0 Z=0 C=0 : FWA 37-7E:842CC5AD:00:00 = +1.29077042E-01 : FWB 03-7D:83FDDF01:00:?? = +6.44490645E-02
A56C : RTS            : A=AD X=BB Y=04 SP=?? N=0 V=0 D=0 I=0 Z=0 C=0 : FWA 37-7E:842CC5AD:00:00 = +1.29077042E-01 : FWB 03-7D:83FDDF01:00:?? = +6.44490645E-02
A7F2 : PLA            : A=8A X=BB Y=04 SP=?? N=1 V=0 D=0 I=0 Z=0 C=0 : FWA 37-7E:842CC5AD:00:00 = +1.29077042E-01 : FWB 03-7D:83FDDF01:00:?? = +6.44490645E-02
A7F3 : EOR #80        : A=0A X=BB Y=04 SP=?? N=0 V=0 D=0 I=0 Z=0 C=0 : FWA 37-7E:842CC5AD:00:00 = +1.29077042E-01 : FWB 03-7D:83FDDF01:00:?? = +6.44490645E-02
A7F5 : BEQ A805       : A=0A X=BB Y=04 SP=?? N=0 V=0 D=0 I=0 Z=0 C=0 : FWA 37-7E:842CC5AD:00:00 = +1.29077042E-01 : FWB 03-7D:83FDDF01:00:?? = +6.44490645E-02
A7F7 : JSR 82E6       : A=0A X=BB Y=04 SP=?? N=0 V=0 D=0 I=0 Z=0 C=0 : FWA 37-7E:842CC5AD:00:00 = +1.29077042E-01 : FWB 03-7D:83FDDF01:00:?? = +6.44490645E-02
82E6 : STA 2E         : A=0A X=BB Y=04 SP=?? N=0 V=0 D=0 I=0 Z=0 C=0 : FWA 0A-7E:842CC5AD:00:00 = +1.29077042E-01 : FWB 03-7D:83FDDF01:00:?? = +6.44490645E-02
82E8 : JSR A731       : A=0A X=BB Y=04 SP=?? N=0 V=0 D=0 I=0 Z=0 C=0 : FWA 0A-7E:842CC5AD:00:00 = +1.29077042E-01 : FWB 03-7D:83FDDF01:00:?? = +6.44490645E-02
A731 : STZ 2F         : A=0A X=BB Y=04 SP=?? N=0 V=0 D=0 I=0 Z=0 C=0 : FWA 0A-7E:842CC5AD:00:00 = +1.29077042E-01 : FWB 03-7D:83FDDF01:00:?? = +6.44490645E-02
A733 : STZ 32         : A=0A X=BB Y=04 SP=?? N=0 V=0 D=0 I=0 Z=0 C=0 : FWA 0A-7E:8400C5AD:00:00 = +1.28909196E-01 : FWB 03-7D:83FDDF01:00:?? = +6.44490645E-02
A735 : STZ 33         : A=0A X=BB Y=04 SP=?? N=0 V=0 D=0 I=0 Z=0 C=0 : FWA 0A-7E:840000AD:00:00 = +1.28906260E-01 : FWB 03-7D:83FDDF01:00:?? = +6.44490645E-02
A737 : STZ 34         : A=0A X=BB Y=04 SP=?? N=0 V=0 D=0 I=0 Z=0 C=0 : FWA 0A-7E:84000000:00:00 = +1.28906250E-01 : FWB 03-7D:83FDDF01:00:?? = +6.44490645E-02
A739 : STZ 35         : A=0A X=BB Y=04 SP=?? N=0 V=0 D=0 I=0 Z=0 C=0 : FWA 0A-7E:84000000:00:00 = +1.28906250E-01 : FWB 03-7D:83FDDF01:00:?? = +6.44490645E-02
A73B : LDA #FF        : A=FF X=BB Y=04 SP=?? N=1 V=0 D=0 I=0 Z=0 C=0 : FWA 0A-7E:84000000:00:00 = +1.28906250E-01 : FWB 03-7D:83FDDF01:00:?? = +6.44490645E-02
A73D : RTS            : A=FF X=BB Y=04 SP=?? N=1 V=0 D=0 I=0 Z=0 C=0 : FWA 0A-7E:84000000:00:00 = +1.28906250E-01 : FWB 03-7D:83FDDF01:00:?? = +6.44490645E-02
82EB : LDA 2E         : A=0A X=BB Y=04 SP=?? N=0 V=0 D=0 I=0 Z=0 C=0 : FWA 0A-7E:84000000:00:00 = +1.28906250E-01 : FWB 03-7D:83FDDF01:00:?? = +6.44490645E-02
82ED : BEQ 82DD       : A=0A X=BB Y=04 SP=?? N=0 V=0 D=0 I=0 Z=0 C=0 : FWA 0A-7E:84000000:00:00 = +1.28906250E-01 : FWB 03-7D:83FDDF01:00:?? = +6.44490645E-02
82EF : BPL 82F4       : A=0A X=BB Y=04 SP=?? N=0 V=0 D=0 I=0 Z=0 C=0 : FWA 0A-7E:84000000:00:00 = +1.28906250E-01 : FWB 03-7D:83FDDF01:00:?? = +6.44490645E-02
82F4 : LDY #89        : A=0A X=BB Y=89 SP=?? N=1 V=0 D=0 I=0 Z=0 C=0 : FWA 0A-7E:84000000:00:00 = +1.28906250E-01 : FWB 03-7D:83FDDF01:00:?? = +6.44490645E-02
82F6 : LSR A          : A=05 X=BB Y=89 SP=?? N=0 V=0 D=0 I=0 Z=0 C=0 : FWA 0A-7E:84000000:00:00 = +1.28906250E-01 : FWB 03-7D:83FDDF01:00:?? = +6.44490645E-02
82F7 : DEY            : A=05 X=BB Y=88 SP=?? N=1 V=0 D=0 I=0 Z=0 C=0 : FWA 0A-7E:84000000:00:00 = +1.28906250E-01 : FWB 03-7D:83FDDF01:00:?? = +6.44490645E-02
82F8 : ROL A          : A=0A X=BB Y=88 SP=?? N=0 V=0 D=0 I=0 Z=0 C=0 : FWA 0A-7E:84000000:00:00 = +1.28906250E-01 : FWB 03-7D:83FDDF01:00:?? = +6.44490645E-02
82F9 : BPL 82F7       : A=0A X=BB Y=88 SP=?? N=0 V=0 D=0 I=0 Z=0 C=0 : FWA 0A-7E:84000000:00:00 = +1.28906250E-01 : FWB 03-7D:83FDDF01:00:?? = +6.44490645E-02
82F7 : DEY            : A=0A X=BB Y=87 SP=?? N=1 V=0 D=0 I=0 Z=0 C=0 : FWA 0A-7E:84000000:00:00 = +1.28906250E-01 : FWB 03-7D:83FDDF01:00:?? = +6.44490645E-02
82F8 : ROL A          : A=14 X=BB Y=87 SP=?? N=0 V=0 D=0 I=0 Z=0 C=0 : FWA 0A-7E:84000000:00:00 = +1.28906250E-01 : FWB 03-7D:83FDDF01:00:?? = +6.44490645E-02
82F9 : BPL 82F7       : A=14 X=BB Y=87 SP=?? N=0 V=0 D=0 I=0 Z=0 C=0 : FWA 0A-7E:84000000:00:00 = +1.28906250E-01 : FWB 03-7D:83FDDF01:00:?? = +6.44490645E-02
82F7 : DEY            : A=14 X=BB Y=86 SP=?? N=1 V=0 D=0 I=0 Z=0 C=0 : FWA 0A-7E:84000000:00:00 = +1.28906250E-01 : FWB 03-7D:83FDDF01:00:?? = +6.44490645E-02
82F8 : ROL A          : A=28 X=BB Y=86 SP=?? N=0 V=0 D=0 I=0 Z=0 C=0 : FWA 0A-7E:84000000:00:00 = +1.28906250E-01 : FWB 03-7D:83FDDF01:00:?? = +6.44490645E-02
82F9 : BPL 82F7       : A=28 X=BB Y=86 SP=?? N=0 V=0 D=0 I=0 Z=0 C=0 : FWA 0A-7E:84000000:00:00 = +1.28906250E-01 : FWB 03-7D:83FDDF01:00:?? = +6.44490645E-02
82F7 : DEY            : A=28 X=BB Y=85 SP=?? N=1 V=0 D=0 I=0 Z=0 C=0 : FWA 0A-7E:84000000:00:00 = +1.28906250E-01 : FWB 03-7D:83FDDF01:00:?? = +6.44490645E-02
82F8 : ROL A          : A=50 X=BB Y=85 SP=?? N=0 V=0 D=0 I=0 Z=0 C=0 : FWA 0A-7E:84000000:00:00 = +1.28906250E-01 : FWB 03-7D:83FDDF01:00:?? = +6.44490645E-02
82F9 : BPL 82F7       : A=50 X=BB Y=85 SP=?? N=0 V=0 D=0 I=0 Z=0 C=0 : FWA 0A-7E:84000000:00:00 = +1.28906250E-01 : FWB 03-7D:83FDDF01:00:?? = +6.44490645E-02
82F7 : DEY            : A=50 X=BB Y=84 SP=?? N=1 V=0 D=0 I=0 Z=0 C=0 : FWA 0A-7E:84000000:00:00 = +1.28906250E-01 : FWB 03-7D:83FDDF01:00:?? = +6.44490645E-02
82F8 : ROL A          : A=A0 X=BB Y=84 SP=?? N=1 V=0 D=0 I=0 Z=0 C=0 : FWA 0A-7E:84000000:00:00 = +1.28906250E-01 : FWB 03-7D:83FDDF01:00:?? = +6.44490645E-02
82F9 : BPL 82F7       : A=A0 X=BB Y=84 SP=?? N=1 V=0 D=0 I=0 Z=0 C=0 : FWA 0A-7E:84000000:00:00 = +1.28906250E-01 : FWB 03-7D:83FDDF01:00:?? = +6.44490645E-02
82FB : STY 30         : A=A0 X=BB Y=84 SP=?? N=1 V=0 D=0 I=0 Z=0 C=0 : FWA 0A-84:84000000:00:00 = +8.25000000E+00 : FWB 03-7D:83FDDF01:00:?? = +6.44490645E-02
82FD : STZ 2F         : A=A0 X=BB Y=84 SP=?? N=1 V=0 D=0 I=0 Z=0 C=0 : FWA 0A-84:84000000:00:00 = +8.25000000E+00 : FWB 03-7D:83FDDF01:00:?? = +6.44490645E-02
82FF : STA 31         : A=A0 X=BB Y=84 SP=?? N=1 V=0 D=0 I=0 Z=0 C=0 : FWA 0A-84:A0000000:00:00 = +1.00000000E+01 : FWB 03-7D:83FDDF01:00:?? = +6.44490645E-02
8301 : RTS            : A=A0 X=BB Y=84 SP=?? N=1 V=0 D=0 I=0 Z=0 C=0 : FWA 0A-84:A0000000:00:00 = +1.00000000E+01 : FWB 03-7D:83FDDF01:00:?? = +6.44490645E-02
A7FA : LDA #9F        : A=9F X=BB Y=84 SP=?? N=1 V=0 D=0 I=0 Z=0 C=0 : FWA 0A-84:A0000000:00:00 = +1.00000000E+01 : FWB 03-7D:83FDDF01:00:?? = +6.44490645E-02
A7FC : JSR A5B4       : A=9F X=BB Y=84 SP=?? N=1 V=0 D=0 I=0 Z=0 C=0 : FWA 0A-84:A0000000:00:00 = +1.00000000E+01 : FWB 03-7D:83FDDF01:00:?? = +6.44490645E-02
A5B4 : LDY #BF        : A=9F X=BB Y=BF SP=?? N=1 V=0 D=0 I=0 Z=0 C=0 : FWA 0A-84:A0000000:00:00 = +1.00000000E+01 : FWB 03-7D:83FDDF01:00:?? = +6.44490645E-02
A5B6 : STA 4A         : A=9F X=BB Y=BF SP=?? N=1 V=0 D=0 I=0 Z=0 C=0 : FWA 0A-84:A0000000:00:00 = +1.00000000E+01 : FWB 03-7D:83FDDF01:00:?? = +6.44490645E-02
A5B8 : STY 4B         : A=9F X=BB Y=BF SP=?? N=1 V=0 D=0 I=0 Z=0 C=0 : FWA 0A-84:A0000000:00:00 = +1.00000000E+01 : FWB 03-7D:83FDDF01:00:?? = +6.44490645E-02
A5BA : RTS            : A=9F X=BB Y=BF SP=?? N=1 V=0 D=0 I=0 Z=0 C=0 : FWA 0A-84:A0000000:00:00 = +1.00000000E+01 : FWB 03-7D:83FDDF01:00:?? = +6.44490645E-02
A7FF : JSR A9A3       : A=9F X=BB Y=BF SP=?? N=1 V=0 D=0 I=0 Z=0 C=0 : FWA 0A-84:A0000000:00:00 = +1.00000000E+01 : FWB 03-7D:83FDDF01:00:?? = +6.44490645E-02
A9A3 : JSR A514       : A=9F X=BB Y=BF SP=?? N=1 V=0 D=0 I=0 Z=0 C=0 : FWA 0A-84:A0000000:00:00 = +1.00000000E+01 : FWB 03-7D:83FDDF01:00:?? = +6.44490645E-02
A514 : STZ 41         : A=9F X=BB Y=BF SP=?? N=1 V=0 D=0 I=0 Z=0 C=0 : FWA 0A-84:A0000000:00:00 = +1.00000000E+01 : FWB 03-7D:83FDDF01:00:?? = +6.44490645E-02
A516 : LDY #04        : A=9F X=BB Y=04 SP=?? N=0 V=0 D=0 I=0 Z=0 C=0 : FWA 0A-84:A0000000:00:00 = +1.00000000E+01 : FWB 03-7D:83FDDF01:00:?? = +6.44490645E-02
A518 : LDA (4A),Y     : A=F7 X=BB Y=04 SP=?? N=1 V=0 D=0 I=0 Z=0 C=0 : FWA 0A-84:A0000000:00:00 = +1.00000000E+01 : FWB 03-7D:83FDDF01:00:?? = +6.44490645E-02
A51A : STA 40         : A=F7 X=BB Y=04 SP=?? N=1 V=0 D=0 I=0 Z=0 C=0 : FWA 0A-84:A0000000:00:00 = +1.00000000E+01 : FWB 03-7D:83FDDFF7:00:?? = +6.44490716E-02
A51C : DEY            : A=F7 X=BB Y=03 SP=?? N=0 V=0 D=0 I=0 Z=0 C=0 : FWA 0A-84:A0000000:00:00 = +1.00000000E+01 : FWB 03-7D:83FDDFF7:00:?? = +6.44490716E-02
A51D : LDA (4A),Y     : A=17 X=BB Y=03 SP=?? N=0 V=0 D=0 I=0 Z=0 C=0 : FWA 0A-84:A0000000:00:00 = +1.00000000E+01 : FWB 03-7D:83FDDFF7:00:?? = +6.44490716E-02
A51F : STA 3F         : A=17 X=BB Y=03 SP=?? N=0 V=0 D=0 I=0 Z=0 C=0 : FWA 0A-84:A0000000:00:00 = +1.00000000E+01 : FWB 03-7D:83FD17F7:00:?? = +6.44475815E-02
A521 : DEY            : A=17 X=BB Y=02 SP=?? N=0 V=0 D=0 I=0 Z=0 C=0 : FWA 0A-84:A0000000:00:00 = +1.00000000E+01 : FWB 03-7D:83FD17F7:00:?? = +6.44475815E-02
A522 : LDA (4A),Y     : A=72 X=BB Y=02 SP=?? N=0 V=0 D=0 I=0 Z=0 C=0 : FWA 0A-84:A0000000:00:00 = +1.00000000E+01 : FWB 03-7D:83FD17F7:00:?? = +6.44475815E-02
A524 : STA 3E         : A=72 X=BB Y=02 SP=?? N=0 V=0 D=0 I=0 Z=0 C=0 : FWA 0A-84:A0000000:00:00 = +1.00000000E+01 : FWB 03-7D:837217F7:00:?? = +6.41824600E-02
A526 : DEY            : A=72 X=BB Y=01 SP=?? N=0 V=0 D=0 I=0 Z=0 C=0 : FWA 0A-84:A0000000:00:00 = +1.00000000E+01 : FWB 03-7D:837217F7:00:?? = +6.41824600E-02
A527 : LDA (4A),Y     : A=31 X=BB Y=01 SP=?? N=0 V=0 D=0 I=0 Z=0 C=0 : FWA 0A-84:A0000000:00:00 = +1.00000000E+01 : FWB 03-7D:837217F7:00:?? = +6.41824600E-02
A529 : STA 3B         : A=31 X=BB Y=01 SP=?? N=0 V=0 D=0 I=0 Z=0 C=0 : FWA 0A-84:A0000000:00:00 = +1.00000000E+01 : FWB 31-7D:837217F7:00:?? = +6.41824600E-02
A52B : TAY            : A=31 X=BB Y=31 SP=?? N=0 V=0 D=0 I=0 Z=0 C=0 : FWA 0A-84:A0000000:00:00 = +1.00000000E+01 : FWB 31-7D:837217F7:00:?? = +6.41824600E-02
A52C : LDA (4A)       : A=80 X=BB Y=31 SP=?? N=1 V=0 D=0 I=0 Z=0 C=0 : FWA 0A-84:A0000000:00:00 = +1.00000000E+01 : FWB 31-7D:837217F7:00:?? = +6.41824600E-02
A52E : STA 3C         : A=80 X=BB Y=31 SP=?? N=1 V=0 D=0 I=0 Z=0 C=0 : FWA 0A-84:A0000000:00:00 = +1.00000000E+01 : FWB 31-80:837217F7:00:?? = +5.13459680E-01
A530 : BNE A53B       : A=80 X=BB Y=31 SP=?? N=1 V=0 D=0 I=0 Z=0 C=0 : FWA 0A-84:A0000000:00:00 = +1.00000000E+01 : FWB 31-80:837217F7:00:?? = +5.13459680E-01
A53B : TYA            : A=31 X=BB Y=31 SP=?? N=0 V=0 D=0 I=0 Z=0 C=0 : FWA 0A-84:A0000000:00:00 = +1.00000000E+01 : FWB 31-80:837217F7:00:?? = +5.13459680E-01
A53C : ORA #80        : A=B1 X=BB Y=31 SP=?? N=1 V=0 D=0 I=0 Z=0 C=0 : FWA 0A-84:A0000000:00:00 = +1.00000000E+01 : FWB 31-80:837217F7:00:?? = +5.13459680E-01
A53E : STA 3D         : A=B1 X=BB Y=31 SP=?? N=1 V=0 D=0 I=0 Z=0 C=0 : FWA 0A-84:A0000000:00:00 = +1.00000000E+01 : FWB 31-80:B17217F7:00:?? = +6.93147180E-01
A540 : RTS            : A=B1 X=BB Y=31 SP=?? N=1 V=0 D=0 I=0 Z=0 C=0 : FWA 0A-84:A0000000:00:00 = +1.00000000E+01 : FWB 31-80:B17217F7:00:?? = +6.93147180E-01
A9A6 : LDY #05        : A=B1 X=BB Y=05 SP=?? N=0 V=0 D=0 I=0 Z=0 C=0 : FWA 0A-84:A0000000:00:00 = +1.00000000E+01 : FWB 31-80:B17217F7:00:?? = +6.93147180E-01
A9A8 : LDA (4A),Y     : A=D1 X=BB Y=05 SP=?? N=1 V=0 D=0 I=0 Z=0 C=0 : FWA 0A-84:A0000000:00:00 = +1.00000000E+01 : FWB 31-80:B17217F7:00:?? = +6.93147180E-01
A9AA : STA 41         : A=D1 X=BB Y=05 SP=?? N=1 V=0 D=0 I=0 Z=0 C=0 : FWA 0A-84:A0000000:00:00 = +1.00000000E+01 : FWB 31-80:B17217F7:D1:?? = +6.93147181E-01
A9AC : JSR A73E       : A=D1 X=BB Y=05 SP=?? N=1 V=0 D=0 I=0 Z=0 C=0 : FWA 0A-84:A0000000:00:00 = +1.00000000E+01 : FWB 31-80:B17217F7:D1:?? = +6.93147181E-01
A73E : CLC            : A=D1 X=BB Y=05 SP=?? N=1 V=0 D=0 I=0 Z=0 C=0 : FWA 0A-84:A0000000:00:00 = +1.00000000E+01 : FWB 31-80:B17217F7:D1:?? = +6.93147181E-01
A73F : LDA 30         : A=84 X=BB Y=05 SP=?? N=1 V=0 D=0 I=0 Z=0 C=0 : FWA 0A-84:A0000000:00:00 = +1.00000000E+01 : FWB 31-80:B17217F7:D1:?? = +6.93147181E-01
A741 : ADC 3C         : A=04 X=BB Y=05 SP=?? N=0 V=1 D=0 I=0 Z=0 C=1 : FWA 0A-84:A0000000:00:00 = +1.00000000E+01 : FWB 31-80:B17217F7:D1:?? = +6.93147181E-01
A743 : ROL 2F         : A=04 X=BB Y=05 SP=?? N=0 V=1 D=0 I=0 Z=0 C=0 : FWA 0A-84:A0000000:00:01 = +1.00000000E+01 : FWB 31-80:B17217F7:D1:?? = +6.93147181E-01
A745 : SBC #7F        : A=84 X=BB Y=05 SP=?? N=1 V=0 D=0 I=0 Z=0 C=0 : FWA 0A-84:A0000000:00:01 = +1.00000000E+01 : FWB 31-80:B17217F7:D1:?? = +6.93147181E-01
A747 : STA 30         : A=84 X=BB Y=05 SP=?? N=1 V=0 D=0 I=0 Z=0 C=0 : FWA 0A-84:A0000000:00:01 = +1.00000000E+01 : FWB 31-80:B17217F7:D1:?? = +6.93147181E-01
A749 : BCS A74D       : A=84 X=BB Y=05 SP=?? N=1 V=0 D=0 I=0 Z=0 C=0 : FWA 0A-84:A0000000:00:01 = +1.00000000E+01 : FWB 31-80:B17217F7:D1:?? = +6.93147181E-01
A74B : DEC 2F         : A=84 X=BB Y=05 SP=?? N=0 V=0 D=0 I=0 Z=1 C=0 : FWA 0A-84:A0000000:00:00 = +1.00000000E+01 : FWB 31-80:B17217F7:D1:?? = +6.93147181E-01
A74D : LDA 2E         : A=0A X=BB Y=05 SP=?? N=0 V=0 D=0 I=0 Z=0 C=0 : FWA 0A-84:A0000000:00:00 = +1.00000000E+01 : FWB 31-80:B17217F7:D1:?? = +6.93147181E-01
A74F : EOR 3B         : A=3B X=BB Y=05 SP=?? N=0 V=0 D=0 I=0 Z=0 C=0 : FWA 0A-84:A0000000:00:00 = +1.00000000E+01 : FWB 31-80:B17217F7:D1:?? = +6.93147181E-01
A751 : STA 2E         : A=3B X=BB Y=05 SP=?? N=0 V=0 D=0 I=0 Z=0 C=0 : FWA 3B-84:A0000000:00:00 = +1.00000000E+01 : FWB 31-80:B17217F7:D1:?? = +6.93147181E-01
A753 : PHX            : A=3B X=BB Y=05 SP=?? N=0 V=0 D=0 I=0 Z=0 C=0 : FWA 3B-84:A0000000:00:00 = +1.00000000E+01 : FWB 31-80:B17217F7:D1:?? = +6.93147181E-01
A754 : LDX #F8        : A=3B X=F8 Y=05 SP=?? N=1 V=0 D=0 I=0 Z=0 C=0 : FWA 3B-84:A0000000:00:00 = +1.00000000E+01 : FWB 31-80:B17217F7:D1:?? = +6.93147181E-01
A756 : LDY #04        : A=3B X=F8 Y=04 SP=?? N=0 V=0 D=0 I=0 Z=0 C=0 : FWA 3B-84:A0000000:00:00 = +1.00000000E+01 : FWB 31-80:B17217F7:D1:?? = +6.93147181E-01
A758 : LDA 39,X       : A=A0 X=F8 Y=04 SP=?? N=1 V=0 D=0 I=0 Z=0 C=0 : FWA 3B-84:A0000000:00:00 = +1.00000000E+01 : FWB 31-80:B17217F7:D1:?? = +6.93147181E-01
A75A : STZ 39,X       : A=A0 X=F8 Y=04 SP=?? N=1 V=0 D=0 I=0 Z=0 C=0 : FWA 3B-84:00000000:00:00 = +0.00000000E+00 : FWB 31-80:B17217F7:D1:?? = +6.93147181E-01
A75C : STA 0041,Y     : A=A0 X=F8 Y=04 SP=?? N=1 V=0 D=0 I=0 Z=0 C=0 : FWA 3B-84:00000000:00:00 = +0.00000000E+00 : FWB 31-80:B17217F7:D1:?? = +6.93147181E-01
A75F : INX            : A=A0 X=F9 Y=04 SP=?? N=1 V=0 D=0 I=0 Z=0 C=0 : FWA 3B-84:00000000:00:00 = +0.00000000E+00 : FWB 31-80:B17217F7:D1:?? = +6.93147181E-01
A760 : DEY            : A=A0 X=F9 Y=03 SP=?? N=0 V=0 D=0 I=0 Z=0 C=0 : FWA 3B-84:00000000:00:00 = +0.00000000E+00 : FWB 31-80:B17217F7:D1:?? = +6.93147181E-01
A761 : BNE A758       : A=A0 X=F9 Y=03 SP=?? N=0 V=0 D=0 I=0 Z=0 C=0 : FWA 3B-84:00000000:00:00 = +0.00000000E+00 : FWB 31-80:B17217F7:D1:?? = +6.93147181E-01
A758 : LDA 39,X       : A=00 X=F9 Y=03 SP=?? N=0 V=0 D=0 I=0 Z=1 C=0 : FWA 3B-84:00000000:00:00 = +0.00000000E+00 : FWB 31-80:B17217F7:D1:?? = +6.93147181E-01
A75A : STZ 39,X       : A=00 X=F9 Y=03 SP=?? N=0 V=0 D=0 I=0 Z=1 C=0 : FWA 3B-84:00000000:00:00 = +0.00000000E+00 : FWB 31-80:B17217F7:D1:?? = +6.93147181E-01
A75C : STA 0041,Y     : A=00 X=F9 Y=03 SP=?? N=0 V=0 D=0 I=0 Z=1 C=0 : FWA 3B-84:00000000:00:00 = +0.00000000E+00 : FWB 31-80:B17217F7:D1:?? = +6.93147181E-01
A75F : INX            : A=00 X=FA Y=03 SP=?? N=1 V=0 D=0 I=0 Z=0 C=0 : FWA 3B-84:00000000:00:00 = +0.00000000E+00 : FWB 31-80:B17217F7:D1:?? = +6.93147181E-01
A760 : DEY            : A=00 X=FA Y=02 SP=?? N=0 V=0 D=0 I=0 Z=0 C=0 : FWA 3B-84:00000000:00:00 = +0.00000000E+00 : FWB 31-80:B17217F7:D1:?? = +6.93147181E-01
A761 : BNE A758       : A=00 X=FA Y=02 SP=?? N=0 V=0 D=0 I=0 Z=0 C=0 : FWA 3B-84:00000000:00:00 = +0.00000000E+00 : FWB 31-80:B17217F7:D1:?? = +6.93147181E-01
A758 : LDA 39,X       : A=00 X=FA Y=02 SP=?? N=0 V=0 D=0 I=0 Z=1 C=0 : FWA 3B-84:00000000:00:00 = +0.00000000E+00 : FWB 31-80:B17217F7:D1:?? = +6.93147181E-01
A75A : STZ 39,X       : A=00 X=FA Y=02 SP=?? N=0 V=0 D=0 I=0 Z=1 C=0 : FWA 3B-84:00000000:00:00 = +0.00000000E+00 : FWB 31-80:B17217F7:D1:?? = +6.93147181E-01
A75C : STA 0041,Y     : A=00 X=FA Y=02 SP=?? N=0 V=0 D=0 I=0 Z=1 C=0 : FWA 3B-84:00000000:00:00 = +0.00000000E+00 : FWB 31-80:B17217F7:D1:?? = +6.93147181E-01
A75F : INX            : A=00 X=FB Y=02 SP=?? N=1 V=0 D=0 I=0 Z=0 C=0 : FWA 3B-84:00000000:00:00 = +0.00000000E+00 : FWB 31-80:B17217F7:D1:?? = +6.93147181E-01
A760 : DEY            : A=00 X=FB Y=01 SP=?? N=0 V=0 D=0 I=0 Z=0 C=0 : FWA 3B-84:00000000:00:00 = +0.00000000E+00 : FWB 31-80:B17217F7:D1:?? = +6.93147181E-01
A761 : BNE A758       : A=00 X=FB Y=01 SP=?? N=0 V=0 D=0 I=0 Z=0 C=0 : FWA 3B-84:00000000:00:00 = +0.00000000E+00 : FWB 31-80:B17217F7:D1:?? = +6.93147181E-01
A758 : LDA 39,X       : A=00 X=FB Y=01 SP=?? N=0 V=0 D=0 I=0 Z=1 C=0 : FWA 3B-84:00000000:00:00 = +0.00000000E+00 : FWB 31-80:B17217F7:D1:?? = +6.93147181E-01
A75A : STZ 39,X       : A=00 X=FB Y=01 SP=?? N=0 V=0 D=0 I=0 Z=1 C=0 : FWA 3B-84:00000000:00:00 = +0.00000000E+00 : FWB 31-80:B17217F7:D1:?? = +6.93147181E-01
A75C : STA 0041,Y     : A=00 X=FB Y=01 SP=?? N=0 V=0 D=0 I=0 Z=1 C=0 : FWA 3B-84:00000000:00:00 = +0.00000000E+00 : FWB 31-80:B17217F7:D1:?? = +6.93147181E-01
A75F : INX            : A=00 X=FC Y=01 SP=?? N=1 V=0 D=0 I=0 Z=0 C=0 : FWA 3B-84:00000000:00:00 = +0.00000000E+00 : FWB 31-80:B17217F7:D1:?? = +6.93147181E-01
A760 : DEY            : A=00 X=FC Y=00 SP=?? N=0 V=0 D=0 I=0 Z=1 C=0 : FWA 3B-84:00000000:00:00 = +0.00000000E+00 : FWB 31-80:B17217F7:D1:?? = +6.93147181E-01
A761 : BNE A758       : A=00 X=FC Y=00 SP=?? N=0 V=0 D=0 I=0 Z=1 C=0 : FWA 3B-84:00000000:00:00 = +0.00000000E+00 : FWB 31-80:B17217F7:D1:?? = +6.93147181E-01
A763 : STZ 3C         : A=00 X=FC Y=00 SP=?? N=0 V=0 D=0 I=0 Z=1 C=0 : FWA 3B-84:00000000:00:00 = +0.00000000E+00 : FWB 31-00:B17217F7:D1:?? = +2.03697649E-39
A765 : STZ 3B         : A=00 X=FC Y=00 SP=?? N=0 V=0 D=0 I=0 Z=1 C=0 : FWA 3B-84:00000000:00:00 = +0.00000000E+00 : FWB 00-00:B17217F7:D1:?? = +2.03697649E-39
A767 : STZ 3A         : A=00 X=FC Y=00 SP=?? N=0 V=0 D=0 I=0 Z=1 C=0 : FWA 3B-84:00000000:00:00 = +0.00000000E+00 : FWB 00-00:B17217F7:D1:?? = +2.03697649E-39
A769 : BRA A79B       : A=00 X=FC Y=00 SP=?? N=0 V=0 D=0 I=0 Z=1 C=0 : FWA 3B-84:00000000:00:00 = +0.00000000E+00 : FWB 00-00:B17217F7:D1:?? = +2.03697649E-39
A79B : LDA 46,X       : A=00 X=FC Y=00 SP=?? N=0 V=0 D=0 I=0 Z=1 C=0 : FWA 3B-84:00000000:00:00 = +0.00000000E+00 : FWB 00-00:B17217F7:D1:?? = +2.03697649E-39
A79D : BNE A76B       : A=00 X=FC Y=00 SP=?? N=0 V=0 D=0 I=0 Z=1 C=0 : FWA 3B-84:00000000:00:00 = +0.00000000E+00 : FWB 00-00:B17217F7:D1:?? = +2.03697649E-39
A79F : INX            : A=00 X=FD Y=00 SP=?? N=1 V=0 D=0 I=0 Z=0 C=0 : FWA 3B-84:00000000:00:00 = +0.00000000E+00 : FWB 00-00:B17217F7:D1:?? = +2.03697649E-39
A7A0 : BMI A79B       : A=00 X=FD Y=00 SP=?? N=1 V=0 D=0 I=0 Z=0 C=0 : FWA 3B-84:00000000:00:00 = +0.00000000E+00 : FWB 00-00:B17217F7:D1:?? = +2.03697649E-39
A79B : LDA 46,X       : A=00 X=FD Y=00 SP=?? N=0 V=0 D=0 I=0 Z=1 C=0 : FWA 3B-84:00000000:00:00 = +0.00000000E+00 : FWB 00-00:B17217F7:D1:?? = +2.03697649E-39
A79D : BNE A76B       : A=00 X=FD Y=00 SP=?? N=0 V=0 D=0 I=0 Z=1 C=0 : FWA 3B-84:00000000:00:00 = +0.00000000E+00 : FWB 00-00:B17217F7:D1:?? = +2.03697649E-39
A79F : INX            : A=00 X=FE Y=00 SP=?? N=1 V=0 D=0 I=0 Z=0 C=0 : FWA 3B-84:00000000:00:00 = +0.00000000E+00 : FWB 00-00:B17217F7:D1:?? = +2.03697649E-39
A7A0 : BMI A79B       : A=00 X=FE Y=00 SP=?? N=1 V=0 D=0 I=0 Z=0 C=0 : FWA 3B-84:00000000:00:00 = +0.00000000E+00 : FWB 00-00:B17217F7:D1:?? = +2.03697649E-39
A79B : LDA 46,X       : A=00 X=FE Y=00 SP=?? N=0 V=0 D=0 I=0 Z=1 C=0 : FWA 3B-84:00000000:00:00 = +0.00000000E+00 : FWB 00-00:B17217F7:D1:?? = +2.03697649E-39
A79D : BNE A76B       : A=00 X=FE Y=00 SP=?? N=0 V=0 D=0 I=0 Z=1 C=0 : FWA 3B-84:00000000:00:00 = +0.00000000E+00 : FWB 00-00:B17217F7:D1:?? = +2.03697649E-39
A79F : INX            : A=00 X=FF Y=00 SP=?? N=1 V=0 D=0 I=0 Z=0 C=0 : FWA 3B-84:00000000:00:00 = +0.00000000E+00 : FWB 00-00:B17217F7:D1:?? = +2.03697649E-39
A7A0 : BMI A79B       : A=00 X=FF Y=00 SP=?? N=1 V=0 D=0 I=0 Z=0 C=0 : FWA 3B-84:00000000:00:00 = +0.00000000E+00 : FWB 00-00:B17217F7:D1:?? = +2.03697649E-39
A79B : LDA 46,X       : A=A0 X=FF Y=00 SP=?? N=1 V=0 D=0 I=0 Z=0 C=0 : FWA 3B-84:00000000:00:00 = +0.00000000E+00 : FWB 00-00:B17217F7:D1:?? = +2.03697649E-39
A79D : BNE A76B       : A=A0 X=FF Y=00 SP=?? N=1 V=0 D=0 I=0 Z=0 C=0 : FWA 3B-84:00000000:00:00 = +0.00000000E+00 : FWB 00-00:B17217F7:D1:?? = +2.03697649E-39
A76B : PHX            : A=A0 X=FF Y=00 SP=?? N=1 V=0 D=0 I=0 Z=0 C=0 : FWA 3B-84:00000000:00:00 = +0.00000000E+00 : FWB 00-00:B17217F7:D1:?? = +2.03697649E-39
A76C : LSR 3D         : A=A0 X=FF Y=00 SP=?? N=0 V=0 D=0 I=0 Z=0 C=1 : FWA 3B-84:00000000:00:00 = +0.00000000E+00 : FWB 00-00:587217F7:D1:?? = +1.01530659E-39
A76E : ROR 3E         : A=A0 X=FF Y=00 SP=?? N=1 V=0 D=0 I=0 Z=0 C=0 : FWA 3B-84:00000000:00:00 = +0.00000000E+00 : FWB 00-00:58B917F7:D1:?? = +1.01849034E-39
A770 : ROR 3F         : A=A0 X=FF Y=00 SP=?? N=0 V=0 D=0 I=0 Z=0 C=1 : FWA 3B-84:00000000:00:00 = +0.00000000E+00 : FWB 00-00:58B90BF7:D1:?? = +1.01848824E-39
A772 : ROR 40         : A=A0 X=FF Y=00 SP=?? N=1 V=0 D=0 I=0 Z=0 C=1 : FWA 3B-84:00000000:00:00 = +0.00000000E+00 : FWB 00-00:58B90BFB:D1:?? = +1.01848824E-39
A774 : ROR 41         : A=A0 X=FF Y=00 SP=?? N=1 V=0 D=0 I=0 Z=0 C=1 : FWA 3B-84:00000000:00:00 = +0.00000000E+00 : FWB 00-00:58B90BFB:E8:?? = +1.01848824E-39
A776 : ASL 46,X       : A=A0 X=FF Y=00 SP=?? N=0 V=0 D=0 I=0 Z=0 C=1 : FWA 3B-84:00000000:00:00 = +0.00000000E+00 : FWB 00-00:58B90BFB:E8:?? = +1.01848824E-39
A778 : BCC A797       : A=A0 X=FF Y=00 SP=?? N=0 V=0 D=0 I=0 Z=0 C=1 : FWA 3B-84:00000000:00:00 = +0.00000000E+00 : FWB 00-00:58B90BFB:E8:?? = +1.01848824E-39
A77A : CLC            : A=A0 X=FF Y=00 SP=?? N=0 V=0 D=0 I=0 Z=0 C=0 : FWA 3B-84:00000000:00:00 = +0.00000000E+00 : FWB 00-00:58B90BFB:E8:?? = +1.01848824E-39
A77B : TYA            : A=00 X=FF Y=00 SP=?? N=0 V=0 D=0 I=0 Z=1 C=0 : FWA 3B-84:00000000:00:00 = +0.00000000E+00 : FWB 00-00:58B90BFB:E8:?? = +1.01848824E-39
A77C : ADC 42,X       : A=E8 X=FF Y=00 SP=?? N=1 V=0 D=0 I=0 Z=0 C=0 : FWA 3B-84:00000000:00:00 = +0.00000000E+00 : FWB 00-00:58B90BFB:E8:?? = +1.01848824E-39
A77E : TAY            : A=E8 X=FF Y=E8 SP=?? N=1 V=0 D=0 I=0 Z=0 C=0 : FWA 3B-84:00000000:00:00 = +0.00000000E+00 : FWB 00-00:58B90BFB:E8:?? = +1.01848824E-39
A77F : LDA 34         : A=00 X=FF Y=E8 SP=?? N=0 V=0 D=0 I=0 Z=1 C=0 : FWA 3B-84:00000000:00:00 = +0.00000000E+00 : FWB 00-00:58B90BFB:E8:?? = +1.01848824E-39
A781 : ADC 41,X       : A=FB X=FF Y=E8 SP=?? N=1 V=0 D=0 I=0 Z=0 C=0 : FWA 3B-84:00000000:00:00 = +0.00000000E+00 : FWB 00-00:58B90BFB:E8:?? = +1.01848824E-39
A783 : STA 34         : A=FB X=FF Y=E8 SP=?? N=1 V=0 D=0 I=0 Z=0 C=0 : FWA 3B-84:000000FB:00:00 = +9.35047865E-07 : FWB 00-00:58B90BFB:E8:?? = +1.01848824E-39
A785 : LDA 33         : A=00 X=FF Y=E8 SP=?? N=0 V=0 D=0 I=0 Z=1 C=0 : FWA 3B-84:000000FB:00:00 = +9.35047865E-07 : FWB 00-00:58B90BFB:E8:?? = +1.01848824E-39
A787 : ADC 40,X       : A=0B X=FF Y=E8 SP=?? N=0 V=0 D=0 I=0 Z=0 C=0 : FWA 3B-84:000000FB:00:00 = +9.35047865E-07 : FWB 00-00:58B90BFB:E8:?? = +1.01848824E-39
A789 : STA 33         : A=0B X=FF Y=E8 SP=?? N=0 V=0 D=0 I=0 Z=0 C=0 : FWA 3B-84:00000BFB:00:00 = +1.14254653E-05 : FWB 00-00:58B90BFB:E8:?? = +1.01848824E-39
A78B : LDA 32         : A=00 X=FF Y=E8 SP=?? N=0 V=0 D=0 I=0 Z=1 C=0 : FWA 3B-84:00000BFB:00:00 = +1.14254653E-05 : FWB 00-00:58B90BFB:E8:?? = +1.01848824E-39
A78D : ADC 3F,X       : A=B9 X=FF Y=E8 SP=?? N=1 V=0 D=0 I=0 Z=0 C=0 : FWA 3B-84:00000BFB:00:00 = +1.14254653E-05 : FWB 00-00:58B90BFB:E8:?? = +1.01848824E-39
A78F : STA 32         : A=B9 X=FF Y=E8 SP=?? N=1 V=0 D=0 I=0 Z=0 C=0 : FWA 3B-84:00B90BFB:00:00 = +4.51774411E-02 : FWB 00-00:58B90BFB:E8:?? = +1.01848824E-39
A791 : LDA 31         : A=00 X=FF Y=E8 SP=?? N=0 V=0 D=0 I=0 Z=1 C=0 : FWA 3B-84:00B90BFB:00:00 = +4.51774411E-02 : FWB 00-00:58B90BFB:E8:?? = +1.01848824E-39
A793 : ADC 3E,X       : A=58 X=FF Y=E8 SP=?? N=0 V=0 D=0 I=0 Z=0 C=0 : FWA 3B-84:00B90BFB:00:00 = +4.51774411E-02 : FWB 00-00:58B90BFB:E8:?? = +1.01848824E-39
A795 : STA 31         : A=58 X=FF Y=E8 SP=?? N=0 V=0 D=0 I=0 Z=0 C=0 : FWA 3B-84:58B90BFB:00:00 = +5.54517744E+00 : FWB 00-00:58B90BFB:E8:?? = +1.01848824E-39
A797 : INX            : A=58 X=00 Y=E8 SP=?? N=0 V=0 D=0 I=0 Z=1 C=0 : FWA 3B-84:58B90BFB:00:00 = +5.54517744E+00 : FWB 00-00:58B90BFB:E8:?? = +1.01848824E-39
A798 : BMI A776       : A=58 X=00 Y=E8 SP=?? N=0 V=0 D=0 I=0 Z=1 C=0 : FWA 3B-84:58B90BFB:00:00 = +5.54517744E+00 : FWB 00-00:58B90BFB:E8:?? = +1.01848824E-39
A79A : PLX            : A=58 X=FF Y=E8 SP=?? N=1 V=0 D=0 I=0 Z=0 C=0 : FWA 3B-84:58B90BFB:00:00 = +5.54517744E+00 : FWB 00-00:58B90BFB:E8:?? = +1.01848824E-39
A79B : LDA 46,X       : A=40 X=FF Y=E8 SP=?? N=0 V=0 D=0 I=0 Z=0 C=0 : FWA 3B-84:58B90BFB:00:00 = +5.54517744E+00 : FWB 00-00:58B90BFB:E8:?? = +1.01848824E-39
A79D : BNE A76B       : A=40 X=FF Y=E8 SP=?? N=0 V=0 D=0 I=0 Z=0 C=0 : FWA 3B-84:58B90BFB:00:00 = +5.54517744E+00 : FWB 00-00:58B90BFB:E8:?? = +1.01848824E-39
A76B : PHX            : A=40 X=FF Y=E8 SP=?? N=0 V=0 D=0 I=0 Z=0 C=0 : FWA 3B-84:58B90BFB:00:00 = +5.54517744E+00 : FWB 00-00:58B90BFB:E8:?? = +1.01848824E-39
A76C : LSR 3D         : A=40 X=FF Y=E8 SP=?? N=0 V=0 D=0 I=0 Z=0 C=0 : FWA 3B-84:58B90BFB:00:00 = +5.54517744E+00 : FWB 00-00:2CB90BFB:E8:?? = +5.13393015E-40
A76E : ROR 3E         : A=40 X=FF Y=E8 SP=?? N=0 V=0 D=0 I=0 Z=0 C=1 : FWA 3B-84:58B90BFB:00:00 = +5.54517744E+00 : FWB 00-00:2C5C0BFB:E8:?? = +5.09222751E-40
A770 : ROR 3F         : A=40 X=FF Y=E8 SP=?? N=1 V=0 D=0 I=0 Z=0 C=1 : FWA 3B-84:58B90BFB:00:00 = +5.54517744E+00 : FWB 00-00:2C5C85FB:E8:?? = +5.09244120E-40
A772 : ROR 40         : A=40 X=FF Y=E8 SP=?? N=1 V=0 D=0 I=0 Z=0 C=1 : FWA 3B-84:58B90BFB:00:00 = +5.54517744E+00 : FWB 00-00:2C5C85FD:E8:?? = +5.09244122E-40
A774 : ROR 41         : A=40 X=FF Y=E8 SP=?? N=1 V=0 D=0 I=0 Z=0 C=0 : FWA 3B-84:58B90BFB:00:00 = +5.54517744E+00 : FWB 00-00:2C5C85FD:F4:?? = +5.09244122E-40
A776 : ASL 46,X       : A=40 X=FF Y=E8 SP=?? N=1 V=0 D=0 I=0 Z=0 C=0 : FWA 3B-84:58B90BFB:00:00 = +5.54517744E+00 : FWB 00-00:2C5C85FD:F4:?? = +5.09244122E-40
A778 : BCC A797       : A=40 X=FF Y=E8 SP=?? N=1 V=0 D=0 I=0 Z=0 C=0 : FWA 3B-84:58B90BFB:00:00 = +5.54517744E+00 : FWB 00-00:2C5C85FD:F4:?? = +5.09244122E-40
A797 : INX            : A=40 X=00 Y=E8 SP=?? N=0 V=0 D=0 I=0 Z=1 C=0 : FWA 3B-84:58B90BFB:00:00 = +5.54517744E+00 : FWB 00-00:2C5C85FD:F4:?? = +5.09244122E-40
A798 : BMI A776       : A=40 X=00 Y=E8 SP=?? N=0 V=0 D=0 I=0 Z=1 C=0 : FWA 3B-84:58B90BFB:00:00 = +5.54517744E+00 : FWB 00-00:2C5C85FD:F4:?? = +5.09244122E-40
A79A : PLX            : A=40 X=FF Y=E8 SP=?? N=1 V=0 D=0 I=0 Z=0 C=0 : FWA 3B-84:58B90BFB:00:00 = +5.54517744E+00 : FWB 00-00:2C5C85FD:F4:?? = +5.09244122E-40
A79B : LDA 46,X       : A=80 X=FF Y=E8 SP=?? N=1 V=0 D=0 I=0 Z=0 C=0 : FWA 3B-84:58B90BFB:00:00 = +5.54517744E+00 : FWB 00-00:2C5C85FD:F4:?? = +5.09244122E-40
A79D : BNE A76B       : A=80 X=FF Y=E8 SP=?? N=1 V=0 D=0 I=0 Z=0 C=0 : FWA 3B-84:58B90BFB:00:00 = +5.54517744E+00 : FWB 00-00:2C5C85FD:F4:?? = +5.09244122E-40
A76B : PHX            : A=80 X=FF Y=E8 SP=?? N=1 V=0 D=0 I=0 Z=0 C=0 : FWA 3B-84:58B90BFB:00:00 = +5.54517744E+00 : FWB 00-00:2C5C85FD:F4:?? = +5.09244122E-40
A76C : LSR 3D         : A=80 X=FF Y=E8 SP=?? N=0 V=0 D=0 I=0 Z=0 C=0 : FWA 3B-84:58B90BFB:00:00 = +5.54517744E+00 : FWB 00-00:165C85FD:F4:?? = +2.56696507E-40
A76E : ROR 3E         : A=80 X=FF Y=E8 SP=?? N=0 V=0 D=0 I=0 Z=0 C=0 : FWA 3B-84:58B90BFB:00:00 = +5.54517744E+00 : FWB 00-00:162E85FD:F4:?? = +2.54633796E-40
A770 : ROR 3F         : A=80 X=FF Y=E8 SP=?? N=0 V=0 D=0 I=0 Z=0 C=1 : FWA 3B-84:58B90BFB:00:00 = +5.54517744E+00 : FWB 00-00:162E42FD:F4:?? = +2.54622060E-40
A772 : ROR 40         : A=80 X=FF Y=E8 SP=?? N=1 V=0 D=0 I=0 Z=0 C=1 : FWA 3B-84:58B90BFB:00:00 = +5.54517744E+00 : FWB 00-00:162E42FE:F4:?? = +2.54622061E-40
A774 : ROR 41         : A=80 X=FF Y=E8 SP=?? N=1 V=0 D=0 I=0 Z=0 C=0 : FWA 3B-84:58B90BFB:00:00 = +5.54517744E+00 : FWB 00-00:162E42FE:FA:?? = +2.54622061E-40
A776 : ASL 46,X       : A=80 X=FF Y=E8 SP=?? N=0 V=0 D=0 I=0 Z=1 C=1 : FWA 3B-84:58B90BFB:00:00 = +5.54517744E+00 : FWB 00-00:162E42FE:FA:?? = +2.54622061E-40
A778 : BCC A797       : A=80 X=FF Y=E8 SP=?? N=0 V=0 D=0 I=0 Z=1 C=1 : FWA 3B-84:58B90BFB:00:00 = +5.54517744E+00 : FWB 00-00:162E42FE:FA:?? = +2.54622061E-40
A77A : CLC            : A=80 X=FF Y=E8 SP=?? N=0 V=0 D=0 I=0 Z=1 C=0 : FWA 3B-84:58B90BFB:00:00 = +5.54517744E+00 : FWB 00-00:162E42FE:FA:?? = +2.54622061E-40
A77B : TYA            : A=E8 X=FF Y=E8 SP=?? N=1 V=0 D=0 I=0 Z=0 C=0 : FWA 3B-84:58B90BFB:00:00 = +5.54517744E+00 : FWB 00-00:162E42FE:FA:?? = +2.54622061E-40
A77C : ADC 42,X       : A=E2 X=FF Y=E8 SP=?? N=1 V=0 D=0 I=0 Z=0 C=1 : FWA 3B-84:58B90BFB:00:00 = +5.54517744E+00 : FWB 00-00:162E42FE:FA:?? = +2.54622061E-40
A77E : TAY            : A=E2 X=FF Y=E2 SP=?? N=1 V=0 D=0 I=0 Z=0 C=1 : FWA 3B-84:58B90BFB:00:00 = +5.54517744E+00 : FWB 00-00:162E42FE:FA:?? = +2.54622061E-40
A77F : LDA 34         : A=FB X=FF Y=E2 SP=?? N=1 V=0 D=0 I=0 Z=0 C=1 : FWA 3B-84:58B90BFB:00:00 = +5.54517744E+00 : FWB 00-00:162E42FE:FA:?? = +2.54622061E-40
A781 : ADC 41,X       : A=FA X=FF Y=E2 SP=?? N=1 V=0 D=0 I=0 Z=0 C=1 : FWA 3B-84:58B90BFB:00:00 = +5.54517744E+00 : FWB 00-00:162E42FE:FA:?? = +2.54622061E-40
A783 : STA 34         : A=FA X=FF Y=E2 SP=?? N=1 V=0 D=0 I=0 Z=0 C=1 : FWA 3B-84:58B90BFA:00:00 = +5.54517744E+00 : FWB 00-00:162E42FE:FA:?? = +2.54622061E-40
A785 : LDA 33         : A=0B X=FF Y=E2 SP=?? N=0 V=0 D=0 I=0 Z=0 C=1 : FWA 3B-84:58B90BFA:00:00 = +5.54517744E+00 : FWB 00-00:162E42FE:FA:?? = +2.54622061E-40
A787 : ADC 40,X       : A=4E X=FF Y=E2 SP=?? N=0 V=0 D=0 I=0 Z=0 C=0 : FWA 3B-84:58B90BFA:00:00 = +5.54517744E+00 : FWB 00-00:162E42FE:FA:?? = +2.54622061E-40
A789 : STA 33         : A=4E X=FF Y=E2 SP=?? N=0 V=0 D=0 I=0 Z=0 C=0 : FWA 3B-84:58B94EFA:00:00 = +5.54524133E+00 : FWB 00-00:162E42FE:FA:?? = +2.54622061E-40
A78B : LDA 32         : A=B9 X=FF Y=E2 SP=?? N=1 V=0 D=0 I=0 Z=0 C=0 : FWA 3B-84:58B94EFA:00:00 = +5.54524133E+00 : FWB 00-00:162E42FE:FA:?? = +2.54622061E-40
A78D : ADC 3F,X       : A=E7 X=FF Y=E2 SP=?? N=1 V=0 D=0 I=0 Z=0 C=0 : FWA 3B-84:58B94EFA:00:00 = +5.54524133E+00 : FWB 00-00:162E42FE:FA:?? = +2.54622061E-40
A78F : STA 32         : A=E7 X=FF Y=E2 SP=?? N=1 V=0 D=0 I=0 Z=0 C=0 : FWA 3B-84:58E74EFA:00:00 = +5.55647180E+00 : FWB 00-00:162E42FE:FA:?? = +2.54622061E-40
A791 : LDA 31         : A=58 X=FF Y=E2 SP=?? N=0 V=0 D=0 I=0 Z=0 C=0 : FWA 3B-84:58E74EFA:00:00 = +5.55647180E+00 : FWB 00-00:162E42FE:FA:?? = +2.54622061E-40
A793 : ADC 3E,X       : A=6E X=FF Y=E2 SP=?? N=0 V=0 D=0 I=0 Z=0 C=0 : FWA 3B-84:58E74EFA:00:00 = +5.55647180E+00 : FWB 00-00:162E42FE:FA:?? = +2.54622061E-40
A795 : STA 31         : A=6E X=FF Y=E2 SP=?? N=0 V=0 D=0 I=0 Z=0 C=0 : FWA 3B-84:6EE74EFA:00:00 = +6.93147180E+00 : FWB 00-00:162E42FE:FA:?? = +2.54622061E-40
A797 : INX            : A=6E X=00 Y=E2 SP=?? N=0 V=0 D=0 I=0 Z=1 C=0 : FWA 3B-84:6EE74EFA:00:00 = +6.93147180E+00 : FWB 00-00:162E42FE:FA:?? = +2.54622061E-40
A798 : BMI A776       : A=6E X=00 Y=E2 SP=?? N=0 V=0 D=0 I=0 Z=1 C=0 : FWA 3B-84:6EE74EFA:00:00 = +6.93147180E+00 : FWB 00-00:162E42FE:FA:?? = +2.54622061E-40
A79A : PLX            : A=6E X=FF Y=E2 SP=?? N=1 V=0 D=0 I=0 Z=0 C=0 : FWA 3B-84:6EE74EFA:00:00 = +6.93147180E+00 : FWB 00-00:162E42FE:FA:?? = +2.54622061E-40
A79B : LDA 46,X       : A=00 X=FF Y=E2 SP=?? N=0 V=0 D=0 I=0 Z=1 C=0 : FWA 3B-84:6EE74EFA:00:00 = +6.93147180E+00 : FWB 00-00:162E42FE:FA:?? = +2.54622061E-40
A79D : BNE A76B       : A=00 X=FF Y=E2 SP=?? N=0 V=0 D=0 I=0 Z=1 C=0 : FWA 3B-84:6EE74EFA:00:00 = +6.93147180E+00 : FWB 00-00:162E42FE:FA:?? = +2.54622061E-40
A79F : INX            : A=00 X=00 Y=E2 SP=?? N=0 V=0 D=0 I=0 Z=1 C=0 : FWA 3B-84:6EE74EFA:00:00 = +6.93147180E+00 : FWB 00-00:162E42FE:FA:?? = +2.54622061E-40
A7A0 : BMI A79B       : A=00 X=00 Y=E2 SP=?? N=0 V=0 D=0 I=0 Z=1 C=0 : FWA 3B-84:6EE74EFA:00:00 = +6.93147180E+00 : FWB 00-00:162E42FE:FA:?? = +2.54622061E-40
A7A2 : PLX            : A=00 X=BB Y=E2 SP=?? N=1 V=0 D=0 I=0 Z=0 C=0 : FWA 3B-84:6EE74EFA:00:00 = +6.93147180E+00 : FWB 00-00:162E42FE:FA:?? = +2.54622061E-40
A7A3 : STY 35         : A=00 X=BB Y=E2 SP=?? N=1 V=0 D=0 I=0 Z=0 C=0 : FWA 3B-84:6EE74EFA:E2:00 = +6.93147181E+00 : FWB 00-00:162E42FE:FA:?? = +2.54622061E-40
A7A5 : LDA 31         : A=6E X=BB Y=E2 SP=?? N=0 V=0 D=0 I=0 Z=0 C=0 : FWA 3B-84:6EE74EFA:E2:00 = +6.93147181E+00 : FWB 00-00:162E42FE:FA:?? = +2.54622061E-40
A7A7 : BMI A73D       : A=6E X=BB Y=E2 SP=?? N=0 V=0 D=0 I=0 Z=0 C=0 : FWA 3B-84:6EE74EFA:E2:00 = +6.93147181E+00 : FWB 00-00:162E42FE:FA:?? = +2.54622061E-40
A7A9 : JMP 8306       : A=6E X=BB Y=E2 SP=?? N=0 V=0 D=0 I=0 Z=0 C=0 : FWA 3B-84:6EE74EFA:E2:00 = +6.93147181E+00 : FWB 00-00:162E42FE:FA:?? = +2.54622061E-40
8306 : BNE 832F       : A=6E X=BB Y=E2 SP=?? N=0 V=0 D=0 I=0 Z=0 C=0 : FWA 3B-84:6EE74EFA:E2:00 = +6.93147181E+00 : FWB 00-00:162E42FE:FA:?? = +2.54622061E-40
832F : LDY 30         : A=6E X=BB Y=84 SP=?? N=1 V=0 D=0 I=0 Z=0 C=0 : FWA 3B-84:6EE74EFA:E2:00 = +6.93147181E+00 : FWB 00-00:162E42FE:FA:?? = +2.54622061E-40
8331 : DEY            : A=6E X=BB Y=83 SP=?? N=1 V=0 D=0 I=0 Z=0 C=0 : FWA 3B-84:6EE74EFA:E2:00 = +6.93147181E+00 : FWB 00-00:162E42FE:FA:?? = +2.54622061E-40
8332 : ASL 35         : A=6E X=BB Y=83 SP=?? N=1 V=0 D=0 I=0 Z=0 C=1 : FWA 3B-84:6EE74EFA:C4:00 = +6.93147181E+00 : FWB 00-00:162E42FE:FA:?? = +2.54622061E-40
8334 : ROL 34         : A=6E X=BB Y=83 SP=?? N=1 V=0 D=0 I=0 Z=0 C=1 : FWA 3B-84:6EE74EF5:C4:00 = +6.93147179E+00 : FWB 00-00:162E42FE:FA:?? = +2.54622061E-40
8336 : ROL 33         : A=6E X=BB Y=83 SP=?? N=1 V=0 D=0 I=0 Z=0 C=0 : FWA 3B-84:6EE79DF5:C4:00 = +6.93154713E+00 : FWB 00-00:162E42FE:FA:?? = +2.54622061E-40
8338 : ROL 32         : A=6E X=BB Y=83 SP=?? N=1 V=0 D=0 I=0 Z=0 C=1 : FWA 3B-84:6ECE9DF5:C4:00 = +6.92544361E+00 : FWB 00-00:162E42FE:FA:?? = +2.54622061E-40
833A : ROL A          : A=DD X=BB Y=83 SP=?? N=1 V=0 D=0 I=0 Z=0 C=0 : FWA 3B-84:6ECE9DF5:C4:00 = +6.92544361E+00 : FWB 00-00:162E42FE:FA:?? = +2.54622061E-40
833B : BPL 8331       : A=DD X=BB Y=83 SP=?? N=1 V=0 D=0 I=0 Z=0 C=0 : FWA 3B-84:6ECE9DF5:C4:00 = +6.92544361E+00 : FWB 00-00:162E42FE:FA:?? = +2.54622061E-40
833D : CPY 30         : A=DD X=BB Y=83 SP=?? N=1 V=0 D=0 I=0 Z=0 C=0 : FWA 3B-84:6ECE9DF5:C4:00 = +6.92544361E+00 : FWB 00-00:162E42FE:FA:?? = +2.54622061E-40
833F : STY 30         : A=DD X=BB Y=83 SP=?? N=1 V=0 D=0 I=0 Z=0 C=0 : FWA 3B-83:6ECE9DF5:C4:00 = +3.46272181E+00 : FWB 00-00:162E42FE:FA:?? = +2.54622061E-40
8341 : BCC 8345       : A=DD X=BB Y=83 SP=?? N=1 V=0 D=0 I=0 Z=0 C=0 : FWA 3B-83:6ECE9DF5:C4:00 = +3.46272181E+00 : FWB 00-00:162E42FE:FA:?? = +2.54622061E-40
8345 : TAY            : A=DD X=BB Y=DD SP=?? N=1 V=0 D=0 I=0 Z=0 C=0 : FWA 3B-83:6ECE9DF5:C4:00 = +3.46272181E+00 : FWB 00-00:162E42FE:FA:?? = +2.54622061E-40
8346 : STA 31         : A=DD X=BB Y=DD SP=?? N=1 V=0 D=0 I=0 Z=0 C=0 : FWA 3B-83:DDCE9DF5:C4:00 = +6.93147181E+00 : FWB 00-00:162E42FE:FA:?? = +2.54622061E-40
8348 : RTS            : A=DD X=BB Y=DD SP=?? N=1 V=0 D=0 I=0 Z=0 C=0 : FWA 3B-83:DDCE9DF5:C4:00 = +6.93147181E+00 : FWB 00-00:162E42FE:FA:?? = +2.54622061E-40
A9AF : JSR A5BB       : A=DD X=BB Y=DD SP=?? N=1 V=0 D=0 I=0 Z=0 C=0 : FWA 3B-83:DDCE9DF5:C4:00 = +6.93147181E+00 : FWB 00-00:162E42FE:FA:?? = +2.54622061E-40
A5BB : LDA #6C        : A=6C X=BB Y=DD SP=?? N=0 V=0 D=0 I=0 Z=0 C=0 : FWA 3B-83:DDCE9DF5:C4:00 = +6.93147181E+00 : FWB 00-00:162E42FE:FA:?? = +2.54622061E-40
A5BD : LDY #04        : A=6C X=BB Y=04 SP=?? N=0 V=0 D=0 I=0 Z=0 C=0 : FWA 3B-83:DDCE9DF5:C4:00 = +6.93147181E+00 : FWB 00-00:162E42FE:FA:?? = +2.54622061E-40
A5BF : BRA A5B6       : A=6C X=BB Y=04 SP=?? N=0 V=0 D=0 I=0 Z=0 C=0 : FWA 3B-83:DDCE9DF5:C4:00 = +6.93147181E+00 : FWB 00-00:162E42FE:FA:?? = +2.54622061E-40
A5B6 : STA 4A         : A=6C X=BB Y=04 SP=?? N=0 V=0 D=0 I=0 Z=0 C=0 : FWA 3B-83:DDCE9DF5:C4:00 = +6.93147181E+00 : FWB 00-00:162E42FE:FA:?? = +2.54622061E-40
A5B8 : STY 4B         : A=6C X=BB Y=04 SP=?? N=0 V=0 D=0 I=0 Z=0 C=0 : FWA 3B-83:DDCE9DF5:C4:00 = +6.93147181E+00 : FWB 00-00:162E42FE:FA:?? = +2.54622061E-40
A5BA : RTS            : A=6C X=BB Y=04 SP=?? N=0 V=0 D=0 I=0 Z=0 C=0 : FWA 3B-83:DDCE9DF5:C4:00 = +6.93147181E+00 : FWB 00-00:162E42FE:FA:?? = +2.54622061E-40
A9B2 : JMP A704       : A=6C X=BB Y=04 SP=?? N=0 V=0 D=0 I=0 Z=0 C=0 : FWA 3B-83:DDCE9DF5:C4:00 = +6.93147181E+00 : FWB 00-00:162E42FE:FA:?? = +2.54622061E-40
A704 : LDA 31         : A=DD X=BB Y=04 SP=?? N=1 V=0 D=0 I=0 Z=0 C=0 : FWA 3B-83:DDCE9DF5:C4:00 = +6.93147181E+00 : FWB 00-00:162E42FE:FA:?? = +2.54622061E-40
A706 : EOR 2E         : A=E6 X=BB Y=04 SP=?? N=1 V=0 D=0 I=0 Z=0 C=0 : FWA 3B-83:DDCE9DF5:C4:00 = +6.93147181E+00 : FWB 00-00:162E42FE:FA:?? = +2.54622061E-40
A708 : STA 2E         : A=E6 X=BB Y=04 SP=?? N=1 V=0 D=0 I=0 Z=0 C=0 : FWA E6-83:DDCE9DF5:C4:00 = -6.93147181E+00 : FWB 00-00:162E42FE:FA:?? = +2.54622061E-40
A70A : JSR A514       : A=E6 X=BB Y=04 SP=?? N=1 V=0 D=0 I=0 Z=0 C=0 : FWA E6-83:DDCE9DF5:C4:00 = -6.93147181E+00 : FWB 00-00:162E42FE:FA:?? = +2.54622061E-40
A514 : STZ 41         : A=E6 X=BB Y=04 SP=?? N=1 V=0 D=0 I=0 Z=0 C=0 : FWA E6-83:DDCE9DF5:C4:00 = -6.93147181E+00 : FWB 00-00:162E42FE:00:?? = +2.54622060E-40
A516 : LDY #04        : A=E6 X=BB Y=04 SP=?? N=0 V=0 D=0 I=0 Z=0 C=0 : FWA E6-83:DDCE9DF5:C4:00 = -6.93147181E+00 : FWB 00-00:162E42FE:00:?? = +2.54622060E-40
A518 : LDA (4A),Y     : A=AD X=BB Y=04 SP=?? N=1 V=0 D=0 I=0 Z=0 C=0 : FWA E6-83:DDCE9DF5:C4:00 = -6.93147181E+00 : FWB 00-00:162E42FE:00:?? = +2.54622060E-40
A51A : STA 40         : A=AD X=BB Y=04 SP=?? N=1 V=0 D=0 I=0 Z=0 C=0 : FWA E6-83:DDCE9DF5:C4:00 = -6.93147181E+00 : FWB 00-00:162E42AD:00:?? = +2.54622005E-40
A51C : DEY            : A=AD X=BB Y=03 SP=?? N=0 V=0 D=0 I=0 Z=0 C=0 : FWA E6-83:DDCE9DF5:C4:00 = -6.93147181E+00 : FWB 00-00:162E42AD:00:?? = +2.54622005E-40
A51D : LDA (4A),Y     : A=C5 X=BB Y=03 SP=?? N=1 V=0 D=0 I=0 Z=0 C=0 : FWA E6-83:DDCE9DF5:C4:00 = -6.93147181E+00 : FWB 00-00:162E42AD:00:?? = +2.54622005E-40
A51F : STA 3F         : A=C5 X=BB Y=03 SP=?? N=1 V=0 D=0 I=0 Z=0 C=0 : FWA E6-83:DDCE9DF5:C4:00 = -6.93147181E+00 : FWB 00-00:162EC5AD:00:?? = +2.54644951E-40
A521 : DEY            : A=C5 X=BB Y=02 SP=?? N=0 V=0 D=0 I=0 Z=0 C=0 : FWA E6-83:DDCE9DF5:C4:00 = -6.93147181E+00 : FWB 00-00:162EC5AD:00:?? = +2.54644951E-40
A522 : LDA (4A),Y     : A=2C X=BB Y=02 SP=?? N=0 V=0 D=0 I=0 Z=0 C=0 : FWA E6-83:DDCE9DF5:C4:00 = -6.93147181E+00 : FWB 00-00:162EC5AD:00:?? = +2.54644951E-40
A524 : STA 3E         : A=2C X=BB Y=02 SP=?? N=0 V=0 D=0 I=0 Z=0 C=0 : FWA E6-83:DDCE9DF5:C4:00 = -6.93147181E+00 : FWB 00-00:162CC5AD:00:?? = +2.54555268E-40
A526 : DEY            : A=2C X=BB Y=01 SP=?? N=0 V=0 D=0 I=0 Z=0 C=0 : FWA E6-83:DDCE9DF5:C4:00 = -6.93147181E+00 : FWB 00-00:162CC5AD:00:?? = +2.54555268E-40
A527 : LDA (4A),Y     : A=04 X=BB Y=01 SP=?? N=0 V=0 D=0 I=0 Z=0 C=0 : FWA E6-83:DDCE9DF5:C4:00 = -6.93147181E+00 : FWB 00-00:162CC5AD:00:?? = +2.54555268E-40
A529 : STA 3B         : A=04 X=BB Y=01 SP=?? N=0 V=0 D=0 I=0 Z=0 C=0 : FWA E6-83:DDCE9DF5:C4:00 = -6.93147181E+00 : FWB 04-00:162CC5AD:00:?? = +2.54555268E-40
A52B : TAY            : A=04 X=BB Y=04 SP=?? N=0 V=0 D=0 I=0 Z=0 C=0 : FWA E6-83:DDCE9DF5:C4:00 = -6.93147181E+00 : FWB 04-00:162CC5AD:00:?? = +2.54555268E-40
A52C : LDA (4A)       : A=7E X=BB Y=04 SP=?? N=0 V=0 D=0 I=0 Z=0 C=0 : FWA E6-83:DDCE9DF5:C4:00 = -6.93147181E+00 : FWB 04-00:162CC5AD:00:?? = +2.54555268E-40
A52E : STA 3C         : A=7E X=BB Y=04 SP=?? N=0 V=0 D=0 I=0 Z=0 C=0 : FWA E6-83:DDCE9DF5:C4:00 = -6.93147181E+00 : FWB 04-7E:162CC5AD:00:?? = +2.16551673E-02
A530 : BNE A53B       : A=7E X=BB Y=04 SP=?? N=0 V=0 D=0 I=0 Z=0 C=0 : FWA E6-83:DDCE9DF5:C4:00 = -6.93147181E+00 : FWB 04-7E:162CC5AD:00:?? = +2.16551673E-02
A53B : TYA            : A=04 X=BB Y=04 SP=?? N=0 V=0 D=0 I=0 Z=0 C=0 : FWA E6-83:DDCE9DF5:C4:00 = -6.93147181E+00 : FWB 04-7E:162CC5AD:00:?? = +2.16551673E-02
A53C : ORA #80        : A=84 X=BB Y=04 SP=?? N=1 V=0 D=0 I=0 Z=0 C=0 : FWA E6-83:DDCE9DF5:C4:00 = -6.93147181E+00 : FWB 04-7E:162CC5AD:00:?? = +2.16551673E-02
A53E : STA 3D         : A=84 X=BB Y=04 SP=?? N=1 V=0 D=0 I=0 Z=0 C=0 : FWA E6-83:DDCE9DF5:C4:00 = -6.93147181E+00 : FWB 04-7E:842CC5AD:00:?? = +1.29077042E-01
A540 : RTS            : A=84 X=BB Y=04 SP=?? N=1 V=0 D=0 I=0 Z=0 C=0 : FWA E6-83:DDCE9DF5:C4:00 = -6.93147181E+00 : FWB 04-7E:842CC5AD:00:?? = +1.29077042E-01
A70D : BEQ A73B       : A=84 X=BB Y=04 SP=?? N=1 V=0 D=0 I=0 Z=0 C=0 : FWA E6-83:DDCE9DF5:C4:00 = -6.93147181E+00 : FWB 04-7E:842CC5AD:00:?? = +1.29077042E-01
A70F : JSR 8429       : A=84 X=BB Y=04 SP=?? N=1 V=0 D=0 I=0 Z=0 C=0 : FWA E6-83:DDCE9DF5:C4:00 = -6.93147181E+00 : FWB 04-7E:842CC5AD:00:?? = +1.29077042E-01
8429 : LDA 31         : A=DD X=BB Y=04 SP=?? N=1 V=0 D=0 I=0 Z=0 C=0 : FWA E6-83:DDCE9DF5:C4:00 = -6.93147181E+00 : FWB 04-7E:842CC5AD:00:?? = +1.29077042E-01
842B : BEQ 840A       : A=DD X=BB Y=04 SP=?? N=1 V=0 D=0 I=0 Z=0 C=0 : FWA E6-83:DDCE9DF5:C4:00 = -6.93147181E+00 : FWB 04-7E:842CC5AD:00:?? = +1.29077042E-01
842D : SEC            : A=DD X=BB Y=04 SP=?? N=1 V=0 D=0 I=0 Z=0 C=1 : FWA E6-83:DDCE9DF5:C4:00 = -6.93147181E+00 : FWB 04-7E:842CC5AD:00:?? = +1.29077042E-01
842E : LDA 30         : A=83 X=BB Y=04 SP=?? N=1 V=0 D=0 I=0 Z=0 C=1 : FWA E6-83:DDCE9DF5:C4:00 = -6.93147181E+00 : FWB 04-7E:842CC5AD:00:?? = +1.29077042E-01
8430 : SBC 3C         : A=05 X=BB Y=04 SP=?? N=0 V=1 D=0 I=0 Z=0 C=1 : FWA E6-83:DDCE9DF5:C4:00 = -6.93147181E+00 : FWB 04-7E:842CC5AD:00:?? = +1.29077042E-01
8432 : BEQ 84A3       : A=05 X=BB Y=04 SP=?? N=0 V=1 D=0 I=0 Z=0 C=1 : FWA E6-83:DDCE9DF5:C4:00 = -6.93147181E+00 : FWB 04-7E:842CC5AD:00:?? = +1.29077042E-01
8434 : BCC 846A       : A=05 X=BB Y=04 SP=?? N=0 V=1 D=0 I=0 Z=0 C=1 : FWA E6-83:DDCE9DF5:C4:00 = -6.93147181E+00 : FWB 04-7E:842CC5AD:00:?? = +1.29077042E-01
8436 : CMP #25        : A=05 X=BB Y=04 SP=?? N=1 V=1 D=0 I=0 Z=0 C=0 : FWA E6-83:DDCE9DF5:C4:00 = -6.93147181E+00 : FWB 04-7E:842CC5AD:00:?? = +1.29077042E-01
8438 : BCS 8428       : A=05 X=BB Y=04 SP=?? N=1 V=1 D=0 I=0 Z=0 C=0 : FWA E6-83:DDCE9DF5:C4:00 = -6.93147181E+00 : FWB 04-7E:842CC5AD:00:?? = +1.29077042E-01
843A : TAY            : A=05 X=BB Y=05 SP=?? N=0 V=1 D=0 I=0 Z=0 C=0 : FWA E6-83:DDCE9DF5:C4:00 = -6.93147181E+00 : FWB 04-7E:842CC5AD:00:?? = +1.29077042E-01
843B : AND #38        : A=00 X=BB Y=05 SP=?? N=0 V=1 D=0 I=0 Z=1 C=0 : FWA E6-83:DDCE9DF5:C4:00 = -6.93147181E+00 : FWB 04-7E:842CC5AD:00:?? = +1.29077042E-01
843D : BEQ 8456       : A=00 X=BB Y=05 SP=?? N=0 V=1 D=0 I=0 Z=1 C=0 : FWA E6-83:DDCE9DF5:C4:00 = -6.93147181E+00 : FWB 04-7E:842CC5AD:00:?? = +1.29077042E-01
8456 : TYA            : A=05 X=BB Y=05 SP=?? N=0 V=1 D=0 I=0 Z=0 C=0 : FWA E6-83:DDCE9DF5:C4:00 = -6.93147181E+00 : FWB 04-7E:842CC5AD:00:?? = +1.29077042E-01
8457 : AND #07        : A=05 X=BB Y=05 SP=?? N=0 V=1 D=0 I=0 Z=0 C=0 : FWA E6-83:DDCE9DF5:C4:00 = -6.93147181E+00 : FWB 04-7E:842CC5AD:00:?? = +1.29077042E-01
8459 : BEQ 84A3       : A=05 X=BB Y=05 SP=?? N=0 V=1 D=0 I=0 Z=0 C=0 : FWA E6-83:DDCE9DF5:C4:00 = -6.93147181E+00 : FWB 04-7E:842CC5AD:00:?? = +1.29077042E-01
845B : LSR 3D         : A=05 X=BB Y=05 SP=?? N=0 V=1 D=0 I=0 Z=0 C=0 : FWA E6-83:DDCE9DF5:C4:00 = -6.93147181E+00 : FWB 04-7E:422CC5AD:00:?? = +6.46239173E-02
845D : ROR 3E         : A=05 X=BB Y=05 SP=?? N=0 V=1 D=0 I=0 Z=0 C=0 : FWA E6-83:DDCE9DF5:C4:00 = -6.93147181E+00 : FWB 04-7E:4216C5AD:00:?? = +6.45399939E-02
845F : ROR 3F         : A=05 X=BB Y=05 SP=?? N=0 V=1 D=0 I=0 Z=0 C=1 : FWA E6-83:DDCE9DF5:C4:00 = -6.93147181E+00 : FWB 04-7E:421662AD:00:?? = +6.45385187E-02
8461 : ROR 40         : A=05 X=BB Y=05 SP=?? N=1 V=1 D=0 I=0 Z=0 C=1 : FWA E6-83:DDCE9DF5:C4:00 = -6.93147181E+00 : FWB 04-7E:421662D6:00:?? = +6.45385211E-02
8463 : ROR 41         : A=05 X=BB Y=05 SP=?? N=1 V=1 D=0 I=0 Z=0 C=0 : FWA E6-83:DDCE9DF5:C4:00 = -6.93147181E+00 : FWB 04-7E:421662D6:80:?? = +6.45385211E-02
8465 : DEC A          : A=04 X=BB Y=05 SP=?? N=0 V=1 D=0 I=0 Z=0 C=0 : FWA E6-83:DDCE9DF5:C4:00 = -6.93147181E+00 : FWB 04-7E:421662D6:80:?? = +6.45385211E-02
8466 : BNE 845B       : A=04 X=BB Y=05 SP=?? N=0 V=1 D=0 I=0 Z=0 C=0 : FWA E6-83:DDCE9DF5:C4:00 = -6.93147181E+00 : FWB 04-7E:421662D6:80:?? = +6.45385211E-02
845B : LSR 3D         : A=04 X=BB Y=05 SP=?? N=0 V=1 D=0 I=0 Z=0 C=0 : FWA E6-83:DDCE9DF5:C4:00 = -6.93147181E+00 : FWB 04-7E:211662D6:80:?? = +3.23119586E-02
845D : ROR 3E         : A=04 X=BB Y=05 SP=?? N=0 V=1 D=0 I=0 Z=0 C=0 : FWA E6-83:DDCE9DF5:C4:00 = -6.93147181E+00 : FWB 04-7E:210B62D6:80:?? = +3.22699970E-02
845F : ROR 3F         : A=04 X=BB Y=05 SP=?? N=0 V=1 D=0 I=0 Z=0 C=0 : FWA E6-83:DDCE9DF5:C4:00 = -6.93147181E+00 : FWB 04-7E:210B31D6:80:?? = +3.22692668E-02
8461 : ROR 40         : A=04 X=BB Y=05 SP=?? N=0 V=1 D=0 I=0 Z=0 C=0 : FWA E6-83:DDCE9DF5:C4:00 = -6.93147181E+00 : FWB 04-7E:210B316B:80:?? = +3.22692606E-02
8463 : ROR 41         : A=04 X=BB Y=05 SP=?? N=0 V=1 D=0 I=0 Z=0 C=0 : FWA E6-83:DDCE9DF5:C4:00 = -6.93147181E+00 : FWB 04-7E:210B316B:40:?? = +3.22692606E-02
8465 : DEC A          : A=03 X=BB Y=05 SP=?? N=0 V=1 D=0 I=0 Z=0 C=0 : FWA E6-83:DDCE9DF5:C4:00 = -6.93147181E+00 : FWB 04-7E:210B316B:40:?? = +3.22692606E-02
8466 : BNE 845B       : A=03 X=BB Y=05 SP=?? N=0 V=1 D=0 I=0 Z=0 C=0 : FWA E6-83:DDCE9DF5:C4:00 = -6.93147181E+00 : FWB 04-7E:210B316B:40:?? = +3.22692606E-02
845B : LSR 3D         : A=03 X=BB Y=05 SP=?? N=0 V=1 D=0 I=0 Z=0 C=1 : FWA E6-83:DDCE9DF5:C4:00 = -6.93147181E+00 : FWB 04-7E:100B316B:40:?? = +1.56676981E-02
845D : ROR 3E         : A=03 X=BB Y=05 SP=?? N=1 V=1 D=0 I=0 Z=0 C=1 : FWA E6-83:DDCE9DF5:C4:00 = -6.93147181E+00 : FWB 04-7E:1085316B:40:?? = +1.61330911E-02
845F : ROR 3F         : A=03 X=BB Y=05 SP=?? N=1 V=1 D=0 I=0 Z=0 C=1 : FWA E6-83:DDCE9DF5:C4:00 = -6.93147181E+00 : FWB 04-7E:1085986B:40:?? = +1.61346260E-02
8461 : ROR 40         : A=03 X=BB Y=05 SP=?? N=1 V=1 D=0 I=0 Z=0 C=1 : FWA E6-83:DDCE9DF5:C4:00 = -6.93147181E+00 : FWB 04-7E:108598B5:40:?? = +1.61346303E-02
8463 : ROR 41         : A=03 X=BB Y=05 SP=?? N=1 V=1 D=0 I=0 Z=0 C=0 : FWA E6-83:DDCE9DF5:C4:00 = -6.93147181E+00 : FWB 04-7E:108598B5:A0:?? = +1.61346303E-02
8465 : DEC A          : A=02 X=BB Y=05 SP=?? N=0 V=1 D=0 I=0 Z=0 C=0 : FWA E6-83:DDCE9DF5:C4:00 = -6.93147181E+00 : FWB 04-7E:108598B5:A0:?? = +1.61346303E-02
8466 : BNE 845B       : A=02 X=BB Y=05 SP=?? N=0 V=1 D=0 I=0 Z=0 C=0 : FWA E6-83:DDCE9DF5:C4:00 = -6.93147181E+00 : FWB 04-7E:108598B5:A0:?? = +1.61346303E-02
845B : LSR 3D         : A=02 X=BB Y=05 SP=?? N=0 V=1 D=0 I=0 Z=0 C=0 : FWA E6-83:DDCE9DF5:C4:00 = -6.93147181E+00 : FWB 04-7E:088598B5:A0:?? = +8.32213028E-03
845D : ROR 3E         : A=02 X=BB Y=05 SP=?? N=0 V=1 D=0 I=0 Z=0 C=1 : FWA E6-83:DDCE9DF5:C4:00 = -6.93147181E+00 : FWB 04-7E:084298B5:A0:?? = +8.06654557E-03
845F : ROR 3F         : A=02 X=BB Y=05 SP=?? N=1 V=1 D=0 I=0 Z=0 C=0 : FWA E6-83:DDCE9DF5:C4:00 = -6.93147181E+00 : FWB 04-7E:0842CCB5:A0:?? = +8.06732043E-03
8461 : ROR 40         : A=02 X=BB Y=05 SP=?? N=0 V=1 D=0 I=0 Z=0 C=1 : FWA E6-83:DDCE9DF5:C4:00 = -6.93147181E+00 : FWB 04-7E:0842CC5A:A0:?? = +8.06731513E-03
8463 : ROR 41         : A=02 X=BB Y=05 SP=?? N=1 V=1 D=0 I=0 Z=0 C=0 : FWA E6-83:DDCE9DF5:C4:00 = -6.93147181E+00 : FWB 04-7E:0842CC5A:D0:?? = +8.06731514E-03
8465 : DEC A          : A=01 X=BB Y=05 SP=?? N=0 V=1 D=0 I=0 Z=0 C=0 : FWA E6-83:DDCE9DF5:C4:00 = -6.93147181E+00 : FWB 04-7E:0842CC5A:D0:?? = +8.06731514E-03
8466 : BNE 845B       : A=01 X=BB Y=05 SP=?? N=0 V=1 D=0 I=0 Z=0 C=0 : FWA E6-83:DDCE9DF5:C4:00 = -6.93147181E+00 : FWB 04-7E:0842CC5A:D0:?? = +8.06731514E-03
845B : LSR 3D         : A=01 X=BB Y=05 SP=?? N=0 V=1 D=0 I=0 Z=0 C=0 : FWA E6-83:DDCE9DF5:C4:00 = -6.93147181E+00 : FWB 04-7E:0442CC5A:D0:?? = +4.16106514E-03
845D : ROR 3E         : A=01 X=BB Y=05 SP=?? N=0 V=1 D=0 I=0 Z=0 C=0 : FWA E6-83:DDCE9DF5:C4:00 = -6.93147181E+00 : FWB 04-7E:0421CC5A:D0:?? = +4.03518013E-03
845F : ROR 3F         : A=01 X=BB Y=05 SP=?? N=0 V=1 D=0 I=0 Z=0 C=0 : FWA E6-83:DDCE9DF5:C4:00 = -6.93147181E+00 : FWB 04-7E:0421665A:D0:?? = +4.03366021E-03
8461 : ROR 40         : A=01 X=BB Y=05 SP=?? N=0 V=1 D=0 I=0 Z=0 C=0 : FWA E6-83:DDCE9DF5:C4:00 = -6.93147181E+00 : FWB 04-7E:0421662D:D0:?? = +4.03365759E-03
8463 : ROR 41         : A=01 X=BB Y=05 SP=?? N=0 V=1 D=0 I=0 Z=0 C=0 : FWA E6-83:DDCE9DF5:C4:00 = -6.93147181E+00 : FWB 04-7E:0421662D:68:?? = +4.03365757E-03
8465 : DEC A          : A=00 X=BB Y=05 SP=?? N=0 V=1 D=0 I=0 Z=1 C=0 : FWA E6-83:DDCE9DF5:C4:00 = -6.93147181E+00 : FWB 04-7E:0421662D:68:?? = +4.03365757E-03
8466 : BNE 845B       : A=00 X=BB Y=05 SP=?? N=0 V=1 D=0 I=0 Z=1 C=0 : FWA E6-83:DDCE9DF5:C4:00 = -6.93147181E+00 : FWB 04-7E:0421662D:68:?? = +4.03365757E-03
8468 : BRA 84A3       : A=00 X=BB Y=05 SP=?? N=0 V=1 D=0 I=0 Z=1 C=0 : FWA E6-83:DDCE9DF5:C4:00 = -6.93147181E+00 : FWB 04-7E:0421662D:68:?? = +4.03365757E-03
84A3 : LDA 2E         : A=E6 X=BB Y=05 SP=?? N=1 V=1 D=0 I=0 Z=0 C=0 : FWA E6-83:DDCE9DF5:C4:00 = -6.93147181E+00 : FWB 04-7E:0421662D:68:?? = +4.03365757E-03
84A5 : EOR 3B         : A=E2 X=BB Y=05 SP=?? N=1 V=1 D=0 I=0 Z=0 C=0 : FWA E6-83:DDCE9DF5:C4:00 = -6.93147181E+00 : FWB 04-7E:0421662D:68:?? = +4.03365757E-03
84A7 : BMI 84AD       : A=E2 X=BB Y=05 SP=?? N=1 V=1 D=0 I=0 Z=0 C=0 : FWA E6-83:DDCE9DF5:C4:00 = -6.93147181E+00 : FWB 04-7E:0421662D:68:?? = +4.03365757E-03
84AD : LDA 31         : A=DD X=BB Y=05 SP=?? N=1 V=1 D=0 I=0 Z=0 C=0 : FWA E6-83:DDCE9DF5:C4:00 = -6.93147181E+00 : FWB 04-7E:0421662D:68:?? = +4.03365757E-03
84AF : CMP 3D         : A=DD X=BB Y=05 SP=?? N=1 V=1 D=0 I=0 Z=0 C=1 : FWA E6-83:DDCE9DF5:C4:00 = -6.93147181E+00 : FWB 04-7E:0421662D:68:?? = +4.03365757E-03
84B1 : BNE 84CE       : A=DD X=BB Y=05 SP=?? N=1 V=1 D=0 I=0 Z=0 C=1 : FWA E6-83:DDCE9DF5:C4:00 = -6.93147181E+00 : FWB 04-7E:0421662D:68:?? = +4.03365757E-03
84CE : BCS 84F4       : A=DD X=BB Y=05 SP=?? N=1 V=1 D=0 I=0 Z=0 C=1 : FWA E6-83:DDCE9DF5:C4:00 = -6.93147181E+00 : FWB 04-7E:0421662D:68:?? = +4.03365757E-03
84F4 : LDA 35         : A=C4 X=BB Y=05 SP=?? N=1 V=1 D=0 I=0 Z=0 C=1 : FWA E6-83:DDCE9DF5:C4:00 = -6.93147181E+00 : FWB 04-7E:0421662D:68:?? = +4.03365757E-03
84F6 : SBC 41         : A=5C X=BB Y=05 SP=?? N=0 V=1 D=0 I=0 Z=0 C=1 : FWA E6-83:DDCE9DF5:C4:00 = -6.93147181E+00 : FWB 04-7E:0421662D:68:?? = +4.03365757E-03
84F8 : STA 35         : A=5C X=BB Y=05 SP=?? N=0 V=1 D=0 I=0 Z=0 C=1 : FWA E6-83:DDCE9DF5:5C:00 = -6.93147180E+00 : FWB 04-7E:0421662D:68:?? = +4.03365757E-03
84FA : LDA 34         : A=F5 X=BB Y=05 SP=?? N=1 V=1 D=0 I=0 Z=0 C=1 : FWA E6-83:DDCE9DF5:5C:00 = -6.93147180E+00 : FWB 04-7E:0421662D:68:?? = +4.03365757E-03
84FC : SBC 40         : A=C8 X=BB Y=05 SP=?? N=1 V=0 D=0 I=0 Z=0 C=1 : FWA E6-83:DDCE9DF5:5C:00 = -6.93147180E+00 : FWB 04-7E:0421662D:68:?? = +4.03365757E-03
84FE : STA 34         : A=C8 X=BB Y=05 SP=?? N=1 V=0 D=0 I=0 Z=0 C=1 : FWA E6-83:DDCE9DC8:5C:00 = -6.93147172E+00 : FWB 04-7E:0421662D:68:?? = +4.03365757E-03
8500 : LDA 33         : A=9D X=BB Y=05 SP=?? N=1 V=0 D=0 I=0 Z=0 C=1 : FWA E6-83:DDCE9DC8:5C:00 = -6.93147172E+00 : FWB 04-7E:0421662D:68:?? = +4.03365757E-03
8502 : SBC 3F         : A=37 X=BB Y=05 SP=?? N=0 V=1 D=0 I=0 Z=0 C=1 : FWA E6-83:DDCE9DC8:5C:00 = -6.93147172E+00 : FWB 04-7E:0421662D:68:?? = +4.03365757E-03
8504 : STA 33         : A=37 X=BB Y=05 SP=?? N=0 V=1 D=0 I=0 Z=0 C=1 : FWA E6-83:DDCE37C8:5C:00 = -6.93142308E+00 : FWB 04-7E:0421662D:68:?? = +4.03365757E-03
8506 : LDA 32         : A=CE X=BB Y=05 SP=?? N=1 V=1 D=0 I=0 Z=0 C=1 : FWA E6-83:DDCE37C8:5C:00 = -6.93142308E+00 : FWB 04-7E:0421662D:68:?? = +4.03365757E-03
8508 : SBC 3E         : A=AD X=BB Y=05 SP=?? N=1 V=0 D=0 I=0 Z=0 C=1 : FWA E6-83:DDCE37C8:5C:00 = -6.93142308E+00 : FWB 04-7E:0421662D:68:?? = +4.03365757E-03
850A : STA 32         : A=AD X=BB Y=05 SP=?? N=1 V=0 D=0 I=0 Z=0 C=1 : FWA E6-83:DDAD37C8:5C:00 = -6.92739476E+00 : FWB 04-7E:0421662D:68:?? = +4.03365757E-03
850C : LDA 31         : A=DD X=BB Y=05 SP=?? N=1 V=0 D=0 I=0 Z=0 C=1 : FWA E6-83:DDAD37C8:5C:00 = -6.92739476E+00 : FWB 04-7E:0421662D:68:?? = +4.03365757E-03
850E : SBC 3D         : A=D9 X=BB Y=05 SP=?? N=1 V=0 D=0 I=0 Z=0 C=1 : FWA E6-83:DDAD37C8:5C:00 = -6.92739476E+00 : FWB 04-7E:0421662D:68:?? = +4.03365757E-03
8510 : JMP 8304       : A=D9 X=BB Y=05 SP=?? N=1 V=0 D=0 I=0 Z=0 C=1 : FWA E6-83:DDAD37C8:5C:00 = -6.92739476E+00 : FWB 04-7E:0421662D:68:?? = +4.03365757E-03
8304 : BMI 8346       : A=D9 X=BB Y=05 SP=?? N=1 V=0 D=0 I=0 Z=0 C=1 : FWA E6-83:DDAD37C8:5C:00 = -6.92739476E+00 : FWB 04-7E:0421662D:68:?? = +4.03365757E-03
8346 : STA 31         : A=D9 X=BB Y=05 SP=?? N=1 V=0 D=0 I=0 Z=0 C=1 : FWA E6-83:D9AD37C8:5C:00 = -6.80239476E+00 : FWB 04-7E:0421662D:68:?? = +4.03365757E-03
8348 : RTS            : A=D9 X=BB Y=05 SP=?? N=1 V=0 D=0 I=0 Z=0 C=1 : FWA E6-83:D9AD37C8:5C:00 = -6.80239476E+00 : FWB 04-7E:0421662D:68:?? = +4.03365757E-03
A712 : LDA 35         : A=5C X=BB Y=05 SP=?? N=0 V=0 D=0 I=0 Z=0 C=1 : FWA E6-83:D9AD37C8:5C:00 = -6.80239476E+00 : FWB 04-7E:0421662D:68:?? = +4.03365757E-03
A714 : BPL A725       : A=5C X=BB Y=05 SP=?? N=0 V=0 D=0 I=0 Z=0 C=1 : FWA E6-83:D9AD37C8:5C:00 = -6.80239476E+00 : FWB 04-7E:0421662D:68:?? = +4.03365757E-03
A725 : LDA 2F         : A=00 X=BB Y=05 SP=?? N=0 V=0 D=0 I=0 Z=1 C=1 : FWA E6-83:D9AD37C8:5C:00 = -6.80239476E+00 : FWB 04-7E:0421662D:68:?? = +4.03365757E-03
A727 : BEQ A739       : A=00 X=BB Y=05 SP=?? N=0 V=0 D=0 I=0 Z=1 C=1 : FWA E6-83:D9AD37C8:5C:00 = -6.80239476E+00 : FWB 04-7E:0421662D:68:?? = +4.03365757E-03
A739 : STZ 35         : A=00 X=BB Y=05 SP=?? N=0 V=0 D=0 I=0 Z=1 C=1 : FWA E6-83:D9AD37C8:00:00 = -6.80239476E+00 : FWB 04-7E:0421662D:68:?? = +4.03365757E-03
A73B : LDA #FF        : A=FF X=BB Y=05 SP=?? N=1 V=0 D=0 I=0 Z=0 C=1 : FWA E6-83:D9AD37C8:00:00 = -6.80239476E+00 : FWB 04-7E:0421662D:68:?? = +4.03365757E-03
A73D : RTS            : A=FF X=BB Y=05 SP=?? N=1 V=0 D=0 I=0 Z=0 C=1 : FWA E6-83:D9AD37C8:00:00 = -6.80239476E+00 : FWB 04-7E:0421662D:68:?? = +4.03365757E-03
A802 : JSR A712       : A=FF X=BB Y=05 SP=?? N=1 V=0 D=0 I=0 Z=0 C=1 : FWA E6-83:D9AD37C8:00:00 = -6.80239476E+00 : FWB 04-7E:0421662D:68:?? = +4.03365757E-03
A712 : LDA 35         : A=00 X=BB Y=05 SP=?? N=0 V=0 D=0 I=0 Z=1 C=1 : FWA E6-83:D9AD37C8:00:00 = -6.80239476E+00 : FWB 04-7E:0421662D:68:?? = +4.03365757E-03
A714 : BPL A725       : A=00 X=BB Y=05 SP=?? N=0 V=0 D=0 I=0 Z=1 C=1 : FWA E6-83:D9AD37C8:00:00 = -6.80239476E+00 : FWB 04-7E:0421662D:68:?? = +4.03365757E-03
A725 : LDA 2F         : A=00 X=BB Y=05 SP=?? N=0 V=0 D=0 I=0 Z=1 C=1 : FWA E6-83:D9AD37C8:00:00 = -6.80239476E+00 : FWB 04-7E:0421662D:68:?? = +4.03365757E-03
A727 : BEQ A739       : A=00 X=BB Y=05 SP=?? N=0 V=0 D=0 I=0 Z=1 C=1 : FWA E6-83:D9AD37C8:00:00 = -6.80239476E+00 : FWB 04-7E:0421662D:68:?? = +4.03365757E-03
A739 : STZ 35         : A=00 X=BB Y=05 SP=?? N=0 V=0 D=0 I=0 Z=1 C=1 : FWA E6-83:D9AD37C8:00:00 = -6.80239476E+00 : FWB 04-7E:0421662D:68:?? = +4.03365757E-03
A73B : LDA #FF        : A=FF X=BB Y=05 SP=?? N=1 V=0 D=0 I=0 Z=0 C=1 : FWA E6-83:D9AD37C8:00:00 = -6.80239476E+00 : FWB 04-7E:0421662D:68:?? = +4.03365757E-03
A73D : RTS            : A=FF X=BB Y=05 SP=?? N=1 V=0 D=0 I=0 Z=0 C=1 : FWA E6-83:D9AD37C8:00:00 = -6.80239476E+00 : FWB 04-7E:0421662D:68:?? = +4.03365757E-03
